<?xml version="1.0" encoding="UTF-8"?>
<testsuites name="GIS" time="1396.261" tests="15" failures="0" errors="0">
   <testsuite name="GIS" tests="15" failures="0" errors="0" time="1396.261" skipped="0" timestamp="2023-02-23 11:17:51" hostname="kashif - localhost" id="Test Suites/GIS">
      <properties>
         <property name="deviceName" value=""/>
         <property name="devicePlatform" value=""/>
         <property name="logFolder" value="/Users/kashif/Downloads/Kashif/Katalon Studio/4.0_fresh/4.0 Fresh/Reports/20230223_111740/GIS/20230223_111741"/>
         <property name="logFiles" value="/Users/kashif/Downloads/Kashif/Katalon Studio/4.0_fresh/4.0 Fresh/Reports/20230223_111740/GIS/20230223_111741/execution0.log"/>
         <property name="attachments" value="/Users/kashif/Downloads/Kashif/Katalon Studio/4.0_fresh/4.0 Fresh/Reports/20230223_111740/GIS/20230223_111741/1677133809409.png, /Users/kashif/Downloads/Kashif/Katalon Studio/4.0_fresh/4.0 Fresh/Reports/20230223_111740/GIS/20230223_111741/1677134000411.png, /Users/kashif/Downloads/Kashif/Katalon Studio/4.0_fresh/4.0 Fresh/Reports/20230223_111740/GIS/20230223_111741/1677134115191.png, /Users/kashif/Downloads/Kashif/Katalon Studio/4.0_fresh/4.0 Fresh/Reports/20230223_111740/GIS/20230223_111741/1677134232175.png"/>
         <property name="hostName" value="kashif - localhost"/>
         <property name="os" value="Mac OS X 64bit"/>
         <property name="katalonVersion" value="8.5.5.208"/>
         <property name="browser" value="Chrome 110.0.0.0"/>
         <property name="hostAddress" value="127.0.0.1"/>
         <property name="sessionId" value="4112230e1e97899311028bfacd736068"/>
         <property name="seleniumVersion" value="3.141.59"/>
         <property name="proxyInformation" value="ProxyInformation { proxyOption=NO_PROXY, proxyServerType=HTTP, username=, password=********, proxyServerAddress=, proxyServerPort=0, executionList=&quot;&quot;, isApplyToDesiredCapabilities=true }"/>
         <property name="platform" value="Mac OS X"/>
      </properties>
      <testcase name="Test Cases/GiS/Work order/Work_order_Yearly" time="65.324" classname="Test Cases/GiS/Work order/Work_order_Yearly" status="PASSED">
         <system-out><![CDATA[2023-02-23 11:17:51 - [TEST_CASE][PASSED] - Test Cases/GiS/Work order/Work_order_Yearly: Test Cases/GiS/Work order/Work_order_Yearly

2023-02-23 11:17:52 - [TEST_STEP][PASSED] - gis_url.test.URL.redirectURL(): gis_url.test.URL.redirectURL is PASSED

2023-02-23 11:17:52 - [MESSAGE][INFO] - Starting 'Chrome' driver

2023-02-23 11:17:52 - [MESSAGE][INFO] - Action delay is set to 0 milliseconds

2023-02-23 11:17:57 - [MESSAGE][PASSED] - Browser is opened with url: 'https://streetlogix-gis-slx4-develop.vercel.app/?config=64077fc938af4bcc9a46a81d8f4e5576&token=eyJhbGciOiJIUzI1NiIsInR5cCI6IkpXVCJ9.eyJpZCI6OTc2LCJuYW1lIjoiU29oYWliIE5laGFsIiwiZXhwIjoxNjc5NTk1OTE0LCJpYXQiOjE2NzcwMDM5MTR9.2xH46-6Ez-I1oUKcoFhQjnTNUOtwKNfZcleU9MbUdCY'

2023-02-23 11:17:57 - [MESSAGE][PASSED] - gis_url.test.URL.redirectURL is PASSED

2023-02-23 11:17:57 - [TEST_STEP][PASSED] - countBefore = database_keywords.test.Database_Keywords.getWorkOrdersCount(): database_keywords.test.Database_Keywords.getWorkOrdersCount is PASSED

2023-02-23 11:18:04 - [MESSAGE][PASSED] - database_keywords.test.Database_Keywords.getWorkOrdersCount is PASSED

2023-02-23 11:18:04 - [TEST_STEP][PASSED] - println(countBefore): null

2023-02-23 11:18:04 - [TEST_STEP][PASSED] - click(findTestObject("Work order 4.0/Page_Streetlogix/Workorder page objects/Page_Streetlogix/WO icon")): Object: 'Object Repository/Work order 4.0/Page_Streetlogix/Workorder page objects/Page_Streetlogix/WO icon' is clicked on

2023-02-23 11:18:08 - [MESSAGE][PASSED] - Object: 'Object Repository/Work order 4.0/Page_Streetlogix/Workorder page objects/Page_Streetlogix/WO icon' is clicked on

2023-02-23 11:18:08 - [TEST_STEP][PASSED] - click(findTestObject("Work order 4.0/Page_Streetlogix/Workorder page objects/Page_Streetlogix/Group Dropdown")): Object: 'Object Repository/Work order 4.0/Page_Streetlogix/Workorder page objects/Page_Streetlogix/Group Dropdown' is clicked on

2023-02-23 11:18:18 - [MESSAGE][PASSED] - Object: 'Object Repository/Work order 4.0/Page_Streetlogix/Workorder page objects/Page_Streetlogix/Group Dropdown' is clicked on

2023-02-23 11:18:18 - [TEST_STEP][PASSED] - click(findTestObject("Work order 4.0/Page_Streetlogix/Workorder page objects/Page_Streetlogix/li_Bridge Inspection")): Object: 'Object Repository/Work order 4.0/Page_Streetlogix/Workorder page objects/Page_Streetlogix/li_Bridge Inspection' is clicked on

2023-02-23 11:18:19 - [MESSAGE][PASSED] - Object: 'Object Repository/Work order 4.0/Page_Streetlogix/Workorder page objects/Page_Streetlogix/li_Bridge Inspection' is clicked on

2023-02-23 11:18:19 - [TEST_STEP][PASSED] - setText(findTestObject("Work order 4.0/Page_Streetlogix/Workorder page objects/Page_Streetlogix/input_Filter by form name_standard-full-width"), "Bridge maintenance"): Text 'Bridge maintenance' is set on object 'Object Repository/Work order 4.0/Page_Streetlogix/Workorder page objects/Page_Streetlogix/input_Filter by form name_standard-full-width'

2023-02-23 11:18:22 - [MESSAGE][PASSED] - Text 'Bridge maintenance' is set on object 'Object Repository/Work order 4.0/Page_Streetlogix/Workorder page objects/Page_Streetlogix/input_Filter by form name_standard-full-width'

2023-02-23 11:18:22 - [TEST_STEP][PASSED] - click(findTestObject("Work order 4.0/Page_Streetlogix/Workorder page objects/Page_Streetlogix/span_Bridge Maintenance")): Object: 'Object Repository/Work order 4.0/Page_Streetlogix/Workorder page objects/Page_Streetlogix/span_Bridge Maintenance' is clicked on

2023-02-23 11:18:23 - [MESSAGE][PASSED] - Object: 'Object Repository/Work order 4.0/Page_Streetlogix/Workorder page objects/Page_Streetlogix/span_Bridge Maintenance' is clicked on

2023-02-23 11:18:23 - [TEST_STEP][PASSED] - click(findTestObject("Work order 4.0/Page_Streetlogix/Workorder page objects/Page_Streetlogix/input_Select Assignee_assignee-autocomplete")): Object: 'Object Repository/Work order 4.0/Page_Streetlogix/Workorder page objects/Page_Streetlogix/input_Select Assignee_assignee-autocomplete' is clicked on

2023-02-23 11:18:26 - [MESSAGE][PASSED] - Object: 'Object Repository/Work order 4.0/Page_Streetlogix/Workorder page objects/Page_Streetlogix/input_Select Assignee_assignee-autocomplete' is clicked on

2023-02-23 11:18:26 - [TEST_STEP][PASSED] - click(findTestObject("Work order 4.0/Page_Streetlogix/Workorder page objects/Page_Streetlogix/span_ami  admin")): Object: 'Object Repository/Work order 4.0/Page_Streetlogix/Workorder page objects/Page_Streetlogix/span_ami  admin' is clicked on

2023-02-23 11:18:26 - [MESSAGE][PASSED] - Object: 'Object Repository/Work order 4.0/Page_Streetlogix/Workorder page objects/Page_Streetlogix/span_ami  admin' is clicked on

2023-02-23 11:18:26 - [TEST_STEP][PASSED] - click(findTestObject("Work order 4.0/Page_Streetlogix/Workorder page objects/Page_Streetlogix/input_Collaborators_collaborators-autocomplete")): Object: 'Object Repository/Work order 4.0/Page_Streetlogix/Workorder page objects/Page_Streetlogix/input_Collaborators_collaborators-autocomplete' is clicked on

2023-02-23 11:18:27 - [MESSAGE][PASSED] - Object: 'Object Repository/Work order 4.0/Page_Streetlogix/Workorder page objects/Page_Streetlogix/input_Collaborators_collaborators-autocomplete' is clicked on

2023-02-23 11:18:27 - [TEST_STEP][PASSED] - click(findTestObject("Work order 4.0/Page_Streetlogix/Workorder page objects/Page_Streetlogix/span_ami  admin")): Object: 'Object Repository/Work order 4.0/Page_Streetlogix/Workorder page objects/Page_Streetlogix/span_ami  admin' is clicked on

2023-02-23 11:18:28 - [MESSAGE][PASSED] - Object: 'Object Repository/Work order 4.0/Page_Streetlogix/Workorder page objects/Page_Streetlogix/span_ami  admin' is clicked on

2023-02-23 11:18:28 - [TEST_STEP][PASSED] - click(findTestObject("Work order 4.0/Page_Streetlogix/Workorder page objects/Page_Streetlogix/h6_Bridge Maintenance")): Object: 'Object Repository/Work order 4.0/Page_Streetlogix/Workorder page objects/Page_Streetlogix/h6_Bridge Maintenance' is clicked on

2023-02-23 11:18:28 - [MESSAGE][PASSED] - Object: 'Object Repository/Work order 4.0/Page_Streetlogix/Workorder page objects/Page_Streetlogix/h6_Bridge Maintenance' is clicked on

2023-02-23 11:18:28 - [TEST_STEP][PASSED] - setText(findTestObject("Work order 4.0/Page_Streetlogix/Workorder page objects/Page_Streetlogix/Page_Streetlogix/Page_Streetlogix/input_Address_asset-id-address"), "12"): Text '12' is set on object 'Object Repository/Work order 4.0/Page_Streetlogix/Workorder page objects/Page_Streetlogix/Page_Streetlogix/Page_Streetlogix/input_Address_asset-id-address'

2023-02-23 11:18:29 - [MESSAGE][PASSED] - Text '12' is set on object 'Object Repository/Work order 4.0/Page_Streetlogix/Workorder page objects/Page_Streetlogix/Page_Streetlogix/Page_Streetlogix/input_Address_asset-id-address'

2023-02-23 11:18:29 - [TEST_STEP][PASSED] - click(findTestObject("Work order 4.0/Page_Streetlogix/Workorder page objects/Page_Streetlogix/li_12TH STREET CONNECTOR From CHESTNUT ST To MAGAZINE ST - 20476")): Object: 'Object Repository/Work order 4.0/Page_Streetlogix/Workorder page objects/Page_Streetlogix/li_12TH STREET CONNECTOR From CHESTNUT ST To MAGAZINE ST - 20476' is clicked on

2023-02-23 11:18:30 - [MESSAGE][PASSED] - Object: 'Object Repository/Work order 4.0/Page_Streetlogix/Workorder page objects/Page_Streetlogix/li_12TH STREET CONNECTOR From CHESTNUT ST To MAGAZINE ST - 20476' is clicked on

2023-02-23 11:18:30 - [TEST_STEP][PASSED] - setText(findTestObject("Work order 4.0/Page_Streetlogix/Workorder page objects/Page_Streetlogix/textarea_Test"), "Test"): Text 'Test' is set on object 'Object Repository/Work order 4.0/Page_Streetlogix/Workorder page objects/Page_Streetlogix/textarea_Test'

2023-02-23 11:18:31 - [MESSAGE][PASSED] - Text 'Test' is set on object 'Object Repository/Work order 4.0/Page_Streetlogix/Workorder page objects/Page_Streetlogix/textarea_Test'

2023-02-23 11:18:31 - [TEST_STEP][PASSED] - click(findTestObject("Work order 4.0/Page_Streetlogix/Workorder page objects/Page_Streetlogix/Page_Streetlogix/Page_Streetlogix/div_Urgent")): Object: 'Object Repository/Work order 4.0/Page_Streetlogix/Workorder page objects/Page_Streetlogix/Page_Streetlogix/Page_Streetlogix/div_Urgent' is clicked on

2023-02-23 11:18:32 - [MESSAGE][PASSED] - Object: 'Object Repository/Work order 4.0/Page_Streetlogix/Workorder page objects/Page_Streetlogix/Page_Streetlogix/Page_Streetlogix/div_Urgent' is clicked on

2023-02-23 11:18:32 - [TEST_STEP][PASSED] - click(findTestObject("Work order 4.0/Page_Streetlogix/Workorder page objects/Page_Streetlogix/li_High")): Object: 'Object Repository/Work order 4.0/Page_Streetlogix/Workorder page objects/Page_Streetlogix/li_High' is clicked on

2023-02-23 11:18:32 - [MESSAGE][PASSED] - Object: 'Object Repository/Work order 4.0/Page_Streetlogix/Workorder page objects/Page_Streetlogix/li_High' is clicked on

2023-02-23 11:18:32 - [TEST_STEP][PASSED] - click(findTestObject("Work order 4.0/Page_Streetlogix/Workorder page objects/Page_Streetlogix/input_Upload_repeatingWorkOrder")): Object: 'Object Repository/Work order 4.0/Page_Streetlogix/Workorder page objects/Page_Streetlogix/input_Upload_repeatingWorkOrder' is clicked on

2023-02-23 11:18:33 - [MESSAGE][PASSED] - Object: 'Object Repository/Work order 4.0/Page_Streetlogix/Workorder page objects/Page_Streetlogix/input_Upload_repeatingWorkOrder' is clicked on

2023-02-23 11:18:33 - [TEST_STEP][PASSED] - click(findTestObject("Work order 4.0/Page_Streetlogix/Workorder page objects/Page_Streetlogix/div_Daily")): Object: 'Object Repository/Work order 4.0/Page_Streetlogix/Workorder page objects/Page_Streetlogix/div_Daily' is clicked on

2023-02-23 11:18:34 - [MESSAGE][PASSED] - Object: 'Object Repository/Work order 4.0/Page_Streetlogix/Workorder page objects/Page_Streetlogix/div_Daily' is clicked on

2023-02-23 11:18:34 - [TEST_STEP][PASSED] - click(findTestObject("Work order 4.0/Page_Streetlogix/Workorder page objects/Page_Streetlogix/li_Weekly")): Object: 'Object Repository/Work order 4.0/Page_Streetlogix/Workorder page objects/Page_Streetlogix/li_Weekly' is clicked on

2023-02-23 11:18:34 - [MESSAGE][PASSED] - Object: 'Object Repository/Work order 4.0/Page_Streetlogix/Workorder page objects/Page_Streetlogix/li_Weekly' is clicked on

2023-02-23 11:18:34 - [TEST_STEP][PASSED] - click(findTestObject("Work order 4.0/Page_Streetlogix/Workorder page objects/Page_Streetlogix/input_Statement Field Test_equipment")): Object: 'Object Repository/Work order 4.0/Page_Streetlogix/Workorder page objects/Page_Streetlogix/input_Statement Field Test_equipment' is clicked on

2023-02-23 11:18:35 - [MESSAGE][PASSED] - Object: 'Object Repository/Work order 4.0/Page_Streetlogix/Workorder page objects/Page_Streetlogix/input_Statement Field Test_equipment' is clicked on

2023-02-23 11:18:35 - [TEST_STEP][PASSED] - delay(3): Delayed 3 second(s)

2023-02-23 11:18:38 - [MESSAGE][PASSED] - Delayed 3 second(s)

2023-02-23 11:18:38 - [TEST_STEP][PASSED] - click(findTestObject("Work order 4.0/Page_Streetlogix/Workorder page objects/Page_Streetlogix/Page_Streetlogix/Page_Streetlogix/Page_Streetlogix/div_equip")): Object: 'Object Repository/Work order 4.0/Page_Streetlogix/Workorder page objects/Page_Streetlogix/Page_Streetlogix/Page_Streetlogix/Page_Streetlogix/div_equip' is clicked on

2023-02-23 11:18:39 - [MESSAGE][PASSED] - Object: 'Object Repository/Work order 4.0/Page_Streetlogix/Workorder page objects/Page_Streetlogix/Page_Streetlogix/Page_Streetlogix/Page_Streetlogix/div_equip' is clicked on

2023-02-23 11:18:39 - [TEST_STEP][PASSED] - click(findTestObject("Work order 4.0/Page_Streetlogix/Workorder page objects/Page_Streetlogix/li_Snow Plow - 15")): Object: 'Object Repository/Work order 4.0/Page_Streetlogix/Workorder page objects/Page_Streetlogix/li_Snow Plow - 15' is clicked on

2023-02-23 11:18:39 - [MESSAGE][PASSED] - Object: 'Object Repository/Work order 4.0/Page_Streetlogix/Workorder page objects/Page_Streetlogix/li_Snow Plow - 15' is clicked on

2023-02-23 11:18:39 - [TEST_STEP][PASSED] - click(findTestObject("Work order 4.0/Page_Streetlogix/Workorder page objects/Page_Streetlogix/input_Add Item_material")): Object: 'Object Repository/Work order 4.0/Page_Streetlogix/Workorder page objects/Page_Streetlogix/input_Add Item_material' is clicked on

2023-02-23 11:18:40 - [MESSAGE][PASSED] - Object: 'Object Repository/Work order 4.0/Page_Streetlogix/Workorder page objects/Page_Streetlogix/input_Add Item_material' is clicked on

2023-02-23 11:18:40 - [TEST_STEP][PASSED] - delay(3): Delayed 3 second(s)

2023-02-23 11:18:43 - [MESSAGE][PASSED] - Delayed 3 second(s)

2023-02-23 11:18:43 - [TEST_STEP][PASSED] - click(findTestObject("Work order 4.0/Page_Streetlogix/Workorder page objects/Page_Streetlogix/Page_Streetlogix/Page_Streetlogix/Page_Streetlogix/div_material")): Object: 'Object Repository/Work order 4.0/Page_Streetlogix/Workorder page objects/Page_Streetlogix/Page_Streetlogix/Page_Streetlogix/Page_Streetlogix/div_material' is clicked on

2023-02-23 11:18:44 - [MESSAGE][PASSED] - Object: 'Object Repository/Work order 4.0/Page_Streetlogix/Workorder page objects/Page_Streetlogix/Page_Streetlogix/Page_Streetlogix/Page_Streetlogix/div_material' is clicked on

2023-02-23 11:18:44 - [TEST_STEP][PASSED] - click(findTestObject("Work order 4.0/Page_Streetlogix/Workorder page objects/Page_Streetlogix/li_Asphalt - 22")): Object: 'Object Repository/Work order 4.0/Page_Streetlogix/Workorder page objects/Page_Streetlogix/li_Asphalt - 22' is clicked on

2023-02-23 11:18:44 - [MESSAGE][PASSED] - Object: 'Object Repository/Work order 4.0/Page_Streetlogix/Workorder page objects/Page_Streetlogix/li_Asphalt - 22' is clicked on

2023-02-23 11:18:44 - [TEST_STEP][PASSED] - click(findTestObject("Work order 4.0/Page_Streetlogix/Workorder page objects/Page_Streetlogix/input_Add Item_labor")): Object: 'Object Repository/Work order 4.0/Page_Streetlogix/Workorder page objects/Page_Streetlogix/input_Add Item_labor' is clicked on

2023-02-23 11:18:45 - [MESSAGE][PASSED] - Object: 'Object Repository/Work order 4.0/Page_Streetlogix/Workorder page objects/Page_Streetlogix/input_Add Item_labor' is clicked on

2023-02-23 11:18:45 - [TEST_STEP][PASSED] - delay(3): Delayed 3 second(s)

2023-02-23 11:18:48 - [MESSAGE][PASSED] - Delayed 3 second(s)

2023-02-23 11:18:48 - [TEST_STEP][PASSED] - click(findTestObject("Work order 4.0/Page_Streetlogix/Workorder page objects/Page_Streetlogix/Page_Streetlogix/Page_Streetlogix/Page_Streetlogix/div_labor")): Object: 'Object Repository/Work order 4.0/Page_Streetlogix/Workorder page objects/Page_Streetlogix/Page_Streetlogix/Page_Streetlogix/Page_Streetlogix/div_labor' is clicked on

2023-02-23 11:18:48 - [MESSAGE][PASSED] - Object: 'Object Repository/Work order 4.0/Page_Streetlogix/Workorder page objects/Page_Streetlogix/Page_Streetlogix/Page_Streetlogix/Page_Streetlogix/div_labor' is clicked on

2023-02-23 11:18:48 - [TEST_STEP][PASSED] - click(findTestObject("Work order 4.0/Page_Streetlogix/Workorder page objects/Page_Streetlogix/li_Supervisor - 30")): Object: 'Object Repository/Work order 4.0/Page_Streetlogix/Workorder page objects/Page_Streetlogix/li_Supervisor - 30' is clicked on

2023-02-23 11:18:49 - [MESSAGE][PASSED] - Object: 'Object Repository/Work order 4.0/Page_Streetlogix/Workorder page objects/Page_Streetlogix/li_Supervisor - 30' is clicked on

2023-02-23 11:18:49 - [TEST_STEP][PASSED] - click(findTestObject("Work order 4.0/Page_Streetlogix/Workorder page objects/Page_Streetlogix/span_Add Item")): Object: 'Object Repository/Work order 4.0/Page_Streetlogix/Workorder page objects/Page_Streetlogix/span_Add Item' is clicked on

2023-02-23 11:18:50 - [MESSAGE][PASSED] - Object: 'Object Repository/Work order 4.0/Page_Streetlogix/Workorder page objects/Page_Streetlogix/span_Add Item' is clicked on

2023-02-23 11:18:50 - [TEST_STEP][PASSED] - click(findTestObject("Work order 4.0/Page_Streetlogix/Workorder page objects/Page_Streetlogix/span_Save")): Object: 'Object Repository/Work order 4.0/Page_Streetlogix/Workorder page objects/Page_Streetlogix/span_Save' is clicked on

2023-02-23 11:18:50 - [MESSAGE][PASSED] - Object: 'Object Repository/Work order 4.0/Page_Streetlogix/Workorder page objects/Page_Streetlogix/span_Save' is clicked on

2023-02-23 11:18:50 - [TEST_STEP][PASSED] - countAfter = database_keywords.test.Database_Keywords.getWorkOrdersCount(): database_keywords.test.Database_Keywords.getWorkOrdersCount is PASSED

2023-02-23 11:18:56 - [MESSAGE][PASSED] - database_keywords.test.Database_Keywords.getWorkOrdersCount is PASSED

2023-02-23 11:18:56 - [TEST_STEP][PASSED] - println(countAfter): null

2023-02-23 11:18:56 - [TEST_STEP][PASSED] - if (countAfter == countBefore + 1): null

2023-02-23 11:18:56 - [TEST_STEP][PASSED] - println("Work Order Created"): null

2023-02-23 11:18:56 - [TEST_STEP][PASSED] - closeBrowser(): Browser is closed

2023-02-23 11:18:57 - [MESSAGE][PASSED] - Browser is closed

2023-02-23 11:18:57 - [TEST_STEP][PASSED] - Video: Video recording for test case 'Test Cases/GiS/Work order/Work_order_Yearly' .

2023-02-23 11:18:57 - [MESSAGE][INFO] - Video recording for test case 'Test Cases/GiS/Work order/Work_order_Yearly' .]]></system-out>
         <system-err><![CDATA[]]></system-err>
      </testcase>
      <testcase name="Test Cases/GiS/Work order/Work_order_dailly_2" time="50.002" classname="Test Cases/GiS/Work order/Work_order_dailly_2" status="PASSED">
         <system-out><![CDATA[2023-02-23 11:18:57 - [TEST_CASE][PASSED] - Test Cases/GiS/Work order/Work_order_dailly_2: Test Cases/GiS/Work order/Work_order_dailly_2

2023-02-23 11:18:57 - [TEST_STEP][PASSED] - gis_url.test.URL.redirectURL(): gis_url.test.URL.redirectURL is PASSED

2023-02-23 11:18:57 - [MESSAGE][INFO] - Starting 'Chrome' driver

2023-02-23 11:18:57 - [MESSAGE][INFO] - Action delay is set to 0 milliseconds

2023-02-23 11:19:01 - [MESSAGE][PASSED] - Browser is opened with url: 'https://streetlogix-gis-slx4-develop.vercel.app/?config=64077fc938af4bcc9a46a81d8f4e5576&token=eyJhbGciOiJIUzI1NiIsInR5cCI6IkpXVCJ9.eyJpZCI6OTc2LCJuYW1lIjoiU29oYWliIE5laGFsIiwiZXhwIjoxNjc5NTk1OTE0LCJpYXQiOjE2NzcwMDM5MTR9.2xH46-6Ez-I1oUKcoFhQjnTNUOtwKNfZcleU9MbUdCY'

2023-02-23 11:19:01 - [MESSAGE][PASSED] - gis_url.test.URL.redirectURL is PASSED

2023-02-23 11:19:01 - [TEST_STEP][PASSED] - countBefore = database_keywords.test.Database_Keywords.getWorkOrdersCount(): database_keywords.test.Database_Keywords.getWorkOrdersCount is PASSED

2023-02-23 11:19:07 - [MESSAGE][PASSED] - database_keywords.test.Database_Keywords.getWorkOrdersCount is PASSED

2023-02-23 11:19:07 - [TEST_STEP][PASSED] - println(countBefore): null

2023-02-23 11:19:07 - [TEST_STEP][PASSED] - click(findTestObject("Work order 4.0/Page_Streetlogix/Workorder page objects/Page_Streetlogix/WO icon")): Object: 'Object Repository/Work order 4.0/Page_Streetlogix/Workorder page objects/Page_Streetlogix/WO icon' is clicked on

2023-02-23 11:19:09 - [MESSAGE][PASSED] - Object: 'Object Repository/Work order 4.0/Page_Streetlogix/Workorder page objects/Page_Streetlogix/WO icon' is clicked on

2023-02-23 11:19:09 - [TEST_STEP][PASSED] - click(findTestObject("Work order 4.0/Page_Streetlogix/Workorder page objects/Page_Streetlogix/Group Dropdown")): Object: 'Object Repository/Work order 4.0/Page_Streetlogix/Workorder page objects/Page_Streetlogix/Group Dropdown' is clicked on

2023-02-23 11:19:11 - [MESSAGE][PASSED] - Object: 'Object Repository/Work order 4.0/Page_Streetlogix/Workorder page objects/Page_Streetlogix/Group Dropdown' is clicked on

2023-02-23 11:19:11 - [TEST_STEP][PASSED] - click(findTestObject("Work order 4.0/Page_Streetlogix/Workorder page objects/Page_Streetlogix/li_Bridge Inspection")): Object: 'Object Repository/Work order 4.0/Page_Streetlogix/Workorder page objects/Page_Streetlogix/li_Bridge Inspection' is clicked on

2023-02-23 11:19:12 - [MESSAGE][PASSED] - Object: 'Object Repository/Work order 4.0/Page_Streetlogix/Workorder page objects/Page_Streetlogix/li_Bridge Inspection' is clicked on

2023-02-23 11:19:12 - [TEST_STEP][PASSED] - setText(findTestObject("Work order 4.0/Page_Streetlogix/Workorder page objects/Page_Streetlogix/input_Filter by form name_standard-full-width"), "Bridge maintenance"): Text 'Bridge maintenance' is set on object 'Object Repository/Work order 4.0/Page_Streetlogix/Workorder page objects/Page_Streetlogix/input_Filter by form name_standard-full-width'

2023-02-23 11:19:14 - [MESSAGE][PASSED] - Text 'Bridge maintenance' is set on object 'Object Repository/Work order 4.0/Page_Streetlogix/Workorder page objects/Page_Streetlogix/input_Filter by form name_standard-full-width'

2023-02-23 11:19:14 - [TEST_STEP][PASSED] - click(findTestObject("Work order 4.0/Page_Streetlogix/Workorder page objects/Page_Streetlogix/span_Bridge Maintenance")): Object: 'Object Repository/Work order 4.0/Page_Streetlogix/Workorder page objects/Page_Streetlogix/span_Bridge Maintenance' is clicked on

2023-02-23 11:19:15 - [MESSAGE][PASSED] - Object: 'Object Repository/Work order 4.0/Page_Streetlogix/Workorder page objects/Page_Streetlogix/span_Bridge Maintenance' is clicked on

2023-02-23 11:19:15 - [TEST_STEP][PASSED] - click(findTestObject("Work order 4.0/Page_Streetlogix/Workorder page objects/Page_Streetlogix/input_Select Assignee_assignee-autocomplete")): Object: 'Object Repository/Work order 4.0/Page_Streetlogix/Workorder page objects/Page_Streetlogix/input_Select Assignee_assignee-autocomplete' is clicked on

2023-02-23 11:19:17 - [MESSAGE][PASSED] - Object: 'Object Repository/Work order 4.0/Page_Streetlogix/Workorder page objects/Page_Streetlogix/input_Select Assignee_assignee-autocomplete' is clicked on

2023-02-23 11:19:17 - [TEST_STEP][PASSED] - click(findTestObject("Work order 4.0/Page_Streetlogix/Workorder page objects/Page_Streetlogix/span_ami  admin")): Object: 'Object Repository/Work order 4.0/Page_Streetlogix/Workorder page objects/Page_Streetlogix/span_ami  admin' is clicked on

2023-02-23 11:19:18 - [MESSAGE][PASSED] - Object: 'Object Repository/Work order 4.0/Page_Streetlogix/Workorder page objects/Page_Streetlogix/span_ami  admin' is clicked on

2023-02-23 11:19:18 - [TEST_STEP][PASSED] - click(findTestObject("Work order 4.0/Page_Streetlogix/Workorder page objects/Page_Streetlogix/input_Collaborators_collaborators-autocomplete")): Object: 'Object Repository/Work order 4.0/Page_Streetlogix/Workorder page objects/Page_Streetlogix/input_Collaborators_collaborators-autocomplete' is clicked on

2023-02-23 11:19:19 - [MESSAGE][PASSED] - Object: 'Object Repository/Work order 4.0/Page_Streetlogix/Workorder page objects/Page_Streetlogix/input_Collaborators_collaborators-autocomplete' is clicked on

2023-02-23 11:19:19 - [TEST_STEP][PASSED] - click(findTestObject("Work order 4.0/Page_Streetlogix/Workorder page objects/Page_Streetlogix/span_ami  admin")): Object: 'Object Repository/Work order 4.0/Page_Streetlogix/Workorder page objects/Page_Streetlogix/span_ami  admin' is clicked on

2023-02-23 11:19:20 - [MESSAGE][PASSED] - Object: 'Object Repository/Work order 4.0/Page_Streetlogix/Workorder page objects/Page_Streetlogix/span_ami  admin' is clicked on

2023-02-23 11:19:20 - [TEST_STEP][PASSED] - click(findTestObject("Work order 4.0/Page_Streetlogix/Workorder page objects/Page_Streetlogix/h6_Bridge Maintenance")): Object: 'Object Repository/Work order 4.0/Page_Streetlogix/Workorder page objects/Page_Streetlogix/h6_Bridge Maintenance' is clicked on

2023-02-23 11:19:20 - [MESSAGE][PASSED] - Object: 'Object Repository/Work order 4.0/Page_Streetlogix/Workorder page objects/Page_Streetlogix/h6_Bridge Maintenance' is clicked on

2023-02-23 11:19:20 - [TEST_STEP][PASSED] - setText(findTestObject("Work order 4.0/Page_Streetlogix/Workorder page objects/Page_Streetlogix/Page_Streetlogix/Page_Streetlogix/input_Address_asset-id-address"), "12"): Text '12' is set on object 'Object Repository/Work order 4.0/Page_Streetlogix/Workorder page objects/Page_Streetlogix/Page_Streetlogix/Page_Streetlogix/input_Address_asset-id-address'

2023-02-23 11:19:21 - [MESSAGE][PASSED] - Text '12' is set on object 'Object Repository/Work order 4.0/Page_Streetlogix/Workorder page objects/Page_Streetlogix/Page_Streetlogix/Page_Streetlogix/input_Address_asset-id-address'

2023-02-23 11:19:21 - [TEST_STEP][PASSED] - click(findTestObject("Work order 4.0/Page_Streetlogix/Workorder page objects/Page_Streetlogix/li_12TH STREET CONNECTOR From CHESTNUT ST To MAGAZINE ST - 20476")): Object: 'Object Repository/Work order 4.0/Page_Streetlogix/Workorder page objects/Page_Streetlogix/li_12TH STREET CONNECTOR From CHESTNUT ST To MAGAZINE ST - 20476' is clicked on

2023-02-23 11:19:22 - [MESSAGE][PASSED] - Object: 'Object Repository/Work order 4.0/Page_Streetlogix/Workorder page objects/Page_Streetlogix/li_12TH STREET CONNECTOR From CHESTNUT ST To MAGAZINE ST - 20476' is clicked on

2023-02-23 11:19:22 - [TEST_STEP][PASSED] - setText(findTestObject("Work order 4.0/Page_Streetlogix/Workorder page objects/Page_Streetlogix/textarea_Test"), "Test"): Text 'Test' is set on object 'Object Repository/Work order 4.0/Page_Streetlogix/Workorder page objects/Page_Streetlogix/textarea_Test'

2023-02-23 11:19:23 - [MESSAGE][PASSED] - Text 'Test' is set on object 'Object Repository/Work order 4.0/Page_Streetlogix/Workorder page objects/Page_Streetlogix/textarea_Test'

2023-02-23 11:19:23 - [TEST_STEP][PASSED] - click(findTestObject("Work order 4.0/Page_Streetlogix/Workorder page objects/Page_Streetlogix/Page_Streetlogix/Page_Streetlogix/div_Urgent")): Object: 'Object Repository/Work order 4.0/Page_Streetlogix/Workorder page objects/Page_Streetlogix/Page_Streetlogix/Page_Streetlogix/div_Urgent' is clicked on

2023-02-23 11:19:24 - [MESSAGE][PASSED] - Object: 'Object Repository/Work order 4.0/Page_Streetlogix/Workorder page objects/Page_Streetlogix/Page_Streetlogix/Page_Streetlogix/div_Urgent' is clicked on

2023-02-23 11:19:24 - [TEST_STEP][PASSED] - click(findTestObject("Work order 4.0/Page_Streetlogix/Workorder page objects/Page_Streetlogix/li_High")): Object: 'Object Repository/Work order 4.0/Page_Streetlogix/Workorder page objects/Page_Streetlogix/li_High' is clicked on

2023-02-23 11:19:24 - [MESSAGE][PASSED] - Object: 'Object Repository/Work order 4.0/Page_Streetlogix/Workorder page objects/Page_Streetlogix/li_High' is clicked on

2023-02-23 11:19:24 - [TEST_STEP][PASSED] - click(findTestObject("Work order 4.0/Page_Streetlogix/Workorder page objects/Page_Streetlogix/input_Upload_repeatingWorkOrder")): Object: 'Object Repository/Work order 4.0/Page_Streetlogix/Workorder page objects/Page_Streetlogix/input_Upload_repeatingWorkOrder' is clicked on

2023-02-23 11:19:25 - [MESSAGE][PASSED] - Object: 'Object Repository/Work order 4.0/Page_Streetlogix/Workorder page objects/Page_Streetlogix/input_Upload_repeatingWorkOrder' is clicked on

2023-02-23 11:19:25 - [TEST_STEP][PASSED] - click(findTestObject("Work order 4.0/Page_Streetlogix/Workorder page objects/Page_Streetlogix/input_Statement Field Test_equipment")): Object: 'Object Repository/Work order 4.0/Page_Streetlogix/Workorder page objects/Page_Streetlogix/input_Statement Field Test_equipment' is clicked on

2023-02-23 11:19:26 - [MESSAGE][PASSED] - Object: 'Object Repository/Work order 4.0/Page_Streetlogix/Workorder page objects/Page_Streetlogix/input_Statement Field Test_equipment' is clicked on

2023-02-23 11:19:26 - [TEST_STEP][PASSED] - delay(3): Delayed 3 second(s)

2023-02-23 11:19:29 - [MESSAGE][PASSED] - Delayed 3 second(s)

2023-02-23 11:19:29 - [TEST_STEP][PASSED] - click(findTestObject("Work order 4.0/Page_Streetlogix/Workorder page objects/Page_Streetlogix/Page_Streetlogix/Page_Streetlogix/Page_Streetlogix/div_equip")): Object: 'Object Repository/Work order 4.0/Page_Streetlogix/Workorder page objects/Page_Streetlogix/Page_Streetlogix/Page_Streetlogix/Page_Streetlogix/div_equip' is clicked on

2023-02-23 11:19:29 - [MESSAGE][PASSED] - Object: 'Object Repository/Work order 4.0/Page_Streetlogix/Workorder page objects/Page_Streetlogix/Page_Streetlogix/Page_Streetlogix/Page_Streetlogix/div_equip' is clicked on

2023-02-23 11:19:29 - [TEST_STEP][PASSED] - click(findTestObject("Work order 4.0/Page_Streetlogix/Workorder page objects/Page_Streetlogix/li_Snow Plow - 15")): Object: 'Object Repository/Work order 4.0/Page_Streetlogix/Workorder page objects/Page_Streetlogix/li_Snow Plow - 15' is clicked on

2023-02-23 11:19:30 - [MESSAGE][PASSED] - Object: 'Object Repository/Work order 4.0/Page_Streetlogix/Workorder page objects/Page_Streetlogix/li_Snow Plow - 15' is clicked on

2023-02-23 11:19:30 - [TEST_STEP][PASSED] - click(findTestObject("Work order 4.0/Page_Streetlogix/Workorder page objects/Page_Streetlogix/input_Add Item_material")): Object: 'Object Repository/Work order 4.0/Page_Streetlogix/Workorder page objects/Page_Streetlogix/input_Add Item_material' is clicked on

2023-02-23 11:19:31 - [MESSAGE][PASSED] - Object: 'Object Repository/Work order 4.0/Page_Streetlogix/Workorder page objects/Page_Streetlogix/input_Add Item_material' is clicked on

2023-02-23 11:19:31 - [TEST_STEP][PASSED] - delay(3): Delayed 3 second(s)

2023-02-23 11:19:34 - [MESSAGE][PASSED] - Delayed 3 second(s)

2023-02-23 11:19:34 - [TEST_STEP][PASSED] - click(findTestObject("Work order 4.0/Page_Streetlogix/Workorder page objects/Page_Streetlogix/Page_Streetlogix/Page_Streetlogix/Page_Streetlogix/div_material")): Object: 'Object Repository/Work order 4.0/Page_Streetlogix/Workorder page objects/Page_Streetlogix/Page_Streetlogix/Page_Streetlogix/Page_Streetlogix/div_material' is clicked on

2023-02-23 11:19:34 - [MESSAGE][PASSED] - Object: 'Object Repository/Work order 4.0/Page_Streetlogix/Workorder page objects/Page_Streetlogix/Page_Streetlogix/Page_Streetlogix/Page_Streetlogix/div_material' is clicked on

2023-02-23 11:19:34 - [TEST_STEP][PASSED] - click(findTestObject("Work order 4.0/Page_Streetlogix/Workorder page objects/Page_Streetlogix/li_Asphalt - 22")): Object: 'Object Repository/Work order 4.0/Page_Streetlogix/Workorder page objects/Page_Streetlogix/li_Asphalt - 22' is clicked on

2023-02-23 11:19:34 - [MESSAGE][PASSED] - Object: 'Object Repository/Work order 4.0/Page_Streetlogix/Workorder page objects/Page_Streetlogix/li_Asphalt - 22' is clicked on

2023-02-23 11:19:34 - [TEST_STEP][PASSED] - click(findTestObject("Work order 4.0/Page_Streetlogix/Workorder page objects/Page_Streetlogix/input_Add Item_labor")): Object: 'Object Repository/Work order 4.0/Page_Streetlogix/Workorder page objects/Page_Streetlogix/input_Add Item_labor' is clicked on

2023-02-23 11:19:35 - [MESSAGE][PASSED] - Object: 'Object Repository/Work order 4.0/Page_Streetlogix/Workorder page objects/Page_Streetlogix/input_Add Item_labor' is clicked on

2023-02-23 11:19:35 - [TEST_STEP][PASSED] - delay(3): Delayed 3 second(s)

2023-02-23 11:19:38 - [MESSAGE][PASSED] - Delayed 3 second(s)

2023-02-23 11:19:38 - [TEST_STEP][PASSED] - click(findTestObject("Work order 4.0/Page_Streetlogix/Workorder page objects/Page_Streetlogix/Page_Streetlogix/Page_Streetlogix/Page_Streetlogix/div_labor")): Object: 'Object Repository/Work order 4.0/Page_Streetlogix/Workorder page objects/Page_Streetlogix/Page_Streetlogix/Page_Streetlogix/Page_Streetlogix/div_labor' is clicked on

2023-02-23 11:19:39 - [MESSAGE][PASSED] - Object: 'Object Repository/Work order 4.0/Page_Streetlogix/Workorder page objects/Page_Streetlogix/Page_Streetlogix/Page_Streetlogix/Page_Streetlogix/div_labor' is clicked on

2023-02-23 11:19:39 - [TEST_STEP][PASSED] - click(findTestObject("Work order 4.0/Page_Streetlogix/Workorder page objects/Page_Streetlogix/li_Supervisor - 30")): Object: 'Object Repository/Work order 4.0/Page_Streetlogix/Workorder page objects/Page_Streetlogix/li_Supervisor - 30' is clicked on

2023-02-23 11:19:39 - [MESSAGE][PASSED] - Object: 'Object Repository/Work order 4.0/Page_Streetlogix/Workorder page objects/Page_Streetlogix/li_Supervisor - 30' is clicked on

2023-02-23 11:19:39 - [TEST_STEP][PASSED] - click(findTestObject("Work order 4.0/Page_Streetlogix/Workorder page objects/Page_Streetlogix/span_Save")): Object: 'Object Repository/Work order 4.0/Page_Streetlogix/Workorder page objects/Page_Streetlogix/span_Save' is clicked on

2023-02-23 11:19:40 - [MESSAGE][PASSED] - Object: 'Object Repository/Work order 4.0/Page_Streetlogix/Workorder page objects/Page_Streetlogix/span_Save' is clicked on

2023-02-23 11:19:40 - [TEST_STEP][PASSED] - countAfter = database_keywords.test.Database_Keywords.getWorkOrdersCount(): database_keywords.test.Database_Keywords.getWorkOrdersCount is PASSED

2023-02-23 11:19:46 - [MESSAGE][PASSED] - database_keywords.test.Database_Keywords.getWorkOrdersCount is PASSED

2023-02-23 11:19:46 - [TEST_STEP][PASSED] - println(countAfter): null

2023-02-23 11:19:46 - [TEST_STEP][PASSED] - if (countAfter == countBefore + 6): null

2023-02-23 11:19:46 - [TEST_STEP][PASSED] - println("Work Order Created"): null

2023-02-23 11:19:46 - [TEST_STEP][PASSED] - closeBrowser(): Browser is closed

2023-02-23 11:19:47 - [MESSAGE][PASSED] - Browser is closed

2023-02-23 11:19:47 - [TEST_STEP][PASSED] - Video: Video recording for test case 'Test Cases/GiS/Work order/Work_order_dailly_2' .

2023-02-23 11:19:47 - [MESSAGE][INFO] - Video recording for test case 'Test Cases/GiS/Work order/Work_order_dailly_2' .]]></system-out>
         <system-err><![CDATA[]]></system-err>
      </testcase>
      <testcase name="Test Cases/GiS/Work order/Work_order_monthly" time="50.234" classname="Test Cases/GiS/Work order/Work_order_monthly" status="PASSED">
         <system-out><![CDATA[2023-02-23 11:19:47 - [TEST_CASE][PASSED] - Test Cases/GiS/Work order/Work_order_monthly: Test Cases/GiS/Work order/Work_order_monthly

2023-02-23 11:19:47 - [TEST_STEP][PASSED] - gis_url.test.URL.redirectURL(): gis_url.test.URL.redirectURL is PASSED

2023-02-23 11:19:47 - [MESSAGE][INFO] - Starting 'Chrome' driver

2023-02-23 11:19:47 - [MESSAGE][INFO] - Action delay is set to 0 milliseconds

2023-02-23 11:19:51 - [MESSAGE][PASSED] - Browser is opened with url: 'https://streetlogix-gis-slx4-develop.vercel.app/?config=64077fc938af4bcc9a46a81d8f4e5576&token=eyJhbGciOiJIUzI1NiIsInR5cCI6IkpXVCJ9.eyJpZCI6OTc2LCJuYW1lIjoiU29oYWliIE5laGFsIiwiZXhwIjoxNjc5NTk1OTE0LCJpYXQiOjE2NzcwMDM5MTR9.2xH46-6Ez-I1oUKcoFhQjnTNUOtwKNfZcleU9MbUdCY'

2023-02-23 11:19:51 - [MESSAGE][PASSED] - gis_url.test.URL.redirectURL is PASSED

2023-02-23 11:19:51 - [TEST_STEP][PASSED] - countBefore = database_keywords.test.Database_Keywords.getWorkOrdersCount(): database_keywords.test.Database_Keywords.getWorkOrdersCount is PASSED

2023-02-23 11:19:57 - [MESSAGE][PASSED] - database_keywords.test.Database_Keywords.getWorkOrdersCount is PASSED

2023-02-23 11:19:57 - [TEST_STEP][PASSED] - println(countBefore): null

2023-02-23 11:19:57 - [TEST_STEP][PASSED] - click(findTestObject("Work order 4.0/Page_Streetlogix/Workorder page objects/Page_Streetlogix/WO icon")): Object: 'Object Repository/Work order 4.0/Page_Streetlogix/Workorder page objects/Page_Streetlogix/WO icon' is clicked on

2023-02-23 11:19:58 - [MESSAGE][PASSED] - Object: 'Object Repository/Work order 4.0/Page_Streetlogix/Workorder page objects/Page_Streetlogix/WO icon' is clicked on

2023-02-23 11:19:58 - [TEST_STEP][PASSED] - click(findTestObject("Work order 4.0/Page_Streetlogix/Workorder page objects/Page_Streetlogix/Group Dropdown")): Object: 'Object Repository/Work order 4.0/Page_Streetlogix/Workorder page objects/Page_Streetlogix/Group Dropdown' is clicked on

2023-02-23 11:20:00 - [MESSAGE][PASSED] - Object: 'Object Repository/Work order 4.0/Page_Streetlogix/Workorder page objects/Page_Streetlogix/Group Dropdown' is clicked on

2023-02-23 11:20:00 - [TEST_STEP][PASSED] - click(findTestObject("Work order 4.0/Page_Streetlogix/Workorder page objects/Page_Streetlogix/li_Bridge Inspection")): Object: 'Object Repository/Work order 4.0/Page_Streetlogix/Workorder page objects/Page_Streetlogix/li_Bridge Inspection' is clicked on

2023-02-23 11:20:01 - [MESSAGE][PASSED] - Object: 'Object Repository/Work order 4.0/Page_Streetlogix/Workorder page objects/Page_Streetlogix/li_Bridge Inspection' is clicked on

2023-02-23 11:20:01 - [TEST_STEP][PASSED] - setText(findTestObject("Work order 4.0/Page_Streetlogix/Workorder page objects/Page_Streetlogix/input_Filter by form name_standard-full-width"), "Bridge maintenance"): Text 'Bridge maintenance' is set on object 'Object Repository/Work order 4.0/Page_Streetlogix/Workorder page objects/Page_Streetlogix/input_Filter by form name_standard-full-width'

2023-02-23 11:20:03 - [MESSAGE][PASSED] - Text 'Bridge maintenance' is set on object 'Object Repository/Work order 4.0/Page_Streetlogix/Workorder page objects/Page_Streetlogix/input_Filter by form name_standard-full-width'

2023-02-23 11:20:03 - [TEST_STEP][PASSED] - click(findTestObject("Work order 4.0/Page_Streetlogix/Workorder page objects/Page_Streetlogix/span_Bridge Maintenance")): Object: 'Object Repository/Work order 4.0/Page_Streetlogix/Workorder page objects/Page_Streetlogix/span_Bridge Maintenance' is clicked on

2023-02-23 11:20:04 - [MESSAGE][PASSED] - Object: 'Object Repository/Work order 4.0/Page_Streetlogix/Workorder page objects/Page_Streetlogix/span_Bridge Maintenance' is clicked on

2023-02-23 11:20:04 - [TEST_STEP][PASSED] - click(findTestObject("Work order 4.0/Page_Streetlogix/Workorder page objects/Page_Streetlogix/input_Select Assignee_assignee-autocomplete")): Object: 'Object Repository/Work order 4.0/Page_Streetlogix/Workorder page objects/Page_Streetlogix/input_Select Assignee_assignee-autocomplete' is clicked on

2023-02-23 11:20:06 - [MESSAGE][PASSED] - Object: 'Object Repository/Work order 4.0/Page_Streetlogix/Workorder page objects/Page_Streetlogix/input_Select Assignee_assignee-autocomplete' is clicked on

2023-02-23 11:20:06 - [TEST_STEP][PASSED] - click(findTestObject("Work order 4.0/Page_Streetlogix/Workorder page objects/Page_Streetlogix/span_ami  admin")): Object: 'Object Repository/Work order 4.0/Page_Streetlogix/Workorder page objects/Page_Streetlogix/span_ami  admin' is clicked on

2023-02-23 11:20:07 - [MESSAGE][PASSED] - Object: 'Object Repository/Work order 4.0/Page_Streetlogix/Workorder page objects/Page_Streetlogix/span_ami  admin' is clicked on

2023-02-23 11:20:07 - [TEST_STEP][PASSED] - click(findTestObject("Work order 4.0/Page_Streetlogix/Workorder page objects/Page_Streetlogix/input_Collaborators_collaborators-autocomplete")): Object: 'Object Repository/Work order 4.0/Page_Streetlogix/Workorder page objects/Page_Streetlogix/input_Collaborators_collaborators-autocomplete' is clicked on

2023-02-23 11:20:08 - [MESSAGE][PASSED] - Object: 'Object Repository/Work order 4.0/Page_Streetlogix/Workorder page objects/Page_Streetlogix/input_Collaborators_collaborators-autocomplete' is clicked on

2023-02-23 11:20:08 - [TEST_STEP][PASSED] - click(findTestObject("Work order 4.0/Page_Streetlogix/Workorder page objects/Page_Streetlogix/span_ami  admin")): Object: 'Object Repository/Work order 4.0/Page_Streetlogix/Workorder page objects/Page_Streetlogix/span_ami  admin' is clicked on

2023-02-23 11:20:08 - [MESSAGE][PASSED] - Object: 'Object Repository/Work order 4.0/Page_Streetlogix/Workorder page objects/Page_Streetlogix/span_ami  admin' is clicked on

2023-02-23 11:20:08 - [TEST_STEP][PASSED] - click(findTestObject("Work order 4.0/Page_Streetlogix/Workorder page objects/Page_Streetlogix/h6_Bridge Maintenance")): Object: 'Object Repository/Work order 4.0/Page_Streetlogix/Workorder page objects/Page_Streetlogix/h6_Bridge Maintenance' is clicked on

2023-02-23 11:20:09 - [MESSAGE][PASSED] - Object: 'Object Repository/Work order 4.0/Page_Streetlogix/Workorder page objects/Page_Streetlogix/h6_Bridge Maintenance' is clicked on

2023-02-23 11:20:09 - [TEST_STEP][PASSED] - setText(findTestObject("Work order 4.0/Page_Streetlogix/Workorder page objects/Page_Streetlogix/Page_Streetlogix/Page_Streetlogix/input_Address_asset-id-address"), "12"): Text '12' is set on object 'Object Repository/Work order 4.0/Page_Streetlogix/Workorder page objects/Page_Streetlogix/Page_Streetlogix/Page_Streetlogix/input_Address_asset-id-address'

2023-02-23 11:20:10 - [MESSAGE][PASSED] - Text '12' is set on object 'Object Repository/Work order 4.0/Page_Streetlogix/Workorder page objects/Page_Streetlogix/Page_Streetlogix/Page_Streetlogix/input_Address_asset-id-address'

2023-02-23 11:20:10 - [TEST_STEP][PASSED] - click(findTestObject("Work order 4.0/Page_Streetlogix/Workorder page objects/Page_Streetlogix/li_12TH STREET CONNECTOR From CHESTNUT ST To MAGAZINE ST - 20476")): Object: 'Object Repository/Work order 4.0/Page_Streetlogix/Workorder page objects/Page_Streetlogix/li_12TH STREET CONNECTOR From CHESTNUT ST To MAGAZINE ST - 20476' is clicked on

2023-02-23 11:20:11 - [MESSAGE][PASSED] - Object: 'Object Repository/Work order 4.0/Page_Streetlogix/Workorder page objects/Page_Streetlogix/li_12TH STREET CONNECTOR From CHESTNUT ST To MAGAZINE ST - 20476' is clicked on

2023-02-23 11:20:11 - [TEST_STEP][PASSED] - setText(findTestObject("Work order 4.0/Page_Streetlogix/Workorder page objects/Page_Streetlogix/textarea_Test"), "Test"): Text 'Test' is set on object 'Object Repository/Work order 4.0/Page_Streetlogix/Workorder page objects/Page_Streetlogix/textarea_Test'

2023-02-23 11:20:12 - [MESSAGE][PASSED] - Text 'Test' is set on object 'Object Repository/Work order 4.0/Page_Streetlogix/Workorder page objects/Page_Streetlogix/textarea_Test'

2023-02-23 11:20:12 - [TEST_STEP][PASSED] - click(findTestObject("Work order 4.0/Page_Streetlogix/Workorder page objects/Page_Streetlogix/Page_Streetlogix/Page_Streetlogix/div_Urgent")): Object: 'Object Repository/Work order 4.0/Page_Streetlogix/Workorder page objects/Page_Streetlogix/Page_Streetlogix/Page_Streetlogix/div_Urgent' is clicked on

2023-02-23 11:20:13 - [MESSAGE][PASSED] - Object: 'Object Repository/Work order 4.0/Page_Streetlogix/Workorder page objects/Page_Streetlogix/Page_Streetlogix/Page_Streetlogix/div_Urgent' is clicked on

2023-02-23 11:20:13 - [TEST_STEP][PASSED] - click(findTestObject("Work order 4.0/Page_Streetlogix/Workorder page objects/Page_Streetlogix/li_High")): Object: 'Object Repository/Work order 4.0/Page_Streetlogix/Workorder page objects/Page_Streetlogix/li_High' is clicked on

2023-02-23 11:20:13 - [MESSAGE][PASSED] - Object: 'Object Repository/Work order 4.0/Page_Streetlogix/Workorder page objects/Page_Streetlogix/li_High' is clicked on

2023-02-23 11:20:13 - [TEST_STEP][PASSED] - click(findTestObject("Work order 4.0/Page_Streetlogix/Workorder page objects/Page_Streetlogix/input_Upload_repeatingWorkOrder")): Object: 'Object Repository/Work order 4.0/Page_Streetlogix/Workorder page objects/Page_Streetlogix/input_Upload_repeatingWorkOrder' is clicked on

2023-02-23 11:20:14 - [MESSAGE][PASSED] - Object: 'Object Repository/Work order 4.0/Page_Streetlogix/Workorder page objects/Page_Streetlogix/input_Upload_repeatingWorkOrder' is clicked on

2023-02-23 11:20:14 - [TEST_STEP][PASSED] - click(findTestObject("Work order 4.0/Page_Streetlogix/Workorder page objects/Page_Streetlogix/div_Daily")): Object: 'Object Repository/Work order 4.0/Page_Streetlogix/Workorder page objects/Page_Streetlogix/div_Daily' is clicked on

2023-02-23 11:20:15 - [MESSAGE][PASSED] - Object: 'Object Repository/Work order 4.0/Page_Streetlogix/Workorder page objects/Page_Streetlogix/div_Daily' is clicked on

2023-02-23 11:20:15 - [TEST_STEP][PASSED] - click(findTestObject("Work order 4.0/Page_Streetlogix/Workorder page objects/Page_Streetlogix/li_Monthly")): Object: 'Object Repository/Work order 4.0/Page_Streetlogix/Workorder page objects/Page_Streetlogix/li_Monthly' is clicked on

2023-02-23 11:20:15 - [MESSAGE][PASSED] - Object: 'Object Repository/Work order 4.0/Page_Streetlogix/Workorder page objects/Page_Streetlogix/li_Monthly' is clicked on

2023-02-23 11:20:15 - [TEST_STEP][PASSED] - click(findTestObject("Work order 4.0/Page_Streetlogix/Workorder page objects/Page_Streetlogix/input_Statement Field Test_equipment")): Object: 'Object Repository/Work order 4.0/Page_Streetlogix/Workorder page objects/Page_Streetlogix/input_Statement Field Test_equipment' is clicked on

2023-02-23 11:20:16 - [MESSAGE][PASSED] - Object: 'Object Repository/Work order 4.0/Page_Streetlogix/Workorder page objects/Page_Streetlogix/input_Statement Field Test_equipment' is clicked on

2023-02-23 11:20:16 - [TEST_STEP][PASSED] - delay(3): Delayed 3 second(s)

2023-02-23 11:20:19 - [MESSAGE][PASSED] - Delayed 3 second(s)

2023-02-23 11:20:19 - [TEST_STEP][PASSED] - click(findTestObject("Work order 4.0/Page_Streetlogix/Workorder page objects/Page_Streetlogix/Page_Streetlogix/Page_Streetlogix/Page_Streetlogix/div_equip")): Object: 'Object Repository/Work order 4.0/Page_Streetlogix/Workorder page objects/Page_Streetlogix/Page_Streetlogix/Page_Streetlogix/Page_Streetlogix/div_equip' is clicked on

2023-02-23 11:20:20 - [MESSAGE][PASSED] - Object: 'Object Repository/Work order 4.0/Page_Streetlogix/Workorder page objects/Page_Streetlogix/Page_Streetlogix/Page_Streetlogix/Page_Streetlogix/div_equip' is clicked on

2023-02-23 11:20:20 - [TEST_STEP][PASSED] - click(findTestObject("Work order 4.0/Page_Streetlogix/Workorder page objects/Page_Streetlogix/li_Snow Plow - 15")): Object: 'Object Repository/Work order 4.0/Page_Streetlogix/Workorder page objects/Page_Streetlogix/li_Snow Plow - 15' is clicked on

2023-02-23 11:20:20 - [MESSAGE][PASSED] - Object: 'Object Repository/Work order 4.0/Page_Streetlogix/Workorder page objects/Page_Streetlogix/li_Snow Plow - 15' is clicked on

2023-02-23 11:20:20 - [TEST_STEP][PASSED] - click(findTestObject("Work order 4.0/Page_Streetlogix/Workorder page objects/Page_Streetlogix/input_Add Item_material")): Object: 'Object Repository/Work order 4.0/Page_Streetlogix/Workorder page objects/Page_Streetlogix/input_Add Item_material' is clicked on

2023-02-23 11:20:21 - [MESSAGE][PASSED] - Object: 'Object Repository/Work order 4.0/Page_Streetlogix/Workorder page objects/Page_Streetlogix/input_Add Item_material' is clicked on

2023-02-23 11:20:21 - [TEST_STEP][PASSED] - delay(3): Delayed 3 second(s)

2023-02-23 11:20:24 - [MESSAGE][PASSED] - Delayed 3 second(s)

2023-02-23 11:20:24 - [TEST_STEP][PASSED] - click(findTestObject("Work order 4.0/Page_Streetlogix/Workorder page objects/Page_Streetlogix/Page_Streetlogix/Page_Streetlogix/Page_Streetlogix/div_material")): Object: 'Object Repository/Work order 4.0/Page_Streetlogix/Workorder page objects/Page_Streetlogix/Page_Streetlogix/Page_Streetlogix/Page_Streetlogix/div_material' is clicked on

2023-02-23 11:20:25 - [MESSAGE][PASSED] - Object: 'Object Repository/Work order 4.0/Page_Streetlogix/Workorder page objects/Page_Streetlogix/Page_Streetlogix/Page_Streetlogix/Page_Streetlogix/div_material' is clicked on

2023-02-23 11:20:25 - [TEST_STEP][PASSED] - click(findTestObject("Work order 4.0/Page_Streetlogix/Workorder page objects/Page_Streetlogix/li_Asphalt - 22")): Object: 'Object Repository/Work order 4.0/Page_Streetlogix/Workorder page objects/Page_Streetlogix/li_Asphalt - 22' is clicked on

2023-02-23 11:20:25 - [MESSAGE][PASSED] - Object: 'Object Repository/Work order 4.0/Page_Streetlogix/Workorder page objects/Page_Streetlogix/li_Asphalt - 22' is clicked on

2023-02-23 11:20:25 - [TEST_STEP][PASSED] - click(findTestObject("Work order 4.0/Page_Streetlogix/Workorder page objects/Page_Streetlogix/input_Add Item_labor")): Object: 'Object Repository/Work order 4.0/Page_Streetlogix/Workorder page objects/Page_Streetlogix/input_Add Item_labor' is clicked on

2023-02-23 11:20:26 - [MESSAGE][PASSED] - Object: 'Object Repository/Work order 4.0/Page_Streetlogix/Workorder page objects/Page_Streetlogix/input_Add Item_labor' is clicked on

2023-02-23 11:20:26 - [TEST_STEP][PASSED] - delay(3): Delayed 3 second(s)

2023-02-23 11:20:29 - [MESSAGE][PASSED] - Delayed 3 second(s)

2023-02-23 11:20:29 - [TEST_STEP][PASSED] - click(findTestObject("Work order 4.0/Page_Streetlogix/Workorder page objects/Page_Streetlogix/Page_Streetlogix/Page_Streetlogix/Page_Streetlogix/div_labor")): Object: 'Object Repository/Work order 4.0/Page_Streetlogix/Workorder page objects/Page_Streetlogix/Page_Streetlogix/Page_Streetlogix/Page_Streetlogix/div_labor' is clicked on

2023-02-23 11:20:30 - [MESSAGE][PASSED] - Object: 'Object Repository/Work order 4.0/Page_Streetlogix/Workorder page objects/Page_Streetlogix/Page_Streetlogix/Page_Streetlogix/Page_Streetlogix/div_labor' is clicked on

2023-02-23 11:20:30 - [TEST_STEP][PASSED] - click(findTestObject("Work order 4.0/Page_Streetlogix/Workorder page objects/Page_Streetlogix/li_Supervisor - 30")): Object: 'Object Repository/Work order 4.0/Page_Streetlogix/Workorder page objects/Page_Streetlogix/li_Supervisor - 30' is clicked on

2023-02-23 11:20:30 - [MESSAGE][PASSED] - Object: 'Object Repository/Work order 4.0/Page_Streetlogix/Workorder page objects/Page_Streetlogix/li_Supervisor - 30' is clicked on

2023-02-23 11:20:30 - [TEST_STEP][PASSED] - click(findTestObject("Work order 4.0/Page_Streetlogix/Workorder page objects/Page_Streetlogix/span_Save")): Object: 'Object Repository/Work order 4.0/Page_Streetlogix/Workorder page objects/Page_Streetlogix/span_Save' is clicked on

2023-02-23 11:20:31 - [MESSAGE][PASSED] - Object: 'Object Repository/Work order 4.0/Page_Streetlogix/Workorder page objects/Page_Streetlogix/span_Save' is clicked on

2023-02-23 11:20:31 - [TEST_STEP][PASSED] - countAfter = database_keywords.test.Database_Keywords.getWorkOrdersCount(): database_keywords.test.Database_Keywords.getWorkOrdersCount is PASSED

2023-02-23 11:20:37 - [MESSAGE][PASSED] - database_keywords.test.Database_Keywords.getWorkOrdersCount is PASSED

2023-02-23 11:20:37 - [TEST_STEP][PASSED] - println(countAfter): null

2023-02-23 11:20:37 - [TEST_STEP][PASSED] - if (countAfter == countBefore + 1): null

2023-02-23 11:20:37 - [TEST_STEP][PASSED] - println("Work Order Created"): null

2023-02-23 11:20:37 - [TEST_STEP][PASSED] - closeBrowser(): Browser is closed

2023-02-23 11:20:37 - [MESSAGE][PASSED] - Browser is closed

2023-02-23 11:20:37 - [TEST_STEP][PASSED] - Video: Video recording for test case 'Test Cases/GiS/Work order/Work_order_monthly' .

2023-02-23 11:20:37 - [MESSAGE][INFO] - Video recording for test case 'Test Cases/GiS/Work order/Work_order_monthly' .]]></system-out>
         <system-err><![CDATA[]]></system-err>
      </testcase>
      <testcase name="Test Cases/GiS/Work order/Work_order_Weekly" time="52.746" classname="Test Cases/GiS/Work order/Work_order_Weekly" status="PASSED">
         <system-out><![CDATA[2023-02-23 11:20:37 - [TEST_CASE][PASSED] - Test Cases/GiS/Work order/Work_order_Weekly: Test Cases/GiS/Work order/Work_order_Weekly

2023-02-23 11:20:37 - [TEST_STEP][PASSED] - gis_url.test.URL.redirectURL(): gis_url.test.URL.redirectURL is PASSED

2023-02-23 11:20:37 - [MESSAGE][INFO] - Starting 'Chrome' driver

2023-02-23 11:20:37 - [MESSAGE][INFO] - Action delay is set to 0 milliseconds

2023-02-23 11:20:41 - [MESSAGE][PASSED] - Browser is opened with url: 'https://streetlogix-gis-slx4-develop.vercel.app/?config=64077fc938af4bcc9a46a81d8f4e5576&token=eyJhbGciOiJIUzI1NiIsInR5cCI6IkpXVCJ9.eyJpZCI6OTc2LCJuYW1lIjoiU29oYWliIE5laGFsIiwiZXhwIjoxNjc5NTk1OTE0LCJpYXQiOjE2NzcwMDM5MTR9.2xH46-6Ez-I1oUKcoFhQjnTNUOtwKNfZcleU9MbUdCY'

2023-02-23 11:20:41 - [MESSAGE][PASSED] - gis_url.test.URL.redirectURL is PASSED

2023-02-23 11:20:41 - [TEST_STEP][PASSED] - countBefore = database_keywords.test.Database_Keywords.getWorkOrdersCount(): database_keywords.test.Database_Keywords.getWorkOrdersCount is PASSED

2023-02-23 11:20:47 - [MESSAGE][PASSED] - database_keywords.test.Database_Keywords.getWorkOrdersCount is PASSED

2023-02-23 11:20:47 - [TEST_STEP][PASSED] - println(countBefore): null

2023-02-23 11:20:47 - [TEST_STEP][PASSED] - click(findTestObject("Work order 4.0/Page_Streetlogix/Workorder page objects/Page_Streetlogix/WO icon")): Object: 'Object Repository/Work order 4.0/Page_Streetlogix/Workorder page objects/Page_Streetlogix/WO icon' is clicked on

2023-02-23 11:20:49 - [MESSAGE][PASSED] - Object: 'Object Repository/Work order 4.0/Page_Streetlogix/Workorder page objects/Page_Streetlogix/WO icon' is clicked on

2023-02-23 11:20:49 - [TEST_STEP][PASSED] - click(findTestObject("Work order 4.0/Page_Streetlogix/Workorder page objects/Page_Streetlogix/Group Dropdown")): Object: 'Object Repository/Work order 4.0/Page_Streetlogix/Workorder page objects/Page_Streetlogix/Group Dropdown' is clicked on

2023-02-23 11:20:52 - [MESSAGE][PASSED] - Object: 'Object Repository/Work order 4.0/Page_Streetlogix/Workorder page objects/Page_Streetlogix/Group Dropdown' is clicked on

2023-02-23 11:20:52 - [TEST_STEP][PASSED] - click(findTestObject("Work order 4.0/Page_Streetlogix/Workorder page objects/Page_Streetlogix/li_Bridge Inspection")): Object: 'Object Repository/Work order 4.0/Page_Streetlogix/Workorder page objects/Page_Streetlogix/li_Bridge Inspection' is clicked on

2023-02-23 11:20:53 - [MESSAGE][PASSED] - Object: 'Object Repository/Work order 4.0/Page_Streetlogix/Workorder page objects/Page_Streetlogix/li_Bridge Inspection' is clicked on

2023-02-23 11:20:53 - [TEST_STEP][PASSED] - setText(findTestObject("Work order 4.0/Page_Streetlogix/Workorder page objects/Page_Streetlogix/input_Filter by form name_standard-full-width"), "Bridge maintenance"): Text 'Bridge maintenance' is set on object 'Object Repository/Work order 4.0/Page_Streetlogix/Workorder page objects/Page_Streetlogix/input_Filter by form name_standard-full-width'

2023-02-23 11:20:55 - [MESSAGE][PASSED] - Text 'Bridge maintenance' is set on object 'Object Repository/Work order 4.0/Page_Streetlogix/Workorder page objects/Page_Streetlogix/input_Filter by form name_standard-full-width'

2023-02-23 11:20:55 - [TEST_STEP][PASSED] - click(findTestObject("Work order 4.0/Page_Streetlogix/Workorder page objects/Page_Streetlogix/span_Bridge Maintenance")): Object: 'Object Repository/Work order 4.0/Page_Streetlogix/Workorder page objects/Page_Streetlogix/span_Bridge Maintenance' is clicked on

2023-02-23 11:20:56 - [MESSAGE][PASSED] - Object: 'Object Repository/Work order 4.0/Page_Streetlogix/Workorder page objects/Page_Streetlogix/span_Bridge Maintenance' is clicked on

2023-02-23 11:20:56 - [TEST_STEP][PASSED] - click(findTestObject("Work order 4.0/Page_Streetlogix/Workorder page objects/Page_Streetlogix/input_Select Assignee_assignee-autocomplete")): Object: 'Object Repository/Work order 4.0/Page_Streetlogix/Workorder page objects/Page_Streetlogix/input_Select Assignee_assignee-autocomplete' is clicked on

2023-02-23 11:20:58 - [MESSAGE][PASSED] - Object: 'Object Repository/Work order 4.0/Page_Streetlogix/Workorder page objects/Page_Streetlogix/input_Select Assignee_assignee-autocomplete' is clicked on

2023-02-23 11:20:58 - [TEST_STEP][PASSED] - click(findTestObject("Work order 4.0/Page_Streetlogix/Workorder page objects/Page_Streetlogix/span_ami  admin")): Object: 'Object Repository/Work order 4.0/Page_Streetlogix/Workorder page objects/Page_Streetlogix/span_ami  admin' is clicked on

2023-02-23 11:20:59 - [MESSAGE][PASSED] - Object: 'Object Repository/Work order 4.0/Page_Streetlogix/Workorder page objects/Page_Streetlogix/span_ami  admin' is clicked on

2023-02-23 11:20:59 - [TEST_STEP][PASSED] - click(findTestObject("Work order 4.0/Page_Streetlogix/Workorder page objects/Page_Streetlogix/input_Collaborators_collaborators-autocomplete")): Object: 'Object Repository/Work order 4.0/Page_Streetlogix/Workorder page objects/Page_Streetlogix/input_Collaborators_collaborators-autocomplete' is clicked on

2023-02-23 11:21:00 - [MESSAGE][PASSED] - Object: 'Object Repository/Work order 4.0/Page_Streetlogix/Workorder page objects/Page_Streetlogix/input_Collaborators_collaborators-autocomplete' is clicked on

2023-02-23 11:21:00 - [TEST_STEP][PASSED] - click(findTestObject("Work order 4.0/Page_Streetlogix/Workorder page objects/Page_Streetlogix/span_ami  admin")): Object: 'Object Repository/Work order 4.0/Page_Streetlogix/Workorder page objects/Page_Streetlogix/span_ami  admin' is clicked on

2023-02-23 11:21:00 - [MESSAGE][PASSED] - Object: 'Object Repository/Work order 4.0/Page_Streetlogix/Workorder page objects/Page_Streetlogix/span_ami  admin' is clicked on

2023-02-23 11:21:00 - [TEST_STEP][PASSED] - click(findTestObject("Work order 4.0/Page_Streetlogix/Workorder page objects/Page_Streetlogix/h6_Bridge Maintenance")): Object: 'Object Repository/Work order 4.0/Page_Streetlogix/Workorder page objects/Page_Streetlogix/h6_Bridge Maintenance' is clicked on

2023-02-23 11:21:01 - [MESSAGE][PASSED] - Object: 'Object Repository/Work order 4.0/Page_Streetlogix/Workorder page objects/Page_Streetlogix/h6_Bridge Maintenance' is clicked on

2023-02-23 11:21:01 - [TEST_STEP][PASSED] - setText(findTestObject("Work order 4.0/Page_Streetlogix/Workorder page objects/Page_Streetlogix/Page_Streetlogix/Page_Streetlogix/input_Address_asset-id-address"), "12"): Text '12' is set on object 'Object Repository/Work order 4.0/Page_Streetlogix/Workorder page objects/Page_Streetlogix/Page_Streetlogix/Page_Streetlogix/input_Address_asset-id-address'

2023-02-23 11:21:02 - [MESSAGE][PASSED] - Text '12' is set on object 'Object Repository/Work order 4.0/Page_Streetlogix/Workorder page objects/Page_Streetlogix/Page_Streetlogix/Page_Streetlogix/input_Address_asset-id-address'

2023-02-23 11:21:02 - [TEST_STEP][PASSED] - click(findTestObject("Work order 4.0/Page_Streetlogix/Workorder page objects/Page_Streetlogix/li_12TH STREET CONNECTOR From CHESTNUT ST To MAGAZINE ST - 20476")): Object: 'Object Repository/Work order 4.0/Page_Streetlogix/Workorder page objects/Page_Streetlogix/li_12TH STREET CONNECTOR From CHESTNUT ST To MAGAZINE ST - 20476' is clicked on

2023-02-23 11:21:03 - [MESSAGE][PASSED] - Object: 'Object Repository/Work order 4.0/Page_Streetlogix/Workorder page objects/Page_Streetlogix/li_12TH STREET CONNECTOR From CHESTNUT ST To MAGAZINE ST - 20476' is clicked on

2023-02-23 11:21:03 - [TEST_STEP][PASSED] - setText(findTestObject("Work order 4.0/Page_Streetlogix/Workorder page objects/Page_Streetlogix/textarea_Test"), "Test"): Text 'Test' is set on object 'Object Repository/Work order 4.0/Page_Streetlogix/Workorder page objects/Page_Streetlogix/textarea_Test'

2023-02-23 11:21:04 - [MESSAGE][PASSED] - Text 'Test' is set on object 'Object Repository/Work order 4.0/Page_Streetlogix/Workorder page objects/Page_Streetlogix/textarea_Test'

2023-02-23 11:21:04 - [TEST_STEP][PASSED] - click(findTestObject("Work order 4.0/Page_Streetlogix/Workorder page objects/Page_Streetlogix/Page_Streetlogix/Page_Streetlogix/div_Urgent")): Object: 'Object Repository/Work order 4.0/Page_Streetlogix/Workorder page objects/Page_Streetlogix/Page_Streetlogix/Page_Streetlogix/div_Urgent' is clicked on

2023-02-23 11:21:05 - [MESSAGE][PASSED] - Object: 'Object Repository/Work order 4.0/Page_Streetlogix/Workorder page objects/Page_Streetlogix/Page_Streetlogix/Page_Streetlogix/div_Urgent' is clicked on

2023-02-23 11:21:05 - [TEST_STEP][PASSED] - click(findTestObject("Work order 4.0/Page_Streetlogix/Workorder page objects/Page_Streetlogix/li_High")): Object: 'Object Repository/Work order 4.0/Page_Streetlogix/Workorder page objects/Page_Streetlogix/li_High' is clicked on

2023-02-23 11:21:05 - [MESSAGE][PASSED] - Object: 'Object Repository/Work order 4.0/Page_Streetlogix/Workorder page objects/Page_Streetlogix/li_High' is clicked on

2023-02-23 11:21:05 - [TEST_STEP][PASSED] - click(findTestObject("Work order 4.0/Page_Streetlogix/Workorder page objects/Page_Streetlogix/input_Upload_repeatingWorkOrder")): Object: 'Object Repository/Work order 4.0/Page_Streetlogix/Workorder page objects/Page_Streetlogix/input_Upload_repeatingWorkOrder' is clicked on

2023-02-23 11:21:06 - [MESSAGE][PASSED] - Object: 'Object Repository/Work order 4.0/Page_Streetlogix/Workorder page objects/Page_Streetlogix/input_Upload_repeatingWorkOrder' is clicked on

2023-02-23 11:21:06 - [TEST_STEP][PASSED] - click(findTestObject("Work order 4.0/Page_Streetlogix/Workorder page objects/Page_Streetlogix/div_Daily")): Object: 'Object Repository/Work order 4.0/Page_Streetlogix/Workorder page objects/Page_Streetlogix/div_Daily' is clicked on

2023-02-23 11:21:07 - [MESSAGE][PASSED] - Object: 'Object Repository/Work order 4.0/Page_Streetlogix/Workorder page objects/Page_Streetlogix/div_Daily' is clicked on

2023-02-23 11:21:07 - [TEST_STEP][PASSED] - click(findTestObject("Work order 4.0/Page_Streetlogix/Workorder page objects/Page_Streetlogix/li_Weekly")): Object: 'Object Repository/Work order 4.0/Page_Streetlogix/Workorder page objects/Page_Streetlogix/li_Weekly' is clicked on

2023-02-23 11:21:07 - [MESSAGE][PASSED] - Object: 'Object Repository/Work order 4.0/Page_Streetlogix/Workorder page objects/Page_Streetlogix/li_Weekly' is clicked on

2023-02-23 11:21:07 - [TEST_STEP][PASSED] - click(findTestObject("Work order 4.0/Page_Streetlogix/Workorder page objects/Page_Streetlogix/input_Statement Field Test_equipment")): Object: 'Object Repository/Work order 4.0/Page_Streetlogix/Workorder page objects/Page_Streetlogix/input_Statement Field Test_equipment' is clicked on

2023-02-23 11:21:08 - [MESSAGE][PASSED] - Object: 'Object Repository/Work order 4.0/Page_Streetlogix/Workorder page objects/Page_Streetlogix/input_Statement Field Test_equipment' is clicked on

2023-02-23 11:21:08 - [TEST_STEP][PASSED] - delay(3): Delayed 3 second(s)

2023-02-23 11:21:11 - [MESSAGE][PASSED] - Delayed 3 second(s)

2023-02-23 11:21:11 - [TEST_STEP][PASSED] - click(findTestObject("Work order 4.0/Page_Streetlogix/Workorder page objects/Page_Streetlogix/Page_Streetlogix/Page_Streetlogix/Page_Streetlogix/div_equip")): Object: 'Object Repository/Work order 4.0/Page_Streetlogix/Workorder page objects/Page_Streetlogix/Page_Streetlogix/Page_Streetlogix/Page_Streetlogix/div_equip' is clicked on

2023-02-23 11:21:12 - [MESSAGE][PASSED] - Object: 'Object Repository/Work order 4.0/Page_Streetlogix/Workorder page objects/Page_Streetlogix/Page_Streetlogix/Page_Streetlogix/Page_Streetlogix/div_equip' is clicked on

2023-02-23 11:21:12 - [TEST_STEP][PASSED] - click(findTestObject("Work order 4.0/Page_Streetlogix/Workorder page objects/Page_Streetlogix/li_Snow Plow - 15")): Object: 'Object Repository/Work order 4.0/Page_Streetlogix/Workorder page objects/Page_Streetlogix/li_Snow Plow - 15' is clicked on

2023-02-23 11:21:12 - [MESSAGE][PASSED] - Object: 'Object Repository/Work order 4.0/Page_Streetlogix/Workorder page objects/Page_Streetlogix/li_Snow Plow - 15' is clicked on

2023-02-23 11:21:12 - [TEST_STEP][PASSED] - click(findTestObject("Work order 4.0/Page_Streetlogix/Workorder page objects/Page_Streetlogix/input_Add Item_material")): Object: 'Object Repository/Work order 4.0/Page_Streetlogix/Workorder page objects/Page_Streetlogix/input_Add Item_material' is clicked on

2023-02-23 11:21:13 - [MESSAGE][PASSED] - Object: 'Object Repository/Work order 4.0/Page_Streetlogix/Workorder page objects/Page_Streetlogix/input_Add Item_material' is clicked on

2023-02-23 11:21:13 - [TEST_STEP][PASSED] - delay(3): Delayed 3 second(s)

2023-02-23 11:21:16 - [MESSAGE][PASSED] - Delayed 3 second(s)

2023-02-23 11:21:16 - [TEST_STEP][PASSED] - click(findTestObject("Work order 4.0/Page_Streetlogix/Workorder page objects/Page_Streetlogix/Page_Streetlogix/Page_Streetlogix/Page_Streetlogix/div_material")): Object: 'Object Repository/Work order 4.0/Page_Streetlogix/Workorder page objects/Page_Streetlogix/Page_Streetlogix/Page_Streetlogix/Page_Streetlogix/div_material' is clicked on

2023-02-23 11:21:17 - [MESSAGE][PASSED] - Object: 'Object Repository/Work order 4.0/Page_Streetlogix/Workorder page objects/Page_Streetlogix/Page_Streetlogix/Page_Streetlogix/Page_Streetlogix/div_material' is clicked on

2023-02-23 11:21:17 - [TEST_STEP][PASSED] - click(findTestObject("Work order 4.0/Page_Streetlogix/Workorder page objects/Page_Streetlogix/li_Asphalt - 22")): Object: 'Object Repository/Work order 4.0/Page_Streetlogix/Workorder page objects/Page_Streetlogix/li_Asphalt - 22' is clicked on

2023-02-23 11:21:17 - [MESSAGE][PASSED] - Object: 'Object Repository/Work order 4.0/Page_Streetlogix/Workorder page objects/Page_Streetlogix/li_Asphalt - 22' is clicked on

2023-02-23 11:21:17 - [TEST_STEP][PASSED] - click(findTestObject("Work order 4.0/Page_Streetlogix/Workorder page objects/Page_Streetlogix/input_Add Item_labor")): Object: 'Object Repository/Work order 4.0/Page_Streetlogix/Workorder page objects/Page_Streetlogix/input_Add Item_labor' is clicked on

2023-02-23 11:21:18 - [MESSAGE][PASSED] - Object: 'Object Repository/Work order 4.0/Page_Streetlogix/Workorder page objects/Page_Streetlogix/input_Add Item_labor' is clicked on

2023-02-23 11:21:18 - [TEST_STEP][PASSED] - delay(3): Delayed 3 second(s)

2023-02-23 11:21:21 - [MESSAGE][PASSED] - Delayed 3 second(s)

2023-02-23 11:21:21 - [TEST_STEP][PASSED] - click(findTestObject("Work order 4.0/Page_Streetlogix/Workorder page objects/Page_Streetlogix/Page_Streetlogix/Page_Streetlogix/Page_Streetlogix/div_labor")): Object: 'Object Repository/Work order 4.0/Page_Streetlogix/Workorder page objects/Page_Streetlogix/Page_Streetlogix/Page_Streetlogix/Page_Streetlogix/div_labor' is clicked on

2023-02-23 11:21:21 - [MESSAGE][PASSED] - Object: 'Object Repository/Work order 4.0/Page_Streetlogix/Workorder page objects/Page_Streetlogix/Page_Streetlogix/Page_Streetlogix/Page_Streetlogix/div_labor' is clicked on

2023-02-23 11:21:21 - [TEST_STEP][PASSED] - click(findTestObject("Work order 4.0/Page_Streetlogix/Workorder page objects/Page_Streetlogix/li_Supervisor - 30")): Object: 'Object Repository/Work order 4.0/Page_Streetlogix/Workorder page objects/Page_Streetlogix/li_Supervisor - 30' is clicked on

2023-02-23 11:21:22 - [MESSAGE][PASSED] - Object: 'Object Repository/Work order 4.0/Page_Streetlogix/Workorder page objects/Page_Streetlogix/li_Supervisor - 30' is clicked on

2023-02-23 11:21:22 - [TEST_STEP][PASSED] - click(findTestObject("Work order 4.0/Page_Streetlogix/Workorder page objects/Page_Streetlogix/span_Add Item")): Object: 'Object Repository/Work order 4.0/Page_Streetlogix/Workorder page objects/Page_Streetlogix/span_Add Item' is clicked on

2023-02-23 11:21:23 - [MESSAGE][PASSED] - Object: 'Object Repository/Work order 4.0/Page_Streetlogix/Workorder page objects/Page_Streetlogix/span_Add Item' is clicked on

2023-02-23 11:21:23 - [TEST_STEP][PASSED] - click(findTestObject("Work order 4.0/Page_Streetlogix/Workorder page objects/Page_Streetlogix/span_Save")): Object: 'Object Repository/Work order 4.0/Page_Streetlogix/Workorder page objects/Page_Streetlogix/span_Save' is clicked on

2023-02-23 11:21:23 - [MESSAGE][PASSED] - Object: 'Object Repository/Work order 4.0/Page_Streetlogix/Workorder page objects/Page_Streetlogix/span_Save' is clicked on

2023-02-23 11:21:23 - [TEST_STEP][PASSED] - countAfter = database_keywords.test.Database_Keywords.getWorkOrdersCount(): database_keywords.test.Database_Keywords.getWorkOrdersCount is PASSED

2023-02-23 11:21:29 - [MESSAGE][PASSED] - database_keywords.test.Database_Keywords.getWorkOrdersCount is PASSED

2023-02-23 11:21:29 - [TEST_STEP][PASSED] - println(countAfter): null

2023-02-23 11:21:29 - [TEST_STEP][PASSED] - if (countAfter == countBefore + 1): null

2023-02-23 11:21:29 - [TEST_STEP][PASSED] - println("Work Order Created"): null

2023-02-23 11:21:29 - [TEST_STEP][PASSED] - closeBrowser(): Browser is closed

2023-02-23 11:21:30 - [MESSAGE][PASSED] - Browser is closed

2023-02-23 11:21:30 - [TEST_STEP][PASSED] - Video: Video recording for test case 'Test Cases/GiS/Work order/Work_order_Weekly' .

2023-02-23 11:21:30 - [MESSAGE][INFO] - Video recording for test case 'Test Cases/GiS/Work order/Work_order_Weekly' .]]></system-out>
         <system-err><![CDATA[]]></system-err>
      </testcase>
      <testcase name="Test Cases/GiS/Work order/Work_order_Biweekly" time="54.577" classname="Test Cases/GiS/Work order/Work_order_Biweekly" status="PASSED">
         <system-out><![CDATA[2023-02-23 11:21:30 - [TEST_CASE][PASSED] - Test Cases/GiS/Work order/Work_order_Biweekly: Test Cases/GiS/Work order/Work_order_Biweekly

2023-02-23 11:21:30 - [TEST_STEP][PASSED] - gis_url.test.URL.redirectURL(): gis_url.test.URL.redirectURL is PASSED

2023-02-23 11:21:30 - [MESSAGE][INFO] - Starting 'Chrome' driver

2023-02-23 11:21:30 - [MESSAGE][INFO] - Action delay is set to 0 milliseconds

2023-02-23 11:21:33 - [MESSAGE][PASSED] - Browser is opened with url: 'https://streetlogix-gis-slx4-develop.vercel.app/?config=64077fc938af4bcc9a46a81d8f4e5576&token=eyJhbGciOiJIUzI1NiIsInR5cCI6IkpXVCJ9.eyJpZCI6OTc2LCJuYW1lIjoiU29oYWliIE5laGFsIiwiZXhwIjoxNjc5NTk1OTE0LCJpYXQiOjE2NzcwMDM5MTR9.2xH46-6Ez-I1oUKcoFhQjnTNUOtwKNfZcleU9MbUdCY'

2023-02-23 11:21:33 - [MESSAGE][PASSED] - gis_url.test.URL.redirectURL is PASSED

2023-02-23 11:21:33 - [TEST_STEP][PASSED] - countBefore = database_keywords.test.Database_Keywords.getWorkOrdersCount(): database_keywords.test.Database_Keywords.getWorkOrdersCount is PASSED

2023-02-23 11:21:39 - [MESSAGE][PASSED] - database_keywords.test.Database_Keywords.getWorkOrdersCount is PASSED

2023-02-23 11:21:39 - [TEST_STEP][PASSED] - println(countBefore): null

2023-02-23 11:21:39 - [TEST_STEP][PASSED] - click(findTestObject("Work order 4.0/Page_Streetlogix/Workorder page objects/Page_Streetlogix/WO icon")): Object: 'Object Repository/Work order 4.0/Page_Streetlogix/Workorder page objects/Page_Streetlogix/WO icon' is clicked on

2023-02-23 11:21:44 - [MESSAGE][PASSED] - Object: 'Object Repository/Work order 4.0/Page_Streetlogix/Workorder page objects/Page_Streetlogix/WO icon' is clicked on

2023-02-23 11:21:44 - [TEST_STEP][PASSED] - click(findTestObject("Work order 4.0/Page_Streetlogix/Workorder page objects/Page_Streetlogix/Group Dropdown")): Object: 'Object Repository/Work order 4.0/Page_Streetlogix/Workorder page objects/Page_Streetlogix/Group Dropdown' is clicked on

2023-02-23 11:21:46 - [MESSAGE][PASSED] - Object: 'Object Repository/Work order 4.0/Page_Streetlogix/Workorder page objects/Page_Streetlogix/Group Dropdown' is clicked on

2023-02-23 11:21:46 - [TEST_STEP][PASSED] - click(findTestObject("Work order 4.0/Page_Streetlogix/Workorder page objects/Page_Streetlogix/li_Bridge Inspection")): Object: 'Object Repository/Work order 4.0/Page_Streetlogix/Workorder page objects/Page_Streetlogix/li_Bridge Inspection' is clicked on

2023-02-23 11:21:46 - [MESSAGE][PASSED] - Object: 'Object Repository/Work order 4.0/Page_Streetlogix/Workorder page objects/Page_Streetlogix/li_Bridge Inspection' is clicked on

2023-02-23 11:21:46 - [TEST_STEP][PASSED] - setText(findTestObject("Work order 4.0/Page_Streetlogix/Workorder page objects/Page_Streetlogix/input_Filter by form name_standard-full-width"), "Bridge maintenance"): Text 'Bridge maintenance' is set on object 'Object Repository/Work order 4.0/Page_Streetlogix/Workorder page objects/Page_Streetlogix/input_Filter by form name_standard-full-width'

2023-02-23 11:21:51 - [MESSAGE][PASSED] - Text 'Bridge maintenance' is set on object 'Object Repository/Work order 4.0/Page_Streetlogix/Workorder page objects/Page_Streetlogix/input_Filter by form name_standard-full-width'

2023-02-23 11:21:51 - [TEST_STEP][PASSED] - click(findTestObject("Work order 4.0/Page_Streetlogix/Workorder page objects/Page_Streetlogix/span_Bridge Maintenance")): Object: 'Object Repository/Work order 4.0/Page_Streetlogix/Workorder page objects/Page_Streetlogix/span_Bridge Maintenance' is clicked on

2023-02-23 11:21:51 - [MESSAGE][PASSED] - Object: 'Object Repository/Work order 4.0/Page_Streetlogix/Workorder page objects/Page_Streetlogix/span_Bridge Maintenance' is clicked on

2023-02-23 11:21:51 - [TEST_STEP][PASSED] - click(findTestObject("Work order 4.0/Page_Streetlogix/Workorder page objects/Page_Streetlogix/input_Select Assignee_assignee-autocomplete")): Object: 'Object Repository/Work order 4.0/Page_Streetlogix/Workorder page objects/Page_Streetlogix/input_Select Assignee_assignee-autocomplete' is clicked on

2023-02-23 11:21:53 - [MESSAGE][PASSED] - Object: 'Object Repository/Work order 4.0/Page_Streetlogix/Workorder page objects/Page_Streetlogix/input_Select Assignee_assignee-autocomplete' is clicked on

2023-02-23 11:21:53 - [TEST_STEP][PASSED] - click(findTestObject("Work order 4.0/Page_Streetlogix/Workorder page objects/Page_Streetlogix/span_ami  admin")): Object: 'Object Repository/Work order 4.0/Page_Streetlogix/Workorder page objects/Page_Streetlogix/span_ami  admin' is clicked on

2023-02-23 11:21:54 - [MESSAGE][PASSED] - Object: 'Object Repository/Work order 4.0/Page_Streetlogix/Workorder page objects/Page_Streetlogix/span_ami  admin' is clicked on

2023-02-23 11:21:54 - [TEST_STEP][PASSED] - click(findTestObject("Work order 4.0/Page_Streetlogix/Workorder page objects/Page_Streetlogix/input_Collaborators_collaborators-autocomplete")): Object: 'Object Repository/Work order 4.0/Page_Streetlogix/Workorder page objects/Page_Streetlogix/input_Collaborators_collaborators-autocomplete' is clicked on

2023-02-23 11:21:55 - [MESSAGE][PASSED] - Object: 'Object Repository/Work order 4.0/Page_Streetlogix/Workorder page objects/Page_Streetlogix/input_Collaborators_collaborators-autocomplete' is clicked on

2023-02-23 11:21:55 - [TEST_STEP][PASSED] - click(findTestObject("Work order 4.0/Page_Streetlogix/Workorder page objects/Page_Streetlogix/span_ami  admin")): Object: 'Object Repository/Work order 4.0/Page_Streetlogix/Workorder page objects/Page_Streetlogix/span_ami  admin' is clicked on

2023-02-23 11:21:56 - [MESSAGE][PASSED] - Object: 'Object Repository/Work order 4.0/Page_Streetlogix/Workorder page objects/Page_Streetlogix/span_ami  admin' is clicked on

2023-02-23 11:21:56 - [TEST_STEP][PASSED] - click(findTestObject("Work order 4.0/Page_Streetlogix/Workorder page objects/Page_Streetlogix/h6_Bridge Maintenance")): Object: 'Object Repository/Work order 4.0/Page_Streetlogix/Workorder page objects/Page_Streetlogix/h6_Bridge Maintenance' is clicked on

2023-02-23 11:21:56 - [MESSAGE][PASSED] - Object: 'Object Repository/Work order 4.0/Page_Streetlogix/Workorder page objects/Page_Streetlogix/h6_Bridge Maintenance' is clicked on

2023-02-23 11:21:56 - [TEST_STEP][PASSED] - setText(findTestObject("Work order 4.0/Page_Streetlogix/Workorder page objects/Page_Streetlogix/Page_Streetlogix/Page_Streetlogix/input_Address_asset-id-address"), "12"): Text '12' is set on object 'Object Repository/Work order 4.0/Page_Streetlogix/Workorder page objects/Page_Streetlogix/Page_Streetlogix/Page_Streetlogix/input_Address_asset-id-address'

2023-02-23 11:21:57 - [MESSAGE][PASSED] - Text '12' is set on object 'Object Repository/Work order 4.0/Page_Streetlogix/Workorder page objects/Page_Streetlogix/Page_Streetlogix/Page_Streetlogix/input_Address_asset-id-address'

2023-02-23 11:21:57 - [TEST_STEP][PASSED] - click(findTestObject("Work order 4.0/Page_Streetlogix/Workorder page objects/Page_Streetlogix/li_12TH STREET CONNECTOR From CHESTNUT ST To MAGAZINE ST - 20476")): Object: 'Object Repository/Work order 4.0/Page_Streetlogix/Workorder page objects/Page_Streetlogix/li_12TH STREET CONNECTOR From CHESTNUT ST To MAGAZINE ST - 20476' is clicked on

2023-02-23 11:21:58 - [MESSAGE][PASSED] - Object: 'Object Repository/Work order 4.0/Page_Streetlogix/Workorder page objects/Page_Streetlogix/li_12TH STREET CONNECTOR From CHESTNUT ST To MAGAZINE ST - 20476' is clicked on

2023-02-23 11:21:58 - [TEST_STEP][PASSED] - setText(findTestObject("Work order 4.0/Page_Streetlogix/Workorder page objects/Page_Streetlogix/textarea_Test"), "Test"): Text 'Test' is set on object 'Object Repository/Work order 4.0/Page_Streetlogix/Workorder page objects/Page_Streetlogix/textarea_Test'

2023-02-23 11:21:59 - [MESSAGE][PASSED] - Text 'Test' is set on object 'Object Repository/Work order 4.0/Page_Streetlogix/Workorder page objects/Page_Streetlogix/textarea_Test'

2023-02-23 11:21:59 - [TEST_STEP][PASSED] - click(findTestObject("Work order 4.0/Page_Streetlogix/Workorder page objects/Page_Streetlogix/Page_Streetlogix/Page_Streetlogix/div_Urgent")): Object: 'Object Repository/Work order 4.0/Page_Streetlogix/Workorder page objects/Page_Streetlogix/Page_Streetlogix/Page_Streetlogix/div_Urgent' is clicked on

2023-02-23 11:22:00 - [MESSAGE][PASSED] - Object: 'Object Repository/Work order 4.0/Page_Streetlogix/Workorder page objects/Page_Streetlogix/Page_Streetlogix/Page_Streetlogix/div_Urgent' is clicked on

2023-02-23 11:22:00 - [TEST_STEP][PASSED] - click(findTestObject("Work order 4.0/Page_Streetlogix/Workorder page objects/Page_Streetlogix/li_High")): Object: 'Object Repository/Work order 4.0/Page_Streetlogix/Workorder page objects/Page_Streetlogix/li_High' is clicked on

2023-02-23 11:22:00 - [MESSAGE][PASSED] - Object: 'Object Repository/Work order 4.0/Page_Streetlogix/Workorder page objects/Page_Streetlogix/li_High' is clicked on

2023-02-23 11:22:00 - [TEST_STEP][PASSED] - click(findTestObject("Work order 4.0/Page_Streetlogix/Workorder page objects/Page_Streetlogix/input_Upload_repeatingWorkOrder")): Object: 'Object Repository/Work order 4.0/Page_Streetlogix/Workorder page objects/Page_Streetlogix/input_Upload_repeatingWorkOrder' is clicked on

2023-02-23 11:22:01 - [MESSAGE][PASSED] - Object: 'Object Repository/Work order 4.0/Page_Streetlogix/Workorder page objects/Page_Streetlogix/input_Upload_repeatingWorkOrder' is clicked on

2023-02-23 11:22:01 - [TEST_STEP][PASSED] - click(findTestObject("Work order 4.0/Page_Streetlogix/Workorder page objects/Page_Streetlogix/div_Daily")): Object: 'Object Repository/Work order 4.0/Page_Streetlogix/Workorder page objects/Page_Streetlogix/div_Daily' is clicked on

2023-02-23 11:22:02 - [MESSAGE][PASSED] - Object: 'Object Repository/Work order 4.0/Page_Streetlogix/Workorder page objects/Page_Streetlogix/div_Daily' is clicked on

2023-02-23 11:22:02 - [TEST_STEP][PASSED] - click(findTestObject("Work order 4.0/Page_Streetlogix/Workorder page objects/Page_Streetlogix/li_Biweekly")): Object: 'Object Repository/Work order 4.0/Page_Streetlogix/Workorder page objects/Page_Streetlogix/li_Biweekly' is clicked on

2023-02-23 11:22:02 - [MESSAGE][PASSED] - Object: 'Object Repository/Work order 4.0/Page_Streetlogix/Workorder page objects/Page_Streetlogix/li_Biweekly' is clicked on

2023-02-23 11:22:02 - [TEST_STEP][PASSED] - click(findTestObject("Work order 4.0/Page_Streetlogix/Workorder page objects/Page_Streetlogix/input_Statement Field Test_equipment")): Object: 'Object Repository/Work order 4.0/Page_Streetlogix/Workorder page objects/Page_Streetlogix/input_Statement Field Test_equipment' is clicked on

2023-02-23 11:22:03 - [MESSAGE][PASSED] - Object: 'Object Repository/Work order 4.0/Page_Streetlogix/Workorder page objects/Page_Streetlogix/input_Statement Field Test_equipment' is clicked on

2023-02-23 11:22:03 - [TEST_STEP][PASSED] - delay(3): Delayed 3 second(s)

2023-02-23 11:22:06 - [MESSAGE][PASSED] - Delayed 3 second(s)

2023-02-23 11:22:06 - [TEST_STEP][PASSED] - click(findTestObject("Work order 4.0/Page_Streetlogix/Workorder page objects/Page_Streetlogix/Page_Streetlogix/Page_Streetlogix/Page_Streetlogix/div_equip")): Object: 'Object Repository/Work order 4.0/Page_Streetlogix/Workorder page objects/Page_Streetlogix/Page_Streetlogix/Page_Streetlogix/Page_Streetlogix/div_equip' is clicked on

2023-02-23 11:22:07 - [MESSAGE][PASSED] - Object: 'Object Repository/Work order 4.0/Page_Streetlogix/Workorder page objects/Page_Streetlogix/Page_Streetlogix/Page_Streetlogix/Page_Streetlogix/div_equip' is clicked on

2023-02-23 11:22:07 - [TEST_STEP][PASSED] - click(findTestObject("Work order 4.0/Page_Streetlogix/Workorder page objects/Page_Streetlogix/li_Snow Plow - 15")): Object: 'Object Repository/Work order 4.0/Page_Streetlogix/Workorder page objects/Page_Streetlogix/li_Snow Plow - 15' is clicked on

2023-02-23 11:22:07 - [MESSAGE][PASSED] - Object: 'Object Repository/Work order 4.0/Page_Streetlogix/Workorder page objects/Page_Streetlogix/li_Snow Plow - 15' is clicked on

2023-02-23 11:22:07 - [TEST_STEP][PASSED] - click(findTestObject("Work order 4.0/Page_Streetlogix/Workorder page objects/Page_Streetlogix/input_Add Item_material")): Object: 'Object Repository/Work order 4.0/Page_Streetlogix/Workorder page objects/Page_Streetlogix/input_Add Item_material' is clicked on

2023-02-23 11:22:08 - [MESSAGE][PASSED] - Object: 'Object Repository/Work order 4.0/Page_Streetlogix/Workorder page objects/Page_Streetlogix/input_Add Item_material' is clicked on

2023-02-23 11:22:08 - [TEST_STEP][PASSED] - delay(3): Delayed 3 second(s)

2023-02-23 11:22:11 - [MESSAGE][PASSED] - Delayed 3 second(s)

2023-02-23 11:22:11 - [TEST_STEP][PASSED] - click(findTestObject("Work order 4.0/Page_Streetlogix/Workorder page objects/Page_Streetlogix/Page_Streetlogix/Page_Streetlogix/Page_Streetlogix/div_material")): Object: 'Object Repository/Work order 4.0/Page_Streetlogix/Workorder page objects/Page_Streetlogix/Page_Streetlogix/Page_Streetlogix/Page_Streetlogix/div_material' is clicked on

2023-02-23 11:22:11 - [MESSAGE][PASSED] - Object: 'Object Repository/Work order 4.0/Page_Streetlogix/Workorder page objects/Page_Streetlogix/Page_Streetlogix/Page_Streetlogix/Page_Streetlogix/div_material' is clicked on

2023-02-23 11:22:11 - [TEST_STEP][PASSED] - click(findTestObject("Work order 4.0/Page_Streetlogix/Workorder page objects/Page_Streetlogix/li_Asphalt - 22")): Object: 'Object Repository/Work order 4.0/Page_Streetlogix/Workorder page objects/Page_Streetlogix/li_Asphalt - 22' is clicked on

2023-02-23 11:22:12 - [MESSAGE][PASSED] - Object: 'Object Repository/Work order 4.0/Page_Streetlogix/Workorder page objects/Page_Streetlogix/li_Asphalt - 22' is clicked on

2023-02-23 11:22:12 - [TEST_STEP][PASSED] - click(findTestObject("Work order 4.0/Page_Streetlogix/Workorder page objects/Page_Streetlogix/input_Add Item_labor")): Object: 'Object Repository/Work order 4.0/Page_Streetlogix/Workorder page objects/Page_Streetlogix/input_Add Item_labor' is clicked on

2023-02-23 11:22:13 - [MESSAGE][PASSED] - Object: 'Object Repository/Work order 4.0/Page_Streetlogix/Workorder page objects/Page_Streetlogix/input_Add Item_labor' is clicked on

2023-02-23 11:22:13 - [TEST_STEP][PASSED] - delay(3): Delayed 3 second(s)

2023-02-23 11:22:16 - [MESSAGE][PASSED] - Delayed 3 second(s)

2023-02-23 11:22:16 - [TEST_STEP][PASSED] - click(findTestObject("Work order 4.0/Page_Streetlogix/Workorder page objects/Page_Streetlogix/Page_Streetlogix/Page_Streetlogix/Page_Streetlogix/div_labor")): Object: 'Object Repository/Work order 4.0/Page_Streetlogix/Workorder page objects/Page_Streetlogix/Page_Streetlogix/Page_Streetlogix/Page_Streetlogix/div_labor' is clicked on

2023-02-23 11:22:16 - [MESSAGE][PASSED] - Object: 'Object Repository/Work order 4.0/Page_Streetlogix/Workorder page objects/Page_Streetlogix/Page_Streetlogix/Page_Streetlogix/Page_Streetlogix/div_labor' is clicked on

2023-02-23 11:22:16 - [TEST_STEP][PASSED] - click(findTestObject("Work order 4.0/Page_Streetlogix/Workorder page objects/Page_Streetlogix/li_Supervisor - 30")): Object: 'Object Repository/Work order 4.0/Page_Streetlogix/Workorder page objects/Page_Streetlogix/li_Supervisor - 30' is clicked on

2023-02-23 11:22:17 - [MESSAGE][PASSED] - Object: 'Object Repository/Work order 4.0/Page_Streetlogix/Workorder page objects/Page_Streetlogix/li_Supervisor - 30' is clicked on

2023-02-23 11:22:17 - [TEST_STEP][PASSED] - click(findTestObject("Work order 4.0/Page_Streetlogix/Workorder page objects/Page_Streetlogix/span_Add Item")): Object: 'Object Repository/Work order 4.0/Page_Streetlogix/Workorder page objects/Page_Streetlogix/span_Add Item' is clicked on

2023-02-23 11:22:18 - [MESSAGE][PASSED] - Object: 'Object Repository/Work order 4.0/Page_Streetlogix/Workorder page objects/Page_Streetlogix/span_Add Item' is clicked on

2023-02-23 11:22:18 - [TEST_STEP][PASSED] - click(findTestObject("Work order 4.0/Page_Streetlogix/Workorder page objects/Page_Streetlogix/span_Save")): Object: 'Object Repository/Work order 4.0/Page_Streetlogix/Workorder page objects/Page_Streetlogix/span_Save' is clicked on

2023-02-23 11:22:18 - [MESSAGE][PASSED] - Object: 'Object Repository/Work order 4.0/Page_Streetlogix/Workorder page objects/Page_Streetlogix/span_Save' is clicked on

2023-02-23 11:22:18 - [TEST_STEP][PASSED] - countAfter = database_keywords.test.Database_Keywords.getWorkOrdersCount(): database_keywords.test.Database_Keywords.getWorkOrdersCount is PASSED

2023-02-23 11:22:24 - [MESSAGE][PASSED] - database_keywords.test.Database_Keywords.getWorkOrdersCount is PASSED

2023-02-23 11:22:24 - [TEST_STEP][PASSED] - println(countAfter): null

2023-02-23 11:22:24 - [TEST_STEP][PASSED] - if (countAfter == countBefore + 1): null

2023-02-23 11:22:24 - [TEST_STEP][PASSED] - println("Work Order Created"): null

2023-02-23 11:22:24 - [TEST_STEP][PASSED] - closeBrowser(): Browser is closed

2023-02-23 11:22:24 - [MESSAGE][PASSED] - Browser is closed

2023-02-23 11:22:24 - [TEST_STEP][PASSED] - Video: Video recording for test case 'Test Cases/GiS/Work order/Work_order_Biweekly' .

2023-02-23 11:22:24 - [MESSAGE][INFO] - Video recording for test case 'Test Cases/GiS/Work order/Work_order_Biweekly' .]]></system-out>
         <system-err><![CDATA[]]></system-err>
      </testcase>
      <testcase name="Test Cases/GiS/Layers/Statistics on GIS layer" time="88.911" classname="Test Cases/GiS/Layers/Statistics on GIS layer" status="PASSED">
         <system-out><![CDATA[2023-02-23 11:22:24 - [TEST_CASE][PASSED] - Test Cases/GiS/Layers/Statistics on GIS layer: Test Cases/GiS/Layers/Statistics on GIS layer

2023-02-23 11:22:24 - [TEST_STEP][PASSED] - gis_url.test.URL.redirectURL(): gis_url.test.URL.redirectURL is PASSED

2023-02-23 11:22:24 - [MESSAGE][INFO] - Starting 'Chrome' driver

2023-02-23 11:22:24 - [MESSAGE][INFO] - Action delay is set to 0 milliseconds

2023-02-23 11:22:28 - [MESSAGE][PASSED] - Browser is opened with url: 'https://streetlogix-gis-slx4-develop.vercel.app/?config=64077fc938af4bcc9a46a81d8f4e5576&token=eyJhbGciOiJIUzI1NiIsInR5cCI6IkpXVCJ9.eyJpZCI6OTc2LCJuYW1lIjoiU29oYWliIE5laGFsIiwiZXhwIjoxNjc5NTk1OTE0LCJpYXQiOjE2NzcwMDM5MTR9.2xH46-6Ez-I1oUKcoFhQjnTNUOtwKNfZcleU9MbUdCY'

2023-02-23 11:22:28 - [MESSAGE][PASSED] - gis_url.test.URL.redirectURL is PASSED

2023-02-23 11:22:28 - [TEST_STEP][PASSED] - click(findTestObject("Page_Streetlogix/img_Search_rail-icon")): Object: 'Object Repository/Page_Streetlogix/img_Search_rail-icon' is clicked on

2023-02-23 11:22:34 - [MESSAGE][PASSED] - Object: 'Object Repository/Page_Streetlogix/img_Search_rail-icon' is clicked on

2023-02-23 11:22:34 - [TEST_STEP][PASSED] - delay(5): Delayed 5 second(s)

2023-02-23 11:22:39 - [MESSAGE][PASSED] - Delayed 5 second(s)

2023-02-23 11:22:39 - [TEST_STEP][PASSED] - pci = getText(findTestObject("Object Repository/Page_Streetlogix/h6_Pavement Average Condition 58")): Text of object 'Object Repository/Page_Streetlogix/h6_Pavement Average Condition 58' is: 'Pavement Average Condition PCI: 11'

2023-02-23 11:22:40 - [MESSAGE][PASSED] - Text of object 'Object Repository/Page_Streetlogix/h6_Pavement Average Condition 58' is: 'Pavement Average Condition PCI: 11'

2023-02-23 11:22:40 - [TEST_STEP][PASSED] - pciAvg = pci.replaceAll("[^0-9]", ""): null

2023-02-23 11:22:40 - [TEST_STEP][PASSED] - avgPCI = database_keywords.test.Database_Keywords.getAveragePCI(): database_keywords.test.Database_Keywords.getAveragePCI is PASSED

2023-02-23 11:22:52 - [MESSAGE][PASSED] - database_keywords.test.Database_Keywords.getAveragePCI is PASSED

2023-02-23 11:22:52 - [TEST_STEP][PASSED] - println(avgPCI): null

2023-02-23 11:22:52 - [TEST_STEP][PASSED] - verifyMatch(pciAvg, avgPCI, false): Actual text '11' and expected text '11' are matched 

2023-02-23 11:22:52 - [MESSAGE][PASSED] - Actual text '11' and expected text '11' are matched 

2023-02-23 11:22:52 - [TEST_STEP][PASSED] - milespci = getText(findTestObject("Object Repository/Page_Streetlogix/p_Total Length 2,148 miles")): Text of object 'Object Repository/Page_Streetlogix/p_Total Length 2,148 miles' is: 'Total Length: 2,317 miles'

2023-02-23 11:22:53 - [MESSAGE][PASSED] - Text of object 'Object Repository/Page_Streetlogix/p_Total Length 2,148 miles' is: 'Total Length: 2,317 miles'

2023-02-23 11:22:53 - [TEST_STEP][PASSED] - pciMiles = milespci.replaceAll("[^0-9]", ""): null

2023-02-23 11:22:53 - [TEST_STEP][PASSED] - totalMilesPCI = database_keywords.test.Database_Keywords.getPavementMiles(): database_keywords.test.Database_Keywords.getPavementMiles is PASSED

2023-02-23 11:22:56 - [MESSAGE][PASSED] - database_keywords.test.Database_Keywords.getPavementMiles is PASSED

2023-02-23 11:22:56 - [TEST_STEP][PASSED] - verifyMatch(pciMiles, totalMilesPCI, false): Actual text '2317' and expected text '2317' are matched 

2023-02-23 11:22:56 - [MESSAGE][PASSED] - Actual text '2317' and expected text '2317' are matched 

2023-02-23 11:22:56 - [TEST_STEP][PASSED] - backlogPCI = getText(findTestObject("Object Repository/Page_Streetlogix/p_Total Backlog  1,189,007,890")): Text of object 'Object Repository/Page_Streetlogix/p_Total Backlog  1,189,007,890' is: 'Total Backlog: $640,107,921'

2023-02-23 11:22:57 - [MESSAGE][PASSED] - Text of object 'Object Repository/Page_Streetlogix/p_Total Backlog  1,189,007,890' is: 'Total Backlog: $640,107,921'

2023-02-23 11:22:57 - [TEST_STEP][PASSED] - pciBacklog = backlogPCI.replaceAll("[^0-9]", ""): null

2023-02-23 11:22:57 - [TEST_STEP][PASSED] - totalBacklogPCI = database_keywords.test.Database_Keywords.getPavementBacklog(): database_keywords.test.Database_Keywords.getPavementBacklog is PASSED

2023-02-23 11:23:00 - [MESSAGE][PASSED] - database_keywords.test.Database_Keywords.getPavementBacklog is PASSED

2023-02-23 11:23:00 - [TEST_STEP][PASSED] - verifyMatch(pciBacklog, totalBacklogPCI, false): Actual text '640107921' and expected text '640107921' are matched 

2023-02-23 11:23:00 - [MESSAGE][PASSED] - Actual text '640107921' and expected text '640107921' are matched 

2023-02-23 11:23:00 - [TEST_STEP][PASSED] - click(findTestObject("Object Repository/Page_Streetlogix/circle")): Object: 'Object Repository/Page_Streetlogix/circle' is clicked on

2023-02-23 11:23:00 - [MESSAGE][PASSED] - Object: 'Object Repository/Page_Streetlogix/circle' is clicked on

2023-02-23 11:23:00 - [TEST_STEP][PASSED] - delay(5): Delayed 5 second(s)

2023-02-23 11:23:05 - [MESSAGE][PASSED] - Delayed 5 second(s)

2023-02-23 11:23:05 - [TEST_STEP][PASSED] - sci = getText(findTestObject("Object Repository/Page_Streetlogix/h6_Sidewalk Average Condition 54")): Text of object 'Object Repository/Page_Streetlogix/h6_Sidewalk Average Condition 54' is: 'Sidewalk Average Condition SCI: 54'

2023-02-23 11:23:06 - [MESSAGE][PASSED] - Text of object 'Object Repository/Page_Streetlogix/h6_Sidewalk Average Condition 54' is: 'Sidewalk Average Condition SCI: 54'

2023-02-23 11:23:06 - [TEST_STEP][PASSED] - sciAvg = sci.replaceAll("[^0-9]", ""): null

2023-02-23 11:23:06 - [TEST_STEP][PASSED] - avgSCI = database_keywords.test.Database_Keywords.getAverageSCI(): database_keywords.test.Database_Keywords.getAverageSCI is PASSED

2023-02-23 11:23:44 - [MESSAGE][PASSED] - database_keywords.test.Database_Keywords.getAverageSCI is PASSED

2023-02-23 11:23:44 - [TEST_STEP][PASSED] - verifyMatch(sciAvg, avgSCI, false): Actual text '54' and expected text '54' are matched 

2023-02-23 11:23:44 - [MESSAGE][PASSED] - Actual text '54' and expected text '54' are matched 

2023-02-23 11:23:44 - [TEST_STEP][PASSED] - milesSCI = getText(findTestObject("Object Repository/Page_Streetlogix/p_Total Length 1,868 miles")): Text of object 'Object Repository/Page_Streetlogix/p_Total Length 1,868 miles' is: 'Total Length: 1,868 miles'

2023-02-23 11:23:45 - [MESSAGE][PASSED] - Text of object 'Object Repository/Page_Streetlogix/p_Total Length 1,868 miles' is: 'Total Length: 1,868 miles'

2023-02-23 11:23:45 - [TEST_STEP][PASSED] - sciMiles = milesSCI.replaceAll("[^0-9]", ""): null

2023-02-23 11:23:45 - [TEST_STEP][PASSED] - totalMilesSCI = database_keywords.test.Database_Keywords.getSidewalkMiles(): database_keywords.test.Database_Keywords.getSidewalkMiles is PASSED

2023-02-23 11:23:49 - [MESSAGE][PASSED] - database_keywords.test.Database_Keywords.getSidewalkMiles is PASSED

2023-02-23 11:23:49 - [TEST_STEP][PASSED] - verifyMatch(sciMiles, totalMilesSCI, false): Actual text '1868' and expected text '1868' are matched 

2023-02-23 11:23:49 - [MESSAGE][PASSED] - Actual text '1868' and expected text '1868' are matched 

2023-02-23 11:23:49 - [TEST_STEP][PASSED] - backlogSCI = getText(findTestObject("Object Repository/Page_Streetlogix/p_Total Backlog  222,017,072")): Text of object 'Object Repository/Page_Streetlogix/p_Total Backlog  222,017,072' is: 'Total Backlog: $119,833'

2023-02-23 11:23:50 - [MESSAGE][PASSED] - Text of object 'Object Repository/Page_Streetlogix/p_Total Backlog  222,017,072' is: 'Total Backlog: $119,833'

2023-02-23 11:23:50 - [TEST_STEP][PASSED] - sciBacklog = backlogSCI.replaceAll("[^0-9]", ""): null

2023-02-23 11:23:50 - [TEST_STEP][PASSED] - totalBacklogSCI = database_keywords.test.Database_Keywords.getSidewalkBacklog(): database_keywords.test.Database_Keywords.getSidewalkBacklog is PASSED

2023-02-23 11:23:53 - [MESSAGE][PASSED] - database_keywords.test.Database_Keywords.getSidewalkBacklog is PASSED

2023-02-23 11:23:53 - [TEST_STEP][PASSED] - verifyMatch(sciBacklog, totalBacklogSCI, false): Actual text '119833' and expected text '119833' are matched 

2023-02-23 11:23:53 - [MESSAGE][PASSED] - Actual text '119833' and expected text '119833' are matched 

2023-02-23 11:23:53 - [TEST_STEP][PASSED] - closeBrowser(): Browser is closed

2023-02-23 11:23:53 - [MESSAGE][PASSED] - Browser is closed

2023-02-23 11:23:53 - [TEST_STEP][PASSED] - Video: Video recording for test case 'Test Cases/GiS/Layers/Statistics on GIS layer' .

2023-02-23 11:23:53 - [MESSAGE][INFO] - Video recording for test case 'Test Cases/GiS/Layers/Statistics on GIS layer' .]]></system-out>
         <system-err><![CDATA[]]></system-err>
      </testcase>
      <testcase name="Test Cases/GiS/EBP_Inflation/EBP_Inflation" time="105.87" classname="Test Cases/GiS/EBP_Inflation/EBP_Inflation" status="PASSED">
         <system-out><![CDATA[2023-02-23 11:23:53 - [TEST_CASE][PASSED] - Test Cases/GiS/EBP_Inflation/EBP_Inflation: Test Cases/GiS/EBP_Inflation/EBP_Inflation

2023-02-23 11:23:53 - [TEST_STEP][PASSED] - gis_url.test.URL.redirectURL(): gis_url.test.URL.redirectURL is PASSED

2023-02-23 11:23:53 - [MESSAGE][INFO] - Starting 'Chrome' driver

2023-02-23 11:23:53 - [MESSAGE][INFO] - Action delay is set to 0 milliseconds

2023-02-23 11:23:57 - [MESSAGE][PASSED] - Browser is opened with url: 'https://streetlogix-gis-slx4-develop.vercel.app/?config=64077fc938af4bcc9a46a81d8f4e5576&token=eyJhbGciOiJIUzI1NiIsInR5cCI6IkpXVCJ9.eyJpZCI6OTc2LCJuYW1lIjoiU29oYWliIE5laGFsIiwiZXhwIjoxNjc5NTk1OTE0LCJpYXQiOjE2NzcwMDM5MTR9.2xH46-6Ez-I1oUKcoFhQjnTNUOtwKNfZcleU9MbUdCY'

2023-02-23 11:23:57 - [MESSAGE][PASSED] - gis_url.test.URL.redirectURL is PASSED

2023-02-23 11:23:57 - [TEST_STEP][PASSED] - click(findTestObject("Object Repository/EBP_Object/Page_Streetlogix/Menubar-icon")): Object: 'Object Repository/EBP_Object/Page_Streetlogix/Menubar-icon' is clicked on

2023-02-23 11:24:02 - [MESSAGE][PASSED] - Object: 'Object Repository/EBP_Object/Page_Streetlogix/Menubar-icon' is clicked on

2023-02-23 11:24:02 - [TEST_STEP][PASSED] - click(findTestObject("Object Repository/EBP_Object/Page_Streetlogix/Budgeting-icon")): Object: 'Object Repository/EBP_Object/Page_Streetlogix/Budgeting-icon' is clicked on

2023-02-23 11:24:04 - [MESSAGE][PASSED] - Object: 'Object Repository/EBP_Object/Page_Streetlogix/Budgeting-icon' is clicked on

2023-02-23 11:24:04 - [TEST_STEP][PASSED] - click(findTestObject("Object Repository/EBP_Object/Page_Streetlogix/EBP_Pavemnet dropdown")): Object: 'Object Repository/EBP_Object/Page_Streetlogix/EBP_Pavemnet dropdown' is clicked on

2023-02-23 11:24:06 - [MESSAGE][PASSED] - Object: 'Object Repository/EBP_Object/Page_Streetlogix/EBP_Pavemnet dropdown' is clicked on

2023-02-23 11:24:06 - [TEST_STEP][PASSED] - click(findTestObject("Object Repository/EBP_Object/Page_Streetlogix/li_Pavement Maintenance")): Object: 'Object Repository/EBP_Object/Page_Streetlogix/li_Pavement Maintenance' is clicked on

2023-02-23 11:24:11 - [MESSAGE][PASSED] - Object: 'Object Repository/EBP_Object/Page_Streetlogix/li_Pavement Maintenance' is clicked on

2023-02-23 11:24:11 - [TEST_STEP][PASSED] - sendKeys(findTestObject("Object Repository/EBP_Object/Page_Streetlogix/input_Scenario Name_scenarioName"), Keys.chord(COMMAND, "a")): Keys 'COMMAND + a' sent to object: 'Object Repository/EBP_Object/Page_Streetlogix/input_Scenario Name_scenarioName'

2023-02-23 11:24:12 - [MESSAGE][PASSED] - Keys 'COMMAND + a' sent to object: 'Object Repository/EBP_Object/Page_Streetlogix/input_Scenario Name_scenarioName'

2023-02-23 11:24:12 - [TEST_STEP][PASSED] - sendKeys(findTestObject("Object Repository/EBP_Object/Page_Streetlogix/input_Scenario Name_scenarioName"), Keys.chord(DELETE)): Keys 'DELETE + ' sent to object: 'Object Repository/EBP_Object/Page_Streetlogix/input_Scenario Name_scenarioName'

2023-02-23 11:24:13 - [MESSAGE][PASSED] - Keys 'DELETE + ' sent to object: 'Object Repository/EBP_Object/Page_Streetlogix/input_Scenario Name_scenarioName'

2023-02-23 11:24:13 - [TEST_STEP][PASSED] - setText(findTestObject("Object Repository/EBP_Object/Page_Streetlogix/input_Scenario Name_scenarioName"), "EBP_Inflation 7.5"): Text 'EBP_Inflation 7.5' is set on object 'Object Repository/EBP_Object/Page_Streetlogix/input_Scenario Name_scenarioName'

2023-02-23 11:24:14 - [MESSAGE][PASSED] - Text 'EBP_Inflation 7.5' is set on object 'Object Repository/EBP_Object/Page_Streetlogix/input_Scenario Name_scenarioName'

2023-02-23 11:24:14 - [TEST_STEP][PASSED] - sendKeys(findTestObject("Object Repository/EBP_Object/Page_Streetlogix/input_Annual Budget_budgets"), Keys.chord(COMMAND, "a")): Keys 'COMMAND + a' sent to object: 'Object Repository/EBP_Object/Page_Streetlogix/input_Annual Budget_budgets'

2023-02-23 11:24:14 - [MESSAGE][PASSED] - Keys 'COMMAND + a' sent to object: 'Object Repository/EBP_Object/Page_Streetlogix/input_Annual Budget_budgets'

2023-02-23 11:24:14 - [TEST_STEP][PASSED] - sendKeys(findTestObject("Object Repository/EBP_Object/Page_Streetlogix/input_Annual Budget_budgets"), Keys.chord(DELETE)): Keys 'DELETE + ' sent to object: 'Object Repository/EBP_Object/Page_Streetlogix/input_Annual Budget_budgets'

2023-02-23 11:24:14 - [MESSAGE][PASSED] - Keys 'DELETE + ' sent to object: 'Object Repository/EBP_Object/Page_Streetlogix/input_Annual Budget_budgets'

2023-02-23 11:24:14 - [TEST_STEP][PASSED] - setText(findTestObject("Object Repository/EBP_Object/Page_Streetlogix/input_Annual Budget_budgets"), "100,000"): Text '100,000' is set on object 'Object Repository/EBP_Object/Page_Streetlogix/input_Annual Budget_budgets'

2023-02-23 11:24:15 - [MESSAGE][PASSED] - Text '100,000' is set on object 'Object Repository/EBP_Object/Page_Streetlogix/input_Annual Budget_budgets'

2023-02-23 11:24:15 - [TEST_STEP][PASSED] - sendKeys(findTestObject("Object Repository/EBP_Object/Page_Streetlogix/input_Program duration_programDuration"), Keys.chord(COMMAND, "a")): Keys 'COMMAND + a' sent to object: 'Object Repository/EBP_Object/Page_Streetlogix/input_Program duration_programDuration'

2023-02-23 11:24:16 - [MESSAGE][PASSED] - Keys 'COMMAND + a' sent to object: 'Object Repository/EBP_Object/Page_Streetlogix/input_Program duration_programDuration'

2023-02-23 11:24:16 - [TEST_STEP][PASSED] - sendKeys(findTestObject("Object Repository/EBP_Object/Page_Streetlogix/input_Program duration_programDuration"), Keys.chord(DELETE)): Keys 'DELETE + ' sent to object: 'Object Repository/EBP_Object/Page_Streetlogix/input_Program duration_programDuration'

2023-02-23 11:24:16 - [MESSAGE][PASSED] - Keys 'DELETE + ' sent to object: 'Object Repository/EBP_Object/Page_Streetlogix/input_Program duration_programDuration'

2023-02-23 11:24:16 - [TEST_STEP][PASSED] - setText(findTestObject("Object Repository/EBP_Object/Page_Streetlogix/input_Program duration_programDuration"), "5"): Text '5' is set on object 'Object Repository/EBP_Object/Page_Streetlogix/input_Program duration_programDuration'

2023-02-23 11:24:17 - [MESSAGE][PASSED] - Text '5' is set on object 'Object Repository/EBP_Object/Page_Streetlogix/input_Program duration_programDuration'

2023-02-23 11:24:17 - [TEST_STEP][PASSED] - sendKeys(findTestObject("Object Repository/EBP_Object/Page_Streetlogix/input_Annual Inflation_annualInflation"), Keys.chord(COMMAND, "a")): Keys 'COMMAND + a' sent to object: 'Object Repository/EBP_Object/Page_Streetlogix/input_Annual Inflation_annualInflation'

2023-02-23 11:24:17 - [MESSAGE][PASSED] - Keys 'COMMAND + a' sent to object: 'Object Repository/EBP_Object/Page_Streetlogix/input_Annual Inflation_annualInflation'

2023-02-23 11:24:17 - [TEST_STEP][PASSED] - sendKeys(findTestObject("Object Repository/EBP_Object/Page_Streetlogix/input_Annual Inflation_annualInflation"), Keys.chord(DELETE)): Keys 'DELETE + ' sent to object: 'Object Repository/EBP_Object/Page_Streetlogix/input_Annual Inflation_annualInflation'

2023-02-23 11:24:18 - [MESSAGE][PASSED] - Keys 'DELETE + ' sent to object: 'Object Repository/EBP_Object/Page_Streetlogix/input_Annual Inflation_annualInflation'

2023-02-23 11:24:18 - [TEST_STEP][PASSED] - setText(findTestObject("Object Repository/EBP_Object/Page_Streetlogix/input_Annual Inflation_annualInflation"), "7.5"): Text '7.5' is set on object 'Object Repository/EBP_Object/Page_Streetlogix/input_Annual Inflation_annualInflation'

2023-02-23 11:24:19 - [MESSAGE][PASSED] - Text '7.5' is set on object 'Object Repository/EBP_Object/Page_Streetlogix/input_Annual Inflation_annualInflation'

2023-02-23 11:24:19 - [TEST_STEP][PASSED] - click(findTestObject("Object Repository/EBP_Object/Page_Streetlogix/Apply_Button")): Object: 'Object Repository/EBP_Object/Page_Streetlogix/Apply_Button' is clicked on

2023-02-23 11:24:19 - [MESSAGE][PASSED] - Object: 'Object Repository/EBP_Object/Page_Streetlogix/Apply_Button' is clicked on

2023-02-23 11:24:19 - [TEST_STEP][PASSED] - delay(50): Delayed 50 second(s)

2023-02-23 11:25:09 - [MESSAGE][PASSED] - Delayed 50 second(s)

2023-02-23 11:25:09 - [TEST_STEP][PASSED] - click(findTestObject("Object Repository/EBP_Object/Page_Streetlogix/span_Load")): Object: 'Object Repository/EBP_Object/Page_Streetlogix/span_Load' is clicked on

2023-02-23 11:25:10 - [MESSAGE][PASSED] - Object: 'Object Repository/EBP_Object/Page_Streetlogix/span_Load' is clicked on

2023-02-23 11:25:10 - [TEST_STEP][PASSED] - click(findTestObject("Object Repository/EBP_Object/Page_Streetlogix/EBP_Inflation_7.5")): Object: 'Object Repository/EBP_Object/Page_Streetlogix/EBP_Inflation_7.5' is clicked on

2023-02-23 11:25:12 - [MESSAGE][PASSED] - Object: 'Object Repository/EBP_Object/Page_Streetlogix/EBP_Inflation_7.5' is clicked on

2023-02-23 11:25:12 - [TEST_STEP][PASSED] - click(findTestObject("Object Repository/EBP_Object/Page_Streetlogix/EBP_Inflation_7.5")): Object: 'Object Repository/EBP_Object/Page_Streetlogix/EBP_Inflation_7.5' is clicked on

2023-02-23 11:25:14 - [MESSAGE][PASSED] - Object: 'Object Repository/EBP_Object/Page_Streetlogix/EBP_Inflation_7.5' is clicked on

2023-02-23 11:25:14 - [TEST_STEP][PASSED] - click(findTestObject("Object Repository/EBP_Object/Page_Streetlogix/h6_5 Year(s)")): Object: 'Object Repository/EBP_Object/Page_Streetlogix/h6_5 Year(s)' is clicked on

2023-02-23 11:25:15 - [MESSAGE][PASSED] - Object: 'Object Repository/EBP_Object/Page_Streetlogix/h6_5 Year(s)' is clicked on

2023-02-23 11:25:15 - [TEST_STEP][PASSED] - click(findTestObject("Object Repository/EBP_Object/Page_Streetlogix/h6_500,000")): Object: 'Object Repository/EBP_Object/Page_Streetlogix/h6_500,000' is clicked on

2023-02-23 11:25:16 - [MESSAGE][PASSED] - Object: 'Object Repository/EBP_Object/Page_Streetlogix/h6_500,000' is clicked on

2023-02-23 11:25:16 - [TEST_STEP][PASSED] - click(findTestObject("Object Repository/EBP_Object/Page_Streetlogix/h6_7.5")): Object: 'Object Repository/EBP_Object/Page_Streetlogix/h6_7.5' is clicked on

2023-02-23 11:25:17 - [MESSAGE][PASSED] - Object: 'Object Repository/EBP_Object/Page_Streetlogix/h6_7.5' is clicked on

2023-02-23 11:25:17 - [TEST_STEP][PASSED] - click(findTestObject("Object Repository/EBP_Object/Page_Streetlogix/h6_pci  0")): Object: 'Object Repository/EBP_Object/Page_Streetlogix/h6_pci  0' is clicked on

2023-02-23 11:25:17 - [MESSAGE][PASSED] - Object: 'Object Repository/EBP_Object/Page_Streetlogix/h6_pci  0' is clicked on

2023-02-23 11:25:17 - [TEST_STEP][PASSED] - click(findTestObject("Object Repository/EBP_Object/Page_Streetlogix/h6_DT for testing")): Object: 'Object Repository/EBP_Object/Page_Streetlogix/h6_DT for testing' is clicked on

2023-02-23 11:25:18 - [MESSAGE][PASSED] - Object: 'Object Repository/EBP_Object/Page_Streetlogix/h6_DT for testing' is clicked on

2023-02-23 11:25:18 - [TEST_STEP][PASSED] - click(findTestObject("Object Repository/EBP_Object/Page_Streetlogix/Total_Repairs")): Object: 'Object Repository/EBP_Object/Page_Streetlogix/Total_Repairs' is clicked on

2023-02-23 11:25:18 - [MESSAGE][PASSED] - Object: 'Object Repository/EBP_Object/Page_Streetlogix/Total_Repairs' is clicked on

2023-02-23 11:25:18 - [TEST_STEP][PASSED] - click(findTestObject("Object Repository/EBP_Object/Page_Streetlogix/Asset_name")): Object: 'Object Repository/EBP_Object/Page_Streetlogix/Asset_name' is clicked on

2023-02-23 11:25:19 - [MESSAGE][PASSED] - Object: 'Object Repository/EBP_Object/Page_Streetlogix/Asset_name' is clicked on

2023-02-23 11:25:19 - [TEST_STEP][PASSED] - click(findTestObject("Object Repository/EBP_Object/Page_Streetlogix/Budget_Criteria_Summary")): Object: 'Object Repository/EBP_Object/Page_Streetlogix/Budget_Criteria_Summary' is clicked on

2023-02-23 11:25:19 - [MESSAGE][PASSED] - Object: 'Object Repository/EBP_Object/Page_Streetlogix/Budget_Criteria_Summary' is clicked on

2023-02-23 11:25:19 - [TEST_STEP][PASSED] - click(findTestObject("EBP_Object/Page_Streetlogix/View_Graph_dropdown")): Object: 'Object Repository/EBP_Object/Page_Streetlogix/View_Graph_dropdown' is clicked on

2023-02-23 11:25:20 - [MESSAGE][PASSED] - Object: 'Object Repository/EBP_Object/Page_Streetlogix/View_Graph_dropdown' is clicked on

2023-02-23 11:25:20 - [TEST_STEP][PASSED] - click(findTestObject("Object Repository/EBP_Object/Page_Streetlogix/li_Table")): Object: 'Object Repository/EBP_Object/Page_Streetlogix/li_Table' is clicked on

2023-02-23 11:25:20 - [MESSAGE][PASSED] - Object: 'Object Repository/EBP_Object/Page_Streetlogix/li_Table' is clicked on

2023-02-23 11:25:20 - [TEST_STEP][PASSED] - delay(5): Delayed 5 second(s)

2023-02-23 11:25:25 - [MESSAGE][PASSED] - Delayed 5 second(s)

2023-02-23 11:25:25 - [TEST_STEP][PASSED] - year1 = getText(findTestObject("Object Repository/EBP_Object/Page_Streetlogix/5_year_budget_year1_total_budget")): Text of object 'Object Repository/EBP_Object/Page_Streetlogix/5_year_budget_year1_total_budget' is: '99,632'

2023-02-23 11:25:26 - [MESSAGE][PASSED] - Text of object 'Object Repository/EBP_Object/Page_Streetlogix/5_year_budget_year1_total_budget' is: '99,632'

2023-02-23 11:25:26 - [TEST_STEP][PASSED] - yr1 = year1.replaceAll(",", ""): null

2023-02-23 11:25:26 - [TEST_STEP][PASSED] - y1 = yr1.toInteger(): null

2023-02-23 11:25:26 - [TEST_STEP][PASSED] - verifyGreaterThan(y1, 98000): Actual number '99,632' is greater than expected number '98,000'

2023-02-23 11:25:26 - [MESSAGE][PASSED] - Actual number '99,632' is greater than expected number '98,000'

2023-02-23 11:25:26 - [TEST_STEP][PASSED] - year2 = getText(findTestObject("Object Repository/EBP_Object/Page_Streetlogix/5_year_budget_year2_total_budget")): Text of object 'Object Repository/EBP_Object/Page_Streetlogix/5_year_budget_year2_total_budget' is: '99,651'

2023-02-23 11:25:26 - [MESSAGE][PASSED] - Text of object 'Object Repository/EBP_Object/Page_Streetlogix/5_year_budget_year2_total_budget' is: '99,651'

2023-02-23 11:25:26 - [TEST_STEP][PASSED] - yr2 = year2.replaceAll(",", ""): null

2023-02-23 11:25:26 - [TEST_STEP][PASSED] - y2 = yr2.toInteger(): null

2023-02-23 11:25:26 - [TEST_STEP][PASSED] - verifyGreaterThan(y2.toInteger(), 98000): Actual number '99,651' is greater than expected number '98,000'

2023-02-23 11:25:26 - [MESSAGE][PASSED] - Actual number '99,651' is greater than expected number '98,000'

2023-02-23 11:25:26 - [TEST_STEP][PASSED] - year3 = getText(findTestObject("Object Repository/EBP_Object/Page_Streetlogix/5_year_budget_year3_total_budget")): Text of object 'Object Repository/EBP_Object/Page_Streetlogix/5_year_budget_year3_total_budget' is: '99,748'

2023-02-23 11:25:27 - [MESSAGE][PASSED] - Text of object 'Object Repository/EBP_Object/Page_Streetlogix/5_year_budget_year3_total_budget' is: '99,748'

2023-02-23 11:25:27 - [TEST_STEP][PASSED] - yr3 = year3.replaceAll(",", ""): null

2023-02-23 11:25:27 - [TEST_STEP][PASSED] - y3 = yr3.toInteger(): null

2023-02-23 11:25:27 - [TEST_STEP][PASSED] - verifyGreaterThan(y3.toInteger(), 98000): Actual number '99,748' is greater than expected number '98,000'

2023-02-23 11:25:27 - [MESSAGE][PASSED] - Actual number '99,748' is greater than expected number '98,000'

2023-02-23 11:25:27 - [TEST_STEP][PASSED] - year4 = getText(findTestObject("Object Repository/EBP_Object/Page_Streetlogix/5_year_budget_year4_total_budget")): Text of object 'Object Repository/EBP_Object/Page_Streetlogix/5_year_budget_year4_total_budget' is: '99,682'

2023-02-23 11:25:27 - [MESSAGE][PASSED] - Text of object 'Object Repository/EBP_Object/Page_Streetlogix/5_year_budget_year4_total_budget' is: '99,682'

2023-02-23 11:25:27 - [TEST_STEP][PASSED] - yr4 = year4.replaceAll(",", ""): null

2023-02-23 11:25:27 - [TEST_STEP][PASSED] - y4 = yr4.toInteger(): null

2023-02-23 11:25:27 - [TEST_STEP][PASSED] - verifyGreaterThan(y4.toInteger(), 98000): Actual number '99,682' is greater than expected number '98,000'

2023-02-23 11:25:27 - [MESSAGE][PASSED] - Actual number '99,682' is greater than expected number '98,000'

2023-02-23 11:25:27 - [TEST_STEP][PASSED] - year5 = getText(findTestObject("Object Repository/EBP_Object/Page_Streetlogix/5_year_budget_year5_total_budget")): Text of object 'Object Repository/EBP_Object/Page_Streetlogix/5_year_budget_year5_total_budget' is: '99,882'

2023-02-23 11:25:28 - [MESSAGE][PASSED] - Text of object 'Object Repository/EBP_Object/Page_Streetlogix/5_year_budget_year5_total_budget' is: '99,882'

2023-02-23 11:25:28 - [TEST_STEP][PASSED] - yr5 = year5.replaceAll(",", ""): null

2023-02-23 11:25:28 - [TEST_STEP][PASSED] - y5 = yr5.toInteger(): null

2023-02-23 11:25:28 - [TEST_STEP][PASSED] - verifyGreaterThan(y5.toInteger(), 98000): Actual number '99,882' is greater than expected number '98,000'

2023-02-23 11:25:28 - [MESSAGE][PASSED] - Actual number '99,882' is greater than expected number '98,000'

2023-02-23 11:25:28 - [TEST_STEP][PASSED] - Totalyears = y1 + y2 + y3 + y4 + y5: null

2023-02-23 11:25:28 - [TEST_STEP][PASSED] - verifyLessThanOrEqual(Totalyears, 500000): Actual number '498,595' is less than or equal to expected number '500,000'

2023-02-23 11:25:28 - [MESSAGE][PASSED] - Actual number '498,595' is less than or equal to expected number '500,000'

2023-02-23 11:25:28 - [TEST_STEP][PASSED] - verifyGreaterThan(Totalyears, 495000): Actual number '498,595' is greater than expected number '495,000'

2023-02-23 11:25:28 - [MESSAGE][PASSED] - Actual number '498,595' is greater than expected number '495,000'

2023-02-23 11:25:28 - [TEST_STEP][PASSED] - click(findTestObject("EBP_Object/Page_Streetlogix/Close_button")): Object: 'Object Repository/EBP_Object/Page_Streetlogix/Close_button' is clicked on

2023-02-23 11:25:28 - [MESSAGE][PASSED] - Object: 'Object Repository/EBP_Object/Page_Streetlogix/Close_button' is clicked on

2023-02-23 11:25:28 - [TEST_STEP][PASSED] - click(findTestObject("EBP_Object/Page_Streetlogix/span_Load")): Object: 'Object Repository/EBP_Object/Page_Streetlogix/span_Load' is clicked on

2023-02-23 11:25:29 - [MESSAGE][PASSED] - Object: 'Object Repository/EBP_Object/Page_Streetlogix/span_Load' is clicked on

2023-02-23 11:25:29 - [TEST_STEP][PASSED] - click(findTestObject("EBP_Object/Page_Streetlogix/Delete_Scenario_1")): Object: 'Object Repository/EBP_Object/Page_Streetlogix/Delete_Scenario_1' is clicked on

2023-02-23 11:25:31 - [MESSAGE][PASSED] - Object: 'Object Repository/EBP_Object/Page_Streetlogix/Delete_Scenario_1' is clicked on

2023-02-23 11:25:31 - [TEST_STEP][PASSED] - click(findTestObject("EBP_Object/Page_Streetlogix/span_Yes")): Object: 'Object Repository/EBP_Object/Page_Streetlogix/span_Yes' is clicked on

2023-02-23 11:25:32 - [MESSAGE][PASSED] - Object: 'Object Repository/EBP_Object/Page_Streetlogix/span_Yes' is clicked on

2023-02-23 11:25:32 - [TEST_STEP][PASSED] - delay(3): Delayed 3 second(s)

2023-02-23 11:25:35 - [MESSAGE][PASSED] - Delayed 3 second(s)

2023-02-23 11:25:35 - [TEST_STEP][PASSED] - database_keywords.test.Database_Keywords.deletebudgets(): database_keywords.test.Database_Keywords.deletebudgets is PASSED

2023-02-23 11:25:39 - [MESSAGE][PASSED] - database_keywords.test.Database_Keywords.deletebudgets is PASSED

2023-02-23 11:25:39 - [TEST_STEP][PASSED] - closeBrowser(): Browser is closed

2023-02-23 11:25:39 - [MESSAGE][PASSED] - Browser is closed

2023-02-23 11:25:39 - [TEST_STEP][PASSED] - Video: Video recording for test case 'Test Cases/GiS/EBP_Inflation/EBP_Inflation' .

2023-02-23 11:25:39 - [MESSAGE][INFO] - Video recording for test case 'Test Cases/GiS/EBP_Inflation/EBP_Inflation' .]]></system-out>
         <system-err><![CDATA[]]></system-err>
      </testcase>
      <testcase name="Test Cases/GiS/EBP_Inflation/EBP_Inflation_default_inflation" time="104.292" classname="Test Cases/GiS/EBP_Inflation/EBP_Inflation_default_inflation" status="PASSED">
         <system-out><![CDATA[2023-02-23 11:25:39 - [TEST_CASE][PASSED] - Test Cases/GiS/EBP_Inflation/EBP_Inflation_default_inflation: Test Cases/GiS/EBP_Inflation/EBP_Inflation_default_inflation

2023-02-23 11:25:39 - [TEST_STEP][PASSED] - gis_url.test.URL.redirectURL(): gis_url.test.URL.redirectURL is PASSED

2023-02-23 11:25:39 - [MESSAGE][INFO] - Starting 'Chrome' driver

2023-02-23 11:25:39 - [MESSAGE][INFO] - Action delay is set to 0 milliseconds

2023-02-23 11:25:44 - [MESSAGE][PASSED] - Browser is opened with url: 'https://streetlogix-gis-slx4-develop.vercel.app/?config=64077fc938af4bcc9a46a81d8f4e5576&token=eyJhbGciOiJIUzI1NiIsInR5cCI6IkpXVCJ9.eyJpZCI6OTc2LCJuYW1lIjoiU29oYWliIE5laGFsIiwiZXhwIjoxNjc5NTk1OTE0LCJpYXQiOjE2NzcwMDM5MTR9.2xH46-6Ez-I1oUKcoFhQjnTNUOtwKNfZcleU9MbUdCY'

2023-02-23 11:25:44 - [MESSAGE][PASSED] - gis_url.test.URL.redirectURL is PASSED

2023-02-23 11:25:44 - [TEST_STEP][PASSED] - click(findTestObject("Object Repository/EBP_Object/Page_Streetlogix/Menubar-icon")): Object: 'Object Repository/EBP_Object/Page_Streetlogix/Menubar-icon' is clicked on

2023-02-23 11:25:53 - [MESSAGE][PASSED] - Object: 'Object Repository/EBP_Object/Page_Streetlogix/Menubar-icon' is clicked on

2023-02-23 11:25:53 - [TEST_STEP][PASSED] - click(findTestObject("Object Repository/EBP_Object/Page_Streetlogix/Budgeting-icon")): Object: 'Object Repository/EBP_Object/Page_Streetlogix/Budgeting-icon' is clicked on

2023-02-23 11:25:54 - [MESSAGE][PASSED] - Object: 'Object Repository/EBP_Object/Page_Streetlogix/Budgeting-icon' is clicked on

2023-02-23 11:25:54 - [TEST_STEP][PASSED] - click(findTestObject("Object Repository/EBP_Object/Page_Streetlogix/EBP_Pavemnet dropdown")): Object: 'Object Repository/EBP_Object/Page_Streetlogix/EBP_Pavemnet dropdown' is clicked on

2023-02-23 11:25:56 - [MESSAGE][PASSED] - Object: 'Object Repository/EBP_Object/Page_Streetlogix/EBP_Pavemnet dropdown' is clicked on

2023-02-23 11:25:56 - [TEST_STEP][PASSED] - click(findTestObject("Object Repository/EBP_Object/Page_Streetlogix/li_Pavement Maintenance")): Object: 'Object Repository/EBP_Object/Page_Streetlogix/li_Pavement Maintenance' is clicked on

2023-02-23 11:25:57 - [MESSAGE][PASSED] - Object: 'Object Repository/EBP_Object/Page_Streetlogix/li_Pavement Maintenance' is clicked on

2023-02-23 11:25:57 - [TEST_STEP][PASSED] - sendKeys(findTestObject("Object Repository/EBP_Object/Page_Streetlogix/input_Scenario Name_scenarioName"), Keys.chord(COMMAND, "a")): Keys 'COMMAND + a' sent to object: 'Object Repository/EBP_Object/Page_Streetlogix/input_Scenario Name_scenarioName'

2023-02-23 11:25:59 - [MESSAGE][PASSED] - Keys 'COMMAND + a' sent to object: 'Object Repository/EBP_Object/Page_Streetlogix/input_Scenario Name_scenarioName'

2023-02-23 11:25:59 - [TEST_STEP][PASSED] - sendKeys(findTestObject("Object Repository/EBP_Object/Page_Streetlogix/input_Scenario Name_scenarioName"), Keys.chord(DELETE)): Keys 'DELETE + ' sent to object: 'Object Repository/EBP_Object/Page_Streetlogix/input_Scenario Name_scenarioName'

2023-02-23 11:25:59 - [MESSAGE][PASSED] - Keys 'DELETE + ' sent to object: 'Object Repository/EBP_Object/Page_Streetlogix/input_Scenario Name_scenarioName'

2023-02-23 11:25:59 - [TEST_STEP][PASSED] - setText(findTestObject("Object Repository/EBP_Object/Page_Streetlogix/input_Scenario Name_scenarioName"), "EBP_Inflation 2"): Text 'EBP_Inflation 2' is set on object 'Object Repository/EBP_Object/Page_Streetlogix/input_Scenario Name_scenarioName'

2023-02-23 11:26:00 - [MESSAGE][PASSED] - Text 'EBP_Inflation 2' is set on object 'Object Repository/EBP_Object/Page_Streetlogix/input_Scenario Name_scenarioName'

2023-02-23 11:26:00 - [TEST_STEP][PASSED] - sendKeys(findTestObject("Object Repository/EBP_Object/Page_Streetlogix/input_Annual Budget_budgets"), Keys.chord(COMMAND, "a")): Keys 'COMMAND + a' sent to object: 'Object Repository/EBP_Object/Page_Streetlogix/input_Annual Budget_budgets'

2023-02-23 11:26:01 - [MESSAGE][PASSED] - Keys 'COMMAND + a' sent to object: 'Object Repository/EBP_Object/Page_Streetlogix/input_Annual Budget_budgets'

2023-02-23 11:26:01 - [TEST_STEP][PASSED] - sendKeys(findTestObject("Object Repository/EBP_Object/Page_Streetlogix/input_Annual Budget_budgets"), Keys.chord(DELETE)): Keys 'DELETE + ' sent to object: 'Object Repository/EBP_Object/Page_Streetlogix/input_Annual Budget_budgets'

2023-02-23 11:26:01 - [MESSAGE][PASSED] - Keys 'DELETE + ' sent to object: 'Object Repository/EBP_Object/Page_Streetlogix/input_Annual Budget_budgets'

2023-02-23 11:26:01 - [TEST_STEP][PASSED] - setText(findTestObject("Object Repository/EBP_Object/Page_Streetlogix/input_Annual Budget_budgets"), "100,000"): Text '100,000' is set on object 'Object Repository/EBP_Object/Page_Streetlogix/input_Annual Budget_budgets'

2023-02-23 11:26:02 - [MESSAGE][PASSED] - Text '100,000' is set on object 'Object Repository/EBP_Object/Page_Streetlogix/input_Annual Budget_budgets'

2023-02-23 11:26:02 - [TEST_STEP][PASSED] - sendKeys(findTestObject("Object Repository/EBP_Object/Page_Streetlogix/input_Program duration_programDuration"), Keys.chord(COMMAND, "a")): Keys 'COMMAND + a' sent to object: 'Object Repository/EBP_Object/Page_Streetlogix/input_Program duration_programDuration'

2023-02-23 11:26:02 - [MESSAGE][PASSED] - Keys 'COMMAND + a' sent to object: 'Object Repository/EBP_Object/Page_Streetlogix/input_Program duration_programDuration'

2023-02-23 11:26:02 - [TEST_STEP][PASSED] - sendKeys(findTestObject("Object Repository/EBP_Object/Page_Streetlogix/input_Program duration_programDuration"), Keys.chord(DELETE)): Keys 'DELETE + ' sent to object: 'Object Repository/EBP_Object/Page_Streetlogix/input_Program duration_programDuration'

2023-02-23 11:26:03 - [MESSAGE][PASSED] - Keys 'DELETE + ' sent to object: 'Object Repository/EBP_Object/Page_Streetlogix/input_Program duration_programDuration'

2023-02-23 11:26:03 - [TEST_STEP][PASSED] - setText(findTestObject("Object Repository/EBP_Object/Page_Streetlogix/input_Program duration_programDuration"), "5"): Text '5' is set on object 'Object Repository/EBP_Object/Page_Streetlogix/input_Program duration_programDuration'

2023-02-23 11:26:04 - [MESSAGE][PASSED] - Text '5' is set on object 'Object Repository/EBP_Object/Page_Streetlogix/input_Program duration_programDuration'

2023-02-23 11:26:04 - [TEST_STEP][PASSED] - click(findTestObject("Object Repository/EBP_Object/Page_Streetlogix/Apply_Button")): Object: 'Object Repository/EBP_Object/Page_Streetlogix/Apply_Button' is clicked on

2023-02-23 11:26:04 - [MESSAGE][PASSED] - Object: 'Object Repository/EBP_Object/Page_Streetlogix/Apply_Button' is clicked on

2023-02-23 11:26:04 - [TEST_STEP][PASSED] - delay(50): Delayed 50 second(s)

2023-02-23 11:26:54 - [MESSAGE][PASSED] - Delayed 50 second(s)

2023-02-23 11:26:54 - [TEST_STEP][PASSED] - click(findTestObject("Object Repository/EBP_Object/Page_Streetlogix/span_Load")): Object: 'Object Repository/EBP_Object/Page_Streetlogix/span_Load' is clicked on

2023-02-23 11:26:54 - [MESSAGE][PASSED] - Object: 'Object Repository/EBP_Object/Page_Streetlogix/span_Load' is clicked on

2023-02-23 11:26:54 - [TEST_STEP][PASSED] - click(findTestObject("EBP_Object/Page_Streetlogix/EBP_Inflation_2")): Object: 'Object Repository/EBP_Object/Page_Streetlogix/EBP_Inflation_2' is clicked on

2023-02-23 11:26:56 - [MESSAGE][PASSED] - Object: 'Object Repository/EBP_Object/Page_Streetlogix/EBP_Inflation_2' is clicked on

2023-02-23 11:26:56 - [TEST_STEP][PASSED] - click(findTestObject("EBP_Object/Page_Streetlogix/EBP_Inflation_2")): Object: 'Object Repository/EBP_Object/Page_Streetlogix/EBP_Inflation_2' is clicked on

2023-02-23 11:26:59 - [MESSAGE][PASSED] - Object: 'Object Repository/EBP_Object/Page_Streetlogix/EBP_Inflation_2' is clicked on

2023-02-23 11:26:59 - [TEST_STEP][PASSED] - click(findTestObject("Object Repository/EBP_Object/Page_Streetlogix/h6_5 Year(s)")): Object: 'Object Repository/EBP_Object/Page_Streetlogix/h6_5 Year(s)' is clicked on

2023-02-23 11:27:00 - [MESSAGE][PASSED] - Object: 'Object Repository/EBP_Object/Page_Streetlogix/h6_5 Year(s)' is clicked on

2023-02-23 11:27:00 - [TEST_STEP][PASSED] - click(findTestObject("Object Repository/EBP_Object/Page_Streetlogix/h6_500,000")): Object: 'Object Repository/EBP_Object/Page_Streetlogix/h6_500,000' is clicked on

2023-02-23 11:27:00 - [MESSAGE][PASSED] - Object: 'Object Repository/EBP_Object/Page_Streetlogix/h6_500,000' is clicked on

2023-02-23 11:27:00 - [TEST_STEP][PASSED] - click(findTestObject("EBP_Object/Page_Streetlogix/Inflation_default")): Object: 'Object Repository/EBP_Object/Page_Streetlogix/Inflation_default' is clicked on

2023-02-23 11:27:01 - [MESSAGE][PASSED] - Object: 'Object Repository/EBP_Object/Page_Streetlogix/Inflation_default' is clicked on

2023-02-23 11:27:01 - [TEST_STEP][PASSED] - click(findTestObject("Object Repository/EBP_Object/Page_Streetlogix/h6_pci  0")): Object: 'Object Repository/EBP_Object/Page_Streetlogix/h6_pci  0' is clicked on

2023-02-23 11:27:02 - [MESSAGE][PASSED] - Object: 'Object Repository/EBP_Object/Page_Streetlogix/h6_pci  0' is clicked on

2023-02-23 11:27:02 - [TEST_STEP][PASSED] - click(findTestObject("Object Repository/EBP_Object/Page_Streetlogix/h6_DT for testing")): Object: 'Object Repository/EBP_Object/Page_Streetlogix/h6_DT for testing' is clicked on

2023-02-23 11:27:02 - [MESSAGE][PASSED] - Object: 'Object Repository/EBP_Object/Page_Streetlogix/h6_DT for testing' is clicked on

2023-02-23 11:27:02 - [TEST_STEP][PASSED] - TRC = getText(findTestObject("Object Repository/EBP_Object/Page_Streetlogix/Total_Repairs")): Text of object 'Object Repository/EBP_Object/Page_Streetlogix/Total_Repairs' is: '24'

2023-02-23 11:27:03 - [MESSAGE][PASSED] - Text of object 'Object Repository/EBP_Object/Page_Streetlogix/Total_Repairs' is: '24'

2023-02-23 11:27:03 - [TEST_STEP][PASSED] - total_repair = TRC.toInteger(): null

2023-02-23 11:27:03 - [TEST_STEP][PASSED] - verifyGreaterThan(total_repair, 20): Actual number '24' is greater than expected number '20'

2023-02-23 11:27:03 - [MESSAGE][PASSED] - Actual number '24' is greater than expected number '20'

2023-02-23 11:27:03 - [TEST_STEP][PASSED] - verifyLessThanOrEqual(total_repair, 30): Actual number '24' is less than or equal to expected number '30'

2023-02-23 11:27:03 - [MESSAGE][PASSED] - Actual number '24' is less than or equal to expected number '30'

2023-02-23 11:27:03 - [TEST_STEP][PASSED] - click(findTestObject("Object Repository/EBP_Object/Page_Streetlogix/Asset_name")): Object: 'Object Repository/EBP_Object/Page_Streetlogix/Asset_name' is clicked on

2023-02-23 11:27:03 - [MESSAGE][PASSED] - Object: 'Object Repository/EBP_Object/Page_Streetlogix/Asset_name' is clicked on

2023-02-23 11:27:03 - [TEST_STEP][PASSED] - click(findTestObject("Object Repository/EBP_Object/Page_Streetlogix/Budget_Criteria_Summary")): Object: 'Object Repository/EBP_Object/Page_Streetlogix/Budget_Criteria_Summary' is clicked on

2023-02-23 11:27:04 - [MESSAGE][PASSED] - Object: 'Object Repository/EBP_Object/Page_Streetlogix/Budget_Criteria_Summary' is clicked on

2023-02-23 11:27:04 - [TEST_STEP][PASSED] - click(findTestObject("EBP_Object/Page_Streetlogix/View_Graph_dropdown")): Object: 'Object Repository/EBP_Object/Page_Streetlogix/View_Graph_dropdown' is clicked on

2023-02-23 11:27:04 - [MESSAGE][PASSED] - Object: 'Object Repository/EBP_Object/Page_Streetlogix/View_Graph_dropdown' is clicked on

2023-02-23 11:27:04 - [TEST_STEP][PASSED] - click(findTestObject("Object Repository/EBP_Object/Page_Streetlogix/li_Table")): Object: 'Object Repository/EBP_Object/Page_Streetlogix/li_Table' is clicked on

2023-02-23 11:27:05 - [MESSAGE][PASSED] - Object: 'Object Repository/EBP_Object/Page_Streetlogix/li_Table' is clicked on

2023-02-23 11:27:05 - [TEST_STEP][PASSED] - delay(5): Delayed 5 second(s)

2023-02-23 11:27:10 - [MESSAGE][PASSED] - Delayed 5 second(s)

2023-02-23 11:27:10 - [TEST_STEP][PASSED] - year1 = getText(findTestObject("Object Repository/EBP_Object/Page_Streetlogix/5_year_budget_year1_total_budget")): Text of object 'Object Repository/EBP_Object/Page_Streetlogix/5_year_budget_year1_total_budget' is: '99,940'

2023-02-23 11:27:10 - [MESSAGE][PASSED] - Text of object 'Object Repository/EBP_Object/Page_Streetlogix/5_year_budget_year1_total_budget' is: '99,940'

2023-02-23 11:27:10 - [TEST_STEP][PASSED] - yr1 = year1.replaceAll(",", ""): null

2023-02-23 11:27:10 - [TEST_STEP][PASSED] - y1 = yr1.toInteger(): null

2023-02-23 11:27:10 - [TEST_STEP][PASSED] - verifyGreaterThan(y1, 98000): Actual number '99,940' is greater than expected number '98,000'

2023-02-23 11:27:10 - [MESSAGE][PASSED] - Actual number '99,940' is greater than expected number '98,000'

2023-02-23 11:27:10 - [TEST_STEP][PASSED] - year2 = getText(findTestObject("Object Repository/EBP_Object/Page_Streetlogix/5_year_budget_year2_total_budget")): Text of object 'Object Repository/EBP_Object/Page_Streetlogix/5_year_budget_year2_total_budget' is: '99,950'

2023-02-23 11:27:11 - [MESSAGE][PASSED] - Text of object 'Object Repository/EBP_Object/Page_Streetlogix/5_year_budget_year2_total_budget' is: '99,950'

2023-02-23 11:27:11 - [TEST_STEP][PASSED] - yr2 = year2.replaceAll(",", ""): null

2023-02-23 11:27:11 - [TEST_STEP][PASSED] - y2 = yr2.toInteger(): null

2023-02-23 11:27:11 - [TEST_STEP][PASSED] - verifyGreaterThan(y2.toInteger(), 98000): Actual number '99,950' is greater than expected number '98,000'

2023-02-23 11:27:11 - [MESSAGE][PASSED] - Actual number '99,950' is greater than expected number '98,000'

2023-02-23 11:27:11 - [TEST_STEP][PASSED] - year3 = getText(findTestObject("Object Repository/EBP_Object/Page_Streetlogix/5_year_budget_year3_total_budget")): Text of object 'Object Repository/EBP_Object/Page_Streetlogix/5_year_budget_year3_total_budget' is: '99,521'

2023-02-23 11:27:11 - [MESSAGE][PASSED] - Text of object 'Object Repository/EBP_Object/Page_Streetlogix/5_year_budget_year3_total_budget' is: '99,521'

2023-02-23 11:27:11 - [TEST_STEP][PASSED] - yr3 = year3.replaceAll(",", ""): null

2023-02-23 11:27:11 - [TEST_STEP][PASSED] - y3 = yr3.toInteger(): null

2023-02-23 11:27:11 - [TEST_STEP][PASSED] - verifyGreaterThan(y3.toInteger(), 98000): Actual number '99,521' is greater than expected number '98,000'

2023-02-23 11:27:11 - [MESSAGE][PASSED] - Actual number '99,521' is greater than expected number '98,000'

2023-02-23 11:27:11 - [TEST_STEP][PASSED] - year4 = getText(findTestObject("Object Repository/EBP_Object/Page_Streetlogix/5_year_budget_year4_total_budget")): Text of object 'Object Repository/EBP_Object/Page_Streetlogix/5_year_budget_year4_total_budget' is: '99,796'

2023-02-23 11:27:12 - [MESSAGE][PASSED] - Text of object 'Object Repository/EBP_Object/Page_Streetlogix/5_year_budget_year4_total_budget' is: '99,796'

2023-02-23 11:27:12 - [TEST_STEP][PASSED] - yr4 = year4.replaceAll(",", ""): null

2023-02-23 11:27:12 - [TEST_STEP][PASSED] - y4 = yr4.toInteger(): null

2023-02-23 11:27:12 - [TEST_STEP][PASSED] - verifyGreaterThan(y4.toInteger(), 98000): Actual number '99,796' is greater than expected number '98,000'

2023-02-23 11:27:12 - [MESSAGE][PASSED] - Actual number '99,796' is greater than expected number '98,000'

2023-02-23 11:27:12 - [TEST_STEP][PASSED] - year5 = getText(findTestObject("Object Repository/EBP_Object/Page_Streetlogix/5_year_budget_year5_total_budget")): Text of object 'Object Repository/EBP_Object/Page_Streetlogix/5_year_budget_year5_total_budget' is: '99,669'

2023-02-23 11:27:12 - [MESSAGE][PASSED] - Text of object 'Object Repository/EBP_Object/Page_Streetlogix/5_year_budget_year5_total_budget' is: '99,669'

2023-02-23 11:27:12 - [TEST_STEP][PASSED] - yr5 = year5.replaceAll(",", ""): null

2023-02-23 11:27:12 - [TEST_STEP][PASSED] - y5 = yr5.toInteger(): null

2023-02-23 11:27:12 - [TEST_STEP][PASSED] - verifyGreaterThan(y5.toInteger(), 98000): Actual number '99,669' is greater than expected number '98,000'

2023-02-23 11:27:12 - [MESSAGE][PASSED] - Actual number '99,669' is greater than expected number '98,000'

2023-02-23 11:27:12 - [TEST_STEP][PASSED] - Totalyears = y1 + y2 + y3 + y4 + y5: null

2023-02-23 11:27:12 - [TEST_STEP][PASSED] - verifyLessThanOrEqual(Totalyears, 500000): Actual number '498,876' is less than or equal to expected number '500,000'

2023-02-23 11:27:12 - [MESSAGE][PASSED] - Actual number '498,876' is less than or equal to expected number '500,000'

2023-02-23 11:27:12 - [TEST_STEP][PASSED] - verifyGreaterThan(Totalyears, 495000): Actual number '498,876' is greater than expected number '495,000'

2023-02-23 11:27:12 - [MESSAGE][PASSED] - Actual number '498,876' is greater than expected number '495,000'

2023-02-23 11:27:12 - [TEST_STEP][PASSED] - click(findTestObject("EBP_Object/Page_Streetlogix/Close_button")): Object: 'Object Repository/EBP_Object/Page_Streetlogix/Close_button' is clicked on

2023-02-23 11:27:13 - [MESSAGE][PASSED] - Object: 'Object Repository/EBP_Object/Page_Streetlogix/Close_button' is clicked on

2023-02-23 11:27:13 - [TEST_STEP][PASSED] - click(findTestObject("EBP_Object/Page_Streetlogix/span_Load")): Object: 'Object Repository/EBP_Object/Page_Streetlogix/span_Load' is clicked on

2023-02-23 11:27:13 - [MESSAGE][PASSED] - Object: 'Object Repository/EBP_Object/Page_Streetlogix/span_Load' is clicked on

2023-02-23 11:27:13 - [TEST_STEP][PASSED] - click(findTestObject("EBP_Object/Page_Streetlogix/Delete_Scenario_1")): Object: 'Object Repository/EBP_Object/Page_Streetlogix/Delete_Scenario_1' is clicked on

2023-02-23 11:27:16 - [MESSAGE][PASSED] - Object: 'Object Repository/EBP_Object/Page_Streetlogix/Delete_Scenario_1' is clicked on

2023-02-23 11:27:16 - [TEST_STEP][PASSED] - click(findTestObject("EBP_Object/Page_Streetlogix/span_Yes")): Object: 'Object Repository/EBP_Object/Page_Streetlogix/span_Yes' is clicked on

2023-02-23 11:27:16 - [MESSAGE][PASSED] - Object: 'Object Repository/EBP_Object/Page_Streetlogix/span_Yes' is clicked on

2023-02-23 11:27:16 - [TEST_STEP][PASSED] - delay(3): Delayed 3 second(s)

2023-02-23 11:27:19 - [MESSAGE][PASSED] - Delayed 3 second(s)

2023-02-23 11:27:19 - [TEST_STEP][PASSED] - database_keywords.test.Database_Keywords.deletebudgets(): database_keywords.test.Database_Keywords.deletebudgets is PASSED

2023-02-23 11:27:23 - [MESSAGE][PASSED] - database_keywords.test.Database_Keywords.deletebudgets is PASSED

2023-02-23 11:27:23 - [TEST_STEP][PASSED] - closeBrowser(): Browser is closed

2023-02-23 11:27:23 - [MESSAGE][PASSED] - Browser is closed

2023-02-23 11:27:23 - [TEST_STEP][PASSED] - Video: Video recording for test case 'Test Cases/GiS/EBP_Inflation/EBP_Inflation_default_inflation' .

2023-02-23 11:27:23 - [MESSAGE][INFO] - Video recording for test case 'Test Cases/GiS/EBP_Inflation/EBP_Inflation_default_inflation' .]]></system-out>
         <system-err><![CDATA[]]></system-err>
      </testcase>
      <testcase name="Test Cases/GiS/Compare Scenarios/CS_Single_Budget - Sidewalk" time="189.74" classname="Test Cases/GiS/Compare Scenarios/CS_Single_Budget - Sidewalk" status="PASSED">
         <system-out><![CDATA[2023-02-23 11:27:23 - [TEST_CASE][PASSED] - Test Cases/GiS/Compare Scenarios/CS_Single_Budget - Sidewalk: Test Cases/GiS/Compare Scenarios/CS_Single_Budget - Sidewalk

2023-02-23 11:27:24 - [TEST_STEP][PASSED] - gis_url.test.URL.redirectURL(): gis_url.test.URL.redirectURL is PASSED

2023-02-23 11:27:24 - [MESSAGE][INFO] - Starting 'Chrome' driver

2023-02-23 11:27:24 - [MESSAGE][INFO] - Action delay is set to 0 milliseconds

2023-02-23 11:27:27 - [MESSAGE][PASSED] - Browser is opened with url: 'https://streetlogix-gis-slx4-develop.vercel.app/?config=64077fc938af4bcc9a46a81d8f4e5576&token=eyJhbGciOiJIUzI1NiIsInR5cCI6IkpXVCJ9.eyJpZCI6OTc2LCJuYW1lIjoiU29oYWliIE5laGFsIiwiZXhwIjoxNjc5NTk1OTE0LCJpYXQiOjE2NzcwMDM5MTR9.2xH46-6Ez-I1oUKcoFhQjnTNUOtwKNfZcleU9MbUdCY'

2023-02-23 11:27:27 - [MESSAGE][PASSED] - gis_url.test.URL.redirectURL is PASSED

2023-02-23 11:27:27 - [TEST_STEP][PASSED] - delay(15): Delayed 15 second(s)

2023-02-23 11:27:42 - [MESSAGE][PASSED] - Delayed 15 second(s)

2023-02-23 11:27:42 - [TEST_STEP][PASSED] - click(findTestObject("Object Repository/Compare Scenarios/Menubar-icon")): Object: 'Object Repository/Compare Scenarios/Menubar-icon' is clicked on

2023-02-23 11:27:43 - [MESSAGE][PASSED] - Object: 'Object Repository/Compare Scenarios/Menubar-icon' is clicked on

2023-02-23 11:27:43 - [TEST_STEP][PASSED] - click(findTestObject("Object Repository/Compare Scenarios/img_Compare_Scenario_rail-icon")): Object: 'Object Repository/Compare Scenarios/img_Compare_Scenario_rail-icon' is clicked on

2023-02-23 11:27:43 - [MESSAGE][PASSED] - Object: 'Object Repository/Compare Scenarios/img_Compare_Scenario_rail-icon' is clicked on

2023-02-23 11:27:43 - [TEST_STEP][PASSED] - click(findTestObject("Compare Scenarios/div_Pavement Maintenance")): Object: 'Object Repository/Compare Scenarios/div_Pavement Maintenance' is clicked on

2023-02-23 11:27:44 - [MESSAGE][PASSED] - Object: 'Object Repository/Compare Scenarios/div_Pavement Maintenance' is clicked on

2023-02-23 11:27:44 - [TEST_STEP][PASSED] - click(findTestObject("Compare Scenarios/li_Sidewalk Maintenance")): Object: 'Object Repository/Compare Scenarios/li_Sidewalk Maintenance' is clicked on

2023-02-23 11:27:45 - [MESSAGE][PASSED] - Object: 'Object Repository/Compare Scenarios/li_Sidewalk Maintenance' is clicked on

2023-02-23 11:27:45 - [TEST_STEP][PASSED] - sendKeys(findTestObject("Compare Scenarios/input_Program duration_duration"), Keys.chord(COMMAND, "a")): Keys 'COMMAND + a' sent to object: 'Object Repository/Compare Scenarios/input_Program duration_duration'

2023-02-23 11:27:49 - [MESSAGE][PASSED] - Keys 'COMMAND + a' sent to object: 'Object Repository/Compare Scenarios/input_Program duration_duration'

2023-02-23 11:27:49 - [TEST_STEP][PASSED] - sendKeys(findTestObject("Compare Scenarios/input_Program duration_duration"), Keys.chord(DELETE)): Keys 'DELETE + ' sent to object: 'Object Repository/Compare Scenarios/input_Program duration_duration'

2023-02-23 11:27:50 - [MESSAGE][PASSED] - Keys 'DELETE + ' sent to object: 'Object Repository/Compare Scenarios/input_Program duration_duration'

2023-02-23 11:27:50 - [TEST_STEP][PASSED] - setText(findTestObject("Compare Scenarios/input_Program duration_duration"), "3"): Text '3' is set on object 'Object Repository/Compare Scenarios/input_Program duration_duration'

2023-02-23 11:27:51 - [MESSAGE][PASSED] - Text '3' is set on object 'Object Repository/Compare Scenarios/input_Program duration_duration'

2023-02-23 11:27:51 - [TEST_STEP][PASSED] - sendKeys(findTestObject("Object Repository/Compare Scenarios/input_Scenario Name_scenario_name"), Keys.chord(COMMAND, "a")): Keys 'COMMAND + a' sent to object: 'Object Repository/Compare Scenarios/input_Scenario Name_scenario_name'

2023-02-23 11:27:51 - [MESSAGE][PASSED] - Keys 'COMMAND + a' sent to object: 'Object Repository/Compare Scenarios/input_Scenario Name_scenario_name'

2023-02-23 11:27:51 - [TEST_STEP][PASSED] - sendKeys(findTestObject("Object Repository/Compare Scenarios/input_Scenario Name_scenario_name"), Keys.chord(DELETE)): Keys 'DELETE + ' sent to object: 'Object Repository/Compare Scenarios/input_Scenario Name_scenario_name'

2023-02-23 11:27:51 - [MESSAGE][PASSED] - Keys 'DELETE + ' sent to object: 'Object Repository/Compare Scenarios/input_Scenario Name_scenario_name'

2023-02-23 11:27:51 - [TEST_STEP][PASSED] - setText(findTestObject("Object Repository/Compare Scenarios/input_Scenario Name_scenario_name"), "Compare Scenario 1"): Text 'Compare Scenario 1' is set on object 'Object Repository/Compare Scenarios/input_Scenario Name_scenario_name'

2023-02-23 11:27:52 - [MESSAGE][PASSED] - Text 'Compare Scenario 1' is set on object 'Object Repository/Compare Scenarios/input_Scenario Name_scenario_name'

2023-02-23 11:27:52 - [TEST_STEP][PASSED] - setText(findTestObject("Object Repository/Compare Scenarios/input_Annual Budget_budget"), "30,000"): Text '30,000' is set on object 'Object Repository/Compare Scenarios/input_Annual Budget_budget'

2023-02-23 11:27:53 - [MESSAGE][PASSED] - Text '30,000' is set on object 'Object Repository/Compare Scenarios/input_Annual Budget_budget'

2023-02-23 11:27:53 - [TEST_STEP][PASSED] - sendKeys(findTestObject("Object Repository/Compare Scenarios/Input_Inflation"), Keys.chord(COMMAND, "a")): Keys 'COMMAND + a' sent to object: 'Object Repository/Compare Scenarios/Input_Inflation'

2023-02-23 11:27:54 - [MESSAGE][PASSED] - Keys 'COMMAND + a' sent to object: 'Object Repository/Compare Scenarios/Input_Inflation'

2023-02-23 11:27:54 - [TEST_STEP][PASSED] - sendKeys(findTestObject("Object Repository/Compare Scenarios/Input_Inflation"), Keys.chord(DELETE)): Keys 'DELETE + ' sent to object: 'Object Repository/Compare Scenarios/Input_Inflation'

2023-02-23 11:27:54 - [MESSAGE][PASSED] - Keys 'DELETE + ' sent to object: 'Object Repository/Compare Scenarios/Input_Inflation'

2023-02-23 11:27:54 - [TEST_STEP][PASSED] - setText(findTestObject("Object Repository/Compare Scenarios/Input_Inflation"), "5"): Text '5' is set on object 'Object Repository/Compare Scenarios/Input_Inflation'

2023-02-23 11:27:55 - [MESSAGE][PASSED] - Text '5' is set on object 'Object Repository/Compare Scenarios/Input_Inflation'

2023-02-23 11:27:55 - [TEST_STEP][PASSED] - click(findTestObject("Object Repository/Compare Scenarios/div_Select layerPavement MaintenanceFilter _a98a8c")): Object: 'Object Repository/Compare Scenarios/div_Select layerPavement MaintenanceFilter _a98a8c' is clicked on

2023-02-23 11:27:56 - [MESSAGE][PASSED] - Object: 'Object Repository/Compare Scenarios/div_Select layerPavement MaintenanceFilter _a98a8c' is clicked on

2023-02-23 11:27:56 - [TEST_STEP][PASSED] - click(findTestObject("Object Repository/Compare Scenarios/Apply_button")): Object: 'Object Repository/Compare Scenarios/Apply_button' is clicked on

2023-02-23 11:27:56 - [MESSAGE][PASSED] - Object: 'Object Repository/Compare Scenarios/Apply_button' is clicked on

2023-02-23 11:27:56 - [TEST_STEP][PASSED] - sendKeys(findTestObject("Compare Scenarios/input_Program duration_duration"), Keys.chord(COMMAND, "a")): Keys 'COMMAND + a' sent to object: 'Object Repository/Compare Scenarios/input_Program duration_duration'

2023-02-23 11:27:58 - [MESSAGE][PASSED] - Keys 'COMMAND + a' sent to object: 'Object Repository/Compare Scenarios/input_Program duration_duration'

2023-02-23 11:27:58 - [TEST_STEP][PASSED] - sendKeys(findTestObject("Compare Scenarios/input_Program duration_duration"), Keys.chord(DELETE)): Keys 'DELETE + ' sent to object: 'Object Repository/Compare Scenarios/input_Program duration_duration'

2023-02-23 11:27:58 - [MESSAGE][PASSED] - Keys 'DELETE + ' sent to object: 'Object Repository/Compare Scenarios/input_Program duration_duration'

2023-02-23 11:27:58 - [TEST_STEP][PASSED] - setText(findTestObject("Compare Scenarios/input_Program duration_duration"), "3"): Text '3' is set on object 'Object Repository/Compare Scenarios/input_Program duration_duration'

2023-02-23 11:27:59 - [MESSAGE][PASSED] - Text '3' is set on object 'Object Repository/Compare Scenarios/input_Program duration_duration'

2023-02-23 11:27:59 - [TEST_STEP][PASSED] - sendKeys(findTestObject("Object Repository/Compare Scenarios/input_Scenario Name_scenario_name"), Keys.chord(COMMAND, "a")): Keys 'COMMAND + a' sent to object: 'Object Repository/Compare Scenarios/input_Scenario Name_scenario_name'

2023-02-23 11:27:59 - [MESSAGE][PASSED] - Keys 'COMMAND + a' sent to object: 'Object Repository/Compare Scenarios/input_Scenario Name_scenario_name'

2023-02-23 11:27:59 - [TEST_STEP][PASSED] - sendKeys(findTestObject("Object Repository/Compare Scenarios/input_Scenario Name_scenario_name"), Keys.chord(DELETE)): Keys 'DELETE + ' sent to object: 'Object Repository/Compare Scenarios/input_Scenario Name_scenario_name'

2023-02-23 11:28:00 - [MESSAGE][PASSED] - Keys 'DELETE + ' sent to object: 'Object Repository/Compare Scenarios/input_Scenario Name_scenario_name'

2023-02-23 11:28:00 - [TEST_STEP][PASSED] - setText(findTestObject("Object Repository/Compare Scenarios/input_Scenario Name_scenario_name"), "Compare Scenario 2"): Text 'Compare Scenario 2' is set on object 'Object Repository/Compare Scenarios/input_Scenario Name_scenario_name'

2023-02-23 11:28:00 - [MESSAGE][PASSED] - Text 'Compare Scenario 2' is set on object 'Object Repository/Compare Scenarios/input_Scenario Name_scenario_name'

2023-02-23 11:28:00 - [TEST_STEP][PASSED] - setText(findTestObject("Object Repository/Compare Scenarios/input_Annual Budget_budget"), "10,000"): Text '10,000' is set on object 'Object Repository/Compare Scenarios/input_Annual Budget_budget'

2023-02-23 11:28:02 - [MESSAGE][PASSED] - Text '10,000' is set on object 'Object Repository/Compare Scenarios/input_Annual Budget_budget'

2023-02-23 11:28:02 - [TEST_STEP][PASSED] - sendKeys(findTestObject("Object Repository/Compare Scenarios/Input_Inflation"), Keys.chord(COMMAND, "a")): Keys 'COMMAND + a' sent to object: 'Object Repository/Compare Scenarios/Input_Inflation'

2023-02-23 11:28:02 - [MESSAGE][PASSED] - Keys 'COMMAND + a' sent to object: 'Object Repository/Compare Scenarios/Input_Inflation'

2023-02-23 11:28:02 - [TEST_STEP][PASSED] - sendKeys(findTestObject("Object Repository/Compare Scenarios/Input_Inflation"), Keys.chord(DELETE)): Keys 'DELETE + ' sent to object: 'Object Repository/Compare Scenarios/Input_Inflation'

2023-02-23 11:28:03 - [MESSAGE][PASSED] - Keys 'DELETE + ' sent to object: 'Object Repository/Compare Scenarios/Input_Inflation'

2023-02-23 11:28:03 - [TEST_STEP][PASSED] - setText(findTestObject("Object Repository/Compare Scenarios/Input_Inflation"), "7"): Text '7' is set on object 'Object Repository/Compare Scenarios/Input_Inflation'

2023-02-23 11:28:04 - [MESSAGE][PASSED] - Text '7' is set on object 'Object Repository/Compare Scenarios/Input_Inflation'

2023-02-23 11:28:04 - [TEST_STEP][PASSED] - click(findTestObject("Object Repository/Compare Scenarios/div_Select layerPavement MaintenanceFilter _a98a8c")): Object: 'Object Repository/Compare Scenarios/div_Select layerPavement MaintenanceFilter _a98a8c' is clicked on

2023-02-23 11:28:04 - [MESSAGE][PASSED] - Object: 'Object Repository/Compare Scenarios/div_Select layerPavement MaintenanceFilter _a98a8c' is clicked on

2023-02-23 11:28:04 - [TEST_STEP][PASSED] - click(findTestObject("Object Repository/Compare Scenarios/Apply_button")): Object: 'Object Repository/Compare Scenarios/Apply_button' is clicked on

2023-02-23 11:28:04 - [MESSAGE][PASSED] - Object: 'Object Repository/Compare Scenarios/Apply_button' is clicked on

2023-02-23 11:28:05 - [TEST_STEP][PASSED] - delay(120): Delayed 120 second(s)

2023-02-23 11:30:05 - [MESSAGE][PASSED] - Delayed 120 second(s)

2023-02-23 11:30:05 - [TEST_STEP][PASSED] - click(findTestObject("Object Repository/Compare Scenarios/span_Compare")): Object: 'Object Repository/Compare Scenarios/span_Compare' is clicked on

2023-02-23 11:30:05 - [MESSAGE][PASSED] - Object: 'Object Repository/Compare Scenarios/span_Compare' is clicked on

2023-02-23 11:30:05 - [TEST_STEP][PASSED] - click(findTestObject("Compare Scenarios/div_Compare Scenario 1")): Object: 'Object Repository/Compare Scenarios/div_Compare Scenario 1' is clicked on

2023-02-23 11:30:08 - [MESSAGE][PASSED] - Object: 'Object Repository/Compare Scenarios/div_Compare Scenario 1' is clicked on

2023-02-23 11:30:08 - [TEST_STEP][PASSED] - click(findTestObject("Compare Scenarios/div_Compare Scenario 2")): Object: 'Object Repository/Compare Scenarios/div_Compare Scenario 2' is clicked on

2023-02-23 11:30:08 - [MESSAGE][PASSED] - Object: 'Object Repository/Compare Scenarios/div_Compare Scenario 2' is clicked on

2023-02-23 11:30:08 - [TEST_STEP][PASSED] - click(findTestObject("Compare Scenarios/span_Compare_loadscreen")): Object: 'Object Repository/Compare Scenarios/span_Compare_loadscreen' is clicked on

2023-02-23 11:30:09 - [MESSAGE][PASSED] - Object: 'Object Repository/Compare Scenarios/span_Compare_loadscreen' is clicked on

2023-02-23 11:30:09 - [TEST_STEP][PASSED] - takeFullPageScreenshot(): Taking screenshot successfully

2023-02-23 11:30:11 - [MESSAGE][INFO] - 0 hidden object(s)

2023-02-23 11:30:13 - [MESSAGE][PASSED] - Taking screenshot successfully
[[ATTACHMENT|/Users/kashif/Downloads/Kashif/Katalon Studio/4.0_fresh/4.0 Fresh/Reports/20230223_111740/GIS/20230223_111741/1677133809409.png]]

2023-02-23 11:30:13 - [TEST_STEP][PASSED] - click(findTestObject("Object Repository/Compare Scenarios/button")): Object: 'Object Repository/Compare Scenarios/button' is clicked on

2023-02-23 11:30:17 - [MESSAGE][PASSED] - Object: 'Object Repository/Compare Scenarios/button' is clicked on

2023-02-23 11:30:17 - [TEST_STEP][PASSED] - click(findTestObject("Object Repository/Compare Scenarios/div_Save as JPEG")): Object: 'Object Repository/Compare Scenarios/div_Save as JPEG' is clicked on

2023-02-23 11:30:18 - [MESSAGE][PASSED] - Object: 'Object Repository/Compare Scenarios/div_Save as JPEG' is clicked on

2023-02-23 11:30:18 - [TEST_STEP][PASSED] - click(findTestObject("Compare Scenarios/span_Close")): Object: 'Object Repository/Compare Scenarios/span_Close' is clicked on

2023-02-23 11:30:19 - [MESSAGE][PASSED] - Object: 'Object Repository/Compare Scenarios/span_Close' is clicked on

2023-02-23 11:30:19 - [TEST_STEP][PASSED] - click(findTestObject("Object Repository/Compare Scenarios/span_Compare")): Object: 'Object Repository/Compare Scenarios/span_Compare' is clicked on

2023-02-23 11:30:20 - [MESSAGE][PASSED] - Object: 'Object Repository/Compare Scenarios/span_Compare' is clicked on

2023-02-23 11:30:20 - [TEST_STEP][PASSED] - click(findTestObject("Compare Scenarios/Delete_Scenario_1")): Object: 'Object Repository/Compare Scenarios/Delete_Scenario_1' is clicked on

2023-02-23 11:30:21 - [MESSAGE][PASSED] - Object: 'Object Repository/Compare Scenarios/Delete_Scenario_1' is clicked on

2023-02-23 11:30:21 - [TEST_STEP][PASSED] - click(findTestObject("Compare Scenarios/span_Yes")): Object: 'Object Repository/Compare Scenarios/span_Yes' is clicked on

2023-02-23 11:30:22 - [MESSAGE][PASSED] - Object: 'Object Repository/Compare Scenarios/span_Yes' is clicked on

2023-02-23 11:30:22 - [TEST_STEP][PASSED] - delay(3): Delayed 3 second(s)

2023-02-23 11:30:25 - [MESSAGE][PASSED] - Delayed 3 second(s)

2023-02-23 11:30:25 - [TEST_STEP][PASSED] - click(findTestObject("Compare Scenarios/Delete_Scenario_1")): Object: 'Object Repository/Compare Scenarios/Delete_Scenario_1' is clicked on

2023-02-23 11:30:25 - [MESSAGE][PASSED] - Object: 'Object Repository/Compare Scenarios/Delete_Scenario_1' is clicked on

2023-02-23 11:30:25 - [TEST_STEP][PASSED] - click(findTestObject("Compare Scenarios/span_Yes")): Object: 'Object Repository/Compare Scenarios/span_Yes' is clicked on

2023-02-23 11:30:26 - [MESSAGE][PASSED] - Object: 'Object Repository/Compare Scenarios/span_Yes' is clicked on

2023-02-23 11:30:26 - [TEST_STEP][PASSED] - delay(3): Delayed 3 second(s)

2023-02-23 11:30:29 - [MESSAGE][PASSED] - Delayed 3 second(s)

2023-02-23 11:30:29 - [TEST_STEP][PASSED] - database_keywords.test.Database_Keywords.deletebudgets(): database_keywords.test.Database_Keywords.deletebudgets is PASSED

2023-02-23 11:30:33 - [MESSAGE][PASSED] - database_keywords.test.Database_Keywords.deletebudgets is PASSED

2023-02-23 11:30:33 - [TEST_STEP][PASSED] - closeBrowser(): Browser is closed

2023-02-23 11:30:33 - [MESSAGE][PASSED] - Browser is closed

2023-02-23 11:30:33 - [TEST_STEP][PASSED] - Video: Video recording for test case 'Test Cases/GiS/Compare Scenarios/CS_Single_Budget - Sidewalk' .

2023-02-23 11:30:33 - [MESSAGE][INFO] - Video recording for test case 'Test Cases/GiS/Compare Scenarios/CS_Single_Budget - Sidewalk' .]]></system-out>
         <system-err><![CDATA[]]></system-err>
      </testcase>
      <testcase name="Test Cases/GiS/Compare Scenarios/CS_Three_Budgets_Sidewalk" time="188.318" classname="Test Cases/GiS/Compare Scenarios/CS_Three_Budgets_Sidewalk" status="PASSED">
         <system-out><![CDATA[2023-02-23 11:30:33 - [TEST_CASE][PASSED] - Test Cases/GiS/Compare Scenarios/CS_Three_Budgets_Sidewalk: Test Cases/GiS/Compare Scenarios/CS_Three_Budgets_Sidewalk

2023-02-23 11:30:33 - [TEST_STEP][PASSED] - gis_url.test.URL.redirectURL(): gis_url.test.URL.redirectURL is PASSED

2023-02-23 11:30:33 - [MESSAGE][INFO] - Starting 'Chrome' driver

2023-02-23 11:30:33 - [MESSAGE][INFO] - Action delay is set to 0 milliseconds

2023-02-23 11:30:37 - [MESSAGE][PASSED] - Browser is opened with url: 'https://streetlogix-gis-slx4-develop.vercel.app/?config=64077fc938af4bcc9a46a81d8f4e5576&token=eyJhbGciOiJIUzI1NiIsInR5cCI6IkpXVCJ9.eyJpZCI6OTc2LCJuYW1lIjoiU29oYWliIE5laGFsIiwiZXhwIjoxNjc5NTk1OTE0LCJpYXQiOjE2NzcwMDM5MTR9.2xH46-6Ez-I1oUKcoFhQjnTNUOtwKNfZcleU9MbUdCY'

2023-02-23 11:30:37 - [MESSAGE][PASSED] - gis_url.test.URL.redirectURL is PASSED

2023-02-23 11:30:37 - [TEST_STEP][PASSED] - delay(15): Delayed 15 second(s)

2023-02-23 11:30:52 - [MESSAGE][PASSED] - Delayed 15 second(s)

2023-02-23 11:30:52 - [TEST_STEP][PASSED] - click(findTestObject("Object Repository/Compare Scenarios/Menubar-icon")): Object: 'Object Repository/Compare Scenarios/Menubar-icon' is clicked on

2023-02-23 11:30:53 - [MESSAGE][PASSED] - Object: 'Object Repository/Compare Scenarios/Menubar-icon' is clicked on

2023-02-23 11:30:53 - [TEST_STEP][PASSED] - click(findTestObject("Object Repository/Compare Scenarios/img_Compare_Scenario_rail-icon")): Object: 'Object Repository/Compare Scenarios/img_Compare_Scenario_rail-icon' is clicked on

2023-02-23 11:30:53 - [MESSAGE][PASSED] - Object: 'Object Repository/Compare Scenarios/img_Compare_Scenario_rail-icon' is clicked on

2023-02-23 11:30:53 - [TEST_STEP][PASSED] - click(findTestObject("Compare Scenarios/div_Pavement Maintenance")): Object: 'Object Repository/Compare Scenarios/div_Pavement Maintenance' is clicked on

2023-02-23 11:30:55 - [MESSAGE][PASSED] - Object: 'Object Repository/Compare Scenarios/div_Pavement Maintenance' is clicked on

2023-02-23 11:30:55 - [TEST_STEP][PASSED] - click(findTestObject("Compare Scenarios/li_Sidewalk Maintenance")): Object: 'Object Repository/Compare Scenarios/li_Sidewalk Maintenance' is clicked on

2023-02-23 11:30:56 - [MESSAGE][PASSED] - Object: 'Object Repository/Compare Scenarios/li_Sidewalk Maintenance' is clicked on

2023-02-23 11:30:56 - [TEST_STEP][PASSED] - sendKeys(findTestObject("Compare Scenarios/input_Program duration_duration"), Keys.chord(COMMAND, "a")): Keys 'COMMAND + a' sent to object: 'Object Repository/Compare Scenarios/input_Program duration_duration'

2023-02-23 11:30:58 - [MESSAGE][PASSED] - Keys 'COMMAND + a' sent to object: 'Object Repository/Compare Scenarios/input_Program duration_duration'

2023-02-23 11:30:58 - [TEST_STEP][PASSED] - sendKeys(findTestObject("Compare Scenarios/input_Program duration_duration"), Keys.chord(DELETE)): Keys 'DELETE + ' sent to object: 'Object Repository/Compare Scenarios/input_Program duration_duration'

2023-02-23 11:30:59 - [MESSAGE][PASSED] - Keys 'DELETE + ' sent to object: 'Object Repository/Compare Scenarios/input_Program duration_duration'

2023-02-23 11:30:59 - [TEST_STEP][PASSED] - setText(findTestObject("Compare Scenarios/input_Program duration_duration"), "3"): Text '3' is set on object 'Object Repository/Compare Scenarios/input_Program duration_duration'

2023-02-23 11:31:00 - [MESSAGE][PASSED] - Text '3' is set on object 'Object Repository/Compare Scenarios/input_Program duration_duration'

2023-02-23 11:31:00 - [TEST_STEP][PASSED] - sendKeys(findTestObject("Object Repository/Compare Scenarios/input_Scenario Name_scenario_name"), Keys.chord(COMMAND, "a")): Keys 'COMMAND + a' sent to object: 'Object Repository/Compare Scenarios/input_Scenario Name_scenario_name'

2023-02-23 11:31:00 - [MESSAGE][PASSED] - Keys 'COMMAND + a' sent to object: 'Object Repository/Compare Scenarios/input_Scenario Name_scenario_name'

2023-02-23 11:31:00 - [TEST_STEP][PASSED] - sendKeys(findTestObject("Object Repository/Compare Scenarios/input_Scenario Name_scenario_name"), Keys.chord(DELETE)): Keys 'DELETE + ' sent to object: 'Object Repository/Compare Scenarios/input_Scenario Name_scenario_name'

2023-02-23 11:31:01 - [MESSAGE][PASSED] - Keys 'DELETE + ' sent to object: 'Object Repository/Compare Scenarios/input_Scenario Name_scenario_name'

2023-02-23 11:31:01 - [TEST_STEP][PASSED] - setText(findTestObject("Object Repository/Compare Scenarios/input_Scenario Name_scenario_name"), "Compare Scenario 1"): Text 'Compare Scenario 1' is set on object 'Object Repository/Compare Scenarios/input_Scenario Name_scenario_name'

2023-02-23 11:31:02 - [MESSAGE][PASSED] - Text 'Compare Scenario 1' is set on object 'Object Repository/Compare Scenarios/input_Scenario Name_scenario_name'

2023-02-23 11:31:02 - [TEST_STEP][PASSED] - click(findTestObject("Object Repository/Compare Scenarios/span_Add Scenario")): Object: 'Object Repository/Compare Scenarios/span_Add Scenario' is clicked on

2023-02-23 11:31:02 - [MESSAGE][PASSED] - Object: 'Object Repository/Compare Scenarios/span_Add Scenario' is clicked on

2023-02-23 11:31:02 - [TEST_STEP][PASSED] - click(findTestObject("Object Repository/Compare Scenarios/span_Add Scenario")): Object: 'Object Repository/Compare Scenarios/span_Add Scenario' is clicked on

2023-02-23 11:31:03 - [MESSAGE][PASSED] - Object: 'Object Repository/Compare Scenarios/span_Add Scenario' is clicked on

2023-02-23 11:31:03 - [TEST_STEP][PASSED] - sendKeys(findTestObject("Object Repository/Compare Scenarios/input_Scenario Name_scenario_name_2"), Keys.chord(COMMAND, "a")): Keys 'COMMAND + a' sent to object: 'Object Repository/Compare Scenarios/input_Scenario Name_scenario_name_2'

2023-02-23 11:31:03 - [MESSAGE][PASSED] - Keys 'COMMAND + a' sent to object: 'Object Repository/Compare Scenarios/input_Scenario Name_scenario_name_2'

2023-02-23 11:31:03 - [TEST_STEP][PASSED] - sendKeys(findTestObject("Object Repository/Compare Scenarios/input_Scenario Name_scenario_name_2"), Keys.chord(DELETE)): Keys 'DELETE + ' sent to object: 'Object Repository/Compare Scenarios/input_Scenario Name_scenario_name_2'

2023-02-23 11:31:04 - [MESSAGE][PASSED] - Keys 'DELETE + ' sent to object: 'Object Repository/Compare Scenarios/input_Scenario Name_scenario_name_2'

2023-02-23 11:31:04 - [TEST_STEP][PASSED] - setText(findTestObject("Object Repository/Compare Scenarios/input_Scenario Name_scenario_name_2"), "Compare Scenario 2"): Text 'Compare Scenario 2' is set on object 'Object Repository/Compare Scenarios/input_Scenario Name_scenario_name_2'

2023-02-23 11:31:05 - [MESSAGE][PASSED] - Text 'Compare Scenario 2' is set on object 'Object Repository/Compare Scenarios/input_Scenario Name_scenario_name_2'

2023-02-23 11:31:05 - [TEST_STEP][PASSED] - sendKeys(findTestObject("Object Repository/Compare Scenarios/input_Scenario Name_scenario_name_3"), Keys.chord(COMMAND, "a")): Keys 'COMMAND + a' sent to object: 'Object Repository/Compare Scenarios/input_Scenario Name_scenario_name_3'

2023-02-23 11:31:05 - [MESSAGE][PASSED] - Keys 'COMMAND + a' sent to object: 'Object Repository/Compare Scenarios/input_Scenario Name_scenario_name_3'

2023-02-23 11:31:05 - [TEST_STEP][PASSED] - sendKeys(findTestObject("Object Repository/Compare Scenarios/input_Scenario Name_scenario_name_3"), Keys.chord(DELETE)): Keys 'DELETE + ' sent to object: 'Object Repository/Compare Scenarios/input_Scenario Name_scenario_name_3'

2023-02-23 11:31:06 - [MESSAGE][PASSED] - Keys 'DELETE + ' sent to object: 'Object Repository/Compare Scenarios/input_Scenario Name_scenario_name_3'

2023-02-23 11:31:06 - [TEST_STEP][PASSED] - setText(findTestObject("Object Repository/Compare Scenarios/input_Scenario Name_scenario_name_3"), "Compare Scenario 3"): Text 'Compare Scenario 3' is set on object 'Object Repository/Compare Scenarios/input_Scenario Name_scenario_name_3'

2023-02-23 11:31:07 - [MESSAGE][PASSED] - Text 'Compare Scenario 3' is set on object 'Object Repository/Compare Scenarios/input_Scenario Name_scenario_name_3'

2023-02-23 11:31:07 - [TEST_STEP][PASSED] - setText(findTestObject("Object Repository/Compare Scenarios/input_Annual Budget_budget"), "3000"): Text '3000' is set on object 'Object Repository/Compare Scenarios/input_Annual Budget_budget'

2023-02-23 11:31:07 - [MESSAGE][PASSED] - Text '3000' is set on object 'Object Repository/Compare Scenarios/input_Annual Budget_budget'

2023-02-23 11:31:07 - [TEST_STEP][PASSED] - setText(findTestObject("Compare Scenarios/input_Annual Budget_budget_2"), "2000"): Text '2000' is set on object 'Object Repository/Compare Scenarios/input_Annual Budget_budget_2'

2023-02-23 11:31:08 - [MESSAGE][PASSED] - Text '2000' is set on object 'Object Repository/Compare Scenarios/input_Annual Budget_budget_2'

2023-02-23 11:31:08 - [TEST_STEP][PASSED] - setText(findTestObject("Compare Scenarios/input_Annual Budget_budget_3"), "1000"): Text '1000' is set on object 'Object Repository/Compare Scenarios/input_Annual Budget_budget_3'

2023-02-23 11:31:09 - [MESSAGE][PASSED] - Text '1000' is set on object 'Object Repository/Compare Scenarios/input_Annual Budget_budget_3'

2023-02-23 11:31:09 - [TEST_STEP][PASSED] - sendKeys(findTestObject("Object Repository/Compare Scenarios/Input_Inflation"), Keys.chord(COMMAND, "a")): Keys 'COMMAND + a' sent to object: 'Object Repository/Compare Scenarios/Input_Inflation'

2023-02-23 11:31:10 - [MESSAGE][PASSED] - Keys 'COMMAND + a' sent to object: 'Object Repository/Compare Scenarios/Input_Inflation'

2023-02-23 11:31:10 - [TEST_STEP][PASSED] - sendKeys(findTestObject("Object Repository/Compare Scenarios/Input_Inflation"), Keys.chord(DELETE)): Keys 'DELETE + ' sent to object: 'Object Repository/Compare Scenarios/Input_Inflation'

2023-02-23 11:31:10 - [MESSAGE][PASSED] - Keys 'DELETE + ' sent to object: 'Object Repository/Compare Scenarios/Input_Inflation'

2023-02-23 11:31:10 - [TEST_STEP][PASSED] - setText(findTestObject("Object Repository/Compare Scenarios/Input_Inflation"), "5"): Text '5' is set on object 'Object Repository/Compare Scenarios/Input_Inflation'

2023-02-23 11:31:11 - [MESSAGE][PASSED] - Text '5' is set on object 'Object Repository/Compare Scenarios/Input_Inflation'

2023-02-23 11:31:11 - [TEST_STEP][PASSED] - sendKeys(findTestObject("Object Repository/Compare Scenarios/Input_Inflation_2"), Keys.chord(COMMAND, "a")): Keys 'COMMAND + a' sent to object: 'Object Repository/Compare Scenarios/Input_Inflation_2'

2023-02-23 11:31:11 - [MESSAGE][PASSED] - Keys 'COMMAND + a' sent to object: 'Object Repository/Compare Scenarios/Input_Inflation_2'

2023-02-23 11:31:11 - [TEST_STEP][PASSED] - sendKeys(findTestObject("Object Repository/Compare Scenarios/Input_Inflation_2"), Keys.chord(DELETE)): Keys 'DELETE + ' sent to object: 'Object Repository/Compare Scenarios/Input_Inflation_2'

2023-02-23 11:31:12 - [MESSAGE][PASSED] - Keys 'DELETE + ' sent to object: 'Object Repository/Compare Scenarios/Input_Inflation_2'

2023-02-23 11:31:12 - [TEST_STEP][PASSED] - setText(findTestObject("Object Repository/Compare Scenarios/Input_Inflation_2"), "7"): Text '7' is set on object 'Object Repository/Compare Scenarios/Input_Inflation_2'

2023-02-23 11:31:13 - [MESSAGE][PASSED] - Text '7' is set on object 'Object Repository/Compare Scenarios/Input_Inflation_2'

2023-02-23 11:31:13 - [TEST_STEP][PASSED] - sendKeys(findTestObject("Object Repository/Compare Scenarios/Input_Inflation_3"), Keys.chord(COMMAND, "a")): Keys 'COMMAND + a' sent to object: 'Object Repository/Compare Scenarios/Input_Inflation_3'

2023-02-23 11:31:13 - [MESSAGE][PASSED] - Keys 'COMMAND + a' sent to object: 'Object Repository/Compare Scenarios/Input_Inflation_3'

2023-02-23 11:31:13 - [TEST_STEP][PASSED] - sendKeys(findTestObject("Object Repository/Compare Scenarios/Input_Inflation_3"), Keys.chord(DELETE)): Keys 'DELETE + ' sent to object: 'Object Repository/Compare Scenarios/Input_Inflation_3'

2023-02-23 11:31:14 - [MESSAGE][PASSED] - Keys 'DELETE + ' sent to object: 'Object Repository/Compare Scenarios/Input_Inflation_3'

2023-02-23 11:31:14 - [TEST_STEP][PASSED] - setText(findTestObject("Object Repository/Compare Scenarios/Input_Inflation_3"), "0"): Text '0' is set on object 'Object Repository/Compare Scenarios/Input_Inflation_3'

2023-02-23 11:31:14 - [MESSAGE][PASSED] - Text '0' is set on object 'Object Repository/Compare Scenarios/Input_Inflation_3'

2023-02-23 11:31:14 - [TEST_STEP][PASSED] - click(findTestObject("Object Repository/Compare Scenarios/div_Select layerPavement MaintenanceFilter _a98a8c")): Object: 'Object Repository/Compare Scenarios/div_Select layerPavement MaintenanceFilter _a98a8c' is clicked on

2023-02-23 11:31:15 - [MESSAGE][PASSED] - Object: 'Object Repository/Compare Scenarios/div_Select layerPavement MaintenanceFilter _a98a8c' is clicked on

2023-02-23 11:31:15 - [TEST_STEP][PASSED] - click(findTestObject("Object Repository/Compare Scenarios/Apply_button")): Object: 'Object Repository/Compare Scenarios/Apply_button' is clicked on

2023-02-23 11:31:15 - [MESSAGE][PASSED] - Object: 'Object Repository/Compare Scenarios/Apply_button' is clicked on

2023-02-23 11:31:15 - [TEST_STEP][PASSED] - delay(120): Delayed 120 second(s)

2023-02-23 11:33:15 - [MESSAGE][PASSED] - Delayed 120 second(s)

2023-02-23 11:33:15 - [TEST_STEP][PASSED] - click(findTestObject("Object Repository/Compare Scenarios/span_Compare")): Object: 'Object Repository/Compare Scenarios/span_Compare' is clicked on

2023-02-23 11:33:16 - [MESSAGE][PASSED] - Object: 'Object Repository/Compare Scenarios/span_Compare' is clicked on

2023-02-23 11:33:16 - [TEST_STEP][PASSED] - click(findTestObject("Compare Scenarios/div_Compare Scenario 1")): Object: 'Object Repository/Compare Scenarios/div_Compare Scenario 1' is clicked on

2023-02-23 11:33:18 - [MESSAGE][PASSED] - Object: 'Object Repository/Compare Scenarios/div_Compare Scenario 1' is clicked on

2023-02-23 11:33:18 - [TEST_STEP][PASSED] - click(findTestObject("Compare Scenarios/div_Compare Scenario 2")): Object: 'Object Repository/Compare Scenarios/div_Compare Scenario 2' is clicked on

2023-02-23 11:33:19 - [MESSAGE][PASSED] - Object: 'Object Repository/Compare Scenarios/div_Compare Scenario 2' is clicked on

2023-02-23 11:33:19 - [TEST_STEP][PASSED] - click(findTestObject("Compare Scenarios/div_Compare Scenario 3")): Object: 'Object Repository/Compare Scenarios/div_Compare Scenario 3' is clicked on

2023-02-23 11:33:19 - [MESSAGE][PASSED] - Object: 'Object Repository/Compare Scenarios/div_Compare Scenario 3' is clicked on

2023-02-23 11:33:19 - [TEST_STEP][PASSED] - click(findTestObject("Compare Scenarios/span_Compare_loadscreen")): Object: 'Object Repository/Compare Scenarios/span_Compare_loadscreen' is clicked on

2023-02-23 11:33:20 - [MESSAGE][PASSED] - Object: 'Object Repository/Compare Scenarios/span_Compare_loadscreen' is clicked on

2023-02-23 11:33:20 - [TEST_STEP][PASSED] - takeFullPageScreenshot(): Taking screenshot successfully

2023-02-23 11:33:21 - [MESSAGE][INFO] - 0 hidden object(s)

2023-02-23 11:33:22 - [MESSAGE][PASSED] - Taking screenshot successfully
[[ATTACHMENT|/Users/kashif/Downloads/Kashif/Katalon Studio/4.0_fresh/4.0 Fresh/Reports/20230223_111740/GIS/20230223_111741/1677134000411.png]]

2023-02-23 11:33:22 - [TEST_STEP][PASSED] - click(findTestObject("Object Repository/Compare Scenarios/button")): Object: 'Object Repository/Compare Scenarios/button' is clicked on

2023-02-23 11:33:23 - [MESSAGE][PASSED] - Object: 'Object Repository/Compare Scenarios/button' is clicked on

2023-02-23 11:33:23 - [TEST_STEP][PASSED] - click(findTestObject("Object Repository/Compare Scenarios/div_Save as JPEG")): Object: 'Object Repository/Compare Scenarios/div_Save as JPEG' is clicked on

2023-02-23 11:33:24 - [MESSAGE][PASSED] - Object: 'Object Repository/Compare Scenarios/div_Save as JPEG' is clicked on

2023-02-23 11:33:24 - [TEST_STEP][PASSED] - click(findTestObject("Compare Scenarios/span_Close")): Object: 'Object Repository/Compare Scenarios/span_Close' is clicked on

2023-02-23 11:33:25 - [MESSAGE][PASSED] - Object: 'Object Repository/Compare Scenarios/span_Close' is clicked on

2023-02-23 11:33:25 - [TEST_STEP][PASSED] - click(findTestObject("Object Repository/Compare Scenarios/span_Compare")): Object: 'Object Repository/Compare Scenarios/span_Compare' is clicked on

2023-02-23 11:33:26 - [MESSAGE][PASSED] - Object: 'Object Repository/Compare Scenarios/span_Compare' is clicked on

2023-02-23 11:33:26 - [TEST_STEP][PASSED] - click(findTestObject("Compare Scenarios/Delete_Scenario_1")): Object: 'Object Repository/Compare Scenarios/Delete_Scenario_1' is clicked on

2023-02-23 11:33:28 - [MESSAGE][PASSED] - Object: 'Object Repository/Compare Scenarios/Delete_Scenario_1' is clicked on

2023-02-23 11:33:28 - [TEST_STEP][PASSED] - click(findTestObject("Compare Scenarios/span_Yes")): Object: 'Object Repository/Compare Scenarios/span_Yes' is clicked on

2023-02-23 11:33:29 - [MESSAGE][PASSED] - Object: 'Object Repository/Compare Scenarios/span_Yes' is clicked on

2023-02-23 11:33:29 - [TEST_STEP][PASSED] - delay(3): Delayed 3 second(s)

2023-02-23 11:33:32 - [MESSAGE][PASSED] - Delayed 3 second(s)

2023-02-23 11:33:32 - [TEST_STEP][PASSED] - click(findTestObject("Compare Scenarios/Delete_Scenario_1")): Object: 'Object Repository/Compare Scenarios/Delete_Scenario_1' is clicked on

2023-02-23 11:33:32 - [MESSAGE][PASSED] - Object: 'Object Repository/Compare Scenarios/Delete_Scenario_1' is clicked on

2023-02-23 11:33:32 - [TEST_STEP][PASSED] - click(findTestObject("Compare Scenarios/span_Yes")): Object: 'Object Repository/Compare Scenarios/span_Yes' is clicked on

2023-02-23 11:33:33 - [MESSAGE][PASSED] - Object: 'Object Repository/Compare Scenarios/span_Yes' is clicked on

2023-02-23 11:33:33 - [TEST_STEP][PASSED] - delay(3): Delayed 3 second(s)

2023-02-23 11:33:36 - [MESSAGE][PASSED] - Delayed 3 second(s)

2023-02-23 11:33:36 - [TEST_STEP][PASSED] - click(findTestObject("Compare Scenarios/Delete_Scenario_1")): Object: 'Object Repository/Compare Scenarios/Delete_Scenario_1' is clicked on

2023-02-23 11:33:36 - [MESSAGE][PASSED] - Object: 'Object Repository/Compare Scenarios/Delete_Scenario_1' is clicked on

2023-02-23 11:33:36 - [TEST_STEP][PASSED] - click(findTestObject("Compare Scenarios/span_Yes")): Object: 'Object Repository/Compare Scenarios/span_Yes' is clicked on

2023-02-23 11:33:37 - [MESSAGE][PASSED] - Object: 'Object Repository/Compare Scenarios/span_Yes' is clicked on

2023-02-23 11:33:37 - [TEST_STEP][PASSED] - database_keywords.test.Database_Keywords.deletebudgets(): database_keywords.test.Database_Keywords.deletebudgets is PASSED

2023-02-23 11:33:41 - [MESSAGE][PASSED] - database_keywords.test.Database_Keywords.deletebudgets is PASSED

2023-02-23 11:33:41 - [TEST_STEP][PASSED] - closeBrowser(): Browser is closed

2023-02-23 11:33:41 - [MESSAGE][PASSED] - Browser is closed

2023-02-23 11:33:41 - [TEST_STEP][PASSED] - Video: Video recording for test case 'Test Cases/GiS/Compare Scenarios/CS_Three_Budgets_Sidewalk' .

2023-02-23 11:33:41 - [MESSAGE][INFO] - Video recording for test case 'Test Cases/GiS/Compare Scenarios/CS_Three_Budgets_Sidewalk' .]]></system-out>
         <system-err><![CDATA[]]></system-err>
      </testcase>
      <testcase name="Test Cases/GiS/Compare Scenarios/CS_Single_Budget" time="108.617" classname="Test Cases/GiS/Compare Scenarios/CS_Single_Budget" status="PASSED">
         <system-out><![CDATA[2023-02-23 11:33:41 - [TEST_CASE][PASSED] - Test Cases/GiS/Compare Scenarios/CS_Single_Budget: Test Cases/GiS/Compare Scenarios/CS_Single_Budget

2023-02-23 11:33:42 - [TEST_STEP][PASSED] - gis_url.test.URL.redirectURL(): gis_url.test.URL.redirectURL is PASSED

2023-02-23 11:33:42 - [MESSAGE][INFO] - Starting 'Chrome' driver

2023-02-23 11:33:42 - [MESSAGE][INFO] - Action delay is set to 0 milliseconds

2023-02-23 11:33:45 - [MESSAGE][PASSED] - Browser is opened with url: 'https://streetlogix-gis-slx4-develop.vercel.app/?config=64077fc938af4bcc9a46a81d8f4e5576&token=eyJhbGciOiJIUzI1NiIsInR5cCI6IkpXVCJ9.eyJpZCI6OTc2LCJuYW1lIjoiU29oYWliIE5laGFsIiwiZXhwIjoxNjc5NTk1OTE0LCJpYXQiOjE2NzcwMDM5MTR9.2xH46-6Ez-I1oUKcoFhQjnTNUOtwKNfZcleU9MbUdCY'

2023-02-23 11:33:45 - [MESSAGE][PASSED] - gis_url.test.URL.redirectURL is PASSED

2023-02-23 11:33:45 - [TEST_STEP][PASSED] - delay(15): Delayed 15 second(s)

2023-02-23 11:34:00 - [MESSAGE][PASSED] - Delayed 15 second(s)

2023-02-23 11:34:00 - [TEST_STEP][PASSED] - click(findTestObject("Object Repository/Compare Scenarios/Menubar-icon")): Object: 'Object Repository/Compare Scenarios/Menubar-icon' is clicked on

2023-02-23 11:34:01 - [MESSAGE][PASSED] - Object: 'Object Repository/Compare Scenarios/Menubar-icon' is clicked on

2023-02-23 11:34:01 - [TEST_STEP][PASSED] - click(findTestObject("Object Repository/Compare Scenarios/img_Compare_Scenario_rail-icon")): Object: 'Object Repository/Compare Scenarios/img_Compare_Scenario_rail-icon' is clicked on

2023-02-23 11:34:01 - [MESSAGE][PASSED] - Object: 'Object Repository/Compare Scenarios/img_Compare_Scenario_rail-icon' is clicked on

2023-02-23 11:34:01 - [TEST_STEP][PASSED] - sendKeys(findTestObject("Compare Scenarios/input_Program duration_duration"), Keys.chord(COMMAND, "a")): Keys 'COMMAND + a' sent to object: 'Object Repository/Compare Scenarios/input_Program duration_duration'

2023-02-23 11:34:03 - [MESSAGE][PASSED] - Keys 'COMMAND + a' sent to object: 'Object Repository/Compare Scenarios/input_Program duration_duration'

2023-02-23 11:34:03 - [TEST_STEP][PASSED] - sendKeys(findTestObject("Compare Scenarios/input_Program duration_duration"), Keys.chord(DELETE)): Keys 'DELETE + ' sent to object: 'Object Repository/Compare Scenarios/input_Program duration_duration'

2023-02-23 11:34:03 - [MESSAGE][PASSED] - Keys 'DELETE + ' sent to object: 'Object Repository/Compare Scenarios/input_Program duration_duration'

2023-02-23 11:34:03 - [TEST_STEP][PASSED] - setText(findTestObject("Compare Scenarios/input_Program duration_duration"), "3"): Text '3' is set on object 'Object Repository/Compare Scenarios/input_Program duration_duration'

2023-02-23 11:34:05 - [MESSAGE][PASSED] - Text '3' is set on object 'Object Repository/Compare Scenarios/input_Program duration_duration'

2023-02-23 11:34:05 - [TEST_STEP][PASSED] - sendKeys(findTestObject("Object Repository/Compare Scenarios/input_Scenario Name_scenario_name"), Keys.chord(COMMAND, "a")): Keys 'COMMAND + a' sent to object: 'Object Repository/Compare Scenarios/input_Scenario Name_scenario_name'

2023-02-23 11:34:05 - [MESSAGE][PASSED] - Keys 'COMMAND + a' sent to object: 'Object Repository/Compare Scenarios/input_Scenario Name_scenario_name'

2023-02-23 11:34:05 - [TEST_STEP][PASSED] - sendKeys(findTestObject("Object Repository/Compare Scenarios/input_Scenario Name_scenario_name"), Keys.chord(DELETE)): Keys 'DELETE + ' sent to object: 'Object Repository/Compare Scenarios/input_Scenario Name_scenario_name'

2023-02-23 11:34:06 - [MESSAGE][PASSED] - Keys 'DELETE + ' sent to object: 'Object Repository/Compare Scenarios/input_Scenario Name_scenario_name'

2023-02-23 11:34:06 - [TEST_STEP][PASSED] - setText(findTestObject("Object Repository/Compare Scenarios/input_Scenario Name_scenario_name"), "Compare Scenario 1"): Text 'Compare Scenario 1' is set on object 'Object Repository/Compare Scenarios/input_Scenario Name_scenario_name'

2023-02-23 11:34:07 - [MESSAGE][PASSED] - Text 'Compare Scenario 1' is set on object 'Object Repository/Compare Scenarios/input_Scenario Name_scenario_name'

2023-02-23 11:34:07 - [TEST_STEP][PASSED] - setText(findTestObject("Object Repository/Compare Scenarios/input_Annual Budget_budget"), "30,000"): Text '30,000' is set on object 'Object Repository/Compare Scenarios/input_Annual Budget_budget'

2023-02-23 11:34:08 - [MESSAGE][PASSED] - Text '30,000' is set on object 'Object Repository/Compare Scenarios/input_Annual Budget_budget'

2023-02-23 11:34:08 - [TEST_STEP][PASSED] - sendKeys(findTestObject("Object Repository/Compare Scenarios/Input_Inflation"), Keys.chord(COMMAND, "a")): Keys 'COMMAND + a' sent to object: 'Object Repository/Compare Scenarios/Input_Inflation'

2023-02-23 11:34:08 - [MESSAGE][PASSED] - Keys 'COMMAND + a' sent to object: 'Object Repository/Compare Scenarios/Input_Inflation'

2023-02-23 11:34:08 - [TEST_STEP][PASSED] - sendKeys(findTestObject("Object Repository/Compare Scenarios/Input_Inflation"), Keys.chord(DELETE)): Keys 'DELETE + ' sent to object: 'Object Repository/Compare Scenarios/Input_Inflation'

2023-02-23 11:34:08 - [MESSAGE][PASSED] - Keys 'DELETE + ' sent to object: 'Object Repository/Compare Scenarios/Input_Inflation'

2023-02-23 11:34:08 - [TEST_STEP][PASSED] - setText(findTestObject("Object Repository/Compare Scenarios/Input_Inflation"), "5"): Text '5' is set on object 'Object Repository/Compare Scenarios/Input_Inflation'

2023-02-23 11:34:09 - [MESSAGE][PASSED] - Text '5' is set on object 'Object Repository/Compare Scenarios/Input_Inflation'

2023-02-23 11:34:09 - [TEST_STEP][PASSED] - click(findTestObject("Object Repository/Compare Scenarios/div_Select layerPavement MaintenanceFilter _a98a8c")): Object: 'Object Repository/Compare Scenarios/div_Select layerPavement MaintenanceFilter _a98a8c' is clicked on

2023-02-23 11:34:10 - [MESSAGE][PASSED] - Object: 'Object Repository/Compare Scenarios/div_Select layerPavement MaintenanceFilter _a98a8c' is clicked on

2023-02-23 11:34:10 - [TEST_STEP][PASSED] - click(findTestObject("Object Repository/Compare Scenarios/Apply_button")): Object: 'Object Repository/Compare Scenarios/Apply_button' is clicked on

2023-02-23 11:34:10 - [MESSAGE][PASSED] - Object: 'Object Repository/Compare Scenarios/Apply_button' is clicked on

2023-02-23 11:34:10 - [TEST_STEP][PASSED] - sendKeys(findTestObject("Compare Scenarios/input_Program duration_duration"), Keys.chord(COMMAND, "a")): Keys 'COMMAND + a' sent to object: 'Object Repository/Compare Scenarios/input_Program duration_duration'

2023-02-23 11:34:12 - [MESSAGE][PASSED] - Keys 'COMMAND + a' sent to object: 'Object Repository/Compare Scenarios/input_Program duration_duration'

2023-02-23 11:34:12 - [TEST_STEP][PASSED] - sendKeys(findTestObject("Compare Scenarios/input_Program duration_duration"), Keys.chord(DELETE)): Keys 'DELETE + ' sent to object: 'Object Repository/Compare Scenarios/input_Program duration_duration'

2023-02-23 11:34:14 - [MESSAGE][PASSED] - Keys 'DELETE + ' sent to object: 'Object Repository/Compare Scenarios/input_Program duration_duration'

2023-02-23 11:34:14 - [TEST_STEP][PASSED] - setText(findTestObject("Compare Scenarios/input_Program duration_duration"), "3"): Text '3' is set on object 'Object Repository/Compare Scenarios/input_Program duration_duration'

2023-02-23 11:34:15 - [MESSAGE][PASSED] - Text '3' is set on object 'Object Repository/Compare Scenarios/input_Program duration_duration'

2023-02-23 11:34:15 - [TEST_STEP][PASSED] - sendKeys(findTestObject("Object Repository/Compare Scenarios/input_Scenario Name_scenario_name"), Keys.chord(COMMAND, "a")): Keys 'COMMAND + a' sent to object: 'Object Repository/Compare Scenarios/input_Scenario Name_scenario_name'

2023-02-23 11:34:16 - [MESSAGE][PASSED] - Keys 'COMMAND + a' sent to object: 'Object Repository/Compare Scenarios/input_Scenario Name_scenario_name'

2023-02-23 11:34:16 - [TEST_STEP][PASSED] - sendKeys(findTestObject("Object Repository/Compare Scenarios/input_Scenario Name_scenario_name"), Keys.chord(DELETE)): Keys 'DELETE + ' sent to object: 'Object Repository/Compare Scenarios/input_Scenario Name_scenario_name'

2023-02-23 11:34:16 - [MESSAGE][PASSED] - Keys 'DELETE + ' sent to object: 'Object Repository/Compare Scenarios/input_Scenario Name_scenario_name'

2023-02-23 11:34:16 - [TEST_STEP][PASSED] - setText(findTestObject("Object Repository/Compare Scenarios/input_Scenario Name_scenario_name"), "Compare Scenario 2"): Text 'Compare Scenario 2' is set on object 'Object Repository/Compare Scenarios/input_Scenario Name_scenario_name'

2023-02-23 11:34:17 - [MESSAGE][PASSED] - Text 'Compare Scenario 2' is set on object 'Object Repository/Compare Scenarios/input_Scenario Name_scenario_name'

2023-02-23 11:34:17 - [TEST_STEP][PASSED] - setText(findTestObject("Object Repository/Compare Scenarios/input_Annual Budget_budget"), "10,000"): Text '10,000' is set on object 'Object Repository/Compare Scenarios/input_Annual Budget_budget'

2023-02-23 11:34:18 - [MESSAGE][PASSED] - Text '10,000' is set on object 'Object Repository/Compare Scenarios/input_Annual Budget_budget'

2023-02-23 11:34:18 - [TEST_STEP][PASSED] - sendKeys(findTestObject("Object Repository/Compare Scenarios/Input_Inflation"), Keys.chord(COMMAND, "a")): Keys 'COMMAND + a' sent to object: 'Object Repository/Compare Scenarios/Input_Inflation'

2023-02-23 11:34:19 - [MESSAGE][PASSED] - Keys 'COMMAND + a' sent to object: 'Object Repository/Compare Scenarios/Input_Inflation'

2023-02-23 11:34:19 - [TEST_STEP][PASSED] - sendKeys(findTestObject("Object Repository/Compare Scenarios/Input_Inflation"), Keys.chord(DELETE)): Keys 'DELETE + ' sent to object: 'Object Repository/Compare Scenarios/Input_Inflation'

2023-02-23 11:34:19 - [MESSAGE][PASSED] - Keys 'DELETE + ' sent to object: 'Object Repository/Compare Scenarios/Input_Inflation'

2023-02-23 11:34:19 - [TEST_STEP][PASSED] - setText(findTestObject("Object Repository/Compare Scenarios/Input_Inflation"), "7"): Text '7' is set on object 'Object Repository/Compare Scenarios/Input_Inflation'

2023-02-23 11:34:20 - [MESSAGE][PASSED] - Text '7' is set on object 'Object Repository/Compare Scenarios/Input_Inflation'

2023-02-23 11:34:20 - [TEST_STEP][PASSED] - click(findTestObject("Object Repository/Compare Scenarios/div_Select layerPavement MaintenanceFilter _a98a8c")): Object: 'Object Repository/Compare Scenarios/div_Select layerPavement MaintenanceFilter _a98a8c' is clicked on

2023-02-23 11:34:20 - [MESSAGE][PASSED] - Object: 'Object Repository/Compare Scenarios/div_Select layerPavement MaintenanceFilter _a98a8c' is clicked on

2023-02-23 11:34:20 - [TEST_STEP][PASSED] - click(findTestObject("Object Repository/Compare Scenarios/Apply_button")): Object: 'Object Repository/Compare Scenarios/Apply_button' is clicked on

2023-02-23 11:34:21 - [MESSAGE][PASSED] - Object: 'Object Repository/Compare Scenarios/Apply_button' is clicked on

2023-02-23 11:34:21 - [TEST_STEP][PASSED] - delay(50): Delayed 50 second(s)

2023-02-23 11:35:11 - [MESSAGE][PASSED] - Delayed 50 second(s)

2023-02-23 11:35:11 - [TEST_STEP][PASSED] - click(findTestObject("Object Repository/Compare Scenarios/span_Compare")): Object: 'Object Repository/Compare Scenarios/span_Compare' is clicked on

2023-02-23 11:35:11 - [MESSAGE][PASSED] - Object: 'Object Repository/Compare Scenarios/span_Compare' is clicked on

2023-02-23 11:35:11 - [TEST_STEP][PASSED] - click(findTestObject("Compare Scenarios/div_Compare Scenario 1")): Object: 'Object Repository/Compare Scenarios/div_Compare Scenario 1' is clicked on

2023-02-23 11:35:13 - [MESSAGE][PASSED] - Object: 'Object Repository/Compare Scenarios/div_Compare Scenario 1' is clicked on

2023-02-23 11:35:13 - [TEST_STEP][PASSED] - click(findTestObject("Compare Scenarios/div_Compare Scenario 2")): Object: 'Object Repository/Compare Scenarios/div_Compare Scenario 2' is clicked on

2023-02-23 11:35:14 - [MESSAGE][PASSED] - Object: 'Object Repository/Compare Scenarios/div_Compare Scenario 2' is clicked on

2023-02-23 11:35:14 - [TEST_STEP][PASSED] - click(findTestObject("Compare Scenarios/span_Compare_loadscreen")): Object: 'Object Repository/Compare Scenarios/span_Compare_loadscreen' is clicked on

2023-02-23 11:35:15 - [MESSAGE][PASSED] - Object: 'Object Repository/Compare Scenarios/span_Compare_loadscreen' is clicked on

2023-02-23 11:35:15 - [TEST_STEP][PASSED] - takeFullPageScreenshot(): Taking screenshot successfully

2023-02-23 11:35:16 - [MESSAGE][INFO] - 0 hidden object(s)

2023-02-23 11:35:17 - [MESSAGE][PASSED] - Taking screenshot successfully
[[ATTACHMENT|/Users/kashif/Downloads/Kashif/Katalon Studio/4.0_fresh/4.0 Fresh/Reports/20230223_111740/GIS/20230223_111741/1677134115191.png]]

2023-02-23 11:35:17 - [TEST_STEP][PASSED] - click(findTestObject("Object Repository/Compare Scenarios/button")): Object: 'Object Repository/Compare Scenarios/button' is clicked on

2023-02-23 11:35:17 - [MESSAGE][PASSED] - Object: 'Object Repository/Compare Scenarios/button' is clicked on

2023-02-23 11:35:17 - [TEST_STEP][PASSED] - click(findTestObject("Object Repository/Compare Scenarios/div_Save as JPEG")): Object: 'Object Repository/Compare Scenarios/div_Save as JPEG' is clicked on

2023-02-23 11:35:18 - [MESSAGE][PASSED] - Object: 'Object Repository/Compare Scenarios/div_Save as JPEG' is clicked on

2023-02-23 11:35:18 - [TEST_STEP][PASSED] - click(findTestObject("Compare Scenarios/span_Close")): Object: 'Object Repository/Compare Scenarios/span_Close' is clicked on

2023-02-23 11:35:19 - [MESSAGE][PASSED] - Object: 'Object Repository/Compare Scenarios/span_Close' is clicked on

2023-02-23 11:35:19 - [TEST_STEP][PASSED] - click(findTestObject("Object Repository/Compare Scenarios/span_Compare")): Object: 'Object Repository/Compare Scenarios/span_Compare' is clicked on

2023-02-23 11:35:20 - [MESSAGE][PASSED] - Object: 'Object Repository/Compare Scenarios/span_Compare' is clicked on

2023-02-23 11:35:20 - [TEST_STEP][PASSED] - click(findTestObject("Compare Scenarios/Delete_Scenario_1")): Object: 'Object Repository/Compare Scenarios/Delete_Scenario_1' is clicked on

2023-02-23 11:35:22 - [MESSAGE][PASSED] - Object: 'Object Repository/Compare Scenarios/Delete_Scenario_1' is clicked on

2023-02-23 11:35:22 - [TEST_STEP][PASSED] - click(findTestObject("Compare Scenarios/span_Yes")): Object: 'Object Repository/Compare Scenarios/span_Yes' is clicked on

2023-02-23 11:35:23 - [MESSAGE][PASSED] - Object: 'Object Repository/Compare Scenarios/span_Yes' is clicked on

2023-02-23 11:35:23 - [TEST_STEP][PASSED] - delay(3): Delayed 3 second(s)

2023-02-23 11:35:26 - [MESSAGE][PASSED] - Delayed 3 second(s)

2023-02-23 11:35:26 - [TEST_STEP][PASSED] - database_keywords.test.Database_Keywords.deletebudgets(): database_keywords.test.Database_Keywords.deletebudgets is PASSED

2023-02-23 11:35:30 - [MESSAGE][PASSED] - database_keywords.test.Database_Keywords.deletebudgets is PASSED

2023-02-23 11:35:30 - [TEST_STEP][PASSED] - closeBrowser(): Browser is closed

2023-02-23 11:35:30 - [MESSAGE][PASSED] - Browser is closed

2023-02-23 11:35:30 - [TEST_STEP][PASSED] - Video: Video recording for test case 'Test Cases/GiS/Compare Scenarios/CS_Single_Budget' .

2023-02-23 11:35:30 - [MESSAGE][INFO] - Video recording for test case 'Test Cases/GiS/Compare Scenarios/CS_Single_Budget' .]]></system-out>
         <system-err><![CDATA[]]></system-err>
      </testcase>
      <testcase name="Test Cases/GiS/Compare Scenarios/CS_Three_Budgets" time="121.824" classname="Test Cases/GiS/Compare Scenarios/CS_Three_Budgets" status="PASSED">
         <system-out><![CDATA[2023-02-23 11:35:30 - [TEST_CASE][PASSED] - Test Cases/GiS/Compare Scenarios/CS_Three_Budgets: Test Cases/GiS/Compare Scenarios/CS_Three_Budgets

2023-02-23 11:35:30 - [TEST_STEP][PASSED] - gis_url.test.URL.redirectURL(): gis_url.test.URL.redirectURL is PASSED

2023-02-23 11:35:30 - [MESSAGE][INFO] - Starting 'Chrome' driver

2023-02-23 11:35:30 - [MESSAGE][INFO] - Action delay is set to 0 milliseconds

2023-02-23 11:35:34 - [MESSAGE][PASSED] - Browser is opened with url: 'https://streetlogix-gis-slx4-develop.vercel.app/?config=64077fc938af4bcc9a46a81d8f4e5576&token=eyJhbGciOiJIUzI1NiIsInR5cCI6IkpXVCJ9.eyJpZCI6OTc2LCJuYW1lIjoiU29oYWliIE5laGFsIiwiZXhwIjoxNjc5NTk1OTE0LCJpYXQiOjE2NzcwMDM5MTR9.2xH46-6Ez-I1oUKcoFhQjnTNUOtwKNfZcleU9MbUdCY'

2023-02-23 11:35:34 - [MESSAGE][PASSED] - gis_url.test.URL.redirectURL is PASSED

2023-02-23 11:35:34 - [TEST_STEP][PASSED] - delay(15): Delayed 15 second(s)

2023-02-23 11:35:49 - [MESSAGE][PASSED] - Delayed 15 second(s)

2023-02-23 11:35:49 - [TEST_STEP][PASSED] - click(findTestObject("Object Repository/Compare Scenarios/Menubar-icon")): Object: 'Object Repository/Compare Scenarios/Menubar-icon' is clicked on

2023-02-23 11:35:50 - [MESSAGE][PASSED] - Object: 'Object Repository/Compare Scenarios/Menubar-icon' is clicked on

2023-02-23 11:35:50 - [TEST_STEP][PASSED] - click(findTestObject("Object Repository/Compare Scenarios/img_Compare_Scenario_rail-icon")): Object: 'Object Repository/Compare Scenarios/img_Compare_Scenario_rail-icon' is clicked on

2023-02-23 11:35:51 - [MESSAGE][PASSED] - Object: 'Object Repository/Compare Scenarios/img_Compare_Scenario_rail-icon' is clicked on

2023-02-23 11:35:51 - [TEST_STEP][PASSED] - sendKeys(findTestObject("Compare Scenarios/input_Program duration_duration"), Keys.chord(COMMAND, "a")): Keys 'COMMAND + a' sent to object: 'Object Repository/Compare Scenarios/input_Program duration_duration'

2023-02-23 11:35:53 - [MESSAGE][PASSED] - Keys 'COMMAND + a' sent to object: 'Object Repository/Compare Scenarios/input_Program duration_duration'

2023-02-23 11:35:53 - [TEST_STEP][PASSED] - sendKeys(findTestObject("Compare Scenarios/input_Program duration_duration"), Keys.chord(DELETE)): Keys 'DELETE + ' sent to object: 'Object Repository/Compare Scenarios/input_Program duration_duration'

2023-02-23 11:36:01 - [MESSAGE][PASSED] - Keys 'DELETE + ' sent to object: 'Object Repository/Compare Scenarios/input_Program duration_duration'

2023-02-23 11:36:01 - [TEST_STEP][PASSED] - setText(findTestObject("Compare Scenarios/input_Program duration_duration"), "3"): Text '3' is set on object 'Object Repository/Compare Scenarios/input_Program duration_duration'

2023-02-23 11:36:02 - [MESSAGE][PASSED] - Text '3' is set on object 'Object Repository/Compare Scenarios/input_Program duration_duration'

2023-02-23 11:36:02 - [TEST_STEP][PASSED] - sendKeys(findTestObject("Object Repository/Compare Scenarios/input_Scenario Name_scenario_name"), Keys.chord(COMMAND, "a")): Keys 'COMMAND + a' sent to object: 'Object Repository/Compare Scenarios/input_Scenario Name_scenario_name'

2023-02-23 11:36:03 - [MESSAGE][PASSED] - Keys 'COMMAND + a' sent to object: 'Object Repository/Compare Scenarios/input_Scenario Name_scenario_name'

2023-02-23 11:36:03 - [TEST_STEP][PASSED] - sendKeys(findTestObject("Object Repository/Compare Scenarios/input_Scenario Name_scenario_name"), Keys.chord(DELETE)): Keys 'DELETE + ' sent to object: 'Object Repository/Compare Scenarios/input_Scenario Name_scenario_name'

2023-02-23 11:36:03 - [MESSAGE][PASSED] - Keys 'DELETE + ' sent to object: 'Object Repository/Compare Scenarios/input_Scenario Name_scenario_name'

2023-02-23 11:36:03 - [TEST_STEP][PASSED] - setText(findTestObject("Object Repository/Compare Scenarios/input_Scenario Name_scenario_name"), "Compare Scenario 1"): Text 'Compare Scenario 1' is set on object 'Object Repository/Compare Scenarios/input_Scenario Name_scenario_name'

2023-02-23 11:36:04 - [MESSAGE][PASSED] - Text 'Compare Scenario 1' is set on object 'Object Repository/Compare Scenarios/input_Scenario Name_scenario_name'

2023-02-23 11:36:04 - [TEST_STEP][PASSED] - click(findTestObject("Object Repository/Compare Scenarios/span_Add Scenario")): Object: 'Object Repository/Compare Scenarios/span_Add Scenario' is clicked on

2023-02-23 11:36:04 - [MESSAGE][PASSED] - Object: 'Object Repository/Compare Scenarios/span_Add Scenario' is clicked on

2023-02-23 11:36:04 - [TEST_STEP][PASSED] - click(findTestObject("Object Repository/Compare Scenarios/span_Add Scenario")): Object: 'Object Repository/Compare Scenarios/span_Add Scenario' is clicked on

2023-02-23 11:36:05 - [MESSAGE][PASSED] - Object: 'Object Repository/Compare Scenarios/span_Add Scenario' is clicked on

2023-02-23 11:36:05 - [TEST_STEP][PASSED] - sendKeys(findTestObject("Object Repository/Compare Scenarios/input_Scenario Name_scenario_name_2"), Keys.chord(COMMAND, "a")): Keys 'COMMAND + a' sent to object: 'Object Repository/Compare Scenarios/input_Scenario Name_scenario_name_2'

2023-02-23 11:36:05 - [MESSAGE][PASSED] - Keys 'COMMAND + a' sent to object: 'Object Repository/Compare Scenarios/input_Scenario Name_scenario_name_2'

2023-02-23 11:36:05 - [TEST_STEP][PASSED] - sendKeys(findTestObject("Object Repository/Compare Scenarios/input_Scenario Name_scenario_name_2"), Keys.chord(DELETE)): Keys 'DELETE + ' sent to object: 'Object Repository/Compare Scenarios/input_Scenario Name_scenario_name_2'

2023-02-23 11:36:06 - [MESSAGE][PASSED] - Keys 'DELETE + ' sent to object: 'Object Repository/Compare Scenarios/input_Scenario Name_scenario_name_2'

2023-02-23 11:36:06 - [TEST_STEP][PASSED] - setText(findTestObject("Object Repository/Compare Scenarios/input_Scenario Name_scenario_name_2"), "Compare Scenario 2"): Text 'Compare Scenario 2' is set on object 'Object Repository/Compare Scenarios/input_Scenario Name_scenario_name_2'

2023-02-23 11:36:07 - [MESSAGE][PASSED] - Text 'Compare Scenario 2' is set on object 'Object Repository/Compare Scenarios/input_Scenario Name_scenario_name_2'

2023-02-23 11:36:07 - [TEST_STEP][PASSED] - sendKeys(findTestObject("Object Repository/Compare Scenarios/input_Scenario Name_scenario_name_3"), Keys.chord(COMMAND, "a")): Keys 'COMMAND + a' sent to object: 'Object Repository/Compare Scenarios/input_Scenario Name_scenario_name_3'

2023-02-23 11:36:07 - [MESSAGE][PASSED] - Keys 'COMMAND + a' sent to object: 'Object Repository/Compare Scenarios/input_Scenario Name_scenario_name_3'

2023-02-23 11:36:07 - [TEST_STEP][PASSED] - sendKeys(findTestObject("Object Repository/Compare Scenarios/input_Scenario Name_scenario_name_3"), Keys.chord(DELETE)): Keys 'DELETE + ' sent to object: 'Object Repository/Compare Scenarios/input_Scenario Name_scenario_name_3'

2023-02-23 11:36:07 - [MESSAGE][PASSED] - Keys 'DELETE + ' sent to object: 'Object Repository/Compare Scenarios/input_Scenario Name_scenario_name_3'

2023-02-23 11:36:07 - [TEST_STEP][PASSED] - setText(findTestObject("Object Repository/Compare Scenarios/input_Scenario Name_scenario_name_3"), "Compare Scenario 3"): Text 'Compare Scenario 3' is set on object 'Object Repository/Compare Scenarios/input_Scenario Name_scenario_name_3'

2023-02-23 11:36:08 - [MESSAGE][PASSED] - Text 'Compare Scenario 3' is set on object 'Object Repository/Compare Scenarios/input_Scenario Name_scenario_name_3'

2023-02-23 11:36:08 - [TEST_STEP][PASSED] - setText(findTestObject("Object Repository/Compare Scenarios/input_Annual Budget_budget"), "30,000"): Text '30,000' is set on object 'Object Repository/Compare Scenarios/input_Annual Budget_budget'

2023-02-23 11:36:09 - [MESSAGE][PASSED] - Text '30,000' is set on object 'Object Repository/Compare Scenarios/input_Annual Budget_budget'

2023-02-23 11:36:09 - [TEST_STEP][PASSED] - setText(findTestObject("Compare Scenarios/input_Annual Budget_budget_2"), "20000"): Text '20000' is set on object 'Object Repository/Compare Scenarios/input_Annual Budget_budget_2'

2023-02-23 11:36:10 - [MESSAGE][PASSED] - Text '20000' is set on object 'Object Repository/Compare Scenarios/input_Annual Budget_budget_2'

2023-02-23 11:36:10 - [TEST_STEP][PASSED] - setText(findTestObject("Compare Scenarios/input_Annual Budget_budget_3"), "10000"): Text '10000' is set on object 'Object Repository/Compare Scenarios/input_Annual Budget_budget_3'

2023-02-23 11:36:11 - [MESSAGE][PASSED] - Text '10000' is set on object 'Object Repository/Compare Scenarios/input_Annual Budget_budget_3'

2023-02-23 11:36:11 - [TEST_STEP][PASSED] - sendKeys(findTestObject("Object Repository/Compare Scenarios/Input_Inflation"), Keys.chord(COMMAND, "a")): Keys 'COMMAND + a' sent to object: 'Object Repository/Compare Scenarios/Input_Inflation'

2023-02-23 11:36:12 - [MESSAGE][PASSED] - Keys 'COMMAND + a' sent to object: 'Object Repository/Compare Scenarios/Input_Inflation'

2023-02-23 11:36:12 - [TEST_STEP][PASSED] - sendKeys(findTestObject("Object Repository/Compare Scenarios/Input_Inflation"), Keys.chord(DELETE)): Keys 'DELETE + ' sent to object: 'Object Repository/Compare Scenarios/Input_Inflation'

2023-02-23 11:36:12 - [MESSAGE][PASSED] - Keys 'DELETE + ' sent to object: 'Object Repository/Compare Scenarios/Input_Inflation'

2023-02-23 11:36:12 - [TEST_STEP][PASSED] - setText(findTestObject("Object Repository/Compare Scenarios/Input_Inflation"), "5"): Text '5' is set on object 'Object Repository/Compare Scenarios/Input_Inflation'

2023-02-23 11:36:13 - [MESSAGE][PASSED] - Text '5' is set on object 'Object Repository/Compare Scenarios/Input_Inflation'

2023-02-23 11:36:13 - [TEST_STEP][PASSED] - sendKeys(findTestObject("Object Repository/Compare Scenarios/Input_Inflation_2"), Keys.chord(COMMAND, "a")): Keys 'COMMAND + a' sent to object: 'Object Repository/Compare Scenarios/Input_Inflation_2'

2023-02-23 11:36:13 - [MESSAGE][PASSED] - Keys 'COMMAND + a' sent to object: 'Object Repository/Compare Scenarios/Input_Inflation_2'

2023-02-23 11:36:13 - [TEST_STEP][PASSED] - sendKeys(findTestObject("Object Repository/Compare Scenarios/Input_Inflation_2"), Keys.chord(DELETE)): Keys 'DELETE + ' sent to object: 'Object Repository/Compare Scenarios/Input_Inflation_2'

2023-02-23 11:36:14 - [MESSAGE][PASSED] - Keys 'DELETE + ' sent to object: 'Object Repository/Compare Scenarios/Input_Inflation_2'

2023-02-23 11:36:14 - [TEST_STEP][PASSED] - setText(findTestObject("Object Repository/Compare Scenarios/Input_Inflation_2"), "7"): Text '7' is set on object 'Object Repository/Compare Scenarios/Input_Inflation_2'

2023-02-23 11:36:15 - [MESSAGE][PASSED] - Text '7' is set on object 'Object Repository/Compare Scenarios/Input_Inflation_2'

2023-02-23 11:36:15 - [TEST_STEP][PASSED] - sendKeys(findTestObject("Object Repository/Compare Scenarios/Input_Inflation_3"), Keys.chord(COMMAND, "a")): Keys 'COMMAND + a' sent to object: 'Object Repository/Compare Scenarios/Input_Inflation_3'

2023-02-23 11:36:15 - [MESSAGE][PASSED] - Keys 'COMMAND + a' sent to object: 'Object Repository/Compare Scenarios/Input_Inflation_3'

2023-02-23 11:36:15 - [TEST_STEP][PASSED] - sendKeys(findTestObject("Object Repository/Compare Scenarios/Input_Inflation_3"), Keys.chord(DELETE)): Keys 'DELETE + ' sent to object: 'Object Repository/Compare Scenarios/Input_Inflation_3'

2023-02-23 11:36:16 - [MESSAGE][PASSED] - Keys 'DELETE + ' sent to object: 'Object Repository/Compare Scenarios/Input_Inflation_3'

2023-02-23 11:36:16 - [TEST_STEP][PASSED] - setText(findTestObject("Object Repository/Compare Scenarios/Input_Inflation_3"), "0"): Text '0' is set on object 'Object Repository/Compare Scenarios/Input_Inflation_3'

2023-02-23 11:36:16 - [MESSAGE][PASSED] - Text '0' is set on object 'Object Repository/Compare Scenarios/Input_Inflation_3'

2023-02-23 11:36:16 - [TEST_STEP][PASSED] - click(findTestObject("Object Repository/Compare Scenarios/div_Select layerPavement MaintenanceFilter _a98a8c")): Object: 'Object Repository/Compare Scenarios/div_Select layerPavement MaintenanceFilter _a98a8c' is clicked on

2023-02-23 11:36:17 - [MESSAGE][PASSED] - Object: 'Object Repository/Compare Scenarios/div_Select layerPavement MaintenanceFilter _a98a8c' is clicked on

2023-02-23 11:36:17 - [TEST_STEP][PASSED] - click(findTestObject("Object Repository/Compare Scenarios/Apply_button")): Object: 'Object Repository/Compare Scenarios/Apply_button' is clicked on

2023-02-23 11:36:17 - [MESSAGE][PASSED] - Object: 'Object Repository/Compare Scenarios/Apply_button' is clicked on

2023-02-23 11:36:17 - [TEST_STEP][PASSED] - delay(50): Delayed 50 second(s)

2023-02-23 11:37:07 - [MESSAGE][PASSED] - Delayed 50 second(s)

2023-02-23 11:37:07 - [TEST_STEP][PASSED] - click(findTestObject("Object Repository/Compare Scenarios/span_Compare")): Object: 'Object Repository/Compare Scenarios/span_Compare' is clicked on

2023-02-23 11:37:08 - [MESSAGE][PASSED] - Object: 'Object Repository/Compare Scenarios/span_Compare' is clicked on

2023-02-23 11:37:08 - [TEST_STEP][PASSED] - click(findTestObject("Compare Scenarios/div_Compare Scenario 1")): Object: 'Object Repository/Compare Scenarios/div_Compare Scenario 1' is clicked on

2023-02-23 11:37:10 - [MESSAGE][PASSED] - Object: 'Object Repository/Compare Scenarios/div_Compare Scenario 1' is clicked on

2023-02-23 11:37:10 - [TEST_STEP][PASSED] - click(findTestObject("Compare Scenarios/div_Compare Scenario 2")): Object: 'Object Repository/Compare Scenarios/div_Compare Scenario 2' is clicked on

2023-02-23 11:37:11 - [MESSAGE][PASSED] - Object: 'Object Repository/Compare Scenarios/div_Compare Scenario 2' is clicked on

2023-02-23 11:37:11 - [TEST_STEP][PASSED] - click(findTestObject("Compare Scenarios/div_Compare Scenario 3")): Object: 'Object Repository/Compare Scenarios/div_Compare Scenario 3' is clicked on

2023-02-23 11:37:11 - [MESSAGE][PASSED] - Object: 'Object Repository/Compare Scenarios/div_Compare Scenario 3' is clicked on

2023-02-23 11:37:11 - [TEST_STEP][PASSED] - click(findTestObject("Compare Scenarios/span_Compare_loadscreen")): Object: 'Object Repository/Compare Scenarios/span_Compare_loadscreen' is clicked on

2023-02-23 11:37:12 - [MESSAGE][PASSED] - Object: 'Object Repository/Compare Scenarios/span_Compare_loadscreen' is clicked on

2023-02-23 11:37:12 - [TEST_STEP][PASSED] - takeFullPageScreenshot(): Taking screenshot successfully

2023-02-23 11:37:13 - [MESSAGE][INFO] - 0 hidden object(s)

2023-02-23 11:37:13 - [MESSAGE][PASSED] - Taking screenshot successfully
[[ATTACHMENT|/Users/kashif/Downloads/Kashif/Katalon Studio/4.0_fresh/4.0 Fresh/Reports/20230223_111740/GIS/20230223_111741/1677134232175.png]]

2023-02-23 11:37:13 - [TEST_STEP][PASSED] - click(findTestObject("Object Repository/Compare Scenarios/button")): Object: 'Object Repository/Compare Scenarios/button' is clicked on

2023-02-23 11:37:14 - [MESSAGE][PASSED] - Object: 'Object Repository/Compare Scenarios/button' is clicked on

2023-02-23 11:37:14 - [TEST_STEP][PASSED] - click(findTestObject("Object Repository/Compare Scenarios/div_Save as JPEG")): Object: 'Object Repository/Compare Scenarios/div_Save as JPEG' is clicked on

2023-02-23 11:37:14 - [MESSAGE][PASSED] - Object: 'Object Repository/Compare Scenarios/div_Save as JPEG' is clicked on

2023-02-23 11:37:14 - [TEST_STEP][PASSED] - click(findTestObject("Compare Scenarios/span_Close")): Object: 'Object Repository/Compare Scenarios/span_Close' is clicked on

2023-02-23 11:37:16 - [MESSAGE][PASSED] - Object: 'Object Repository/Compare Scenarios/span_Close' is clicked on

2023-02-23 11:37:16 - [TEST_STEP][PASSED] - click(findTestObject("Object Repository/Compare Scenarios/span_Compare")): Object: 'Object Repository/Compare Scenarios/span_Compare' is clicked on

2023-02-23 11:37:17 - [MESSAGE][PASSED] - Object: 'Object Repository/Compare Scenarios/span_Compare' is clicked on

2023-02-23 11:37:17 - [TEST_STEP][PASSED] - click(findTestObject("Compare Scenarios/Delete_Scenario_1")): Object: 'Object Repository/Compare Scenarios/Delete_Scenario_1' is clicked on

2023-02-23 11:37:19 - [MESSAGE][PASSED] - Object: 'Object Repository/Compare Scenarios/Delete_Scenario_1' is clicked on

2023-02-23 11:37:19 - [TEST_STEP][PASSED] - click(findTestObject("Compare Scenarios/span_Yes")): Object: 'Object Repository/Compare Scenarios/span_Yes' is clicked on

2023-02-23 11:37:20 - [MESSAGE][PASSED] - Object: 'Object Repository/Compare Scenarios/span_Yes' is clicked on

2023-02-23 11:37:20 - [TEST_STEP][PASSED] - delay(3): Delayed 3 second(s)

2023-02-23 11:37:23 - [MESSAGE][PASSED] - Delayed 3 second(s)

2023-02-23 11:37:23 - [TEST_STEP][PASSED] - click(findTestObject("Compare Scenarios/Delete_Scenario_1")): Object: 'Object Repository/Compare Scenarios/Delete_Scenario_1' is clicked on

2023-02-23 11:37:23 - [MESSAGE][PASSED] - Object: 'Object Repository/Compare Scenarios/Delete_Scenario_1' is clicked on

2023-02-23 11:37:23 - [TEST_STEP][PASSED] - click(findTestObject("Compare Scenarios/span_Yes")): Object: 'Object Repository/Compare Scenarios/span_Yes' is clicked on

2023-02-23 11:37:24 - [MESSAGE][PASSED] - Object: 'Object Repository/Compare Scenarios/span_Yes' is clicked on

2023-02-23 11:37:24 - [TEST_STEP][PASSED] - delay(3): Delayed 3 second(s)

2023-02-23 11:37:27 - [MESSAGE][PASSED] - Delayed 3 second(s)

2023-02-23 11:37:27 - [TEST_STEP][PASSED] - click(findTestObject("Compare Scenarios/Delete_Scenario_1")): Object: 'Object Repository/Compare Scenarios/Delete_Scenario_1' is clicked on

2023-02-23 11:37:27 - [MESSAGE][PASSED] - Object: 'Object Repository/Compare Scenarios/Delete_Scenario_1' is clicked on

2023-02-23 11:37:27 - [TEST_STEP][PASSED] - click(findTestObject("Compare Scenarios/span_Yes")): Object: 'Object Repository/Compare Scenarios/span_Yes' is clicked on

2023-02-23 11:37:28 - [MESSAGE][PASSED] - Object: 'Object Repository/Compare Scenarios/span_Yes' is clicked on

2023-02-23 11:37:28 - [TEST_STEP][PASSED] - database_keywords.test.Database_Keywords.deletebudgets(): database_keywords.test.Database_Keywords.deletebudgets is PASSED

2023-02-23 11:37:32 - [MESSAGE][PASSED] - database_keywords.test.Database_Keywords.deletebudgets is PASSED

2023-02-23 11:37:32 - [TEST_STEP][PASSED] - closeBrowser(): Browser is closed

2023-02-23 11:37:32 - [MESSAGE][PASSED] - Browser is closed

2023-02-23 11:37:32 - [TEST_STEP][PASSED] - Video: Video recording for test case 'Test Cases/GiS/Compare Scenarios/CS_Three_Budgets' .

2023-02-23 11:37:32 - [MESSAGE][INFO] - Video recording for test case 'Test Cases/GiS/Compare Scenarios/CS_Three_Budgets' .]]></system-out>
         <system-err><![CDATA[]]></system-err>
      </testcase>
      <testcase name="Test Cases/Dashboard/Work Orders/Create_WO_System_Forms_Basic" time="45.936" classname="Test Cases/Dashboard/Work Orders/Create_WO_System_Forms_Basic" status="PASSED">
         <system-out><![CDATA[2023-02-23 11:37:32 - [TEST_CASE][PASSED] - Test Cases/Dashboard/Work Orders/Create_WO_System_Forms_Basic: Test Cases/Dashboard/Work Orders/Create_WO_System_Forms_Basic

2023-02-23 11:37:32 - [TEST_STEP][PASSED] - gis_url.test.URL.redirectURLWO(): gis_url.test.URL.redirectURLWO is PASSED

2023-02-23 11:37:32 - [MESSAGE][INFO] - Starting 'Chrome' driver

2023-02-23 11:37:32 - [MESSAGE][INFO] - Action delay is set to 0 milliseconds

2023-02-23 11:37:35 - [MESSAGE][PASSED] - Browser is opened with url: 'https://streetlogix-dashboard-slx4-develop.vercel.app/workorder?config=64077fc938af4bcc9a46a81d8f4e5576&token=eyJhbGciOiJIUzI1NiIsInR5cCI6IkpXVCJ9.eyJpZCI6OTc2LCJuYW1lIjoiU29oYWliIE5laGFsIiwiZXhwIjoxNjc5NTk1OTE0LCJpYXQiOjE2NzcwMDM5MTR9.2xH46-6Ez-I1oUKcoFhQjnTNUOtwKNfZcleU9MbUdCY'

2023-02-23 11:37:35 - [MESSAGE][PASSED] - gis_url.test.URL.redirectURLWO is PASSED

2023-02-23 11:37:35 - [TEST_STEP][PASSED] - countBefore = database_keywords.test.Database_Keywords.getWorkOrdersCount(): database_keywords.test.Database_Keywords.getWorkOrdersCount is PASSED

2023-02-23 11:37:48 - [MESSAGE][PASSED] - database_keywords.test.Database_Keywords.getWorkOrdersCount is PASSED

2023-02-23 11:37:48 - [TEST_STEP][PASSED] - println(countBefore): null

2023-02-23 11:37:48 - [TEST_STEP][PASSED] - click(findTestObject("Object Repository/WO_Dashboard/Page_Streetlogix  Dashboard/span_Create")): Object: 'Object Repository/WO_Dashboard/Page_Streetlogix  Dashboard/span_Create' is clicked on

2023-02-23 11:37:48 - [MESSAGE][PASSED] - Object: 'Object Repository/WO_Dashboard/Page_Streetlogix  Dashboard/span_Create' is clicked on

2023-02-23 11:37:48 - [TEST_STEP][PASSED] - click(findTestObject("Object Repository/WO_Dashboard/Page_Streetlogix  Dashboard/input_Select Group_mui-33912")): Object: 'Object Repository/WO_Dashboard/Page_Streetlogix  Dashboard/input_Select Group_mui-33912' is clicked on

2023-02-23 11:37:49 - [MESSAGE][PASSED] - Object: 'Object Repository/WO_Dashboard/Page_Streetlogix  Dashboard/input_Select Group_mui-33912' is clicked on

2023-02-23 11:37:49 - [TEST_STEP][PASSED] - click(findTestObject("Object Repository/WO_Dashboard/Page_Streetlogix  Dashboard/li_Bridge Inspection")): Object: 'Object Repository/WO_Dashboard/Page_Streetlogix  Dashboard/li_Bridge Inspection' is clicked on

2023-02-23 11:37:50 - [MESSAGE][PASSED] - Object: 'Object Repository/WO_Dashboard/Page_Streetlogix  Dashboard/li_Bridge Inspection' is clicked on

2023-02-23 11:37:50 - [TEST_STEP][PASSED] - click(findTestObject("Object Repository/WO_Dashboard/Page_Streetlogix  Dashboard/input_Select Form_mui-83086")): Object: 'Object Repository/WO_Dashboard/Page_Streetlogix  Dashboard/input_Select Form_mui-83086' is clicked on

2023-02-23 11:37:51 - [MESSAGE][PASSED] - Object: 'Object Repository/WO_Dashboard/Page_Streetlogix  Dashboard/input_Select Form_mui-83086' is clicked on

2023-02-23 11:37:51 - [TEST_STEP][PASSED] - click(findTestObject("Object Repository/WO_Dashboard/Page_Streetlogix  Dashboard/span_Bridge Maintenance")): Object: 'Object Repository/WO_Dashboard/Page_Streetlogix  Dashboard/span_Bridge Maintenance' is clicked on

2023-02-23 11:37:51 - [MESSAGE][PASSED] - Object: 'Object Repository/WO_Dashboard/Page_Streetlogix  Dashboard/span_Bridge Maintenance' is clicked on

2023-02-23 11:37:51 - [TEST_STEP][PASSED] - click(findTestObject("Object Repository/WO_Dashboard/Page_Streetlogix  Dashboard/span_Next")): Object: 'Object Repository/WO_Dashboard/Page_Streetlogix  Dashboard/span_Next' is clicked on

2023-02-23 11:37:53 - [MESSAGE][PASSED] - Object: 'Object Repository/WO_Dashboard/Page_Streetlogix  Dashboard/span_Next' is clicked on

2023-02-23 11:37:53 - [TEST_STEP][PASSED] - click(findTestObject("Object Repository/WO_Dashboard/Page_Streetlogix  Dashboard/input_Select Assignee_combo-box-demo")): Object: 'Object Repository/WO_Dashboard/Page_Streetlogix  Dashboard/input_Select Assignee_combo-box-demo' is clicked on

2023-02-23 11:37:55 - [MESSAGE][PASSED] - Object: 'Object Repository/WO_Dashboard/Page_Streetlogix  Dashboard/input_Select Assignee_combo-box-demo' is clicked on

2023-02-23 11:37:55 - [TEST_STEP][PASSED] - click(findTestObject("Object Repository/WO_Dashboard/Page_Streetlogix  Dashboard/span_Dev Admin")): Object: 'Object Repository/WO_Dashboard/Page_Streetlogix  Dashboard/span_Dev Admin' is clicked on

2023-02-23 11:37:56 - [MESSAGE][PASSED] - Object: 'Object Repository/WO_Dashboard/Page_Streetlogix  Dashboard/span_Dev Admin' is clicked on

2023-02-23 11:37:56 - [TEST_STEP][PASSED] - click(findTestObject("Object Repository/WO_Dashboard/Page_Streetlogix  Dashboard/input_Collaborators_checkboxes-tags-demo")): Object: 'Object Repository/WO_Dashboard/Page_Streetlogix  Dashboard/input_Collaborators_checkboxes-tags-demo' is clicked on

2023-02-23 11:37:57 - [MESSAGE][PASSED] - Object: 'Object Repository/WO_Dashboard/Page_Streetlogix  Dashboard/input_Collaborators_checkboxes-tags-demo' is clicked on

2023-02-23 11:37:57 - [TEST_STEP][PASSED] - click(findTestObject("Object Repository/WO_Dashboard/Page_Streetlogix  Dashboard/div_Aami  admin")): Object: 'Object Repository/WO_Dashboard/Page_Streetlogix  Dashboard/div_Aami  admin' is clicked on

2023-02-23 11:37:57 - [MESSAGE][PASSED] - Object: 'Object Repository/WO_Dashboard/Page_Streetlogix  Dashboard/div_Aami  admin' is clicked on

2023-02-23 11:37:57 - [TEST_STEP][PASSED] - setText(findTestObject("Object Repository/WO_Dashboard/Page_Streetlogix  Dashboard/input_Due Date_due_date"), "22/01/2024"): Text '22/01/2024' is set on object 'Object Repository/WO_Dashboard/Page_Streetlogix  Dashboard/input_Due Date_due_date'

2023-02-23 11:37:59 - [MESSAGE][PASSED] - Text '22/01/2024' is set on object 'Object Repository/WO_Dashboard/Page_Streetlogix  Dashboard/input_Due Date_due_date'

2023-02-23 11:37:59 - [TEST_STEP][PASSED] - click(findTestObject("Object Repository/WO_Dashboard/Page_Streetlogix  Dashboard/Priority_field")): Object: 'Object Repository/WO_Dashboard/Page_Streetlogix  Dashboard/Priority_field' is clicked on

2023-02-23 11:37:59 - [MESSAGE][PASSED] - Object: 'Object Repository/WO_Dashboard/Page_Streetlogix  Dashboard/Priority_field' is clicked on

2023-02-23 11:37:59 - [TEST_STEP][PASSED] - click(findTestObject("Object Repository/WO_Dashboard/Page_Streetlogix  Dashboard/span_Medium")): Object: 'Object Repository/WO_Dashboard/Page_Streetlogix  Dashboard/span_Medium' is clicked on

2023-02-23 11:38:00 - [MESSAGE][PASSED] - Object: 'Object Repository/WO_Dashboard/Page_Streetlogix  Dashboard/span_Medium' is clicked on

2023-02-23 11:38:00 - [TEST_STEP][PASSED] - click(findTestObject("WO_Dashboard/Page_Streetlogix  Dashboard/input_Search by Asset ID_mui-40471"), STOP_ON_FAILURE): Object: 'Object Repository/WO_Dashboard/Page_Streetlogix  Dashboard/input_Search by Asset ID_mui-40471' is clicked on

2023-02-23 11:38:01 - [MESSAGE][PASSED] - Object: 'Object Repository/WO_Dashboard/Page_Streetlogix  Dashboard/input_Search by Asset ID_mui-40471' is clicked on

2023-02-23 11:38:01 - [TEST_STEP][PASSED] - setText(findTestObject("WO_Dashboard/Page_Streetlogix  Dashboard/asse_field"), "12"): Text '12' is set on object 'Object Repository/WO_Dashboard/Page_Streetlogix  Dashboard/asse_field'

2023-02-23 11:38:02 - [MESSAGE][PASSED] - Text '12' is set on object 'Object Repository/WO_Dashboard/Page_Streetlogix  Dashboard/asse_field'

2023-02-23 11:38:02 - [TEST_STEP][PASSED] - focus(findTestObject("WO_Dashboard/Page_Streetlogix  Dashboard/asse_field"), STOP_ON_FAILURE): Object: 'Object Repository/WO_Dashboard/Page_Streetlogix  Dashboard/asse_field' is focused

2023-02-23 11:38:02 - [MESSAGE][PASSED] - Object: 'Object Repository/WO_Dashboard/Page_Streetlogix  Dashboard/asse_field' is focused

2023-02-23 11:38:02 - [TEST_STEP][PASSED] - click(findTestObject("WO_Dashboard/Page_Streetlogix  Dashboard/asse_field"), STOP_ON_FAILURE): Object: 'Object Repository/WO_Dashboard/Page_Streetlogix  Dashboard/asse_field' is clicked on

2023-02-23 11:38:03 - [MESSAGE][PASSED] - Object: 'Object Repository/WO_Dashboard/Page_Streetlogix  Dashboard/asse_field' is clicked on

2023-02-23 11:38:03 - [TEST_STEP][PASSED] - click(findTestObject("WO_Dashboard/Page_Streetlogix  Dashboard/asse_field"), STOP_ON_FAILURE): Object: 'Object Repository/WO_Dashboard/Page_Streetlogix  Dashboard/asse_field' is clicked on

2023-02-23 11:38:05 - [MESSAGE][PASSED] - Object: 'Object Repository/WO_Dashboard/Page_Streetlogix  Dashboard/asse_field' is clicked on

2023-02-23 11:38:05 - [TEST_STEP][PASSED] - click(findTestObject("WO_Dashboard/Page_Streetlogix  Dashboard/li_12")): Object: 'Object Repository/WO_Dashboard/Page_Streetlogix  Dashboard/li_12' is clicked on

2023-02-23 11:38:06 - [MESSAGE][PASSED] - Object: 'Object Repository/WO_Dashboard/Page_Streetlogix  Dashboard/li_12' is clicked on

2023-02-23 11:38:06 - [TEST_STEP][PASSED] - address = getAttribute(findTestObject("WO_Dashboard/Page_Streetlogix  Dashboard/address_field2"), "value"): Attribute 'value' of object 'Object Repository/WO_Dashboard/Page_Streetlogix  Dashboard/address_field2' is: 'TYLER AVE From 31ST ST To 32ND ST - 12'

2023-02-23 11:38:06 - [MESSAGE][PASSED] - Attribute 'value' of object 'Object Repository/WO_Dashboard/Page_Streetlogix  Dashboard/address_field2' is: 'TYLER AVE From 31ST ST To 32ND ST - 12'

2023-02-23 11:38:06 - [TEST_STEP][PASSED] - Searchedtext = "TYLER AVE From 31ST ST To 32ND ST - 12": null

2023-02-23 11:38:06 - [TEST_STEP][PASSED] - println(address): null

2023-02-23 11:38:06 - [TEST_STEP][PASSED] - verifyMatch(address, Searchedtext, false): Actual text 'TYLER AVE From 31ST ST To 32ND ST - 12' and expected text 'TYLER AVE From 31ST ST To 32ND ST - 12' are matched 

2023-02-23 11:38:06 - [MESSAGE][PASSED] - Actual text 'TYLER AVE From 31ST ST To 32ND ST - 12' and expected text 'TYLER AVE From 31ST ST To 32ND ST - 12' are matched 

2023-02-23 11:38:06 - [TEST_STEP][PASSED] - setText(findTestObject("Object Repository/WO_Dashboard/Page_Streetlogix  Dashboard/textarea_New"), "New"): Text 'New' is set on object 'Object Repository/WO_Dashboard/Page_Streetlogix  Dashboard/textarea_New'

2023-02-23 11:38:07 - [MESSAGE][PASSED] - Text 'New' is set on object 'Object Repository/WO_Dashboard/Page_Streetlogix  Dashboard/textarea_New'

2023-02-23 11:38:07 - [TEST_STEP][PASSED] - click(findTestObject("WO_Dashboard/Page_Streetlogix  Dashboard/Toggle_Equipment")): Object: 'Object Repository/WO_Dashboard/Page_Streetlogix  Dashboard/Toggle_Equipment' is clicked on

2023-02-23 11:38:08 - [MESSAGE][PASSED] - Object: 'Object Repository/WO_Dashboard/Page_Streetlogix  Dashboard/Toggle_Equipment' is clicked on

2023-02-23 11:38:08 - [TEST_STEP][PASSED] - click(findTestObject("Object Repository/WO_Dashboard/Page_Streetlogix  Dashboard/svg_Equipment_MuiSvgIcon-root")): Object: 'Object Repository/WO_Dashboard/Page_Streetlogix  Dashboard/svg_Equipment_MuiSvgIcon-root' is clicked on

2023-02-23 11:38:09 - [MESSAGE][PASSED] - Object: 'Object Repository/WO_Dashboard/Page_Streetlogix  Dashboard/svg_Equipment_MuiSvgIcon-root' is clicked on

2023-02-23 11:38:09 - [TEST_STEP][PASSED] - click(findTestObject("Object Repository/WO_Dashboard/Page_Streetlogix  Dashboard/li_Axe-Ton-20")): Object: 'Object Repository/WO_Dashboard/Page_Streetlogix  Dashboard/li_Axe-Ton-20' is clicked on

2023-02-23 11:38:09 - [MESSAGE][PASSED] - Object: 'Object Repository/WO_Dashboard/Page_Streetlogix  Dashboard/li_Axe-Ton-20' is clicked on

2023-02-23 11:38:09 - [TEST_STEP][PASSED] - setText(findTestObject("Object Repository/WO_Dashboard/Page_Streetlogix  Dashboard/input__MuiInputBase-input MuiOutlinedInput-_2734f2"), "10"): Text '10' is set on object 'Object Repository/WO_Dashboard/Page_Streetlogix  Dashboard/input__MuiInputBase-input MuiOutlinedInput-_2734f2'

2023-02-23 11:38:10 - [MESSAGE][PASSED] - Text '10' is set on object 'Object Repository/WO_Dashboard/Page_Streetlogix  Dashboard/input__MuiInputBase-input MuiOutlinedInput-_2734f2'

2023-02-23 11:38:10 - [TEST_STEP][PASSED] - click(findTestObject("Object Repository/WO_Dashboard/Page_Streetlogix  Dashboard/div_Add Item")): Object: 'Object Repository/WO_Dashboard/Page_Streetlogix  Dashboard/div_Add Item' is clicked on

2023-02-23 11:38:11 - [MESSAGE][PASSED] - Object: 'Object Repository/WO_Dashboard/Page_Streetlogix  Dashboard/div_Add Item' is clicked on

2023-02-23 11:38:11 - [TEST_STEP][PASSED] - click(findTestObject("WO_Dashboard/Page_Streetlogix  Dashboard/btn_workorder_create")): Object: 'Object Repository/WO_Dashboard/Page_Streetlogix  Dashboard/btn_workorder_create' is clicked on

2023-02-23 11:38:12 - [MESSAGE][PASSED] - Object: 'Object Repository/WO_Dashboard/Page_Streetlogix  Dashboard/btn_workorder_create' is clicked on

2023-02-23 11:38:12 - [TEST_STEP][PASSED] - countAfter = database_keywords.test.Database_Keywords.getWorkOrdersCount(): database_keywords.test.Database_Keywords.getWorkOrdersCount is PASSED

2023-02-23 11:38:18 - [MESSAGE][PASSED] - database_keywords.test.Database_Keywords.getWorkOrdersCount is PASSED

2023-02-23 11:38:18 - [TEST_STEP][PASSED] - println(countAfter): null

2023-02-23 11:38:18 - [TEST_STEP][PASSED] - if (countAfter == countBefore + 1): null

2023-02-23 11:38:18 - [TEST_STEP][PASSED] - println("Work Order Created"): null

2023-02-23 11:38:18 - [TEST_STEP][PASSED] - closeBrowser(): Browser is closed

2023-02-23 11:38:18 - [MESSAGE][PASSED] - Browser is closed

2023-02-23 11:38:18 - [TEST_STEP][PASSED] - Video: Video recording for test case 'Test Cases/Dashboard/Work Orders/Create_WO_System_Forms_Basic' .

2023-02-23 11:38:18 - [MESSAGE][INFO] - Video recording for test case 'Test Cases/Dashboard/Work Orders/Create_WO_System_Forms_Basic' .]]></system-out>
         <system-err><![CDATA[]]></system-err>
      </testcase>
      <testcase name="Test Cases/Dashboard/Work Orders/Create_WO_System_Forms_With_Equipements" time="49.303" classname="Test Cases/Dashboard/Work Orders/Create_WO_System_Forms_With_Equipements" status="PASSED">
         <system-out><![CDATA[2023-02-23 11:38:18 - [TEST_CASE][PASSED] - Test Cases/Dashboard/Work Orders/Create_WO_System_Forms_With_Equipements: Test Cases/Dashboard/Work Orders/Create_WO_System_Forms_With_Equipements

2023-02-23 11:38:18 - [TEST_STEP][PASSED] - gis_url.test.URL.redirectURLWO(): gis_url.test.URL.redirectURLWO is PASSED

2023-02-23 11:38:18 - [MESSAGE][INFO] - Starting 'Chrome' driver

2023-02-23 11:38:18 - [MESSAGE][INFO] - Action delay is set to 0 milliseconds

2023-02-23 11:38:21 - [MESSAGE][PASSED] - Browser is opened with url: 'https://streetlogix-dashboard-slx4-develop.vercel.app/workorder?config=64077fc938af4bcc9a46a81d8f4e5576&token=eyJhbGciOiJIUzI1NiIsInR5cCI6IkpXVCJ9.eyJpZCI6OTc2LCJuYW1lIjoiU29oYWliIE5laGFsIiwiZXhwIjoxNjc5NTk1OTE0LCJpYXQiOjE2NzcwMDM5MTR9.2xH46-6Ez-I1oUKcoFhQjnTNUOtwKNfZcleU9MbUdCY'

2023-02-23 11:38:21 - [MESSAGE][PASSED] - gis_url.test.URL.redirectURLWO is PASSED

2023-02-23 11:38:21 - [TEST_STEP][PASSED] - countBefore = database_keywords.test.Database_Keywords.getWorkOrdersCount(): database_keywords.test.Database_Keywords.getWorkOrdersCount is PASSED

2023-02-23 11:38:37 - [MESSAGE][PASSED] - database_keywords.test.Database_Keywords.getWorkOrdersCount is PASSED

2023-02-23 11:38:37 - [TEST_STEP][PASSED] - println(countBefore): null

2023-02-23 11:38:37 - [TEST_STEP][PASSED] - click(findTestObject("Object Repository/WO_Dashboard/Page_Streetlogix  Dashboard/span_Create")): Object: 'Object Repository/WO_Dashboard/Page_Streetlogix  Dashboard/span_Create' is clicked on

2023-02-23 11:38:38 - [MESSAGE][PASSED] - Object: 'Object Repository/WO_Dashboard/Page_Streetlogix  Dashboard/span_Create' is clicked on

2023-02-23 11:38:38 - [TEST_STEP][PASSED] - click(findTestObject("Object Repository/WO_Dashboard/Page_Streetlogix  Dashboard/input_Select Group_mui-33912")): Object: 'Object Repository/WO_Dashboard/Page_Streetlogix  Dashboard/input_Select Group_mui-33912' is clicked on

2023-02-23 11:38:38 - [MESSAGE][PASSED] - Object: 'Object Repository/WO_Dashboard/Page_Streetlogix  Dashboard/input_Select Group_mui-33912' is clicked on

2023-02-23 11:38:38 - [TEST_STEP][PASSED] - click(findTestObject("Object Repository/WO_Dashboard/Page_Streetlogix  Dashboard/li_Bridge Inspection")): Object: 'Object Repository/WO_Dashboard/Page_Streetlogix  Dashboard/li_Bridge Inspection' is clicked on

2023-02-23 11:38:39 - [MESSAGE][PASSED] - Object: 'Object Repository/WO_Dashboard/Page_Streetlogix  Dashboard/li_Bridge Inspection' is clicked on

2023-02-23 11:38:39 - [TEST_STEP][PASSED] - click(findTestObject("Object Repository/WO_Dashboard/Page_Streetlogix  Dashboard/input_Select Form_mui-83086")): Object: 'Object Repository/WO_Dashboard/Page_Streetlogix  Dashboard/input_Select Form_mui-83086' is clicked on

2023-02-23 11:38:40 - [MESSAGE][PASSED] - Object: 'Object Repository/WO_Dashboard/Page_Streetlogix  Dashboard/input_Select Form_mui-83086' is clicked on

2023-02-23 11:38:40 - [TEST_STEP][PASSED] - click(findTestObject("Object Repository/WO_Dashboard/Page_Streetlogix  Dashboard/span_Bridge Maintenance")): Object: 'Object Repository/WO_Dashboard/Page_Streetlogix  Dashboard/span_Bridge Maintenance' is clicked on

2023-02-23 11:38:40 - [MESSAGE][PASSED] - Object: 'Object Repository/WO_Dashboard/Page_Streetlogix  Dashboard/span_Bridge Maintenance' is clicked on

2023-02-23 11:38:40 - [TEST_STEP][PASSED] - click(findTestObject("Object Repository/WO_Dashboard/Page_Streetlogix  Dashboard/span_Next")): Object: 'Object Repository/WO_Dashboard/Page_Streetlogix  Dashboard/span_Next' is clicked on

2023-02-23 11:38:42 - [MESSAGE][PASSED] - Object: 'Object Repository/WO_Dashboard/Page_Streetlogix  Dashboard/span_Next' is clicked on

2023-02-23 11:38:42 - [TEST_STEP][PASSED] - click(findTestObject("Object Repository/WO_Dashboard/Page_Streetlogix  Dashboard/input_Select Assignee_combo-box-demo")): Object: 'Object Repository/WO_Dashboard/Page_Streetlogix  Dashboard/input_Select Assignee_combo-box-demo' is clicked on

2023-02-23 11:38:44 - [MESSAGE][PASSED] - Object: 'Object Repository/WO_Dashboard/Page_Streetlogix  Dashboard/input_Select Assignee_combo-box-demo' is clicked on

2023-02-23 11:38:44 - [TEST_STEP][PASSED] - click(findTestObject("Object Repository/WO_Dashboard/Page_Streetlogix  Dashboard/span_Dev Admin")): Object: 'Object Repository/WO_Dashboard/Page_Streetlogix  Dashboard/span_Dev Admin' is clicked on

2023-02-23 11:38:45 - [MESSAGE][PASSED] - Object: 'Object Repository/WO_Dashboard/Page_Streetlogix  Dashboard/span_Dev Admin' is clicked on

2023-02-23 11:38:45 - [TEST_STEP][PASSED] - click(findTestObject("Object Repository/WO_Dashboard/Page_Streetlogix  Dashboard/input_Collaborators_checkboxes-tags-demo")): Object: 'Object Repository/WO_Dashboard/Page_Streetlogix  Dashboard/input_Collaborators_checkboxes-tags-demo' is clicked on

2023-02-23 11:38:46 - [MESSAGE][PASSED] - Object: 'Object Repository/WO_Dashboard/Page_Streetlogix  Dashboard/input_Collaborators_checkboxes-tags-demo' is clicked on

2023-02-23 11:38:46 - [TEST_STEP][PASSED] - click(findTestObject("Object Repository/WO_Dashboard/Page_Streetlogix  Dashboard/div_Aami  admin")): Object: 'Object Repository/WO_Dashboard/Page_Streetlogix  Dashboard/div_Aami  admin' is clicked on

2023-02-23 11:38:46 - [MESSAGE][PASSED] - Object: 'Object Repository/WO_Dashboard/Page_Streetlogix  Dashboard/div_Aami  admin' is clicked on

2023-02-23 11:38:46 - [TEST_STEP][PASSED] - setText(findTestObject("Object Repository/WO_Dashboard/Page_Streetlogix  Dashboard/input_Due Date_due_date"), "22/01/2024"): Text '22/01/2024' is set on object 'Object Repository/WO_Dashboard/Page_Streetlogix  Dashboard/input_Due Date_due_date'

2023-02-23 11:38:48 - [MESSAGE][PASSED] - Text '22/01/2024' is set on object 'Object Repository/WO_Dashboard/Page_Streetlogix  Dashboard/input_Due Date_due_date'

2023-02-23 11:38:48 - [TEST_STEP][PASSED] - click(findTestObject("Object Repository/WO_Dashboard/Page_Streetlogix  Dashboard/Priority_field")): Object: 'Object Repository/WO_Dashboard/Page_Streetlogix  Dashboard/Priority_field' is clicked on

2023-02-23 11:38:48 - [MESSAGE][PASSED] - Object: 'Object Repository/WO_Dashboard/Page_Streetlogix  Dashboard/Priority_field' is clicked on

2023-02-23 11:38:48 - [TEST_STEP][PASSED] - click(findTestObject("Object Repository/WO_Dashboard/Page_Streetlogix  Dashboard/span_Medium")): Object: 'Object Repository/WO_Dashboard/Page_Streetlogix  Dashboard/span_Medium' is clicked on

2023-02-23 11:38:49 - [MESSAGE][PASSED] - Object: 'Object Repository/WO_Dashboard/Page_Streetlogix  Dashboard/span_Medium' is clicked on

2023-02-23 11:38:49 - [TEST_STEP][PASSED] - click(findTestObject("WO_Dashboard/Page_Streetlogix  Dashboard/input_Search by Asset ID_mui-40471"), STOP_ON_FAILURE): Object: 'Object Repository/WO_Dashboard/Page_Streetlogix  Dashboard/input_Search by Asset ID_mui-40471' is clicked on

2023-02-23 11:38:50 - [MESSAGE][PASSED] - Object: 'Object Repository/WO_Dashboard/Page_Streetlogix  Dashboard/input_Search by Asset ID_mui-40471' is clicked on

2023-02-23 11:38:50 - [TEST_STEP][PASSED] - setText(findTestObject("WO_Dashboard/Page_Streetlogix  Dashboard/asse_field"), "12"): Text '12' is set on object 'Object Repository/WO_Dashboard/Page_Streetlogix  Dashboard/asse_field'

2023-02-23 11:38:51 - [MESSAGE][PASSED] - Text '12' is set on object 'Object Repository/WO_Dashboard/Page_Streetlogix  Dashboard/asse_field'

2023-02-23 11:38:51 - [TEST_STEP][PASSED] - focus(findTestObject("WO_Dashboard/Page_Streetlogix  Dashboard/asse_field"), STOP_ON_FAILURE): Object: 'Object Repository/WO_Dashboard/Page_Streetlogix  Dashboard/asse_field' is focused

2023-02-23 11:38:51 - [MESSAGE][PASSED] - Object: 'Object Repository/WO_Dashboard/Page_Streetlogix  Dashboard/asse_field' is focused

2023-02-23 11:38:51 - [TEST_STEP][PASSED] - click(findTestObject("WO_Dashboard/Page_Streetlogix  Dashboard/asse_field"), STOP_ON_FAILURE): Object: 'Object Repository/WO_Dashboard/Page_Streetlogix  Dashboard/asse_field' is clicked on

2023-02-23 11:38:52 - [MESSAGE][PASSED] - Object: 'Object Repository/WO_Dashboard/Page_Streetlogix  Dashboard/asse_field' is clicked on

2023-02-23 11:38:52 - [TEST_STEP][PASSED] - click(findTestObject("WO_Dashboard/Page_Streetlogix  Dashboard/asse_field"), STOP_ON_FAILURE): Object: 'Object Repository/WO_Dashboard/Page_Streetlogix  Dashboard/asse_field' is clicked on

2023-02-23 11:38:54 - [MESSAGE][PASSED] - Object: 'Object Repository/WO_Dashboard/Page_Streetlogix  Dashboard/asse_field' is clicked on

2023-02-23 11:38:54 - [TEST_STEP][PASSED] - click(findTestObject("WO_Dashboard/Page_Streetlogix  Dashboard/li_12")): Object: 'Object Repository/WO_Dashboard/Page_Streetlogix  Dashboard/li_12' is clicked on

2023-02-23 11:38:55 - [MESSAGE][PASSED] - Object: 'Object Repository/WO_Dashboard/Page_Streetlogix  Dashboard/li_12' is clicked on

2023-02-23 11:38:55 - [TEST_STEP][PASSED] - address = getAttribute(findTestObject("WO_Dashboard/Page_Streetlogix  Dashboard/address_field2"), "value"): Attribute 'value' of object 'Object Repository/WO_Dashboard/Page_Streetlogix  Dashboard/address_field2' is: 'TYLER AVE From 31ST ST To 32ND ST - 12'

2023-02-23 11:38:55 - [MESSAGE][PASSED] - Attribute 'value' of object 'Object Repository/WO_Dashboard/Page_Streetlogix  Dashboard/address_field2' is: 'TYLER AVE From 31ST ST To 32ND ST - 12'

2023-02-23 11:38:55 - [TEST_STEP][PASSED] - Searchedtext = "TYLER AVE From 31ST ST To 32ND ST - 12": null

2023-02-23 11:38:55 - [TEST_STEP][PASSED] - println(address): null

2023-02-23 11:38:55 - [TEST_STEP][PASSED] - verifyMatch(address, Searchedtext, false): Actual text 'TYLER AVE From 31ST ST To 32ND ST - 12' and expected text 'TYLER AVE From 31ST ST To 32ND ST - 12' are matched 

2023-02-23 11:38:55 - [MESSAGE][PASSED] - Actual text 'TYLER AVE From 31ST ST To 32ND ST - 12' and expected text 'TYLER AVE From 31ST ST To 32ND ST - 12' are matched 

2023-02-23 11:38:55 - [TEST_STEP][PASSED] - setText(findTestObject("Object Repository/WO_Dashboard/Page_Streetlogix  Dashboard/textarea_New"), "New"): Text 'New' is set on object 'Object Repository/WO_Dashboard/Page_Streetlogix  Dashboard/textarea_New'

2023-02-23 11:38:56 - [MESSAGE][PASSED] - Text 'New' is set on object 'Object Repository/WO_Dashboard/Page_Streetlogix  Dashboard/textarea_New'

2023-02-23 11:38:56 - [TEST_STEP][PASSED] - click(findTestObject("WO_Dashboard/Page_Streetlogix  Dashboard/btn_workorder_create")): Object: 'Object Repository/WO_Dashboard/Page_Streetlogix  Dashboard/btn_workorder_create' is clicked on

2023-02-23 11:38:57 - [MESSAGE][PASSED] - Object: 'Object Repository/WO_Dashboard/Page_Streetlogix  Dashboard/btn_workorder_create' is clicked on

2023-02-23 11:38:57 - [TEST_STEP][PASSED] - countAfter = database_keywords.test.Database_Keywords.getWorkOrdersCount(): database_keywords.test.Database_Keywords.getWorkOrdersCount is PASSED

2023-02-23 11:39:07 - [MESSAGE][PASSED] - database_keywords.test.Database_Keywords.getWorkOrdersCount is PASSED

2023-02-23 11:39:07 - [TEST_STEP][PASSED] - println(countAfter): null

2023-02-23 11:39:07 - [TEST_STEP][PASSED] - if (countAfter == countBefore + 1): null

2023-02-23 11:39:07 - [TEST_STEP][PASSED] - println("Work Order Created"): null

2023-02-23 11:39:07 - [TEST_STEP][PASSED] - closeBrowser(): Browser is closed

2023-02-23 11:39:07 - [MESSAGE][PASSED] - Browser is closed

2023-02-23 11:39:07 - [TEST_STEP][PASSED] - Video: Video recording for test case 'Test Cases/Dashboard/Work Orders/Create_WO_System_Forms_With_Equipements' .

2023-02-23 11:39:07 - [MESSAGE][INFO] - Video recording for test case 'Test Cases/Dashboard/Work Orders/Create_WO_System_Forms_With_Equipements' .]]></system-out>
         <system-err><![CDATA[]]></system-err>
      </testcase>
      <testcase name="Test Cases/GiS/Budget Estimator/Budget_Estimator_1year" time="120.339" classname="Test Cases/GiS/Budget Estimator/Budget_Estimator_1year" status="PASSED">
         <system-out><![CDATA[2023-02-23 11:39:07 - [TEST_CASE][PASSED] - Test Cases/GiS/Budget Estimator/Budget_Estimator_1year: Test Cases/GiS/Budget Estimator/Budget_Estimator_1year

2023-02-23 11:39:07 - [TEST_STEP][PASSED] - gis_url.test.URL.redirectURL(): gis_url.test.URL.redirectURL is PASSED

2023-02-23 11:39:07 - [MESSAGE][INFO] - Starting 'Chrome' driver

2023-02-23 11:39:07 - [MESSAGE][INFO] - Action delay is set to 0 milliseconds

2023-02-23 11:39:11 - [MESSAGE][PASSED] - Browser is opened with url: 'https://streetlogix-gis-slx4-develop.vercel.app/?config=64077fc938af4bcc9a46a81d8f4e5576&token=eyJhbGciOiJIUzI1NiIsInR5cCI6IkpXVCJ9.eyJpZCI6OTc2LCJuYW1lIjoiU29oYWliIE5laGFsIiwiZXhwIjoxNjc5NTk1OTE0LCJpYXQiOjE2NzcwMDM5MTR9.2xH46-6Ez-I1oUKcoFhQjnTNUOtwKNfZcleU9MbUdCY'

2023-02-23 11:39:11 - [MESSAGE][PASSED] - gis_url.test.URL.redirectURL is PASSED

2023-02-23 11:39:11 - [TEST_STEP][PASSED] - delay(15): Delayed 15 second(s)

2023-02-23 11:39:26 - [MESSAGE][PASSED] - Delayed 15 second(s)

2023-02-23 11:39:26 - [TEST_STEP][PASSED] - click(findTestObject("EBP_Object/Page_Streetlogix/Menubar-icon")): Object: 'Object Repository/EBP_Object/Page_Streetlogix/Menubar-icon' is clicked on

2023-02-23 11:39:26 - [MESSAGE][PASSED] - Object: 'Object Repository/EBP_Object/Page_Streetlogix/Menubar-icon' is clicked on

2023-02-23 11:39:26 - [TEST_STEP][PASSED] - click(findTestObject("Object Repository/EBP_Object/Page_Streetlogix/div_Budget Estimator")): Object: 'Object Repository/EBP_Object/Page_Streetlogix/div_Budget Estimator' is clicked on

2023-02-23 11:39:27 - [MESSAGE][PASSED] - Object: 'Object Repository/EBP_Object/Page_Streetlogix/div_Budget Estimator' is clicked on

2023-02-23 11:39:27 - [TEST_STEP][PASSED] - Scenarioname = "EST 1": null

2023-02-23 11:39:27 - [TEST_STEP][PASSED] - sendKeys(findTestObject("Object Repository/EBP_Object/Page_Streetlogix/input_Scenario Name_scenarioName"), Keys.chord(COMMAND, "a")): Keys 'COMMAND + a' sent to object: 'Object Repository/EBP_Object/Page_Streetlogix/input_Scenario Name_scenarioName'

2023-02-23 11:39:29 - [MESSAGE][PASSED] - Keys 'COMMAND + a' sent to object: 'Object Repository/EBP_Object/Page_Streetlogix/input_Scenario Name_scenarioName'

2023-02-23 11:39:29 - [TEST_STEP][PASSED] - sendKeys(findTestObject("Object Repository/EBP_Object/Page_Streetlogix/input_Scenario Name_scenarioName"), Keys.chord(DELETE)): Keys 'DELETE + ' sent to object: 'Object Repository/EBP_Object/Page_Streetlogix/input_Scenario Name_scenarioName'

2023-02-23 11:39:31 - [MESSAGE][PASSED] - Keys 'DELETE + ' sent to object: 'Object Repository/EBP_Object/Page_Streetlogix/input_Scenario Name_scenarioName'

2023-02-23 11:39:31 - [TEST_STEP][PASSED] - setText(findTestObject("Object Repository/EBP_Object/Page_Streetlogix/input_Scenario Name_scenarioName"), Scenarioname): Text 'EST 1' is set on object 'Object Repository/EBP_Object/Page_Streetlogix/input_Scenario Name_scenarioName'

2023-02-23 11:39:32 - [MESSAGE][PASSED] - Text 'EST 1' is set on object 'Object Repository/EBP_Object/Page_Streetlogix/input_Scenario Name_scenarioName'

2023-02-23 11:39:32 - [TEST_STEP][PASSED] - sendKeys(findTestObject("Object Repository/EBP_Object/Page_Streetlogix/input_Program duration_programDuration"), Keys.chord(COMMAND, "a")): Keys 'COMMAND + a' sent to object: 'Object Repository/EBP_Object/Page_Streetlogix/input_Program duration_programDuration'

2023-02-23 11:39:33 - [MESSAGE][PASSED] - Keys 'COMMAND + a' sent to object: 'Object Repository/EBP_Object/Page_Streetlogix/input_Program duration_programDuration'

2023-02-23 11:39:33 - [TEST_STEP][PASSED] - sendKeys(findTestObject("Object Repository/EBP_Object/Page_Streetlogix/input_Program duration_programDuration"), Keys.chord(DELETE)): Keys 'DELETE + ' sent to object: 'Object Repository/EBP_Object/Page_Streetlogix/input_Program duration_programDuration'

2023-02-23 11:39:33 - [MESSAGE][PASSED] - Keys 'DELETE + ' sent to object: 'Object Repository/EBP_Object/Page_Streetlogix/input_Program duration_programDuration'

2023-02-23 11:39:33 - [TEST_STEP][PASSED] - setText(findTestObject("Object Repository/EBP_Object/Page_Streetlogix/input_Program duration_programDuration"), "1"): Text '1' is set on object 'Object Repository/EBP_Object/Page_Streetlogix/input_Program duration_programDuration'

2023-02-23 11:39:34 - [MESSAGE][PASSED] - Text '1' is set on object 'Object Repository/EBP_Object/Page_Streetlogix/input_Program duration_programDuration'

2023-02-23 11:39:34 - [TEST_STEP][PASSED] - AvgCI = getText(findTestObject("EBP_Object/Page_Streetlogix/Average_condition_index")): Text of object 'Object Repository/EBP_Object/Page_Streetlogix/Average_condition_index' is: '27.92'

2023-02-23 11:39:34 - [MESSAGE][PASSED] - Text of object 'Object Repository/EBP_Object/Page_Streetlogix/Average_condition_index' is: '27.92'

2023-02-23 11:39:34 - [TEST_STEP][PASSED] - setText(findTestObject("Object Repository/EBP_Object/Page_Streetlogix/input_Target Condition Index_target_rating"), "29"): Text '29' is set on object 'Object Repository/EBP_Object/Page_Streetlogix/input_Target Condition Index_target_rating'

2023-02-23 11:39:35 - [MESSAGE][PASSED] - Text '29' is set on object 'Object Repository/EBP_Object/Page_Streetlogix/input_Target Condition Index_target_rating'

2023-02-23 11:39:35 - [TEST_STEP][PASSED] - sendKeys(findTestObject("Object Repository/EBP_Object/Page_Streetlogix/input_Annual Inflation_annualInflation"), Keys.chord(COMMAND, "a")): Keys 'COMMAND + a' sent to object: 'Object Repository/EBP_Object/Page_Streetlogix/input_Annual Inflation_annualInflation'

2023-02-23 11:39:36 - [MESSAGE][PASSED] - Keys 'COMMAND + a' sent to object: 'Object Repository/EBP_Object/Page_Streetlogix/input_Annual Inflation_annualInflation'

2023-02-23 11:39:36 - [TEST_STEP][PASSED] - sendKeys(findTestObject("Object Repository/EBP_Object/Page_Streetlogix/input_Annual Inflation_annualInflation"), Keys.chord(DELETE)): Keys 'DELETE + ' sent to object: 'Object Repository/EBP_Object/Page_Streetlogix/input_Annual Inflation_annualInflation'

2023-02-23 11:39:36 - [MESSAGE][PASSED] - Keys 'DELETE + ' sent to object: 'Object Repository/EBP_Object/Page_Streetlogix/input_Annual Inflation_annualInflation'

2023-02-23 11:39:36 - [TEST_STEP][PASSED] - setText(findTestObject("Object Repository/EBP_Object/Page_Streetlogix/input_Annual Inflation_annualInflation"), "5"): Text '5' is set on object 'Object Repository/EBP_Object/Page_Streetlogix/input_Annual Inflation_annualInflation'

2023-02-23 11:39:37 - [MESSAGE][PASSED] - Text '5' is set on object 'Object Repository/EBP_Object/Page_Streetlogix/input_Annual Inflation_annualInflation'

2023-02-23 11:39:37 - [TEST_STEP][PASSED] - click(findTestObject("Object Repository/EBP_Object/Page_Streetlogix/span_Calculate")): Object: 'Object Repository/EBP_Object/Page_Streetlogix/span_Calculate' is clicked on

2023-02-23 11:39:37 - [MESSAGE][PASSED] - Object: 'Object Repository/EBP_Object/Page_Streetlogix/span_Calculate' is clicked on

2023-02-23 11:39:37 - [TEST_STEP][PASSED] - delay(20): Delayed 20 second(s)

2023-02-23 11:39:57 - [MESSAGE][PASSED] - Delayed 20 second(s)

2023-02-23 11:39:57 - [TEST_STEP][PASSED] - click(findTestObject("Object Repository/EBP_Object/Page_Streetlogix/span_Load")): Object: 'Object Repository/EBP_Object/Page_Streetlogix/span_Load' is clicked on

2023-02-23 11:39:58 - [MESSAGE][PASSED] - Object: 'Object Repository/EBP_Object/Page_Streetlogix/span_Load' is clicked on

2023-02-23 11:39:58 - [TEST_STEP][PASSED] - click(findTestObject("EBP_Object/Page_Streetlogix/Load_Scenarioname")): Object: 'Object Repository/EBP_Object/Page_Streetlogix/Load_Scenarioname' is clicked on

2023-02-23 11:40:00 - [MESSAGE][PASSED] - Object: 'Object Repository/EBP_Object/Page_Streetlogix/Load_Scenarioname' is clicked on

2023-02-23 11:40:00 - [TEST_STEP][PASSED] - click(findTestObject("Object Repository/EBP_Object/Page_Streetlogix/h6_default scenario")): Object: 'Object Repository/EBP_Object/Page_Streetlogix/h6_default scenario' is clicked on

2023-02-23 11:40:03 - [MESSAGE][PASSED] - Object: 'Object Repository/EBP_Object/Page_Streetlogix/h6_default scenario' is clicked on

2023-02-23 11:40:03 - [TEST_STEP][PASSED] - click(findTestObject("Object Repository/EBP_Object/Page_Streetlogix/Estimator_summary")): Object: 'Object Repository/EBP_Object/Page_Streetlogix/Estimator_summary' is clicked on

2023-02-23 11:40:04 - [MESSAGE][PASSED] - Object: 'Object Repository/EBP_Object/Page_Streetlogix/Estimator_summary' is clicked on

2023-02-23 11:40:04 - [TEST_STEP][PASSED] - click(findTestObject("Object Repository/EBP_Object/Page_Streetlogix/Estimator_summary")): Object: 'Object Repository/EBP_Object/Page_Streetlogix/Estimator_summary' is clicked on

2023-02-23 11:40:05 - [MESSAGE][PASSED] - Object: 'Object Repository/EBP_Object/Page_Streetlogix/Estimator_summary' is clicked on

2023-02-23 11:40:05 - [TEST_STEP][PASSED] - click(findTestObject("EBP_Object/Page_Streetlogix/Asset_name")): Object: 'Object Repository/EBP_Object/Page_Streetlogix/Asset_name' is clicked on

2023-02-23 11:40:06 - [MESSAGE][PASSED] - Object: 'Object Repository/EBP_Object/Page_Streetlogix/Asset_name' is clicked on

2023-02-23 11:40:06 - [TEST_STEP][PASSED] - click(findTestObject("Object Repository/EBP_Object/Page_Streetlogix/Program_duration_1year")): Object: 'Object Repository/EBP_Object/Page_Streetlogix/Program_duration_1year' is clicked on

2023-02-23 11:40:06 - [MESSAGE][PASSED] - Object: 'Object Repository/EBP_Object/Page_Streetlogix/Program_duration_1year' is clicked on

2023-02-23 11:40:06 - [TEST_STEP][PASSED] - click(findTestObject("Object Repository/EBP_Object/Page_Streetlogix/Total cost estimated")): Object: 'Object Repository/EBP_Object/Page_Streetlogix/Total cost estimated' is clicked on

2023-02-23 11:40:07 - [MESSAGE][PASSED] - Object: 'Object Repository/EBP_Object/Page_Streetlogix/Total cost estimated' is clicked on

2023-02-23 11:40:07 - [TEST_STEP][PASSED] - click(findTestObject("Object Repository/EBP_Object/Page_Streetlogix/Inflation_5")): Object: 'Object Repository/EBP_Object/Page_Streetlogix/Inflation_5' is clicked on

2023-02-23 11:40:07 - [MESSAGE][PASSED] - Object: 'Object Repository/EBP_Object/Page_Streetlogix/Inflation_5' is clicked on

2023-02-23 11:40:07 - [TEST_STEP][PASSED] - click(findTestObject("Object Repository/EBP_Object/Page_Streetlogix/h6_pci  0")): Object: 'Object Repository/EBP_Object/Page_Streetlogix/h6_pci  0' is clicked on

2023-02-23 11:40:08 - [MESSAGE][PASSED] - Object: 'Object Repository/EBP_Object/Page_Streetlogix/h6_pci  0' is clicked on

2023-02-23 11:40:08 - [TEST_STEP][PASSED] - click(findTestObject("Object Repository/EBP_Object/Page_Streetlogix/h6_DT with PCI ranges")): Object: 'Object Repository/EBP_Object/Page_Streetlogix/h6_DT with PCI ranges' is clicked on

2023-02-23 11:40:09 - [MESSAGE][PASSED] - Object: 'Object Repository/EBP_Object/Page_Streetlogix/h6_DT with PCI ranges' is clicked on

2023-02-23 11:40:09 - [TEST_STEP][PASSED] - click(findTestObject("EBP_Object/Page_Streetlogix/View_Graph_dropdown")): Object: 'Object Repository/EBP_Object/Page_Streetlogix/View_Graph_dropdown' is clicked on

2023-02-23 11:40:10 - [MESSAGE][PASSED] - Object: 'Object Repository/EBP_Object/Page_Streetlogix/View_Graph_dropdown' is clicked on

2023-02-23 11:40:10 - [TEST_STEP][PASSED] - click(findTestObject("Object Repository/EBP_Object/Page_Streetlogix/li_Table")): Object: 'Object Repository/EBP_Object/Page_Streetlogix/li_Table' is clicked on

2023-02-23 11:40:10 - [MESSAGE][PASSED] - Object: 'Object Repository/EBP_Object/Page_Streetlogix/li_Table' is clicked on

2023-02-23 11:40:10 - [TEST_STEP][PASSED] - click(findTestObject("Object Repository/EBP_Object/Page_Streetlogix/Final_Rating")): Object: 'Object Repository/EBP_Object/Page_Streetlogix/Final_Rating' is clicked on

2023-02-23 11:40:13 - [MESSAGE][PASSED] - Object: 'Object Repository/EBP_Object/Page_Streetlogix/Final_Rating' is clicked on

2023-02-23 11:40:13 - [TEST_STEP][PASSED] - click(findTestObject("Object Repository/EBP_Object/Page_Streetlogix/span_Report")): Object: 'Object Repository/EBP_Object/Page_Streetlogix/span_Report' is clicked on

2023-02-23 11:40:13 - [MESSAGE][PASSED] - Object: 'Object Repository/EBP_Object/Page_Streetlogix/span_Report' is clicked on

2023-02-23 11:40:13 - [TEST_STEP][PASSED] - click(findTestObject("Object Repository/EBP_Object/Page_Streetlogix/span_Export")): Object: 'Object Repository/EBP_Object/Page_Streetlogix/span_Export' is clicked on

2023-02-23 11:40:14 - [MESSAGE][PASSED] - Object: 'Object Repository/EBP_Object/Page_Streetlogix/span_Export' is clicked on

2023-02-23 11:40:14 - [TEST_STEP][PASSED] - delay(50): Delayed 50 second(s)

2023-02-23 11:41:04 - [MESSAGE][PASSED] - Delayed 50 second(s)

2023-02-23 11:41:04 - [TEST_STEP][PASSED] - click(findTestObject("Object Repository/EBP_Object/Page_Streetlogix/span_Report")): Object: 'Object Repository/EBP_Object/Page_Streetlogix/span_Report' is clicked on

2023-02-23 11:41:04 - [MESSAGE][PASSED] - Object: 'Object Repository/EBP_Object/Page_Streetlogix/span_Report' is clicked on

2023-02-23 11:41:04 - [TEST_STEP][PASSED] - click(findTestObject("Object Repository/EBP_Object/Page_Streetlogix/span_Word")): Object: 'Object Repository/EBP_Object/Page_Streetlogix/span_Word' is clicked on

2023-02-23 11:41:05 - [MESSAGE][PASSED] - Object: 'Object Repository/EBP_Object/Page_Streetlogix/span_Word' is clicked on

2023-02-23 11:41:05 - [TEST_STEP][PASSED] - click(findTestObject("Object Repository/EBP_Object/Page_Streetlogix/span_Export")): Object: 'Object Repository/EBP_Object/Page_Streetlogix/span_Export' is clicked on

2023-02-23 11:41:05 - [MESSAGE][PASSED] - Object: 'Object Repository/EBP_Object/Page_Streetlogix/span_Export' is clicked on

2023-02-23 11:41:05 - [TEST_STEP][PASSED] - click(findTestObject("Object Repository/EBP_Object/Page_Streetlogix/span_Close")): Object: 'Object Repository/EBP_Object/Page_Streetlogix/span_Close' is clicked on

2023-02-23 11:41:07 - [MESSAGE][PASSED] - Object: 'Object Repository/EBP_Object/Page_Streetlogix/span_Close' is clicked on

2023-02-23 11:41:07 - [TEST_STEP][PASSED] - isFileDownloaded("Streetlogix-EST-1.pdf"): null

2023-02-23 11:41:07 - [TEST_STEP][PASSED] - downloadPath = "/Users/kashif/Downloads": null

2023-02-23 11:41:07 - [TEST_STEP][PASSED] - dir = new java.io.File(downloadPath): null

2023-02-23 11:41:07 - [TEST_STEP][PASSED] - files = dir.listFiles(): null

2023-02-23 11:41:07 - [TEST_STEP][PASSED] - for (File file : files): null

2023-02-23 11:41:07 - [TEST_STEP][PASSED] - if (getName().equals(fileName)): null

2023-02-23 11:41:07 - [TEST_STEP][PASSED] - if (getName().equals(fileName)): null

2023-02-23 11:41:07 - [TEST_STEP][PASSED] - if (getName().equals(fileName)): null

2023-02-23 11:41:07 - [TEST_STEP][PASSED] - if (getName().equals(fileName)): null

2023-02-23 11:41:07 - [TEST_STEP][PASSED] - if (getName().equals(fileName)): null

2023-02-23 11:41:07 - [TEST_STEP][PASSED] - if (getName().equals(fileName)): null

2023-02-23 11:41:07 - [TEST_STEP][PASSED] - if (getName().equals(fileName)): null

2023-02-23 11:41:07 - [TEST_STEP][PASSED] - if (getName().equals(fileName)): null

2023-02-23 11:41:07 - [TEST_STEP][PASSED] - if (getName().equals(fileName)): null

2023-02-23 11:41:07 - [TEST_STEP][PASSED] - if (getName().equals(fileName)): null

2023-02-23 11:41:07 - [TEST_STEP][PASSED] - if (getName().equals(fileName)): null

2023-02-23 11:41:07 - [TEST_STEP][PASSED] - if (getName().equals(fileName)): null

2023-02-23 11:41:07 - [TEST_STEP][PASSED] - if (getName().equals(fileName)): null

2023-02-23 11:41:07 - [TEST_STEP][PASSED] - if (getName().equals(fileName)): null

2023-02-23 11:41:07 - [TEST_STEP][PASSED] - if (getName().equals(fileName)): null

2023-02-23 11:41:07 - [TEST_STEP][PASSED] - if (getName().equals(fileName)): null

2023-02-23 11:41:07 - [TEST_STEP][PASSED] - if (getName().equals(fileName)): null

2023-02-23 11:41:07 - [TEST_STEP][PASSED] - if (getName().equals(fileName)): null

2023-02-23 11:41:07 - [TEST_STEP][PASSED] - if (getName().equals(fileName)): null

2023-02-23 11:41:07 - [TEST_STEP][PASSED] - if (getName().equals(fileName)): null

2023-02-23 11:41:07 - [TEST_STEP][PASSED] - if (getName().equals(fileName)): null

2023-02-23 11:41:07 - [TEST_STEP][PASSED] - if (getName().equals(fileName)): null

2023-02-23 11:41:07 - [TEST_STEP][PASSED] - if (getName().equals(fileName)): null

2023-02-23 11:41:07 - [TEST_STEP][PASSED] - if (getName().equals(fileName)): null

2023-02-23 11:41:07 - [TEST_STEP][PASSED] - if (getName().equals(fileName)): null

2023-02-23 11:41:07 - [TEST_STEP][PASSED] - if (getName().equals(fileName)): null

2023-02-23 11:41:07 - [TEST_STEP][PASSED] - if (getName().equals(fileName)): null

2023-02-23 11:41:07 - [TEST_STEP][PASSED] - if (getName().equals(fileName)): null

2023-02-23 11:41:07 - [TEST_STEP][PASSED] - if (getName().equals(fileName)): null

2023-02-23 11:41:07 - [TEST_STEP][PASSED] - if (getName().equals(fileName)): null

2023-02-23 11:41:07 - [TEST_STEP][PASSED] - if (getName().equals(fileName)): null

2023-02-23 11:41:07 - [TEST_STEP][PASSED] - if (getName().equals(fileName)): null

2023-02-23 11:41:07 - [TEST_STEP][PASSED] - if (getName().equals(fileName)): null

2023-02-23 11:41:07 - [TEST_STEP][PASSED] - if (getName().equals(fileName)): null

2023-02-23 11:41:07 - [TEST_STEP][PASSED] - if (getName().equals(fileName)): null

2023-02-23 11:41:07 - [TEST_STEP][PASSED] - if (getName().equals(fileName)): null

2023-02-23 11:41:07 - [TEST_STEP][PASSED] - if (getName().equals(fileName)): null

2023-02-23 11:41:07 - [TEST_STEP][PASSED] - if (getName().equals(fileName)): null

2023-02-23 11:41:07 - [TEST_STEP][PASSED] - if (getName().equals(fileName)): null

2023-02-23 11:41:07 - [TEST_STEP][PASSED] - if (getName().equals(fileName)): null

2023-02-23 11:41:07 - [TEST_STEP][PASSED] - if (getName().equals(fileName)): null

2023-02-23 11:41:07 - [TEST_STEP][PASSED] - if (getName().equals(fileName)): null

2023-02-23 11:41:07 - [TEST_STEP][PASSED] - if (getName().equals(fileName)): null

2023-02-23 11:41:07 - [TEST_STEP][PASSED] - if (getName().equals(fileName)): null

2023-02-23 11:41:07 - [TEST_STEP][PASSED] - if (getName().equals(fileName)): null

2023-02-23 11:41:07 - [TEST_STEP][PASSED] - if (getName().equals(fileName)): null

2023-02-23 11:41:07 - [TEST_STEP][PASSED] - if (getName().equals(fileName)): null

2023-02-23 11:41:07 - [TEST_STEP][PASSED] - if (getName().equals(fileName)): null

2023-02-23 11:41:07 - [TEST_STEP][PASSED] - if (getName().equals(fileName)): null

2023-02-23 11:41:07 - [TEST_STEP][PASSED] - if (getName().equals(fileName)): null

2023-02-23 11:41:07 - [TEST_STEP][PASSED] - if (getName().equals(fileName)): null

2023-02-23 11:41:07 - [TEST_STEP][PASSED] - if (getName().equals(fileName)): null

2023-02-23 11:41:07 - [TEST_STEP][PASSED] - if (getName().equals(fileName)): null

2023-02-23 11:41:07 - [TEST_STEP][PASSED] - if (getName().equals(fileName)): null

2023-02-23 11:41:07 - [TEST_STEP][PASSED] - if (getName().equals(fileName)): null

2023-02-23 11:41:07 - [TEST_STEP][PASSED] - if (getName().equals(fileName)): null

2023-02-23 11:41:07 - [TEST_STEP][PASSED] - if (getName().equals(fileName)): null

2023-02-23 11:41:07 - [TEST_STEP][PASSED] - if (getName().equals(fileName)): null

2023-02-23 11:41:07 - [TEST_STEP][PASSED] - if (getName().equals(fileName)): null

2023-02-23 11:41:07 - [TEST_STEP][PASSED] - if (getName().equals(fileName)): null

2023-02-23 11:41:07 - [TEST_STEP][PASSED] - if (getName().equals(fileName)): null

2023-02-23 11:41:07 - [TEST_STEP][PASSED] - if (getName().equals(fileName)): null

2023-02-23 11:41:07 - [TEST_STEP][PASSED] - if (getName().equals(fileName)): null

2023-02-23 11:41:07 - [TEST_STEP][PASSED] - if (getName().equals(fileName)): null

2023-02-23 11:41:07 - [TEST_STEP][PASSED] - if (getName().equals(fileName)): null

2023-02-23 11:41:07 - [TEST_STEP][PASSED] - if (getName().equals(fileName)): null

2023-02-23 11:41:07 - [TEST_STEP][PASSED] - if (getName().equals(fileName)): null

2023-02-23 11:41:07 - [TEST_STEP][PASSED] - if (getName().equals(fileName)): null

2023-02-23 11:41:07 - [TEST_STEP][PASSED] - if (getName().equals(fileName)): null

2023-02-23 11:41:07 - [TEST_STEP][PASSED] - if (getName().equals(fileName)): null

2023-02-23 11:41:07 - [TEST_STEP][PASSED] - if (getName().equals(fileName)): null

2023-02-23 11:41:07 - [TEST_STEP][PASSED] - if (getName().equals(fileName)): null

2023-02-23 11:41:07 - [TEST_STEP][PASSED] - markPassed("File " + fileName + " exists in " + downloadPath): File Streetlogix-EST-1.pdf exists in /Users/kashif/Downloads

2023-02-23 11:41:07 - [MESSAGE][PASSED] - File Streetlogix-EST-1.pdf exists in /Users/kashif/Downloads

2023-02-23 11:41:07 - [TEST_STEP][PASSED] - return true: null

2023-02-23 11:41:07 - [TEST_STEP][PASSED] - closeBrowser(): Browser is closed

2023-02-23 11:41:07 - [MESSAGE][PASSED] - Browser is closed

2023-02-23 11:41:07 - [TEST_STEP][PASSED] - Video: Video recording for test case 'Test Cases/GiS/Budget Estimator/Budget_Estimator_1year' .

2023-02-23 11:41:07 - [MESSAGE][INFO] - Video recording for test case 'Test Cases/GiS/Budget Estimator/Budget_Estimator_1year' .]]></system-out>
         <system-err><![CDATA[]]></system-err>
      </testcase>
      <system-out><![CDATA[2023-02-23 11:17:51 - [TEST_SUITE][PASSED] - GIS: Test Cases/GiS/Budget Estimator/Budget_Estimator_1year]]></system-out>
      <system-err><![CDATA[]]></system-err>
   </testsuite>
</testsuites>
