<?xml version="1.0" encoding="UTF-8"?>
<testsuites name="GIS" time="2317.206" tests="17" failures="3" errors="0">
   <testsuite name="GIS" tests="17" failures="3" errors="0" time="2317.206" skipped="0" timestamp="2023-03-09 11:41:01" hostname="kashif - localhost" id="Test Suites/GIS">
      <properties>
         <property name="deviceName" value=""/>
         <property name="devicePlatform" value=""/>
         <property name="logFolder" value="/Users/kashif/git/Streetlogix_4.01/Reports/20230309_114057/GIS/20230309_114058"/>
         <property name="logFiles" value="/Users/kashif/git/Streetlogix_4.01/Reports/20230309_114057/GIS/20230309_114058/execution0.log"/>
         <property name="attachments" value="/Users/kashif/git/Streetlogix_4.01/Reports/20230309_114057/GIS/20230309_114058/1678344541947.png, /Users/kashif/git/Streetlogix_4.01/Reports/20230309_114057/GIS/20230309_114058/1678344733158.png, /Users/kashif/git/Streetlogix_4.01/Reports/20230309_114057/GIS/20230309_114058/1678344841126.png, /Users/kashif/git/Streetlogix_4.01/Reports/20230309_114057/GIS/20230309_114058/1678344944791.png, /Users/kashif/git/Streetlogix_4.01/Reports/20230309_114057/GIS/20230309_114058/1678345378884.png, /Users/kashif/git/Streetlogix_4.01/Reports/20230309_114057/GIS/20230309_114058/1678345385771.png, /Users/kashif/git/Streetlogix_4.01/Reports/20230309_114057/GIS/20230309_114058/1678345417461.png, /Users/kashif/git/Streetlogix_4.01/Reports/20230309_114057/GIS/20230309_114058/1678345449188.png, /Users/kashif/git/Streetlogix_4.01/Reports/20230309_114057/GIS/20230309_114058/1678345481187.png, /Users/kashif/git/Streetlogix_4.01/Reports/20230309_114057/GIS/20230309_114058/1678345512917.png, /Users/kashif/git/Streetlogix_4.01/Reports/20230309_114057/GIS/20230309_114058/1678345544597.png, /Users/kashif/git/Streetlogix_4.01/Reports/20230309_114057/GIS/20230309_114058/1678345576378.png, /Users/kashif/git/Streetlogix_4.01/Reports/20230309_114057/GIS/20230309_114058/1678345613071.png, /Users/kashif/git/Streetlogix_4.01/Reports/20230309_114057/GIS/20230309_114058/1678345645115.png, /Users/kashif/git/Streetlogix_4.01/Reports/20230309_114057/GIS/20230309_114058/1678345657106.png, /Users/kashif/git/Streetlogix_4.01/Reports/20230309_114057/GIS/20230309_114058/1678345688721.png, /Users/kashif/git/Streetlogix_4.01/Reports/20230309_114057/GIS/20230309_114058/1678345720385.png, /Users/kashif/git/Streetlogix_4.01/Reports/20230309_114057/GIS/20230309_114058/1678345872220.png, /Users/kashif/git/Streetlogix_4.01/Reports/20230309_114057/GIS/20230309_114058/1678346011367.png, /Users/kashif/git/Streetlogix_4.01/Reports/20230309_114057/GIS/20230309_114058/1678346043054.png, /Users/kashif/git/Streetlogix_4.01/Reports/20230309_114057/GIS/20230309_114058/1678346074799.png"/>
         <property name="hostName" value="kashif - localhost"/>
         <property name="os" value="Mac OS X 64bit"/>
         <property name="katalonVersion" value="8.5.5.208"/>
         <property name="browser" value="Chrome 110.0.0.0"/>
         <property name="hostAddress" value="127.0.0.1"/>
         <property name="sessionId" value="f471e7e98734b905327766e0eaa3c757"/>
         <property name="seleniumVersion" value="3.141.59"/>
         <property name="proxyInformation" value="ProxyInformation { proxyOption=NO_PROXY, proxyServerType=HTTP, username=, password=********, proxyServerAddress=, proxyServerPort=0, executionList=&quot;&quot;, isApplyToDesiredCapabilities=true }"/>
         <property name="platform" value="Mac OS X"/>
      </properties>
      <testcase name="Test Cases/GiS/Layers/Statistics on GIS layer" time="108.115" classname="Test Cases/GiS/Layers/Statistics on GIS layer" status="FAILED">
         <failure type="FAILED" message="Test Cases/GiS/Layers/Statistics on GIS layer FAILED.
Reason:
com.kms.katalon.core.exception.StepFailedException: Unable to verify match between actual text '3125234580' and expected text '-1169732716' (Root cause: com.kms.katalon.core.exception.StepFailedException: Actual text '3125234580' and expected text '-1169732716' are not matched
	at com.kms.katalon.core.keyword.builtin.VerifyMatchKeyword$_verifyMatch_closure1.doCall(VerifyMatchKeyword.groovy:57)
	at com.kms.katalon.core.keyword.builtin.VerifyMatchKeyword$_verifyMatch_closure1.call(VerifyMatchKeyword.groovy)
	at com.kms.katalon.core.keyword.internal.KeywordMain.runKeyword(KeywordMain.groovy:74)
	at com.kms.katalon.core.keyword.builtin.VerifyMatchKeyword.verifyMatch(VerifyMatchKeyword.groovy:60)
	at com.kms.katalon.core.keyword.builtin.VerifyMatchKeyword.execute(VerifyMatchKeyword.groovy:45)
	at com.kms.katalon.core.keyword.internal.KeywordExecutor.executeKeywordForPlatform(KeywordExecutor.groovy:74)
	at com.kms.katalon.core.keyword.BuiltinKeywords.verifyMatch(BuiltinKeywords.groovy:73)
	at Statistics on GIS layer.run(Statistics on GIS layer:53)
	at com.kms.katalon.core.main.ScriptEngine.run(ScriptEngine.java:194)
	at com.kms.katalon.core.main.ScriptEngine.runScriptAsRawText(ScriptEngine.java:119)
	at com.kms.katalon.core.main.TestCaseExecutor.runScript(TestCaseExecutor.java:448)
	at com.kms.katalon.core.main.TestCaseExecutor.doExecute(TestCaseExecutor.java:439)
	at com.kms.katalon.core.main.TestCaseExecutor.processExecutionPhase(TestCaseExecutor.java:418)
	at com.kms.katalon.core.main.TestCaseExecutor.accessMainPhase(TestCaseExecutor.java:410)
	at com.kms.katalon.core.main.TestCaseExecutor.execute(TestCaseExecutor.java:285)
	at com.kms.katalon.core.common.CommonExecutor.accessTestCaseMainPhase(CommonExecutor.java:65)
	at com.kms.katalon.core.main.TestSuiteExecutor.accessTestSuiteMainPhase(TestSuiteExecutor.java:151)
	at com.kms.katalon.core.main.TestSuiteExecutor.execute(TestSuiteExecutor.java:106)
	at com.kms.katalon.core.main.TestCaseMain.startTestSuite(TestCaseMain.java:185)
	at com.kms.katalon.core.main.TestCaseMain$startTestSuite$0.call(Unknown Source)
	at TempTestSuite1678344058063.run(TempTestSuite1678344058063.groovy:36)
)
	at com.kms.katalon.core.keyword.internal.KeywordMain.stepFailed(KeywordMain.groovy:39)
	at com.kms.katalon.core.keyword.internal.KeywordMain.stepFailed(KeywordMain.groovy)
	at com.kms.katalon.core.keyword.internal.KeywordMain.runKeyword(KeywordMain.groovy:76)
	at com.kms.katalon.core.keyword.builtin.VerifyMatchKeyword.verifyMatch(VerifyMatchKeyword.groovy:60)
	at com.kms.katalon.core.keyword.builtin.VerifyMatchKeyword.execute(VerifyMatchKeyword.groovy:45)
	at com.kms.katalon.core.keyword.internal.KeywordExecutor.executeKeywordForPlatform(KeywordExecutor.groovy:74)
	at com.kms.katalon.core.keyword.BuiltinKeywords.verifyMatch(BuiltinKeywords.groovy:73)
	at Statistics on GIS layer.run(Statistics on GIS layer:53)
	at com.kms.katalon.core.main.ScriptEngine.run(ScriptEngine.java:194)
	at com.kms.katalon.core.main.ScriptEngine.runScriptAsRawText(ScriptEngine.java:119)
	at com.kms.katalon.core.main.TestCaseExecutor.runScript(TestCaseExecutor.java:448)
	at com.kms.katalon.core.main.TestCaseExecutor.doExecute(TestCaseExecutor.java:439)
	at com.kms.katalon.core.main.TestCaseExecutor.processExecutionPhase(TestCaseExecutor.java:418)
	at com.kms.katalon.core.main.TestCaseExecutor.accessMainPhase(TestCaseExecutor.java:410)
	at com.kms.katalon.core.main.TestCaseExecutor.execute(TestCaseExecutor.java:285)
	at com.kms.katalon.core.common.CommonExecutor.accessTestCaseMainPhase(CommonExecutor.java:65)
	at com.kms.katalon.core.main.TestSuiteExecutor.accessTestSuiteMainPhase(TestSuiteExecutor.java:151)
	at com.kms.katalon.core.main.TestSuiteExecutor.execute(TestSuiteExecutor.java:106)
	at com.kms.katalon.core.main.TestCaseMain.startTestSuite(TestCaseMain.java:185)
	at com.kms.katalon.core.main.TestCaseMain$startTestSuite$0.call(Unknown Source)
	at TempTestSuite1678344058063.run(TempTestSuite1678344058063.groovy:36)
Caused by: com.kms.katalon.core.exception.StepFailedException: Actual text '3125234580' and expected text '-1169732716' are not matched
	at com.kms.katalon.core.keyword.builtin.VerifyMatchKeyword$_verifyMatch_closure1.doCall(VerifyMatchKeyword.groovy:57)
	at com.kms.katalon.core.keyword.builtin.VerifyMatchKeyword$_verifyMatch_closure1.call(VerifyMatchKeyword.groovy)
	at com.kms.katalon.core.keyword.internal.KeywordMain.runKeyword(KeywordMain.groovy:74)
	... 18 more
"/>
         <system-out><![CDATA[2023-03-09 11:41:01 - [TEST_CASE][FAILED] - Test Cases/GiS/Layers/Statistics on GIS layer: Test Cases/GiS/Layers/Statistics on GIS layer FAILED.
Reason:
com.kms.katalon.core.exception.StepFailedException: Unable to verify match between actual text '3125234580' and expected text '-1169732716' (Root cause: com.kms.katalon.core.exception.StepFailedException: Actual text '3125234580' and expected text '-1169732716' are not matched
	at com.kms.katalon.core.keyword.builtin.VerifyMatchKeyword$_verifyMatch_closure1.doCall(VerifyMatchKeyword.groovy:57)
	at com.kms.katalon.core.keyword.builtin.VerifyMatchKeyword$_verifyMatch_closure1.call(VerifyMatchKeyword.groovy)
	at com.kms.katalon.core.keyword.internal.KeywordMain.runKeyword(KeywordMain.groovy:74)
	at com.kms.katalon.core.keyword.builtin.VerifyMatchKeyword.verifyMatch(VerifyMatchKeyword.groovy:60)
	at com.kms.katalon.core.keyword.builtin.VerifyMatchKeyword.execute(VerifyMatchKeyword.groovy:45)
	at com.kms.katalon.core.keyword.internal.KeywordExecutor.executeKeywordForPlatform(KeywordExecutor.groovy:74)
	at com.kms.katalon.core.keyword.BuiltinKeywords.verifyMatch(BuiltinKeywords.groovy:73)
	at Statistics on GIS layer.run(Statistics on GIS layer:53)
	at com.kms.katalon.core.main.ScriptEngine.run(ScriptEngine.java:194)
	at com.kms.katalon.core.main.ScriptEngine.runScriptAsRawText(ScriptEngine.java:119)
	at com.kms.katalon.core.main.TestCaseExecutor.runScript(TestCaseExecutor.java:448)
	at com.kms.katalon.core.main.TestCaseExecutor.doExecute(TestCaseExecutor.java:439)
	at com.kms.katalon.core.main.TestCaseExecutor.processExecutionPhase(TestCaseExecutor.java:418)
	at com.kms.katalon.core.main.TestCaseExecutor.accessMainPhase(TestCaseExecutor.java:410)
	at com.kms.katalon.core.main.TestCaseExecutor.execute(TestCaseExecutor.java:285)
	at com.kms.katalon.core.common.CommonExecutor.accessTestCaseMainPhase(CommonExecutor.java:65)
	at com.kms.katalon.core.main.TestSuiteExecutor.accessTestSuiteMainPhase(TestSuiteExecutor.java:151)
	at com.kms.katalon.core.main.TestSuiteExecutor.execute(TestSuiteExecutor.java:106)
	at com.kms.katalon.core.main.TestCaseMain.startTestSuite(TestCaseMain.java:185)
	at com.kms.katalon.core.main.TestCaseMain$startTestSuite$0.call(Unknown Source)
	at TempTestSuite1678344058063.run(TempTestSuite1678344058063.groovy:36)
)
	at com.kms.katalon.core.keyword.internal.KeywordMain.stepFailed(KeywordMain.groovy:39)
	at com.kms.katalon.core.keyword.internal.KeywordMain.stepFailed(KeywordMain.groovy)
	at com.kms.katalon.core.keyword.internal.KeywordMain.runKeyword(KeywordMain.groovy:76)
	at com.kms.katalon.core.keyword.builtin.VerifyMatchKeyword.verifyMatch(VerifyMatchKeyword.groovy:60)
	at com.kms.katalon.core.keyword.builtin.VerifyMatchKeyword.execute(VerifyMatchKeyword.groovy:45)
	at com.kms.katalon.core.keyword.internal.KeywordExecutor.executeKeywordForPlatform(KeywordExecutor.groovy:74)
	at com.kms.katalon.core.keyword.BuiltinKeywords.verifyMatch(BuiltinKeywords.groovy:73)
	at Statistics on GIS layer.run(Statistics on GIS layer:53)
	at com.kms.katalon.core.main.ScriptEngine.run(ScriptEngine.java:194)
	at com.kms.katalon.core.main.ScriptEngine.runScriptAsRawText(ScriptEngine.java:119)
	at com.kms.katalon.core.main.TestCaseExecutor.runScript(TestCaseExecutor.java:448)
	at com.kms.katalon.core.main.TestCaseExecutor.doExecute(TestCaseExecutor.java:439)
	at com.kms.katalon.core.main.TestCaseExecutor.processExecutionPhase(TestCaseExecutor.java:418)
	at com.kms.katalon.core.main.TestCaseExecutor.accessMainPhase(TestCaseExecutor.java:410)
	at com.kms.katalon.core.main.TestCaseExecutor.execute(TestCaseExecutor.java:285)
	at com.kms.katalon.core.common.CommonExecutor.accessTestCaseMainPhase(CommonExecutor.java:65)
	at com.kms.katalon.core.main.TestSuiteExecutor.accessTestSuiteMainPhase(TestSuiteExecutor.java:151)
	at com.kms.katalon.core.main.TestSuiteExecutor.execute(TestSuiteExecutor.java:106)
	at com.kms.katalon.core.main.TestCaseMain.startTestSuite(TestCaseMain.java:185)
	at com.kms.katalon.core.main.TestCaseMain$startTestSuite$0.call(Unknown Source)
	at TempTestSuite1678344058063.run(TempTestSuite1678344058063.groovy:36)
Caused by: com.kms.katalon.core.exception.StepFailedException: Actual text '3125234580' and expected text '-1169732716' are not matched
	at com.kms.katalon.core.keyword.builtin.VerifyMatchKeyword$_verifyMatch_closure1.doCall(VerifyMatchKeyword.groovy:57)
	at com.kms.katalon.core.keyword.builtin.VerifyMatchKeyword$_verifyMatch_closure1.call(VerifyMatchKeyword.groovy)
	at com.kms.katalon.core.keyword.internal.KeywordMain.runKeyword(KeywordMain.groovy:74)
	... 18 more


2023-03-09 11:41:01 - [TEST_STEP][PASSED] - gis_url.test.URL.redirectURL(): gis_url.test.URL.redirectURL is PASSED

2023-03-09 11:41:01 - [MESSAGE][INFO] - Starting 'Chrome' driver

2023-03-09 11:41:01 - [MESSAGE][INFO] - Action delay is set to 0 milliseconds

2023-03-09 11:41:06 - [MESSAGE][PASSED] - Browser is opened with url: 'https://streetlogix-gis-slx4-develop.vercel.app/?config=64077fc938af4bcc9a46a81d8f4e5576&token=eyJhbGciOiJIUzI1NiIsInR5cCI6IkpXVCJ9.eyJpZCI6OTc2LCJuYW1lIjoiU29oYWliIE5laGFsIiwiZXhwIjoxNjgwNjgwOTg3LCJpYXQiOjE2NzgwODg5ODd9.hALLa1SO64ZYI--CeYjMno4uFOCwR9lK0Lzo7eCUaPk'

2023-03-09 11:41:06 - [MESSAGE][PASSED] - gis_url.test.URL.redirectURL is PASSED

2023-03-09 11:41:06 - [TEST_STEP][PASSED] - click(findTestObject("Page_Streetlogix/img_Search_rail-icon")): Object: 'Object Repository/Page_Streetlogix/img_Search_rail-icon' is clicked on

2023-03-09 11:41:10 - [MESSAGE][PASSED] - Object: 'Object Repository/Page_Streetlogix/img_Search_rail-icon' is clicked on

2023-03-09 11:41:10 - [TEST_STEP][PASSED] - delay(15): Delayed 15 second(s)

2023-03-09 11:41:25 - [MESSAGE][PASSED] - Delayed 15 second(s)

2023-03-09 11:41:25 - [TEST_STEP][PASSED] - pci = getText(findTestObject("Object Repository/Page_Streetlogix/h6_Pavement Average Condition 58")): Text of object 'Object Repository/Page_Streetlogix/h6_Pavement Average Condition 58' is: 'Pavement Average Condition PCI: 11'

2023-03-09 11:41:25 - [MESSAGE][PASSED] - Text of object 'Object Repository/Page_Streetlogix/h6_Pavement Average Condition 58' is: 'Pavement Average Condition PCI: 11'

2023-03-09 11:41:25 - [TEST_STEP][PASSED] - pciAvg = pci.replaceAll("[^0-9]", ""): null

2023-03-09 11:41:25 - [TEST_STEP][PASSED] - avgPCI = database_keywords.test.Database_Keywords.getAveragePCI(): database_keywords.test.Database_Keywords.getAveragePCI is PASSED

2023-03-09 11:41:44 - [MESSAGE][PASSED] - database_keywords.test.Database_Keywords.getAveragePCI is PASSED

2023-03-09 11:41:44 - [TEST_STEP][PASSED] - println(avgPCI): null

2023-03-09 11:41:44 - [TEST_STEP][PASSED] - verifyMatch(pciAvg, avgPCI, false): Actual text '11' and expected text '11' are matched 

2023-03-09 11:41:44 - [MESSAGE][PASSED] - Actual text '11' and expected text '11' are matched 

2023-03-09 11:41:44 - [TEST_STEP][PASSED] - milespci = getText(findTestObject("Object Repository/Page_Streetlogix/p_Total Length 2,148 miles")): Text of object 'Object Repository/Page_Streetlogix/p_Total Length 2,148 miles' is: 'Total Length: 2,317 miles'

2023-03-09 11:41:44 - [MESSAGE][PASSED] - Text of object 'Object Repository/Page_Streetlogix/p_Total Length 2,148 miles' is: 'Total Length: 2,317 miles'

2023-03-09 11:41:44 - [TEST_STEP][PASSED] - pciMiles = milespci.replaceAll("[^0-9]", ""): null

2023-03-09 11:41:44 - [TEST_STEP][PASSED] - totalMilesPCI = database_keywords.test.Database_Keywords.getPavementMiles(): database_keywords.test.Database_Keywords.getPavementMiles is PASSED

2023-03-09 11:41:47 - [MESSAGE][PASSED] - database_keywords.test.Database_Keywords.getPavementMiles is PASSED

2023-03-09 11:41:47 - [TEST_STEP][PASSED] - verifyMatch(pciMiles, totalMilesPCI, false): Actual text '2317' and expected text '2317' are matched 

2023-03-09 11:41:47 - [MESSAGE][PASSED] - Actual text '2317' and expected text '2317' are matched 

2023-03-09 11:41:47 - [TEST_STEP][PASSED] - backlogPCI = getText(findTestObject("Object Repository/Page_Streetlogix/p_Total Backlog  1,189,007,890")): Text of object 'Object Repository/Page_Streetlogix/p_Total Backlog  1,189,007,890' is: 'Total Backlog: $3,125,234,580'

2023-03-09 11:41:47 - [MESSAGE][PASSED] - Text of object 'Object Repository/Page_Streetlogix/p_Total Backlog  1,189,007,890' is: 'Total Backlog: $3,125,234,580'

2023-03-09 11:41:47 - [TEST_STEP][PASSED] - pciBacklog = backlogPCI.replaceAll("[^0-9]", ""): null

2023-03-09 11:41:47 - [TEST_STEP][PASSED] - totalBacklogPCI = database_keywords.test.Database_Keywords.getPavementBacklog(): database_keywords.test.Database_Keywords.getPavementBacklog is PASSED

2023-03-09 11:41:50 - [MESSAGE][PASSED] - database_keywords.test.Database_Keywords.getPavementBacklog is PASSED

2023-03-09 11:41:50 - [TEST_STEP][FAILED] - verifyMatch(pciBacklog, totalBacklogPCI, false): Unable to verify match between actual text '3125234580' and expected text '-1169732716' (Root cause: com.kms.katalon.core.exception.StepFailedException: Actual text '3125234580' and expected text '-1169732716' are not matched
	at com.kms.katalon.core.keyword.builtin.VerifyMatchKeyword$_verifyMatch_closure1.doCall(VerifyMatchKeyword.groovy:57)
	at com.kms.katalon.core.keyword.builtin.VerifyMatchKeyword$_verifyMatch_closure1.call(VerifyMatchKeyword.groovy)
	at com.kms.katalon.core.keyword.internal.KeywordMain.runKeyword(KeywordMain.groovy:74)
	at com.kms.katalon.core.keyword.builtin.VerifyMatchKeyword.verifyMatch(VerifyMatchKeyword.groovy:60)
	at com.kms.katalon.core.keyword.builtin.VerifyMatchKeyword.execute(VerifyMatchKeyword.groovy:45)
	at com.kms.katalon.core.keyword.internal.KeywordExecutor.executeKeywordForPlatform(KeywordExecutor.groovy:74)
	at com.kms.katalon.core.keyword.BuiltinKeywords.verifyMatch(BuiltinKeywords.groovy:73)
	at Statistics on GIS layer.run(Statistics on GIS layer:53)
	at com.kms.katalon.core.main.ScriptEngine.run(ScriptEngine.java:194)
	at com.kms.katalon.core.main.ScriptEngine.runScriptAsRawText(ScriptEngine.java:119)
	at com.kms.katalon.core.main.TestCaseExecutor.runScript(TestCaseExecutor.java:448)
	at com.kms.katalon.core.main.TestCaseExecutor.doExecute(TestCaseExecutor.java:439)
	at com.kms.katalon.core.main.TestCaseExecutor.processExecutionPhase(TestCaseExecutor.java:418)
	at com.kms.katalon.core.main.TestCaseExecutor.accessMainPhase(TestCaseExecutor.java:410)
	at com.kms.katalon.core.main.TestCaseExecutor.execute(TestCaseExecutor.java:285)
	at com.kms.katalon.core.common.CommonExecutor.accessTestCaseMainPhase(CommonExecutor.java:65)
	at com.kms.katalon.core.main.TestSuiteExecutor.accessTestSuiteMainPhase(TestSuiteExecutor.java:151)
	at com.kms.katalon.core.main.TestSuiteExecutor.execute(TestSuiteExecutor.java:106)
	at com.kms.katalon.core.main.TestCaseMain.startTestSuite(TestCaseMain.java:185)
	at com.kms.katalon.core.main.TestCaseMain$startTestSuite$0.call(Unknown Source)
	at TempTestSuite1678344058063.run(TempTestSuite1678344058063.groovy:36)
)

2023-03-09 11:41:50 - [MESSAGE][FAILED] - Unable to verify match between actual text '3125234580' and expected text '-1169732716' (Root cause: com.kms.katalon.core.exception.StepFailedException: Actual text '3125234580' and expected text '-1169732716' are not matched
	at com.kms.katalon.core.keyword.builtin.VerifyMatchKeyword$_verifyMatch_closure1.doCall(VerifyMatchKeyword.groovy:57)
	at com.kms.katalon.core.keyword.builtin.VerifyMatchKeyword$_verifyMatch_closure1.call(VerifyMatchKeyword.groovy)
	at com.kms.katalon.core.keyword.internal.KeywordMain.runKeyword(KeywordMain.groovy:74)
	at com.kms.katalon.core.keyword.builtin.VerifyMatchKeyword.verifyMatch(VerifyMatchKeyword.groovy:60)
	at com.kms.katalon.core.keyword.builtin.VerifyMatchKeyword.execute(VerifyMatchKeyword.groovy:45)
	at com.kms.katalon.core.keyword.internal.KeywordExecutor.executeKeywordForPlatform(KeywordExecutor.groovy:74)
	at com.kms.katalon.core.keyword.BuiltinKeywords.verifyMatch(BuiltinKeywords.groovy:73)
	at Statistics on GIS layer.run(Statistics on GIS layer:53)
	at com.kms.katalon.core.main.ScriptEngine.run(ScriptEngine.java:194)
	at com.kms.katalon.core.main.ScriptEngine.runScriptAsRawText(ScriptEngine.java:119)
	at com.kms.katalon.core.main.TestCaseExecutor.runScript(TestCaseExecutor.java:448)
	at com.kms.katalon.core.main.TestCaseExecutor.doExecute(TestCaseExecutor.java:439)
	at com.kms.katalon.core.main.TestCaseExecutor.processExecutionPhase(TestCaseExecutor.java:418)
	at com.kms.katalon.core.main.TestCaseExecutor.accessMainPhase(TestCaseExecutor.java:410)
	at com.kms.katalon.core.main.TestCaseExecutor.execute(TestCaseExecutor.java:285)
	at com.kms.katalon.core.common.CommonExecutor.accessTestCaseMainPhase(CommonExecutor.java:65)
	at com.kms.katalon.core.main.TestSuiteExecutor.accessTestSuiteMainPhase(TestSuiteExecutor.java:151)
	at com.kms.katalon.core.main.TestSuiteExecutor.execute(TestSuiteExecutor.java:106)
	at com.kms.katalon.core.main.TestCaseMain.startTestSuite(TestCaseMain.java:185)
	at com.kms.katalon.core.main.TestCaseMain$startTestSuite$0.call(Unknown Source)
	at TempTestSuite1678344058063.run(TempTestSuite1678344058063.groovy:36)
)

2023-03-09 11:41:50 - [TEST_STEP][PASSED] - click(findTestObject("Object Repository/Page_Streetlogix/circle")): Object: 'Object Repository/Page_Streetlogix/circle' is clicked on

2023-03-09 11:41:51 - [MESSAGE][PASSED] - Object: 'Object Repository/Page_Streetlogix/circle' is clicked on

2023-03-09 11:41:51 - [TEST_STEP][PASSED] - delay(5): Delayed 5 second(s)

2023-03-09 11:41:56 - [MESSAGE][PASSED] - Delayed 5 second(s)

2023-03-09 11:41:56 - [TEST_STEP][PASSED] - sci = getText(findTestObject("Object Repository/Page_Streetlogix/h6_Sidewalk Average Condition 54")): Text of object 'Object Repository/Page_Streetlogix/h6_Sidewalk Average Condition 54' is: 'Sidewalk Average Condition SCI: 54'

2023-03-09 11:41:56 - [MESSAGE][PASSED] - Text of object 'Object Repository/Page_Streetlogix/h6_Sidewalk Average Condition 54' is: 'Sidewalk Average Condition SCI: 54'

2023-03-09 11:41:56 - [TEST_STEP][PASSED] - sciAvg = sci.replaceAll("[^0-9]", ""): null

2023-03-09 11:41:56 - [TEST_STEP][PASSED] - avgSCI = database_keywords.test.Database_Keywords.getAverageSCI(): database_keywords.test.Database_Keywords.getAverageSCI is PASSED

2023-03-09 11:42:42 - [MESSAGE][PASSED] - database_keywords.test.Database_Keywords.getAverageSCI is PASSED

2023-03-09 11:42:42 - [TEST_STEP][PASSED] - verifyMatch(sciAvg, avgSCI, false): Actual text '54' and expected text '54' are matched 

2023-03-09 11:42:42 - [MESSAGE][PASSED] - Actual text '54' and expected text '54' are matched 

2023-03-09 11:42:42 - [TEST_STEP][PASSED] - milesSCI = getText(findTestObject("Object Repository/Page_Streetlogix/p_Total Length 1,868 miles")): Text of object 'Object Repository/Page_Streetlogix/p_Total Length 1,868 miles' is: 'Total Length: 1,868 miles'

2023-03-09 11:42:42 - [MESSAGE][PASSED] - Text of object 'Object Repository/Page_Streetlogix/p_Total Length 1,868 miles' is: 'Total Length: 1,868 miles'

2023-03-09 11:42:42 - [TEST_STEP][PASSED] - sciMiles = milesSCI.replaceAll("[^0-9]", ""): null

2023-03-09 11:42:42 - [TEST_STEP][PASSED] - totalMilesSCI = database_keywords.test.Database_Keywords.getSidewalkMiles(): database_keywords.test.Database_Keywords.getSidewalkMiles is PASSED

2023-03-09 11:42:45 - [MESSAGE][PASSED] - database_keywords.test.Database_Keywords.getSidewalkMiles is PASSED

2023-03-09 11:42:45 - [TEST_STEP][PASSED] - verifyMatch(sciMiles, totalMilesSCI, false): Actual text '1868' and expected text '1868' are matched 

2023-03-09 11:42:45 - [MESSAGE][PASSED] - Actual text '1868' and expected text '1868' are matched 

2023-03-09 11:42:45 - [TEST_STEP][PASSED] - backlogSCI = getText(findTestObject("Object Repository/Page_Streetlogix/p_Total Backlog  222,017,072")): Text of object 'Object Repository/Page_Streetlogix/p_Total Backlog  222,017,072' is: 'Total Backlog: $119,855'

2023-03-09 11:42:46 - [MESSAGE][PASSED] - Text of object 'Object Repository/Page_Streetlogix/p_Total Backlog  222,017,072' is: 'Total Backlog: $119,855'

2023-03-09 11:42:46 - [TEST_STEP][PASSED] - sciBacklog = backlogSCI.replaceAll("[^0-9]", ""): null

2023-03-09 11:42:46 - [TEST_STEP][PASSED] - totalBacklogSCI = database_keywords.test.Database_Keywords.getSidewalkBacklog(): database_keywords.test.Database_Keywords.getSidewalkBacklog is PASSED

2023-03-09 11:42:49 - [MESSAGE][PASSED] - database_keywords.test.Database_Keywords.getSidewalkBacklog is PASSED

2023-03-09 11:42:49 - [TEST_STEP][PASSED] - verifyMatch(sciBacklog, totalBacklogSCI, false): Actual text '119855' and expected text '119855' are matched 

2023-03-09 11:42:49 - [MESSAGE][PASSED] - Actual text '119855' and expected text '119855' are matched 

2023-03-09 11:42:49 - [TEST_STEP][PASSED] - closeBrowser(): Browser is closed

2023-03-09 11:42:49 - [MESSAGE][PASSED] - Browser is closed]]></system-out>
         <system-err><![CDATA[2023-03-09 11:41:01 - [TEST_CASE][FAILED] - Test Cases/GiS/Layers/Statistics on GIS layer: Test Cases/GiS/Layers/Statistics on GIS layer FAILED.
Reason:
com.kms.katalon.core.exception.StepFailedException: Unable to verify match between actual text '3125234580' and expected text '-1169732716' (Root cause: com.kms.katalon.core.exception.StepFailedException: Actual text '3125234580' and expected text '-1169732716' are not matched
	at com.kms.katalon.core.keyword.builtin.VerifyMatchKeyword$_verifyMatch_closure1.doCall(VerifyMatchKeyword.groovy:57)
	at com.kms.katalon.core.keyword.builtin.VerifyMatchKeyword$_verifyMatch_closure1.call(VerifyMatchKeyword.groovy)
	at com.kms.katalon.core.keyword.internal.KeywordMain.runKeyword(KeywordMain.groovy:74)
	at com.kms.katalon.core.keyword.builtin.VerifyMatchKeyword.verifyMatch(VerifyMatchKeyword.groovy:60)
	at com.kms.katalon.core.keyword.builtin.VerifyMatchKeyword.execute(VerifyMatchKeyword.groovy:45)
	at com.kms.katalon.core.keyword.internal.KeywordExecutor.executeKeywordForPlatform(KeywordExecutor.groovy:74)
	at com.kms.katalon.core.keyword.BuiltinKeywords.verifyMatch(BuiltinKeywords.groovy:73)
	at Statistics on GIS layer.run(Statistics on GIS layer:53)
	at com.kms.katalon.core.main.ScriptEngine.run(ScriptEngine.java:194)
	at com.kms.katalon.core.main.ScriptEngine.runScriptAsRawText(ScriptEngine.java:119)
	at com.kms.katalon.core.main.TestCaseExecutor.runScript(TestCaseExecutor.java:448)
	at com.kms.katalon.core.main.TestCaseExecutor.doExecute(TestCaseExecutor.java:439)
	at com.kms.katalon.core.main.TestCaseExecutor.processExecutionPhase(TestCaseExecutor.java:418)
	at com.kms.katalon.core.main.TestCaseExecutor.accessMainPhase(TestCaseExecutor.java:410)
	at com.kms.katalon.core.main.TestCaseExecutor.execute(TestCaseExecutor.java:285)
	at com.kms.katalon.core.common.CommonExecutor.accessTestCaseMainPhase(CommonExecutor.java:65)
	at com.kms.katalon.core.main.TestSuiteExecutor.accessTestSuiteMainPhase(TestSuiteExecutor.java:151)
	at com.kms.katalon.core.main.TestSuiteExecutor.execute(TestSuiteExecutor.java:106)
	at com.kms.katalon.core.main.TestCaseMain.startTestSuite(TestCaseMain.java:185)
	at com.kms.katalon.core.main.TestCaseMain$startTestSuite$0.call(Unknown Source)
	at TempTestSuite1678344058063.run(TempTestSuite1678344058063.groovy:36)
)
	at com.kms.katalon.core.keyword.internal.KeywordMain.stepFailed(KeywordMain.groovy:39)
	at com.kms.katalon.core.keyword.internal.KeywordMain.stepFailed(KeywordMain.groovy)
	at com.kms.katalon.core.keyword.internal.KeywordMain.runKeyword(KeywordMain.groovy:76)
	at com.kms.katalon.core.keyword.builtin.VerifyMatchKeyword.verifyMatch(VerifyMatchKeyword.groovy:60)
	at com.kms.katalon.core.keyword.builtin.VerifyMatchKeyword.execute(VerifyMatchKeyword.groovy:45)
	at com.kms.katalon.core.keyword.internal.KeywordExecutor.executeKeywordForPlatform(KeywordExecutor.groovy:74)
	at com.kms.katalon.core.keyword.BuiltinKeywords.verifyMatch(BuiltinKeywords.groovy:73)
	at Statistics on GIS layer.run(Statistics on GIS layer:53)
	at com.kms.katalon.core.main.ScriptEngine.run(ScriptEngine.java:194)
	at com.kms.katalon.core.main.ScriptEngine.runScriptAsRawText(ScriptEngine.java:119)
	at com.kms.katalon.core.main.TestCaseExecutor.runScript(TestCaseExecutor.java:448)
	at com.kms.katalon.core.main.TestCaseExecutor.doExecute(TestCaseExecutor.java:439)
	at com.kms.katalon.core.main.TestCaseExecutor.processExecutionPhase(TestCaseExecutor.java:418)
	at com.kms.katalon.core.main.TestCaseExecutor.accessMainPhase(TestCaseExecutor.java:410)
	at com.kms.katalon.core.main.TestCaseExecutor.execute(TestCaseExecutor.java:285)
	at com.kms.katalon.core.common.CommonExecutor.accessTestCaseMainPhase(CommonExecutor.java:65)
	at com.kms.katalon.core.main.TestSuiteExecutor.accessTestSuiteMainPhase(TestSuiteExecutor.java:151)
	at com.kms.katalon.core.main.TestSuiteExecutor.execute(TestSuiteExecutor.java:106)
	at com.kms.katalon.core.main.TestCaseMain.startTestSuite(TestCaseMain.java:185)
	at com.kms.katalon.core.main.TestCaseMain$startTestSuite$0.call(Unknown Source)
	at TempTestSuite1678344058063.run(TempTestSuite1678344058063.groovy:36)
Caused by: com.kms.katalon.core.exception.StepFailedException: Actual text '3125234580' and expected text '-1169732716' are not matched
	at com.kms.katalon.core.keyword.builtin.VerifyMatchKeyword$_verifyMatch_closure1.doCall(VerifyMatchKeyword.groovy:57)
	at com.kms.katalon.core.keyword.builtin.VerifyMatchKeyword$_verifyMatch_closure1.call(VerifyMatchKeyword.groovy)
	at com.kms.katalon.core.keyword.internal.KeywordMain.runKeyword(KeywordMain.groovy:74)
	... 18 more]]></system-err>
      </testcase>
      <testcase name="Test Cases/GiS/EBP_Inflation/EBP_Inflation" time="107.318" classname="Test Cases/GiS/EBP_Inflation/EBP_Inflation" status="PASSED">
         <system-out><![CDATA[2023-03-09 11:42:49 - [TEST_CASE][PASSED] - Test Cases/GiS/EBP_Inflation/EBP_Inflation: Test Cases/GiS/EBP_Inflation/EBP_Inflation

2023-03-09 11:42:49 - [TEST_STEP][PASSED] - gis_url.test.URL.redirectURL(): gis_url.test.URL.redirectURL is PASSED

2023-03-09 11:42:49 - [MESSAGE][INFO] - Starting 'Chrome' driver

2023-03-09 11:42:49 - [MESSAGE][INFO] - Action delay is set to 0 milliseconds

2023-03-09 11:42:52 - [MESSAGE][PASSED] - Browser is opened with url: 'https://streetlogix-gis-slx4-develop.vercel.app/?config=64077fc938af4bcc9a46a81d8f4e5576&token=eyJhbGciOiJIUzI1NiIsInR5cCI6IkpXVCJ9.eyJpZCI6OTc2LCJuYW1lIjoiU29oYWliIE5laGFsIiwiZXhwIjoxNjgwNjgwOTg3LCJpYXQiOjE2NzgwODg5ODd9.hALLa1SO64ZYI--CeYjMno4uFOCwR9lK0Lzo7eCUaPk'

2023-03-09 11:42:52 - [MESSAGE][PASSED] - gis_url.test.URL.redirectURL is PASSED

2023-03-09 11:42:52 - [TEST_STEP][PASSED] - click(findTestObject("Object Repository/EBP_Object/Page_Streetlogix/Menubar-icon")): Object: 'Object Repository/EBP_Object/Page_Streetlogix/Menubar-icon' is clicked on

2023-03-09 11:42:58 - [MESSAGE][PASSED] - Object: 'Object Repository/EBP_Object/Page_Streetlogix/Menubar-icon' is clicked on

2023-03-09 11:42:58 - [TEST_STEP][PASSED] - click(findTestObject("Object Repository/EBP_Object/Page_Streetlogix/Budgeting-icon")): Object: 'Object Repository/EBP_Object/Page_Streetlogix/Budgeting-icon' is clicked on

2023-03-09 11:43:01 - [MESSAGE][PASSED] - Object: 'Object Repository/EBP_Object/Page_Streetlogix/Budgeting-icon' is clicked on

2023-03-09 11:43:01 - [TEST_STEP][PASSED] - click(findTestObject("Object Repository/EBP_Object/Page_Streetlogix/EBP_Pavemnet dropdown")): Object: 'Object Repository/EBP_Object/Page_Streetlogix/EBP_Pavemnet dropdown' is clicked on

2023-03-09 11:43:04 - [MESSAGE][PASSED] - Object: 'Object Repository/EBP_Object/Page_Streetlogix/EBP_Pavemnet dropdown' is clicked on

2023-03-09 11:43:04 - [TEST_STEP][PASSED] - click(findTestObject("Object Repository/EBP_Object/Page_Streetlogix/li_Pavement Maintenance")): Object: 'Object Repository/EBP_Object/Page_Streetlogix/li_Pavement Maintenance' is clicked on

2023-03-09 11:43:06 - [MESSAGE][PASSED] - Object: 'Object Repository/EBP_Object/Page_Streetlogix/li_Pavement Maintenance' is clicked on

2023-03-09 11:43:06 - [TEST_STEP][PASSED] - sendKeys(findTestObject("Object Repository/EBP_Object/Page_Streetlogix/input_Scenario Name_scenarioName"), Keys.chord(COMMAND, "a")): Keys 'COMMAND + a' sent to object: 'Object Repository/EBP_Object/Page_Streetlogix/input_Scenario Name_scenarioName'

2023-03-09 11:43:07 - [MESSAGE][PASSED] - Keys 'COMMAND + a' sent to object: 'Object Repository/EBP_Object/Page_Streetlogix/input_Scenario Name_scenarioName'

2023-03-09 11:43:07 - [TEST_STEP][PASSED] - sendKeys(findTestObject("Object Repository/EBP_Object/Page_Streetlogix/input_Scenario Name_scenarioName"), Keys.chord(DELETE)): Keys 'DELETE + ' sent to object: 'Object Repository/EBP_Object/Page_Streetlogix/input_Scenario Name_scenarioName'

2023-03-09 11:43:07 - [MESSAGE][PASSED] - Keys 'DELETE + ' sent to object: 'Object Repository/EBP_Object/Page_Streetlogix/input_Scenario Name_scenarioName'

2023-03-09 11:43:07 - [TEST_STEP][PASSED] - setText(findTestObject("Object Repository/EBP_Object/Page_Streetlogix/input_Scenario Name_scenarioName"), "EBP_Inflation 7.5"): Text 'EBP_Inflation 7.5' is set on object 'Object Repository/EBP_Object/Page_Streetlogix/input_Scenario Name_scenarioName'

2023-03-09 11:43:08 - [MESSAGE][PASSED] - Text 'EBP_Inflation 7.5' is set on object 'Object Repository/EBP_Object/Page_Streetlogix/input_Scenario Name_scenarioName'

2023-03-09 11:43:08 - [TEST_STEP][PASSED] - sendKeys(findTestObject("Object Repository/EBP_Object/Page_Streetlogix/input_Annual Budget_budgets"), Keys.chord(COMMAND, "a")): Keys 'COMMAND + a' sent to object: 'Object Repository/EBP_Object/Page_Streetlogix/input_Annual Budget_budgets'

2023-03-09 11:43:08 - [MESSAGE][PASSED] - Keys 'COMMAND + a' sent to object: 'Object Repository/EBP_Object/Page_Streetlogix/input_Annual Budget_budgets'

2023-03-09 11:43:08 - [TEST_STEP][PASSED] - sendKeys(findTestObject("Object Repository/EBP_Object/Page_Streetlogix/input_Annual Budget_budgets"), Keys.chord(DELETE)): Keys 'DELETE + ' sent to object: 'Object Repository/EBP_Object/Page_Streetlogix/input_Annual Budget_budgets'

2023-03-09 11:43:09 - [MESSAGE][PASSED] - Keys 'DELETE + ' sent to object: 'Object Repository/EBP_Object/Page_Streetlogix/input_Annual Budget_budgets'

2023-03-09 11:43:09 - [TEST_STEP][PASSED] - setText(findTestObject("Object Repository/EBP_Object/Page_Streetlogix/input_Annual Budget_budgets"), "100,000"): Text '100,000' is set on object 'Object Repository/EBP_Object/Page_Streetlogix/input_Annual Budget_budgets'

2023-03-09 11:43:10 - [MESSAGE][PASSED] - Text '100,000' is set on object 'Object Repository/EBP_Object/Page_Streetlogix/input_Annual Budget_budgets'

2023-03-09 11:43:10 - [TEST_STEP][PASSED] - sendKeys(findTestObject("Object Repository/EBP_Object/Page_Streetlogix/input_Program duration_programDuration"), Keys.chord(COMMAND, "a")): Keys 'COMMAND + a' sent to object: 'Object Repository/EBP_Object/Page_Streetlogix/input_Program duration_programDuration'

2023-03-09 11:43:10 - [MESSAGE][PASSED] - Keys 'COMMAND + a' sent to object: 'Object Repository/EBP_Object/Page_Streetlogix/input_Program duration_programDuration'

2023-03-09 11:43:10 - [TEST_STEP][PASSED] - sendKeys(findTestObject("Object Repository/EBP_Object/Page_Streetlogix/input_Program duration_programDuration"), Keys.chord(DELETE)): Keys 'DELETE + ' sent to object: 'Object Repository/EBP_Object/Page_Streetlogix/input_Program duration_programDuration'

2023-03-09 11:43:11 - [MESSAGE][PASSED] - Keys 'DELETE + ' sent to object: 'Object Repository/EBP_Object/Page_Streetlogix/input_Program duration_programDuration'

2023-03-09 11:43:11 - [TEST_STEP][PASSED] - setText(findTestObject("Object Repository/EBP_Object/Page_Streetlogix/input_Program duration_programDuration"), "5"): Text '5' is set on object 'Object Repository/EBP_Object/Page_Streetlogix/input_Program duration_programDuration'

2023-03-09 11:43:11 - [MESSAGE][PASSED] - Text '5' is set on object 'Object Repository/EBP_Object/Page_Streetlogix/input_Program duration_programDuration'

2023-03-09 11:43:11 - [TEST_STEP][PASSED] - sendKeys(findTestObject("Object Repository/EBP_Object/Page_Streetlogix/input_Annual Inflation_annualInflation"), Keys.chord(COMMAND, "a")): Keys 'COMMAND + a' sent to object: 'Object Repository/EBP_Object/Page_Streetlogix/input_Annual Inflation_annualInflation'

2023-03-09 11:43:12 - [MESSAGE][PASSED] - Keys 'COMMAND + a' sent to object: 'Object Repository/EBP_Object/Page_Streetlogix/input_Annual Inflation_annualInflation'

2023-03-09 11:43:12 - [TEST_STEP][PASSED] - sendKeys(findTestObject("Object Repository/EBP_Object/Page_Streetlogix/input_Annual Inflation_annualInflation"), Keys.chord(DELETE)): Keys 'DELETE + ' sent to object: 'Object Repository/EBP_Object/Page_Streetlogix/input_Annual Inflation_annualInflation'

2023-03-09 11:43:12 - [MESSAGE][PASSED] - Keys 'DELETE + ' sent to object: 'Object Repository/EBP_Object/Page_Streetlogix/input_Annual Inflation_annualInflation'

2023-03-09 11:43:12 - [TEST_STEP][PASSED] - setText(findTestObject("Object Repository/EBP_Object/Page_Streetlogix/input_Annual Inflation_annualInflation"), "7.5"): Text '7.5' is set on object 'Object Repository/EBP_Object/Page_Streetlogix/input_Annual Inflation_annualInflation'

2023-03-09 11:43:13 - [MESSAGE][PASSED] - Text '7.5' is set on object 'Object Repository/EBP_Object/Page_Streetlogix/input_Annual Inflation_annualInflation'

2023-03-09 11:43:13 - [TEST_STEP][PASSED] - click(findTestObject("Object Repository/EBP_Object/Page_Streetlogix/Apply_Button")): Object: 'Object Repository/EBP_Object/Page_Streetlogix/Apply_Button' is clicked on

2023-03-09 11:43:13 - [MESSAGE][PASSED] - Object: 'Object Repository/EBP_Object/Page_Streetlogix/Apply_Button' is clicked on

2023-03-09 11:43:13 - [TEST_STEP][PASSED] - delay(50): Delayed 50 second(s)

2023-03-09 11:44:03 - [MESSAGE][PASSED] - Delayed 50 second(s)

2023-03-09 11:44:03 - [TEST_STEP][PASSED] - click(findTestObject("Object Repository/EBP_Object/Page_Streetlogix/span_Load")): Object: 'Object Repository/EBP_Object/Page_Streetlogix/span_Load' is clicked on

2023-03-09 11:44:04 - [MESSAGE][PASSED] - Object: 'Object Repository/EBP_Object/Page_Streetlogix/span_Load' is clicked on

2023-03-09 11:44:04 - [TEST_STEP][PASSED] - click(findTestObject("Object Repository/EBP_Object/Page_Streetlogix/EBP_Inflation_7.5")): Object: 'Object Repository/EBP_Object/Page_Streetlogix/EBP_Inflation_7.5' is clicked on

2023-03-09 11:44:06 - [MESSAGE][PASSED] - Object: 'Object Repository/EBP_Object/Page_Streetlogix/EBP_Inflation_7.5' is clicked on

2023-03-09 11:44:06 - [TEST_STEP][PASSED] - click(findTestObject("Object Repository/EBP_Object/Page_Streetlogix/EBP_Inflation_7.5")): Object: 'Object Repository/EBP_Object/Page_Streetlogix/EBP_Inflation_7.5' is clicked on

2023-03-09 11:44:09 - [MESSAGE][PASSED] - Object: 'Object Repository/EBP_Object/Page_Streetlogix/EBP_Inflation_7.5' is clicked on

2023-03-09 11:44:09 - [TEST_STEP][PASSED] - click(findTestObject("Object Repository/EBP_Object/Page_Streetlogix/h6_5 Year(s)")): Object: 'Object Repository/EBP_Object/Page_Streetlogix/h6_5 Year(s)' is clicked on

2023-03-09 11:44:09 - [MESSAGE][PASSED] - Object: 'Object Repository/EBP_Object/Page_Streetlogix/h6_5 Year(s)' is clicked on

2023-03-09 11:44:09 - [TEST_STEP][PASSED] - click(findTestObject("Object Repository/EBP_Object/Page_Streetlogix/h6_500,000")): Object: 'Object Repository/EBP_Object/Page_Streetlogix/h6_500,000' is clicked on

2023-03-09 11:44:10 - [MESSAGE][PASSED] - Object: 'Object Repository/EBP_Object/Page_Streetlogix/h6_500,000' is clicked on

2023-03-09 11:44:10 - [TEST_STEP][PASSED] - click(findTestObject("Object Repository/EBP_Object/Page_Streetlogix/h6_7.5")): Object: 'Object Repository/EBP_Object/Page_Streetlogix/h6_7.5' is clicked on

2023-03-09 11:44:10 - [MESSAGE][PASSED] - Object: 'Object Repository/EBP_Object/Page_Streetlogix/h6_7.5' is clicked on

2023-03-09 11:44:10 - [TEST_STEP][PASSED] - click(findTestObject("Object Repository/EBP_Object/Page_Streetlogix/h6_pci  0")): Object: 'Object Repository/EBP_Object/Page_Streetlogix/h6_pci  0' is clicked on

2023-03-09 11:44:10 - [MESSAGE][PASSED] - Object: 'Object Repository/EBP_Object/Page_Streetlogix/h6_pci  0' is clicked on

2023-03-09 11:44:10 - [TEST_STEP][PASSED] - click(findTestObject("Object Repository/EBP_Object/Page_Streetlogix/Sidewalk_DT")): Object: 'Object Repository/EBP_Object/Page_Streetlogix/Sidewalk_DT' is clicked on

2023-03-09 11:44:11 - [MESSAGE][PASSED] - Object: 'Object Repository/EBP_Object/Page_Streetlogix/Sidewalk_DT' is clicked on

2023-03-09 11:44:11 - [TEST_STEP][PASSED] - click(findTestObject("Object Repository/EBP_Object/Page_Streetlogix/Total_Repairs")): Object: 'Object Repository/EBP_Object/Page_Streetlogix/Total_Repairs' is clicked on

2023-03-09 11:44:12 - [MESSAGE][PASSED] - Object: 'Object Repository/EBP_Object/Page_Streetlogix/Total_Repairs' is clicked on

2023-03-09 11:44:12 - [TEST_STEP][PASSED] - click(findTestObject("Object Repository/EBP_Object/Page_Streetlogix/Asset_name")): Object: 'Object Repository/EBP_Object/Page_Streetlogix/Asset_name' is clicked on

2023-03-09 11:44:12 - [MESSAGE][PASSED] - Object: 'Object Repository/EBP_Object/Page_Streetlogix/Asset_name' is clicked on

2023-03-09 11:44:12 - [TEST_STEP][PASSED] - click(findTestObject("Object Repository/EBP_Object/Page_Streetlogix/Budget_Criteria_Summary")): Object: 'Object Repository/EBP_Object/Page_Streetlogix/Budget_Criteria_Summary' is clicked on

2023-03-09 11:44:13 - [MESSAGE][PASSED] - Object: 'Object Repository/EBP_Object/Page_Streetlogix/Budget_Criteria_Summary' is clicked on

2023-03-09 11:44:13 - [TEST_STEP][PASSED] - click(findTestObject("EBP_Object/Page_Streetlogix/View_Graph_dropdown")): Object: 'Object Repository/EBP_Object/Page_Streetlogix/View_Graph_dropdown' is clicked on

2023-03-09 11:44:13 - [MESSAGE][PASSED] - Object: 'Object Repository/EBP_Object/Page_Streetlogix/View_Graph_dropdown' is clicked on

2023-03-09 11:44:13 - [TEST_STEP][PASSED] - click(findTestObject("Object Repository/EBP_Object/Page_Streetlogix/li_Table")): Object: 'Object Repository/EBP_Object/Page_Streetlogix/li_Table' is clicked on

2023-03-09 11:44:14 - [MESSAGE][PASSED] - Object: 'Object Repository/EBP_Object/Page_Streetlogix/li_Table' is clicked on

2023-03-09 11:44:14 - [TEST_STEP][PASSED] - delay(10): Delayed 10 second(s)

2023-03-09 11:44:24 - [MESSAGE][PASSED] - Delayed 10 second(s)

2023-03-09 11:44:24 - [TEST_STEP][PASSED] - year1 = getText(findTestObject("Object Repository/EBP_Object/Page_Streetlogix/5_year_budget_year1_total_budget")): Text of object 'Object Repository/EBP_Object/Page_Streetlogix/5_year_budget_year1_total_budget' is: '99,632'

2023-03-09 11:44:24 - [MESSAGE][PASSED] - Text of object 'Object Repository/EBP_Object/Page_Streetlogix/5_year_budget_year1_total_budget' is: '99,632'

2023-03-09 11:44:24 - [TEST_STEP][PASSED] - yr1 = year1.replaceAll(",", ""): null

2023-03-09 11:44:24 - [TEST_STEP][PASSED] - y1 = yr1.toInteger(): null

2023-03-09 11:44:24 - [TEST_STEP][PASSED] - verifyGreaterThan(y1, 98000): Actual number '99,632' is greater than expected number '98,000'

2023-03-09 11:44:24 - [MESSAGE][PASSED] - Actual number '99,632' is greater than expected number '98,000'

2023-03-09 11:44:24 - [TEST_STEP][PASSED] - year2 = getText(findTestObject("Object Repository/EBP_Object/Page_Streetlogix/5_year_budget_year2_total_budget")): Text of object 'Object Repository/EBP_Object/Page_Streetlogix/5_year_budget_year2_total_budget' is: '99,027'

2023-03-09 11:44:25 - [MESSAGE][PASSED] - Text of object 'Object Repository/EBP_Object/Page_Streetlogix/5_year_budget_year2_total_budget' is: '99,027'

2023-03-09 11:44:25 - [TEST_STEP][PASSED] - yr2 = year2.replaceAll(",", ""): null

2023-03-09 11:44:25 - [TEST_STEP][PASSED] - y2 = yr2.toInteger(): null

2023-03-09 11:44:25 - [TEST_STEP][PASSED] - verifyGreaterThan(y2.toInteger(), 98000): Actual number '99,027' is greater than expected number '98,000'

2023-03-09 11:44:25 - [MESSAGE][PASSED] - Actual number '99,027' is greater than expected number '98,000'

2023-03-09 11:44:25 - [TEST_STEP][PASSED] - year3 = getText(findTestObject("Object Repository/EBP_Object/Page_Streetlogix/5_year_budget_year3_total_budget")): Text of object 'Object Repository/EBP_Object/Page_Streetlogix/5_year_budget_year3_total_budget' is: '99,773'

2023-03-09 11:44:25 - [MESSAGE][PASSED] - Text of object 'Object Repository/EBP_Object/Page_Streetlogix/5_year_budget_year3_total_budget' is: '99,773'

2023-03-09 11:44:25 - [TEST_STEP][PASSED] - yr3 = year3.replaceAll(",", ""): null

2023-03-09 11:44:25 - [TEST_STEP][PASSED] - y3 = yr3.toInteger(): null

2023-03-09 11:44:25 - [TEST_STEP][PASSED] - verifyGreaterThan(y3.toInteger(), 98000): Actual number '99,773' is greater than expected number '98,000'

2023-03-09 11:44:25 - [MESSAGE][PASSED] - Actual number '99,773' is greater than expected number '98,000'

2023-03-09 11:44:25 - [TEST_STEP][PASSED] - year4 = getText(findTestObject("Object Repository/EBP_Object/Page_Streetlogix/5_year_budget_year4_total_budget")): Text of object 'Object Repository/EBP_Object/Page_Streetlogix/5_year_budget_year4_total_budget' is: '99,682'

2023-03-09 11:44:25 - [MESSAGE][PASSED] - Text of object 'Object Repository/EBP_Object/Page_Streetlogix/5_year_budget_year4_total_budget' is: '99,682'

2023-03-09 11:44:25 - [TEST_STEP][PASSED] - yr4 = year4.replaceAll(",", ""): null

2023-03-09 11:44:25 - [TEST_STEP][PASSED] - y4 = yr4.toInteger(): null

2023-03-09 11:44:25 - [TEST_STEP][PASSED] - verifyGreaterThan(y4.toInteger(), 98000): Actual number '99,682' is greater than expected number '98,000'

2023-03-09 11:44:25 - [MESSAGE][PASSED] - Actual number '99,682' is greater than expected number '98,000'

2023-03-09 11:44:25 - [TEST_STEP][PASSED] - year5 = getText(findTestObject("Object Repository/EBP_Object/Page_Streetlogix/5_year_budget_year5_total_budget")): Text of object 'Object Repository/EBP_Object/Page_Streetlogix/5_year_budget_year5_total_budget' is: '99,882'

2023-03-09 11:44:26 - [MESSAGE][PASSED] - Text of object 'Object Repository/EBP_Object/Page_Streetlogix/5_year_budget_year5_total_budget' is: '99,882'

2023-03-09 11:44:26 - [TEST_STEP][PASSED] - yr5 = year5.replaceAll(",", ""): null

2023-03-09 11:44:26 - [TEST_STEP][PASSED] - y5 = yr5.toInteger(): null

2023-03-09 11:44:26 - [TEST_STEP][PASSED] - verifyGreaterThan(y5.toInteger(), 98000): Actual number '99,882' is greater than expected number '98,000'

2023-03-09 11:44:26 - [MESSAGE][PASSED] - Actual number '99,882' is greater than expected number '98,000'

2023-03-09 11:44:26 - [TEST_STEP][PASSED] - Totalyears = y1 + y2 + y3 + y4 + y5: null

2023-03-09 11:44:26 - [TEST_STEP][PASSED] - verifyLessThanOrEqual(Totalyears, 500000): Actual number '497,996' is less than or equal to expected number '500,000'

2023-03-09 11:44:26 - [MESSAGE][PASSED] - Actual number '497,996' is less than or equal to expected number '500,000'

2023-03-09 11:44:26 - [TEST_STEP][PASSED] - verifyGreaterThan(Totalyears, 495000): Actual number '497,996' is greater than expected number '495,000'

2023-03-09 11:44:26 - [MESSAGE][PASSED] - Actual number '497,996' is greater than expected number '495,000'

2023-03-09 11:44:26 - [TEST_STEP][PASSED] - click(findTestObject("EBP_Object/Page_Streetlogix/Close_button")): Object: 'Object Repository/EBP_Object/Page_Streetlogix/Close_button' is clicked on

2023-03-09 11:44:26 - [MESSAGE][PASSED] - Object: 'Object Repository/EBP_Object/Page_Streetlogix/Close_button' is clicked on

2023-03-09 11:44:26 - [TEST_STEP][PASSED] - click(findTestObject("EBP_Object/Page_Streetlogix/span_Load")): Object: 'Object Repository/EBP_Object/Page_Streetlogix/span_Load' is clicked on

2023-03-09 11:44:27 - [MESSAGE][PASSED] - Object: 'Object Repository/EBP_Object/Page_Streetlogix/span_Load' is clicked on

2023-03-09 11:44:27 - [TEST_STEP][PASSED] - click(findTestObject("EBP_Object/Page_Streetlogix/Delete_Scenario_1")): Object: 'Object Repository/EBP_Object/Page_Streetlogix/Delete_Scenario_1' is clicked on

2023-03-09 11:44:29 - [MESSAGE][PASSED] - Object: 'Object Repository/EBP_Object/Page_Streetlogix/Delete_Scenario_1' is clicked on

2023-03-09 11:44:29 - [TEST_STEP][PASSED] - click(findTestObject("EBP_Object/Page_Streetlogix/span_Yes")): Object: 'Object Repository/EBP_Object/Page_Streetlogix/span_Yes' is clicked on

2023-03-09 11:44:29 - [MESSAGE][PASSED] - Object: 'Object Repository/EBP_Object/Page_Streetlogix/span_Yes' is clicked on

2023-03-09 11:44:29 - [TEST_STEP][PASSED] - delay(3): Delayed 3 second(s)

2023-03-09 11:44:32 - [MESSAGE][PASSED] - Delayed 3 second(s)

2023-03-09 11:44:32 - [TEST_STEP][PASSED] - database_keywords.test.Database_Keywords.deletebudgets(): database_keywords.test.Database_Keywords.deletebudgets is PASSED

2023-03-09 11:44:36 - [MESSAGE][PASSED] - database_keywords.test.Database_Keywords.deletebudgets is PASSED

2023-03-09 11:44:36 - [TEST_STEP][PASSED] - closeBrowser(): Browser is closed

2023-03-09 11:44:36 - [MESSAGE][PASSED] - Browser is closed]]></system-out>
         <system-err><![CDATA[]]></system-err>
      </testcase>
      <testcase name="Test Cases/GiS/EBP_Inflation/EBP_Inflation_default_inflation" time="102.69" classname="Test Cases/GiS/EBP_Inflation/EBP_Inflation_default_inflation" status="PASSED">
         <system-out><![CDATA[2023-03-09 11:44:36 - [TEST_CASE][PASSED] - Test Cases/GiS/EBP_Inflation/EBP_Inflation_default_inflation: Test Cases/GiS/EBP_Inflation/EBP_Inflation_default_inflation

2023-03-09 11:44:37 - [TEST_STEP][PASSED] - gis_url.test.URL.redirectURL(): gis_url.test.URL.redirectURL is PASSED

2023-03-09 11:44:37 - [MESSAGE][INFO] - Starting 'Chrome' driver

2023-03-09 11:44:37 - [MESSAGE][INFO] - Action delay is set to 0 milliseconds

2023-03-09 11:44:40 - [MESSAGE][PASSED] - Browser is opened with url: 'https://streetlogix-gis-slx4-develop.vercel.app/?config=64077fc938af4bcc9a46a81d8f4e5576&token=eyJhbGciOiJIUzI1NiIsInR5cCI6IkpXVCJ9.eyJpZCI6OTc2LCJuYW1lIjoiU29oYWliIE5laGFsIiwiZXhwIjoxNjgwNjgwOTg3LCJpYXQiOjE2NzgwODg5ODd9.hALLa1SO64ZYI--CeYjMno4uFOCwR9lK0Lzo7eCUaPk'

2023-03-09 11:44:40 - [MESSAGE][PASSED] - gis_url.test.URL.redirectURL is PASSED

2023-03-09 11:44:40 - [TEST_STEP][PASSED] - click(findTestObject("Object Repository/EBP_Object/Page_Streetlogix/Menubar-icon")): Object: 'Object Repository/EBP_Object/Page_Streetlogix/Menubar-icon' is clicked on

2023-03-09 11:44:45 - [MESSAGE][PASSED] - Object: 'Object Repository/EBP_Object/Page_Streetlogix/Menubar-icon' is clicked on

2023-03-09 11:44:45 - [TEST_STEP][PASSED] - click(findTestObject("Object Repository/EBP_Object/Page_Streetlogix/Budgeting-icon")): Object: 'Object Repository/EBP_Object/Page_Streetlogix/Budgeting-icon' is clicked on

2023-03-09 11:44:48 - [MESSAGE][PASSED] - Object: 'Object Repository/EBP_Object/Page_Streetlogix/Budgeting-icon' is clicked on

2023-03-09 11:44:48 - [TEST_STEP][PASSED] - click(findTestObject("Object Repository/EBP_Object/Page_Streetlogix/EBP_Pavemnet dropdown")): Object: 'Object Repository/EBP_Object/Page_Streetlogix/EBP_Pavemnet dropdown' is clicked on

2023-03-09 11:44:49 - [MESSAGE][PASSED] - Object: 'Object Repository/EBP_Object/Page_Streetlogix/EBP_Pavemnet dropdown' is clicked on

2023-03-09 11:44:49 - [TEST_STEP][PASSED] - click(findTestObject("Object Repository/EBP_Object/Page_Streetlogix/li_Pavement Maintenance")): Object: 'Object Repository/EBP_Object/Page_Streetlogix/li_Pavement Maintenance' is clicked on

2023-03-09 11:44:51 - [MESSAGE][PASSED] - Object: 'Object Repository/EBP_Object/Page_Streetlogix/li_Pavement Maintenance' is clicked on

2023-03-09 11:44:51 - [TEST_STEP][PASSED] - sendKeys(findTestObject("Object Repository/EBP_Object/Page_Streetlogix/input_Scenario Name_scenarioName"), Keys.chord(COMMAND, "a")): Keys 'COMMAND + a' sent to object: 'Object Repository/EBP_Object/Page_Streetlogix/input_Scenario Name_scenarioName'

2023-03-09 11:44:52 - [MESSAGE][PASSED] - Keys 'COMMAND + a' sent to object: 'Object Repository/EBP_Object/Page_Streetlogix/input_Scenario Name_scenarioName'

2023-03-09 11:44:52 - [TEST_STEP][PASSED] - sendKeys(findTestObject("Object Repository/EBP_Object/Page_Streetlogix/input_Scenario Name_scenarioName"), Keys.chord(DELETE)): Keys 'DELETE + ' sent to object: 'Object Repository/EBP_Object/Page_Streetlogix/input_Scenario Name_scenarioName'

2023-03-09 11:44:53 - [MESSAGE][PASSED] - Keys 'DELETE + ' sent to object: 'Object Repository/EBP_Object/Page_Streetlogix/input_Scenario Name_scenarioName'

2023-03-09 11:44:53 - [TEST_STEP][PASSED] - setText(findTestObject("Object Repository/EBP_Object/Page_Streetlogix/input_Scenario Name_scenarioName"), "EBP_Inflation 2"): Text 'EBP_Inflation 2' is set on object 'Object Repository/EBP_Object/Page_Streetlogix/input_Scenario Name_scenarioName'

2023-03-09 11:44:54 - [MESSAGE][PASSED] - Text 'EBP_Inflation 2' is set on object 'Object Repository/EBP_Object/Page_Streetlogix/input_Scenario Name_scenarioName'

2023-03-09 11:44:54 - [TEST_STEP][PASSED] - sendKeys(findTestObject("Object Repository/EBP_Object/Page_Streetlogix/input_Annual Budget_budgets"), Keys.chord(COMMAND, "a")): Keys 'COMMAND + a' sent to object: 'Object Repository/EBP_Object/Page_Streetlogix/input_Annual Budget_budgets'

2023-03-09 11:44:54 - [MESSAGE][PASSED] - Keys 'COMMAND + a' sent to object: 'Object Repository/EBP_Object/Page_Streetlogix/input_Annual Budget_budgets'

2023-03-09 11:44:54 - [TEST_STEP][PASSED] - sendKeys(findTestObject("Object Repository/EBP_Object/Page_Streetlogix/input_Annual Budget_budgets"), Keys.chord(DELETE)): Keys 'DELETE + ' sent to object: 'Object Repository/EBP_Object/Page_Streetlogix/input_Annual Budget_budgets'

2023-03-09 11:44:55 - [MESSAGE][PASSED] - Keys 'DELETE + ' sent to object: 'Object Repository/EBP_Object/Page_Streetlogix/input_Annual Budget_budgets'

2023-03-09 11:44:55 - [TEST_STEP][PASSED] - setText(findTestObject("Object Repository/EBP_Object/Page_Streetlogix/input_Annual Budget_budgets"), "100,000"): Text '100,000' is set on object 'Object Repository/EBP_Object/Page_Streetlogix/input_Annual Budget_budgets'

2023-03-09 11:44:56 - [MESSAGE][PASSED] - Text '100,000' is set on object 'Object Repository/EBP_Object/Page_Streetlogix/input_Annual Budget_budgets'

2023-03-09 11:44:56 - [TEST_STEP][PASSED] - sendKeys(findTestObject("Object Repository/EBP_Object/Page_Streetlogix/input_Program duration_programDuration"), Keys.chord(COMMAND, "a")): Keys 'COMMAND + a' sent to object: 'Object Repository/EBP_Object/Page_Streetlogix/input_Program duration_programDuration'

2023-03-09 11:44:56 - [MESSAGE][PASSED] - Keys 'COMMAND + a' sent to object: 'Object Repository/EBP_Object/Page_Streetlogix/input_Program duration_programDuration'

2023-03-09 11:44:56 - [TEST_STEP][PASSED] - sendKeys(findTestObject("Object Repository/EBP_Object/Page_Streetlogix/input_Program duration_programDuration"), Keys.chord(DELETE)): Keys 'DELETE + ' sent to object: 'Object Repository/EBP_Object/Page_Streetlogix/input_Program duration_programDuration'

2023-03-09 11:44:56 - [MESSAGE][PASSED] - Keys 'DELETE + ' sent to object: 'Object Repository/EBP_Object/Page_Streetlogix/input_Program duration_programDuration'

2023-03-09 11:44:56 - [TEST_STEP][PASSED] - setText(findTestObject("Object Repository/EBP_Object/Page_Streetlogix/input_Program duration_programDuration"), "5"): Text '5' is set on object 'Object Repository/EBP_Object/Page_Streetlogix/input_Program duration_programDuration'

2023-03-09 11:44:57 - [MESSAGE][PASSED] - Text '5' is set on object 'Object Repository/EBP_Object/Page_Streetlogix/input_Program duration_programDuration'

2023-03-09 11:44:57 - [TEST_STEP][PASSED] - click(findTestObject("Object Repository/EBP_Object/Page_Streetlogix/Apply_Button")): Object: 'Object Repository/EBP_Object/Page_Streetlogix/Apply_Button' is clicked on

2023-03-09 11:44:58 - [MESSAGE][PASSED] - Object: 'Object Repository/EBP_Object/Page_Streetlogix/Apply_Button' is clicked on

2023-03-09 11:44:58 - [TEST_STEP][PASSED] - delay(50): Delayed 50 second(s)

2023-03-09 11:45:48 - [MESSAGE][PASSED] - Delayed 50 second(s)

2023-03-09 11:45:48 - [TEST_STEP][PASSED] - click(findTestObject("Object Repository/EBP_Object/Page_Streetlogix/span_Load")): Object: 'Object Repository/EBP_Object/Page_Streetlogix/span_Load' is clicked on

2023-03-09 11:45:48 - [MESSAGE][PASSED] - Object: 'Object Repository/EBP_Object/Page_Streetlogix/span_Load' is clicked on

2023-03-09 11:45:48 - [TEST_STEP][PASSED] - click(findTestObject("EBP_Object/Page_Streetlogix/EBP_Inflation_2")): Object: 'Object Repository/EBP_Object/Page_Streetlogix/EBP_Inflation_2' is clicked on

2023-03-09 11:45:50 - [MESSAGE][PASSED] - Object: 'Object Repository/EBP_Object/Page_Streetlogix/EBP_Inflation_2' is clicked on

2023-03-09 11:45:50 - [TEST_STEP][PASSED] - click(findTestObject("EBP_Object/Page_Streetlogix/EBP_Inflation_2")): Object: 'Object Repository/EBP_Object/Page_Streetlogix/EBP_Inflation_2' is clicked on

2023-03-09 11:45:52 - [MESSAGE][PASSED] - Object: 'Object Repository/EBP_Object/Page_Streetlogix/EBP_Inflation_2' is clicked on

2023-03-09 11:45:52 - [TEST_STEP][PASSED] - click(findTestObject("Object Repository/EBP_Object/Page_Streetlogix/h6_5 Year(s)")): Object: 'Object Repository/EBP_Object/Page_Streetlogix/h6_5 Year(s)' is clicked on

2023-03-09 11:45:52 - [MESSAGE][PASSED] - Object: 'Object Repository/EBP_Object/Page_Streetlogix/h6_5 Year(s)' is clicked on

2023-03-09 11:45:52 - [TEST_STEP][PASSED] - click(findTestObject("Object Repository/EBP_Object/Page_Streetlogix/h6_500,000")): Object: 'Object Repository/EBP_Object/Page_Streetlogix/h6_500,000' is clicked on

2023-03-09 11:45:52 - [MESSAGE][PASSED] - Object: 'Object Repository/EBP_Object/Page_Streetlogix/h6_500,000' is clicked on

2023-03-09 11:45:52 - [TEST_STEP][PASSED] - click(findTestObject("EBP_Object/Page_Streetlogix/Inflation_default")): Object: 'Object Repository/EBP_Object/Page_Streetlogix/Inflation_default' is clicked on

2023-03-09 11:45:53 - [MESSAGE][PASSED] - Object: 'Object Repository/EBP_Object/Page_Streetlogix/Inflation_default' is clicked on

2023-03-09 11:45:53 - [TEST_STEP][PASSED] - click(findTestObject("Object Repository/EBP_Object/Page_Streetlogix/h6_pci  0")): Object: 'Object Repository/EBP_Object/Page_Streetlogix/h6_pci  0' is clicked on

2023-03-09 11:45:53 - [MESSAGE][PASSED] - Object: 'Object Repository/EBP_Object/Page_Streetlogix/h6_pci  0' is clicked on

2023-03-09 11:45:53 - [TEST_STEP][PASSED] - click(findTestObject("Object Repository/EBP_Object/Page_Streetlogix/Sidewalk_DT")): Object: 'Object Repository/EBP_Object/Page_Streetlogix/Sidewalk_DT' is clicked on

2023-03-09 11:45:54 - [MESSAGE][PASSED] - Object: 'Object Repository/EBP_Object/Page_Streetlogix/Sidewalk_DT' is clicked on

2023-03-09 11:45:54 - [TEST_STEP][PASSED] - TRC = getText(findTestObject("Object Repository/EBP_Object/Page_Streetlogix/Total_Repairs")): Text of object 'Object Repository/EBP_Object/Page_Streetlogix/Total_Repairs' is: '24'

2023-03-09 11:45:55 - [MESSAGE][PASSED] - Text of object 'Object Repository/EBP_Object/Page_Streetlogix/Total_Repairs' is: '24'

2023-03-09 11:45:55 - [TEST_STEP][PASSED] - total_repair = TRC.toInteger(): null

2023-03-09 11:45:55 - [TEST_STEP][PASSED] - verifyGreaterThan(total_repair, 20): Actual number '24' is greater than expected number '20'

2023-03-09 11:45:55 - [MESSAGE][PASSED] - Actual number '24' is greater than expected number '20'

2023-03-09 11:45:55 - [TEST_STEP][PASSED] - verifyLessThanOrEqual(total_repair, 30): Actual number '24' is less than or equal to expected number '30'

2023-03-09 11:45:55 - [MESSAGE][PASSED] - Actual number '24' is less than or equal to expected number '30'

2023-03-09 11:45:55 - [TEST_STEP][PASSED] - click(findTestObject("Object Repository/EBP_Object/Page_Streetlogix/Asset_name")): Object: 'Object Repository/EBP_Object/Page_Streetlogix/Asset_name' is clicked on

2023-03-09 11:45:55 - [MESSAGE][PASSED] - Object: 'Object Repository/EBP_Object/Page_Streetlogix/Asset_name' is clicked on

2023-03-09 11:45:55 - [TEST_STEP][PASSED] - click(findTestObject("Object Repository/EBP_Object/Page_Streetlogix/Budget_Criteria_Summary")): Object: 'Object Repository/EBP_Object/Page_Streetlogix/Budget_Criteria_Summary' is clicked on

2023-03-09 11:45:56 - [MESSAGE][PASSED] - Object: 'Object Repository/EBP_Object/Page_Streetlogix/Budget_Criteria_Summary' is clicked on

2023-03-09 11:45:56 - [TEST_STEP][PASSED] - click(findTestObject("EBP_Object/Page_Streetlogix/View_Graph_dropdown")): Object: 'Object Repository/EBP_Object/Page_Streetlogix/View_Graph_dropdown' is clicked on

2023-03-09 11:45:56 - [MESSAGE][PASSED] - Object: 'Object Repository/EBP_Object/Page_Streetlogix/View_Graph_dropdown' is clicked on

2023-03-09 11:45:56 - [TEST_STEP][PASSED] - click(findTestObject("Object Repository/EBP_Object/Page_Streetlogix/li_Table")): Object: 'Object Repository/EBP_Object/Page_Streetlogix/li_Table' is clicked on

2023-03-09 11:45:57 - [MESSAGE][PASSED] - Object: 'Object Repository/EBP_Object/Page_Streetlogix/li_Table' is clicked on

2023-03-09 11:45:57 - [TEST_STEP][PASSED] - delay(10): Delayed 10 second(s)

2023-03-09 11:46:07 - [MESSAGE][PASSED] - Delayed 10 second(s)

2023-03-09 11:46:07 - [TEST_STEP][PASSED] - year1 = getText(findTestObject("Object Repository/EBP_Object/Page_Streetlogix/5_year_budget_year1_total_budget")): Text of object 'Object Repository/EBP_Object/Page_Streetlogix/5_year_budget_year1_total_budget' is: '99,940'

2023-03-09 11:46:07 - [MESSAGE][PASSED] - Text of object 'Object Repository/EBP_Object/Page_Streetlogix/5_year_budget_year1_total_budget' is: '99,940'

2023-03-09 11:46:07 - [TEST_STEP][PASSED] - yr1 = year1.replaceAll(",", ""): null

2023-03-09 11:46:07 - [TEST_STEP][PASSED] - y1 = yr1.toInteger(): null

2023-03-09 11:46:07 - [TEST_STEP][PASSED] - verifyGreaterThan(y1, 98000): Actual number '99,940' is greater than expected number '98,000'

2023-03-09 11:46:07 - [MESSAGE][PASSED] - Actual number '99,940' is greater than expected number '98,000'

2023-03-09 11:46:07 - [TEST_STEP][PASSED] - year2 = getText(findTestObject("Object Repository/EBP_Object/Page_Streetlogix/5_year_budget_year2_total_budget")): Text of object 'Object Repository/EBP_Object/Page_Streetlogix/5_year_budget_year2_total_budget' is: '99,950'

2023-03-09 11:46:07 - [MESSAGE][PASSED] - Text of object 'Object Repository/EBP_Object/Page_Streetlogix/5_year_budget_year2_total_budget' is: '99,950'

2023-03-09 11:46:07 - [TEST_STEP][PASSED] - yr2 = year2.replaceAll(",", ""): null

2023-03-09 11:46:07 - [TEST_STEP][PASSED] - y2 = yr2.toInteger(): null

2023-03-09 11:46:07 - [TEST_STEP][PASSED] - verifyGreaterThan(y2.toInteger(), 98000): Actual number '99,950' is greater than expected number '98,000'

2023-03-09 11:46:07 - [MESSAGE][PASSED] - Actual number '99,950' is greater than expected number '98,000'

2023-03-09 11:46:07 - [TEST_STEP][PASSED] - year3 = getText(findTestObject("Object Repository/EBP_Object/Page_Streetlogix/5_year_budget_year3_total_budget")): Text of object 'Object Repository/EBP_Object/Page_Streetlogix/5_year_budget_year3_total_budget' is: '98,948'

2023-03-09 11:46:08 - [MESSAGE][PASSED] - Text of object 'Object Repository/EBP_Object/Page_Streetlogix/5_year_budget_year3_total_budget' is: '98,948'

2023-03-09 11:46:08 - [TEST_STEP][PASSED] - yr3 = year3.replaceAll(",", ""): null

2023-03-09 11:46:08 - [TEST_STEP][PASSED] - y3 = yr3.toInteger(): null

2023-03-09 11:46:08 - [TEST_STEP][PASSED] - verifyGreaterThan(y3.toInteger(), 98000): Actual number '98,948' is greater than expected number '98,000'

2023-03-09 11:46:08 - [MESSAGE][PASSED] - Actual number '98,948' is greater than expected number '98,000'

2023-03-09 11:46:08 - [TEST_STEP][PASSED] - year4 = getText(findTestObject("Object Repository/EBP_Object/Page_Streetlogix/5_year_budget_year4_total_budget")): Text of object 'Object Repository/EBP_Object/Page_Streetlogix/5_year_budget_year4_total_budget' is: '99,591'

2023-03-09 11:46:08 - [MESSAGE][PASSED] - Text of object 'Object Repository/EBP_Object/Page_Streetlogix/5_year_budget_year4_total_budget' is: '99,591'

2023-03-09 11:46:08 - [TEST_STEP][PASSED] - yr4 = year4.replaceAll(",", ""): null

2023-03-09 11:46:08 - [TEST_STEP][PASSED] - y4 = yr4.toInteger(): null

2023-03-09 11:46:08 - [TEST_STEP][PASSED] - verifyGreaterThan(y4.toInteger(), 98000): Actual number '99,591' is greater than expected number '98,000'

2023-03-09 11:46:08 - [MESSAGE][PASSED] - Actual number '99,591' is greater than expected number '98,000'

2023-03-09 11:46:08 - [TEST_STEP][PASSED] - year5 = getText(findTestObject("Object Repository/EBP_Object/Page_Streetlogix/5_year_budget_year5_total_budget")): Text of object 'Object Repository/EBP_Object/Page_Streetlogix/5_year_budget_year5_total_budget' is: '99,691'

2023-03-09 11:46:09 - [MESSAGE][PASSED] - Text of object 'Object Repository/EBP_Object/Page_Streetlogix/5_year_budget_year5_total_budget' is: '99,691'

2023-03-09 11:46:09 - [TEST_STEP][PASSED] - yr5 = year5.replaceAll(",", ""): null

2023-03-09 11:46:09 - [TEST_STEP][PASSED] - y5 = yr5.toInteger(): null

2023-03-09 11:46:09 - [TEST_STEP][PASSED] - verifyGreaterThan(y5.toInteger(), 98000): Actual number '99,691' is greater than expected number '98,000'

2023-03-09 11:46:09 - [MESSAGE][PASSED] - Actual number '99,691' is greater than expected number '98,000'

2023-03-09 11:46:09 - [TEST_STEP][PASSED] - Totalyears = y1 + y2 + y3 + y4 + y5: null

2023-03-09 11:46:09 - [TEST_STEP][PASSED] - verifyLessThanOrEqual(Totalyears, 500000): Actual number '498,120' is less than or equal to expected number '500,000'

2023-03-09 11:46:09 - [MESSAGE][PASSED] - Actual number '498,120' is less than or equal to expected number '500,000'

2023-03-09 11:46:09 - [TEST_STEP][PASSED] - verifyGreaterThan(Totalyears, 495000): Actual number '498,120' is greater than expected number '495,000'

2023-03-09 11:46:09 - [MESSAGE][PASSED] - Actual number '498,120' is greater than expected number '495,000'

2023-03-09 11:46:09 - [TEST_STEP][PASSED] - click(findTestObject("EBP_Object/Page_Streetlogix/Close_button")): Object: 'Object Repository/EBP_Object/Page_Streetlogix/Close_button' is clicked on

2023-03-09 11:46:09 - [MESSAGE][PASSED] - Object: 'Object Repository/EBP_Object/Page_Streetlogix/Close_button' is clicked on

2023-03-09 11:46:09 - [TEST_STEP][PASSED] - click(findTestObject("EBP_Object/Page_Streetlogix/span_Load")): Object: 'Object Repository/EBP_Object/Page_Streetlogix/span_Load' is clicked on

2023-03-09 11:46:10 - [MESSAGE][PASSED] - Object: 'Object Repository/EBP_Object/Page_Streetlogix/span_Load' is clicked on

2023-03-09 11:46:10 - [TEST_STEP][PASSED] - click(findTestObject("EBP_Object/Page_Streetlogix/Delete_Scenario_1")): Object: 'Object Repository/EBP_Object/Page_Streetlogix/Delete_Scenario_1' is clicked on

2023-03-09 11:46:12 - [MESSAGE][PASSED] - Object: 'Object Repository/EBP_Object/Page_Streetlogix/Delete_Scenario_1' is clicked on

2023-03-09 11:46:12 - [TEST_STEP][PASSED] - click(findTestObject("EBP_Object/Page_Streetlogix/span_Yes")): Object: 'Object Repository/EBP_Object/Page_Streetlogix/span_Yes' is clicked on

2023-03-09 11:46:12 - [MESSAGE][PASSED] - Object: 'Object Repository/EBP_Object/Page_Streetlogix/span_Yes' is clicked on

2023-03-09 11:46:12 - [TEST_STEP][PASSED] - delay(3): Delayed 3 second(s)

2023-03-09 11:46:15 - [MESSAGE][PASSED] - Delayed 3 second(s)

2023-03-09 11:46:15 - [TEST_STEP][PASSED] - database_keywords.test.Database_Keywords.deletebudgets(): database_keywords.test.Database_Keywords.deletebudgets is PASSED

2023-03-09 11:46:19 - [MESSAGE][PASSED] - database_keywords.test.Database_Keywords.deletebudgets is PASSED

2023-03-09 11:46:19 - [TEST_STEP][PASSED] - closeBrowser(): Browser is closed

2023-03-09 11:46:19 - [MESSAGE][PASSED] - Browser is closed]]></system-out>
         <system-err><![CDATA[]]></system-err>
      </testcase>
      <testcase name="Test Cases/GiS/Compare Scenarios/CS_Single_Budget - Sidewalk" time="189.857" classname="Test Cases/GiS/Compare Scenarios/CS_Single_Budget - Sidewalk" status="PASSED">
         <system-out><![CDATA[2023-03-09 11:46:19 - [TEST_CASE][PASSED] - Test Cases/GiS/Compare Scenarios/CS_Single_Budget - Sidewalk: Test Cases/GiS/Compare Scenarios/CS_Single_Budget - Sidewalk

2023-03-09 11:46:19 - [TEST_STEP][PASSED] - gis_url.test.URL.redirectURL(): gis_url.test.URL.redirectURL is PASSED

2023-03-09 11:46:19 - [MESSAGE][INFO] - Starting 'Chrome' driver

2023-03-09 11:46:19 - [MESSAGE][INFO] - Action delay is set to 0 milliseconds

2023-03-09 11:46:22 - [MESSAGE][PASSED] - Browser is opened with url: 'https://streetlogix-gis-slx4-develop.vercel.app/?config=64077fc938af4bcc9a46a81d8f4e5576&token=eyJhbGciOiJIUzI1NiIsInR5cCI6IkpXVCJ9.eyJpZCI6OTc2LCJuYW1lIjoiU29oYWliIE5laGFsIiwiZXhwIjoxNjgwNjgwOTg3LCJpYXQiOjE2NzgwODg5ODd9.hALLa1SO64ZYI--CeYjMno4uFOCwR9lK0Lzo7eCUaPk'

2023-03-09 11:46:22 - [MESSAGE][PASSED] - gis_url.test.URL.redirectURL is PASSED

2023-03-09 11:46:22 - [TEST_STEP][PASSED] - delay(15): Delayed 15 second(s)

2023-03-09 11:46:37 - [MESSAGE][PASSED] - Delayed 15 second(s)

2023-03-09 11:46:37 - [TEST_STEP][PASSED] - click(findTestObject("Object Repository/Compare Scenarios/Menubar-icon")): Object: 'Object Repository/Compare Scenarios/Menubar-icon' is clicked on

2023-03-09 11:46:38 - [MESSAGE][PASSED] - Object: 'Object Repository/Compare Scenarios/Menubar-icon' is clicked on

2023-03-09 11:46:38 - [TEST_STEP][PASSED] - click(findTestObject("Object Repository/Compare Scenarios/img_Compare_Scenario_rail-icon")): Object: 'Object Repository/Compare Scenarios/img_Compare_Scenario_rail-icon' is clicked on

2023-03-09 11:46:38 - [MESSAGE][PASSED] - Object: 'Object Repository/Compare Scenarios/img_Compare_Scenario_rail-icon' is clicked on

2023-03-09 11:46:38 - [TEST_STEP][PASSED] - click(findTestObject("Compare Scenarios/div_Pavement Maintenance")): Object: 'Object Repository/Compare Scenarios/div_Pavement Maintenance' is clicked on

2023-03-09 11:46:40 - [MESSAGE][PASSED] - Object: 'Object Repository/Compare Scenarios/div_Pavement Maintenance' is clicked on

2023-03-09 11:46:40 - [TEST_STEP][PASSED] - click(findTestObject("Compare Scenarios/li_Sidewalk Maintenance")): Object: 'Object Repository/Compare Scenarios/li_Sidewalk Maintenance' is clicked on

2023-03-09 11:46:41 - [MESSAGE][PASSED] - Object: 'Object Repository/Compare Scenarios/li_Sidewalk Maintenance' is clicked on

2023-03-09 11:46:41 - [TEST_STEP][PASSED] - sendKeys(findTestObject("Compare Scenarios/input_Program duration_duration"), Keys.chord(COMMAND, "a")): Keys 'COMMAND + a' sent to object: 'Object Repository/Compare Scenarios/input_Program duration_duration'

2023-03-09 11:46:42 - [MESSAGE][PASSED] - Keys 'COMMAND + a' sent to object: 'Object Repository/Compare Scenarios/input_Program duration_duration'

2023-03-09 11:46:42 - [TEST_STEP][PASSED] - sendKeys(findTestObject("Compare Scenarios/input_Program duration_duration"), Keys.chord(DELETE)): Keys 'DELETE + ' sent to object: 'Object Repository/Compare Scenarios/input_Program duration_duration'

2023-03-09 11:46:43 - [MESSAGE][PASSED] - Keys 'DELETE + ' sent to object: 'Object Repository/Compare Scenarios/input_Program duration_duration'

2023-03-09 11:46:43 - [TEST_STEP][PASSED] - setText(findTestObject("Compare Scenarios/input_Program duration_duration"), "3"): Text '3' is set on object 'Object Repository/Compare Scenarios/input_Program duration_duration'

2023-03-09 11:46:44 - [MESSAGE][PASSED] - Text '3' is set on object 'Object Repository/Compare Scenarios/input_Program duration_duration'

2023-03-09 11:46:44 - [TEST_STEP][PASSED] - sendKeys(findTestObject("Object Repository/Compare Scenarios/input_Scenario Name_scenario_name"), Keys.chord(COMMAND, "a")): Keys 'COMMAND + a' sent to object: 'Object Repository/Compare Scenarios/input_Scenario Name_scenario_name'

2023-03-09 11:46:44 - [MESSAGE][PASSED] - Keys 'COMMAND + a' sent to object: 'Object Repository/Compare Scenarios/input_Scenario Name_scenario_name'

2023-03-09 11:46:44 - [TEST_STEP][PASSED] - sendKeys(findTestObject("Object Repository/Compare Scenarios/input_Scenario Name_scenario_name"), Keys.chord(DELETE)): Keys 'DELETE + ' sent to object: 'Object Repository/Compare Scenarios/input_Scenario Name_scenario_name'

2023-03-09 11:46:44 - [MESSAGE][PASSED] - Keys 'DELETE + ' sent to object: 'Object Repository/Compare Scenarios/input_Scenario Name_scenario_name'

2023-03-09 11:46:44 - [TEST_STEP][PASSED] - setText(findTestObject("Object Repository/Compare Scenarios/input_Scenario Name_scenario_name"), "Compare Scenario 1"): Text 'Compare Scenario 1' is set on object 'Object Repository/Compare Scenarios/input_Scenario Name_scenario_name'

2023-03-09 11:46:45 - [MESSAGE][PASSED] - Text 'Compare Scenario 1' is set on object 'Object Repository/Compare Scenarios/input_Scenario Name_scenario_name'

2023-03-09 11:46:45 - [TEST_STEP][PASSED] - setText(findTestObject("Object Repository/Compare Scenarios/input_Annual Budget_budget"), "30,000"): Text '30,000' is set on object 'Object Repository/Compare Scenarios/input_Annual Budget_budget'

2023-03-09 11:46:46 - [MESSAGE][PASSED] - Text '30,000' is set on object 'Object Repository/Compare Scenarios/input_Annual Budget_budget'

2023-03-09 11:46:46 - [TEST_STEP][PASSED] - sendKeys(findTestObject("Object Repository/Compare Scenarios/Input_Inflation"), Keys.chord(COMMAND, "a")): Keys 'COMMAND + a' sent to object: 'Object Repository/Compare Scenarios/Input_Inflation'

2023-03-09 11:46:47 - [MESSAGE][PASSED] - Keys 'COMMAND + a' sent to object: 'Object Repository/Compare Scenarios/Input_Inflation'

2023-03-09 11:46:47 - [TEST_STEP][PASSED] - sendKeys(findTestObject("Object Repository/Compare Scenarios/Input_Inflation"), Keys.chord(DELETE)): Keys 'DELETE + ' sent to object: 'Object Repository/Compare Scenarios/Input_Inflation'

2023-03-09 11:46:47 - [MESSAGE][PASSED] - Keys 'DELETE + ' sent to object: 'Object Repository/Compare Scenarios/Input_Inflation'

2023-03-09 11:46:47 - [TEST_STEP][PASSED] - setText(findTestObject("Object Repository/Compare Scenarios/Input_Inflation"), "5"): Text '5' is set on object 'Object Repository/Compare Scenarios/Input_Inflation'

2023-03-09 11:46:48 - [MESSAGE][PASSED] - Text '5' is set on object 'Object Repository/Compare Scenarios/Input_Inflation'

2023-03-09 11:46:48 - [TEST_STEP][PASSED] - click(findTestObject("Object Repository/Compare Scenarios/div_Select layerPavement MaintenanceFilter _a98a8c")): Object: 'Object Repository/Compare Scenarios/div_Select layerPavement MaintenanceFilter _a98a8c' is clicked on

2023-03-09 11:46:48 - [MESSAGE][PASSED] - Object: 'Object Repository/Compare Scenarios/div_Select layerPavement MaintenanceFilter _a98a8c' is clicked on

2023-03-09 11:46:48 - [TEST_STEP][PASSED] - click(findTestObject("Object Repository/Compare Scenarios/Apply_button")): Object: 'Object Repository/Compare Scenarios/Apply_button' is clicked on

2023-03-09 11:46:49 - [MESSAGE][PASSED] - Object: 'Object Repository/Compare Scenarios/Apply_button' is clicked on

2023-03-09 11:46:49 - [TEST_STEP][PASSED] - sendKeys(findTestObject("Compare Scenarios/input_Program duration_duration"), Keys.chord(COMMAND, "a")): Keys 'COMMAND + a' sent to object: 'Object Repository/Compare Scenarios/input_Program duration_duration'

2023-03-09 11:46:50 - [MESSAGE][PASSED] - Keys 'COMMAND + a' sent to object: 'Object Repository/Compare Scenarios/input_Program duration_duration'

2023-03-09 11:46:50 - [TEST_STEP][PASSED] - sendKeys(findTestObject("Compare Scenarios/input_Program duration_duration"), Keys.chord(DELETE)): Keys 'DELETE + ' sent to object: 'Object Repository/Compare Scenarios/input_Program duration_duration'

2023-03-09 11:46:51 - [MESSAGE][PASSED] - Keys 'DELETE + ' sent to object: 'Object Repository/Compare Scenarios/input_Program duration_duration'

2023-03-09 11:46:51 - [TEST_STEP][PASSED] - setText(findTestObject("Compare Scenarios/input_Program duration_duration"), "3"): Text '3' is set on object 'Object Repository/Compare Scenarios/input_Program duration_duration'

2023-03-09 11:46:52 - [MESSAGE][PASSED] - Text '3' is set on object 'Object Repository/Compare Scenarios/input_Program duration_duration'

2023-03-09 11:46:52 - [TEST_STEP][PASSED] - sendKeys(findTestObject("Object Repository/Compare Scenarios/input_Scenario Name_scenario_name"), Keys.chord(COMMAND, "a")): Keys 'COMMAND + a' sent to object: 'Object Repository/Compare Scenarios/input_Scenario Name_scenario_name'

2023-03-09 11:46:52 - [MESSAGE][PASSED] - Keys 'COMMAND + a' sent to object: 'Object Repository/Compare Scenarios/input_Scenario Name_scenario_name'

2023-03-09 11:46:52 - [TEST_STEP][PASSED] - sendKeys(findTestObject("Object Repository/Compare Scenarios/input_Scenario Name_scenario_name"), Keys.chord(DELETE)): Keys 'DELETE + ' sent to object: 'Object Repository/Compare Scenarios/input_Scenario Name_scenario_name'

2023-03-09 11:46:52 - [MESSAGE][PASSED] - Keys 'DELETE + ' sent to object: 'Object Repository/Compare Scenarios/input_Scenario Name_scenario_name'

2023-03-09 11:46:52 - [TEST_STEP][PASSED] - setText(findTestObject("Object Repository/Compare Scenarios/input_Scenario Name_scenario_name"), "Compare Scenario 2"): Text 'Compare Scenario 2' is set on object 'Object Repository/Compare Scenarios/input_Scenario Name_scenario_name'

2023-03-09 11:46:53 - [MESSAGE][PASSED] - Text 'Compare Scenario 2' is set on object 'Object Repository/Compare Scenarios/input_Scenario Name_scenario_name'

2023-03-09 11:46:53 - [TEST_STEP][PASSED] - setText(findTestObject("Object Repository/Compare Scenarios/input_Annual Budget_budget"), "10,000"): Text '10,000' is set on object 'Object Repository/Compare Scenarios/input_Annual Budget_budget'

2023-03-09 11:46:54 - [MESSAGE][PASSED] - Text '10,000' is set on object 'Object Repository/Compare Scenarios/input_Annual Budget_budget'

2023-03-09 11:46:54 - [TEST_STEP][PASSED] - sendKeys(findTestObject("Object Repository/Compare Scenarios/Input_Inflation"), Keys.chord(COMMAND, "a")): Keys 'COMMAND + a' sent to object: 'Object Repository/Compare Scenarios/Input_Inflation'

2023-03-09 11:46:55 - [MESSAGE][PASSED] - Keys 'COMMAND + a' sent to object: 'Object Repository/Compare Scenarios/Input_Inflation'

2023-03-09 11:46:55 - [TEST_STEP][PASSED] - sendKeys(findTestObject("Object Repository/Compare Scenarios/Input_Inflation"), Keys.chord(DELETE)): Keys 'DELETE + ' sent to object: 'Object Repository/Compare Scenarios/Input_Inflation'

2023-03-09 11:46:56 - [MESSAGE][PASSED] - Keys 'DELETE + ' sent to object: 'Object Repository/Compare Scenarios/Input_Inflation'

2023-03-09 11:46:56 - [TEST_STEP][PASSED] - setText(findTestObject("Object Repository/Compare Scenarios/Input_Inflation"), "7"): Text '7' is set on object 'Object Repository/Compare Scenarios/Input_Inflation'

2023-03-09 11:46:57 - [MESSAGE][PASSED] - Text '7' is set on object 'Object Repository/Compare Scenarios/Input_Inflation'

2023-03-09 11:46:57 - [TEST_STEP][PASSED] - click(findTestObject("Object Repository/Compare Scenarios/div_Select layerPavement MaintenanceFilter _a98a8c")): Object: 'Object Repository/Compare Scenarios/div_Select layerPavement MaintenanceFilter _a98a8c' is clicked on

2023-03-09 11:46:57 - [MESSAGE][PASSED] - Object: 'Object Repository/Compare Scenarios/div_Select layerPavement MaintenanceFilter _a98a8c' is clicked on

2023-03-09 11:46:57 - [TEST_STEP][PASSED] - click(findTestObject("Object Repository/Compare Scenarios/Apply_button")): Object: 'Object Repository/Compare Scenarios/Apply_button' is clicked on

2023-03-09 11:46:57 - [MESSAGE][PASSED] - Object: 'Object Repository/Compare Scenarios/Apply_button' is clicked on

2023-03-09 11:46:57 - [TEST_STEP][PASSED] - delay(120): Delayed 120 second(s)

2023-03-09 11:48:57 - [MESSAGE][PASSED] - Delayed 120 second(s)

2023-03-09 11:48:57 - [TEST_STEP][PASSED] - click(findTestObject("Object Repository/Compare Scenarios/span_Compare")): Object: 'Object Repository/Compare Scenarios/span_Compare' is clicked on

2023-03-09 11:48:58 - [MESSAGE][PASSED] - Object: 'Object Repository/Compare Scenarios/span_Compare' is clicked on

2023-03-09 11:48:58 - [TEST_STEP][PASSED] - click(findTestObject("Compare Scenarios/div_Compare Scenario 1")): Object: 'Object Repository/Compare Scenarios/div_Compare Scenario 1' is clicked on

2023-03-09 11:49:00 - [MESSAGE][PASSED] - Object: 'Object Repository/Compare Scenarios/div_Compare Scenario 1' is clicked on

2023-03-09 11:49:00 - [TEST_STEP][PASSED] - click(findTestObject("Compare Scenarios/div_Compare Scenario 2")): Object: 'Object Repository/Compare Scenarios/div_Compare Scenario 2' is clicked on

2023-03-09 11:49:01 - [MESSAGE][PASSED] - Object: 'Object Repository/Compare Scenarios/div_Compare Scenario 2' is clicked on

2023-03-09 11:49:01 - [TEST_STEP][PASSED] - click(findTestObject("Compare Scenarios/span_Compare_loadscreen")): Object: 'Object Repository/Compare Scenarios/span_Compare_loadscreen' is clicked on

2023-03-09 11:49:01 - [MESSAGE][PASSED] - Object: 'Object Repository/Compare Scenarios/span_Compare_loadscreen' is clicked on

2023-03-09 11:49:01 - [TEST_STEP][PASSED] - takeFullPageScreenshot(): Taking screenshot successfully

2023-03-09 11:49:03 - [MESSAGE][INFO] - 0 hidden object(s)

2023-03-09 11:49:03 - [MESSAGE][PASSED] - Taking screenshot successfully
[[ATTACHMENT|/Users/kashif/git/Streetlogix_4.01/Reports/20230309_114057/GIS/20230309_114058/1678344541947.png]]

2023-03-09 11:49:03 - [TEST_STEP][PASSED] - click(findTestObject("Object Repository/Compare Scenarios/button")): Object: 'Object Repository/Compare Scenarios/button' is clicked on

2023-03-09 11:49:14 - [MESSAGE][PASSED] - Object: 'Object Repository/Compare Scenarios/button' is clicked on

2023-03-09 11:49:14 - [TEST_STEP][PASSED] - click(findTestObject("Object Repository/Compare Scenarios/div_Save as JPEG")): Object: 'Object Repository/Compare Scenarios/div_Save as JPEG' is clicked on

2023-03-09 11:49:14 - [MESSAGE][PASSED] - Object: 'Object Repository/Compare Scenarios/div_Save as JPEG' is clicked on

2023-03-09 11:49:14 - [TEST_STEP][PASSED] - click(findTestObject("Compare Scenarios/span_Close")): Object: 'Object Repository/Compare Scenarios/span_Close' is clicked on

2023-03-09 11:49:15 - [MESSAGE][PASSED] - Object: 'Object Repository/Compare Scenarios/span_Close' is clicked on

2023-03-09 11:49:15 - [TEST_STEP][PASSED] - click(findTestObject("Object Repository/Compare Scenarios/span_Compare")): Object: 'Object Repository/Compare Scenarios/span_Compare' is clicked on

2023-03-09 11:49:15 - [MESSAGE][PASSED] - Object: 'Object Repository/Compare Scenarios/span_Compare' is clicked on

2023-03-09 11:49:15 - [TEST_STEP][PASSED] - click(findTestObject("Compare Scenarios/Delete_Scenario_1")): Object: 'Object Repository/Compare Scenarios/Delete_Scenario_1' is clicked on

2023-03-09 11:49:17 - [MESSAGE][PASSED] - Object: 'Object Repository/Compare Scenarios/Delete_Scenario_1' is clicked on

2023-03-09 11:49:17 - [TEST_STEP][PASSED] - click(findTestObject("Compare Scenarios/span_Yes")): Object: 'Object Repository/Compare Scenarios/span_Yes' is clicked on

2023-03-09 11:49:18 - [MESSAGE][PASSED] - Object: 'Object Repository/Compare Scenarios/span_Yes' is clicked on

2023-03-09 11:49:18 - [TEST_STEP][PASSED] - delay(3): Delayed 3 second(s)

2023-03-09 11:49:21 - [MESSAGE][PASSED] - Delayed 3 second(s)

2023-03-09 11:49:21 - [TEST_STEP][PASSED] - click(findTestObject("Compare Scenarios/Delete_Scenario_1")): Object: 'Object Repository/Compare Scenarios/Delete_Scenario_1' is clicked on

2023-03-09 11:49:21 - [MESSAGE][PASSED] - Object: 'Object Repository/Compare Scenarios/Delete_Scenario_1' is clicked on

2023-03-09 11:49:21 - [TEST_STEP][PASSED] - click(findTestObject("Compare Scenarios/span_Yes")): Object: 'Object Repository/Compare Scenarios/span_Yes' is clicked on

2023-03-09 11:49:22 - [MESSAGE][PASSED] - Object: 'Object Repository/Compare Scenarios/span_Yes' is clicked on

2023-03-09 11:49:22 - [TEST_STEP][PASSED] - delay(3): Delayed 3 second(s)

2023-03-09 11:49:25 - [MESSAGE][PASSED] - Delayed 3 second(s)

2023-03-09 11:49:25 - [TEST_STEP][PASSED] - database_keywords.test.Database_Keywords.deletebudgets(): database_keywords.test.Database_Keywords.deletebudgets is PASSED

2023-03-09 11:49:29 - [MESSAGE][PASSED] - database_keywords.test.Database_Keywords.deletebudgets is PASSED

2023-03-09 11:49:29 - [TEST_STEP][PASSED] - closeBrowser(): Browser is closed

2023-03-09 11:49:29 - [MESSAGE][PASSED] - Browser is closed]]></system-out>
         <system-err><![CDATA[]]></system-err>
      </testcase>
      <testcase name="Test Cases/GiS/Compare Scenarios/CS_Three_Budgets_Sidewalk" time="182.42" classname="Test Cases/GiS/Compare Scenarios/CS_Three_Budgets_Sidewalk" status="PASSED">
         <system-out><![CDATA[2023-03-09 11:49:29 - [TEST_CASE][PASSED] - Test Cases/GiS/Compare Scenarios/CS_Three_Budgets_Sidewalk: Test Cases/GiS/Compare Scenarios/CS_Three_Budgets_Sidewalk

2023-03-09 11:49:29 - [TEST_STEP][PASSED] - gis_url.test.URL.redirectURL(): gis_url.test.URL.redirectURL is PASSED

2023-03-09 11:49:29 - [MESSAGE][INFO] - Starting 'Chrome' driver

2023-03-09 11:49:29 - [MESSAGE][INFO] - Action delay is set to 0 milliseconds

2023-03-09 11:49:32 - [MESSAGE][PASSED] - Browser is opened with url: 'https://streetlogix-gis-slx4-develop.vercel.app/?config=64077fc938af4bcc9a46a81d8f4e5576&token=eyJhbGciOiJIUzI1NiIsInR5cCI6IkpXVCJ9.eyJpZCI6OTc2LCJuYW1lIjoiU29oYWliIE5laGFsIiwiZXhwIjoxNjgwNjgwOTg3LCJpYXQiOjE2NzgwODg5ODd9.hALLa1SO64ZYI--CeYjMno4uFOCwR9lK0Lzo7eCUaPk'

2023-03-09 11:49:32 - [MESSAGE][PASSED] - gis_url.test.URL.redirectURL is PASSED

2023-03-09 11:49:32 - [TEST_STEP][PASSED] - delay(15): Delayed 15 second(s)

2023-03-09 11:49:47 - [MESSAGE][PASSED] - Delayed 15 second(s)

2023-03-09 11:49:47 - [TEST_STEP][PASSED] - click(findTestObject("Object Repository/Compare Scenarios/Menubar-icon")): Object: 'Object Repository/Compare Scenarios/Menubar-icon' is clicked on

2023-03-09 11:49:48 - [MESSAGE][PASSED] - Object: 'Object Repository/Compare Scenarios/Menubar-icon' is clicked on

2023-03-09 11:49:48 - [TEST_STEP][PASSED] - click(findTestObject("Object Repository/Compare Scenarios/img_Compare_Scenario_rail-icon")): Object: 'Object Repository/Compare Scenarios/img_Compare_Scenario_rail-icon' is clicked on

2023-03-09 11:49:48 - [MESSAGE][PASSED] - Object: 'Object Repository/Compare Scenarios/img_Compare_Scenario_rail-icon' is clicked on

2023-03-09 11:49:48 - [TEST_STEP][PASSED] - click(findTestObject("Compare Scenarios/div_Pavement Maintenance")): Object: 'Object Repository/Compare Scenarios/div_Pavement Maintenance' is clicked on

2023-03-09 11:49:49 - [MESSAGE][PASSED] - Object: 'Object Repository/Compare Scenarios/div_Pavement Maintenance' is clicked on

2023-03-09 11:49:49 - [TEST_STEP][PASSED] - click(findTestObject("Compare Scenarios/li_Sidewalk Maintenance")): Object: 'Object Repository/Compare Scenarios/li_Sidewalk Maintenance' is clicked on

2023-03-09 11:49:50 - [MESSAGE][PASSED] - Object: 'Object Repository/Compare Scenarios/li_Sidewalk Maintenance' is clicked on

2023-03-09 11:49:50 - [TEST_STEP][PASSED] - sendKeys(findTestObject("Compare Scenarios/input_Program duration_duration"), Keys.chord(COMMAND, "a")): Keys 'COMMAND + a' sent to object: 'Object Repository/Compare Scenarios/input_Program duration_duration'

2023-03-09 11:49:51 - [MESSAGE][PASSED] - Keys 'COMMAND + a' sent to object: 'Object Repository/Compare Scenarios/input_Program duration_duration'

2023-03-09 11:49:51 - [TEST_STEP][PASSED] - sendKeys(findTestObject("Compare Scenarios/input_Program duration_duration"), Keys.chord(DELETE)): Keys 'DELETE + ' sent to object: 'Object Repository/Compare Scenarios/input_Program duration_duration'

2023-03-09 11:49:52 - [MESSAGE][PASSED] - Keys 'DELETE + ' sent to object: 'Object Repository/Compare Scenarios/input_Program duration_duration'

2023-03-09 11:49:52 - [TEST_STEP][PASSED] - setText(findTestObject("Compare Scenarios/input_Program duration_duration"), "3"): Text '3' is set on object 'Object Repository/Compare Scenarios/input_Program duration_duration'

2023-03-09 11:49:53 - [MESSAGE][PASSED] - Text '3' is set on object 'Object Repository/Compare Scenarios/input_Program duration_duration'

2023-03-09 11:49:53 - [TEST_STEP][PASSED] - sendKeys(findTestObject("Object Repository/Compare Scenarios/input_Scenario Name_scenario_name"), Keys.chord(COMMAND, "a")): Keys 'COMMAND + a' sent to object: 'Object Repository/Compare Scenarios/input_Scenario Name_scenario_name'

2023-03-09 11:49:53 - [MESSAGE][PASSED] - Keys 'COMMAND + a' sent to object: 'Object Repository/Compare Scenarios/input_Scenario Name_scenario_name'

2023-03-09 11:49:53 - [TEST_STEP][PASSED] - sendKeys(findTestObject("Object Repository/Compare Scenarios/input_Scenario Name_scenario_name"), Keys.chord(DELETE)): Keys 'DELETE + ' sent to object: 'Object Repository/Compare Scenarios/input_Scenario Name_scenario_name'

2023-03-09 11:49:54 - [MESSAGE][PASSED] - Keys 'DELETE + ' sent to object: 'Object Repository/Compare Scenarios/input_Scenario Name_scenario_name'

2023-03-09 11:49:54 - [TEST_STEP][PASSED] - setText(findTestObject("Object Repository/Compare Scenarios/input_Scenario Name_scenario_name"), "Compare Scenario 1"): Text 'Compare Scenario 1' is set on object 'Object Repository/Compare Scenarios/input_Scenario Name_scenario_name'

2023-03-09 11:49:55 - [MESSAGE][PASSED] - Text 'Compare Scenario 1' is set on object 'Object Repository/Compare Scenarios/input_Scenario Name_scenario_name'

2023-03-09 11:49:55 - [TEST_STEP][PASSED] - click(findTestObject("Object Repository/Compare Scenarios/span_Add Scenario")): Object: 'Object Repository/Compare Scenarios/span_Add Scenario' is clicked on

2023-03-09 11:49:55 - [MESSAGE][PASSED] - Object: 'Object Repository/Compare Scenarios/span_Add Scenario' is clicked on

2023-03-09 11:49:55 - [TEST_STEP][PASSED] - click(findTestObject("Object Repository/Compare Scenarios/span_Add Scenario")): Object: 'Object Repository/Compare Scenarios/span_Add Scenario' is clicked on

2023-03-09 11:49:56 - [MESSAGE][PASSED] - Object: 'Object Repository/Compare Scenarios/span_Add Scenario' is clicked on

2023-03-09 11:49:56 - [TEST_STEP][PASSED] - sendKeys(findTestObject("Object Repository/Compare Scenarios/input_Scenario Name_scenario_name_2"), Keys.chord(COMMAND, "a")): Keys 'COMMAND + a' sent to object: 'Object Repository/Compare Scenarios/input_Scenario Name_scenario_name_2'

2023-03-09 11:49:56 - [MESSAGE][PASSED] - Keys 'COMMAND + a' sent to object: 'Object Repository/Compare Scenarios/input_Scenario Name_scenario_name_2'

2023-03-09 11:49:56 - [TEST_STEP][PASSED] - sendKeys(findTestObject("Object Repository/Compare Scenarios/input_Scenario Name_scenario_name_2"), Keys.chord(DELETE)): Keys 'DELETE + ' sent to object: 'Object Repository/Compare Scenarios/input_Scenario Name_scenario_name_2'

2023-03-09 11:49:57 - [MESSAGE][PASSED] - Keys 'DELETE + ' sent to object: 'Object Repository/Compare Scenarios/input_Scenario Name_scenario_name_2'

2023-03-09 11:49:57 - [TEST_STEP][PASSED] - setText(findTestObject("Object Repository/Compare Scenarios/input_Scenario Name_scenario_name_2"), "Compare Scenario 2"): Text 'Compare Scenario 2' is set on object 'Object Repository/Compare Scenarios/input_Scenario Name_scenario_name_2'

2023-03-09 11:49:58 - [MESSAGE][PASSED] - Text 'Compare Scenario 2' is set on object 'Object Repository/Compare Scenarios/input_Scenario Name_scenario_name_2'

2023-03-09 11:49:58 - [TEST_STEP][PASSED] - sendKeys(findTestObject("Object Repository/Compare Scenarios/input_Scenario Name_scenario_name_3"), Keys.chord(COMMAND, "a")): Keys 'COMMAND + a' sent to object: 'Object Repository/Compare Scenarios/input_Scenario Name_scenario_name_3'

2023-03-09 11:49:58 - [MESSAGE][PASSED] - Keys 'COMMAND + a' sent to object: 'Object Repository/Compare Scenarios/input_Scenario Name_scenario_name_3'

2023-03-09 11:49:58 - [TEST_STEP][PASSED] - sendKeys(findTestObject("Object Repository/Compare Scenarios/input_Scenario Name_scenario_name_3"), Keys.chord(DELETE)): Keys 'DELETE + ' sent to object: 'Object Repository/Compare Scenarios/input_Scenario Name_scenario_name_3'

2023-03-09 11:49:58 - [MESSAGE][PASSED] - Keys 'DELETE + ' sent to object: 'Object Repository/Compare Scenarios/input_Scenario Name_scenario_name_3'

2023-03-09 11:49:58 - [TEST_STEP][PASSED] - setText(findTestObject("Object Repository/Compare Scenarios/input_Scenario Name_scenario_name_3"), "Compare Scenario 3"): Text 'Compare Scenario 3' is set on object 'Object Repository/Compare Scenarios/input_Scenario Name_scenario_name_3'

2023-03-09 11:49:59 - [MESSAGE][PASSED] - Text 'Compare Scenario 3' is set on object 'Object Repository/Compare Scenarios/input_Scenario Name_scenario_name_3'

2023-03-09 11:49:59 - [TEST_STEP][PASSED] - setText(findTestObject("Object Repository/Compare Scenarios/input_Annual Budget_budget"), "3000"): Text '3000' is set on object 'Object Repository/Compare Scenarios/input_Annual Budget_budget'

2023-03-09 11:50:00 - [MESSAGE][PASSED] - Text '3000' is set on object 'Object Repository/Compare Scenarios/input_Annual Budget_budget'

2023-03-09 11:50:00 - [TEST_STEP][PASSED] - setText(findTestObject("Compare Scenarios/input_Annual Budget_budget_2"), "2000"): Text '2000' is set on object 'Object Repository/Compare Scenarios/input_Annual Budget_budget_2'

2023-03-09 11:50:01 - [MESSAGE][PASSED] - Text '2000' is set on object 'Object Repository/Compare Scenarios/input_Annual Budget_budget_2'

2023-03-09 11:50:01 - [TEST_STEP][PASSED] - setText(findTestObject("Compare Scenarios/input_Annual Budget_budget_3"), "1000"): Text '1000' is set on object 'Object Repository/Compare Scenarios/input_Annual Budget_budget_3'

2023-03-09 11:50:02 - [MESSAGE][PASSED] - Text '1000' is set on object 'Object Repository/Compare Scenarios/input_Annual Budget_budget_3'

2023-03-09 11:50:02 - [TEST_STEP][PASSED] - sendKeys(findTestObject("Object Repository/Compare Scenarios/Input_Inflation"), Keys.chord(COMMAND, "a")): Keys 'COMMAND + a' sent to object: 'Object Repository/Compare Scenarios/Input_Inflation'

2023-03-09 11:50:02 - [MESSAGE][PASSED] - Keys 'COMMAND + a' sent to object: 'Object Repository/Compare Scenarios/Input_Inflation'

2023-03-09 11:50:02 - [TEST_STEP][PASSED] - sendKeys(findTestObject("Object Repository/Compare Scenarios/Input_Inflation"), Keys.chord(DELETE)): Keys 'DELETE + ' sent to object: 'Object Repository/Compare Scenarios/Input_Inflation'

2023-03-09 11:50:03 - [MESSAGE][PASSED] - Keys 'DELETE + ' sent to object: 'Object Repository/Compare Scenarios/Input_Inflation'

2023-03-09 11:50:03 - [TEST_STEP][PASSED] - setText(findTestObject("Object Repository/Compare Scenarios/Input_Inflation"), "5"): Text '5' is set on object 'Object Repository/Compare Scenarios/Input_Inflation'

2023-03-09 11:50:04 - [MESSAGE][PASSED] - Text '5' is set on object 'Object Repository/Compare Scenarios/Input_Inflation'

2023-03-09 11:50:04 - [TEST_STEP][PASSED] - sendKeys(findTestObject("Object Repository/Compare Scenarios/Input_Inflation_2"), Keys.chord(COMMAND, "a")): Keys 'COMMAND + a' sent to object: 'Object Repository/Compare Scenarios/Input_Inflation_2'

2023-03-09 11:50:04 - [MESSAGE][PASSED] - Keys 'COMMAND + a' sent to object: 'Object Repository/Compare Scenarios/Input_Inflation_2'

2023-03-09 11:50:04 - [TEST_STEP][PASSED] - sendKeys(findTestObject("Object Repository/Compare Scenarios/Input_Inflation_2"), Keys.chord(DELETE)): Keys 'DELETE + ' sent to object: 'Object Repository/Compare Scenarios/Input_Inflation_2'

2023-03-09 11:50:05 - [MESSAGE][PASSED] - Keys 'DELETE + ' sent to object: 'Object Repository/Compare Scenarios/Input_Inflation_2'

2023-03-09 11:50:05 - [TEST_STEP][PASSED] - setText(findTestObject("Object Repository/Compare Scenarios/Input_Inflation_2"), "7"): Text '7' is set on object 'Object Repository/Compare Scenarios/Input_Inflation_2'

2023-03-09 11:50:05 - [MESSAGE][PASSED] - Text '7' is set on object 'Object Repository/Compare Scenarios/Input_Inflation_2'

2023-03-09 11:50:05 - [TEST_STEP][PASSED] - sendKeys(findTestObject("Object Repository/Compare Scenarios/Input_Inflation_3"), Keys.chord(COMMAND, "a")): Keys 'COMMAND + a' sent to object: 'Object Repository/Compare Scenarios/Input_Inflation_3'

2023-03-09 11:50:06 - [MESSAGE][PASSED] - Keys 'COMMAND + a' sent to object: 'Object Repository/Compare Scenarios/Input_Inflation_3'

2023-03-09 11:50:06 - [TEST_STEP][PASSED] - sendKeys(findTestObject("Object Repository/Compare Scenarios/Input_Inflation_3"), Keys.chord(DELETE)): Keys 'DELETE + ' sent to object: 'Object Repository/Compare Scenarios/Input_Inflation_3'

2023-03-09 11:50:06 - [MESSAGE][PASSED] - Keys 'DELETE + ' sent to object: 'Object Repository/Compare Scenarios/Input_Inflation_3'

2023-03-09 11:50:06 - [TEST_STEP][PASSED] - setText(findTestObject("Object Repository/Compare Scenarios/Input_Inflation_3"), "0"): Text '0' is set on object 'Object Repository/Compare Scenarios/Input_Inflation_3'

2023-03-09 11:50:07 - [MESSAGE][PASSED] - Text '0' is set on object 'Object Repository/Compare Scenarios/Input_Inflation_3'

2023-03-09 11:50:07 - [TEST_STEP][PASSED] - click(findTestObject("Object Repository/Compare Scenarios/div_Select layerPavement MaintenanceFilter _a98a8c")): Object: 'Object Repository/Compare Scenarios/div_Select layerPavement MaintenanceFilter _a98a8c' is clicked on

2023-03-09 11:50:08 - [MESSAGE][PASSED] - Object: 'Object Repository/Compare Scenarios/div_Select layerPavement MaintenanceFilter _a98a8c' is clicked on

2023-03-09 11:50:08 - [TEST_STEP][PASSED] - click(findTestObject("Object Repository/Compare Scenarios/Apply_button")): Object: 'Object Repository/Compare Scenarios/Apply_button' is clicked on

2023-03-09 11:50:08 - [MESSAGE][PASSED] - Object: 'Object Repository/Compare Scenarios/Apply_button' is clicked on

2023-03-09 11:50:08 - [TEST_STEP][PASSED] - delay(120): Delayed 120 second(s)

2023-03-09 11:52:08 - [MESSAGE][PASSED] - Delayed 120 second(s)

2023-03-09 11:52:08 - [TEST_STEP][PASSED] - click(findTestObject("Object Repository/Compare Scenarios/span_Compare")): Object: 'Object Repository/Compare Scenarios/span_Compare' is clicked on

2023-03-09 11:52:09 - [MESSAGE][PASSED] - Object: 'Object Repository/Compare Scenarios/span_Compare' is clicked on

2023-03-09 11:52:09 - [TEST_STEP][PASSED] - click(findTestObject("Compare Scenarios/div_Compare Scenario 1")): Object: 'Object Repository/Compare Scenarios/div_Compare Scenario 1' is clicked on

2023-03-09 11:52:11 - [MESSAGE][PASSED] - Object: 'Object Repository/Compare Scenarios/div_Compare Scenario 1' is clicked on

2023-03-09 11:52:11 - [TEST_STEP][PASSED] - click(findTestObject("Compare Scenarios/div_Compare Scenario 2")): Object: 'Object Repository/Compare Scenarios/div_Compare Scenario 2' is clicked on

2023-03-09 11:52:12 - [MESSAGE][PASSED] - Object: 'Object Repository/Compare Scenarios/div_Compare Scenario 2' is clicked on

2023-03-09 11:52:12 - [TEST_STEP][PASSED] - click(findTestObject("Compare Scenarios/div_Compare Scenario 3")): Object: 'Object Repository/Compare Scenarios/div_Compare Scenario 3' is clicked on

2023-03-09 11:52:12 - [MESSAGE][PASSED] - Object: 'Object Repository/Compare Scenarios/div_Compare Scenario 3' is clicked on

2023-03-09 11:52:12 - [TEST_STEP][PASSED] - click(findTestObject("Compare Scenarios/span_Compare_loadscreen")): Object: 'Object Repository/Compare Scenarios/span_Compare_loadscreen' is clicked on

2023-03-09 11:52:13 - [MESSAGE][PASSED] - Object: 'Object Repository/Compare Scenarios/span_Compare_loadscreen' is clicked on

2023-03-09 11:52:13 - [TEST_STEP][PASSED] - takeFullPageScreenshot(): Taking screenshot successfully

2023-03-09 11:52:13 - [MESSAGE][INFO] - 0 hidden object(s)

2023-03-09 11:52:14 - [MESSAGE][PASSED] - Taking screenshot successfully
[[ATTACHMENT|/Users/kashif/git/Streetlogix_4.01/Reports/20230309_114057/GIS/20230309_114058/1678344733158.png]]

2023-03-09 11:52:14 - [TEST_STEP][PASSED] - click(findTestObject("Object Repository/Compare Scenarios/button")): Object: 'Object Repository/Compare Scenarios/button' is clicked on

2023-03-09 11:52:15 - [MESSAGE][PASSED] - Object: 'Object Repository/Compare Scenarios/button' is clicked on

2023-03-09 11:52:16 - [TEST_STEP][PASSED] - click(findTestObject("Object Repository/Compare Scenarios/div_Save as JPEG")): Object: 'Object Repository/Compare Scenarios/div_Save as JPEG' is clicked on

2023-03-09 11:52:16 - [MESSAGE][PASSED] - Object: 'Object Repository/Compare Scenarios/div_Save as JPEG' is clicked on

2023-03-09 11:52:16 - [TEST_STEP][PASSED] - click(findTestObject("Compare Scenarios/span_Close")): Object: 'Object Repository/Compare Scenarios/span_Close' is clicked on

2023-03-09 11:52:16 - [MESSAGE][PASSED] - Object: 'Object Repository/Compare Scenarios/span_Close' is clicked on

2023-03-09 11:52:16 - [TEST_STEP][PASSED] - click(findTestObject("Object Repository/Compare Scenarios/span_Compare")): Object: 'Object Repository/Compare Scenarios/span_Compare' is clicked on

2023-03-09 11:52:17 - [MESSAGE][PASSED] - Object: 'Object Repository/Compare Scenarios/span_Compare' is clicked on

2023-03-09 11:52:17 - [TEST_STEP][PASSED] - click(findTestObject("Compare Scenarios/Delete_Scenario_1")): Object: 'Object Repository/Compare Scenarios/Delete_Scenario_1' is clicked on

2023-03-09 11:52:19 - [MESSAGE][PASSED] - Object: 'Object Repository/Compare Scenarios/Delete_Scenario_1' is clicked on

2023-03-09 11:52:19 - [TEST_STEP][PASSED] - click(findTestObject("Compare Scenarios/span_Yes")): Object: 'Object Repository/Compare Scenarios/span_Yes' is clicked on

2023-03-09 11:52:20 - [MESSAGE][PASSED] - Object: 'Object Repository/Compare Scenarios/span_Yes' is clicked on

2023-03-09 11:52:20 - [TEST_STEP][PASSED] - delay(3): Delayed 3 second(s)

2023-03-09 11:52:23 - [MESSAGE][PASSED] - Delayed 3 second(s)

2023-03-09 11:52:23 - [TEST_STEP][PASSED] - click(findTestObject("Compare Scenarios/Delete_Scenario_1")): Object: 'Object Repository/Compare Scenarios/Delete_Scenario_1' is clicked on

2023-03-09 11:52:23 - [MESSAGE][PASSED] - Object: 'Object Repository/Compare Scenarios/Delete_Scenario_1' is clicked on

2023-03-09 11:52:23 - [TEST_STEP][PASSED] - click(findTestObject("Compare Scenarios/span_Yes")): Object: 'Object Repository/Compare Scenarios/span_Yes' is clicked on

2023-03-09 11:52:24 - [MESSAGE][PASSED] - Object: 'Object Repository/Compare Scenarios/span_Yes' is clicked on

2023-03-09 11:52:24 - [TEST_STEP][PASSED] - delay(3): Delayed 3 second(s)

2023-03-09 11:52:27 - [MESSAGE][PASSED] - Delayed 3 second(s)

2023-03-09 11:52:27 - [TEST_STEP][PASSED] - click(findTestObject("Compare Scenarios/Delete_Scenario_1")): Object: 'Object Repository/Compare Scenarios/Delete_Scenario_1' is clicked on

2023-03-09 11:52:27 - [MESSAGE][PASSED] - Object: 'Object Repository/Compare Scenarios/Delete_Scenario_1' is clicked on

2023-03-09 11:52:27 - [TEST_STEP][PASSED] - click(findTestObject("Compare Scenarios/span_Yes")): Object: 'Object Repository/Compare Scenarios/span_Yes' is clicked on

2023-03-09 11:52:28 - [MESSAGE][PASSED] - Object: 'Object Repository/Compare Scenarios/span_Yes' is clicked on

2023-03-09 11:52:28 - [TEST_STEP][PASSED] - database_keywords.test.Database_Keywords.deletebudgets(): database_keywords.test.Database_Keywords.deletebudgets is PASSED

2023-03-09 11:52:31 - [MESSAGE][PASSED] - database_keywords.test.Database_Keywords.deletebudgets is PASSED

2023-03-09 11:52:31 - [TEST_STEP][PASSED] - closeBrowser(): Browser is closed

2023-03-09 11:52:31 - [MESSAGE][PASSED] - Browser is closed]]></system-out>
         <system-err><![CDATA[]]></system-err>
      </testcase>
      <testcase name="Test Cases/GiS/Compare Scenarios/CS_Single_Budget" time="101.845" classname="Test Cases/GiS/Compare Scenarios/CS_Single_Budget" status="PASSED">
         <system-out><![CDATA[2023-03-09 11:52:31 - [TEST_CASE][PASSED] - Test Cases/GiS/Compare Scenarios/CS_Single_Budget: Test Cases/GiS/Compare Scenarios/CS_Single_Budget

2023-03-09 11:52:31 - [TEST_STEP][PASSED] - gis_url.test.URL.redirectURL(): gis_url.test.URL.redirectURL is PASSED

2023-03-09 11:52:31 - [MESSAGE][INFO] - Starting 'Chrome' driver

2023-03-09 11:52:31 - [MESSAGE][INFO] - Action delay is set to 0 milliseconds

2023-03-09 11:52:35 - [MESSAGE][PASSED] - Browser is opened with url: 'https://streetlogix-gis-slx4-develop.vercel.app/?config=64077fc938af4bcc9a46a81d8f4e5576&token=eyJhbGciOiJIUzI1NiIsInR5cCI6IkpXVCJ9.eyJpZCI6OTc2LCJuYW1lIjoiU29oYWliIE5laGFsIiwiZXhwIjoxNjgwNjgwOTg3LCJpYXQiOjE2NzgwODg5ODd9.hALLa1SO64ZYI--CeYjMno4uFOCwR9lK0Lzo7eCUaPk'

2023-03-09 11:52:35 - [MESSAGE][PASSED] - gis_url.test.URL.redirectURL is PASSED

2023-03-09 11:52:35 - [TEST_STEP][PASSED] - delay(15): Delayed 15 second(s)

2023-03-09 11:52:50 - [MESSAGE][PASSED] - Delayed 15 second(s)

2023-03-09 11:52:50 - [TEST_STEP][PASSED] - click(findTestObject("Object Repository/Compare Scenarios/Menubar-icon")): Object: 'Object Repository/Compare Scenarios/Menubar-icon' is clicked on

2023-03-09 11:52:50 - [MESSAGE][PASSED] - Object: 'Object Repository/Compare Scenarios/Menubar-icon' is clicked on

2023-03-09 11:52:50 - [TEST_STEP][PASSED] - click(findTestObject("Object Repository/Compare Scenarios/img_Compare_Scenario_rail-icon")): Object: 'Object Repository/Compare Scenarios/img_Compare_Scenario_rail-icon' is clicked on

2023-03-09 11:52:51 - [MESSAGE][PASSED] - Object: 'Object Repository/Compare Scenarios/img_Compare_Scenario_rail-icon' is clicked on

2023-03-09 11:52:51 - [TEST_STEP][PASSED] - sendKeys(findTestObject("Compare Scenarios/input_Program duration_duration"), Keys.chord(COMMAND, "a")): Keys 'COMMAND + a' sent to object: 'Object Repository/Compare Scenarios/input_Program duration_duration'

2023-03-09 11:52:52 - [MESSAGE][PASSED] - Keys 'COMMAND + a' sent to object: 'Object Repository/Compare Scenarios/input_Program duration_duration'

2023-03-09 11:52:52 - [TEST_STEP][PASSED] - sendKeys(findTestObject("Compare Scenarios/input_Program duration_duration"), Keys.chord(DELETE)): Keys 'DELETE + ' sent to object: 'Object Repository/Compare Scenarios/input_Program duration_duration'

2023-03-09 11:52:52 - [MESSAGE][PASSED] - Keys 'DELETE + ' sent to object: 'Object Repository/Compare Scenarios/input_Program duration_duration'

2023-03-09 11:52:52 - [TEST_STEP][PASSED] - setText(findTestObject("Compare Scenarios/input_Program duration_duration"), "3"): Text '3' is set on object 'Object Repository/Compare Scenarios/input_Program duration_duration'

2023-03-09 11:52:53 - [MESSAGE][PASSED] - Text '3' is set on object 'Object Repository/Compare Scenarios/input_Program duration_duration'

2023-03-09 11:52:53 - [TEST_STEP][PASSED] - sendKeys(findTestObject("Object Repository/Compare Scenarios/input_Scenario Name_scenario_name"), Keys.chord(COMMAND, "a")): Keys 'COMMAND + a' sent to object: 'Object Repository/Compare Scenarios/input_Scenario Name_scenario_name'

2023-03-09 11:52:54 - [MESSAGE][PASSED] - Keys 'COMMAND + a' sent to object: 'Object Repository/Compare Scenarios/input_Scenario Name_scenario_name'

2023-03-09 11:52:54 - [TEST_STEP][PASSED] - sendKeys(findTestObject("Object Repository/Compare Scenarios/input_Scenario Name_scenario_name"), Keys.chord(DELETE)): Keys 'DELETE + ' sent to object: 'Object Repository/Compare Scenarios/input_Scenario Name_scenario_name'

2023-03-09 11:52:54 - [MESSAGE][PASSED] - Keys 'DELETE + ' sent to object: 'Object Repository/Compare Scenarios/input_Scenario Name_scenario_name'

2023-03-09 11:52:54 - [TEST_STEP][PASSED] - setText(findTestObject("Object Repository/Compare Scenarios/input_Scenario Name_scenario_name"), "Compare Scenario 1"): Text 'Compare Scenario 1' is set on object 'Object Repository/Compare Scenarios/input_Scenario Name_scenario_name'

2023-03-09 11:52:55 - [MESSAGE][PASSED] - Text 'Compare Scenario 1' is set on object 'Object Repository/Compare Scenarios/input_Scenario Name_scenario_name'

2023-03-09 11:52:55 - [TEST_STEP][PASSED] - setText(findTestObject("Object Repository/Compare Scenarios/input_Annual Budget_budget"), "30,000"): Text '30,000' is set on object 'Object Repository/Compare Scenarios/input_Annual Budget_budget'

2023-03-09 11:52:56 - [MESSAGE][PASSED] - Text '30,000' is set on object 'Object Repository/Compare Scenarios/input_Annual Budget_budget'

2023-03-09 11:52:56 - [TEST_STEP][PASSED] - sendKeys(findTestObject("Object Repository/Compare Scenarios/Input_Inflation"), Keys.chord(COMMAND, "a")): Keys 'COMMAND + a' sent to object: 'Object Repository/Compare Scenarios/Input_Inflation'

2023-03-09 11:52:56 - [MESSAGE][PASSED] - Keys 'COMMAND + a' sent to object: 'Object Repository/Compare Scenarios/Input_Inflation'

2023-03-09 11:52:56 - [TEST_STEP][PASSED] - sendKeys(findTestObject("Object Repository/Compare Scenarios/Input_Inflation"), Keys.chord(DELETE)): Keys 'DELETE + ' sent to object: 'Object Repository/Compare Scenarios/Input_Inflation'

2023-03-09 11:52:57 - [MESSAGE][PASSED] - Keys 'DELETE + ' sent to object: 'Object Repository/Compare Scenarios/Input_Inflation'

2023-03-09 11:52:57 - [TEST_STEP][PASSED] - setText(findTestObject("Object Repository/Compare Scenarios/Input_Inflation"), "5"): Text '5' is set on object 'Object Repository/Compare Scenarios/Input_Inflation'

2023-03-09 11:52:58 - [MESSAGE][PASSED] - Text '5' is set on object 'Object Repository/Compare Scenarios/Input_Inflation'

2023-03-09 11:52:58 - [TEST_STEP][PASSED] - click(findTestObject("Object Repository/Compare Scenarios/div_Select layerPavement MaintenanceFilter _a98a8c")): Object: 'Object Repository/Compare Scenarios/div_Select layerPavement MaintenanceFilter _a98a8c' is clicked on

2023-03-09 11:52:58 - [MESSAGE][PASSED] - Object: 'Object Repository/Compare Scenarios/div_Select layerPavement MaintenanceFilter _a98a8c' is clicked on

2023-03-09 11:52:58 - [TEST_STEP][PASSED] - click(findTestObject("Object Repository/Compare Scenarios/Apply_button")): Object: 'Object Repository/Compare Scenarios/Apply_button' is clicked on

2023-03-09 11:52:58 - [MESSAGE][PASSED] - Object: 'Object Repository/Compare Scenarios/Apply_button' is clicked on

2023-03-09 11:52:58 - [TEST_STEP][PASSED] - sendKeys(findTestObject("Compare Scenarios/input_Program duration_duration"), Keys.chord(COMMAND, "a")): Keys 'COMMAND + a' sent to object: 'Object Repository/Compare Scenarios/input_Program duration_duration'

2023-03-09 11:53:00 - [MESSAGE][PASSED] - Keys 'COMMAND + a' sent to object: 'Object Repository/Compare Scenarios/input_Program duration_duration'

2023-03-09 11:53:00 - [TEST_STEP][PASSED] - sendKeys(findTestObject("Compare Scenarios/input_Program duration_duration"), Keys.chord(DELETE)): Keys 'DELETE + ' sent to object: 'Object Repository/Compare Scenarios/input_Program duration_duration'

2023-03-09 11:53:00 - [MESSAGE][PASSED] - Keys 'DELETE + ' sent to object: 'Object Repository/Compare Scenarios/input_Program duration_duration'

2023-03-09 11:53:00 - [TEST_STEP][PASSED] - setText(findTestObject("Compare Scenarios/input_Program duration_duration"), "3"): Text '3' is set on object 'Object Repository/Compare Scenarios/input_Program duration_duration'

2023-03-09 11:53:01 - [MESSAGE][PASSED] - Text '3' is set on object 'Object Repository/Compare Scenarios/input_Program duration_duration'

2023-03-09 11:53:01 - [TEST_STEP][PASSED] - sendKeys(findTestObject("Object Repository/Compare Scenarios/input_Scenario Name_scenario_name"), Keys.chord(COMMAND, "a")): Keys 'COMMAND + a' sent to object: 'Object Repository/Compare Scenarios/input_Scenario Name_scenario_name'

2023-03-09 11:53:02 - [MESSAGE][PASSED] - Keys 'COMMAND + a' sent to object: 'Object Repository/Compare Scenarios/input_Scenario Name_scenario_name'

2023-03-09 11:53:02 - [TEST_STEP][PASSED] - sendKeys(findTestObject("Object Repository/Compare Scenarios/input_Scenario Name_scenario_name"), Keys.chord(DELETE)): Keys 'DELETE + ' sent to object: 'Object Repository/Compare Scenarios/input_Scenario Name_scenario_name'

2023-03-09 11:53:02 - [MESSAGE][PASSED] - Keys 'DELETE + ' sent to object: 'Object Repository/Compare Scenarios/input_Scenario Name_scenario_name'

2023-03-09 11:53:02 - [TEST_STEP][PASSED] - setText(findTestObject("Object Repository/Compare Scenarios/input_Scenario Name_scenario_name"), "Compare Scenario 2"): Text 'Compare Scenario 2' is set on object 'Object Repository/Compare Scenarios/input_Scenario Name_scenario_name'

2023-03-09 11:53:03 - [MESSAGE][PASSED] - Text 'Compare Scenario 2' is set on object 'Object Repository/Compare Scenarios/input_Scenario Name_scenario_name'

2023-03-09 11:53:03 - [TEST_STEP][PASSED] - setText(findTestObject("Object Repository/Compare Scenarios/input_Annual Budget_budget"), "10,000"): Text '10,000' is set on object 'Object Repository/Compare Scenarios/input_Annual Budget_budget'

2023-03-09 11:53:04 - [MESSAGE][PASSED] - Text '10,000' is set on object 'Object Repository/Compare Scenarios/input_Annual Budget_budget'

2023-03-09 11:53:04 - [TEST_STEP][PASSED] - sendKeys(findTestObject("Object Repository/Compare Scenarios/Input_Inflation"), Keys.chord(COMMAND, "a")): Keys 'COMMAND + a' sent to object: 'Object Repository/Compare Scenarios/Input_Inflation'

2023-03-09 11:53:05 - [MESSAGE][PASSED] - Keys 'COMMAND + a' sent to object: 'Object Repository/Compare Scenarios/Input_Inflation'

2023-03-09 11:53:05 - [TEST_STEP][PASSED] - sendKeys(findTestObject("Object Repository/Compare Scenarios/Input_Inflation"), Keys.chord(DELETE)): Keys 'DELETE + ' sent to object: 'Object Repository/Compare Scenarios/Input_Inflation'

2023-03-09 11:53:05 - [MESSAGE][PASSED] - Keys 'DELETE + ' sent to object: 'Object Repository/Compare Scenarios/Input_Inflation'

2023-03-09 11:53:05 - [TEST_STEP][PASSED] - setText(findTestObject("Object Repository/Compare Scenarios/Input_Inflation"), "7"): Text '7' is set on object 'Object Repository/Compare Scenarios/Input_Inflation'

2023-03-09 11:53:06 - [MESSAGE][PASSED] - Text '7' is set on object 'Object Repository/Compare Scenarios/Input_Inflation'

2023-03-09 11:53:06 - [TEST_STEP][PASSED] - click(findTestObject("Object Repository/Compare Scenarios/div_Select layerPavement MaintenanceFilter _a98a8c")): Object: 'Object Repository/Compare Scenarios/div_Select layerPavement MaintenanceFilter _a98a8c' is clicked on

2023-03-09 11:53:07 - [MESSAGE][PASSED] - Object: 'Object Repository/Compare Scenarios/div_Select layerPavement MaintenanceFilter _a98a8c' is clicked on

2023-03-09 11:53:07 - [TEST_STEP][PASSED] - click(findTestObject("Object Repository/Compare Scenarios/Apply_button")): Object: 'Object Repository/Compare Scenarios/Apply_button' is clicked on

2023-03-09 11:53:07 - [MESSAGE][PASSED] - Object: 'Object Repository/Compare Scenarios/Apply_button' is clicked on

2023-03-09 11:53:07 - [TEST_STEP][PASSED] - delay(50): Delayed 50 second(s)

2023-03-09 11:53:57 - [MESSAGE][PASSED] - Delayed 50 second(s)

2023-03-09 11:53:57 - [TEST_STEP][PASSED] - click(findTestObject("Object Repository/Compare Scenarios/span_Compare")): Object: 'Object Repository/Compare Scenarios/span_Compare' is clicked on

2023-03-09 11:53:58 - [MESSAGE][PASSED] - Object: 'Object Repository/Compare Scenarios/span_Compare' is clicked on

2023-03-09 11:53:58 - [TEST_STEP][PASSED] - click(findTestObject("Compare Scenarios/div_Compare Scenario 1")): Object: 'Object Repository/Compare Scenarios/div_Compare Scenario 1' is clicked on

2023-03-09 11:54:00 - [MESSAGE][PASSED] - Object: 'Object Repository/Compare Scenarios/div_Compare Scenario 1' is clicked on

2023-03-09 11:54:00 - [TEST_STEP][PASSED] - click(findTestObject("Compare Scenarios/div_Compare Scenario 2")): Object: 'Object Repository/Compare Scenarios/div_Compare Scenario 2' is clicked on

2023-03-09 11:54:00 - [MESSAGE][PASSED] - Object: 'Object Repository/Compare Scenarios/div_Compare Scenario 2' is clicked on

2023-03-09 11:54:00 - [TEST_STEP][PASSED] - click(findTestObject("Compare Scenarios/span_Compare_loadscreen")): Object: 'Object Repository/Compare Scenarios/span_Compare_loadscreen' is clicked on

2023-03-09 11:54:01 - [MESSAGE][PASSED] - Object: 'Object Repository/Compare Scenarios/span_Compare_loadscreen' is clicked on

2023-03-09 11:54:01 - [TEST_STEP][PASSED] - takeFullPageScreenshot(): Taking screenshot successfully

2023-03-09 11:54:01 - [MESSAGE][INFO] - 0 hidden object(s)

2023-03-09 11:54:02 - [MESSAGE][PASSED] - Taking screenshot successfully
[[ATTACHMENT|/Users/kashif/git/Streetlogix_4.01/Reports/20230309_114057/GIS/20230309_114058/1678344841126.png]]

2023-03-09 11:54:02 - [TEST_STEP][PASSED] - click(findTestObject("Object Repository/Compare Scenarios/button")): Object: 'Object Repository/Compare Scenarios/button' is clicked on

2023-03-09 11:54:03 - [MESSAGE][PASSED] - Object: 'Object Repository/Compare Scenarios/button' is clicked on

2023-03-09 11:54:03 - [TEST_STEP][PASSED] - click(findTestObject("Object Repository/Compare Scenarios/div_Save as JPEG")): Object: 'Object Repository/Compare Scenarios/div_Save as JPEG' is clicked on

2023-03-09 11:54:03 - [MESSAGE][PASSED] - Object: 'Object Repository/Compare Scenarios/div_Save as JPEG' is clicked on

2023-03-09 11:54:03 - [TEST_STEP][PASSED] - click(findTestObject("Compare Scenarios/span_Close")): Object: 'Object Repository/Compare Scenarios/span_Close' is clicked on

2023-03-09 11:54:04 - [MESSAGE][PASSED] - Object: 'Object Repository/Compare Scenarios/span_Close' is clicked on

2023-03-09 11:54:04 - [TEST_STEP][PASSED] - click(findTestObject("Object Repository/Compare Scenarios/span_Compare")): Object: 'Object Repository/Compare Scenarios/span_Compare' is clicked on

2023-03-09 11:54:04 - [MESSAGE][PASSED] - Object: 'Object Repository/Compare Scenarios/span_Compare' is clicked on

2023-03-09 11:54:04 - [TEST_STEP][PASSED] - click(findTestObject("Compare Scenarios/Delete_Scenario_1")): Object: 'Object Repository/Compare Scenarios/Delete_Scenario_1' is clicked on

2023-03-09 11:54:06 - [MESSAGE][PASSED] - Object: 'Object Repository/Compare Scenarios/Delete_Scenario_1' is clicked on

2023-03-09 11:54:06 - [TEST_STEP][PASSED] - click(findTestObject("Compare Scenarios/span_Yes")): Object: 'Object Repository/Compare Scenarios/span_Yes' is clicked on

2023-03-09 11:54:06 - [MESSAGE][PASSED] - Object: 'Object Repository/Compare Scenarios/span_Yes' is clicked on

2023-03-09 11:54:06 - [TEST_STEP][PASSED] - delay(3): Delayed 3 second(s)

2023-03-09 11:54:09 - [MESSAGE][PASSED] - Delayed 3 second(s)

2023-03-09 11:54:09 - [TEST_STEP][PASSED] - database_keywords.test.Database_Keywords.deletebudgets(): database_keywords.test.Database_Keywords.deletebudgets is PASSED

2023-03-09 11:54:13 - [MESSAGE][PASSED] - database_keywords.test.Database_Keywords.deletebudgets is PASSED

2023-03-09 11:54:13 - [TEST_STEP][PASSED] - closeBrowser(): Browser is closed

2023-03-09 11:54:13 - [MESSAGE][PASSED] - Browser is closed]]></system-out>
         <system-err><![CDATA[]]></system-err>
      </testcase>
      <testcase name="Test Cases/GiS/Compare Scenarios/CS_Three_Budgets" time="108.885" classname="Test Cases/GiS/Compare Scenarios/CS_Three_Budgets" status="PASSED">
         <system-out><![CDATA[2023-03-09 11:54:13 - [TEST_CASE][PASSED] - Test Cases/GiS/Compare Scenarios/CS_Three_Budgets: Test Cases/GiS/Compare Scenarios/CS_Three_Budgets

2023-03-09 11:54:13 - [TEST_STEP][PASSED] - gis_url.test.URL.redirectURL(): gis_url.test.URL.redirectURL is PASSED

2023-03-09 11:54:13 - [MESSAGE][INFO] - Starting 'Chrome' driver

2023-03-09 11:54:13 - [MESSAGE][INFO] - Action delay is set to 0 milliseconds

2023-03-09 11:54:16 - [MESSAGE][PASSED] - Browser is opened with url: 'https://streetlogix-gis-slx4-develop.vercel.app/?config=64077fc938af4bcc9a46a81d8f4e5576&token=eyJhbGciOiJIUzI1NiIsInR5cCI6IkpXVCJ9.eyJpZCI6OTc2LCJuYW1lIjoiU29oYWliIE5laGFsIiwiZXhwIjoxNjgwNjgwOTg3LCJpYXQiOjE2NzgwODg5ODd9.hALLa1SO64ZYI--CeYjMno4uFOCwR9lK0Lzo7eCUaPk'

2023-03-09 11:54:16 - [MESSAGE][PASSED] - gis_url.test.URL.redirectURL is PASSED

2023-03-09 11:54:16 - [TEST_STEP][PASSED] - delay(15): Delayed 15 second(s)

2023-03-09 11:54:31 - [MESSAGE][PASSED] - Delayed 15 second(s)

2023-03-09 11:54:31 - [TEST_STEP][PASSED] - click(findTestObject("Object Repository/Compare Scenarios/Menubar-icon")): Object: 'Object Repository/Compare Scenarios/Menubar-icon' is clicked on

2023-03-09 11:54:32 - [MESSAGE][PASSED] - Object: 'Object Repository/Compare Scenarios/Menubar-icon' is clicked on

2023-03-09 11:54:32 - [TEST_STEP][PASSED] - click(findTestObject("Object Repository/Compare Scenarios/img_Compare_Scenario_rail-icon")): Object: 'Object Repository/Compare Scenarios/img_Compare_Scenario_rail-icon' is clicked on

2023-03-09 11:54:32 - [MESSAGE][PASSED] - Object: 'Object Repository/Compare Scenarios/img_Compare_Scenario_rail-icon' is clicked on

2023-03-09 11:54:32 - [TEST_STEP][PASSED] - sendKeys(findTestObject("Compare Scenarios/input_Program duration_duration"), Keys.chord(COMMAND, "a")): Keys 'COMMAND + a' sent to object: 'Object Repository/Compare Scenarios/input_Program duration_duration'

2023-03-09 11:54:33 - [MESSAGE][PASSED] - Keys 'COMMAND + a' sent to object: 'Object Repository/Compare Scenarios/input_Program duration_duration'

2023-03-09 11:54:33 - [TEST_STEP][PASSED] - sendKeys(findTestObject("Compare Scenarios/input_Program duration_duration"), Keys.chord(DELETE)): Keys 'DELETE + ' sent to object: 'Object Repository/Compare Scenarios/input_Program duration_duration'

2023-03-09 11:54:34 - [MESSAGE][PASSED] - Keys 'DELETE + ' sent to object: 'Object Repository/Compare Scenarios/input_Program duration_duration'

2023-03-09 11:54:34 - [TEST_STEP][PASSED] - setText(findTestObject("Compare Scenarios/input_Program duration_duration"), "3"): Text '3' is set on object 'Object Repository/Compare Scenarios/input_Program duration_duration'

2023-03-09 11:54:35 - [MESSAGE][PASSED] - Text '3' is set on object 'Object Repository/Compare Scenarios/input_Program duration_duration'

2023-03-09 11:54:35 - [TEST_STEP][PASSED] - sendKeys(findTestObject("Object Repository/Compare Scenarios/input_Scenario Name_scenario_name"), Keys.chord(COMMAND, "a")): Keys 'COMMAND + a' sent to object: 'Object Repository/Compare Scenarios/input_Scenario Name_scenario_name'

2023-03-09 11:54:35 - [MESSAGE][PASSED] - Keys 'COMMAND + a' sent to object: 'Object Repository/Compare Scenarios/input_Scenario Name_scenario_name'

2023-03-09 11:54:35 - [TEST_STEP][PASSED] - sendKeys(findTestObject("Object Repository/Compare Scenarios/input_Scenario Name_scenario_name"), Keys.chord(DELETE)): Keys 'DELETE + ' sent to object: 'Object Repository/Compare Scenarios/input_Scenario Name_scenario_name'

2023-03-09 11:54:36 - [MESSAGE][PASSED] - Keys 'DELETE + ' sent to object: 'Object Repository/Compare Scenarios/input_Scenario Name_scenario_name'

2023-03-09 11:54:36 - [TEST_STEP][PASSED] - setText(findTestObject("Object Repository/Compare Scenarios/input_Scenario Name_scenario_name"), "Compare Scenario 1"): Text 'Compare Scenario 1' is set on object 'Object Repository/Compare Scenarios/input_Scenario Name_scenario_name'

2023-03-09 11:54:37 - [MESSAGE][PASSED] - Text 'Compare Scenario 1' is set on object 'Object Repository/Compare Scenarios/input_Scenario Name_scenario_name'

2023-03-09 11:54:37 - [TEST_STEP][PASSED] - click(findTestObject("Object Repository/Compare Scenarios/span_Add Scenario")): Object: 'Object Repository/Compare Scenarios/span_Add Scenario' is clicked on

2023-03-09 11:54:37 - [MESSAGE][PASSED] - Object: 'Object Repository/Compare Scenarios/span_Add Scenario' is clicked on

2023-03-09 11:54:37 - [TEST_STEP][PASSED] - click(findTestObject("Object Repository/Compare Scenarios/span_Add Scenario")): Object: 'Object Repository/Compare Scenarios/span_Add Scenario' is clicked on

2023-03-09 11:54:38 - [MESSAGE][PASSED] - Object: 'Object Repository/Compare Scenarios/span_Add Scenario' is clicked on

2023-03-09 11:54:38 - [TEST_STEP][PASSED] - sendKeys(findTestObject("Object Repository/Compare Scenarios/input_Scenario Name_scenario_name_2"), Keys.chord(COMMAND, "a")): Keys 'COMMAND + a' sent to object: 'Object Repository/Compare Scenarios/input_Scenario Name_scenario_name_2'

2023-03-09 11:54:38 - [MESSAGE][PASSED] - Keys 'COMMAND + a' sent to object: 'Object Repository/Compare Scenarios/input_Scenario Name_scenario_name_2'

2023-03-09 11:54:38 - [TEST_STEP][PASSED] - sendKeys(findTestObject("Object Repository/Compare Scenarios/input_Scenario Name_scenario_name_2"), Keys.chord(DELETE)): Keys 'DELETE + ' sent to object: 'Object Repository/Compare Scenarios/input_Scenario Name_scenario_name_2'

2023-03-09 11:54:39 - [MESSAGE][PASSED] - Keys 'DELETE + ' sent to object: 'Object Repository/Compare Scenarios/input_Scenario Name_scenario_name_2'

2023-03-09 11:54:39 - [TEST_STEP][PASSED] - setText(findTestObject("Object Repository/Compare Scenarios/input_Scenario Name_scenario_name_2"), "Compare Scenario 2"): Text 'Compare Scenario 2' is set on object 'Object Repository/Compare Scenarios/input_Scenario Name_scenario_name_2'

2023-03-09 11:54:40 - [MESSAGE][PASSED] - Text 'Compare Scenario 2' is set on object 'Object Repository/Compare Scenarios/input_Scenario Name_scenario_name_2'

2023-03-09 11:54:40 - [TEST_STEP][PASSED] - sendKeys(findTestObject("Object Repository/Compare Scenarios/input_Scenario Name_scenario_name_3"), Keys.chord(COMMAND, "a")): Keys 'COMMAND + a' sent to object: 'Object Repository/Compare Scenarios/input_Scenario Name_scenario_name_3'

2023-03-09 11:54:40 - [MESSAGE][PASSED] - Keys 'COMMAND + a' sent to object: 'Object Repository/Compare Scenarios/input_Scenario Name_scenario_name_3'

2023-03-09 11:54:40 - [TEST_STEP][PASSED] - sendKeys(findTestObject("Object Repository/Compare Scenarios/input_Scenario Name_scenario_name_3"), Keys.chord(DELETE)): Keys 'DELETE + ' sent to object: 'Object Repository/Compare Scenarios/input_Scenario Name_scenario_name_3'

2023-03-09 11:54:41 - [MESSAGE][PASSED] - Keys 'DELETE + ' sent to object: 'Object Repository/Compare Scenarios/input_Scenario Name_scenario_name_3'

2023-03-09 11:54:41 - [TEST_STEP][PASSED] - setText(findTestObject("Object Repository/Compare Scenarios/input_Scenario Name_scenario_name_3"), "Compare Scenario 3"): Text 'Compare Scenario 3' is set on object 'Object Repository/Compare Scenarios/input_Scenario Name_scenario_name_3'

2023-03-09 11:54:41 - [MESSAGE][PASSED] - Text 'Compare Scenario 3' is set on object 'Object Repository/Compare Scenarios/input_Scenario Name_scenario_name_3'

2023-03-09 11:54:41 - [TEST_STEP][PASSED] - setText(findTestObject("Object Repository/Compare Scenarios/input_Annual Budget_budget"), "30,000"): Text '30,000' is set on object 'Object Repository/Compare Scenarios/input_Annual Budget_budget'

2023-03-09 11:54:42 - [MESSAGE][PASSED] - Text '30,000' is set on object 'Object Repository/Compare Scenarios/input_Annual Budget_budget'

2023-03-09 11:54:42 - [TEST_STEP][PASSED] - setText(findTestObject("Compare Scenarios/input_Annual Budget_budget_2"), "20000"): Text '20000' is set on object 'Object Repository/Compare Scenarios/input_Annual Budget_budget_2'

2023-03-09 11:54:43 - [MESSAGE][PASSED] - Text '20000' is set on object 'Object Repository/Compare Scenarios/input_Annual Budget_budget_2'

2023-03-09 11:54:43 - [TEST_STEP][PASSED] - setText(findTestObject("Compare Scenarios/input_Annual Budget_budget_3"), "10000"): Text '10000' is set on object 'Object Repository/Compare Scenarios/input_Annual Budget_budget_3'

2023-03-09 11:54:44 - [MESSAGE][PASSED] - Text '10000' is set on object 'Object Repository/Compare Scenarios/input_Annual Budget_budget_3'

2023-03-09 11:54:44 - [TEST_STEP][PASSED] - sendKeys(findTestObject("Object Repository/Compare Scenarios/Input_Inflation"), Keys.chord(COMMAND, "a")): Keys 'COMMAND + a' sent to object: 'Object Repository/Compare Scenarios/Input_Inflation'

2023-03-09 11:54:45 - [MESSAGE][PASSED] - Keys 'COMMAND + a' sent to object: 'Object Repository/Compare Scenarios/Input_Inflation'

2023-03-09 11:54:45 - [TEST_STEP][PASSED] - sendKeys(findTestObject("Object Repository/Compare Scenarios/Input_Inflation"), Keys.chord(DELETE)): Keys 'DELETE + ' sent to object: 'Object Repository/Compare Scenarios/Input_Inflation'

2023-03-09 11:54:45 - [MESSAGE][PASSED] - Keys 'DELETE + ' sent to object: 'Object Repository/Compare Scenarios/Input_Inflation'

2023-03-09 11:54:45 - [TEST_STEP][PASSED] - setText(findTestObject("Object Repository/Compare Scenarios/Input_Inflation"), "5"): Text '5' is set on object 'Object Repository/Compare Scenarios/Input_Inflation'

2023-03-09 11:54:46 - [MESSAGE][PASSED] - Text '5' is set on object 'Object Repository/Compare Scenarios/Input_Inflation'

2023-03-09 11:54:46 - [TEST_STEP][PASSED] - sendKeys(findTestObject("Object Repository/Compare Scenarios/Input_Inflation_2"), Keys.chord(COMMAND, "a")): Keys 'COMMAND + a' sent to object: 'Object Repository/Compare Scenarios/Input_Inflation_2'

2023-03-09 11:54:46 - [MESSAGE][PASSED] - Keys 'COMMAND + a' sent to object: 'Object Repository/Compare Scenarios/Input_Inflation_2'

2023-03-09 11:54:46 - [TEST_STEP][PASSED] - sendKeys(findTestObject("Object Repository/Compare Scenarios/Input_Inflation_2"), Keys.chord(DELETE)): Keys 'DELETE + ' sent to object: 'Object Repository/Compare Scenarios/Input_Inflation_2'

2023-03-09 11:54:47 - [MESSAGE][PASSED] - Keys 'DELETE + ' sent to object: 'Object Repository/Compare Scenarios/Input_Inflation_2'

2023-03-09 11:54:47 - [TEST_STEP][PASSED] - setText(findTestObject("Object Repository/Compare Scenarios/Input_Inflation_2"), "7"): Text '7' is set on object 'Object Repository/Compare Scenarios/Input_Inflation_2'

2023-03-09 11:54:48 - [MESSAGE][PASSED] - Text '7' is set on object 'Object Repository/Compare Scenarios/Input_Inflation_2'

2023-03-09 11:54:48 - [TEST_STEP][PASSED] - sendKeys(findTestObject("Object Repository/Compare Scenarios/Input_Inflation_3"), Keys.chord(COMMAND, "a")): Keys 'COMMAND + a' sent to object: 'Object Repository/Compare Scenarios/Input_Inflation_3'

2023-03-09 11:54:48 - [MESSAGE][PASSED] - Keys 'COMMAND + a' sent to object: 'Object Repository/Compare Scenarios/Input_Inflation_3'

2023-03-09 11:54:48 - [TEST_STEP][PASSED] - sendKeys(findTestObject("Object Repository/Compare Scenarios/Input_Inflation_3"), Keys.chord(DELETE)): Keys 'DELETE + ' sent to object: 'Object Repository/Compare Scenarios/Input_Inflation_3'

2023-03-09 11:54:48 - [MESSAGE][PASSED] - Keys 'DELETE + ' sent to object: 'Object Repository/Compare Scenarios/Input_Inflation_3'

2023-03-09 11:54:48 - [TEST_STEP][PASSED] - setText(findTestObject("Object Repository/Compare Scenarios/Input_Inflation_3"), "0"): Text '0' is set on object 'Object Repository/Compare Scenarios/Input_Inflation_3'

2023-03-09 11:54:49 - [MESSAGE][PASSED] - Text '0' is set on object 'Object Repository/Compare Scenarios/Input_Inflation_3'

2023-03-09 11:54:49 - [TEST_STEP][PASSED] - click(findTestObject("Object Repository/Compare Scenarios/div_Select layerPavement MaintenanceFilter _a98a8c")): Object: 'Object Repository/Compare Scenarios/div_Select layerPavement MaintenanceFilter _a98a8c' is clicked on

2023-03-09 11:54:50 - [MESSAGE][PASSED] - Object: 'Object Repository/Compare Scenarios/div_Select layerPavement MaintenanceFilter _a98a8c' is clicked on

2023-03-09 11:54:50 - [TEST_STEP][PASSED] - click(findTestObject("Object Repository/Compare Scenarios/Apply_button")): Object: 'Object Repository/Compare Scenarios/Apply_button' is clicked on

2023-03-09 11:54:50 - [MESSAGE][PASSED] - Object: 'Object Repository/Compare Scenarios/Apply_button' is clicked on

2023-03-09 11:54:50 - [TEST_STEP][PASSED] - delay(50): Delayed 50 second(s)

2023-03-09 11:55:40 - [MESSAGE][PASSED] - Delayed 50 second(s)

2023-03-09 11:55:40 - [TEST_STEP][PASSED] - click(findTestObject("Object Repository/Compare Scenarios/span_Compare")): Object: 'Object Repository/Compare Scenarios/span_Compare' is clicked on

2023-03-09 11:55:41 - [MESSAGE][PASSED] - Object: 'Object Repository/Compare Scenarios/span_Compare' is clicked on

2023-03-09 11:55:41 - [TEST_STEP][PASSED] - click(findTestObject("Compare Scenarios/div_Compare Scenario 1")): Object: 'Object Repository/Compare Scenarios/div_Compare Scenario 1' is clicked on

2023-03-09 11:55:43 - [MESSAGE][PASSED] - Object: 'Object Repository/Compare Scenarios/div_Compare Scenario 1' is clicked on

2023-03-09 11:55:43 - [TEST_STEP][PASSED] - click(findTestObject("Compare Scenarios/div_Compare Scenario 2")): Object: 'Object Repository/Compare Scenarios/div_Compare Scenario 2' is clicked on

2023-03-09 11:55:43 - [MESSAGE][PASSED] - Object: 'Object Repository/Compare Scenarios/div_Compare Scenario 2' is clicked on

2023-03-09 11:55:43 - [TEST_STEP][PASSED] - click(findTestObject("Compare Scenarios/div_Compare Scenario 3")): Object: 'Object Repository/Compare Scenarios/div_Compare Scenario 3' is clicked on

2023-03-09 11:55:44 - [MESSAGE][PASSED] - Object: 'Object Repository/Compare Scenarios/div_Compare Scenario 3' is clicked on

2023-03-09 11:55:44 - [TEST_STEP][PASSED] - click(findTestObject("Compare Scenarios/span_Compare_loadscreen")): Object: 'Object Repository/Compare Scenarios/span_Compare_loadscreen' is clicked on

2023-03-09 11:55:44 - [MESSAGE][PASSED] - Object: 'Object Repository/Compare Scenarios/span_Compare_loadscreen' is clicked on

2023-03-09 11:55:44 - [TEST_STEP][PASSED] - takeFullPageScreenshot(): Taking screenshot successfully

2023-03-09 11:55:45 - [MESSAGE][INFO] - 0 hidden object(s)

2023-03-09 11:55:46 - [MESSAGE][PASSED] - Taking screenshot successfully
[[ATTACHMENT|/Users/kashif/git/Streetlogix_4.01/Reports/20230309_114057/GIS/20230309_114058/1678344944791.png]]

2023-03-09 11:55:46 - [TEST_STEP][PASSED] - click(findTestObject("Object Repository/Compare Scenarios/button")): Object: 'Object Repository/Compare Scenarios/button' is clicked on

2023-03-09 11:55:46 - [MESSAGE][PASSED] - Object: 'Object Repository/Compare Scenarios/button' is clicked on

2023-03-09 11:55:46 - [TEST_STEP][PASSED] - click(findTestObject("Object Repository/Compare Scenarios/div_Save as JPEG")): Object: 'Object Repository/Compare Scenarios/div_Save as JPEG' is clicked on

2023-03-09 11:55:47 - [MESSAGE][PASSED] - Object: 'Object Repository/Compare Scenarios/div_Save as JPEG' is clicked on

2023-03-09 11:55:47 - [TEST_STEP][PASSED] - click(findTestObject("Compare Scenarios/span_Close")): Object: 'Object Repository/Compare Scenarios/span_Close' is clicked on

2023-03-09 11:55:47 - [MESSAGE][PASSED] - Object: 'Object Repository/Compare Scenarios/span_Close' is clicked on

2023-03-09 11:55:47 - [TEST_STEP][PASSED] - click(findTestObject("Object Repository/Compare Scenarios/span_Compare")): Object: 'Object Repository/Compare Scenarios/span_Compare' is clicked on

2023-03-09 11:55:48 - [MESSAGE][PASSED] - Object: 'Object Repository/Compare Scenarios/span_Compare' is clicked on

2023-03-09 11:55:48 - [TEST_STEP][PASSED] - click(findTestObject("Compare Scenarios/Delete_Scenario_1")): Object: 'Object Repository/Compare Scenarios/Delete_Scenario_1' is clicked on

2023-03-09 11:55:50 - [MESSAGE][PASSED] - Object: 'Object Repository/Compare Scenarios/Delete_Scenario_1' is clicked on

2023-03-09 11:55:50 - [TEST_STEP][PASSED] - click(findTestObject("Compare Scenarios/span_Yes")): Object: 'Object Repository/Compare Scenarios/span_Yes' is clicked on

2023-03-09 11:55:50 - [MESSAGE][PASSED] - Object: 'Object Repository/Compare Scenarios/span_Yes' is clicked on

2023-03-09 11:55:50 - [TEST_STEP][PASSED] - delay(3): Delayed 3 second(s)

2023-03-09 11:55:53 - [MESSAGE][PASSED] - Delayed 3 second(s)

2023-03-09 11:55:53 - [TEST_STEP][PASSED] - click(findTestObject("Compare Scenarios/Delete_Scenario_1")): Object: 'Object Repository/Compare Scenarios/Delete_Scenario_1' is clicked on

2023-03-09 11:55:54 - [MESSAGE][PASSED] - Object: 'Object Repository/Compare Scenarios/Delete_Scenario_1' is clicked on

2023-03-09 11:55:54 - [TEST_STEP][PASSED] - click(findTestObject("Compare Scenarios/span_Yes")): Object: 'Object Repository/Compare Scenarios/span_Yes' is clicked on

2023-03-09 11:55:54 - [MESSAGE][PASSED] - Object: 'Object Repository/Compare Scenarios/span_Yes' is clicked on

2023-03-09 11:55:54 - [TEST_STEP][PASSED] - delay(3): Delayed 3 second(s)

2023-03-09 11:55:57 - [MESSAGE][PASSED] - Delayed 3 second(s)

2023-03-09 11:55:57 - [TEST_STEP][PASSED] - click(findTestObject("Compare Scenarios/Delete_Scenario_1")): Object: 'Object Repository/Compare Scenarios/Delete_Scenario_1' is clicked on

2023-03-09 11:55:58 - [MESSAGE][PASSED] - Object: 'Object Repository/Compare Scenarios/Delete_Scenario_1' is clicked on

2023-03-09 11:55:58 - [TEST_STEP][PASSED] - click(findTestObject("Compare Scenarios/span_Yes")): Object: 'Object Repository/Compare Scenarios/span_Yes' is clicked on

2023-03-09 11:55:58 - [MESSAGE][PASSED] - Object: 'Object Repository/Compare Scenarios/span_Yes' is clicked on

2023-03-09 11:55:58 - [TEST_STEP][PASSED] - database_keywords.test.Database_Keywords.deletebudgets(): database_keywords.test.Database_Keywords.deletebudgets is PASSED

2023-03-09 11:56:02 - [MESSAGE][PASSED] - database_keywords.test.Database_Keywords.deletebudgets is PASSED

2023-03-09 11:56:02 - [TEST_STEP][PASSED] - closeBrowser(): Browser is closed

2023-03-09 11:56:02 - [MESSAGE][PASSED] - Browser is closed]]></system-out>
         <system-err><![CDATA[]]></system-err>
      </testcase>
      <testcase name="Test Cases/Dashboard/Work Orders/Create_WO_System_Forms_Basic" time="43.171" classname="Test Cases/Dashboard/Work Orders/Create_WO_System_Forms_Basic" status="PASSED">
         <system-out><![CDATA[2023-03-09 11:56:02 - [TEST_CASE][PASSED] - Test Cases/Dashboard/Work Orders/Create_WO_System_Forms_Basic: Test Cases/Dashboard/Work Orders/Create_WO_System_Forms_Basic

2023-03-09 11:56:02 - [TEST_STEP][PASSED] - gis_url.test.URL.redirectURLWO(): gis_url.test.URL.redirectURLWO is PASSED

2023-03-09 11:56:02 - [MESSAGE][INFO] - Starting 'Chrome' driver

2023-03-09 11:56:02 - [MESSAGE][INFO] - Action delay is set to 0 milliseconds

2023-03-09 11:56:05 - [MESSAGE][PASSED] - Browser is opened with url: 'https://streetlogix-dashboard-slx4-develop.vercel.app/workorder?config=64077fc938af4bcc9a46a81d8f4e5576&token=eyJhbGciOiJIUzI1NiIsInR5cCI6IkpXVCJ9.eyJpZCI6OTc2LCJuYW1lIjoiU29oYWliIE5laGFsIiwiZXhwIjoxNjgwNjgwOTg3LCJpYXQiOjE2NzgwODg5ODd9.hALLa1SO64ZYI--CeYjMno4uFOCwR9lK0Lzo7eCUaPk'

2023-03-09 11:56:05 - [MESSAGE][PASSED] - gis_url.test.URL.redirectURLWO is PASSED

2023-03-09 11:56:05 - [TEST_STEP][PASSED] - countBefore = database_keywords.test.Database_Keywords.getWorkOrdersCount(): database_keywords.test.Database_Keywords.getWorkOrdersCount is PASSED

2023-03-09 11:56:14 - [MESSAGE][PASSED] - database_keywords.test.Database_Keywords.getWorkOrdersCount is PASSED

2023-03-09 11:56:14 - [TEST_STEP][PASSED] - println(countBefore): null

2023-03-09 11:56:14 - [TEST_STEP][PASSED] - click(findTestObject("Object Repository/WO_Dashboard/Page_Streetlogix  Dashboard/span_Create")): Object: 'Object Repository/WO_Dashboard/Page_Streetlogix  Dashboard/span_Create' is clicked on

2023-03-09 11:56:15 - [MESSAGE][PASSED] - Object: 'Object Repository/WO_Dashboard/Page_Streetlogix  Dashboard/span_Create' is clicked on

2023-03-09 11:56:15 - [TEST_STEP][PASSED] - click(findTestObject("Object Repository/WO_Dashboard/Page_Streetlogix  Dashboard/input_Select Group_mui-33912")): Object: 'Object Repository/WO_Dashboard/Page_Streetlogix  Dashboard/input_Select Group_mui-33912' is clicked on

2023-03-09 11:56:15 - [MESSAGE][PASSED] - Object: 'Object Repository/WO_Dashboard/Page_Streetlogix  Dashboard/input_Select Group_mui-33912' is clicked on

2023-03-09 11:56:15 - [TEST_STEP][PASSED] - click(findTestObject("Object Repository/WO_Dashboard/Page_Streetlogix  Dashboard/li_Bridge Inspection")): Object: 'Object Repository/WO_Dashboard/Page_Streetlogix  Dashboard/li_Bridge Inspection' is clicked on

2023-03-09 11:56:16 - [MESSAGE][PASSED] - Object: 'Object Repository/WO_Dashboard/Page_Streetlogix  Dashboard/li_Bridge Inspection' is clicked on

2023-03-09 11:56:16 - [TEST_STEP][PASSED] - click(findTestObject("Object Repository/WO_Dashboard/Page_Streetlogix  Dashboard/input_Select Form_mui-83086")): Object: 'Object Repository/WO_Dashboard/Page_Streetlogix  Dashboard/input_Select Form_mui-83086' is clicked on

2023-03-09 11:56:17 - [MESSAGE][PASSED] - Object: 'Object Repository/WO_Dashboard/Page_Streetlogix  Dashboard/input_Select Form_mui-83086' is clicked on

2023-03-09 11:56:17 - [TEST_STEP][PASSED] - click(findTestObject("Object Repository/WO_Dashboard/Page_Streetlogix  Dashboard/span_Bridge Maintenance")): Object: 'Object Repository/WO_Dashboard/Page_Streetlogix  Dashboard/span_Bridge Maintenance' is clicked on

2023-03-09 11:56:17 - [MESSAGE][PASSED] - Object: 'Object Repository/WO_Dashboard/Page_Streetlogix  Dashboard/span_Bridge Maintenance' is clicked on

2023-03-09 11:56:17 - [TEST_STEP][PASSED] - click(findTestObject("Object Repository/WO_Dashboard/Page_Streetlogix  Dashboard/span_Next")): Object: 'Object Repository/WO_Dashboard/Page_Streetlogix  Dashboard/span_Next' is clicked on

2023-03-09 11:56:19 - [MESSAGE][PASSED] - Object: 'Object Repository/WO_Dashboard/Page_Streetlogix  Dashboard/span_Next' is clicked on

2023-03-09 11:56:19 - [TEST_STEP][PASSED] - click(findTestObject("Object Repository/WO_Dashboard/Page_Streetlogix  Dashboard/input_Select Assignee_combo-box-demo")): Object: 'Object Repository/WO_Dashboard/Page_Streetlogix  Dashboard/input_Select Assignee_combo-box-demo' is clicked on

2023-03-09 11:56:21 - [MESSAGE][PASSED] - Object: 'Object Repository/WO_Dashboard/Page_Streetlogix  Dashboard/input_Select Assignee_combo-box-demo' is clicked on

2023-03-09 11:56:21 - [TEST_STEP][PASSED] - click(findTestObject("Object Repository/WO_Dashboard/Page_Streetlogix  Dashboard/span_Dev Admin")): Object: 'Object Repository/WO_Dashboard/Page_Streetlogix  Dashboard/span_Dev Admin' is clicked on

2023-03-09 11:56:22 - [MESSAGE][PASSED] - Object: 'Object Repository/WO_Dashboard/Page_Streetlogix  Dashboard/span_Dev Admin' is clicked on

2023-03-09 11:56:22 - [TEST_STEP][PASSED] - click(findTestObject("Object Repository/WO_Dashboard/Page_Streetlogix  Dashboard/input_Collaborators_checkboxes-tags-demo")): Object: 'Object Repository/WO_Dashboard/Page_Streetlogix  Dashboard/input_Collaborators_checkboxes-tags-demo' is clicked on

2023-03-09 11:56:22 - [MESSAGE][PASSED] - Object: 'Object Repository/WO_Dashboard/Page_Streetlogix  Dashboard/input_Collaborators_checkboxes-tags-demo' is clicked on

2023-03-09 11:56:22 - [TEST_STEP][PASSED] - click(findTestObject("Object Repository/WO_Dashboard/Page_Streetlogix  Dashboard/div_Aami  admin")): Object: 'Object Repository/WO_Dashboard/Page_Streetlogix  Dashboard/div_Aami  admin' is clicked on

2023-03-09 11:56:23 - [MESSAGE][PASSED] - Object: 'Object Repository/WO_Dashboard/Page_Streetlogix  Dashboard/div_Aami  admin' is clicked on

2023-03-09 11:56:23 - [TEST_STEP][PASSED] - setText(findTestObject("Object Repository/WO_Dashboard/Page_Streetlogix  Dashboard/input_Due Date_due_date"), "22/01/2024"): Text '22/01/2024' is set on object 'Object Repository/WO_Dashboard/Page_Streetlogix  Dashboard/input_Due Date_due_date'

2023-03-09 11:56:24 - [MESSAGE][PASSED] - Text '22/01/2024' is set on object 'Object Repository/WO_Dashboard/Page_Streetlogix  Dashboard/input_Due Date_due_date'

2023-03-09 11:56:24 - [TEST_STEP][PASSED] - click(findTestObject("Object Repository/WO_Dashboard/Page_Streetlogix  Dashboard/Priority_field")): Object: 'Object Repository/WO_Dashboard/Page_Streetlogix  Dashboard/Priority_field' is clicked on

2023-03-09 11:56:25 - [MESSAGE][PASSED] - Object: 'Object Repository/WO_Dashboard/Page_Streetlogix  Dashboard/Priority_field' is clicked on

2023-03-09 11:56:25 - [TEST_STEP][PASSED] - click(findTestObject("Object Repository/WO_Dashboard/Page_Streetlogix  Dashboard/span_Medium")): Object: 'Object Repository/WO_Dashboard/Page_Streetlogix  Dashboard/span_Medium' is clicked on

2023-03-09 11:56:25 - [MESSAGE][PASSED] - Object: 'Object Repository/WO_Dashboard/Page_Streetlogix  Dashboard/span_Medium' is clicked on

2023-03-09 11:56:25 - [TEST_STEP][PASSED] - click(findTestObject("WO_Dashboard/Page_Streetlogix  Dashboard/input_Search by Asset ID_mui-40471"), STOP_ON_FAILURE): Object: 'Object Repository/WO_Dashboard/Page_Streetlogix  Dashboard/input_Search by Asset ID_mui-40471' is clicked on

2023-03-09 11:56:26 - [MESSAGE][PASSED] - Object: 'Object Repository/WO_Dashboard/Page_Streetlogix  Dashboard/input_Search by Asset ID_mui-40471' is clicked on

2023-03-09 11:56:26 - [TEST_STEP][PASSED] - setText(findTestObject("WO_Dashboard/Page_Streetlogix  Dashboard/asse_field"), "12"): Text '12' is set on object 'Object Repository/WO_Dashboard/Page_Streetlogix  Dashboard/asse_field'

2023-03-09 11:56:27 - [MESSAGE][PASSED] - Text '12' is set on object 'Object Repository/WO_Dashboard/Page_Streetlogix  Dashboard/asse_field'

2023-03-09 11:56:27 - [TEST_STEP][PASSED] - focus(findTestObject("WO_Dashboard/Page_Streetlogix  Dashboard/asse_field"), STOP_ON_FAILURE): Object: 'Object Repository/WO_Dashboard/Page_Streetlogix  Dashboard/asse_field' is focused

2023-03-09 11:56:28 - [MESSAGE][PASSED] - Object: 'Object Repository/WO_Dashboard/Page_Streetlogix  Dashboard/asse_field' is focused

2023-03-09 11:56:28 - [TEST_STEP][PASSED] - click(findTestObject("WO_Dashboard/Page_Streetlogix  Dashboard/asse_field"), STOP_ON_FAILURE): Object: 'Object Repository/WO_Dashboard/Page_Streetlogix  Dashboard/asse_field' is clicked on

2023-03-09 11:56:28 - [MESSAGE][PASSED] - Object: 'Object Repository/WO_Dashboard/Page_Streetlogix  Dashboard/asse_field' is clicked on

2023-03-09 11:56:28 - [TEST_STEP][PASSED] - click(findTestObject("WO_Dashboard/Page_Streetlogix  Dashboard/asse_field"), STOP_ON_FAILURE): Object: 'Object Repository/WO_Dashboard/Page_Streetlogix  Dashboard/asse_field' is clicked on

2023-03-09 11:56:31 - [MESSAGE][PASSED] - Object: 'Object Repository/WO_Dashboard/Page_Streetlogix  Dashboard/asse_field' is clicked on

2023-03-09 11:56:31 - [TEST_STEP][PASSED] - click(findTestObject("WO_Dashboard/Page_Streetlogix  Dashboard/li_12")): Object: 'Object Repository/WO_Dashboard/Page_Streetlogix  Dashboard/li_12' is clicked on

2023-03-09 11:56:31 - [MESSAGE][PASSED] - Object: 'Object Repository/WO_Dashboard/Page_Streetlogix  Dashboard/li_12' is clicked on

2023-03-09 11:56:31 - [TEST_STEP][PASSED] - address = getAttribute(findTestObject("WO_Dashboard/Page_Streetlogix  Dashboard/address_field2"), "value"): Attribute 'value' of object 'Object Repository/WO_Dashboard/Page_Streetlogix  Dashboard/address_field2' is: 'TYLER AVE From 31ST ST To 32ND ST - 12'

2023-03-09 11:56:32 - [MESSAGE][PASSED] - Attribute 'value' of object 'Object Repository/WO_Dashboard/Page_Streetlogix  Dashboard/address_field2' is: 'TYLER AVE From 31ST ST To 32ND ST - 12'

2023-03-09 11:56:32 - [TEST_STEP][PASSED] - Searchedtext = "TYLER AVE From 31ST ST To 32ND ST - 12": null

2023-03-09 11:56:32 - [TEST_STEP][PASSED] - println(address): null

2023-03-09 11:56:32 - [TEST_STEP][PASSED] - verifyMatch(address, Searchedtext, false): Actual text 'TYLER AVE From 31ST ST To 32ND ST - 12' and expected text 'TYLER AVE From 31ST ST To 32ND ST - 12' are matched 

2023-03-09 11:56:32 - [MESSAGE][PASSED] - Actual text 'TYLER AVE From 31ST ST To 32ND ST - 12' and expected text 'TYLER AVE From 31ST ST To 32ND ST - 12' are matched 

2023-03-09 11:56:32 - [TEST_STEP][PASSED] - setText(findTestObject("Object Repository/WO_Dashboard/Page_Streetlogix  Dashboard/textarea_New"), "New"): Text 'New' is set on object 'Object Repository/WO_Dashboard/Page_Streetlogix  Dashboard/textarea_New'

2023-03-09 11:56:33 - [MESSAGE][PASSED] - Text 'New' is set on object 'Object Repository/WO_Dashboard/Page_Streetlogix  Dashboard/textarea_New'

2023-03-09 11:56:33 - [TEST_STEP][PASSED] - click(findTestObject("WO_Dashboard/Page_Streetlogix  Dashboard/Toggle_Equipment")): Object: 'Object Repository/WO_Dashboard/Page_Streetlogix  Dashboard/Toggle_Equipment' is clicked on

2023-03-09 11:56:33 - [MESSAGE][PASSED] - Object: 'Object Repository/WO_Dashboard/Page_Streetlogix  Dashboard/Toggle_Equipment' is clicked on

2023-03-09 11:56:33 - [TEST_STEP][PASSED] - click(findTestObject("Object Repository/WO_Dashboard/Page_Streetlogix  Dashboard/svg_Equipment_MuiSvgIcon-root")): Object: 'Object Repository/WO_Dashboard/Page_Streetlogix  Dashboard/svg_Equipment_MuiSvgIcon-root' is clicked on

2023-03-09 11:56:34 - [MESSAGE][PASSED] - Object: 'Object Repository/WO_Dashboard/Page_Streetlogix  Dashboard/svg_Equipment_MuiSvgIcon-root' is clicked on

2023-03-09 11:56:34 - [TEST_STEP][PASSED] - click(findTestObject("Object Repository/WO_Dashboard/Page_Streetlogix  Dashboard/li_Axe-Ton-20")): Object: 'Object Repository/WO_Dashboard/Page_Streetlogix  Dashboard/li_Axe-Ton-20' is clicked on

2023-03-09 11:56:34 - [MESSAGE][PASSED] - Object: 'Object Repository/WO_Dashboard/Page_Streetlogix  Dashboard/li_Axe-Ton-20' is clicked on

2023-03-09 11:56:34 - [TEST_STEP][PASSED] - setText(findTestObject("Object Repository/WO_Dashboard/Page_Streetlogix  Dashboard/input__MuiInputBase-input MuiOutlinedInput-_2734f2"), "10"): Text '10' is set on object 'Object Repository/WO_Dashboard/Page_Streetlogix  Dashboard/input__MuiInputBase-input MuiOutlinedInput-_2734f2'

2023-03-09 11:56:35 - [MESSAGE][PASSED] - Text '10' is set on object 'Object Repository/WO_Dashboard/Page_Streetlogix  Dashboard/input__MuiInputBase-input MuiOutlinedInput-_2734f2'

2023-03-09 11:56:35 - [TEST_STEP][PASSED] - click(findTestObject("Object Repository/WO_Dashboard/Page_Streetlogix  Dashboard/div_Add Item")): Object: 'Object Repository/WO_Dashboard/Page_Streetlogix  Dashboard/div_Add Item' is clicked on

2023-03-09 11:56:36 - [MESSAGE][PASSED] - Object: 'Object Repository/WO_Dashboard/Page_Streetlogix  Dashboard/div_Add Item' is clicked on

2023-03-09 11:56:36 - [TEST_STEP][PASSED] - click(findTestObject("WO_Dashboard/Page_Streetlogix  Dashboard/btn_workorder_create")): Object: 'Object Repository/WO_Dashboard/Page_Streetlogix  Dashboard/btn_workorder_create' is clicked on

2023-03-09 11:56:37 - [MESSAGE][PASSED] - Object: 'Object Repository/WO_Dashboard/Page_Streetlogix  Dashboard/btn_workorder_create' is clicked on

2023-03-09 11:56:37 - [TEST_STEP][PASSED] - countAfter = database_keywords.test.Database_Keywords.getWorkOrdersCount(): database_keywords.test.Database_Keywords.getWorkOrdersCount is PASSED

2023-03-09 11:56:45 - [MESSAGE][PASSED] - database_keywords.test.Database_Keywords.getWorkOrdersCount is PASSED

2023-03-09 11:56:45 - [TEST_STEP][PASSED] - println(countAfter): null

2023-03-09 11:56:45 - [TEST_STEP][PASSED] - if (countAfter == countBefore + 1): null

2023-03-09 11:56:45 - [TEST_STEP][PASSED] - println("Work Order Created"): null

2023-03-09 11:56:45 - [TEST_STEP][PASSED] - closeBrowser(): Browser is closed

2023-03-09 11:56:45 - [MESSAGE][PASSED] - Browser is closed]]></system-out>
         <system-err><![CDATA[]]></system-err>
      </testcase>
      <testcase name="Test Cases/Dashboard/Work Orders/Create_WO_System_Forms_With_Equipements" time="42.039" classname="Test Cases/Dashboard/Work Orders/Create_WO_System_Forms_With_Equipements" status="PASSED">
         <system-out><![CDATA[2023-03-09 11:56:45 - [TEST_CASE][PASSED] - Test Cases/Dashboard/Work Orders/Create_WO_System_Forms_With_Equipements: Test Cases/Dashboard/Work Orders/Create_WO_System_Forms_With_Equipements

2023-03-09 11:56:45 - [TEST_STEP][PASSED] - gis_url.test.URL.redirectURLWO(): gis_url.test.URL.redirectURLWO is PASSED

2023-03-09 11:56:45 - [MESSAGE][INFO] - Starting 'Chrome' driver

2023-03-09 11:56:45 - [MESSAGE][INFO] - Action delay is set to 0 milliseconds

2023-03-09 11:56:48 - [MESSAGE][PASSED] - Browser is opened with url: 'https://streetlogix-dashboard-slx4-develop.vercel.app/workorder?config=64077fc938af4bcc9a46a81d8f4e5576&token=eyJhbGciOiJIUzI1NiIsInR5cCI6IkpXVCJ9.eyJpZCI6OTc2LCJuYW1lIjoiU29oYWliIE5laGFsIiwiZXhwIjoxNjgwNjgwOTg3LCJpYXQiOjE2NzgwODg5ODd9.hALLa1SO64ZYI--CeYjMno4uFOCwR9lK0Lzo7eCUaPk'

2023-03-09 11:56:48 - [MESSAGE][PASSED] - gis_url.test.URL.redirectURLWO is PASSED

2023-03-09 11:56:48 - [TEST_STEP][PASSED] - countBefore = database_keywords.test.Database_Keywords.getWorkOrdersCount(): database_keywords.test.Database_Keywords.getWorkOrdersCount is PASSED

2023-03-09 11:57:03 - [MESSAGE][PASSED] - database_keywords.test.Database_Keywords.getWorkOrdersCount is PASSED

2023-03-09 11:57:03 - [TEST_STEP][PASSED] - println(countBefore): null

2023-03-09 11:57:03 - [TEST_STEP][PASSED] - click(findTestObject("Object Repository/WO_Dashboard/Page_Streetlogix  Dashboard/span_Create")): Object: 'Object Repository/WO_Dashboard/Page_Streetlogix  Dashboard/span_Create' is clicked on

2023-03-09 11:57:03 - [MESSAGE][PASSED] - Object: 'Object Repository/WO_Dashboard/Page_Streetlogix  Dashboard/span_Create' is clicked on

2023-03-09 11:57:03 - [TEST_STEP][PASSED] - click(findTestObject("Object Repository/WO_Dashboard/Page_Streetlogix  Dashboard/input_Select Group_mui-33912")): Object: 'Object Repository/WO_Dashboard/Page_Streetlogix  Dashboard/input_Select Group_mui-33912' is clicked on

2023-03-09 11:57:04 - [MESSAGE][PASSED] - Object: 'Object Repository/WO_Dashboard/Page_Streetlogix  Dashboard/input_Select Group_mui-33912' is clicked on

2023-03-09 11:57:04 - [TEST_STEP][PASSED] - click(findTestObject("Object Repository/WO_Dashboard/Page_Streetlogix  Dashboard/li_Bridge Inspection")): Object: 'Object Repository/WO_Dashboard/Page_Streetlogix  Dashboard/li_Bridge Inspection' is clicked on

2023-03-09 11:57:04 - [MESSAGE][PASSED] - Object: 'Object Repository/WO_Dashboard/Page_Streetlogix  Dashboard/li_Bridge Inspection' is clicked on

2023-03-09 11:57:04 - [TEST_STEP][PASSED] - click(findTestObject("Object Repository/WO_Dashboard/Page_Streetlogix  Dashboard/input_Select Form_mui-83086")): Object: 'Object Repository/WO_Dashboard/Page_Streetlogix  Dashboard/input_Select Form_mui-83086' is clicked on

2023-03-09 11:57:05 - [MESSAGE][PASSED] - Object: 'Object Repository/WO_Dashboard/Page_Streetlogix  Dashboard/input_Select Form_mui-83086' is clicked on

2023-03-09 11:57:05 - [TEST_STEP][PASSED] - click(findTestObject("Object Repository/WO_Dashboard/Page_Streetlogix  Dashboard/span_Bridge Maintenance")): Object: 'Object Repository/WO_Dashboard/Page_Streetlogix  Dashboard/span_Bridge Maintenance' is clicked on

2023-03-09 11:57:06 - [MESSAGE][PASSED] - Object: 'Object Repository/WO_Dashboard/Page_Streetlogix  Dashboard/span_Bridge Maintenance' is clicked on

2023-03-09 11:57:06 - [TEST_STEP][PASSED] - click(findTestObject("Object Repository/WO_Dashboard/Page_Streetlogix  Dashboard/span_Next")): Object: 'Object Repository/WO_Dashboard/Page_Streetlogix  Dashboard/span_Next' is clicked on

2023-03-09 11:57:07 - [MESSAGE][PASSED] - Object: 'Object Repository/WO_Dashboard/Page_Streetlogix  Dashboard/span_Next' is clicked on

2023-03-09 11:57:07 - [TEST_STEP][PASSED] - click(findTestObject("Object Repository/WO_Dashboard/Page_Streetlogix  Dashboard/input_Select Assignee_combo-box-demo")): Object: 'Object Repository/WO_Dashboard/Page_Streetlogix  Dashboard/input_Select Assignee_combo-box-demo' is clicked on

2023-03-09 11:57:09 - [MESSAGE][PASSED] - Object: 'Object Repository/WO_Dashboard/Page_Streetlogix  Dashboard/input_Select Assignee_combo-box-demo' is clicked on

2023-03-09 11:57:09 - [TEST_STEP][PASSED] - click(findTestObject("Object Repository/WO_Dashboard/Page_Streetlogix  Dashboard/span_Dev Admin")): Object: 'Object Repository/WO_Dashboard/Page_Streetlogix  Dashboard/span_Dev Admin' is clicked on

2023-03-09 11:57:10 - [MESSAGE][PASSED] - Object: 'Object Repository/WO_Dashboard/Page_Streetlogix  Dashboard/span_Dev Admin' is clicked on

2023-03-09 11:57:10 - [TEST_STEP][PASSED] - click(findTestObject("Object Repository/WO_Dashboard/Page_Streetlogix  Dashboard/input_Collaborators_checkboxes-tags-demo")): Object: 'Object Repository/WO_Dashboard/Page_Streetlogix  Dashboard/input_Collaborators_checkboxes-tags-demo' is clicked on

2023-03-09 11:57:11 - [MESSAGE][PASSED] - Object: 'Object Repository/WO_Dashboard/Page_Streetlogix  Dashboard/input_Collaborators_checkboxes-tags-demo' is clicked on

2023-03-09 11:57:11 - [TEST_STEP][PASSED] - click(findTestObject("Object Repository/WO_Dashboard/Page_Streetlogix  Dashboard/div_Aami  admin")): Object: 'Object Repository/WO_Dashboard/Page_Streetlogix  Dashboard/div_Aami  admin' is clicked on

2023-03-09 11:57:11 - [MESSAGE][PASSED] - Object: 'Object Repository/WO_Dashboard/Page_Streetlogix  Dashboard/div_Aami  admin' is clicked on

2023-03-09 11:57:11 - [TEST_STEP][PASSED] - setText(findTestObject("Object Repository/WO_Dashboard/Page_Streetlogix  Dashboard/input_Due Date_due_date"), "22/01/2024"): Text '22/01/2024' is set on object 'Object Repository/WO_Dashboard/Page_Streetlogix  Dashboard/input_Due Date_due_date'

2023-03-09 11:57:13 - [MESSAGE][PASSED] - Text '22/01/2024' is set on object 'Object Repository/WO_Dashboard/Page_Streetlogix  Dashboard/input_Due Date_due_date'

2023-03-09 11:57:13 - [TEST_STEP][PASSED] - click(findTestObject("Object Repository/WO_Dashboard/Page_Streetlogix  Dashboard/Priority_field")): Object: 'Object Repository/WO_Dashboard/Page_Streetlogix  Dashboard/Priority_field' is clicked on

2023-03-09 11:57:13 - [MESSAGE][PASSED] - Object: 'Object Repository/WO_Dashboard/Page_Streetlogix  Dashboard/Priority_field' is clicked on

2023-03-09 11:57:13 - [TEST_STEP][PASSED] - click(findTestObject("Object Repository/WO_Dashboard/Page_Streetlogix  Dashboard/span_Medium")): Object: 'Object Repository/WO_Dashboard/Page_Streetlogix  Dashboard/span_Medium' is clicked on

2023-03-09 11:57:14 - [MESSAGE][PASSED] - Object: 'Object Repository/WO_Dashboard/Page_Streetlogix  Dashboard/span_Medium' is clicked on

2023-03-09 11:57:14 - [TEST_STEP][PASSED] - click(findTestObject("WO_Dashboard/Page_Streetlogix  Dashboard/input_Search by Asset ID_mui-40471"), STOP_ON_FAILURE): Object: 'Object Repository/WO_Dashboard/Page_Streetlogix  Dashboard/input_Search by Asset ID_mui-40471' is clicked on

2023-03-09 11:57:15 - [MESSAGE][PASSED] - Object: 'Object Repository/WO_Dashboard/Page_Streetlogix  Dashboard/input_Search by Asset ID_mui-40471' is clicked on

2023-03-09 11:57:15 - [TEST_STEP][PASSED] - setText(findTestObject("WO_Dashboard/Page_Streetlogix  Dashboard/asse_field"), "12"): Text '12' is set on object 'Object Repository/WO_Dashboard/Page_Streetlogix  Dashboard/asse_field'

2023-03-09 11:57:16 - [MESSAGE][PASSED] - Text '12' is set on object 'Object Repository/WO_Dashboard/Page_Streetlogix  Dashboard/asse_field'

2023-03-09 11:57:16 - [TEST_STEP][PASSED] - focus(findTestObject("WO_Dashboard/Page_Streetlogix  Dashboard/asse_field"), STOP_ON_FAILURE): Object: 'Object Repository/WO_Dashboard/Page_Streetlogix  Dashboard/asse_field' is focused

2023-03-09 11:57:16 - [MESSAGE][PASSED] - Object: 'Object Repository/WO_Dashboard/Page_Streetlogix  Dashboard/asse_field' is focused

2023-03-09 11:57:16 - [TEST_STEP][PASSED] - click(findTestObject("WO_Dashboard/Page_Streetlogix  Dashboard/asse_field"), STOP_ON_FAILURE): Object: 'Object Repository/WO_Dashboard/Page_Streetlogix  Dashboard/asse_field' is clicked on

2023-03-09 11:57:16 - [MESSAGE][PASSED] - Object: 'Object Repository/WO_Dashboard/Page_Streetlogix  Dashboard/asse_field' is clicked on

2023-03-09 11:57:16 - [TEST_STEP][PASSED] - click(findTestObject("WO_Dashboard/Page_Streetlogix  Dashboard/asse_field"), STOP_ON_FAILURE): Object: 'Object Repository/WO_Dashboard/Page_Streetlogix  Dashboard/asse_field' is clicked on

2023-03-09 11:57:17 - [MESSAGE][PASSED] - Object: 'Object Repository/WO_Dashboard/Page_Streetlogix  Dashboard/asse_field' is clicked on

2023-03-09 11:57:17 - [TEST_STEP][PASSED] - click(findTestObject("WO_Dashboard/Page_Streetlogix  Dashboard/li_12")): Object: 'Object Repository/WO_Dashboard/Page_Streetlogix  Dashboard/li_12' is clicked on

2023-03-09 11:57:19 - [MESSAGE][PASSED] - Object: 'Object Repository/WO_Dashboard/Page_Streetlogix  Dashboard/li_12' is clicked on

2023-03-09 11:57:19 - [TEST_STEP][PASSED] - address = getAttribute(findTestObject("WO_Dashboard/Page_Streetlogix  Dashboard/address_field2"), "value"): Attribute 'value' of object 'Object Repository/WO_Dashboard/Page_Streetlogix  Dashboard/address_field2' is: 'TYLER AVE From 31ST ST To 32ND ST - 12'

2023-03-09 11:57:20 - [MESSAGE][PASSED] - Attribute 'value' of object 'Object Repository/WO_Dashboard/Page_Streetlogix  Dashboard/address_field2' is: 'TYLER AVE From 31ST ST To 32ND ST - 12'

2023-03-09 11:57:20 - [TEST_STEP][PASSED] - Searchedtext = "TYLER AVE From 31ST ST To 32ND ST - 12": null

2023-03-09 11:57:20 - [TEST_STEP][PASSED] - println(address): null

2023-03-09 11:57:20 - [TEST_STEP][PASSED] - verifyMatch(address, Searchedtext, false): Actual text 'TYLER AVE From 31ST ST To 32ND ST - 12' and expected text 'TYLER AVE From 31ST ST To 32ND ST - 12' are matched 

2023-03-09 11:57:20 - [MESSAGE][PASSED] - Actual text 'TYLER AVE From 31ST ST To 32ND ST - 12' and expected text 'TYLER AVE From 31ST ST To 32ND ST - 12' are matched 

2023-03-09 11:57:20 - [TEST_STEP][PASSED] - setText(findTestObject("Object Repository/WO_Dashboard/Page_Streetlogix  Dashboard/textarea_New"), "New"): Text 'New' is set on object 'Object Repository/WO_Dashboard/Page_Streetlogix  Dashboard/textarea_New'

2023-03-09 11:57:21 - [MESSAGE][PASSED] - Text 'New' is set on object 'Object Repository/WO_Dashboard/Page_Streetlogix  Dashboard/textarea_New'

2023-03-09 11:57:21 - [TEST_STEP][PASSED] - click(findTestObject("WO_Dashboard/Page_Streetlogix  Dashboard/btn_workorder_create")): Object: 'Object Repository/WO_Dashboard/Page_Streetlogix  Dashboard/btn_workorder_create' is clicked on

2023-03-09 11:57:21 - [MESSAGE][PASSED] - Object: 'Object Repository/WO_Dashboard/Page_Streetlogix  Dashboard/btn_workorder_create' is clicked on

2023-03-09 11:57:21 - [TEST_STEP][PASSED] - countAfter = database_keywords.test.Database_Keywords.getWorkOrdersCount(): database_keywords.test.Database_Keywords.getWorkOrdersCount is PASSED

2023-03-09 11:57:27 - [MESSAGE][PASSED] - database_keywords.test.Database_Keywords.getWorkOrdersCount is PASSED

2023-03-09 11:57:27 - [TEST_STEP][PASSED] - println(countAfter): null

2023-03-09 11:57:27 - [TEST_STEP][PASSED] - if (countAfter == countBefore + 1): null

2023-03-09 11:57:27 - [TEST_STEP][PASSED] - println("Work Order Created"): null

2023-03-09 11:57:27 - [TEST_STEP][PASSED] - closeBrowser(): Browser is closed

2023-03-09 11:57:27 - [MESSAGE][PASSED] - Browser is closed]]></system-out>
         <system-err><![CDATA[]]></system-err>
      </testcase>
      <testcase name="Test Cases/GiS/Budget Estimator/Budget_Estimator_1year" time="213.681" classname="Test Cases/GiS/Budget Estimator/Budget_Estimator_1year" status="PASSED">
         <system-out><![CDATA[2023-03-09 11:57:27 - [TEST_CASE][PASSED] - Test Cases/GiS/Budget Estimator/Budget_Estimator_1year: Test Cases/GiS/Budget Estimator/Budget_Estimator_1year

2023-03-09 11:57:27 - [TEST_STEP][PASSED] - gis_url.test.URL.redirectURL(): gis_url.test.URL.redirectURL is PASSED

2023-03-09 11:57:27 - [MESSAGE][INFO] - Starting 'Chrome' driver

2023-03-09 11:57:27 - [MESSAGE][INFO] - Action delay is set to 0 milliseconds

2023-03-09 11:57:30 - [MESSAGE][PASSED] - Browser is opened with url: 'https://streetlogix-gis-slx4-develop.vercel.app/?config=64077fc938af4bcc9a46a81d8f4e5576&token=eyJhbGciOiJIUzI1NiIsInR5cCI6IkpXVCJ9.eyJpZCI6OTc2LCJuYW1lIjoiU29oYWliIE5laGFsIiwiZXhwIjoxNjgwNjgwOTg3LCJpYXQiOjE2NzgwODg5ODd9.hALLa1SO64ZYI--CeYjMno4uFOCwR9lK0Lzo7eCUaPk'

2023-03-09 11:57:30 - [MESSAGE][PASSED] - gis_url.test.URL.redirectURL is PASSED

2023-03-09 11:57:30 - [TEST_STEP][PASSED] - delay(15): Delayed 15 second(s)

2023-03-09 11:57:45 - [MESSAGE][PASSED] - Delayed 15 second(s)

2023-03-09 11:57:45 - [TEST_STEP][PASSED] - click(findTestObject("EBP_Object/Page_Streetlogix/Menubar-icon")): Object: 'Object Repository/EBP_Object/Page_Streetlogix/Menubar-icon' is clicked on

2023-03-09 11:57:46 - [MESSAGE][PASSED] - Object: 'Object Repository/EBP_Object/Page_Streetlogix/Menubar-icon' is clicked on

2023-03-09 11:57:46 - [TEST_STEP][PASSED] - delay(10): Delayed 10 second(s)

2023-03-09 11:57:56 - [MESSAGE][PASSED] - Delayed 10 second(s)

2023-03-09 11:57:56 - [TEST_STEP][PASSED] - click(findTestObject("Object Repository/EBP_Object/Page_Streetlogix/div_Budget Estimator")): Object: 'Object Repository/EBP_Object/Page_Streetlogix/div_Budget Estimator' is clicked on

2023-03-09 11:57:56 - [MESSAGE][PASSED] - Object: 'Object Repository/EBP_Object/Page_Streetlogix/div_Budget Estimator' is clicked on

2023-03-09 11:57:56 - [TEST_STEP][PASSED] - Asset = getText(findTestObject("Compare Scenarios/div_Pavement Maintenance")): Text of object 'Object Repository/Compare Scenarios/div_Pavement Maintenance' is: 'Pavement Maintenance'

2023-03-09 11:57:58 - [MESSAGE][PASSED] - Text of object 'Object Repository/Compare Scenarios/div_Pavement Maintenance' is: 'Pavement Maintenance'

2023-03-09 11:57:58 - [TEST_STEP][PASSED] - Scenarioname = "EST 1": null

2023-03-09 11:57:58 - [TEST_STEP][PASSED] - Totalyears = "1": null

2023-03-09 11:57:58 - [TEST_STEP][PASSED] - Inflation = "5": null

2023-03-09 11:57:58 - [TEST_STEP][PASSED] - sendKeys(findTestObject("Object Repository/EBP_Object/Page_Streetlogix/input_Scenario Name_scenarioName"), Keys.chord(COMMAND, "a")): Keys 'COMMAND + a' sent to object: 'Object Repository/EBP_Object/Page_Streetlogix/input_Scenario Name_scenarioName'

2023-03-09 11:58:01 - [MESSAGE][PASSED] - Keys 'COMMAND + a' sent to object: 'Object Repository/EBP_Object/Page_Streetlogix/input_Scenario Name_scenarioName'

2023-03-09 11:58:01 - [TEST_STEP][PASSED] - sendKeys(findTestObject("Object Repository/EBP_Object/Page_Streetlogix/input_Scenario Name_scenarioName"), Keys.chord(DELETE)): Keys 'DELETE + ' sent to object: 'Object Repository/EBP_Object/Page_Streetlogix/input_Scenario Name_scenarioName'

2023-03-09 11:58:01 - [MESSAGE][PASSED] - Keys 'DELETE + ' sent to object: 'Object Repository/EBP_Object/Page_Streetlogix/input_Scenario Name_scenarioName'

2023-03-09 11:58:01 - [TEST_STEP][PASSED] - setText(findTestObject("Object Repository/EBP_Object/Page_Streetlogix/input_Scenario Name_scenarioName"), Scenarioname): Text 'EST 1' is set on object 'Object Repository/EBP_Object/Page_Streetlogix/input_Scenario Name_scenarioName'

2023-03-09 11:58:02 - [MESSAGE][PASSED] - Text 'EST 1' is set on object 'Object Repository/EBP_Object/Page_Streetlogix/input_Scenario Name_scenarioName'

2023-03-09 11:58:02 - [TEST_STEP][PASSED] - sendKeys(findTestObject("Object Repository/EBP_Object/Page_Streetlogix/input_Program duration_programDuration"), Keys.chord(COMMAND, "a")): Keys 'COMMAND + a' sent to object: 'Object Repository/EBP_Object/Page_Streetlogix/input_Program duration_programDuration'

2023-03-09 11:58:03 - [MESSAGE][PASSED] - Keys 'COMMAND + a' sent to object: 'Object Repository/EBP_Object/Page_Streetlogix/input_Program duration_programDuration'

2023-03-09 11:58:03 - [TEST_STEP][PASSED] - sendKeys(findTestObject("Object Repository/EBP_Object/Page_Streetlogix/input_Program duration_programDuration"), Keys.chord(DELETE)): Keys 'DELETE + ' sent to object: 'Object Repository/EBP_Object/Page_Streetlogix/input_Program duration_programDuration'

2023-03-09 11:58:03 - [MESSAGE][PASSED] - Keys 'DELETE + ' sent to object: 'Object Repository/EBP_Object/Page_Streetlogix/input_Program duration_programDuration'

2023-03-09 11:58:03 - [TEST_STEP][PASSED] - setText(findTestObject("Object Repository/EBP_Object/Page_Streetlogix/input_Program duration_programDuration"), Totalyears): Text '1' is set on object 'Object Repository/EBP_Object/Page_Streetlogix/input_Program duration_programDuration'

2023-03-09 11:58:04 - [MESSAGE][PASSED] - Text '1' is set on object 'Object Repository/EBP_Object/Page_Streetlogix/input_Program duration_programDuration'

2023-03-09 11:58:04 - [TEST_STEP][PASSED] - AvgCI = getText(findTestObject("EBP_Object/Page_Streetlogix/Average_condition_index")): Text of object 'Object Repository/EBP_Object/Page_Streetlogix/Average_condition_index' is: '27.95'

2023-03-09 11:58:04 - [MESSAGE][PASSED] - Text of object 'Object Repository/EBP_Object/Page_Streetlogix/Average_condition_index' is: '27.95'

2023-03-09 11:58:04 - [TEST_STEP][PASSED] - AvgCIdouble = AvgCI.toDouble(): null

2023-03-09 11:58:04 - [TEST_STEP][PASSED] - AvgCIround = Math.round(AvgCIdouble): null

2023-03-09 11:58:04 - [TEST_STEP][PASSED] - TargetCI = AvgCIround + 1: null

2023-03-09 11:58:04 - [TEST_STEP][PASSED] - Totalyear1 = Totalyears + " Year": null

2023-03-09 11:58:04 - [TEST_STEP][PASSED] - InflationSummary = Inflation + "%": null

2023-03-09 11:58:04 - [TEST_STEP][PASSED] - TargetCIfloat = TargetCI + ".00": null

2023-03-09 11:58:04 - [TEST_STEP][PASSED] - setText(findTestObject("Object Repository/EBP_Object/Page_Streetlogix/input_Target Condition Index_target_rating"), $TargetCI): Text '29' is set on object 'Object Repository/EBP_Object/Page_Streetlogix/input_Target Condition Index_target_rating'

2023-03-09 11:58:05 - [MESSAGE][PASSED] - Text '29' is set on object 'Object Repository/EBP_Object/Page_Streetlogix/input_Target Condition Index_target_rating'

2023-03-09 11:58:05 - [TEST_STEP][PASSED] - sendKeys(findTestObject("Object Repository/EBP_Object/Page_Streetlogix/input_Annual Inflation_annualInflation"), Keys.chord(COMMAND, "a")): Keys 'COMMAND + a' sent to object: 'Object Repository/EBP_Object/Page_Streetlogix/input_Annual Inflation_annualInflation'

2023-03-09 11:58:06 - [MESSAGE][PASSED] - Keys 'COMMAND + a' sent to object: 'Object Repository/EBP_Object/Page_Streetlogix/input_Annual Inflation_annualInflation'

2023-03-09 11:58:06 - [TEST_STEP][PASSED] - sendKeys(findTestObject("Object Repository/EBP_Object/Page_Streetlogix/input_Annual Inflation_annualInflation"), Keys.chord(DELETE)): Keys 'DELETE + ' sent to object: 'Object Repository/EBP_Object/Page_Streetlogix/input_Annual Inflation_annualInflation'

2023-03-09 11:58:06 - [MESSAGE][PASSED] - Keys 'DELETE + ' sent to object: 'Object Repository/EBP_Object/Page_Streetlogix/input_Annual Inflation_annualInflation'

2023-03-09 11:58:06 - [TEST_STEP][PASSED] - setText(findTestObject("Object Repository/EBP_Object/Page_Streetlogix/input_Annual Inflation_annualInflation"), Inflation): Text '5' is set on object 'Object Repository/EBP_Object/Page_Streetlogix/input_Annual Inflation_annualInflation'

2023-03-09 11:58:07 - [MESSAGE][PASSED] - Text '5' is set on object 'Object Repository/EBP_Object/Page_Streetlogix/input_Annual Inflation_annualInflation'

2023-03-09 11:58:07 - [TEST_STEP][PASSED] - click(findTestObject("Object Repository/EBP_Object/Page_Streetlogix/span_Calculate")): Object: 'Object Repository/EBP_Object/Page_Streetlogix/span_Calculate' is clicked on

2023-03-09 11:58:07 - [MESSAGE][PASSED] - Object: 'Object Repository/EBP_Object/Page_Streetlogix/span_Calculate' is clicked on

2023-03-09 11:58:07 - [TEST_STEP][PASSED] - delay(20): Delayed 20 second(s)

2023-03-09 11:58:27 - [MESSAGE][PASSED] - Delayed 20 second(s)

2023-03-09 11:58:27 - [TEST_STEP][PASSED] - click(findTestObject("Object Repository/EBP_Object/Page_Streetlogix/span_Load")): Object: 'Object Repository/EBP_Object/Page_Streetlogix/span_Load' is clicked on

2023-03-09 11:58:28 - [MESSAGE][PASSED] - Object: 'Object Repository/EBP_Object/Page_Streetlogix/span_Load' is clicked on

2023-03-09 11:58:28 - [TEST_STEP][PASSED] - delay(5): Delayed 5 second(s)

2023-03-09 11:58:33 - [MESSAGE][PASSED] - Delayed 5 second(s)

2023-03-09 11:58:33 - [TEST_STEP][PASSED] - Sname = TestObject().addProperty("text", EQUALS, Scenarioname): null

2023-03-09 11:58:33 - [TEST_STEP][PASSED] - click(Sname): Object: '' is clicked on

2023-03-09 11:58:33 - [MESSAGE][PASSED] - Object: '' is clicked on

2023-03-09 11:58:33 - [TEST_STEP][PASSED] - summary = Totalyears + " Year, Target rating " + TargetCI: null

2023-03-09 11:58:33 - [TEST_STEP][PASSED] - ActualSummary = getText(findTestObject("Object Repository/EBP_Object/Page_Streetlogix/Estimator_summary")): Text of object 'Object Repository/EBP_Object/Page_Streetlogix/Estimator_summary' is: '1 Year, Target rating 29'

2023-03-09 11:58:39 - [MESSAGE][PASSED] - Text of object 'Object Repository/EBP_Object/Page_Streetlogix/Estimator_summary' is: '1 Year, Target rating 29'

2023-03-09 11:58:39 - [TEST_STEP][PASSED] - Expectedsummary = TestObject().addProperty("text", EQUALS, summary): null

2023-03-09 11:58:39 - [TEST_STEP][PASSED] - verifyElementPresent(Expectedsummary, 5): Object '' is present

2023-03-09 11:58:40 - [MESSAGE][PASSED] - Object '' is present

2023-03-09 11:58:40 - [TEST_STEP][PASSED] - AssetSummary = getText(findTestObject("EBP_Object/Page_Streetlogix/Asset_name")): Text of object 'Object Repository/EBP_Object/Page_Streetlogix/Asset_name' is: 'Pavement'

2023-03-09 11:58:40 - [MESSAGE][PASSED] - Text of object 'Object Repository/EBP_Object/Page_Streetlogix/Asset_name' is: 'Pavement'

2023-03-09 11:58:40 - [TEST_STEP][PASSED] - Totalyear2 = getText(findTestObject("Object Repository/EBP_Object/Page_Streetlogix/Program_duration_1year")): Text of object 'Object Repository/EBP_Object/Page_Streetlogix/Program_duration_1year' is: '1 Year'

2023-03-09 11:58:41 - [MESSAGE][PASSED] - Text of object 'Object Repository/EBP_Object/Page_Streetlogix/Program_duration_1year' is: '1 Year'

2023-03-09 11:58:41 - [TEST_STEP][PASSED] - verifyMatch(Totalyear2, Totalyear1, false): Actual text '1 Year' and expected text '1 Year' are matched 

2023-03-09 11:58:41 - [MESSAGE][PASSED] - Actual text '1 Year' and expected text '1 Year' are matched 

2023-03-09 11:58:41 - [TEST_STEP][PASSED] - click(findTestObject("Object Repository/EBP_Object/Page_Streetlogix/Total cost estimated")): Object: 'Object Repository/EBP_Object/Page_Streetlogix/Total cost estimated' is clicked on

2023-03-09 11:58:41 - [MESSAGE][PASSED] - Object: 'Object Repository/EBP_Object/Page_Streetlogix/Total cost estimated' is clicked on

2023-03-09 11:58:41 - [TEST_STEP][PASSED] - Inflation2 = getText(findTestObject("Object Repository/EBP_Object/Page_Streetlogix/Inflation_5")): Text of object 'Object Repository/EBP_Object/Page_Streetlogix/Inflation_5' is: '5%'

2023-03-09 11:58:42 - [MESSAGE][PASSED] - Text of object 'Object Repository/EBP_Object/Page_Streetlogix/Inflation_5' is: '5%'

2023-03-09 11:58:42 - [TEST_STEP][PASSED] - InflationSummary: null

2023-03-09 11:58:42 - [TEST_STEP][PASSED] - verifyMatch(InflationSummary, Inflation2, false): Actual text '5%' and expected text '5%' are matched 

2023-03-09 11:58:42 - [MESSAGE][PASSED] - Actual text '5%' and expected text '5%' are matched 

2023-03-09 11:58:42 - [TEST_STEP][PASSED] - click(findTestObject("Object Repository/EBP_Object/Page_Streetlogix/h6_pci  0")): Object: 'Object Repository/EBP_Object/Page_Streetlogix/h6_pci  0' is clicked on

2023-03-09 11:58:42 - [MESSAGE][PASSED] - Object: 'Object Repository/EBP_Object/Page_Streetlogix/h6_pci  0' is clicked on

2023-03-09 11:58:42 - [TEST_STEP][PASSED] - DTused = getText(findTestObject("Object Repository/EBP_Object/Page_Streetlogix/h6_DT with PCI ranges")): Text of object 'Object Repository/EBP_Object/Page_Streetlogix/h6_DT with PCI ranges' is: 'DT with PCI ranges'

2023-03-09 11:58:43 - [MESSAGE][PASSED] - Text of object 'Object Repository/EBP_Object/Page_Streetlogix/h6_DT with PCI ranges' is: 'DT with PCI ranges'

2023-03-09 11:58:43 - [TEST_STEP][PASSED] - InuseDT = database_keywords.test.Database_Keywords.getinuseDT(): database_keywords.test.Database_Keywords.getinuseDT is PASSED

2023-03-09 11:58:48 - [MESSAGE][PASSED] - database_keywords.test.Database_Keywords.getinuseDT is PASSED

2023-03-09 11:58:48 - [TEST_STEP][PASSED] - println(InuseDT): null

2023-03-09 11:58:48 - [TEST_STEP][PASSED] - verifyMatch(InuseDT, DTused, false): Actual text 'DT with PCI ranges' and expected text 'DT with PCI ranges' are matched 

2023-03-09 11:58:48 - [MESSAGE][PASSED] - Actual text 'DT with PCI ranges' and expected text 'DT with PCI ranges' are matched 

2023-03-09 11:58:48 - [TEST_STEP][PASSED] - click(findTestObject("EBP_Object/Page_Streetlogix/View_Graph_dropdown")): Object: 'Object Repository/EBP_Object/Page_Streetlogix/View_Graph_dropdown' is clicked on

2023-03-09 11:58:48 - [MESSAGE][PASSED] - Object: 'Object Repository/EBP_Object/Page_Streetlogix/View_Graph_dropdown' is clicked on

2023-03-09 11:58:48 - [TEST_STEP][PASSED] - click(findTestObject("Object Repository/EBP_Object/Page_Streetlogix/li_Table")): Object: 'Object Repository/EBP_Object/Page_Streetlogix/li_Table' is clicked on

2023-03-09 11:58:49 - [MESSAGE][PASSED] - Object: 'Object Repository/EBP_Object/Page_Streetlogix/li_Table' is clicked on

2023-03-09 11:58:49 - [TEST_STEP][PASSED] - delay(5): Delayed 5 second(s)

2023-03-09 11:58:54 - [MESSAGE][PASSED] - Delayed 5 second(s)

2023-03-09 11:58:54 - [TEST_STEP][PASSED] - finalrating = TestObject().addProperty("text", EQUALS, TargetCIfloat): null

2023-03-09 11:58:54 - [TEST_STEP][PASSED] - verifyElementPresent(finalrating, 5): Object '' is present

2023-03-09 11:58:54 - [MESSAGE][PASSED] - Object '' is present

2023-03-09 11:58:54 - [TEST_STEP][PASSED] - click(findTestObject("Object Repository/EBP_Object/Page_Streetlogix/span_Report")): Object: 'Object Repository/EBP_Object/Page_Streetlogix/span_Report' is clicked on

2023-03-09 11:58:55 - [MESSAGE][PASSED] - Object: 'Object Repository/EBP_Object/Page_Streetlogix/span_Report' is clicked on

2023-03-09 11:58:55 - [TEST_STEP][PASSED] - delay(5): Delayed 5 second(s)

2023-03-09 11:59:00 - [MESSAGE][PASSED] - Delayed 5 second(s)

2023-03-09 11:59:00 - [TEST_STEP][PASSED] - click(findTestObject("Object Repository/EBP_Object/Page_Streetlogix/span_Export")): Object: 'Object Repository/EBP_Object/Page_Streetlogix/span_Export' is clicked on

2023-03-09 11:59:00 - [MESSAGE][PASSED] - Object: 'Object Repository/EBP_Object/Page_Streetlogix/span_Export' is clicked on

2023-03-09 11:59:00 - [TEST_STEP][PASSED] - delay(120): Delayed 120 second(s)

2023-03-09 12:01:00 - [MESSAGE][PASSED] - Delayed 120 second(s)

2023-03-09 12:01:00 - [TEST_STEP][PASSED] - click(findTestObject("Object Repository/EBP_Object/Page_Streetlogix/span_Close")): Object: 'Object Repository/EBP_Object/Page_Streetlogix/span_Close' is clicked on

2023-03-09 12:01:01 - [MESSAGE][PASSED] - Object: 'Object Repository/EBP_Object/Page_Streetlogix/span_Close' is clicked on

2023-03-09 12:01:01 - [TEST_STEP][PASSED] - isFileDownloaded("Streetlogix-EST-1.pdf"): null

2023-03-09 12:01:01 - [TEST_STEP][PASSED] - downloadPath = "/Users/kashif/Downloads": null

2023-03-09 12:01:01 - [TEST_STEP][PASSED] - dir = new java.io.File(downloadPath): null

2023-03-09 12:01:01 - [TEST_STEP][PASSED] - files = dir.listFiles(): null

2023-03-09 12:01:01 - [TEST_STEP][PASSED] - for (File file : files): null

2023-03-09 12:01:01 - [TEST_STEP][PASSED] - if (getName().equals(fileName)): null

2023-03-09 12:01:01 - [TEST_STEP][PASSED] - if (getName().equals(fileName)): null

2023-03-09 12:01:01 - [TEST_STEP][PASSED] - if (getName().equals(fileName)): null

2023-03-09 12:01:01 - [TEST_STEP][PASSED] - if (getName().equals(fileName)): null

2023-03-09 12:01:01 - [TEST_STEP][PASSED] - if (getName().equals(fileName)): null

2023-03-09 12:01:01 - [TEST_STEP][PASSED] - if (getName().equals(fileName)): null

2023-03-09 12:01:01 - [TEST_STEP][PASSED] - if (getName().equals(fileName)): null

2023-03-09 12:01:01 - [TEST_STEP][PASSED] - if (getName().equals(fileName)): null

2023-03-09 12:01:01 - [TEST_STEP][PASSED] - if (getName().equals(fileName)): null

2023-03-09 12:01:01 - [TEST_STEP][PASSED] - if (getName().equals(fileName)): null

2023-03-09 12:01:01 - [TEST_STEP][PASSED] - if (getName().equals(fileName)): null

2023-03-09 12:01:01 - [TEST_STEP][PASSED] - if (getName().equals(fileName)): null

2023-03-09 12:01:01 - [TEST_STEP][PASSED] - if (getName().equals(fileName)): null

2023-03-09 12:01:01 - [TEST_STEP][PASSED] - if (getName().equals(fileName)): null

2023-03-09 12:01:01 - [TEST_STEP][PASSED] - if (getName().equals(fileName)): null

2023-03-09 12:01:01 - [TEST_STEP][PASSED] - if (getName().equals(fileName)): null

2023-03-09 12:01:01 - [TEST_STEP][PASSED] - if (getName().equals(fileName)): null

2023-03-09 12:01:01 - [TEST_STEP][PASSED] - if (getName().equals(fileName)): null

2023-03-09 12:01:01 - [TEST_STEP][PASSED] - if (getName().equals(fileName)): null

2023-03-09 12:01:01 - [TEST_STEP][PASSED] - if (getName().equals(fileName)): null

2023-03-09 12:01:01 - [TEST_STEP][PASSED] - if (getName().equals(fileName)): null

2023-03-09 12:01:01 - [TEST_STEP][PASSED] - if (getName().equals(fileName)): null

2023-03-09 12:01:01 - [TEST_STEP][PASSED] - if (getName().equals(fileName)): null

2023-03-09 12:01:01 - [TEST_STEP][PASSED] - if (getName().equals(fileName)): null

2023-03-09 12:01:01 - [TEST_STEP][PASSED] - if (getName().equals(fileName)): null

2023-03-09 12:01:01 - [TEST_STEP][PASSED] - if (getName().equals(fileName)): null

2023-03-09 12:01:01 - [TEST_STEP][PASSED] - if (getName().equals(fileName)): null

2023-03-09 12:01:01 - [TEST_STEP][PASSED] - if (getName().equals(fileName)): null

2023-03-09 12:01:01 - [TEST_STEP][PASSED] - if (getName().equals(fileName)): null

2023-03-09 12:01:01 - [TEST_STEP][PASSED] - if (getName().equals(fileName)): null

2023-03-09 12:01:01 - [TEST_STEP][PASSED] - if (getName().equals(fileName)): null

2023-03-09 12:01:01 - [TEST_STEP][PASSED] - if (getName().equals(fileName)): null

2023-03-09 12:01:01 - [TEST_STEP][PASSED] - if (getName().equals(fileName)): null

2023-03-09 12:01:01 - [TEST_STEP][PASSED] - if (getName().equals(fileName)): null

2023-03-09 12:01:01 - [TEST_STEP][PASSED] - if (getName().equals(fileName)): null

2023-03-09 12:01:01 - [TEST_STEP][PASSED] - if (getName().equals(fileName)): null

2023-03-09 12:01:01 - [TEST_STEP][PASSED] - if (getName().equals(fileName)): null

2023-03-09 12:01:01 - [TEST_STEP][PASSED] - markPassed("File " + fileName + " exists in " + downloadPath): File Streetlogix-EST-1.pdf exists in /Users/kashif/Downloads

2023-03-09 12:01:01 - [MESSAGE][PASSED] - File Streetlogix-EST-1.pdf exists in /Users/kashif/Downloads

2023-03-09 12:01:01 - [TEST_STEP][PASSED] - return true: null

2023-03-09 12:01:01 - [TEST_STEP][PASSED] - closeBrowser(): Browser is closed

2023-03-09 12:01:01 - [MESSAGE][PASSED] - Browser is closed]]></system-out>
         <system-err><![CDATA[]]></system-err>
      </testcase>
      <testcase name="Test Cases/GiS/Budget Estimator/Budget_Estimator_1year - Sidewalk" time="611.4" classname="Test Cases/GiS/Budget Estimator/Budget_Estimator_1year - Sidewalk" status="FAILED">
         <failure type="FAILED" message="Test Cases/GiS/Budget Estimator/Budget_Estimator_1year - Sidewalk FAILED.
Reason:
com.kms.katalon.core.exception.StepFailedException: Unable to get text of object 'Object Repository/EBP_Object/Page_Streetlogix/Estimator_summary' (Root cause: com.kms.katalon.core.exception.StepFailedException: Unable to get text of object 'Object Repository/EBP_Object/Page_Streetlogix/Estimator_summary'
	at com.kms.katalon.core.webui.keyword.internal.WebUIKeywordMain.stepFailed(WebUIKeywordMain.groovy:64)
	at com.kms.katalon.core.webui.keyword.internal.WebUIKeywordMain.runKeyword(WebUIKeywordMain.groovy:26)
	at com.kms.katalon.core.webui.keyword.builtin.GetTextKeyword.getText(GetTextKeyword.groovy:88)
	at com.kms.katalon.core.webui.keyword.builtin.GetTextKeyword.execute(GetTextKeyword.groovy:67)
	at com.kms.katalon.core.keyword.internal.KeywordExecutor.executeKeywordForPlatform(KeywordExecutor.groovy:74)
	at com.kms.katalon.core.webui.keyword.WebUiBuiltInKeywords.getText(WebUiBuiltInKeywords.groovy:918)
	at com.kms.katalon.core.webui.keyword.WebUiBuiltInKeywords$getText$1.call(Unknown Source)
	at Budget_Estimator_1year - Sidewalk.run(Budget_Estimator_1year - Sidewalk:100)
	at com.kms.katalon.core.main.ScriptEngine.run(ScriptEngine.java:194)
	at com.kms.katalon.core.main.ScriptEngine.runScriptAsRawText(ScriptEngine.java:119)
	at com.kms.katalon.core.main.TestCaseExecutor.runScript(TestCaseExecutor.java:448)
	at com.kms.katalon.core.main.TestCaseExecutor.doExecute(TestCaseExecutor.java:439)
	at com.kms.katalon.core.main.TestCaseExecutor.processExecutionPhase(TestCaseExecutor.java:418)
	at com.kms.katalon.core.main.TestCaseExecutor.accessMainPhase(TestCaseExecutor.java:410)
	at com.kms.katalon.core.main.TestCaseExecutor.execute(TestCaseExecutor.java:285)
	at com.kms.katalon.core.common.CommonExecutor.accessTestCaseMainPhase(CommonExecutor.java:65)
	at com.kms.katalon.core.main.TestSuiteExecutor.accessTestSuiteMainPhase(TestSuiteExecutor.java:151)
	at com.kms.katalon.core.main.TestSuiteExecutor.execute(TestSuiteExecutor.java:106)
	at com.kms.katalon.core.main.TestCaseMain.startTestSuite(TestCaseMain.java:185)
	at com.kms.katalon.core.main.TestCaseMain$startTestSuite$0.call(Unknown Source)
	at TempTestSuite1678344058063.run(TempTestSuite1678344058063.groovy:36)
Caused by: com.kms.katalon.core.webui.exception.WebElementNotFoundException: Web element with id: 'Object Repository/EBP_Object/Page_Streetlogix/Estimator_summary' located by '/html/body/div[1]/div[1]/div[1]/div[1]/div[2]/div/div[1]/div/div[2]/div/div[1]/div[1]/p' not found
	at com.kms.katalon.core.webui.common.WebUiCommonHelper.findWebElement(WebUiCommonHelper.java:1370)
	at com.kms.katalon.core.webui.keyword.internal.WebUIAbstractKeyword.findWebElement(WebUIAbstractKeyword.groovy:27)
	at com.kms.katalon.core.webui.keyword.internal.WebUIAbstractKeyword.findWebElement(WebUIAbstractKeyword.groovy:26)
	at com.kms.katalon.core.webui.keyword.builtin.GetTextKeyword$_getText_closure1.doCall(GetTextKeyword.groovy:78)
	at com.kms.katalon.core.webui.keyword.builtin.GetTextKeyword$_getText_closure1.call(GetTextKeyword.groovy)
	at com.kms.katalon.core.webui.keyword.internal.WebUIKeywordMain.runKeyword(WebUIKeywordMain.groovy:20)
	at com.kms.katalon.core.webui.keyword.builtin.GetTextKeyword.getText(GetTextKeyword.groovy:88)
	at com.kms.katalon.core.webui.keyword.builtin.GetTextKeyword.execute(GetTextKeyword.groovy:67)
	at com.kms.katalon.core.keyword.internal.KeywordExecutor.executeKeywordForPlatform(KeywordExecutor.groovy:74)
	at com.kms.katalon.core.webui.keyword.WebUiBuiltInKeywords.getText(WebUiBuiltInKeywords.groovy:918)
	at com.kms.katalon.core.webui.keyword.WebUiBuiltInKeywords$getText$1.call(Unknown Source)
	at Script1677278605328.run(Script1677278605328.groovy:100)
	... 13 more
)
	at com.kms.katalon.core.keyword.internal.KeywordMain.stepFailed(KeywordMain.groovy:39)
	at com.kms.katalon.core.webui.keyword.internal.WebUIKeywordMain.stepFailed(WebUIKeywordMain.groovy:64)
	at com.kms.katalon.core.webui.keyword.internal.WebUIKeywordMain.runKeyword(WebUIKeywordMain.groovy:26)
	at com.kms.katalon.core.webui.keyword.builtin.GetTextKeyword.getText(GetTextKeyword.groovy:88)
	at com.kms.katalon.core.webui.keyword.builtin.GetTextKeyword.execute(GetTextKeyword.groovy:67)
	at com.kms.katalon.core.keyword.internal.KeywordExecutor.executeKeywordForPlatform(KeywordExecutor.groovy:74)
	at com.kms.katalon.core.webui.keyword.WebUiBuiltInKeywords.getText(WebUiBuiltInKeywords.groovy:918)
	at com.kms.katalon.core.webui.keyword.WebUiBuiltInKeywords$getText$1.call(Unknown Source)
	at Budget_Estimator_1year - Sidewalk.run(Budget_Estimator_1year - Sidewalk:100)
	at com.kms.katalon.core.main.ScriptEngine.run(ScriptEngine.java:194)
	at com.kms.katalon.core.main.ScriptEngine.runScriptAsRawText(ScriptEngine.java:119)
	at com.kms.katalon.core.main.TestCaseExecutor.runScript(TestCaseExecutor.java:448)
	at com.kms.katalon.core.main.TestCaseExecutor.doExecute(TestCaseExecutor.java:439)
	at com.kms.katalon.core.main.TestCaseExecutor.processExecutionPhase(TestCaseExecutor.java:418)
	at com.kms.katalon.core.main.TestCaseExecutor.accessMainPhase(TestCaseExecutor.java:410)
	at com.kms.katalon.core.main.TestCaseExecutor.execute(TestCaseExecutor.java:285)
	at com.kms.katalon.core.common.CommonExecutor.accessTestCaseMainPhase(CommonExecutor.java:65)
	at com.kms.katalon.core.main.TestSuiteExecutor.accessTestSuiteMainPhase(TestSuiteExecutor.java:151)
	at com.kms.katalon.core.main.TestSuiteExecutor.execute(TestSuiteExecutor.java:106)
	at com.kms.katalon.core.main.TestCaseMain.startTestSuite(TestCaseMain.java:185)
	at com.kms.katalon.core.main.TestCaseMain$startTestSuite$0.call(Unknown Source)
	at TempTestSuite1678344058063.run(TempTestSuite1678344058063.groovy:36)
Caused by: com.kms.katalon.core.exception.StepFailedException: Unable to get text of object 'Object Repository/EBP_Object/Page_Streetlogix/Estimator_summary'
	... 21 more
Caused by: com.kms.katalon.core.webui.exception.WebElementNotFoundException: Web element with id: 'Object Repository/EBP_Object/Page_Streetlogix/Estimator_summary' located by '/html/body/div[1]/div[1]/div[1]/div[1]/div[2]/div/div[1]/div/div[2]/div/div[1]/div[1]/p' not found
	at com.kms.katalon.core.webui.common.WebUiCommonHelper.findWebElement(WebUiCommonHelper.java:1370)
	at com.kms.katalon.core.webui.keyword.internal.WebUIAbstractKeyword.findWebElement(WebUIAbstractKeyword.groovy:27)
	at com.kms.katalon.core.webui.keyword.internal.WebUIAbstractKeyword.findWebElement(WebUIAbstractKeyword.groovy:26)
	at com.kms.katalon.core.webui.keyword.builtin.GetTextKeyword$_getText_closure1.doCall(GetTextKeyword.groovy:78)
	at com.kms.katalon.core.webui.keyword.builtin.GetTextKeyword$_getText_closure1.call(GetTextKeyword.groovy)
	at com.kms.katalon.core.webui.keyword.internal.WebUIKeywordMain.runKeyword(WebUIKeywordMain.groovy:20)
	... 19 more
"/>
         <system-out><![CDATA[2023-03-09 12:01:01 - [TEST_CASE][FAILED] - Test Cases/GiS/Budget Estimator/Budget_Estimator_1year - Sidewalk: Test Cases/GiS/Budget Estimator/Budget_Estimator_1year - Sidewalk FAILED.
Reason:
com.kms.katalon.core.exception.StepFailedException: Unable to get text of object 'Object Repository/EBP_Object/Page_Streetlogix/Estimator_summary' (Root cause: com.kms.katalon.core.exception.StepFailedException: Unable to get text of object 'Object Repository/EBP_Object/Page_Streetlogix/Estimator_summary'
	at com.kms.katalon.core.webui.keyword.internal.WebUIKeywordMain.stepFailed(WebUIKeywordMain.groovy:64)
	at com.kms.katalon.core.webui.keyword.internal.WebUIKeywordMain.runKeyword(WebUIKeywordMain.groovy:26)
	at com.kms.katalon.core.webui.keyword.builtin.GetTextKeyword.getText(GetTextKeyword.groovy:88)
	at com.kms.katalon.core.webui.keyword.builtin.GetTextKeyword.execute(GetTextKeyword.groovy:67)
	at com.kms.katalon.core.keyword.internal.KeywordExecutor.executeKeywordForPlatform(KeywordExecutor.groovy:74)
	at com.kms.katalon.core.webui.keyword.WebUiBuiltInKeywords.getText(WebUiBuiltInKeywords.groovy:918)
	at com.kms.katalon.core.webui.keyword.WebUiBuiltInKeywords$getText$1.call(Unknown Source)
	at Budget_Estimator_1year - Sidewalk.run(Budget_Estimator_1year - Sidewalk:100)
	at com.kms.katalon.core.main.ScriptEngine.run(ScriptEngine.java:194)
	at com.kms.katalon.core.main.ScriptEngine.runScriptAsRawText(ScriptEngine.java:119)
	at com.kms.katalon.core.main.TestCaseExecutor.runScript(TestCaseExecutor.java:448)
	at com.kms.katalon.core.main.TestCaseExecutor.doExecute(TestCaseExecutor.java:439)
	at com.kms.katalon.core.main.TestCaseExecutor.processExecutionPhase(TestCaseExecutor.java:418)
	at com.kms.katalon.core.main.TestCaseExecutor.accessMainPhase(TestCaseExecutor.java:410)
	at com.kms.katalon.core.main.TestCaseExecutor.execute(TestCaseExecutor.java:285)
	at com.kms.katalon.core.common.CommonExecutor.accessTestCaseMainPhase(CommonExecutor.java:65)
	at com.kms.katalon.core.main.TestSuiteExecutor.accessTestSuiteMainPhase(TestSuiteExecutor.java:151)
	at com.kms.katalon.core.main.TestSuiteExecutor.execute(TestSuiteExecutor.java:106)
	at com.kms.katalon.core.main.TestCaseMain.startTestSuite(TestCaseMain.java:185)
	at com.kms.katalon.core.main.TestCaseMain$startTestSuite$0.call(Unknown Source)
	at TempTestSuite1678344058063.run(TempTestSuite1678344058063.groovy:36)
Caused by: com.kms.katalon.core.webui.exception.WebElementNotFoundException: Web element with id: 'Object Repository/EBP_Object/Page_Streetlogix/Estimator_summary' located by '/html/body/div[1]/div[1]/div[1]/div[1]/div[2]/div/div[1]/div/div[2]/div/div[1]/div[1]/p' not found
	at com.kms.katalon.core.webui.common.WebUiCommonHelper.findWebElement(WebUiCommonHelper.java:1370)
	at com.kms.katalon.core.webui.keyword.internal.WebUIAbstractKeyword.findWebElement(WebUIAbstractKeyword.groovy:27)
	at com.kms.katalon.core.webui.keyword.internal.WebUIAbstractKeyword.findWebElement(WebUIAbstractKeyword.groovy:26)
	at com.kms.katalon.core.webui.keyword.builtin.GetTextKeyword$_getText_closure1.doCall(GetTextKeyword.groovy:78)
	at com.kms.katalon.core.webui.keyword.builtin.GetTextKeyword$_getText_closure1.call(GetTextKeyword.groovy)
	at com.kms.katalon.core.webui.keyword.internal.WebUIKeywordMain.runKeyword(WebUIKeywordMain.groovy:20)
	at com.kms.katalon.core.webui.keyword.builtin.GetTextKeyword.getText(GetTextKeyword.groovy:88)
	at com.kms.katalon.core.webui.keyword.builtin.GetTextKeyword.execute(GetTextKeyword.groovy:67)
	at com.kms.katalon.core.keyword.internal.KeywordExecutor.executeKeywordForPlatform(KeywordExecutor.groovy:74)
	at com.kms.katalon.core.webui.keyword.WebUiBuiltInKeywords.getText(WebUiBuiltInKeywords.groovy:918)
	at com.kms.katalon.core.webui.keyword.WebUiBuiltInKeywords$getText$1.call(Unknown Source)
	at Script1677278605328.run(Script1677278605328.groovy:100)
	... 13 more
)
	at com.kms.katalon.core.keyword.internal.KeywordMain.stepFailed(KeywordMain.groovy:39)
	at com.kms.katalon.core.webui.keyword.internal.WebUIKeywordMain.stepFailed(WebUIKeywordMain.groovy:64)
	at com.kms.katalon.core.webui.keyword.internal.WebUIKeywordMain.runKeyword(WebUIKeywordMain.groovy:26)
	at com.kms.katalon.core.webui.keyword.builtin.GetTextKeyword.getText(GetTextKeyword.groovy:88)
	at com.kms.katalon.core.webui.keyword.builtin.GetTextKeyword.execute(GetTextKeyword.groovy:67)
	at com.kms.katalon.core.keyword.internal.KeywordExecutor.executeKeywordForPlatform(KeywordExecutor.groovy:74)
	at com.kms.katalon.core.webui.keyword.WebUiBuiltInKeywords.getText(WebUiBuiltInKeywords.groovy:918)
	at com.kms.katalon.core.webui.keyword.WebUiBuiltInKeywords$getText$1.call(Unknown Source)
	at Budget_Estimator_1year - Sidewalk.run(Budget_Estimator_1year - Sidewalk:100)
	at com.kms.katalon.core.main.ScriptEngine.run(ScriptEngine.java:194)
	at com.kms.katalon.core.main.ScriptEngine.runScriptAsRawText(ScriptEngine.java:119)
	at com.kms.katalon.core.main.TestCaseExecutor.runScript(TestCaseExecutor.java:448)
	at com.kms.katalon.core.main.TestCaseExecutor.doExecute(TestCaseExecutor.java:439)
	at com.kms.katalon.core.main.TestCaseExecutor.processExecutionPhase(TestCaseExecutor.java:418)
	at com.kms.katalon.core.main.TestCaseExecutor.accessMainPhase(TestCaseExecutor.java:410)
	at com.kms.katalon.core.main.TestCaseExecutor.execute(TestCaseExecutor.java:285)
	at com.kms.katalon.core.common.CommonExecutor.accessTestCaseMainPhase(CommonExecutor.java:65)
	at com.kms.katalon.core.main.TestSuiteExecutor.accessTestSuiteMainPhase(TestSuiteExecutor.java:151)
	at com.kms.katalon.core.main.TestSuiteExecutor.execute(TestSuiteExecutor.java:106)
	at com.kms.katalon.core.main.TestCaseMain.startTestSuite(TestCaseMain.java:185)
	at com.kms.katalon.core.main.TestCaseMain$startTestSuite$0.call(Unknown Source)
	at TempTestSuite1678344058063.run(TempTestSuite1678344058063.groovy:36)
Caused by: com.kms.katalon.core.exception.StepFailedException: Unable to get text of object 'Object Repository/EBP_Object/Page_Streetlogix/Estimator_summary'
	... 21 more
Caused by: com.kms.katalon.core.webui.exception.WebElementNotFoundException: Web element with id: 'Object Repository/EBP_Object/Page_Streetlogix/Estimator_summary' located by '/html/body/div[1]/div[1]/div[1]/div[1]/div[2]/div/div[1]/div/div[2]/div/div[1]/div[1]/p' not found
	at com.kms.katalon.core.webui.common.WebUiCommonHelper.findWebElement(WebUiCommonHelper.java:1370)
	at com.kms.katalon.core.webui.keyword.internal.WebUIAbstractKeyword.findWebElement(WebUIAbstractKeyword.groovy:27)
	at com.kms.katalon.core.webui.keyword.internal.WebUIAbstractKeyword.findWebElement(WebUIAbstractKeyword.groovy:26)
	at com.kms.katalon.core.webui.keyword.builtin.GetTextKeyword$_getText_closure1.doCall(GetTextKeyword.groovy:78)
	at com.kms.katalon.core.webui.keyword.builtin.GetTextKeyword$_getText_closure1.call(GetTextKeyword.groovy)
	at com.kms.katalon.core.webui.keyword.internal.WebUIKeywordMain.runKeyword(WebUIKeywordMain.groovy:20)
	... 19 more


2023-03-09 12:01:01 - [TEST_STEP][PASSED] - gis_url.test.URL.redirectURL(): gis_url.test.URL.redirectURL is PASSED

2023-03-09 12:01:01 - [MESSAGE][INFO] - Starting 'Chrome' driver

2023-03-09 12:01:01 - [MESSAGE][INFO] - Action delay is set to 0 milliseconds

2023-03-09 12:01:04 - [MESSAGE][PASSED] - Browser is opened with url: 'https://streetlogix-gis-slx4-develop.vercel.app/?config=64077fc938af4bcc9a46a81d8f4e5576&token=eyJhbGciOiJIUzI1NiIsInR5cCI6IkpXVCJ9.eyJpZCI6OTc2LCJuYW1lIjoiU29oYWliIE5laGFsIiwiZXhwIjoxNjgwNjgwOTg3LCJpYXQiOjE2NzgwODg5ODd9.hALLa1SO64ZYI--CeYjMno4uFOCwR9lK0Lzo7eCUaPk'

2023-03-09 12:01:04 - [MESSAGE][PASSED] - gis_url.test.URL.redirectURL is PASSED

2023-03-09 12:01:04 - [TEST_STEP][PASSED] - delay(15): Delayed 15 second(s)

2023-03-09 12:01:19 - [MESSAGE][PASSED] - Delayed 15 second(s)

2023-03-09 12:01:19 - [TEST_STEP][PASSED] - click(findTestObject("EBP_Object/Page_Streetlogix/Menubar-icon")): Object: 'Object Repository/EBP_Object/Page_Streetlogix/Menubar-icon' is clicked on

2023-03-09 12:01:19 - [MESSAGE][PASSED] - Object: 'Object Repository/EBP_Object/Page_Streetlogix/Menubar-icon' is clicked on

2023-03-09 12:01:19 - [TEST_STEP][PASSED] - delay(10): Delayed 10 second(s)

2023-03-09 12:01:30 - [MESSAGE][PASSED] - Delayed 10 second(s)

2023-03-09 12:01:30 - [TEST_STEP][PASSED] - click(findTestObject("Object Repository/EBP_Object/Page_Streetlogix/div_Budget Estimator")): Object: 'Object Repository/EBP_Object/Page_Streetlogix/div_Budget Estimator' is clicked on

2023-03-09 12:01:30 - [MESSAGE][PASSED] - Object: 'Object Repository/EBP_Object/Page_Streetlogix/div_Budget Estimator' is clicked on

2023-03-09 12:01:30 - [TEST_STEP][PASSED] - click(findTestObject("Compare Scenarios/div_Pavement Maintenance")): Object: 'Object Repository/Compare Scenarios/div_Pavement Maintenance' is clicked on

2023-03-09 12:01:31 - [MESSAGE][PASSED] - Object: 'Object Repository/Compare Scenarios/div_Pavement Maintenance' is clicked on

2023-03-09 12:01:31 - [TEST_STEP][PASSED] - click(findTestObject("Compare Scenarios/li_Sidewalk Maintenance")): Object: 'Object Repository/Compare Scenarios/li_Sidewalk Maintenance' is clicked on

2023-03-09 12:01:33 - [MESSAGE][PASSED] - Object: 'Object Repository/Compare Scenarios/li_Sidewalk Maintenance' is clicked on

2023-03-09 12:01:33 - [TEST_STEP][PASSED] - Scenarioname = "EST SW 1": null

2023-03-09 12:01:33 - [TEST_STEP][PASSED] - sendKeys(findTestObject("Object Repository/EBP_Object/Page_Streetlogix/input_Scenario Name_scenarioName"), Keys.chord(COMMAND, "a")): Keys 'COMMAND + a' sent to object: 'Object Repository/EBP_Object/Page_Streetlogix/input_Scenario Name_scenarioName'

2023-03-09 12:01:35 - [MESSAGE][PASSED] - Keys 'COMMAND + a' sent to object: 'Object Repository/EBP_Object/Page_Streetlogix/input_Scenario Name_scenarioName'

2023-03-09 12:01:35 - [TEST_STEP][PASSED] - sendKeys(findTestObject("Object Repository/EBP_Object/Page_Streetlogix/input_Scenario Name_scenarioName"), Keys.chord(DELETE)): Keys 'DELETE + ' sent to object: 'Object Repository/EBP_Object/Page_Streetlogix/input_Scenario Name_scenarioName'

2023-03-09 12:01:35 - [MESSAGE][PASSED] - Keys 'DELETE + ' sent to object: 'Object Repository/EBP_Object/Page_Streetlogix/input_Scenario Name_scenarioName'

2023-03-09 12:01:35 - [TEST_STEP][PASSED] - setText(findTestObject("Object Repository/EBP_Object/Page_Streetlogix/input_Scenario Name_scenarioName"), Scenarioname): Text 'EST SW 1' is set on object 'Object Repository/EBP_Object/Page_Streetlogix/input_Scenario Name_scenarioName'

2023-03-09 12:01:36 - [MESSAGE][PASSED] - Text 'EST SW 1' is set on object 'Object Repository/EBP_Object/Page_Streetlogix/input_Scenario Name_scenarioName'

2023-03-09 12:01:36 - [TEST_STEP][PASSED] - sendKeys(findTestObject("Object Repository/EBP_Object/Page_Streetlogix/input_Program duration_programDuration"), Keys.chord(COMMAND, "a")): Keys 'COMMAND + a' sent to object: 'Object Repository/EBP_Object/Page_Streetlogix/input_Program duration_programDuration'

2023-03-09 12:01:36 - [MESSAGE][PASSED] - Keys 'COMMAND + a' sent to object: 'Object Repository/EBP_Object/Page_Streetlogix/input_Program duration_programDuration'

2023-03-09 12:01:36 - [TEST_STEP][PASSED] - sendKeys(findTestObject("Object Repository/EBP_Object/Page_Streetlogix/input_Program duration_programDuration"), Keys.chord(DELETE)): Keys 'DELETE + ' sent to object: 'Object Repository/EBP_Object/Page_Streetlogix/input_Program duration_programDuration'

2023-03-09 12:01:37 - [MESSAGE][PASSED] - Keys 'DELETE + ' sent to object: 'Object Repository/EBP_Object/Page_Streetlogix/input_Program duration_programDuration'

2023-03-09 12:01:37 - [TEST_STEP][PASSED] - setText(findTestObject("Object Repository/EBP_Object/Page_Streetlogix/input_Program duration_programDuration"), "1"): Text '1' is set on object 'Object Repository/EBP_Object/Page_Streetlogix/input_Program duration_programDuration'

2023-03-09 12:01:37 - [MESSAGE][PASSED] - Text '1' is set on object 'Object Repository/EBP_Object/Page_Streetlogix/input_Program duration_programDuration'

2023-03-09 12:01:37 - [TEST_STEP][PASSED] - AvgCI = getText(findTestObject("EBP_Object/Page_Streetlogix/Average_condition_index")): Text of object 'Object Repository/EBP_Object/Page_Streetlogix/Average_condition_index' is: '54.43'

2023-03-09 12:01:38 - [MESSAGE][PASSED] - Text of object 'Object Repository/EBP_Object/Page_Streetlogix/Average_condition_index' is: '54.43'

2023-03-09 12:01:38 - [TEST_STEP][PASSED] - AvgCIdouble = AvgCI.toDouble(): null

2023-03-09 12:01:38 - [TEST_STEP][PASSED] - AvgCIround = Math.round(AvgCIdouble): null

2023-03-09 12:01:38 - [TEST_STEP][PASSED] - TargetCI = AvgCIround + 1: null

2023-03-09 12:01:38 - [TEST_STEP][PASSED] - TargetCIfloat = TargetCI + ".00": null

2023-03-09 12:01:38 - [TEST_STEP][PASSED] - setText(findTestObject("Object Repository/EBP_Object/Page_Streetlogix/input_Target Condition Index_target_rating"), $TargetCI): Text '55' is set on object 'Object Repository/EBP_Object/Page_Streetlogix/input_Target Condition Index_target_rating'

2023-03-09 12:01:39 - [MESSAGE][PASSED] - Text '55' is set on object 'Object Repository/EBP_Object/Page_Streetlogix/input_Target Condition Index_target_rating'

2023-03-09 12:01:39 - [TEST_STEP][PASSED] - sendKeys(findTestObject("Object Repository/EBP_Object/Page_Streetlogix/input_Annual Inflation_annualInflation"), Keys.chord(COMMAND, "a")): Keys 'COMMAND + a' sent to object: 'Object Repository/EBP_Object/Page_Streetlogix/input_Annual Inflation_annualInflation'

2023-03-09 12:01:39 - [MESSAGE][PASSED] - Keys 'COMMAND + a' sent to object: 'Object Repository/EBP_Object/Page_Streetlogix/input_Annual Inflation_annualInflation'

2023-03-09 12:01:39 - [TEST_STEP][PASSED] - sendKeys(findTestObject("Object Repository/EBP_Object/Page_Streetlogix/input_Annual Inflation_annualInflation"), Keys.chord(DELETE)): Keys 'DELETE + ' sent to object: 'Object Repository/EBP_Object/Page_Streetlogix/input_Annual Inflation_annualInflation'

2023-03-09 12:01:40 - [MESSAGE][PASSED] - Keys 'DELETE + ' sent to object: 'Object Repository/EBP_Object/Page_Streetlogix/input_Annual Inflation_annualInflation'

2023-03-09 12:01:40 - [TEST_STEP][PASSED] - setText(findTestObject("Object Repository/EBP_Object/Page_Streetlogix/input_Annual Inflation_annualInflation"), "5"): Text '5' is set on object 'Object Repository/EBP_Object/Page_Streetlogix/input_Annual Inflation_annualInflation'

2023-03-09 12:01:41 - [MESSAGE][PASSED] - Text '5' is set on object 'Object Repository/EBP_Object/Page_Streetlogix/input_Annual Inflation_annualInflation'

2023-03-09 12:01:41 - [TEST_STEP][PASSED] - click(findTestObject("Object Repository/EBP_Object/Page_Streetlogix/span_Calculate")): Object: 'Object Repository/EBP_Object/Page_Streetlogix/span_Calculate' is clicked on

2023-03-09 12:01:41 - [MESSAGE][PASSED] - Object: 'Object Repository/EBP_Object/Page_Streetlogix/span_Calculate' is clicked on

2023-03-09 12:01:41 - [TEST_STEP][PASSED] - delay(40): Delayed 40 second(s)

2023-03-09 12:02:21 - [MESSAGE][PASSED] - Delayed 40 second(s)

2023-03-09 12:02:21 - [TEST_STEP][PASSED] - click(findTestObject("Object Repository/EBP_Object/Page_Streetlogix/span_Load")): Object: 'Object Repository/EBP_Object/Page_Streetlogix/span_Load' is clicked on

2023-03-09 12:02:22 - [MESSAGE][PASSED] - Object: 'Object Repository/EBP_Object/Page_Streetlogix/span_Load' is clicked on

2023-03-09 12:02:22 - [TEST_STEP][PASSED] - delay(5): Delayed 5 second(s)

2023-03-09 12:02:27 - [MESSAGE][PASSED] - Delayed 5 second(s)

2023-03-09 12:02:27 - [TEST_STEP][PASSED] - Sname = TestObject().addProperty("text", EQUALS, Scenarioname): null

2023-03-09 12:02:27 - [TEST_STEP][PASSED] - click(Sname): Object: '' is clicked on

2023-03-09 12:02:27 - [MESSAGE][PASSED] - Object: '' is clicked on

2023-03-09 12:02:27 - [TEST_STEP][PASSED] - summary = "1 Year, Target rating " + TargetCI: null

2023-03-09 12:02:27 - [TEST_STEP][FAILED] - ActualSummary = getText(findTestObject("Object Repository/EBP_Object/Page_Streetlogix/Estimator_summary")): Unable to get text of object 'Object Repository/EBP_Object/Page_Streetlogix/Estimator_summary' (Root cause: com.kms.katalon.core.exception.StepFailedException: Unable to get text of object 'Object Repository/EBP_Object/Page_Streetlogix/Estimator_summary'
	at com.kms.katalon.core.webui.keyword.internal.WebUIKeywordMain.stepFailed(WebUIKeywordMain.groovy:64)
	at com.kms.katalon.core.webui.keyword.internal.WebUIKeywordMain.runKeyword(WebUIKeywordMain.groovy:26)
	at com.kms.katalon.core.webui.keyword.builtin.GetTextKeyword.getText(GetTextKeyword.groovy:88)
	at com.kms.katalon.core.webui.keyword.builtin.GetTextKeyword.execute(GetTextKeyword.groovy:67)
	at com.kms.katalon.core.keyword.internal.KeywordExecutor.executeKeywordForPlatform(KeywordExecutor.groovy:74)
	at com.kms.katalon.core.webui.keyword.WebUiBuiltInKeywords.getText(WebUiBuiltInKeywords.groovy:918)
	at com.kms.katalon.core.webui.keyword.WebUiBuiltInKeywords$getText$1.call(Unknown Source)
	at Budget_Estimator_1year - Sidewalk.run(Budget_Estimator_1year - Sidewalk:100)
	at com.kms.katalon.core.main.ScriptEngine.run(ScriptEngine.java:194)
	at com.kms.katalon.core.main.ScriptEngine.runScriptAsRawText(ScriptEngine.java:119)
	at com.kms.katalon.core.main.TestCaseExecutor.runScript(TestCaseExecutor.java:448)
	at com.kms.katalon.core.main.TestCaseExecutor.doExecute(TestCaseExecutor.java:439)
	at com.kms.katalon.core.main.TestCaseExecutor.processExecutionPhase(TestCaseExecutor.java:418)
	at com.kms.katalon.core.main.TestCaseExecutor.accessMainPhase(TestCaseExecutor.java:410)
	at com.kms.katalon.core.main.TestCaseExecutor.execute(TestCaseExecutor.java:285)
	at com.kms.katalon.core.common.CommonExecutor.accessTestCaseMainPhase(CommonExecutor.java:65)
	at com.kms.katalon.core.main.TestSuiteExecutor.accessTestSuiteMainPhase(TestSuiteExecutor.java:151)
	at com.kms.katalon.core.main.TestSuiteExecutor.execute(TestSuiteExecutor.java:106)
	at com.kms.katalon.core.main.TestCaseMain.startTestSuite(TestCaseMain.java:185)
	at com.kms.katalon.core.main.TestCaseMain$startTestSuite$0.call(Unknown Source)
	at TempTestSuite1678344058063.run(TempTestSuite1678344058063.groovy:36)
Caused by: com.kms.katalon.core.webui.exception.WebElementNotFoundException: Web element with id: 'Object Repository/EBP_Object/Page_Streetlogix/Estimator_summary' located by '/html/body/div[1]/div[1]/div[1]/div[1]/div[2]/div/div[1]/div/div[2]/div/div[1]/div[1]/p' not found
	at com.kms.katalon.core.webui.common.WebUiCommonHelper.findWebElement(WebUiCommonHelper.java:1370)
	at com.kms.katalon.core.webui.keyword.internal.WebUIAbstractKeyword.findWebElement(WebUIAbstractKeyword.groovy:27)
	at com.kms.katalon.core.webui.keyword.internal.WebUIAbstractKeyword.findWebElement(WebUIAbstractKeyword.groovy:26)
	at com.kms.katalon.core.webui.keyword.builtin.GetTextKeyword$_getText_closure1.doCall(GetTextKeyword.groovy:78)
	at com.kms.katalon.core.webui.keyword.builtin.GetTextKeyword$_getText_closure1.call(GetTextKeyword.groovy)
	at com.kms.katalon.core.webui.keyword.internal.WebUIKeywordMain.runKeyword(WebUIKeywordMain.groovy:20)
	at com.kms.katalon.core.webui.keyword.builtin.GetTextKeyword.getText(GetTextKeyword.groovy:88)
	at com.kms.katalon.core.webui.keyword.builtin.GetTextKeyword.execute(GetTextKeyword.groovy:67)
	at com.kms.katalon.core.keyword.internal.KeywordExecutor.executeKeywordForPlatform(KeywordExecutor.groovy:74)
	at com.kms.katalon.core.webui.keyword.WebUiBuiltInKeywords.getText(WebUiBuiltInKeywords.groovy:918)
	at com.kms.katalon.core.webui.keyword.WebUiBuiltInKeywords$getText$1.call(Unknown Source)
	at Script1677278605328.run(Script1677278605328.groovy:100)
	... 13 more
)

2023-03-09 12:02:58 - [MESSAGE][INFO] - Unable to find the element located by 'By.xpath: /html/body/div[1]/div[1]/div[1]/div[1]/div[2]/div/div[1]/div/div[2]/div/div[1]/div[1]/p'. Please recheck the objects properties to make sure the desired element is located. 

2023-03-09 12:02:59 - [MESSAGE][FAILED] - Unable to get text of object 'Object Repository/EBP_Object/Page_Streetlogix/Estimator_summary' (Root cause: com.kms.katalon.core.exception.StepFailedException: Unable to get text of object 'Object Repository/EBP_Object/Page_Streetlogix/Estimator_summary'
	at com.kms.katalon.core.webui.keyword.internal.WebUIKeywordMain.stepFailed(WebUIKeywordMain.groovy:64)
	at com.kms.katalon.core.webui.keyword.internal.WebUIKeywordMain.runKeyword(WebUIKeywordMain.groovy:26)
	at com.kms.katalon.core.webui.keyword.builtin.GetTextKeyword.getText(GetTextKeyword.groovy:88)
	at com.kms.katalon.core.webui.keyword.builtin.GetTextKeyword.execute(GetTextKeyword.groovy:67)
	at com.kms.katalon.core.keyword.internal.KeywordExecutor.executeKeywordForPlatform(KeywordExecutor.groovy:74)
	at com.kms.katalon.core.webui.keyword.WebUiBuiltInKeywords.getText(WebUiBuiltInKeywords.groovy:918)
	at com.kms.katalon.core.webui.keyword.WebUiBuiltInKeywords$getText$1.call(Unknown Source)
	at Budget_Estimator_1year - Sidewalk.run(Budget_Estimator_1year - Sidewalk:100)
	at com.kms.katalon.core.main.ScriptEngine.run(ScriptEngine.java:194)
	at com.kms.katalon.core.main.ScriptEngine.runScriptAsRawText(ScriptEngine.java:119)
	at com.kms.katalon.core.main.TestCaseExecutor.runScript(TestCaseExecutor.java:448)
	at com.kms.katalon.core.main.TestCaseExecutor.doExecute(TestCaseExecutor.java:439)
	at com.kms.katalon.core.main.TestCaseExecutor.processExecutionPhase(TestCaseExecutor.java:418)
	at com.kms.katalon.core.main.TestCaseExecutor.accessMainPhase(TestCaseExecutor.java:410)
	at com.kms.katalon.core.main.TestCaseExecutor.execute(TestCaseExecutor.java:285)
	at com.kms.katalon.core.common.CommonExecutor.accessTestCaseMainPhase(CommonExecutor.java:65)
	at com.kms.katalon.core.main.TestSuiteExecutor.accessTestSuiteMainPhase(TestSuiteExecutor.java:151)
	at com.kms.katalon.core.main.TestSuiteExecutor.execute(TestSuiteExecutor.java:106)
	at com.kms.katalon.core.main.TestCaseMain.startTestSuite(TestCaseMain.java:185)
	at com.kms.katalon.core.main.TestCaseMain$startTestSuite$0.call(Unknown Source)
	at TempTestSuite1678344058063.run(TempTestSuite1678344058063.groovy:36)
Caused by: com.kms.katalon.core.webui.exception.WebElementNotFoundException: Web element with id: 'Object Repository/EBP_Object/Page_Streetlogix/Estimator_summary' located by '/html/body/div[1]/div[1]/div[1]/div[1]/div[2]/div/div[1]/div/div[2]/div/div[1]/div[1]/p' not found
	at com.kms.katalon.core.webui.common.WebUiCommonHelper.findWebElement(WebUiCommonHelper.java:1370)
	at com.kms.katalon.core.webui.keyword.internal.WebUIAbstractKeyword.findWebElement(WebUIAbstractKeyword.groovy:27)
	at com.kms.katalon.core.webui.keyword.internal.WebUIAbstractKeyword.findWebElement(WebUIAbstractKeyword.groovy:26)
	at com.kms.katalon.core.webui.keyword.builtin.GetTextKeyword$_getText_closure1.doCall(GetTextKeyword.groovy:78)
	at com.kms.katalon.core.webui.keyword.builtin.GetTextKeyword$_getText_closure1.call(GetTextKeyword.groovy)
	at com.kms.katalon.core.webui.keyword.internal.WebUIKeywordMain.runKeyword(WebUIKeywordMain.groovy:20)
	at com.kms.katalon.core.webui.keyword.builtin.GetTextKeyword.getText(GetTextKeyword.groovy:88)
	at com.kms.katalon.core.webui.keyword.builtin.GetTextKeyword.execute(GetTextKeyword.groovy:67)
	at com.kms.katalon.core.keyword.internal.KeywordExecutor.executeKeywordForPlatform(KeywordExecutor.groovy:74)
	at com.kms.katalon.core.webui.keyword.WebUiBuiltInKeywords.getText(WebUiBuiltInKeywords.groovy:918)
	at com.kms.katalon.core.webui.keyword.WebUiBuiltInKeywords$getText$1.call(Unknown Source)
	at Script1677278605328.run(Script1677278605328.groovy:100)
	... 13 more
)
[[ATTACHMENT|/Users/kashif/git/Streetlogix_4.01/Reports/20230309_114057/GIS/20230309_114058/1678345378884.png]]

2023-03-09 12:02:59 - [TEST_STEP][PASSED] - Expectedsummary = TestObject().addProperty("text", EQUALS, summary): null

2023-03-09 12:02:59 - [TEST_STEP][FAILED] - verifyElementPresent(Expectedsummary, 5): com.kms.katalon.core.webui.exception.WebElementNotFoundException: Web element with id: '' located by '//*[(text() = '1 Year, Target rating 55' or . = '1 Year, Target rating 55')]' not found (Root cause: com.kms.katalon.core.exception.StepFailedException: com.kms.katalon.core.webui.exception.WebElementNotFoundException: Web element with id: '' located by '//*[(text() = '1 Year, Target rating 55' or . = '1 Year, Target rating 55')]' not found
	at com.kms.katalon.core.webui.keyword.internal.WebUIKeywordMain.stepFailed(WebUIKeywordMain.groovy:64)
	at com.kms.katalon.core.webui.keyword.builtin.VerifyElementPresentKeyword$_verifyElementPresent_closure1.doCall(VerifyElementPresentKeyword.groovy:85)
	at com.kms.katalon.core.webui.keyword.builtin.VerifyElementPresentKeyword$_verifyElementPresent_closure1.call(VerifyElementPresentKeyword.groovy)
	at com.kms.katalon.core.webui.keyword.internal.WebUIKeywordMain.runKeyword(WebUIKeywordMain.groovy:20)
	at com.kms.katalon.core.webui.keyword.builtin.VerifyElementPresentKeyword.verifyElementPresent(VerifyElementPresentKeyword.groovy:92)
	at com.kms.katalon.core.webui.keyword.builtin.VerifyElementPresentKeyword.execute(VerifyElementPresentKeyword.groovy:68)
	at com.kms.katalon.core.keyword.internal.KeywordExecutor.executeKeywordForPlatform(KeywordExecutor.groovy:74)
	at com.kms.katalon.core.webui.keyword.WebUiBuiltInKeywords.verifyElementPresent(WebUiBuiltInKeywords.groovy:1464)
	at com.kms.katalon.core.webui.keyword.WebUiBuiltInKeywords$verifyElementPresent$9.call(Unknown Source)
	at Budget_Estimator_1year - Sidewalk.run(Budget_Estimator_1year - Sidewalk:104)
	at com.kms.katalon.core.main.ScriptEngine.run(ScriptEngine.java:194)
	at com.kms.katalon.core.main.ScriptEngine.runScriptAsRawText(ScriptEngine.java:119)
	at com.kms.katalon.core.main.TestCaseExecutor.runScript(TestCaseExecutor.java:448)
	at com.kms.katalon.core.main.TestCaseExecutor.doExecute(TestCaseExecutor.java:439)
	at com.kms.katalon.core.main.TestCaseExecutor.processExecutionPhase(TestCaseExecutor.java:418)
	at com.kms.katalon.core.main.TestCaseExecutor.accessMainPhase(TestCaseExecutor.java:410)
	at com.kms.katalon.core.main.TestCaseExecutor.execute(TestCaseExecutor.java:285)
	at com.kms.katalon.core.common.CommonExecutor.accessTestCaseMainPhase(CommonExecutor.java:65)
	at com.kms.katalon.core.main.TestSuiteExecutor.accessTestSuiteMainPhase(TestSuiteExecutor.java:151)
	at com.kms.katalon.core.main.TestSuiteExecutor.execute(TestSuiteExecutor.java:106)
	at com.kms.katalon.core.main.TestCaseMain.startTestSuite(TestCaseMain.java:185)
	at com.kms.katalon.core.main.TestCaseMain$startTestSuite$0.call(Unknown Source)
	at TempTestSuite1678344058063.run(TempTestSuite1678344058063.groovy:36)
)

2023-03-09 12:03:05 - [MESSAGE][INFO] - Unable to find the element located by 'By.xpath: //*[(text() = '1 Year, Target rating 55' or . = '1 Year, Target rating 55')]'. Please recheck the objects properties to make sure the desired element is located. 

2023-03-09 12:03:06 - [MESSAGE][FAILED] - com.kms.katalon.core.webui.exception.WebElementNotFoundException: Web element with id: '' located by '//*[(text() = '1 Year, Target rating 55' or . = '1 Year, Target rating 55')]' not found (Root cause: com.kms.katalon.core.exception.StepFailedException: com.kms.katalon.core.webui.exception.WebElementNotFoundException: Web element with id: '' located by '//*[(text() = '1 Year, Target rating 55' or . = '1 Year, Target rating 55')]' not found
	at com.kms.katalon.core.webui.keyword.internal.WebUIKeywordMain.stepFailed(WebUIKeywordMain.groovy:64)
	at com.kms.katalon.core.webui.keyword.builtin.VerifyElementPresentKeyword$_verifyElementPresent_closure1.doCall(VerifyElementPresentKeyword.groovy:85)
	at com.kms.katalon.core.webui.keyword.builtin.VerifyElementPresentKeyword$_verifyElementPresent_closure1.call(VerifyElementPresentKeyword.groovy)
	at com.kms.katalon.core.webui.keyword.internal.WebUIKeywordMain.runKeyword(WebUIKeywordMain.groovy:20)
	at com.kms.katalon.core.webui.keyword.builtin.VerifyElementPresentKeyword.verifyElementPresent(VerifyElementPresentKeyword.groovy:92)
	at com.kms.katalon.core.webui.keyword.builtin.VerifyElementPresentKeyword.execute(VerifyElementPresentKeyword.groovy:68)
	at com.kms.katalon.core.keyword.internal.KeywordExecutor.executeKeywordForPlatform(KeywordExecutor.groovy:74)
	at com.kms.katalon.core.webui.keyword.WebUiBuiltInKeywords.verifyElementPresent(WebUiBuiltInKeywords.groovy:1464)
	at com.kms.katalon.core.webui.keyword.WebUiBuiltInKeywords$verifyElementPresent$9.call(Unknown Source)
	at Budget_Estimator_1year - Sidewalk.run(Budget_Estimator_1year - Sidewalk:104)
	at com.kms.katalon.core.main.ScriptEngine.run(ScriptEngine.java:194)
	at com.kms.katalon.core.main.ScriptEngine.runScriptAsRawText(ScriptEngine.java:119)
	at com.kms.katalon.core.main.TestCaseExecutor.runScript(TestCaseExecutor.java:448)
	at com.kms.katalon.core.main.TestCaseExecutor.doExecute(TestCaseExecutor.java:439)
	at com.kms.katalon.core.main.TestCaseExecutor.processExecutionPhase(TestCaseExecutor.java:418)
	at com.kms.katalon.core.main.TestCaseExecutor.accessMainPhase(TestCaseExecutor.java:410)
	at com.kms.katalon.core.main.TestCaseExecutor.execute(TestCaseExecutor.java:285)
	at com.kms.katalon.core.common.CommonExecutor.accessTestCaseMainPhase(CommonExecutor.java:65)
	at com.kms.katalon.core.main.TestSuiteExecutor.accessTestSuiteMainPhase(TestSuiteExecutor.java:151)
	at com.kms.katalon.core.main.TestSuiteExecutor.execute(TestSuiteExecutor.java:106)
	at com.kms.katalon.core.main.TestCaseMain.startTestSuite(TestCaseMain.java:185)
	at com.kms.katalon.core.main.TestCaseMain$startTestSuite$0.call(Unknown Source)
	at TempTestSuite1678344058063.run(TempTestSuite1678344058063.groovy:36)
)
[[ATTACHMENT|/Users/kashif/git/Streetlogix_4.01/Reports/20230309_114057/GIS/20230309_114058/1678345385771.png]]

2023-03-09 12:03:06 - [TEST_STEP][FAILED] - click(findTestObject("EBP_Object/Page_Streetlogix/Asset_name - Sidewalk")): Unable to click on object 'Object Repository/EBP_Object/Page_Streetlogix/Asset_name - Sidewalk' (Root cause: com.kms.katalon.core.exception.StepFailedException: Unable to click on object 'Object Repository/EBP_Object/Page_Streetlogix/Asset_name - Sidewalk'
	at com.kms.katalon.core.webui.keyword.internal.WebUIKeywordMain.stepFailed(WebUIKeywordMain.groovy:64)
	at com.kms.katalon.core.webui.keyword.internal.WebUIKeywordMain.runKeyword(WebUIKeywordMain.groovy:26)
	at com.kms.katalon.core.webui.keyword.builtin.ClickKeyword.click(ClickKeyword.groovy:74)
	at com.kms.katalon.core.webui.keyword.builtin.ClickKeyword.execute(ClickKeyword.groovy:40)
	at com.kms.katalon.core.keyword.internal.KeywordExecutor.executeKeywordForPlatform(KeywordExecutor.groovy:74)
	at com.kms.katalon.core.webui.keyword.WebUiBuiltInKeywords.click(WebUiBuiltInKeywords.groovy:620)
	at com.kms.katalon.core.webui.keyword.WebUiBuiltInKeywords$click$0.call(Unknown Source)
	at Budget_Estimator_1year - Sidewalk.run(Budget_Estimator_1year - Sidewalk:106)
	at com.kms.katalon.core.main.ScriptEngine.run(ScriptEngine.java:194)
	at com.kms.katalon.core.main.ScriptEngine.runScriptAsRawText(ScriptEngine.java:119)
	at com.kms.katalon.core.main.TestCaseExecutor.runScript(TestCaseExecutor.java:448)
	at com.kms.katalon.core.main.TestCaseExecutor.doExecute(TestCaseExecutor.java:439)
	at com.kms.katalon.core.main.TestCaseExecutor.processExecutionPhase(TestCaseExecutor.java:418)
	at com.kms.katalon.core.main.TestCaseExecutor.accessMainPhase(TestCaseExecutor.java:410)
	at com.kms.katalon.core.main.TestCaseExecutor.execute(TestCaseExecutor.java:285)
	at com.kms.katalon.core.common.CommonExecutor.accessTestCaseMainPhase(CommonExecutor.java:65)
	at com.kms.katalon.core.main.TestSuiteExecutor.accessTestSuiteMainPhase(TestSuiteExecutor.java:151)
	at com.kms.katalon.core.main.TestSuiteExecutor.execute(TestSuiteExecutor.java:106)
	at com.kms.katalon.core.main.TestCaseMain.startTestSuite(TestCaseMain.java:185)
	at com.kms.katalon.core.main.TestCaseMain$startTestSuite$0.call(Unknown Source)
	at TempTestSuite1678344058063.run(TempTestSuite1678344058063.groovy:36)
Caused by: com.kms.katalon.core.webui.exception.WebElementNotFoundException: Web element with id: 'Object Repository/EBP_Object/Page_Streetlogix/Asset_name - Sidewalk' located by '//*[(text() = 'Sidewalk' or . = 'Sidewalk')]' not found
	at com.kms.katalon.core.webui.common.WebUiCommonHelper.findWebElement(WebUiCommonHelper.java:1370)
	at com.kms.katalon.core.webui.keyword.internal.WebUIAbstractKeyword.findWebElement(WebUIAbstractKeyword.groovy:27)
	at com.kms.katalon.core.webui.keyword.builtin.ClickKeyword$_click_closure1.doCall(ClickKeyword.groovy:65)
	at com.kms.katalon.core.webui.keyword.builtin.ClickKeyword$_click_closure1.call(ClickKeyword.groovy)
	at com.kms.katalon.core.webui.keyword.internal.WebUIKeywordMain.runKeyword(WebUIKeywordMain.groovy:20)
	at com.kms.katalon.core.webui.keyword.builtin.ClickKeyword.click(ClickKeyword.groovy:74)
	at com.kms.katalon.core.webui.keyword.builtin.ClickKeyword.execute(ClickKeyword.groovy:40)
	at com.kms.katalon.core.keyword.internal.KeywordExecutor.executeKeywordForPlatform(KeywordExecutor.groovy:74)
	at com.kms.katalon.core.webui.keyword.WebUiBuiltInKeywords.click(WebUiBuiltInKeywords.groovy:620)
	at com.kms.katalon.core.webui.keyword.WebUiBuiltInKeywords$click$0.call(Unknown Source)
	at Script1677278605328.run(Script1677278605328.groovy:106)
	... 13 more
)

2023-03-09 12:03:37 - [MESSAGE][INFO] - Unable to find the element located by 'By.xpath: //*[(text() = 'Sidewalk' or . = 'Sidewalk')]'. Please recheck the objects properties to make sure the desired element is located. 

2023-03-09 12:03:38 - [MESSAGE][FAILED] - Unable to click on object 'Object Repository/EBP_Object/Page_Streetlogix/Asset_name - Sidewalk' (Root cause: com.kms.katalon.core.exception.StepFailedException: Unable to click on object 'Object Repository/EBP_Object/Page_Streetlogix/Asset_name - Sidewalk'
	at com.kms.katalon.core.webui.keyword.internal.WebUIKeywordMain.stepFailed(WebUIKeywordMain.groovy:64)
	at com.kms.katalon.core.webui.keyword.internal.WebUIKeywordMain.runKeyword(WebUIKeywordMain.groovy:26)
	at com.kms.katalon.core.webui.keyword.builtin.ClickKeyword.click(ClickKeyword.groovy:74)
	at com.kms.katalon.core.webui.keyword.builtin.ClickKeyword.execute(ClickKeyword.groovy:40)
	at com.kms.katalon.core.keyword.internal.KeywordExecutor.executeKeywordForPlatform(KeywordExecutor.groovy:74)
	at com.kms.katalon.core.webui.keyword.WebUiBuiltInKeywords.click(WebUiBuiltInKeywords.groovy:620)
	at com.kms.katalon.core.webui.keyword.WebUiBuiltInKeywords$click$0.call(Unknown Source)
	at Budget_Estimator_1year - Sidewalk.run(Budget_Estimator_1year - Sidewalk:106)
	at com.kms.katalon.core.main.ScriptEngine.run(ScriptEngine.java:194)
	at com.kms.katalon.core.main.ScriptEngine.runScriptAsRawText(ScriptEngine.java:119)
	at com.kms.katalon.core.main.TestCaseExecutor.runScript(TestCaseExecutor.java:448)
	at com.kms.katalon.core.main.TestCaseExecutor.doExecute(TestCaseExecutor.java:439)
	at com.kms.katalon.core.main.TestCaseExecutor.processExecutionPhase(TestCaseExecutor.java:418)
	at com.kms.katalon.core.main.TestCaseExecutor.accessMainPhase(TestCaseExecutor.java:410)
	at com.kms.katalon.core.main.TestCaseExecutor.execute(TestCaseExecutor.java:285)
	at com.kms.katalon.core.common.CommonExecutor.accessTestCaseMainPhase(CommonExecutor.java:65)
	at com.kms.katalon.core.main.TestSuiteExecutor.accessTestSuiteMainPhase(TestSuiteExecutor.java:151)
	at com.kms.katalon.core.main.TestSuiteExecutor.execute(TestSuiteExecutor.java:106)
	at com.kms.katalon.core.main.TestCaseMain.startTestSuite(TestCaseMain.java:185)
	at com.kms.katalon.core.main.TestCaseMain$startTestSuite$0.call(Unknown Source)
	at TempTestSuite1678344058063.run(TempTestSuite1678344058063.groovy:36)
Caused by: com.kms.katalon.core.webui.exception.WebElementNotFoundException: Web element with id: 'Object Repository/EBP_Object/Page_Streetlogix/Asset_name - Sidewalk' located by '//*[(text() = 'Sidewalk' or . = 'Sidewalk')]' not found
	at com.kms.katalon.core.webui.common.WebUiCommonHelper.findWebElement(WebUiCommonHelper.java:1370)
	at com.kms.katalon.core.webui.keyword.internal.WebUIAbstractKeyword.findWebElement(WebUIAbstractKeyword.groovy:27)
	at com.kms.katalon.core.webui.keyword.builtin.ClickKeyword$_click_closure1.doCall(ClickKeyword.groovy:65)
	at com.kms.katalon.core.webui.keyword.builtin.ClickKeyword$_click_closure1.call(ClickKeyword.groovy)
	at com.kms.katalon.core.webui.keyword.internal.WebUIKeywordMain.runKeyword(WebUIKeywordMain.groovy:20)
	at com.kms.katalon.core.webui.keyword.builtin.ClickKeyword.click(ClickKeyword.groovy:74)
	at com.kms.katalon.core.webui.keyword.builtin.ClickKeyword.execute(ClickKeyword.groovy:40)
	at com.kms.katalon.core.keyword.internal.KeywordExecutor.executeKeywordForPlatform(KeywordExecutor.groovy:74)
	at com.kms.katalon.core.webui.keyword.WebUiBuiltInKeywords.click(WebUiBuiltInKeywords.groovy:620)
	at com.kms.katalon.core.webui.keyword.WebUiBuiltInKeywords$click$0.call(Unknown Source)
	at Script1677278605328.run(Script1677278605328.groovy:106)
	... 13 more
)
[[ATTACHMENT|/Users/kashif/git/Streetlogix_4.01/Reports/20230309_114057/GIS/20230309_114058/1678345417461.png]]

2023-03-09 12:03:38 - [TEST_STEP][FAILED] - click(findTestObject("Object Repository/EBP_Object/Page_Streetlogix/Program_duration_1year")): Unable to click on object 'Object Repository/EBP_Object/Page_Streetlogix/Program_duration_1year' (Root cause: com.kms.katalon.core.exception.StepFailedException: Unable to click on object 'Object Repository/EBP_Object/Page_Streetlogix/Program_duration_1year'
	at com.kms.katalon.core.webui.keyword.internal.WebUIKeywordMain.stepFailed(WebUIKeywordMain.groovy:64)
	at com.kms.katalon.core.webui.keyword.internal.WebUIKeywordMain.runKeyword(WebUIKeywordMain.groovy:26)
	at com.kms.katalon.core.webui.keyword.builtin.ClickKeyword.click(ClickKeyword.groovy:74)
	at com.kms.katalon.core.webui.keyword.builtin.ClickKeyword.execute(ClickKeyword.groovy:40)
	at com.kms.katalon.core.keyword.internal.KeywordExecutor.executeKeywordForPlatform(KeywordExecutor.groovy:74)
	at com.kms.katalon.core.webui.keyword.WebUiBuiltInKeywords.click(WebUiBuiltInKeywords.groovy:620)
	at com.kms.katalon.core.webui.keyword.WebUiBuiltInKeywords$click$0.call(Unknown Source)
	at Budget_Estimator_1year - Sidewalk.run(Budget_Estimator_1year - Sidewalk:108)
	at com.kms.katalon.core.main.ScriptEngine.run(ScriptEngine.java:194)
	at com.kms.katalon.core.main.ScriptEngine.runScriptAsRawText(ScriptEngine.java:119)
	at com.kms.katalon.core.main.TestCaseExecutor.runScript(TestCaseExecutor.java:448)
	at com.kms.katalon.core.main.TestCaseExecutor.doExecute(TestCaseExecutor.java:439)
	at com.kms.katalon.core.main.TestCaseExecutor.processExecutionPhase(TestCaseExecutor.java:418)
	at com.kms.katalon.core.main.TestCaseExecutor.accessMainPhase(TestCaseExecutor.java:410)
	at com.kms.katalon.core.main.TestCaseExecutor.execute(TestCaseExecutor.java:285)
	at com.kms.katalon.core.common.CommonExecutor.accessTestCaseMainPhase(CommonExecutor.java:65)
	at com.kms.katalon.core.main.TestSuiteExecutor.accessTestSuiteMainPhase(TestSuiteExecutor.java:151)
	at com.kms.katalon.core.main.TestSuiteExecutor.execute(TestSuiteExecutor.java:106)
	at com.kms.katalon.core.main.TestCaseMain.startTestSuite(TestCaseMain.java:185)
	at com.kms.katalon.core.main.TestCaseMain$startTestSuite$0.call(Unknown Source)
	at TempTestSuite1678344058063.run(TempTestSuite1678344058063.groovy:36)
Caused by: com.kms.katalon.core.webui.exception.WebElementNotFoundException: Web element with id: 'Object Repository/EBP_Object/Page_Streetlogix/Program_duration_1year' located by '/html/body/div[1]/div[1]/div[1]/div[1]/div[2]/div/div[1]/div/div[2]/div/div[2]/div/div/div/div/div/div[3]/h6[2]' not found
	at com.kms.katalon.core.webui.common.WebUiCommonHelper.findWebElement(WebUiCommonHelper.java:1370)
	at com.kms.katalon.core.webui.keyword.internal.WebUIAbstractKeyword.findWebElement(WebUIAbstractKeyword.groovy:27)
	at com.kms.katalon.core.webui.keyword.builtin.ClickKeyword$_click_closure1.doCall(ClickKeyword.groovy:65)
	at com.kms.katalon.core.webui.keyword.builtin.ClickKeyword$_click_closure1.call(ClickKeyword.groovy)
	at com.kms.katalon.core.webui.keyword.internal.WebUIKeywordMain.runKeyword(WebUIKeywordMain.groovy:20)
	at com.kms.katalon.core.webui.keyword.builtin.ClickKeyword.click(ClickKeyword.groovy:74)
	at com.kms.katalon.core.webui.keyword.builtin.ClickKeyword.execute(ClickKeyword.groovy:40)
	at com.kms.katalon.core.keyword.internal.KeywordExecutor.executeKeywordForPlatform(KeywordExecutor.groovy:74)
	at com.kms.katalon.core.webui.keyword.WebUiBuiltInKeywords.click(WebUiBuiltInKeywords.groovy:620)
	at com.kms.katalon.core.webui.keyword.WebUiBuiltInKeywords$click$0.call(Unknown Source)
	at Script1677278605328.run(Script1677278605328.groovy:108)
	... 13 more
)

2023-03-09 12:04:09 - [MESSAGE][INFO] - Unable to find the element located by 'By.xpath: /html/body/div[1]/div[1]/div[1]/div[1]/div[2]/div/div[1]/div/div[2]/div/div[2]/div/div/div/div/div/div[3]/h6[2]'. Please recheck the objects properties to make sure the desired element is located. 

2023-03-09 12:04:09 - [MESSAGE][FAILED] - Unable to click on object 'Object Repository/EBP_Object/Page_Streetlogix/Program_duration_1year' (Root cause: com.kms.katalon.core.exception.StepFailedException: Unable to click on object 'Object Repository/EBP_Object/Page_Streetlogix/Program_duration_1year'
	at com.kms.katalon.core.webui.keyword.internal.WebUIKeywordMain.stepFailed(WebUIKeywordMain.groovy:64)
	at com.kms.katalon.core.webui.keyword.internal.WebUIKeywordMain.runKeyword(WebUIKeywordMain.groovy:26)
	at com.kms.katalon.core.webui.keyword.builtin.ClickKeyword.click(ClickKeyword.groovy:74)
	at com.kms.katalon.core.webui.keyword.builtin.ClickKeyword.execute(ClickKeyword.groovy:40)
	at com.kms.katalon.core.keyword.internal.KeywordExecutor.executeKeywordForPlatform(KeywordExecutor.groovy:74)
	at com.kms.katalon.core.webui.keyword.WebUiBuiltInKeywords.click(WebUiBuiltInKeywords.groovy:620)
	at com.kms.katalon.core.webui.keyword.WebUiBuiltInKeywords$click$0.call(Unknown Source)
	at Budget_Estimator_1year - Sidewalk.run(Budget_Estimator_1year - Sidewalk:108)
	at com.kms.katalon.core.main.ScriptEngine.run(ScriptEngine.java:194)
	at com.kms.katalon.core.main.ScriptEngine.runScriptAsRawText(ScriptEngine.java:119)
	at com.kms.katalon.core.main.TestCaseExecutor.runScript(TestCaseExecutor.java:448)
	at com.kms.katalon.core.main.TestCaseExecutor.doExecute(TestCaseExecutor.java:439)
	at com.kms.katalon.core.main.TestCaseExecutor.processExecutionPhase(TestCaseExecutor.java:418)
	at com.kms.katalon.core.main.TestCaseExecutor.accessMainPhase(TestCaseExecutor.java:410)
	at com.kms.katalon.core.main.TestCaseExecutor.execute(TestCaseExecutor.java:285)
	at com.kms.katalon.core.common.CommonExecutor.accessTestCaseMainPhase(CommonExecutor.java:65)
	at com.kms.katalon.core.main.TestSuiteExecutor.accessTestSuiteMainPhase(TestSuiteExecutor.java:151)
	at com.kms.katalon.core.main.TestSuiteExecutor.execute(TestSuiteExecutor.java:106)
	at com.kms.katalon.core.main.TestCaseMain.startTestSuite(TestCaseMain.java:185)
	at com.kms.katalon.core.main.TestCaseMain$startTestSuite$0.call(Unknown Source)
	at TempTestSuite1678344058063.run(TempTestSuite1678344058063.groovy:36)
Caused by: com.kms.katalon.core.webui.exception.WebElementNotFoundException: Web element with id: 'Object Repository/EBP_Object/Page_Streetlogix/Program_duration_1year' located by '/html/body/div[1]/div[1]/div[1]/div[1]/div[2]/div/div[1]/div/div[2]/div/div[2]/div/div/div/div/div/div[3]/h6[2]' not found
	at com.kms.katalon.core.webui.common.WebUiCommonHelper.findWebElement(WebUiCommonHelper.java:1370)
	at com.kms.katalon.core.webui.keyword.internal.WebUIAbstractKeyword.findWebElement(WebUIAbstractKeyword.groovy:27)
	at com.kms.katalon.core.webui.keyword.builtin.ClickKeyword$_click_closure1.doCall(ClickKeyword.groovy:65)
	at com.kms.katalon.core.webui.keyword.builtin.ClickKeyword$_click_closure1.call(ClickKeyword.groovy)
	at com.kms.katalon.core.webui.keyword.internal.WebUIKeywordMain.runKeyword(WebUIKeywordMain.groovy:20)
	at com.kms.katalon.core.webui.keyword.builtin.ClickKeyword.click(ClickKeyword.groovy:74)
	at com.kms.katalon.core.webui.keyword.builtin.ClickKeyword.execute(ClickKeyword.groovy:40)
	at com.kms.katalon.core.keyword.internal.KeywordExecutor.executeKeywordForPlatform(KeywordExecutor.groovy:74)
	at com.kms.katalon.core.webui.keyword.WebUiBuiltInKeywords.click(WebUiBuiltInKeywords.groovy:620)
	at com.kms.katalon.core.webui.keyword.WebUiBuiltInKeywords$click$0.call(Unknown Source)
	at Script1677278605328.run(Script1677278605328.groovy:108)
	... 13 more
)
[[ATTACHMENT|/Users/kashif/git/Streetlogix_4.01/Reports/20230309_114057/GIS/20230309_114058/1678345449188.png]]

2023-03-09 12:04:09 - [TEST_STEP][FAILED] - click(findTestObject("Object Repository/EBP_Object/Page_Streetlogix/Total cost estimated")): Unable to click on object 'Object Repository/EBP_Object/Page_Streetlogix/Total cost estimated' (Root cause: com.kms.katalon.core.exception.StepFailedException: Unable to click on object 'Object Repository/EBP_Object/Page_Streetlogix/Total cost estimated'
	at com.kms.katalon.core.webui.keyword.internal.WebUIKeywordMain.stepFailed(WebUIKeywordMain.groovy:64)
	at com.kms.katalon.core.webui.keyword.internal.WebUIKeywordMain.runKeyword(WebUIKeywordMain.groovy:26)
	at com.kms.katalon.core.webui.keyword.builtin.ClickKeyword.click(ClickKeyword.groovy:74)
	at com.kms.katalon.core.webui.keyword.builtin.ClickKeyword.execute(ClickKeyword.groovy:40)
	at com.kms.katalon.core.keyword.internal.KeywordExecutor.executeKeywordForPlatform(KeywordExecutor.groovy:74)
	at com.kms.katalon.core.webui.keyword.WebUiBuiltInKeywords.click(WebUiBuiltInKeywords.groovy:620)
	at com.kms.katalon.core.webui.keyword.WebUiBuiltInKeywords$click$0.call(Unknown Source)
	at Budget_Estimator_1year - Sidewalk.run(Budget_Estimator_1year - Sidewalk:110)
	at com.kms.katalon.core.main.ScriptEngine.run(ScriptEngine.java:194)
	at com.kms.katalon.core.main.ScriptEngine.runScriptAsRawText(ScriptEngine.java:119)
	at com.kms.katalon.core.main.TestCaseExecutor.runScript(TestCaseExecutor.java:448)
	at com.kms.katalon.core.main.TestCaseExecutor.doExecute(TestCaseExecutor.java:439)
	at com.kms.katalon.core.main.TestCaseExecutor.processExecutionPhase(TestCaseExecutor.java:418)
	at com.kms.katalon.core.main.TestCaseExecutor.accessMainPhase(TestCaseExecutor.java:410)
	at com.kms.katalon.core.main.TestCaseExecutor.execute(TestCaseExecutor.java:285)
	at com.kms.katalon.core.common.CommonExecutor.accessTestCaseMainPhase(CommonExecutor.java:65)
	at com.kms.katalon.core.main.TestSuiteExecutor.accessTestSuiteMainPhase(TestSuiteExecutor.java:151)
	at com.kms.katalon.core.main.TestSuiteExecutor.execute(TestSuiteExecutor.java:106)
	at com.kms.katalon.core.main.TestCaseMain.startTestSuite(TestCaseMain.java:185)
	at com.kms.katalon.core.main.TestCaseMain$startTestSuite$0.call(Unknown Source)
	at TempTestSuite1678344058063.run(TempTestSuite1678344058063.groovy:36)
Caused by: com.kms.katalon.core.webui.exception.WebElementNotFoundException: Web element with id: 'Object Repository/EBP_Object/Page_Streetlogix/Total cost estimated' located by '/html/body/div[1]/div[1]/div[1]/div[1]/div[2]/div/div[1]/div/div[2]/div/div[2]/div/div/div/div/div/div[4]/h6[2]' not found
	at com.kms.katalon.core.webui.common.WebUiCommonHelper.findWebElement(WebUiCommonHelper.java:1370)
	at com.kms.katalon.core.webui.keyword.internal.WebUIAbstractKeyword.findWebElement(WebUIAbstractKeyword.groovy:27)
	at com.kms.katalon.core.webui.keyword.builtin.ClickKeyword$_click_closure1.doCall(ClickKeyword.groovy:65)
	at com.kms.katalon.core.webui.keyword.builtin.ClickKeyword$_click_closure1.call(ClickKeyword.groovy)
	at com.kms.katalon.core.webui.keyword.internal.WebUIKeywordMain.runKeyword(WebUIKeywordMain.groovy:20)
	at com.kms.katalon.core.webui.keyword.builtin.ClickKeyword.click(ClickKeyword.groovy:74)
	at com.kms.katalon.core.webui.keyword.builtin.ClickKeyword.execute(ClickKeyword.groovy:40)
	at com.kms.katalon.core.keyword.internal.KeywordExecutor.executeKeywordForPlatform(KeywordExecutor.groovy:74)
	at com.kms.katalon.core.webui.keyword.WebUiBuiltInKeywords.click(WebUiBuiltInKeywords.groovy:620)
	at com.kms.katalon.core.webui.keyword.WebUiBuiltInKeywords$click$0.call(Unknown Source)
	at Script1677278605328.run(Script1677278605328.groovy:110)
	... 13 more
)

2023-03-09 12:04:41 - [MESSAGE][INFO] - Unable to find the element located by 'By.xpath: /html/body/div[1]/div[1]/div[1]/div[1]/div[2]/div/div[1]/div/div[2]/div/div[2]/div/div/div/div/div/div[4]/h6[2]'. Please recheck the objects properties to make sure the desired element is located. 

2023-03-09 12:04:41 - [MESSAGE][FAILED] - Unable to click on object 'Object Repository/EBP_Object/Page_Streetlogix/Total cost estimated' (Root cause: com.kms.katalon.core.exception.StepFailedException: Unable to click on object 'Object Repository/EBP_Object/Page_Streetlogix/Total cost estimated'
	at com.kms.katalon.core.webui.keyword.internal.WebUIKeywordMain.stepFailed(WebUIKeywordMain.groovy:64)
	at com.kms.katalon.core.webui.keyword.internal.WebUIKeywordMain.runKeyword(WebUIKeywordMain.groovy:26)
	at com.kms.katalon.core.webui.keyword.builtin.ClickKeyword.click(ClickKeyword.groovy:74)
	at com.kms.katalon.core.webui.keyword.builtin.ClickKeyword.execute(ClickKeyword.groovy:40)
	at com.kms.katalon.core.keyword.internal.KeywordExecutor.executeKeywordForPlatform(KeywordExecutor.groovy:74)
	at com.kms.katalon.core.webui.keyword.WebUiBuiltInKeywords.click(WebUiBuiltInKeywords.groovy:620)
	at com.kms.katalon.core.webui.keyword.WebUiBuiltInKeywords$click$0.call(Unknown Source)
	at Budget_Estimator_1year - Sidewalk.run(Budget_Estimator_1year - Sidewalk:110)
	at com.kms.katalon.core.main.ScriptEngine.run(ScriptEngine.java:194)
	at com.kms.katalon.core.main.ScriptEngine.runScriptAsRawText(ScriptEngine.java:119)
	at com.kms.katalon.core.main.TestCaseExecutor.runScript(TestCaseExecutor.java:448)
	at com.kms.katalon.core.main.TestCaseExecutor.doExecute(TestCaseExecutor.java:439)
	at com.kms.katalon.core.main.TestCaseExecutor.processExecutionPhase(TestCaseExecutor.java:418)
	at com.kms.katalon.core.main.TestCaseExecutor.accessMainPhase(TestCaseExecutor.java:410)
	at com.kms.katalon.core.main.TestCaseExecutor.execute(TestCaseExecutor.java:285)
	at com.kms.katalon.core.common.CommonExecutor.accessTestCaseMainPhase(CommonExecutor.java:65)
	at com.kms.katalon.core.main.TestSuiteExecutor.accessTestSuiteMainPhase(TestSuiteExecutor.java:151)
	at com.kms.katalon.core.main.TestSuiteExecutor.execute(TestSuiteExecutor.java:106)
	at com.kms.katalon.core.main.TestCaseMain.startTestSuite(TestCaseMain.java:185)
	at com.kms.katalon.core.main.TestCaseMain$startTestSuite$0.call(Unknown Source)
	at TempTestSuite1678344058063.run(TempTestSuite1678344058063.groovy:36)
Caused by: com.kms.katalon.core.webui.exception.WebElementNotFoundException: Web element with id: 'Object Repository/EBP_Object/Page_Streetlogix/Total cost estimated' located by '/html/body/div[1]/div[1]/div[1]/div[1]/div[2]/div/div[1]/div/div[2]/div/div[2]/div/div/div/div/div/div[4]/h6[2]' not found
	at com.kms.katalon.core.webui.common.WebUiCommonHelper.findWebElement(WebUiCommonHelper.java:1370)
	at com.kms.katalon.core.webui.keyword.internal.WebUIAbstractKeyword.findWebElement(WebUIAbstractKeyword.groovy:27)
	at com.kms.katalon.core.webui.keyword.builtin.ClickKeyword$_click_closure1.doCall(ClickKeyword.groovy:65)
	at com.kms.katalon.core.webui.keyword.builtin.ClickKeyword$_click_closure1.call(ClickKeyword.groovy)
	at com.kms.katalon.core.webui.keyword.internal.WebUIKeywordMain.runKeyword(WebUIKeywordMain.groovy:20)
	at com.kms.katalon.core.webui.keyword.builtin.ClickKeyword.click(ClickKeyword.groovy:74)
	at com.kms.katalon.core.webui.keyword.builtin.ClickKeyword.execute(ClickKeyword.groovy:40)
	at com.kms.katalon.core.keyword.internal.KeywordExecutor.executeKeywordForPlatform(KeywordExecutor.groovy:74)
	at com.kms.katalon.core.webui.keyword.WebUiBuiltInKeywords.click(WebUiBuiltInKeywords.groovy:620)
	at com.kms.katalon.core.webui.keyword.WebUiBuiltInKeywords$click$0.call(Unknown Source)
	at Script1677278605328.run(Script1677278605328.groovy:110)
	... 13 more
)
[[ATTACHMENT|/Users/kashif/git/Streetlogix_4.01/Reports/20230309_114057/GIS/20230309_114058/1678345481187.png]]

2023-03-09 12:04:41 - [TEST_STEP][FAILED] - click(findTestObject("Object Repository/EBP_Object/Page_Streetlogix/Inflation_5")): Unable to click on object 'Object Repository/EBP_Object/Page_Streetlogix/Inflation_5' (Root cause: com.kms.katalon.core.exception.StepFailedException: Unable to click on object 'Object Repository/EBP_Object/Page_Streetlogix/Inflation_5'
	at com.kms.katalon.core.webui.keyword.internal.WebUIKeywordMain.stepFailed(WebUIKeywordMain.groovy:64)
	at com.kms.katalon.core.webui.keyword.internal.WebUIKeywordMain.runKeyword(WebUIKeywordMain.groovy:26)
	at com.kms.katalon.core.webui.keyword.builtin.ClickKeyword.click(ClickKeyword.groovy:74)
	at com.kms.katalon.core.webui.keyword.builtin.ClickKeyword.execute(ClickKeyword.groovy:40)
	at com.kms.katalon.core.keyword.internal.KeywordExecutor.executeKeywordForPlatform(KeywordExecutor.groovy:74)
	at com.kms.katalon.core.webui.keyword.WebUiBuiltInKeywords.click(WebUiBuiltInKeywords.groovy:620)
	at com.kms.katalon.core.webui.keyword.WebUiBuiltInKeywords$click$0.call(Unknown Source)
	at Budget_Estimator_1year - Sidewalk.run(Budget_Estimator_1year - Sidewalk:112)
	at com.kms.katalon.core.main.ScriptEngine.run(ScriptEngine.java:194)
	at com.kms.katalon.core.main.ScriptEngine.runScriptAsRawText(ScriptEngine.java:119)
	at com.kms.katalon.core.main.TestCaseExecutor.runScript(TestCaseExecutor.java:448)
	at com.kms.katalon.core.main.TestCaseExecutor.doExecute(TestCaseExecutor.java:439)
	at com.kms.katalon.core.main.TestCaseExecutor.processExecutionPhase(TestCaseExecutor.java:418)
	at com.kms.katalon.core.main.TestCaseExecutor.accessMainPhase(TestCaseExecutor.java:410)
	at com.kms.katalon.core.main.TestCaseExecutor.execute(TestCaseExecutor.java:285)
	at com.kms.katalon.core.common.CommonExecutor.accessTestCaseMainPhase(CommonExecutor.java:65)
	at com.kms.katalon.core.main.TestSuiteExecutor.accessTestSuiteMainPhase(TestSuiteExecutor.java:151)
	at com.kms.katalon.core.main.TestSuiteExecutor.execute(TestSuiteExecutor.java:106)
	at com.kms.katalon.core.main.TestCaseMain.startTestSuite(TestCaseMain.java:185)
	at com.kms.katalon.core.main.TestCaseMain$startTestSuite$0.call(Unknown Source)
	at TempTestSuite1678344058063.run(TempTestSuite1678344058063.groovy:36)
Caused by: com.kms.katalon.core.webui.exception.WebElementNotFoundException: Web element with id: 'Object Repository/EBP_Object/Page_Streetlogix/Inflation_5' located by '//*[(text() = '5%' or . = '5%')]' not found
	at com.kms.katalon.core.webui.common.WebUiCommonHelper.findWebElement(WebUiCommonHelper.java:1370)
	at com.kms.katalon.core.webui.keyword.internal.WebUIAbstractKeyword.findWebElement(WebUIAbstractKeyword.groovy:27)
	at com.kms.katalon.core.webui.keyword.builtin.ClickKeyword$_click_closure1.doCall(ClickKeyword.groovy:65)
	at com.kms.katalon.core.webui.keyword.builtin.ClickKeyword$_click_closure1.call(ClickKeyword.groovy)
	at com.kms.katalon.core.webui.keyword.internal.WebUIKeywordMain.runKeyword(WebUIKeywordMain.groovy:20)
	at com.kms.katalon.core.webui.keyword.builtin.ClickKeyword.click(ClickKeyword.groovy:74)
	at com.kms.katalon.core.webui.keyword.builtin.ClickKeyword.execute(ClickKeyword.groovy:40)
	at com.kms.katalon.core.keyword.internal.KeywordExecutor.executeKeywordForPlatform(KeywordExecutor.groovy:74)
	at com.kms.katalon.core.webui.keyword.WebUiBuiltInKeywords.click(WebUiBuiltInKeywords.groovy:620)
	at com.kms.katalon.core.webui.keyword.WebUiBuiltInKeywords$click$0.call(Unknown Source)
	at Script1677278605328.run(Script1677278605328.groovy:112)
	... 13 more
)

2023-03-09 12:05:12 - [MESSAGE][INFO] - Unable to find the element located by 'By.xpath: //*[(text() = '5%' or . = '5%')]'. Please recheck the objects properties to make sure the desired element is located. 

2023-03-09 12:05:13 - [MESSAGE][FAILED] - Unable to click on object 'Object Repository/EBP_Object/Page_Streetlogix/Inflation_5' (Root cause: com.kms.katalon.core.exception.StepFailedException: Unable to click on object 'Object Repository/EBP_Object/Page_Streetlogix/Inflation_5'
	at com.kms.katalon.core.webui.keyword.internal.WebUIKeywordMain.stepFailed(WebUIKeywordMain.groovy:64)
	at com.kms.katalon.core.webui.keyword.internal.WebUIKeywordMain.runKeyword(WebUIKeywordMain.groovy:26)
	at com.kms.katalon.core.webui.keyword.builtin.ClickKeyword.click(ClickKeyword.groovy:74)
	at com.kms.katalon.core.webui.keyword.builtin.ClickKeyword.execute(ClickKeyword.groovy:40)
	at com.kms.katalon.core.keyword.internal.KeywordExecutor.executeKeywordForPlatform(KeywordExecutor.groovy:74)
	at com.kms.katalon.core.webui.keyword.WebUiBuiltInKeywords.click(WebUiBuiltInKeywords.groovy:620)
	at com.kms.katalon.core.webui.keyword.WebUiBuiltInKeywords$click$0.call(Unknown Source)
	at Budget_Estimator_1year - Sidewalk.run(Budget_Estimator_1year - Sidewalk:112)
	at com.kms.katalon.core.main.ScriptEngine.run(ScriptEngine.java:194)
	at com.kms.katalon.core.main.ScriptEngine.runScriptAsRawText(ScriptEngine.java:119)
	at com.kms.katalon.core.main.TestCaseExecutor.runScript(TestCaseExecutor.java:448)
	at com.kms.katalon.core.main.TestCaseExecutor.doExecute(TestCaseExecutor.java:439)
	at com.kms.katalon.core.main.TestCaseExecutor.processExecutionPhase(TestCaseExecutor.java:418)
	at com.kms.katalon.core.main.TestCaseExecutor.accessMainPhase(TestCaseExecutor.java:410)
	at com.kms.katalon.core.main.TestCaseExecutor.execute(TestCaseExecutor.java:285)
	at com.kms.katalon.core.common.CommonExecutor.accessTestCaseMainPhase(CommonExecutor.java:65)
	at com.kms.katalon.core.main.TestSuiteExecutor.accessTestSuiteMainPhase(TestSuiteExecutor.java:151)
	at com.kms.katalon.core.main.TestSuiteExecutor.execute(TestSuiteExecutor.java:106)
	at com.kms.katalon.core.main.TestCaseMain.startTestSuite(TestCaseMain.java:185)
	at com.kms.katalon.core.main.TestCaseMain$startTestSuite$0.call(Unknown Source)
	at TempTestSuite1678344058063.run(TempTestSuite1678344058063.groovy:36)
Caused by: com.kms.katalon.core.webui.exception.WebElementNotFoundException: Web element with id: 'Object Repository/EBP_Object/Page_Streetlogix/Inflation_5' located by '//*[(text() = '5%' or . = '5%')]' not found
	at com.kms.katalon.core.webui.common.WebUiCommonHelper.findWebElement(WebUiCommonHelper.java:1370)
	at com.kms.katalon.core.webui.keyword.internal.WebUIAbstractKeyword.findWebElement(WebUIAbstractKeyword.groovy:27)
	at com.kms.katalon.core.webui.keyword.builtin.ClickKeyword$_click_closure1.doCall(ClickKeyword.groovy:65)
	at com.kms.katalon.core.webui.keyword.builtin.ClickKeyword$_click_closure1.call(ClickKeyword.groovy)
	at com.kms.katalon.core.webui.keyword.internal.WebUIKeywordMain.runKeyword(WebUIKeywordMain.groovy:20)
	at com.kms.katalon.core.webui.keyword.builtin.ClickKeyword.click(ClickKeyword.groovy:74)
	at com.kms.katalon.core.webui.keyword.builtin.ClickKeyword.execute(ClickKeyword.groovy:40)
	at com.kms.katalon.core.keyword.internal.KeywordExecutor.executeKeywordForPlatform(KeywordExecutor.groovy:74)
	at com.kms.katalon.core.webui.keyword.WebUiBuiltInKeywords.click(WebUiBuiltInKeywords.groovy:620)
	at com.kms.katalon.core.webui.keyword.WebUiBuiltInKeywords$click$0.call(Unknown Source)
	at Script1677278605328.run(Script1677278605328.groovy:112)
	... 13 more
)
[[ATTACHMENT|/Users/kashif/git/Streetlogix_4.01/Reports/20230309_114057/GIS/20230309_114058/1678345512917.png]]

2023-03-09 12:05:13 - [TEST_STEP][FAILED] - click(findTestObject("EBP_Object/Page_Streetlogix/Sci_filter")): Unable to click on object 'Object Repository/EBP_Object/Page_Streetlogix/Sci_filter' (Root cause: com.kms.katalon.core.exception.StepFailedException: Unable to click on object 'Object Repository/EBP_Object/Page_Streetlogix/Sci_filter'
	at com.kms.katalon.core.webui.keyword.internal.WebUIKeywordMain.stepFailed(WebUIKeywordMain.groovy:64)
	at com.kms.katalon.core.webui.keyword.internal.WebUIKeywordMain.runKeyword(WebUIKeywordMain.groovy:26)
	at com.kms.katalon.core.webui.keyword.builtin.ClickKeyword.click(ClickKeyword.groovy:74)
	at com.kms.katalon.core.webui.keyword.builtin.ClickKeyword.execute(ClickKeyword.groovy:40)
	at com.kms.katalon.core.keyword.internal.KeywordExecutor.executeKeywordForPlatform(KeywordExecutor.groovy:74)
	at com.kms.katalon.core.webui.keyword.WebUiBuiltInKeywords.click(WebUiBuiltInKeywords.groovy:620)
	at com.kms.katalon.core.webui.keyword.WebUiBuiltInKeywords$click$0.call(Unknown Source)
	at Budget_Estimator_1year - Sidewalk.run(Budget_Estimator_1year - Sidewalk:114)
	at com.kms.katalon.core.main.ScriptEngine.run(ScriptEngine.java:194)
	at com.kms.katalon.core.main.ScriptEngine.runScriptAsRawText(ScriptEngine.java:119)
	at com.kms.katalon.core.main.TestCaseExecutor.runScript(TestCaseExecutor.java:448)
	at com.kms.katalon.core.main.TestCaseExecutor.doExecute(TestCaseExecutor.java:439)
	at com.kms.katalon.core.main.TestCaseExecutor.processExecutionPhase(TestCaseExecutor.java:418)
	at com.kms.katalon.core.main.TestCaseExecutor.accessMainPhase(TestCaseExecutor.java:410)
	at com.kms.katalon.core.main.TestCaseExecutor.execute(TestCaseExecutor.java:285)
	at com.kms.katalon.core.common.CommonExecutor.accessTestCaseMainPhase(CommonExecutor.java:65)
	at com.kms.katalon.core.main.TestSuiteExecutor.accessTestSuiteMainPhase(TestSuiteExecutor.java:151)
	at com.kms.katalon.core.main.TestSuiteExecutor.execute(TestSuiteExecutor.java:106)
	at com.kms.katalon.core.main.TestCaseMain.startTestSuite(TestCaseMain.java:185)
	at com.kms.katalon.core.main.TestCaseMain$startTestSuite$0.call(Unknown Source)
	at TempTestSuite1678344058063.run(TempTestSuite1678344058063.groovy:36)
Caused by: com.kms.katalon.core.webui.exception.WebElementNotFoundException: Web element with id: 'Object Repository/EBP_Object/Page_Streetlogix/Sci_filter' located by '//*[(text() = 'sci > 0' or . = 'sci > 0')]' not found
	at com.kms.katalon.core.webui.common.WebUiCommonHelper.findWebElement(WebUiCommonHelper.java:1370)
	at com.kms.katalon.core.webui.keyword.internal.WebUIAbstractKeyword.findWebElement(WebUIAbstractKeyword.groovy:27)
	at com.kms.katalon.core.webui.keyword.builtin.ClickKeyword$_click_closure1.doCall(ClickKeyword.groovy:65)
	at com.kms.katalon.core.webui.keyword.builtin.ClickKeyword$_click_closure1.call(ClickKeyword.groovy)
	at com.kms.katalon.core.webui.keyword.internal.WebUIKeywordMain.runKeyword(WebUIKeywordMain.groovy:20)
	at com.kms.katalon.core.webui.keyword.builtin.ClickKeyword.click(ClickKeyword.groovy:74)
	at com.kms.katalon.core.webui.keyword.builtin.ClickKeyword.execute(ClickKeyword.groovy:40)
	at com.kms.katalon.core.keyword.internal.KeywordExecutor.executeKeywordForPlatform(KeywordExecutor.groovy:74)
	at com.kms.katalon.core.webui.keyword.WebUiBuiltInKeywords.click(WebUiBuiltInKeywords.groovy:620)
	at com.kms.katalon.core.webui.keyword.WebUiBuiltInKeywords$click$0.call(Unknown Source)
	at Script1677278605328.run(Script1677278605328.groovy:114)
	... 13 more
)

2023-03-09 12:05:44 - [MESSAGE][INFO] - Unable to find the element located by 'By.xpath: //*[(text() = 'sci > 0' or . = 'sci > 0')]'. Please recheck the objects properties to make sure the desired element is located. 

2023-03-09 12:05:45 - [MESSAGE][FAILED] - Unable to click on object 'Object Repository/EBP_Object/Page_Streetlogix/Sci_filter' (Root cause: com.kms.katalon.core.exception.StepFailedException: Unable to click on object 'Object Repository/EBP_Object/Page_Streetlogix/Sci_filter'
	at com.kms.katalon.core.webui.keyword.internal.WebUIKeywordMain.stepFailed(WebUIKeywordMain.groovy:64)
	at com.kms.katalon.core.webui.keyword.internal.WebUIKeywordMain.runKeyword(WebUIKeywordMain.groovy:26)
	at com.kms.katalon.core.webui.keyword.builtin.ClickKeyword.click(ClickKeyword.groovy:74)
	at com.kms.katalon.core.webui.keyword.builtin.ClickKeyword.execute(ClickKeyword.groovy:40)
	at com.kms.katalon.core.keyword.internal.KeywordExecutor.executeKeywordForPlatform(KeywordExecutor.groovy:74)
	at com.kms.katalon.core.webui.keyword.WebUiBuiltInKeywords.click(WebUiBuiltInKeywords.groovy:620)
	at com.kms.katalon.core.webui.keyword.WebUiBuiltInKeywords$click$0.call(Unknown Source)
	at Budget_Estimator_1year - Sidewalk.run(Budget_Estimator_1year - Sidewalk:114)
	at com.kms.katalon.core.main.ScriptEngine.run(ScriptEngine.java:194)
	at com.kms.katalon.core.main.ScriptEngine.runScriptAsRawText(ScriptEngine.java:119)
	at com.kms.katalon.core.main.TestCaseExecutor.runScript(TestCaseExecutor.java:448)
	at com.kms.katalon.core.main.TestCaseExecutor.doExecute(TestCaseExecutor.java:439)
	at com.kms.katalon.core.main.TestCaseExecutor.processExecutionPhase(TestCaseExecutor.java:418)
	at com.kms.katalon.core.main.TestCaseExecutor.accessMainPhase(TestCaseExecutor.java:410)
	at com.kms.katalon.core.main.TestCaseExecutor.execute(TestCaseExecutor.java:285)
	at com.kms.katalon.core.common.CommonExecutor.accessTestCaseMainPhase(CommonExecutor.java:65)
	at com.kms.katalon.core.main.TestSuiteExecutor.accessTestSuiteMainPhase(TestSuiteExecutor.java:151)
	at com.kms.katalon.core.main.TestSuiteExecutor.execute(TestSuiteExecutor.java:106)
	at com.kms.katalon.core.main.TestCaseMain.startTestSuite(TestCaseMain.java:185)
	at com.kms.katalon.core.main.TestCaseMain$startTestSuite$0.call(Unknown Source)
	at TempTestSuite1678344058063.run(TempTestSuite1678344058063.groovy:36)
Caused by: com.kms.katalon.core.webui.exception.WebElementNotFoundException: Web element with id: 'Object Repository/EBP_Object/Page_Streetlogix/Sci_filter' located by '//*[(text() = 'sci > 0' or . = 'sci > 0')]' not found
	at com.kms.katalon.core.webui.common.WebUiCommonHelper.findWebElement(WebUiCommonHelper.java:1370)
	at com.kms.katalon.core.webui.keyword.internal.WebUIAbstractKeyword.findWebElement(WebUIAbstractKeyword.groovy:27)
	at com.kms.katalon.core.webui.keyword.builtin.ClickKeyword$_click_closure1.doCall(ClickKeyword.groovy:65)
	at com.kms.katalon.core.webui.keyword.builtin.ClickKeyword$_click_closure1.call(ClickKeyword.groovy)
	at com.kms.katalon.core.webui.keyword.internal.WebUIKeywordMain.runKeyword(WebUIKeywordMain.groovy:20)
	at com.kms.katalon.core.webui.keyword.builtin.ClickKeyword.click(ClickKeyword.groovy:74)
	at com.kms.katalon.core.webui.keyword.builtin.ClickKeyword.execute(ClickKeyword.groovy:40)
	at com.kms.katalon.core.keyword.internal.KeywordExecutor.executeKeywordForPlatform(KeywordExecutor.groovy:74)
	at com.kms.katalon.core.webui.keyword.WebUiBuiltInKeywords.click(WebUiBuiltInKeywords.groovy:620)
	at com.kms.katalon.core.webui.keyword.WebUiBuiltInKeywords$click$0.call(Unknown Source)
	at Script1677278605328.run(Script1677278605328.groovy:114)
	... 13 more
)
[[ATTACHMENT|/Users/kashif/git/Streetlogix_4.01/Reports/20230309_114057/GIS/20230309_114058/1678345544597.png]]

2023-03-09 12:05:45 - [TEST_STEP][FAILED] - DTused = getText(findTestObject("EBP_Object/Page_Streetlogix/Sidewalk_DT")): Unable to get text of object 'Object Repository/EBP_Object/Page_Streetlogix/Sidewalk_DT' (Root cause: com.kms.katalon.core.exception.StepFailedException: Unable to get text of object 'Object Repository/EBP_Object/Page_Streetlogix/Sidewalk_DT'
	at com.kms.katalon.core.webui.keyword.internal.WebUIKeywordMain.stepFailed(WebUIKeywordMain.groovy:64)
	at com.kms.katalon.core.webui.keyword.internal.WebUIKeywordMain.runKeyword(WebUIKeywordMain.groovy:26)
	at com.kms.katalon.core.webui.keyword.builtin.GetTextKeyword.getText(GetTextKeyword.groovy:88)
	at com.kms.katalon.core.webui.keyword.builtin.GetTextKeyword.execute(GetTextKeyword.groovy:67)
	at com.kms.katalon.core.keyword.internal.KeywordExecutor.executeKeywordForPlatform(KeywordExecutor.groovy:74)
	at com.kms.katalon.core.webui.keyword.WebUiBuiltInKeywords.getText(WebUiBuiltInKeywords.groovy:918)
	at com.kms.katalon.core.webui.keyword.WebUiBuiltInKeywords$getText$1.call(Unknown Source)
	at Budget_Estimator_1year - Sidewalk.run(Budget_Estimator_1year - Sidewalk:116)
	at com.kms.katalon.core.main.ScriptEngine.run(ScriptEngine.java:194)
	at com.kms.katalon.core.main.ScriptEngine.runScriptAsRawText(ScriptEngine.java:119)
	at com.kms.katalon.core.main.TestCaseExecutor.runScript(TestCaseExecutor.java:448)
	at com.kms.katalon.core.main.TestCaseExecutor.doExecute(TestCaseExecutor.java:439)
	at com.kms.katalon.core.main.TestCaseExecutor.processExecutionPhase(TestCaseExecutor.java:418)
	at com.kms.katalon.core.main.TestCaseExecutor.accessMainPhase(TestCaseExecutor.java:410)
	at com.kms.katalon.core.main.TestCaseExecutor.execute(TestCaseExecutor.java:285)
	at com.kms.katalon.core.common.CommonExecutor.accessTestCaseMainPhase(CommonExecutor.java:65)
	at com.kms.katalon.core.main.TestSuiteExecutor.accessTestSuiteMainPhase(TestSuiteExecutor.java:151)
	at com.kms.katalon.core.main.TestSuiteExecutor.execute(TestSuiteExecutor.java:106)
	at com.kms.katalon.core.main.TestCaseMain.startTestSuite(TestCaseMain.java:185)
	at com.kms.katalon.core.main.TestCaseMain$startTestSuite$0.call(Unknown Source)
	at TempTestSuite1678344058063.run(TempTestSuite1678344058063.groovy:36)
Caused by: com.kms.katalon.core.webui.exception.WebElementNotFoundException: Web element with id: 'Object Repository/EBP_Object/Page_Streetlogix/Sidewalk_DT' located by '/html/body/div[1]/div[1]/div[1]/div[1]/div[2]/div/div[1]/div/div[2]/div/div[2]/div/div/div/div/div/div[7]/h6[2]' not found
	at com.kms.katalon.core.webui.common.WebUiCommonHelper.findWebElement(WebUiCommonHelper.java:1370)
	at com.kms.katalon.core.webui.keyword.internal.WebUIAbstractKeyword.findWebElement(WebUIAbstractKeyword.groovy:27)
	at com.kms.katalon.core.webui.keyword.internal.WebUIAbstractKeyword.findWebElement(WebUIAbstractKeyword.groovy:26)
	at com.kms.katalon.core.webui.keyword.builtin.GetTextKeyword$_getText_closure1.doCall(GetTextKeyword.groovy:78)
	at com.kms.katalon.core.webui.keyword.builtin.GetTextKeyword$_getText_closure1.call(GetTextKeyword.groovy)
	at com.kms.katalon.core.webui.keyword.internal.WebUIKeywordMain.runKeyword(WebUIKeywordMain.groovy:20)
	at com.kms.katalon.core.webui.keyword.builtin.GetTextKeyword.getText(GetTextKeyword.groovy:88)
	at com.kms.katalon.core.webui.keyword.builtin.GetTextKeyword.execute(GetTextKeyword.groovy:67)
	at com.kms.katalon.core.keyword.internal.KeywordExecutor.executeKeywordForPlatform(KeywordExecutor.groovy:74)
	at com.kms.katalon.core.webui.keyword.WebUiBuiltInKeywords.getText(WebUiBuiltInKeywords.groovy:918)
	at com.kms.katalon.core.webui.keyword.WebUiBuiltInKeywords$getText$1.call(Unknown Source)
	at Script1677278605328.run(Script1677278605328.groovy:116)
	... 13 more
)

2023-03-09 12:06:16 - [MESSAGE][INFO] - Unable to find the element located by 'By.xpath: /html/body/div[1]/div[1]/div[1]/div[1]/div[2]/div/div[1]/div/div[2]/div/div[2]/div/div/div/div/div/div[7]/h6[2]'. Please recheck the objects properties to make sure the desired element is located. 

2023-03-09 12:06:16 - [MESSAGE][FAILED] - Unable to get text of object 'Object Repository/EBP_Object/Page_Streetlogix/Sidewalk_DT' (Root cause: com.kms.katalon.core.exception.StepFailedException: Unable to get text of object 'Object Repository/EBP_Object/Page_Streetlogix/Sidewalk_DT'
	at com.kms.katalon.core.webui.keyword.internal.WebUIKeywordMain.stepFailed(WebUIKeywordMain.groovy:64)
	at com.kms.katalon.core.webui.keyword.internal.WebUIKeywordMain.runKeyword(WebUIKeywordMain.groovy:26)
	at com.kms.katalon.core.webui.keyword.builtin.GetTextKeyword.getText(GetTextKeyword.groovy:88)
	at com.kms.katalon.core.webui.keyword.builtin.GetTextKeyword.execute(GetTextKeyword.groovy:67)
	at com.kms.katalon.core.keyword.internal.KeywordExecutor.executeKeywordForPlatform(KeywordExecutor.groovy:74)
	at com.kms.katalon.core.webui.keyword.WebUiBuiltInKeywords.getText(WebUiBuiltInKeywords.groovy:918)
	at com.kms.katalon.core.webui.keyword.WebUiBuiltInKeywords$getText$1.call(Unknown Source)
	at Budget_Estimator_1year - Sidewalk.run(Budget_Estimator_1year - Sidewalk:116)
	at com.kms.katalon.core.main.ScriptEngine.run(ScriptEngine.java:194)
	at com.kms.katalon.core.main.ScriptEngine.runScriptAsRawText(ScriptEngine.java:119)
	at com.kms.katalon.core.main.TestCaseExecutor.runScript(TestCaseExecutor.java:448)
	at com.kms.katalon.core.main.TestCaseExecutor.doExecute(TestCaseExecutor.java:439)
	at com.kms.katalon.core.main.TestCaseExecutor.processExecutionPhase(TestCaseExecutor.java:418)
	at com.kms.katalon.core.main.TestCaseExecutor.accessMainPhase(TestCaseExecutor.java:410)
	at com.kms.katalon.core.main.TestCaseExecutor.execute(TestCaseExecutor.java:285)
	at com.kms.katalon.core.common.CommonExecutor.accessTestCaseMainPhase(CommonExecutor.java:65)
	at com.kms.katalon.core.main.TestSuiteExecutor.accessTestSuiteMainPhase(TestSuiteExecutor.java:151)
	at com.kms.katalon.core.main.TestSuiteExecutor.execute(TestSuiteExecutor.java:106)
	at com.kms.katalon.core.main.TestCaseMain.startTestSuite(TestCaseMain.java:185)
	at com.kms.katalon.core.main.TestCaseMain$startTestSuite$0.call(Unknown Source)
	at TempTestSuite1678344058063.run(TempTestSuite1678344058063.groovy:36)
Caused by: com.kms.katalon.core.webui.exception.WebElementNotFoundException: Web element with id: 'Object Repository/EBP_Object/Page_Streetlogix/Sidewalk_DT' located by '/html/body/div[1]/div[1]/div[1]/div[1]/div[2]/div/div[1]/div/div[2]/div/div[2]/div/div/div/div/div/div[7]/h6[2]' not found
	at com.kms.katalon.core.webui.common.WebUiCommonHelper.findWebElement(WebUiCommonHelper.java:1370)
	at com.kms.katalon.core.webui.keyword.internal.WebUIAbstractKeyword.findWebElement(WebUIAbstractKeyword.groovy:27)
	at com.kms.katalon.core.webui.keyword.internal.WebUIAbstractKeyword.findWebElement(WebUIAbstractKeyword.groovy:26)
	at com.kms.katalon.core.webui.keyword.builtin.GetTextKeyword$_getText_closure1.doCall(GetTextKeyword.groovy:78)
	at com.kms.katalon.core.webui.keyword.builtin.GetTextKeyword$_getText_closure1.call(GetTextKeyword.groovy)
	at com.kms.katalon.core.webui.keyword.internal.WebUIKeywordMain.runKeyword(WebUIKeywordMain.groovy:20)
	at com.kms.katalon.core.webui.keyword.builtin.GetTextKeyword.getText(GetTextKeyword.groovy:88)
	at com.kms.katalon.core.webui.keyword.builtin.GetTextKeyword.execute(GetTextKeyword.groovy:67)
	at com.kms.katalon.core.keyword.internal.KeywordExecutor.executeKeywordForPlatform(KeywordExecutor.groovy:74)
	at com.kms.katalon.core.webui.keyword.WebUiBuiltInKeywords.getText(WebUiBuiltInKeywords.groovy:918)
	at com.kms.katalon.core.webui.keyword.WebUiBuiltInKeywords$getText$1.call(Unknown Source)
	at Script1677278605328.run(Script1677278605328.groovy:116)
	... 13 more
)
[[ATTACHMENT|/Users/kashif/git/Streetlogix_4.01/Reports/20230309_114057/GIS/20230309_114058/1678345576378.png]]

2023-03-09 12:06:16 - [TEST_STEP][PASSED] - InuseDT = database_keywords.test.Database_Keywords.getinuseDTSidewalk(): database_keywords.test.Database_Keywords.getinuseDTSidewalk is PASSED

2023-03-09 12:06:20 - [MESSAGE][PASSED] - database_keywords.test.Database_Keywords.getinuseDTSidewalk is PASSED

2023-03-09 12:06:20 - [TEST_STEP][PASSED] - println(InuseDT): null

2023-03-09 12:06:20 - [TEST_STEP][FAILED] - verifyMatch(InuseDT, DTused, false): Unable to verify match between actual text 'SCI tree' and expected text 'null' (Root cause: com.kms.katalon.core.exception.StepFailedException: Actual text 'SCI tree' and expected text 'null' are not matched
	at com.kms.katalon.core.keyword.builtin.VerifyMatchKeyword$_verifyMatch_closure1.doCall(VerifyMatchKeyword.groovy:57)
	at com.kms.katalon.core.keyword.builtin.VerifyMatchKeyword$_verifyMatch_closure1.call(VerifyMatchKeyword.groovy)
	at com.kms.katalon.core.keyword.internal.KeywordMain.runKeyword(KeywordMain.groovy:74)
	at com.kms.katalon.core.keyword.builtin.VerifyMatchKeyword.verifyMatch(VerifyMatchKeyword.groovy:60)
	at com.kms.katalon.core.keyword.builtin.VerifyMatchKeyword.execute(VerifyMatchKeyword.groovy:45)
	at com.kms.katalon.core.keyword.internal.KeywordExecutor.executeKeywordForPlatform(KeywordExecutor.groovy:74)
	at com.kms.katalon.core.keyword.BuiltinKeywords.verifyMatch(BuiltinKeywords.groovy:73)
	at Budget_Estimator_1year - Sidewalk.run(Budget_Estimator_1year - Sidewalk:122)
	at com.kms.katalon.core.main.ScriptEngine.run(ScriptEngine.java:194)
	at com.kms.katalon.core.main.ScriptEngine.runScriptAsRawText(ScriptEngine.java:119)
	at com.kms.katalon.core.main.TestCaseExecutor.runScript(TestCaseExecutor.java:448)
	at com.kms.katalon.core.main.TestCaseExecutor.doExecute(TestCaseExecutor.java:439)
	at com.kms.katalon.core.main.TestCaseExecutor.processExecutionPhase(TestCaseExecutor.java:418)
	at com.kms.katalon.core.main.TestCaseExecutor.accessMainPhase(TestCaseExecutor.java:410)
	at com.kms.katalon.core.main.TestCaseExecutor.execute(TestCaseExecutor.java:285)
	at com.kms.katalon.core.common.CommonExecutor.accessTestCaseMainPhase(CommonExecutor.java:65)
	at com.kms.katalon.core.main.TestSuiteExecutor.accessTestSuiteMainPhase(TestSuiteExecutor.java:151)
	at com.kms.katalon.core.main.TestSuiteExecutor.execute(TestSuiteExecutor.java:106)
	at com.kms.katalon.core.main.TestCaseMain.startTestSuite(TestCaseMain.java:185)
	at com.kms.katalon.core.main.TestCaseMain$startTestSuite$0.call(Unknown Source)
	at TempTestSuite1678344058063.run(TempTestSuite1678344058063.groovy:36)
)

2023-03-09 12:06:20 - [MESSAGE][FAILED] - Unable to verify match between actual text 'SCI tree' and expected text 'null' (Root cause: com.kms.katalon.core.exception.StepFailedException: Actual text 'SCI tree' and expected text 'null' are not matched
	at com.kms.katalon.core.keyword.builtin.VerifyMatchKeyword$_verifyMatch_closure1.doCall(VerifyMatchKeyword.groovy:57)
	at com.kms.katalon.core.keyword.builtin.VerifyMatchKeyword$_verifyMatch_closure1.call(VerifyMatchKeyword.groovy)
	at com.kms.katalon.core.keyword.internal.KeywordMain.runKeyword(KeywordMain.groovy:74)
	at com.kms.katalon.core.keyword.builtin.VerifyMatchKeyword.verifyMatch(VerifyMatchKeyword.groovy:60)
	at com.kms.katalon.core.keyword.builtin.VerifyMatchKeyword.execute(VerifyMatchKeyword.groovy:45)
	at com.kms.katalon.core.keyword.internal.KeywordExecutor.executeKeywordForPlatform(KeywordExecutor.groovy:74)
	at com.kms.katalon.core.keyword.BuiltinKeywords.verifyMatch(BuiltinKeywords.groovy:73)
	at Budget_Estimator_1year - Sidewalk.run(Budget_Estimator_1year - Sidewalk:122)
	at com.kms.katalon.core.main.ScriptEngine.run(ScriptEngine.java:194)
	at com.kms.katalon.core.main.ScriptEngine.runScriptAsRawText(ScriptEngine.java:119)
	at com.kms.katalon.core.main.TestCaseExecutor.runScript(TestCaseExecutor.java:448)
	at com.kms.katalon.core.main.TestCaseExecutor.doExecute(TestCaseExecutor.java:439)
	at com.kms.katalon.core.main.TestCaseExecutor.processExecutionPhase(TestCaseExecutor.java:418)
	at com.kms.katalon.core.main.TestCaseExecutor.accessMainPhase(TestCaseExecutor.java:410)
	at com.kms.katalon.core.main.TestCaseExecutor.execute(TestCaseExecutor.java:285)
	at com.kms.katalon.core.common.CommonExecutor.accessTestCaseMainPhase(CommonExecutor.java:65)
	at com.kms.katalon.core.main.TestSuiteExecutor.accessTestSuiteMainPhase(TestSuiteExecutor.java:151)
	at com.kms.katalon.core.main.TestSuiteExecutor.execute(TestSuiteExecutor.java:106)
	at com.kms.katalon.core.main.TestCaseMain.startTestSuite(TestCaseMain.java:185)
	at com.kms.katalon.core.main.TestCaseMain$startTestSuite$0.call(Unknown Source)
	at TempTestSuite1678344058063.run(TempTestSuite1678344058063.groovy:36)
)

2023-03-09 12:06:20 - [TEST_STEP][FAILED] - click(findTestObject("EBP_Object/Page_Streetlogix/View_Graph_dropdown")): Unable to click on object 'Object Repository/EBP_Object/Page_Streetlogix/View_Graph_dropdown' (Root cause: com.kms.katalon.core.exception.StepFailedException: Unable to click on object 'Object Repository/EBP_Object/Page_Streetlogix/View_Graph_dropdown'
	at com.kms.katalon.core.webui.keyword.internal.WebUIKeywordMain.stepFailed(WebUIKeywordMain.groovy:64)
	at com.kms.katalon.core.webui.keyword.internal.WebUIKeywordMain.runKeyword(WebUIKeywordMain.groovy:26)
	at com.kms.katalon.core.webui.keyword.builtin.ClickKeyword.click(ClickKeyword.groovy:74)
	at com.kms.katalon.core.webui.keyword.builtin.ClickKeyword.execute(ClickKeyword.groovy:40)
	at com.kms.katalon.core.keyword.internal.KeywordExecutor.executeKeywordForPlatform(KeywordExecutor.groovy:74)
	at com.kms.katalon.core.webui.keyword.WebUiBuiltInKeywords.click(WebUiBuiltInKeywords.groovy:620)
	at com.kms.katalon.core.webui.keyword.WebUiBuiltInKeywords$click$0.call(Unknown Source)
	at Budget_Estimator_1year - Sidewalk.run(Budget_Estimator_1year - Sidewalk:124)
	at com.kms.katalon.core.main.ScriptEngine.run(ScriptEngine.java:194)
	at com.kms.katalon.core.main.ScriptEngine.runScriptAsRawText(ScriptEngine.java:119)
	at com.kms.katalon.core.main.TestCaseExecutor.runScript(TestCaseExecutor.java:448)
	at com.kms.katalon.core.main.TestCaseExecutor.doExecute(TestCaseExecutor.java:439)
	at com.kms.katalon.core.main.TestCaseExecutor.processExecutionPhase(TestCaseExecutor.java:418)
	at com.kms.katalon.core.main.TestCaseExecutor.accessMainPhase(TestCaseExecutor.java:410)
	at com.kms.katalon.core.main.TestCaseExecutor.execute(TestCaseExecutor.java:285)
	at com.kms.katalon.core.common.CommonExecutor.accessTestCaseMainPhase(CommonExecutor.java:65)
	at com.kms.katalon.core.main.TestSuiteExecutor.accessTestSuiteMainPhase(TestSuiteExecutor.java:151)
	at com.kms.katalon.core.main.TestSuiteExecutor.execute(TestSuiteExecutor.java:106)
	at com.kms.katalon.core.main.TestCaseMain.startTestSuite(TestCaseMain.java:185)
	at com.kms.katalon.core.main.TestCaseMain$startTestSuite$0.call(Unknown Source)
	at TempTestSuite1678344058063.run(TempTestSuite1678344058063.groovy:36)
Caused by: com.kms.katalon.core.webui.exception.WebElementNotFoundException: Web element with id: 'Object Repository/EBP_Object/Page_Streetlogix/View_Graph_dropdown' located by '//div[@id='mui-component-select-view']' not found
	at com.kms.katalon.core.webui.common.WebUiCommonHelper.findWebElement(WebUiCommonHelper.java:1370)
	at com.kms.katalon.core.webui.keyword.internal.WebUIAbstractKeyword.findWebElement(WebUIAbstractKeyword.groovy:27)
	at com.kms.katalon.core.webui.keyword.builtin.ClickKeyword$_click_closure1.doCall(ClickKeyword.groovy:65)
	at com.kms.katalon.core.webui.keyword.builtin.ClickKeyword$_click_closure1.call(ClickKeyword.groovy)
	at com.kms.katalon.core.webui.keyword.internal.WebUIKeywordMain.runKeyword(WebUIKeywordMain.groovy:20)
	at com.kms.katalon.core.webui.keyword.builtin.ClickKeyword.click(ClickKeyword.groovy:74)
	at com.kms.katalon.core.webui.keyword.builtin.ClickKeyword.execute(ClickKeyword.groovy:40)
	at com.kms.katalon.core.keyword.internal.KeywordExecutor.executeKeywordForPlatform(KeywordExecutor.groovy:74)
	at com.kms.katalon.core.webui.keyword.WebUiBuiltInKeywords.click(WebUiBuiltInKeywords.groovy:620)
	at com.kms.katalon.core.webui.keyword.WebUiBuiltInKeywords$click$0.call(Unknown Source)
	at Script1677278605328.run(Script1677278605328.groovy:124)
	... 13 more
)

2023-03-09 12:06:53 - [MESSAGE][INFO] - Unable to find the element located by 'By.xpath: //div[@id='mui-component-select-view']'. Please recheck the objects properties to make sure the desired element is located. 

2023-03-09 12:06:53 - [MESSAGE][FAILED] - Unable to click on object 'Object Repository/EBP_Object/Page_Streetlogix/View_Graph_dropdown' (Root cause: com.kms.katalon.core.exception.StepFailedException: Unable to click on object 'Object Repository/EBP_Object/Page_Streetlogix/View_Graph_dropdown'
	at com.kms.katalon.core.webui.keyword.internal.WebUIKeywordMain.stepFailed(WebUIKeywordMain.groovy:64)
	at com.kms.katalon.core.webui.keyword.internal.WebUIKeywordMain.runKeyword(WebUIKeywordMain.groovy:26)
	at com.kms.katalon.core.webui.keyword.builtin.ClickKeyword.click(ClickKeyword.groovy:74)
	at com.kms.katalon.core.webui.keyword.builtin.ClickKeyword.execute(ClickKeyword.groovy:40)
	at com.kms.katalon.core.keyword.internal.KeywordExecutor.executeKeywordForPlatform(KeywordExecutor.groovy:74)
	at com.kms.katalon.core.webui.keyword.WebUiBuiltInKeywords.click(WebUiBuiltInKeywords.groovy:620)
	at com.kms.katalon.core.webui.keyword.WebUiBuiltInKeywords$click$0.call(Unknown Source)
	at Budget_Estimator_1year - Sidewalk.run(Budget_Estimator_1year - Sidewalk:124)
	at com.kms.katalon.core.main.ScriptEngine.run(ScriptEngine.java:194)
	at com.kms.katalon.core.main.ScriptEngine.runScriptAsRawText(ScriptEngine.java:119)
	at com.kms.katalon.core.main.TestCaseExecutor.runScript(TestCaseExecutor.java:448)
	at com.kms.katalon.core.main.TestCaseExecutor.doExecute(TestCaseExecutor.java:439)
	at com.kms.katalon.core.main.TestCaseExecutor.processExecutionPhase(TestCaseExecutor.java:418)
	at com.kms.katalon.core.main.TestCaseExecutor.accessMainPhase(TestCaseExecutor.java:410)
	at com.kms.katalon.core.main.TestCaseExecutor.execute(TestCaseExecutor.java:285)
	at com.kms.katalon.core.common.CommonExecutor.accessTestCaseMainPhase(CommonExecutor.java:65)
	at com.kms.katalon.core.main.TestSuiteExecutor.accessTestSuiteMainPhase(TestSuiteExecutor.java:151)
	at com.kms.katalon.core.main.TestSuiteExecutor.execute(TestSuiteExecutor.java:106)
	at com.kms.katalon.core.main.TestCaseMain.startTestSuite(TestCaseMain.java:185)
	at com.kms.katalon.core.main.TestCaseMain$startTestSuite$0.call(Unknown Source)
	at TempTestSuite1678344058063.run(TempTestSuite1678344058063.groovy:36)
Caused by: com.kms.katalon.core.webui.exception.WebElementNotFoundException: Web element with id: 'Object Repository/EBP_Object/Page_Streetlogix/View_Graph_dropdown' located by '//div[@id='mui-component-select-view']' not found
	at com.kms.katalon.core.webui.common.WebUiCommonHelper.findWebElement(WebUiCommonHelper.java:1370)
	at com.kms.katalon.core.webui.keyword.internal.WebUIAbstractKeyword.findWebElement(WebUIAbstractKeyword.groovy:27)
	at com.kms.katalon.core.webui.keyword.builtin.ClickKeyword$_click_closure1.doCall(ClickKeyword.groovy:65)
	at com.kms.katalon.core.webui.keyword.builtin.ClickKeyword$_click_closure1.call(ClickKeyword.groovy)
	at com.kms.katalon.core.webui.keyword.internal.WebUIKeywordMain.runKeyword(WebUIKeywordMain.groovy:20)
	at com.kms.katalon.core.webui.keyword.builtin.ClickKeyword.click(ClickKeyword.groovy:74)
	at com.kms.katalon.core.webui.keyword.builtin.ClickKeyword.execute(ClickKeyword.groovy:40)
	at com.kms.katalon.core.keyword.internal.KeywordExecutor.executeKeywordForPlatform(KeywordExecutor.groovy:74)
	at com.kms.katalon.core.webui.keyword.WebUiBuiltInKeywords.click(WebUiBuiltInKeywords.groovy:620)
	at com.kms.katalon.core.webui.keyword.WebUiBuiltInKeywords$click$0.call(Unknown Source)
	at Script1677278605328.run(Script1677278605328.groovy:124)
	... 13 more
)
[[ATTACHMENT|/Users/kashif/git/Streetlogix_4.01/Reports/20230309_114057/GIS/20230309_114058/1678345613071.png]]

2023-03-09 12:06:53 - [TEST_STEP][FAILED] - click(findTestObject("Object Repository/EBP_Object/Page_Streetlogix/li_Table")): Unable to click on object 'Object Repository/EBP_Object/Page_Streetlogix/li_Table' (Root cause: com.kms.katalon.core.exception.StepFailedException: Unable to click on object 'Object Repository/EBP_Object/Page_Streetlogix/li_Table'
	at com.kms.katalon.core.webui.keyword.internal.WebUIKeywordMain.stepFailed(WebUIKeywordMain.groovy:64)
	at com.kms.katalon.core.webui.keyword.internal.WebUIKeywordMain.runKeyword(WebUIKeywordMain.groovy:26)
	at com.kms.katalon.core.webui.keyword.builtin.ClickKeyword.click(ClickKeyword.groovy:74)
	at com.kms.katalon.core.webui.keyword.builtin.ClickKeyword.execute(ClickKeyword.groovy:40)
	at com.kms.katalon.core.keyword.internal.KeywordExecutor.executeKeywordForPlatform(KeywordExecutor.groovy:74)
	at com.kms.katalon.core.webui.keyword.WebUiBuiltInKeywords.click(WebUiBuiltInKeywords.groovy:620)
	at com.kms.katalon.core.webui.keyword.WebUiBuiltInKeywords$click$0.call(Unknown Source)
	at Budget_Estimator_1year - Sidewalk.run(Budget_Estimator_1year - Sidewalk:126)
	at com.kms.katalon.core.main.ScriptEngine.run(ScriptEngine.java:194)
	at com.kms.katalon.core.main.ScriptEngine.runScriptAsRawText(ScriptEngine.java:119)
	at com.kms.katalon.core.main.TestCaseExecutor.runScript(TestCaseExecutor.java:448)
	at com.kms.katalon.core.main.TestCaseExecutor.doExecute(TestCaseExecutor.java:439)
	at com.kms.katalon.core.main.TestCaseExecutor.processExecutionPhase(TestCaseExecutor.java:418)
	at com.kms.katalon.core.main.TestCaseExecutor.accessMainPhase(TestCaseExecutor.java:410)
	at com.kms.katalon.core.main.TestCaseExecutor.execute(TestCaseExecutor.java:285)
	at com.kms.katalon.core.common.CommonExecutor.accessTestCaseMainPhase(CommonExecutor.java:65)
	at com.kms.katalon.core.main.TestSuiteExecutor.accessTestSuiteMainPhase(TestSuiteExecutor.java:151)
	at com.kms.katalon.core.main.TestSuiteExecutor.execute(TestSuiteExecutor.java:106)
	at com.kms.katalon.core.main.TestCaseMain.startTestSuite(TestCaseMain.java:185)
	at com.kms.katalon.core.main.TestCaseMain$startTestSuite$0.call(Unknown Source)
	at TempTestSuite1678344058063.run(TempTestSuite1678344058063.groovy:36)
Caused by: com.kms.katalon.core.webui.exception.WebElementNotFoundException: Web element with id: 'Object Repository/EBP_Object/Page_Streetlogix/li_Table' located by '//div[@id='menu-view']/div[3]/ul/li[2]' not found
	at com.kms.katalon.core.webui.common.WebUiCommonHelper.findWebElement(WebUiCommonHelper.java:1370)
	at com.kms.katalon.core.webui.keyword.internal.WebUIAbstractKeyword.findWebElement(WebUIAbstractKeyword.groovy:27)
	at com.kms.katalon.core.webui.keyword.builtin.ClickKeyword$_click_closure1.doCall(ClickKeyword.groovy:65)
	at com.kms.katalon.core.webui.keyword.builtin.ClickKeyword$_click_closure1.call(ClickKeyword.groovy)
	at com.kms.katalon.core.webui.keyword.internal.WebUIKeywordMain.runKeyword(WebUIKeywordMain.groovy:20)
	at com.kms.katalon.core.webui.keyword.builtin.ClickKeyword.click(ClickKeyword.groovy:74)
	at com.kms.katalon.core.webui.keyword.builtin.ClickKeyword.execute(ClickKeyword.groovy:40)
	at com.kms.katalon.core.keyword.internal.KeywordExecutor.executeKeywordForPlatform(KeywordExecutor.groovy:74)
	at com.kms.katalon.core.webui.keyword.WebUiBuiltInKeywords.click(WebUiBuiltInKeywords.groovy:620)
	at com.kms.katalon.core.webui.keyword.WebUiBuiltInKeywords$click$0.call(Unknown Source)
	at Script1677278605328.run(Script1677278605328.groovy:126)
	... 13 more
)

2023-03-09 12:07:25 - [MESSAGE][INFO] - Unable to find the element located by 'By.xpath: //div[@id='menu-view']/div[3]/ul/li[2]'. Please recheck the objects properties to make sure the desired element is located. 

2023-03-09 12:07:25 - [MESSAGE][FAILED] - Unable to click on object 'Object Repository/EBP_Object/Page_Streetlogix/li_Table' (Root cause: com.kms.katalon.core.exception.StepFailedException: Unable to click on object 'Object Repository/EBP_Object/Page_Streetlogix/li_Table'
	at com.kms.katalon.core.webui.keyword.internal.WebUIKeywordMain.stepFailed(WebUIKeywordMain.groovy:64)
	at com.kms.katalon.core.webui.keyword.internal.WebUIKeywordMain.runKeyword(WebUIKeywordMain.groovy:26)
	at com.kms.katalon.core.webui.keyword.builtin.ClickKeyword.click(ClickKeyword.groovy:74)
	at com.kms.katalon.core.webui.keyword.builtin.ClickKeyword.execute(ClickKeyword.groovy:40)
	at com.kms.katalon.core.keyword.internal.KeywordExecutor.executeKeywordForPlatform(KeywordExecutor.groovy:74)
	at com.kms.katalon.core.webui.keyword.WebUiBuiltInKeywords.click(WebUiBuiltInKeywords.groovy:620)
	at com.kms.katalon.core.webui.keyword.WebUiBuiltInKeywords$click$0.call(Unknown Source)
	at Budget_Estimator_1year - Sidewalk.run(Budget_Estimator_1year - Sidewalk:126)
	at com.kms.katalon.core.main.ScriptEngine.run(ScriptEngine.java:194)
	at com.kms.katalon.core.main.ScriptEngine.runScriptAsRawText(ScriptEngine.java:119)
	at com.kms.katalon.core.main.TestCaseExecutor.runScript(TestCaseExecutor.java:448)
	at com.kms.katalon.core.main.TestCaseExecutor.doExecute(TestCaseExecutor.java:439)
	at com.kms.katalon.core.main.TestCaseExecutor.processExecutionPhase(TestCaseExecutor.java:418)
	at com.kms.katalon.core.main.TestCaseExecutor.accessMainPhase(TestCaseExecutor.java:410)
	at com.kms.katalon.core.main.TestCaseExecutor.execute(TestCaseExecutor.java:285)
	at com.kms.katalon.core.common.CommonExecutor.accessTestCaseMainPhase(CommonExecutor.java:65)
	at com.kms.katalon.core.main.TestSuiteExecutor.accessTestSuiteMainPhase(TestSuiteExecutor.java:151)
	at com.kms.katalon.core.main.TestSuiteExecutor.execute(TestSuiteExecutor.java:106)
	at com.kms.katalon.core.main.TestCaseMain.startTestSuite(TestCaseMain.java:185)
	at com.kms.katalon.core.main.TestCaseMain$startTestSuite$0.call(Unknown Source)
	at TempTestSuite1678344058063.run(TempTestSuite1678344058063.groovy:36)
Caused by: com.kms.katalon.core.webui.exception.WebElementNotFoundException: Web element with id: 'Object Repository/EBP_Object/Page_Streetlogix/li_Table' located by '//div[@id='menu-view']/div[3]/ul/li[2]' not found
	at com.kms.katalon.core.webui.common.WebUiCommonHelper.findWebElement(WebUiCommonHelper.java:1370)
	at com.kms.katalon.core.webui.keyword.internal.WebUIAbstractKeyword.findWebElement(WebUIAbstractKeyword.groovy:27)
	at com.kms.katalon.core.webui.keyword.builtin.ClickKeyword$_click_closure1.doCall(ClickKeyword.groovy:65)
	at com.kms.katalon.core.webui.keyword.builtin.ClickKeyword$_click_closure1.call(ClickKeyword.groovy)
	at com.kms.katalon.core.webui.keyword.internal.WebUIKeywordMain.runKeyword(WebUIKeywordMain.groovy:20)
	at com.kms.katalon.core.webui.keyword.builtin.ClickKeyword.click(ClickKeyword.groovy:74)
	at com.kms.katalon.core.webui.keyword.builtin.ClickKeyword.execute(ClickKeyword.groovy:40)
	at com.kms.katalon.core.keyword.internal.KeywordExecutor.executeKeywordForPlatform(KeywordExecutor.groovy:74)
	at com.kms.katalon.core.webui.keyword.WebUiBuiltInKeywords.click(WebUiBuiltInKeywords.groovy:620)
	at com.kms.katalon.core.webui.keyword.WebUiBuiltInKeywords$click$0.call(Unknown Source)
	at Script1677278605328.run(Script1677278605328.groovy:126)
	... 13 more
)
[[ATTACHMENT|/Users/kashif/git/Streetlogix_4.01/Reports/20230309_114057/GIS/20230309_114058/1678345645115.png]]

2023-03-09 12:07:25 - [TEST_STEP][PASSED] - delay(5): Delayed 5 second(s)

2023-03-09 12:07:30 - [MESSAGE][PASSED] - Delayed 5 second(s)

2023-03-09 12:07:30 - [TEST_STEP][PASSED] - finalrating = TestObject().addProperty("text", EQUALS, TargetCIfloat): null

2023-03-09 12:07:30 - [TEST_STEP][FAILED] - verifyElementPresent(finalrating, 5): com.kms.katalon.core.webui.exception.WebElementNotFoundException: Web element with id: '' located by '//*[(text() = '55.00' or . = '55.00')]' not found (Root cause: com.kms.katalon.core.exception.StepFailedException: com.kms.katalon.core.webui.exception.WebElementNotFoundException: Web element with id: '' located by '//*[(text() = '55.00' or . = '55.00')]' not found
	at com.kms.katalon.core.webui.keyword.internal.WebUIKeywordMain.stepFailed(WebUIKeywordMain.groovy:64)
	at com.kms.katalon.core.webui.keyword.builtin.VerifyElementPresentKeyword$_verifyElementPresent_closure1.doCall(VerifyElementPresentKeyword.groovy:85)
	at com.kms.katalon.core.webui.keyword.builtin.VerifyElementPresentKeyword$_verifyElementPresent_closure1.call(VerifyElementPresentKeyword.groovy)
	at com.kms.katalon.core.webui.keyword.internal.WebUIKeywordMain.runKeyword(WebUIKeywordMain.groovy:20)
	at com.kms.katalon.core.webui.keyword.builtin.VerifyElementPresentKeyword.verifyElementPresent(VerifyElementPresentKeyword.groovy:92)
	at com.kms.katalon.core.webui.keyword.builtin.VerifyElementPresentKeyword.execute(VerifyElementPresentKeyword.groovy:68)
	at com.kms.katalon.core.keyword.internal.KeywordExecutor.executeKeywordForPlatform(KeywordExecutor.groovy:74)
	at com.kms.katalon.core.webui.keyword.WebUiBuiltInKeywords.verifyElementPresent(WebUiBuiltInKeywords.groovy:1464)
	at com.kms.katalon.core.webui.keyword.WebUiBuiltInKeywords$verifyElementPresent$9.call(Unknown Source)
	at Budget_Estimator_1year - Sidewalk.run(Budget_Estimator_1year - Sidewalk:133)
	at com.kms.katalon.core.main.ScriptEngine.run(ScriptEngine.java:194)
	at com.kms.katalon.core.main.ScriptEngine.runScriptAsRawText(ScriptEngine.java:119)
	at com.kms.katalon.core.main.TestCaseExecutor.runScript(TestCaseExecutor.java:448)
	at com.kms.katalon.core.main.TestCaseExecutor.doExecute(TestCaseExecutor.java:439)
	at com.kms.katalon.core.main.TestCaseExecutor.processExecutionPhase(TestCaseExecutor.java:418)
	at com.kms.katalon.core.main.TestCaseExecutor.accessMainPhase(TestCaseExecutor.java:410)
	at com.kms.katalon.core.main.TestCaseExecutor.execute(TestCaseExecutor.java:285)
	at com.kms.katalon.core.common.CommonExecutor.accessTestCaseMainPhase(CommonExecutor.java:65)
	at com.kms.katalon.core.main.TestSuiteExecutor.accessTestSuiteMainPhase(TestSuiteExecutor.java:151)
	at com.kms.katalon.core.main.TestSuiteExecutor.execute(TestSuiteExecutor.java:106)
	at com.kms.katalon.core.main.TestCaseMain.startTestSuite(TestCaseMain.java:185)
	at com.kms.katalon.core.main.TestCaseMain$startTestSuite$0.call(Unknown Source)
	at TempTestSuite1678344058063.run(TempTestSuite1678344058063.groovy:36)
)

2023-03-09 12:07:37 - [MESSAGE][INFO] - Unable to find the element located by 'By.xpath: //*[(text() = '55.00' or . = '55.00')]'. Please recheck the objects properties to make sure the desired element is located. 

2023-03-09 12:07:37 - [MESSAGE][FAILED] - com.kms.katalon.core.webui.exception.WebElementNotFoundException: Web element with id: '' located by '//*[(text() = '55.00' or . = '55.00')]' not found (Root cause: com.kms.katalon.core.exception.StepFailedException: com.kms.katalon.core.webui.exception.WebElementNotFoundException: Web element with id: '' located by '//*[(text() = '55.00' or . = '55.00')]' not found
	at com.kms.katalon.core.webui.keyword.internal.WebUIKeywordMain.stepFailed(WebUIKeywordMain.groovy:64)
	at com.kms.katalon.core.webui.keyword.builtin.VerifyElementPresentKeyword$_verifyElementPresent_closure1.doCall(VerifyElementPresentKeyword.groovy:85)
	at com.kms.katalon.core.webui.keyword.builtin.VerifyElementPresentKeyword$_verifyElementPresent_closure1.call(VerifyElementPresentKeyword.groovy)
	at com.kms.katalon.core.webui.keyword.internal.WebUIKeywordMain.runKeyword(WebUIKeywordMain.groovy:20)
	at com.kms.katalon.core.webui.keyword.builtin.VerifyElementPresentKeyword.verifyElementPresent(VerifyElementPresentKeyword.groovy:92)
	at com.kms.katalon.core.webui.keyword.builtin.VerifyElementPresentKeyword.execute(VerifyElementPresentKeyword.groovy:68)
	at com.kms.katalon.core.keyword.internal.KeywordExecutor.executeKeywordForPlatform(KeywordExecutor.groovy:74)
	at com.kms.katalon.core.webui.keyword.WebUiBuiltInKeywords.verifyElementPresent(WebUiBuiltInKeywords.groovy:1464)
	at com.kms.katalon.core.webui.keyword.WebUiBuiltInKeywords$verifyElementPresent$9.call(Unknown Source)
	at Budget_Estimator_1year - Sidewalk.run(Budget_Estimator_1year - Sidewalk:133)
	at com.kms.katalon.core.main.ScriptEngine.run(ScriptEngine.java:194)
	at com.kms.katalon.core.main.ScriptEngine.runScriptAsRawText(ScriptEngine.java:119)
	at com.kms.katalon.core.main.TestCaseExecutor.runScript(TestCaseExecutor.java:448)
	at com.kms.katalon.core.main.TestCaseExecutor.doExecute(TestCaseExecutor.java:439)
	at com.kms.katalon.core.main.TestCaseExecutor.processExecutionPhase(TestCaseExecutor.java:418)
	at com.kms.katalon.core.main.TestCaseExecutor.accessMainPhase(TestCaseExecutor.java:410)
	at com.kms.katalon.core.main.TestCaseExecutor.execute(TestCaseExecutor.java:285)
	at com.kms.katalon.core.common.CommonExecutor.accessTestCaseMainPhase(CommonExecutor.java:65)
	at com.kms.katalon.core.main.TestSuiteExecutor.accessTestSuiteMainPhase(TestSuiteExecutor.java:151)
	at com.kms.katalon.core.main.TestSuiteExecutor.execute(TestSuiteExecutor.java:106)
	at com.kms.katalon.core.main.TestCaseMain.startTestSuite(TestCaseMain.java:185)
	at com.kms.katalon.core.main.TestCaseMain$startTestSuite$0.call(Unknown Source)
	at TempTestSuite1678344058063.run(TempTestSuite1678344058063.groovy:36)
)
[[ATTACHMENT|/Users/kashif/git/Streetlogix_4.01/Reports/20230309_114057/GIS/20230309_114058/1678345657106.png]]

2023-03-09 12:07:37 - [TEST_STEP][FAILED] - click(findTestObject("Object Repository/EBP_Object/Page_Streetlogix/span_Report")): Unable to click on object 'Object Repository/EBP_Object/Page_Streetlogix/span_Report' (Root cause: com.kms.katalon.core.exception.StepFailedException: Unable to click on object 'Object Repository/EBP_Object/Page_Streetlogix/span_Report'
	at com.kms.katalon.core.webui.keyword.internal.WebUIKeywordMain.stepFailed(WebUIKeywordMain.groovy:64)
	at com.kms.katalon.core.webui.keyword.internal.WebUIKeywordMain.runKeyword(WebUIKeywordMain.groovy:26)
	at com.kms.katalon.core.webui.keyword.builtin.ClickKeyword.click(ClickKeyword.groovy:74)
	at com.kms.katalon.core.webui.keyword.builtin.ClickKeyword.execute(ClickKeyword.groovy:40)
	at com.kms.katalon.core.keyword.internal.KeywordExecutor.executeKeywordForPlatform(KeywordExecutor.groovy:74)
	at com.kms.katalon.core.webui.keyword.WebUiBuiltInKeywords.click(WebUiBuiltInKeywords.groovy:620)
	at com.kms.katalon.core.webui.keyword.WebUiBuiltInKeywords$click$0.call(Unknown Source)
	at Budget_Estimator_1year - Sidewalk.run(Budget_Estimator_1year - Sidewalk:136)
	at com.kms.katalon.core.main.ScriptEngine.run(ScriptEngine.java:194)
	at com.kms.katalon.core.main.ScriptEngine.runScriptAsRawText(ScriptEngine.java:119)
	at com.kms.katalon.core.main.TestCaseExecutor.runScript(TestCaseExecutor.java:448)
	at com.kms.katalon.core.main.TestCaseExecutor.doExecute(TestCaseExecutor.java:439)
	at com.kms.katalon.core.main.TestCaseExecutor.processExecutionPhase(TestCaseExecutor.java:418)
	at com.kms.katalon.core.main.TestCaseExecutor.accessMainPhase(TestCaseExecutor.java:410)
	at com.kms.katalon.core.main.TestCaseExecutor.execute(TestCaseExecutor.java:285)
	at com.kms.katalon.core.common.CommonExecutor.accessTestCaseMainPhase(CommonExecutor.java:65)
	at com.kms.katalon.core.main.TestSuiteExecutor.accessTestSuiteMainPhase(TestSuiteExecutor.java:151)
	at com.kms.katalon.core.main.TestSuiteExecutor.execute(TestSuiteExecutor.java:106)
	at com.kms.katalon.core.main.TestCaseMain.startTestSuite(TestCaseMain.java:185)
	at com.kms.katalon.core.main.TestCaseMain$startTestSuite$0.call(Unknown Source)
	at TempTestSuite1678344058063.run(TempTestSuite1678344058063.groovy:36)
Caused by: com.kms.katalon.core.webui.exception.WebElementNotFoundException: Web element with id: 'Object Repository/EBP_Object/Page_Streetlogix/span_Report' located by '//div[@id='sidebar-panel']/div[2]/div/div[2]/span/button/span' not found
	at com.kms.katalon.core.webui.common.WebUiCommonHelper.findWebElement(WebUiCommonHelper.java:1370)
	at com.kms.katalon.core.webui.keyword.internal.WebUIAbstractKeyword.findWebElement(WebUIAbstractKeyword.groovy:27)
	at com.kms.katalon.core.webui.keyword.builtin.ClickKeyword$_click_closure1.doCall(ClickKeyword.groovy:65)
	at com.kms.katalon.core.webui.keyword.builtin.ClickKeyword$_click_closure1.call(ClickKeyword.groovy)
	at com.kms.katalon.core.webui.keyword.internal.WebUIKeywordMain.runKeyword(WebUIKeywordMain.groovy:20)
	at com.kms.katalon.core.webui.keyword.builtin.ClickKeyword.click(ClickKeyword.groovy:74)
	at com.kms.katalon.core.webui.keyword.builtin.ClickKeyword.execute(ClickKeyword.groovy:40)
	at com.kms.katalon.core.keyword.internal.KeywordExecutor.executeKeywordForPlatform(KeywordExecutor.groovy:74)
	at com.kms.katalon.core.webui.keyword.WebUiBuiltInKeywords.click(WebUiBuiltInKeywords.groovy:620)
	at com.kms.katalon.core.webui.keyword.WebUiBuiltInKeywords$click$0.call(Unknown Source)
	at Script1677278605328.run(Script1677278605328.groovy:136)
	... 13 more
)

2023-03-09 12:08:08 - [MESSAGE][INFO] - Unable to find the element located by 'By.xpath: //div[@id='sidebar-panel']/div[2]/div/div[2]/span/button/span'. Please recheck the objects properties to make sure the desired element is located. 

2023-03-09 12:08:09 - [MESSAGE][FAILED] - Unable to click on object 'Object Repository/EBP_Object/Page_Streetlogix/span_Report' (Root cause: com.kms.katalon.core.exception.StepFailedException: Unable to click on object 'Object Repository/EBP_Object/Page_Streetlogix/span_Report'
	at com.kms.katalon.core.webui.keyword.internal.WebUIKeywordMain.stepFailed(WebUIKeywordMain.groovy:64)
	at com.kms.katalon.core.webui.keyword.internal.WebUIKeywordMain.runKeyword(WebUIKeywordMain.groovy:26)
	at com.kms.katalon.core.webui.keyword.builtin.ClickKeyword.click(ClickKeyword.groovy:74)
	at com.kms.katalon.core.webui.keyword.builtin.ClickKeyword.execute(ClickKeyword.groovy:40)
	at com.kms.katalon.core.keyword.internal.KeywordExecutor.executeKeywordForPlatform(KeywordExecutor.groovy:74)
	at com.kms.katalon.core.webui.keyword.WebUiBuiltInKeywords.click(WebUiBuiltInKeywords.groovy:620)
	at com.kms.katalon.core.webui.keyword.WebUiBuiltInKeywords$click$0.call(Unknown Source)
	at Budget_Estimator_1year - Sidewalk.run(Budget_Estimator_1year - Sidewalk:136)
	at com.kms.katalon.core.main.ScriptEngine.run(ScriptEngine.java:194)
	at com.kms.katalon.core.main.ScriptEngine.runScriptAsRawText(ScriptEngine.java:119)
	at com.kms.katalon.core.main.TestCaseExecutor.runScript(TestCaseExecutor.java:448)
	at com.kms.katalon.core.main.TestCaseExecutor.doExecute(TestCaseExecutor.java:439)
	at com.kms.katalon.core.main.TestCaseExecutor.processExecutionPhase(TestCaseExecutor.java:418)
	at com.kms.katalon.core.main.TestCaseExecutor.accessMainPhase(TestCaseExecutor.java:410)
	at com.kms.katalon.core.main.TestCaseExecutor.execute(TestCaseExecutor.java:285)
	at com.kms.katalon.core.common.CommonExecutor.accessTestCaseMainPhase(CommonExecutor.java:65)
	at com.kms.katalon.core.main.TestSuiteExecutor.accessTestSuiteMainPhase(TestSuiteExecutor.java:151)
	at com.kms.katalon.core.main.TestSuiteExecutor.execute(TestSuiteExecutor.java:106)
	at com.kms.katalon.core.main.TestCaseMain.startTestSuite(TestCaseMain.java:185)
	at com.kms.katalon.core.main.TestCaseMain$startTestSuite$0.call(Unknown Source)
	at TempTestSuite1678344058063.run(TempTestSuite1678344058063.groovy:36)
Caused by: com.kms.katalon.core.webui.exception.WebElementNotFoundException: Web element with id: 'Object Repository/EBP_Object/Page_Streetlogix/span_Report' located by '//div[@id='sidebar-panel']/div[2]/div/div[2]/span/button/span' not found
	at com.kms.katalon.core.webui.common.WebUiCommonHelper.findWebElement(WebUiCommonHelper.java:1370)
	at com.kms.katalon.core.webui.keyword.internal.WebUIAbstractKeyword.findWebElement(WebUIAbstractKeyword.groovy:27)
	at com.kms.katalon.core.webui.keyword.builtin.ClickKeyword$_click_closure1.doCall(ClickKeyword.groovy:65)
	at com.kms.katalon.core.webui.keyword.builtin.ClickKeyword$_click_closure1.call(ClickKeyword.groovy)
	at com.kms.katalon.core.webui.keyword.internal.WebUIKeywordMain.runKeyword(WebUIKeywordMain.groovy:20)
	at com.kms.katalon.core.webui.keyword.builtin.ClickKeyword.click(ClickKeyword.groovy:74)
	at com.kms.katalon.core.webui.keyword.builtin.ClickKeyword.execute(ClickKeyword.groovy:40)
	at com.kms.katalon.core.keyword.internal.KeywordExecutor.executeKeywordForPlatform(KeywordExecutor.groovy:74)
	at com.kms.katalon.core.webui.keyword.WebUiBuiltInKeywords.click(WebUiBuiltInKeywords.groovy:620)
	at com.kms.katalon.core.webui.keyword.WebUiBuiltInKeywords$click$0.call(Unknown Source)
	at Script1677278605328.run(Script1677278605328.groovy:136)
	... 13 more
)
[[ATTACHMENT|/Users/kashif/git/Streetlogix_4.01/Reports/20230309_114057/GIS/20230309_114058/1678345688721.png]]

2023-03-09 12:08:09 - [TEST_STEP][FAILED] - click(findTestObject("Object Repository/EBP_Object/Page_Streetlogix/span_Export")): Unable to click on object 'Object Repository/EBP_Object/Page_Streetlogix/span_Export' (Root cause: com.kms.katalon.core.exception.StepFailedException: Unable to click on object 'Object Repository/EBP_Object/Page_Streetlogix/span_Export'
	at com.kms.katalon.core.webui.keyword.internal.WebUIKeywordMain.stepFailed(WebUIKeywordMain.groovy:64)
	at com.kms.katalon.core.webui.keyword.internal.WebUIKeywordMain.runKeyword(WebUIKeywordMain.groovy:26)
	at com.kms.katalon.core.webui.keyword.builtin.ClickKeyword.click(ClickKeyword.groovy:74)
	at com.kms.katalon.core.webui.keyword.builtin.ClickKeyword.execute(ClickKeyword.groovy:40)
	at com.kms.katalon.core.keyword.internal.KeywordExecutor.executeKeywordForPlatform(KeywordExecutor.groovy:74)
	at com.kms.katalon.core.webui.keyword.WebUiBuiltInKeywords.click(WebUiBuiltInKeywords.groovy:620)
	at com.kms.katalon.core.webui.keyword.WebUiBuiltInKeywords$click$0.call(Unknown Source)
	at Budget_Estimator_1year - Sidewalk.run(Budget_Estimator_1year - Sidewalk:138)
	at com.kms.katalon.core.main.ScriptEngine.run(ScriptEngine.java:194)
	at com.kms.katalon.core.main.ScriptEngine.runScriptAsRawText(ScriptEngine.java:119)
	at com.kms.katalon.core.main.TestCaseExecutor.runScript(TestCaseExecutor.java:448)
	at com.kms.katalon.core.main.TestCaseExecutor.doExecute(TestCaseExecutor.java:439)
	at com.kms.katalon.core.main.TestCaseExecutor.processExecutionPhase(TestCaseExecutor.java:418)
	at com.kms.katalon.core.main.TestCaseExecutor.accessMainPhase(TestCaseExecutor.java:410)
	at com.kms.katalon.core.main.TestCaseExecutor.execute(TestCaseExecutor.java:285)
	at com.kms.katalon.core.common.CommonExecutor.accessTestCaseMainPhase(CommonExecutor.java:65)
	at com.kms.katalon.core.main.TestSuiteExecutor.accessTestSuiteMainPhase(TestSuiteExecutor.java:151)
	at com.kms.katalon.core.main.TestSuiteExecutor.execute(TestSuiteExecutor.java:106)
	at com.kms.katalon.core.main.TestCaseMain.startTestSuite(TestCaseMain.java:185)
	at com.kms.katalon.core.main.TestCaseMain$startTestSuite$0.call(Unknown Source)
	at TempTestSuite1678344058063.run(TempTestSuite1678344058063.groovy:36)
Caused by: com.kms.katalon.core.webui.exception.WebElementNotFoundException: Web element with id: 'Object Repository/EBP_Object/Page_Streetlogix/span_Export' located by '(.//*[normalize-space(text()) and normalize-space(.)='Cancel'])[3]/following::span[2]' not found
	at com.kms.katalon.core.webui.common.WebUiCommonHelper.findWebElement(WebUiCommonHelper.java:1370)
	at com.kms.katalon.core.webui.keyword.internal.WebUIAbstractKeyword.findWebElement(WebUIAbstractKeyword.groovy:27)
	at com.kms.katalon.core.webui.keyword.builtin.ClickKeyword$_click_closure1.doCall(ClickKeyword.groovy:65)
	at com.kms.katalon.core.webui.keyword.builtin.ClickKeyword$_click_closure1.call(ClickKeyword.groovy)
	at com.kms.katalon.core.webui.keyword.internal.WebUIKeywordMain.runKeyword(WebUIKeywordMain.groovy:20)
	at com.kms.katalon.core.webui.keyword.builtin.ClickKeyword.click(ClickKeyword.groovy:74)
	at com.kms.katalon.core.webui.keyword.builtin.ClickKeyword.execute(ClickKeyword.groovy:40)
	at com.kms.katalon.core.keyword.internal.KeywordExecutor.executeKeywordForPlatform(KeywordExecutor.groovy:74)
	at com.kms.katalon.core.webui.keyword.WebUiBuiltInKeywords.click(WebUiBuiltInKeywords.groovy:620)
	at com.kms.katalon.core.webui.keyword.WebUiBuiltInKeywords$click$0.call(Unknown Source)
	at Script1677278605328.run(Script1677278605328.groovy:138)
	... 13 more
)

2023-03-09 12:08:40 - [MESSAGE][INFO] - Unable to find the element located by 'By.xpath: (.//*[normalize-space(text()) and normalize-space(.)='Cancel'])[3]/following::span[2]'. Please recheck the objects properties to make sure the desired element is located. 

2023-03-09 12:08:40 - [MESSAGE][FAILED] - Unable to click on object 'Object Repository/EBP_Object/Page_Streetlogix/span_Export' (Root cause: com.kms.katalon.core.exception.StepFailedException: Unable to click on object 'Object Repository/EBP_Object/Page_Streetlogix/span_Export'
	at com.kms.katalon.core.webui.keyword.internal.WebUIKeywordMain.stepFailed(WebUIKeywordMain.groovy:64)
	at com.kms.katalon.core.webui.keyword.internal.WebUIKeywordMain.runKeyword(WebUIKeywordMain.groovy:26)
	at com.kms.katalon.core.webui.keyword.builtin.ClickKeyword.click(ClickKeyword.groovy:74)
	at com.kms.katalon.core.webui.keyword.builtin.ClickKeyword.execute(ClickKeyword.groovy:40)
	at com.kms.katalon.core.keyword.internal.KeywordExecutor.executeKeywordForPlatform(KeywordExecutor.groovy:74)
	at com.kms.katalon.core.webui.keyword.WebUiBuiltInKeywords.click(WebUiBuiltInKeywords.groovy:620)
	at com.kms.katalon.core.webui.keyword.WebUiBuiltInKeywords$click$0.call(Unknown Source)
	at Budget_Estimator_1year - Sidewalk.run(Budget_Estimator_1year - Sidewalk:138)
	at com.kms.katalon.core.main.ScriptEngine.run(ScriptEngine.java:194)
	at com.kms.katalon.core.main.ScriptEngine.runScriptAsRawText(ScriptEngine.java:119)
	at com.kms.katalon.core.main.TestCaseExecutor.runScript(TestCaseExecutor.java:448)
	at com.kms.katalon.core.main.TestCaseExecutor.doExecute(TestCaseExecutor.java:439)
	at com.kms.katalon.core.main.TestCaseExecutor.processExecutionPhase(TestCaseExecutor.java:418)
	at com.kms.katalon.core.main.TestCaseExecutor.accessMainPhase(TestCaseExecutor.java:410)
	at com.kms.katalon.core.main.TestCaseExecutor.execute(TestCaseExecutor.java:285)
	at com.kms.katalon.core.common.CommonExecutor.accessTestCaseMainPhase(CommonExecutor.java:65)
	at com.kms.katalon.core.main.TestSuiteExecutor.accessTestSuiteMainPhase(TestSuiteExecutor.java:151)
	at com.kms.katalon.core.main.TestSuiteExecutor.execute(TestSuiteExecutor.java:106)
	at com.kms.katalon.core.main.TestCaseMain.startTestSuite(TestCaseMain.java:185)
	at com.kms.katalon.core.main.TestCaseMain$startTestSuite$0.call(Unknown Source)
	at TempTestSuite1678344058063.run(TempTestSuite1678344058063.groovy:36)
Caused by: com.kms.katalon.core.webui.exception.WebElementNotFoundException: Web element with id: 'Object Repository/EBP_Object/Page_Streetlogix/span_Export' located by '(.//*[normalize-space(text()) and normalize-space(.)='Cancel'])[3]/following::span[2]' not found
	at com.kms.katalon.core.webui.common.WebUiCommonHelper.findWebElement(WebUiCommonHelper.java:1370)
	at com.kms.katalon.core.webui.keyword.internal.WebUIAbstractKeyword.findWebElement(WebUIAbstractKeyword.groovy:27)
	at com.kms.katalon.core.webui.keyword.builtin.ClickKeyword$_click_closure1.doCall(ClickKeyword.groovy:65)
	at com.kms.katalon.core.webui.keyword.builtin.ClickKeyword$_click_closure1.call(ClickKeyword.groovy)
	at com.kms.katalon.core.webui.keyword.internal.WebUIKeywordMain.runKeyword(WebUIKeywordMain.groovy:20)
	at com.kms.katalon.core.webui.keyword.builtin.ClickKeyword.click(ClickKeyword.groovy:74)
	at com.kms.katalon.core.webui.keyword.builtin.ClickKeyword.execute(ClickKeyword.groovy:40)
	at com.kms.katalon.core.keyword.internal.KeywordExecutor.executeKeywordForPlatform(KeywordExecutor.groovy:74)
	at com.kms.katalon.core.webui.keyword.WebUiBuiltInKeywords.click(WebUiBuiltInKeywords.groovy:620)
	at com.kms.katalon.core.webui.keyword.WebUiBuiltInKeywords$click$0.call(Unknown Source)
	at Script1677278605328.run(Script1677278605328.groovy:138)
	... 13 more
)
[[ATTACHMENT|/Users/kashif/git/Streetlogix_4.01/Reports/20230309_114057/GIS/20230309_114058/1678345720385.png]]

2023-03-09 12:08:40 - [TEST_STEP][PASSED] - delay(120): Delayed 120 second(s)

2023-03-09 12:10:40 - [MESSAGE][PASSED] - Delayed 120 second(s)

2023-03-09 12:10:40 - [TEST_STEP][FAILED] - click(findTestObject("Object Repository/EBP_Object/Page_Streetlogix/span_Close")): Unable to click on object 'Object Repository/EBP_Object/Page_Streetlogix/span_Close' (Root cause: com.kms.katalon.core.exception.StepFailedException: Unable to click on object 'Object Repository/EBP_Object/Page_Streetlogix/span_Close'
	at com.kms.katalon.core.webui.keyword.internal.WebUIKeywordMain.stepFailed(WebUIKeywordMain.groovy:64)
	at com.kms.katalon.core.webui.keyword.internal.WebUIKeywordMain.runKeyword(WebUIKeywordMain.groovy:26)
	at com.kms.katalon.core.webui.keyword.builtin.ClickKeyword.click(ClickKeyword.groovy:74)
	at com.kms.katalon.core.webui.keyword.builtin.ClickKeyword.execute(ClickKeyword.groovy:40)
	at com.kms.katalon.core.keyword.internal.KeywordExecutor.executeKeywordForPlatform(KeywordExecutor.groovy:74)
	at com.kms.katalon.core.webui.keyword.WebUiBuiltInKeywords.click(WebUiBuiltInKeywords.groovy:620)
	at com.kms.katalon.core.webui.keyword.WebUiBuiltInKeywords$click$0.call(Unknown Source)
	at Budget_Estimator_1year - Sidewalk.run(Budget_Estimator_1year - Sidewalk:147)
	at com.kms.katalon.core.main.ScriptEngine.run(ScriptEngine.java:194)
	at com.kms.katalon.core.main.ScriptEngine.runScriptAsRawText(ScriptEngine.java:119)
	at com.kms.katalon.core.main.TestCaseExecutor.runScript(TestCaseExecutor.java:448)
	at com.kms.katalon.core.main.TestCaseExecutor.doExecute(TestCaseExecutor.java:439)
	at com.kms.katalon.core.main.TestCaseExecutor.processExecutionPhase(TestCaseExecutor.java:418)
	at com.kms.katalon.core.main.TestCaseExecutor.accessMainPhase(TestCaseExecutor.java:410)
	at com.kms.katalon.core.main.TestCaseExecutor.execute(TestCaseExecutor.java:285)
	at com.kms.katalon.core.common.CommonExecutor.accessTestCaseMainPhase(CommonExecutor.java:65)
	at com.kms.katalon.core.main.TestSuiteExecutor.accessTestSuiteMainPhase(TestSuiteExecutor.java:151)
	at com.kms.katalon.core.main.TestSuiteExecutor.execute(TestSuiteExecutor.java:106)
	at com.kms.katalon.core.main.TestCaseMain.startTestSuite(TestCaseMain.java:185)
	at com.kms.katalon.core.main.TestCaseMain$startTestSuite$0.call(Unknown Source)
	at TempTestSuite1678344058063.run(TempTestSuite1678344058063.groovy:36)
Caused by: com.kms.katalon.core.webui.exception.WebElementNotFoundException: Web element with id: 'Object Repository/EBP_Object/Page_Streetlogix/span_Close' located by '//div[@id='sidebar-panel']/div[2]/div/div[2]/button/span' not found
	at com.kms.katalon.core.webui.common.WebUiCommonHelper.findWebElement(WebUiCommonHelper.java:1370)
	at com.kms.katalon.core.webui.keyword.internal.WebUIAbstractKeyword.findWebElement(WebUIAbstractKeyword.groovy:27)
	at com.kms.katalon.core.webui.keyword.builtin.ClickKeyword$_click_closure1.doCall(ClickKeyword.groovy:65)
	at com.kms.katalon.core.webui.keyword.builtin.ClickKeyword$_click_closure1.call(ClickKeyword.groovy)
	at com.kms.katalon.core.webui.keyword.internal.WebUIKeywordMain.runKeyword(WebUIKeywordMain.groovy:20)
	at com.kms.katalon.core.webui.keyword.builtin.ClickKeyword.click(ClickKeyword.groovy:74)
	at com.kms.katalon.core.webui.keyword.builtin.ClickKeyword.execute(ClickKeyword.groovy:40)
	at com.kms.katalon.core.keyword.internal.KeywordExecutor.executeKeywordForPlatform(KeywordExecutor.groovy:74)
	at com.kms.katalon.core.webui.keyword.WebUiBuiltInKeywords.click(WebUiBuiltInKeywords.groovy:620)
	at com.kms.katalon.core.webui.keyword.WebUiBuiltInKeywords$click$0.call(Unknown Source)
	at Script1677278605328.run(Script1677278605328.groovy:147)
	... 13 more
)

2023-03-09 12:11:12 - [MESSAGE][INFO] - Unable to find the element located by 'By.xpath: //div[@id='sidebar-panel']/div[2]/div/div[2]/button/span'. Please recheck the objects properties to make sure the desired element is located. 

2023-03-09 12:11:12 - [MESSAGE][FAILED] - Unable to click on object 'Object Repository/EBP_Object/Page_Streetlogix/span_Close' (Root cause: com.kms.katalon.core.exception.StepFailedException: Unable to click on object 'Object Repository/EBP_Object/Page_Streetlogix/span_Close'
	at com.kms.katalon.core.webui.keyword.internal.WebUIKeywordMain.stepFailed(WebUIKeywordMain.groovy:64)
	at com.kms.katalon.core.webui.keyword.internal.WebUIKeywordMain.runKeyword(WebUIKeywordMain.groovy:26)
	at com.kms.katalon.core.webui.keyword.builtin.ClickKeyword.click(ClickKeyword.groovy:74)
	at com.kms.katalon.core.webui.keyword.builtin.ClickKeyword.execute(ClickKeyword.groovy:40)
	at com.kms.katalon.core.keyword.internal.KeywordExecutor.executeKeywordForPlatform(KeywordExecutor.groovy:74)
	at com.kms.katalon.core.webui.keyword.WebUiBuiltInKeywords.click(WebUiBuiltInKeywords.groovy:620)
	at com.kms.katalon.core.webui.keyword.WebUiBuiltInKeywords$click$0.call(Unknown Source)
	at Budget_Estimator_1year - Sidewalk.run(Budget_Estimator_1year - Sidewalk:147)
	at com.kms.katalon.core.main.ScriptEngine.run(ScriptEngine.java:194)
	at com.kms.katalon.core.main.ScriptEngine.runScriptAsRawText(ScriptEngine.java:119)
	at com.kms.katalon.core.main.TestCaseExecutor.runScript(TestCaseExecutor.java:448)
	at com.kms.katalon.core.main.TestCaseExecutor.doExecute(TestCaseExecutor.java:439)
	at com.kms.katalon.core.main.TestCaseExecutor.processExecutionPhase(TestCaseExecutor.java:418)
	at com.kms.katalon.core.main.TestCaseExecutor.accessMainPhase(TestCaseExecutor.java:410)
	at com.kms.katalon.core.main.TestCaseExecutor.execute(TestCaseExecutor.java:285)
	at com.kms.katalon.core.common.CommonExecutor.accessTestCaseMainPhase(CommonExecutor.java:65)
	at com.kms.katalon.core.main.TestSuiteExecutor.accessTestSuiteMainPhase(TestSuiteExecutor.java:151)
	at com.kms.katalon.core.main.TestSuiteExecutor.execute(TestSuiteExecutor.java:106)
	at com.kms.katalon.core.main.TestCaseMain.startTestSuite(TestCaseMain.java:185)
	at com.kms.katalon.core.main.TestCaseMain$startTestSuite$0.call(Unknown Source)
	at TempTestSuite1678344058063.run(TempTestSuite1678344058063.groovy:36)
Caused by: com.kms.katalon.core.webui.exception.WebElementNotFoundException: Web element with id: 'Object Repository/EBP_Object/Page_Streetlogix/span_Close' located by '//div[@id='sidebar-panel']/div[2]/div/div[2]/button/span' not found
	at com.kms.katalon.core.webui.common.WebUiCommonHelper.findWebElement(WebUiCommonHelper.java:1370)
	at com.kms.katalon.core.webui.keyword.internal.WebUIAbstractKeyword.findWebElement(WebUIAbstractKeyword.groovy:27)
	at com.kms.katalon.core.webui.keyword.builtin.ClickKeyword$_click_closure1.doCall(ClickKeyword.groovy:65)
	at com.kms.katalon.core.webui.keyword.builtin.ClickKeyword$_click_closure1.call(ClickKeyword.groovy)
	at com.kms.katalon.core.webui.keyword.internal.WebUIKeywordMain.runKeyword(WebUIKeywordMain.groovy:20)
	at com.kms.katalon.core.webui.keyword.builtin.ClickKeyword.click(ClickKeyword.groovy:74)
	at com.kms.katalon.core.webui.keyword.builtin.ClickKeyword.execute(ClickKeyword.groovy:40)
	at com.kms.katalon.core.keyword.internal.KeywordExecutor.executeKeywordForPlatform(KeywordExecutor.groovy:74)
	at com.kms.katalon.core.webui.keyword.WebUiBuiltInKeywords.click(WebUiBuiltInKeywords.groovy:620)
	at com.kms.katalon.core.webui.keyword.WebUiBuiltInKeywords$click$0.call(Unknown Source)
	at Script1677278605328.run(Script1677278605328.groovy:147)
	... 13 more
)
[[ATTACHMENT|/Users/kashif/git/Streetlogix_4.01/Reports/20230309_114057/GIS/20230309_114058/1678345872220.png]]

2023-03-09 12:11:12 - [TEST_STEP][PASSED] - isFileDownloaded("Streetlogix-EST-SW-1.pdf"): null

2023-03-09 12:11:12 - [TEST_STEP][PASSED] - downloadPath = "/Users/kashif/Downloads": null

2023-03-09 12:11:12 - [TEST_STEP][PASSED] - dir = new java.io.File(downloadPath): null

2023-03-09 12:11:12 - [TEST_STEP][PASSED] - files = dir.listFiles(): null

2023-03-09 12:11:12 - [TEST_STEP][PASSED] - for (File file : files): null

2023-03-09 12:11:12 - [TEST_STEP][PASSED] - if (getName().equals(fileName)): null

2023-03-09 12:11:12 - [TEST_STEP][PASSED] - if (getName().equals(fileName)): null

2023-03-09 12:11:12 - [TEST_STEP][PASSED] - if (getName().equals(fileName)): null

2023-03-09 12:11:12 - [TEST_STEP][PASSED] - if (getName().equals(fileName)): null

2023-03-09 12:11:12 - [TEST_STEP][PASSED] - if (getName().equals(fileName)): null

2023-03-09 12:11:12 - [TEST_STEP][PASSED] - if (getName().equals(fileName)): null

2023-03-09 12:11:12 - [TEST_STEP][PASSED] - if (getName().equals(fileName)): null

2023-03-09 12:11:12 - [TEST_STEP][PASSED] - if (getName().equals(fileName)): null

2023-03-09 12:11:12 - [TEST_STEP][PASSED] - if (getName().equals(fileName)): null

2023-03-09 12:11:12 - [TEST_STEP][PASSED] - if (getName().equals(fileName)): null

2023-03-09 12:11:12 - [TEST_STEP][PASSED] - if (getName().equals(fileName)): null

2023-03-09 12:11:12 - [TEST_STEP][PASSED] - if (getName().equals(fileName)): null

2023-03-09 12:11:12 - [TEST_STEP][PASSED] - if (getName().equals(fileName)): null

2023-03-09 12:11:12 - [TEST_STEP][PASSED] - if (getName().equals(fileName)): null

2023-03-09 12:11:12 - [TEST_STEP][PASSED] - if (getName().equals(fileName)): null

2023-03-09 12:11:12 - [TEST_STEP][PASSED] - if (getName().equals(fileName)): null

2023-03-09 12:11:12 - [TEST_STEP][PASSED] - if (getName().equals(fileName)): null

2023-03-09 12:11:12 - [TEST_STEP][PASSED] - if (getName().equals(fileName)): null

2023-03-09 12:11:12 - [TEST_STEP][PASSED] - if (getName().equals(fileName)): null

2023-03-09 12:11:12 - [TEST_STEP][PASSED] - if (getName().equals(fileName)): null

2023-03-09 12:11:12 - [TEST_STEP][PASSED] - if (getName().equals(fileName)): null

2023-03-09 12:11:12 - [TEST_STEP][PASSED] - if (getName().equals(fileName)): null

2023-03-09 12:11:12 - [TEST_STEP][PASSED] - if (getName().equals(fileName)): null

2023-03-09 12:11:12 - [TEST_STEP][PASSED] - if (getName().equals(fileName)): null

2023-03-09 12:11:12 - [TEST_STEP][PASSED] - if (getName().equals(fileName)): null

2023-03-09 12:11:12 - [TEST_STEP][PASSED] - if (getName().equals(fileName)): null

2023-03-09 12:11:12 - [TEST_STEP][PASSED] - if (getName().equals(fileName)): null

2023-03-09 12:11:12 - [TEST_STEP][PASSED] - if (getName().equals(fileName)): null

2023-03-09 12:11:12 - [TEST_STEP][PASSED] - if (getName().equals(fileName)): null

2023-03-09 12:11:12 - [TEST_STEP][PASSED] - if (getName().equals(fileName)): null

2023-03-09 12:11:12 - [TEST_STEP][PASSED] - if (getName().equals(fileName)): null

2023-03-09 12:11:12 - [TEST_STEP][PASSED] - if (getName().equals(fileName)): null

2023-03-09 12:11:12 - [TEST_STEP][PASSED] - if (getName().equals(fileName)): null

2023-03-09 12:11:12 - [TEST_STEP][PASSED] - if (getName().equals(fileName)): null

2023-03-09 12:11:12 - [TEST_STEP][PASSED] - if (getName().equals(fileName)): null

2023-03-09 12:11:12 - [TEST_STEP][PASSED] - if (getName().equals(fileName)): null

2023-03-09 12:11:12 - [TEST_STEP][PASSED] - if (getName().equals(fileName)): null

2023-03-09 12:11:12 - [TEST_STEP][PASSED] - if (getName().equals(fileName)): null

2023-03-09 12:11:12 - [TEST_STEP][PASSED] - if (getName().equals(fileName)): null

2023-03-09 12:11:12 - [TEST_STEP][PASSED] - if (getName().equals(fileName)): null

2023-03-09 12:11:12 - [TEST_STEP][PASSED] - if (getName().equals(fileName)): null

2023-03-09 12:11:12 - [TEST_STEP][PASSED] - if (getName().equals(fileName)): null

2023-03-09 12:11:12 - [TEST_STEP][PASSED] - if (getName().equals(fileName)): null

2023-03-09 12:11:12 - [TEST_STEP][PASSED] - if (getName().equals(fileName)): null

2023-03-09 12:11:12 - [TEST_STEP][PASSED] - if (getName().equals(fileName)): null

2023-03-09 12:11:12 - [TEST_STEP][PASSED] - if (getName().equals(fileName)): null

2023-03-09 12:11:12 - [TEST_STEP][PASSED] - if (getName().equals(fileName)): null

2023-03-09 12:11:12 - [TEST_STEP][FAILED] - markFailed("File " + fileName + " does not exist in " + downloadPath): File Streetlogix-EST-SW-1.pdf does not exist in /Users/kashif/Downloads

2023-03-09 12:11:12 - [MESSAGE][FAILED] - File Streetlogix-EST-SW-1.pdf does not exist in /Users/kashif/Downloads

2023-03-09 12:11:12 - [TEST_STEP][PASSED] - return false: null

2023-03-09 12:11:12 - [TEST_STEP][PASSED] - closeBrowser(): Browser is closed

2023-03-09 12:11:12 - [MESSAGE][PASSED] - Browser is closed]]></system-out>
         <system-err><![CDATA[2023-03-09 12:01:01 - [TEST_CASE][FAILED] - Test Cases/GiS/Budget Estimator/Budget_Estimator_1year - Sidewalk: Test Cases/GiS/Budget Estimator/Budget_Estimator_1year - Sidewalk FAILED.
Reason:
com.kms.katalon.core.exception.StepFailedException: Unable to get text of object 'Object Repository/EBP_Object/Page_Streetlogix/Estimator_summary' (Root cause: com.kms.katalon.core.exception.StepFailedException: Unable to get text of object 'Object Repository/EBP_Object/Page_Streetlogix/Estimator_summary'
	at com.kms.katalon.core.webui.keyword.internal.WebUIKeywordMain.stepFailed(WebUIKeywordMain.groovy:64)
	at com.kms.katalon.core.webui.keyword.internal.WebUIKeywordMain.runKeyword(WebUIKeywordMain.groovy:26)
	at com.kms.katalon.core.webui.keyword.builtin.GetTextKeyword.getText(GetTextKeyword.groovy:88)
	at com.kms.katalon.core.webui.keyword.builtin.GetTextKeyword.execute(GetTextKeyword.groovy:67)
	at com.kms.katalon.core.keyword.internal.KeywordExecutor.executeKeywordForPlatform(KeywordExecutor.groovy:74)
	at com.kms.katalon.core.webui.keyword.WebUiBuiltInKeywords.getText(WebUiBuiltInKeywords.groovy:918)
	at com.kms.katalon.core.webui.keyword.WebUiBuiltInKeywords$getText$1.call(Unknown Source)
	at Budget_Estimator_1year - Sidewalk.run(Budget_Estimator_1year - Sidewalk:100)
	at com.kms.katalon.core.main.ScriptEngine.run(ScriptEngine.java:194)
	at com.kms.katalon.core.main.ScriptEngine.runScriptAsRawText(ScriptEngine.java:119)
	at com.kms.katalon.core.main.TestCaseExecutor.runScript(TestCaseExecutor.java:448)
	at com.kms.katalon.core.main.TestCaseExecutor.doExecute(TestCaseExecutor.java:439)
	at com.kms.katalon.core.main.TestCaseExecutor.processExecutionPhase(TestCaseExecutor.java:418)
	at com.kms.katalon.core.main.TestCaseExecutor.accessMainPhase(TestCaseExecutor.java:410)
	at com.kms.katalon.core.main.TestCaseExecutor.execute(TestCaseExecutor.java:285)
	at com.kms.katalon.core.common.CommonExecutor.accessTestCaseMainPhase(CommonExecutor.java:65)
	at com.kms.katalon.core.main.TestSuiteExecutor.accessTestSuiteMainPhase(TestSuiteExecutor.java:151)
	at com.kms.katalon.core.main.TestSuiteExecutor.execute(TestSuiteExecutor.java:106)
	at com.kms.katalon.core.main.TestCaseMain.startTestSuite(TestCaseMain.java:185)
	at com.kms.katalon.core.main.TestCaseMain$startTestSuite$0.call(Unknown Source)
	at TempTestSuite1678344058063.run(TempTestSuite1678344058063.groovy:36)
Caused by: com.kms.katalon.core.webui.exception.WebElementNotFoundException: Web element with id: 'Object Repository/EBP_Object/Page_Streetlogix/Estimator_summary' located by '/html/body/div[1]/div[1]/div[1]/div[1]/div[2]/div/div[1]/div/div[2]/div/div[1]/div[1]/p' not found
	at com.kms.katalon.core.webui.common.WebUiCommonHelper.findWebElement(WebUiCommonHelper.java:1370)
	at com.kms.katalon.core.webui.keyword.internal.WebUIAbstractKeyword.findWebElement(WebUIAbstractKeyword.groovy:27)
	at com.kms.katalon.core.webui.keyword.internal.WebUIAbstractKeyword.findWebElement(WebUIAbstractKeyword.groovy:26)
	at com.kms.katalon.core.webui.keyword.builtin.GetTextKeyword$_getText_closure1.doCall(GetTextKeyword.groovy:78)
	at com.kms.katalon.core.webui.keyword.builtin.GetTextKeyword$_getText_closure1.call(GetTextKeyword.groovy)
	at com.kms.katalon.core.webui.keyword.internal.WebUIKeywordMain.runKeyword(WebUIKeywordMain.groovy:20)
	at com.kms.katalon.core.webui.keyword.builtin.GetTextKeyword.getText(GetTextKeyword.groovy:88)
	at com.kms.katalon.core.webui.keyword.builtin.GetTextKeyword.execute(GetTextKeyword.groovy:67)
	at com.kms.katalon.core.keyword.internal.KeywordExecutor.executeKeywordForPlatform(KeywordExecutor.groovy:74)
	at com.kms.katalon.core.webui.keyword.WebUiBuiltInKeywords.getText(WebUiBuiltInKeywords.groovy:918)
	at com.kms.katalon.core.webui.keyword.WebUiBuiltInKeywords$getText$1.call(Unknown Source)
	at Script1677278605328.run(Script1677278605328.groovy:100)
	... 13 more
)
	at com.kms.katalon.core.keyword.internal.KeywordMain.stepFailed(KeywordMain.groovy:39)
	at com.kms.katalon.core.webui.keyword.internal.WebUIKeywordMain.stepFailed(WebUIKeywordMain.groovy:64)
	at com.kms.katalon.core.webui.keyword.internal.WebUIKeywordMain.runKeyword(WebUIKeywordMain.groovy:26)
	at com.kms.katalon.core.webui.keyword.builtin.GetTextKeyword.getText(GetTextKeyword.groovy:88)
	at com.kms.katalon.core.webui.keyword.builtin.GetTextKeyword.execute(GetTextKeyword.groovy:67)
	at com.kms.katalon.core.keyword.internal.KeywordExecutor.executeKeywordForPlatform(KeywordExecutor.groovy:74)
	at com.kms.katalon.core.webui.keyword.WebUiBuiltInKeywords.getText(WebUiBuiltInKeywords.groovy:918)
	at com.kms.katalon.core.webui.keyword.WebUiBuiltInKeywords$getText$1.call(Unknown Source)
	at Budget_Estimator_1year - Sidewalk.run(Budget_Estimator_1year - Sidewalk:100)
	at com.kms.katalon.core.main.ScriptEngine.run(ScriptEngine.java:194)
	at com.kms.katalon.core.main.ScriptEngine.runScriptAsRawText(ScriptEngine.java:119)
	at com.kms.katalon.core.main.TestCaseExecutor.runScript(TestCaseExecutor.java:448)
	at com.kms.katalon.core.main.TestCaseExecutor.doExecute(TestCaseExecutor.java:439)
	at com.kms.katalon.core.main.TestCaseExecutor.processExecutionPhase(TestCaseExecutor.java:418)
	at com.kms.katalon.core.main.TestCaseExecutor.accessMainPhase(TestCaseExecutor.java:410)
	at com.kms.katalon.core.main.TestCaseExecutor.execute(TestCaseExecutor.java:285)
	at com.kms.katalon.core.common.CommonExecutor.accessTestCaseMainPhase(CommonExecutor.java:65)
	at com.kms.katalon.core.main.TestSuiteExecutor.accessTestSuiteMainPhase(TestSuiteExecutor.java:151)
	at com.kms.katalon.core.main.TestSuiteExecutor.execute(TestSuiteExecutor.java:106)
	at com.kms.katalon.core.main.TestCaseMain.startTestSuite(TestCaseMain.java:185)
	at com.kms.katalon.core.main.TestCaseMain$startTestSuite$0.call(Unknown Source)
	at TempTestSuite1678344058063.run(TempTestSuite1678344058063.groovy:36)
Caused by: com.kms.katalon.core.exception.StepFailedException: Unable to get text of object 'Object Repository/EBP_Object/Page_Streetlogix/Estimator_summary'
	... 21 more
Caused by: com.kms.katalon.core.webui.exception.WebElementNotFoundException: Web element with id: 'Object Repository/EBP_Object/Page_Streetlogix/Estimator_summary' located by '/html/body/div[1]/div[1]/div[1]/div[1]/div[2]/div/div[1]/div/div[2]/div/div[1]/div[1]/p' not found
	at com.kms.katalon.core.webui.common.WebUiCommonHelper.findWebElement(WebUiCommonHelper.java:1370)
	at com.kms.katalon.core.webui.keyword.internal.WebUIAbstractKeyword.findWebElement(WebUIAbstractKeyword.groovy:27)
	at com.kms.katalon.core.webui.keyword.internal.WebUIAbstractKeyword.findWebElement(WebUIAbstractKeyword.groovy:26)
	at com.kms.katalon.core.webui.keyword.builtin.GetTextKeyword$_getText_closure1.doCall(GetTextKeyword.groovy:78)
	at com.kms.katalon.core.webui.keyword.builtin.GetTextKeyword$_getText_closure1.call(GetTextKeyword.groovy)
	at com.kms.katalon.core.webui.keyword.internal.WebUIKeywordMain.runKeyword(WebUIKeywordMain.groovy:20)
	... 19 more]]></system-err>
      </testcase>
      <testcase name="Test Cases/GiS/Budget Estimator/Budget_Estimator_3year" time="223.25" classname="Test Cases/GiS/Budget Estimator/Budget_Estimator_3year" status="FAILED">
         <failure type="FAILED" message="Test Cases/GiS/Budget Estimator/Budget_Estimator_3year FAILED.
Reason:
com.kms.katalon.core.exception.StepFailedException: Unable to click on object 'Object Repository/EBP_Object/Page_Streetlogix/span_Report' (Root cause: com.kms.katalon.core.exception.StepFailedException: Unable to click on object 'Object Repository/EBP_Object/Page_Streetlogix/span_Report'
	at com.kms.katalon.core.webui.keyword.internal.WebUIKeywordMain.stepFailed(WebUIKeywordMain.groovy:64)
	at com.kms.katalon.core.webui.keyword.internal.WebUIKeywordMain.runKeyword(WebUIKeywordMain.groovy:26)
	at com.kms.katalon.core.webui.keyword.builtin.ClickKeyword.click(ClickKeyword.groovy:74)
	at com.kms.katalon.core.webui.keyword.builtin.ClickKeyword.execute(ClickKeyword.groovy:40)
	at com.kms.katalon.core.keyword.internal.KeywordExecutor.executeKeywordForPlatform(KeywordExecutor.groovy:74)
	at com.kms.katalon.core.webui.keyword.WebUiBuiltInKeywords.click(WebUiBuiltInKeywords.groovy:620)
	at com.kms.katalon.core.webui.keyword.WebUiBuiltInKeywords$click$0.call(Unknown Source)
	at Budget_Estimator_3year.run(Budget_Estimator_3year:130)
	at com.kms.katalon.core.main.ScriptEngine.run(ScriptEngine.java:194)
	at com.kms.katalon.core.main.ScriptEngine.runScriptAsRawText(ScriptEngine.java:119)
	at com.kms.katalon.core.main.TestCaseExecutor.runScript(TestCaseExecutor.java:448)
	at com.kms.katalon.core.main.TestCaseExecutor.doExecute(TestCaseExecutor.java:439)
	at com.kms.katalon.core.main.TestCaseExecutor.processExecutionPhase(TestCaseExecutor.java:418)
	at com.kms.katalon.core.main.TestCaseExecutor.accessMainPhase(TestCaseExecutor.java:410)
	at com.kms.katalon.core.main.TestCaseExecutor.execute(TestCaseExecutor.java:285)
	at com.kms.katalon.core.common.CommonExecutor.accessTestCaseMainPhase(CommonExecutor.java:65)
	at com.kms.katalon.core.main.TestSuiteExecutor.accessTestSuiteMainPhase(TestSuiteExecutor.java:151)
	at com.kms.katalon.core.main.TestSuiteExecutor.execute(TestSuiteExecutor.java:106)
	at com.kms.katalon.core.main.TestCaseMain.startTestSuite(TestCaseMain.java:185)
	at com.kms.katalon.core.main.TestCaseMain$startTestSuite$0.call(Unknown Source)
	at TempTestSuite1678344058063.run(TempTestSuite1678344058063.groovy:36)
Caused by: org.openqa.selenium.ElementClickInterceptedException: element click intercepted: Element &lt;span class=&quot;MuiButton-label&quot;>...&lt;/span> is not clickable at point (230, 812). Other element would receive the click: &lt;span class=&quot;&quot;>...&lt;/span>
  (Session info: chrome=110.0.5481.177)
Build info: version: '3.141.59', revision: 'e82be7d358', time: '2018-11-14T08:25:53'
System info: host: 'Kashifs-MacBook-Pro.local', ip: 'fe80:0:0:0:2a:e350:6cb0:c073%en0', os.name: 'Mac OS X', os.arch: 'x86_64', os.version: '10.16', java.version: '1.8.0_275'
Driver info: com.kms.katalon.selenium.driver.CChromeDriver
Capabilities {acceptInsecureCerts: false, browserName: chrome, browserVersion: 110.0.5481.177, chrome: {chromedriverVersion: 109.0.5414.74 (e7c5703604da..., userDataDir: /var/folders/d5/lp70b0s53sb...}, goog:chromeOptions: {debuggerAddress: localhost:56752}, javascriptEnabled: true, networkConnectionEnabled: false, pageLoadStrategy: normal, platform: MAC, platformName: MAC, proxy: Proxy(), setWindowRect: true, strictFileInteractability: false, timeouts: {implicit: 0, pageLoad: 300000, script: 30000}, unhandledPromptBehavior: dismiss and notify, webauthn:extension:credBlob: true, webauthn:extension:largeBlob: true, webauthn:virtualAuthenticators: true}
Session ID: 8cbf6677b997c9abc45437a421dcef97
	at org.openqa.selenium.remote.http.W3CHttpResponseCodec.createException(W3CHttpResponseCodec.java:187)
	at org.openqa.selenium.remote.http.W3CHttpResponseCodec.decode(W3CHttpResponseCodec.java:122)
	at org.openqa.selenium.remote.http.W3CHttpResponseCodec.decode(W3CHttpResponseCodec.java:49)
	at org.openqa.selenium.remote.HttpCommandExecutor.execute(HttpCommandExecutor.java:158)
	at org.openqa.selenium.remote.service.DriverCommandExecutor.execute(DriverCommandExecutor.java:83)
	at org.openqa.selenium.remote.RemoteWebDriver.execute(RemoteWebDriver.java:552)
	at com.kms.katalon.selenium.driver.CChromeDriver.execute(CChromeDriver.java:19)
	at org.openqa.selenium.remote.RemoteWebElement.execute(RemoteWebElement.java:285)
	at org.openqa.selenium.remote.RemoteWebElement.click(RemoteWebElement.java:84)
	at org.openqa.selenium.support.events.EventFiringWebDriver$EventFiringWebElement.lambda$new$0(EventFiringWebDriver.java:404)
	at com.sun.proxy.$Proxy11.click(Unknown Source)
	at org.openqa.selenium.support.events.EventFiringWebDriver$EventFiringWebElement.click(EventFiringWebDriver.java:417)
	at org.openqa.selenium.WebElement$click.call(Unknown Source)
	at com.kms.katalon.core.webui.keyword.builtin.ClickKeyword.clickUntilSuccessWithTimeout(ClickKeyword.groovy:81)
	at com.kms.katalon.core.webui.keyword.builtin.ClickKeyword.clickUntilSuccessWithTimeout(ClickKeyword.groovy)
	at com.kms.katalon.core.webui.keyword.builtin.ClickKeyword$_click_closure1.doCall(ClickKeyword.groovy:67)
	at com.kms.katalon.core.webui.keyword.builtin.ClickKeyword$_click_closure1.call(ClickKeyword.groovy)
	at com.kms.katalon.core.webui.keyword.internal.WebUIKeywordMain.runKeyword(WebUIKeywordMain.groovy:20)
	at com.kms.katalon.core.webui.keyword.builtin.ClickKeyword.click(ClickKeyword.groovy:74)
	at com.kms.katalon.core.webui.keyword.builtin.ClickKeyword.execute(ClickKeyword.groovy:40)
	at com.kms.katalon.core.keyword.internal.KeywordExecutor.executeKeywordForPlatform(KeywordExecutor.groovy:74)
	at com.kms.katalon.core.webui.keyword.WebUiBuiltInKeywords.click(WebUiBuiltInKeywords.groovy:620)
	at com.kms.katalon.core.webui.keyword.WebUiBuiltInKeywords$click$0.call(Unknown Source)
	at Script1677146475378.run(Script1677146475378.groovy:130)
	... 13 more
)
	at com.kms.katalon.core.keyword.internal.KeywordMain.stepFailed(KeywordMain.groovy:39)
	at com.kms.katalon.core.webui.keyword.internal.WebUIKeywordMain.stepFailed(WebUIKeywordMain.groovy:64)
	at com.kms.katalon.core.webui.keyword.internal.WebUIKeywordMain.runKeyword(WebUIKeywordMain.groovy:26)
	at com.kms.katalon.core.webui.keyword.builtin.ClickKeyword.click(ClickKeyword.groovy:74)
	at com.kms.katalon.core.webui.keyword.builtin.ClickKeyword.execute(ClickKeyword.groovy:40)
	at com.kms.katalon.core.keyword.internal.KeywordExecutor.executeKeywordForPlatform(KeywordExecutor.groovy:74)
	at com.kms.katalon.core.webui.keyword.WebUiBuiltInKeywords.click(WebUiBuiltInKeywords.groovy:620)
	at com.kms.katalon.core.webui.keyword.WebUiBuiltInKeywords$click$0.call(Unknown Source)
	at Budget_Estimator_3year.run(Budget_Estimator_3year:130)
	at com.kms.katalon.core.main.ScriptEngine.run(ScriptEngine.java:194)
	at com.kms.katalon.core.main.ScriptEngine.runScriptAsRawText(ScriptEngine.java:119)
	at com.kms.katalon.core.main.TestCaseExecutor.runScript(TestCaseExecutor.java:448)
	at com.kms.katalon.core.main.TestCaseExecutor.doExecute(TestCaseExecutor.java:439)
	at com.kms.katalon.core.main.TestCaseExecutor.processExecutionPhase(TestCaseExecutor.java:418)
	at com.kms.katalon.core.main.TestCaseExecutor.accessMainPhase(TestCaseExecutor.java:410)
	at com.kms.katalon.core.main.TestCaseExecutor.execute(TestCaseExecutor.java:285)
	at com.kms.katalon.core.common.CommonExecutor.accessTestCaseMainPhase(CommonExecutor.java:65)
	at com.kms.katalon.core.main.TestSuiteExecutor.accessTestSuiteMainPhase(TestSuiteExecutor.java:151)
	at com.kms.katalon.core.main.TestSuiteExecutor.execute(TestSuiteExecutor.java:106)
	at com.kms.katalon.core.main.TestCaseMain.startTestSuite(TestCaseMain.java:185)
	at com.kms.katalon.core.main.TestCaseMain$startTestSuite$0.call(Unknown Source)
	at TempTestSuite1678344058063.run(TempTestSuite1678344058063.groovy:36)
Caused by: com.kms.katalon.core.exception.StepFailedException: Unable to click on object 'Object Repository/EBP_Object/Page_Streetlogix/span_Report'
	... 21 more
Caused by: org.openqa.selenium.ElementClickInterceptedException: element click intercepted: Element &lt;span class=&quot;MuiButton-label&quot;>...&lt;/span> is not clickable at point (230, 812). Other element would receive the click: &lt;span class=&quot;&quot;>...&lt;/span>
  (Session info: chrome=110.0.5481.177)
Build info: version: '3.141.59', revision: 'e82be7d358', time: '2018-11-14T08:25:53'
System info: host: 'Kashifs-MacBook-Pro.local', ip: 'fe80:0:0:0:2a:e350:6cb0:c073%en0', os.name: 'Mac OS X', os.arch: 'x86_64', os.version: '10.16', java.version: '1.8.0_275'
Driver info: com.kms.katalon.selenium.driver.CChromeDriver
Capabilities {acceptInsecureCerts: false, browserName: chrome, browserVersion: 110.0.5481.177, chrome: {chromedriverVersion: 109.0.5414.74 (e7c5703604da..., userDataDir: /var/folders/d5/lp70b0s53sb...}, goog:chromeOptions: {debuggerAddress: localhost:56752}, javascriptEnabled: true, networkConnectionEnabled: false, pageLoadStrategy: normal, platform: MAC, platformName: MAC, proxy: Proxy(), setWindowRect: true, strictFileInteractability: false, timeouts: {implicit: 0, pageLoad: 300000, script: 30000}, unhandledPromptBehavior: dismiss and notify, webauthn:extension:credBlob: true, webauthn:extension:largeBlob: true, webauthn:virtualAuthenticators: true}
Session ID: 8cbf6677b997c9abc45437a421dcef97
	at org.openqa.selenium.remote.http.W3CHttpResponseCodec.createException(W3CHttpResponseCodec.java:187)
	at org.openqa.selenium.remote.http.W3CHttpResponseCodec.decode(W3CHttpResponseCodec.java:122)
	at org.openqa.selenium.remote.http.W3CHttpResponseCodec.decode(W3CHttpResponseCodec.java:49)
	at org.openqa.selenium.remote.HttpCommandExecutor.execute(HttpCommandExecutor.java:158)
	at org.openqa.selenium.remote.service.DriverCommandExecutor.execute(DriverCommandExecutor.java:83)
	at org.openqa.selenium.remote.RemoteWebDriver.execute(RemoteWebDriver.java:552)
	at com.kms.katalon.selenium.driver.CChromeDriver.execute(CChromeDriver.java:19)
	at org.openqa.selenium.remote.RemoteWebElement.execute(RemoteWebElement.java:285)
	at org.openqa.selenium.remote.RemoteWebElement.click(RemoteWebElement.java:84)
	at org.openqa.selenium.support.events.EventFiringWebDriver$EventFiringWebElement.lambda$new$0(EventFiringWebDriver.java:404)
	at com.sun.proxy.$Proxy11.click(Unknown Source)
	at org.openqa.selenium.support.events.EventFiringWebDriver$EventFiringWebElement.click(EventFiringWebDriver.java:417)
	at org.openqa.selenium.WebElement$click.call(Unknown Source)
	at com.kms.katalon.core.webui.keyword.builtin.ClickKeyword.clickUntilSuccessWithTimeout(ClickKeyword.groovy:81)
	at com.kms.katalon.core.webui.keyword.builtin.ClickKeyword.clickUntilSuccessWithTimeout(ClickKeyword.groovy)
	at com.kms.katalon.core.webui.keyword.builtin.ClickKeyword$_click_closure1.doCall(ClickKeyword.groovy:67)
	at com.kms.katalon.core.webui.keyword.builtin.ClickKeyword$_click_closure1.call(ClickKeyword.groovy)
	at com.kms.katalon.core.webui.keyword.internal.WebUIKeywordMain.runKeyword(WebUIKeywordMain.groovy:20)
	... 19 more
"/>
         <system-out><![CDATA[2023-03-09 12:11:12 - [TEST_CASE][FAILED] - Test Cases/GiS/Budget Estimator/Budget_Estimator_3year: Test Cases/GiS/Budget Estimator/Budget_Estimator_3year FAILED.
Reason:
com.kms.katalon.core.exception.StepFailedException: Unable to click on object 'Object Repository/EBP_Object/Page_Streetlogix/span_Report' (Root cause: com.kms.katalon.core.exception.StepFailedException: Unable to click on object 'Object Repository/EBP_Object/Page_Streetlogix/span_Report'
	at com.kms.katalon.core.webui.keyword.internal.WebUIKeywordMain.stepFailed(WebUIKeywordMain.groovy:64)
	at com.kms.katalon.core.webui.keyword.internal.WebUIKeywordMain.runKeyword(WebUIKeywordMain.groovy:26)
	at com.kms.katalon.core.webui.keyword.builtin.ClickKeyword.click(ClickKeyword.groovy:74)
	at com.kms.katalon.core.webui.keyword.builtin.ClickKeyword.execute(ClickKeyword.groovy:40)
	at com.kms.katalon.core.keyword.internal.KeywordExecutor.executeKeywordForPlatform(KeywordExecutor.groovy:74)
	at com.kms.katalon.core.webui.keyword.WebUiBuiltInKeywords.click(WebUiBuiltInKeywords.groovy:620)
	at com.kms.katalon.core.webui.keyword.WebUiBuiltInKeywords$click$0.call(Unknown Source)
	at Budget_Estimator_3year.run(Budget_Estimator_3year:130)
	at com.kms.katalon.core.main.ScriptEngine.run(ScriptEngine.java:194)
	at com.kms.katalon.core.main.ScriptEngine.runScriptAsRawText(ScriptEngine.java:119)
	at com.kms.katalon.core.main.TestCaseExecutor.runScript(TestCaseExecutor.java:448)
	at com.kms.katalon.core.main.TestCaseExecutor.doExecute(TestCaseExecutor.java:439)
	at com.kms.katalon.core.main.TestCaseExecutor.processExecutionPhase(TestCaseExecutor.java:418)
	at com.kms.katalon.core.main.TestCaseExecutor.accessMainPhase(TestCaseExecutor.java:410)
	at com.kms.katalon.core.main.TestCaseExecutor.execute(TestCaseExecutor.java:285)
	at com.kms.katalon.core.common.CommonExecutor.accessTestCaseMainPhase(CommonExecutor.java:65)
	at com.kms.katalon.core.main.TestSuiteExecutor.accessTestSuiteMainPhase(TestSuiteExecutor.java:151)
	at com.kms.katalon.core.main.TestSuiteExecutor.execute(TestSuiteExecutor.java:106)
	at com.kms.katalon.core.main.TestCaseMain.startTestSuite(TestCaseMain.java:185)
	at com.kms.katalon.core.main.TestCaseMain$startTestSuite$0.call(Unknown Source)
	at TempTestSuite1678344058063.run(TempTestSuite1678344058063.groovy:36)
Caused by: org.openqa.selenium.ElementClickInterceptedException: element click intercepted: Element <span class="MuiButton-label">...</span> is not clickable at point (230, 812). Other element would receive the click: <span class="">...</span>
  (Session info: chrome=110.0.5481.177)
Build info: version: '3.141.59', revision: 'e82be7d358', time: '2018-11-14T08:25:53'
System info: host: 'Kashifs-MacBook-Pro.local', ip: 'fe80:0:0:0:2a:e350:6cb0:c073%en0', os.name: 'Mac OS X', os.arch: 'x86_64', os.version: '10.16', java.version: '1.8.0_275'
Driver info: com.kms.katalon.selenium.driver.CChromeDriver
Capabilities {acceptInsecureCerts: false, browserName: chrome, browserVersion: 110.0.5481.177, chrome: {chromedriverVersion: 109.0.5414.74 (e7c5703604da..., userDataDir: /var/folders/d5/lp70b0s53sb...}, goog:chromeOptions: {debuggerAddress: localhost:56752}, javascriptEnabled: true, networkConnectionEnabled: false, pageLoadStrategy: normal, platform: MAC, platformName: MAC, proxy: Proxy(), setWindowRect: true, strictFileInteractability: false, timeouts: {implicit: 0, pageLoad: 300000, script: 30000}, unhandledPromptBehavior: dismiss and notify, webauthn:extension:credBlob: true, webauthn:extension:largeBlob: true, webauthn:virtualAuthenticators: true}
Session ID: 8cbf6677b997c9abc45437a421dcef97
	at org.openqa.selenium.remote.http.W3CHttpResponseCodec.createException(W3CHttpResponseCodec.java:187)
	at org.openqa.selenium.remote.http.W3CHttpResponseCodec.decode(W3CHttpResponseCodec.java:122)
	at org.openqa.selenium.remote.http.W3CHttpResponseCodec.decode(W3CHttpResponseCodec.java:49)
	at org.openqa.selenium.remote.HttpCommandExecutor.execute(HttpCommandExecutor.java:158)
	at org.openqa.selenium.remote.service.DriverCommandExecutor.execute(DriverCommandExecutor.java:83)
	at org.openqa.selenium.remote.RemoteWebDriver.execute(RemoteWebDriver.java:552)
	at com.kms.katalon.selenium.driver.CChromeDriver.execute(CChromeDriver.java:19)
	at org.openqa.selenium.remote.RemoteWebElement.execute(RemoteWebElement.java:285)
	at org.openqa.selenium.remote.RemoteWebElement.click(RemoteWebElement.java:84)
	at org.openqa.selenium.support.events.EventFiringWebDriver$EventFiringWebElement.lambda$new$0(EventFiringWebDriver.java:404)
	at com.sun.proxy.$Proxy11.click(Unknown Source)
	at org.openqa.selenium.support.events.EventFiringWebDriver$EventFiringWebElement.click(EventFiringWebDriver.java:417)
	at org.openqa.selenium.WebElement$click.call(Unknown Source)
	at com.kms.katalon.core.webui.keyword.builtin.ClickKeyword.clickUntilSuccessWithTimeout(ClickKeyword.groovy:81)
	at com.kms.katalon.core.webui.keyword.builtin.ClickKeyword.clickUntilSuccessWithTimeout(ClickKeyword.groovy)
	at com.kms.katalon.core.webui.keyword.builtin.ClickKeyword$_click_closure1.doCall(ClickKeyword.groovy:67)
	at com.kms.katalon.core.webui.keyword.builtin.ClickKeyword$_click_closure1.call(ClickKeyword.groovy)
	at com.kms.katalon.core.webui.keyword.internal.WebUIKeywordMain.runKeyword(WebUIKeywordMain.groovy:20)
	at com.kms.katalon.core.webui.keyword.builtin.ClickKeyword.click(ClickKeyword.groovy:74)
	at com.kms.katalon.core.webui.keyword.builtin.ClickKeyword.execute(ClickKeyword.groovy:40)
	at com.kms.katalon.core.keyword.internal.KeywordExecutor.executeKeywordForPlatform(KeywordExecutor.groovy:74)
	at com.kms.katalon.core.webui.keyword.WebUiBuiltInKeywords.click(WebUiBuiltInKeywords.groovy:620)
	at com.kms.katalon.core.webui.keyword.WebUiBuiltInKeywords$click$0.call(Unknown Source)
	at Script1677146475378.run(Script1677146475378.groovy:130)
	... 13 more
)
	at com.kms.katalon.core.keyword.internal.KeywordMain.stepFailed(KeywordMain.groovy:39)
	at com.kms.katalon.core.webui.keyword.internal.WebUIKeywordMain.stepFailed(WebUIKeywordMain.groovy:64)
	at com.kms.katalon.core.webui.keyword.internal.WebUIKeywordMain.runKeyword(WebUIKeywordMain.groovy:26)
	at com.kms.katalon.core.webui.keyword.builtin.ClickKeyword.click(ClickKeyword.groovy:74)
	at com.kms.katalon.core.webui.keyword.builtin.ClickKeyword.execute(ClickKeyword.groovy:40)
	at com.kms.katalon.core.keyword.internal.KeywordExecutor.executeKeywordForPlatform(KeywordExecutor.groovy:74)
	at com.kms.katalon.core.webui.keyword.WebUiBuiltInKeywords.click(WebUiBuiltInKeywords.groovy:620)
	at com.kms.katalon.core.webui.keyword.WebUiBuiltInKeywords$click$0.call(Unknown Source)
	at Budget_Estimator_3year.run(Budget_Estimator_3year:130)
	at com.kms.katalon.core.main.ScriptEngine.run(ScriptEngine.java:194)
	at com.kms.katalon.core.main.ScriptEngine.runScriptAsRawText(ScriptEngine.java:119)
	at com.kms.katalon.core.main.TestCaseExecutor.runScript(TestCaseExecutor.java:448)
	at com.kms.katalon.core.main.TestCaseExecutor.doExecute(TestCaseExecutor.java:439)
	at com.kms.katalon.core.main.TestCaseExecutor.processExecutionPhase(TestCaseExecutor.java:418)
	at com.kms.katalon.core.main.TestCaseExecutor.accessMainPhase(TestCaseExecutor.java:410)
	at com.kms.katalon.core.main.TestCaseExecutor.execute(TestCaseExecutor.java:285)
	at com.kms.katalon.core.common.CommonExecutor.accessTestCaseMainPhase(CommonExecutor.java:65)
	at com.kms.katalon.core.main.TestSuiteExecutor.accessTestSuiteMainPhase(TestSuiteExecutor.java:151)
	at com.kms.katalon.core.main.TestSuiteExecutor.execute(TestSuiteExecutor.java:106)
	at com.kms.katalon.core.main.TestCaseMain.startTestSuite(TestCaseMain.java:185)
	at com.kms.katalon.core.main.TestCaseMain$startTestSuite$0.call(Unknown Source)
	at TempTestSuite1678344058063.run(TempTestSuite1678344058063.groovy:36)
Caused by: com.kms.katalon.core.exception.StepFailedException: Unable to click on object 'Object Repository/EBP_Object/Page_Streetlogix/span_Report'
	... 21 more
Caused by: org.openqa.selenium.ElementClickInterceptedException: element click intercepted: Element <span class="MuiButton-label">...</span> is not clickable at point (230, 812). Other element would receive the click: <span class="">...</span>
  (Session info: chrome=110.0.5481.177)
Build info: version: '3.141.59', revision: 'e82be7d358', time: '2018-11-14T08:25:53'
System info: host: 'Kashifs-MacBook-Pro.local', ip: 'fe80:0:0:0:2a:e350:6cb0:c073%en0', os.name: 'Mac OS X', os.arch: 'x86_64', os.version: '10.16', java.version: '1.8.0_275'
Driver info: com.kms.katalon.selenium.driver.CChromeDriver
Capabilities {acceptInsecureCerts: false, browserName: chrome, browserVersion: 110.0.5481.177, chrome: {chromedriverVersion: 109.0.5414.74 (e7c5703604da..., userDataDir: /var/folders/d5/lp70b0s53sb...}, goog:chromeOptions: {debuggerAddress: localhost:56752}, javascriptEnabled: true, networkConnectionEnabled: false, pageLoadStrategy: normal, platform: MAC, platformName: MAC, proxy: Proxy(), setWindowRect: true, strictFileInteractability: false, timeouts: {implicit: 0, pageLoad: 300000, script: 30000}, unhandledPromptBehavior: dismiss and notify, webauthn:extension:credBlob: true, webauthn:extension:largeBlob: true, webauthn:virtualAuthenticators: true}
Session ID: 8cbf6677b997c9abc45437a421dcef97
	at org.openqa.selenium.remote.http.W3CHttpResponseCodec.createException(W3CHttpResponseCodec.java:187)
	at org.openqa.selenium.remote.http.W3CHttpResponseCodec.decode(W3CHttpResponseCodec.java:122)
	at org.openqa.selenium.remote.http.W3CHttpResponseCodec.decode(W3CHttpResponseCodec.java:49)
	at org.openqa.selenium.remote.HttpCommandExecutor.execute(HttpCommandExecutor.java:158)
	at org.openqa.selenium.remote.service.DriverCommandExecutor.execute(DriverCommandExecutor.java:83)
	at org.openqa.selenium.remote.RemoteWebDriver.execute(RemoteWebDriver.java:552)
	at com.kms.katalon.selenium.driver.CChromeDriver.execute(CChromeDriver.java:19)
	at org.openqa.selenium.remote.RemoteWebElement.execute(RemoteWebElement.java:285)
	at org.openqa.selenium.remote.RemoteWebElement.click(RemoteWebElement.java:84)
	at org.openqa.selenium.support.events.EventFiringWebDriver$EventFiringWebElement.lambda$new$0(EventFiringWebDriver.java:404)
	at com.sun.proxy.$Proxy11.click(Unknown Source)
	at org.openqa.selenium.support.events.EventFiringWebDriver$EventFiringWebElement.click(EventFiringWebDriver.java:417)
	at org.openqa.selenium.WebElement$click.call(Unknown Source)
	at com.kms.katalon.core.webui.keyword.builtin.ClickKeyword.clickUntilSuccessWithTimeout(ClickKeyword.groovy:81)
	at com.kms.katalon.core.webui.keyword.builtin.ClickKeyword.clickUntilSuccessWithTimeout(ClickKeyword.groovy)
	at com.kms.katalon.core.webui.keyword.builtin.ClickKeyword$_click_closure1.doCall(ClickKeyword.groovy:67)
	at com.kms.katalon.core.webui.keyword.builtin.ClickKeyword$_click_closure1.call(ClickKeyword.groovy)
	at com.kms.katalon.core.webui.keyword.internal.WebUIKeywordMain.runKeyword(WebUIKeywordMain.groovy:20)
	... 19 more


2023-03-09 12:11:13 - [TEST_STEP][PASSED] - gis_url.test.URL.redirectURL(): gis_url.test.URL.redirectURL is PASSED

2023-03-09 12:11:13 - [MESSAGE][INFO] - Starting 'Chrome' driver

2023-03-09 12:11:13 - [MESSAGE][INFO] - Action delay is set to 0 milliseconds

2023-03-09 12:11:16 - [MESSAGE][PASSED] - Browser is opened with url: 'https://streetlogix-gis-slx4-develop.vercel.app/?config=64077fc938af4bcc9a46a81d8f4e5576&token=eyJhbGciOiJIUzI1NiIsInR5cCI6IkpXVCJ9.eyJpZCI6OTc2LCJuYW1lIjoiU29oYWliIE5laGFsIiwiZXhwIjoxNjgwNjgwOTg3LCJpYXQiOjE2NzgwODg5ODd9.hALLa1SO64ZYI--CeYjMno4uFOCwR9lK0Lzo7eCUaPk'

2023-03-09 12:11:16 - [MESSAGE][PASSED] - gis_url.test.URL.redirectURL is PASSED

2023-03-09 12:11:16 - [TEST_STEP][PASSED] - delay(15): Delayed 15 second(s)

2023-03-09 12:11:31 - [MESSAGE][PASSED] - Delayed 15 second(s)

2023-03-09 12:11:31 - [TEST_STEP][PASSED] - click(findTestObject("EBP_Object/Page_Streetlogix/Menubar-icon")): Object: 'Object Repository/EBP_Object/Page_Streetlogix/Menubar-icon' is clicked on

2023-03-09 12:11:31 - [MESSAGE][PASSED] - Object: 'Object Repository/EBP_Object/Page_Streetlogix/Menubar-icon' is clicked on

2023-03-09 12:11:31 - [TEST_STEP][PASSED] - delay(10): Delayed 10 second(s)

2023-03-09 12:11:41 - [MESSAGE][PASSED] - Delayed 10 second(s)

2023-03-09 12:11:41 - [TEST_STEP][PASSED] - click(findTestObject("Object Repository/EBP_Object/Page_Streetlogix/div_Budget Estimator")): Object: 'Object Repository/EBP_Object/Page_Streetlogix/div_Budget Estimator' is clicked on

2023-03-09 12:11:42 - [MESSAGE][PASSED] - Object: 'Object Repository/EBP_Object/Page_Streetlogix/div_Budget Estimator' is clicked on

2023-03-09 12:11:42 - [TEST_STEP][PASSED] - Scenarioname = "EST 3": null

2023-03-09 12:11:42 - [TEST_STEP][PASSED] - sendKeys(findTestObject("Object Repository/EBP_Object/Page_Streetlogix/input_Scenario Name_scenarioName"), Keys.chord(COMMAND, "a")): Keys 'COMMAND + a' sent to object: 'Object Repository/EBP_Object/Page_Streetlogix/input_Scenario Name_scenarioName'

2023-03-09 12:11:43 - [MESSAGE][PASSED] - Keys 'COMMAND + a' sent to object: 'Object Repository/EBP_Object/Page_Streetlogix/input_Scenario Name_scenarioName'

2023-03-09 12:11:43 - [TEST_STEP][PASSED] - sendKeys(findTestObject("Object Repository/EBP_Object/Page_Streetlogix/input_Scenario Name_scenarioName"), Keys.chord(DELETE)): Keys 'DELETE + ' sent to object: 'Object Repository/EBP_Object/Page_Streetlogix/input_Scenario Name_scenarioName'

2023-03-09 12:11:45 - [MESSAGE][PASSED] - Keys 'DELETE + ' sent to object: 'Object Repository/EBP_Object/Page_Streetlogix/input_Scenario Name_scenarioName'

2023-03-09 12:11:45 - [TEST_STEP][PASSED] - setText(findTestObject("Object Repository/EBP_Object/Page_Streetlogix/input_Scenario Name_scenarioName"), Scenarioname): Text 'EST 3' is set on object 'Object Repository/EBP_Object/Page_Streetlogix/input_Scenario Name_scenarioName'

2023-03-09 12:11:46 - [MESSAGE][PASSED] - Text 'EST 3' is set on object 'Object Repository/EBP_Object/Page_Streetlogix/input_Scenario Name_scenarioName'

2023-03-09 12:11:46 - [TEST_STEP][PASSED] - sendKeys(findTestObject("Object Repository/EBP_Object/Page_Streetlogix/input_Program duration_programDuration"), Keys.chord(COMMAND, "a")): Keys 'COMMAND + a' sent to object: 'Object Repository/EBP_Object/Page_Streetlogix/input_Program duration_programDuration'

2023-03-09 12:11:46 - [MESSAGE][PASSED] - Keys 'COMMAND + a' sent to object: 'Object Repository/EBP_Object/Page_Streetlogix/input_Program duration_programDuration'

2023-03-09 12:11:46 - [TEST_STEP][PASSED] - sendKeys(findTestObject("Object Repository/EBP_Object/Page_Streetlogix/input_Program duration_programDuration"), Keys.chord(DELETE)): Keys 'DELETE + ' sent to object: 'Object Repository/EBP_Object/Page_Streetlogix/input_Program duration_programDuration'

2023-03-09 12:11:47 - [MESSAGE][PASSED] - Keys 'DELETE + ' sent to object: 'Object Repository/EBP_Object/Page_Streetlogix/input_Program duration_programDuration'

2023-03-09 12:11:47 - [TEST_STEP][PASSED] - setText(findTestObject("Object Repository/EBP_Object/Page_Streetlogix/input_Program duration_programDuration"), "3"): Text '3' is set on object 'Object Repository/EBP_Object/Page_Streetlogix/input_Program duration_programDuration'

2023-03-09 12:11:47 - [MESSAGE][PASSED] - Text '3' is set on object 'Object Repository/EBP_Object/Page_Streetlogix/input_Program duration_programDuration'

2023-03-09 12:11:47 - [TEST_STEP][PASSED] - AvgCI = getText(findTestObject("EBP_Object/Page_Streetlogix/Average_condition_index")): Text of object 'Object Repository/EBP_Object/Page_Streetlogix/Average_condition_index' is: '27.95'

2023-03-09 12:11:48 - [MESSAGE][PASSED] - Text of object 'Object Repository/EBP_Object/Page_Streetlogix/Average_condition_index' is: '27.95'

2023-03-09 12:11:48 - [TEST_STEP][PASSED] - AvgCIdouble = AvgCI.toDouble(): null

2023-03-09 12:11:48 - [TEST_STEP][PASSED] - AvgCIround = Math.round(AvgCIdouble): null

2023-03-09 12:11:48 - [TEST_STEP][PASSED] - TargetCI = AvgCIround + 3: null

2023-03-09 12:11:48 - [TEST_STEP][PASSED] - setText(findTestObject("Object Repository/EBP_Object/Page_Streetlogix/input_Target Condition Index_target_rating"), $TargetCI): Text '31' is set on object 'Object Repository/EBP_Object/Page_Streetlogix/input_Target Condition Index_target_rating'

2023-03-09 12:11:49 - [MESSAGE][PASSED] - Text '31' is set on object 'Object Repository/EBP_Object/Page_Streetlogix/input_Target Condition Index_target_rating'

2023-03-09 12:11:49 - [TEST_STEP][PASSED] - sendKeys(findTestObject("Object Repository/EBP_Object/Page_Streetlogix/input_Annual Inflation_annualInflation"), Keys.chord(COMMAND, "a")): Keys 'COMMAND + a' sent to object: 'Object Repository/EBP_Object/Page_Streetlogix/input_Annual Inflation_annualInflation'

2023-03-09 12:11:49 - [MESSAGE][PASSED] - Keys 'COMMAND + a' sent to object: 'Object Repository/EBP_Object/Page_Streetlogix/input_Annual Inflation_annualInflation'

2023-03-09 12:11:49 - [TEST_STEP][PASSED] - sendKeys(findTestObject("Object Repository/EBP_Object/Page_Streetlogix/input_Annual Inflation_annualInflation"), Keys.chord(DELETE)): Keys 'DELETE + ' sent to object: 'Object Repository/EBP_Object/Page_Streetlogix/input_Annual Inflation_annualInflation'

2023-03-09 12:11:50 - [MESSAGE][PASSED] - Keys 'DELETE + ' sent to object: 'Object Repository/EBP_Object/Page_Streetlogix/input_Annual Inflation_annualInflation'

2023-03-09 12:11:50 - [TEST_STEP][PASSED] - setText(findTestObject("Object Repository/EBP_Object/Page_Streetlogix/input_Annual Inflation_annualInflation"), "7"): Text '7' is set on object 'Object Repository/EBP_Object/Page_Streetlogix/input_Annual Inflation_annualInflation'

2023-03-09 12:11:50 - [MESSAGE][PASSED] - Text '7' is set on object 'Object Repository/EBP_Object/Page_Streetlogix/input_Annual Inflation_annualInflation'

2023-03-09 12:11:50 - [TEST_STEP][PASSED] - click(findTestObject("Object Repository/EBP_Object/Page_Streetlogix/span_Calculate")): Object: 'Object Repository/EBP_Object/Page_Streetlogix/span_Calculate' is clicked on

2023-03-09 12:11:51 - [MESSAGE][PASSED] - Object: 'Object Repository/EBP_Object/Page_Streetlogix/span_Calculate' is clicked on

2023-03-09 12:11:51 - [TEST_STEP][PASSED] - delay(20): Delayed 20 second(s)

2023-03-09 12:12:11 - [MESSAGE][PASSED] - Delayed 20 second(s)

2023-03-09 12:12:11 - [TEST_STEP][PASSED] - click(findTestObject("Object Repository/EBP_Object/Page_Streetlogix/span_Load")): Object: 'Object Repository/EBP_Object/Page_Streetlogix/span_Load' is clicked on

2023-03-09 12:12:12 - [MESSAGE][PASSED] - Object: 'Object Repository/EBP_Object/Page_Streetlogix/span_Load' is clicked on

2023-03-09 12:12:12 - [TEST_STEP][PASSED] - delay(5): Delayed 5 second(s)

2023-03-09 12:12:17 - [MESSAGE][PASSED] - Delayed 5 second(s)

2023-03-09 12:12:17 - [TEST_STEP][PASSED] - Sname = TestObject().addProperty("text", EQUALS, Scenarioname): null

2023-03-09 12:12:17 - [TEST_STEP][PASSED] - click(Sname): Object: '' is clicked on

2023-03-09 12:12:17 - [MESSAGE][PASSED] - Object: '' is clicked on

2023-03-09 12:12:17 - [TEST_STEP][PASSED] - click(findTestObject("Object Repository/EBP_Object/Page_Streetlogix/h6_default scenario")): Object: 'Object Repository/EBP_Object/Page_Streetlogix/h6_default scenario' is clicked on

2023-03-09 12:12:23 - [MESSAGE][PASSED] - Object: 'Object Repository/EBP_Object/Page_Streetlogix/h6_default scenario' is clicked on

2023-03-09 12:12:23 - [TEST_STEP][PASSED] - click(findTestObject("EBP_Object/Page_Streetlogix/Asset_name")): Object: 'Object Repository/EBP_Object/Page_Streetlogix/Asset_name' is clicked on

2023-03-09 12:12:24 - [MESSAGE][PASSED] - Object: 'Object Repository/EBP_Object/Page_Streetlogix/Asset_name' is clicked on

2023-03-09 12:12:24 - [TEST_STEP][PASSED] - click(findTestObject("Object Repository/EBP_Object/Page_Streetlogix/Program_duration_3year")): Object: 'Object Repository/EBP_Object/Page_Streetlogix/Program_duration_3year' is clicked on

2023-03-09 12:12:24 - [MESSAGE][PASSED] - Object: 'Object Repository/EBP_Object/Page_Streetlogix/Program_duration_3year' is clicked on

2023-03-09 12:12:24 - [TEST_STEP][PASSED] - click(findTestObject("Object Repository/EBP_Object/Page_Streetlogix/Total cost estimated")): Object: 'Object Repository/EBP_Object/Page_Streetlogix/Total cost estimated' is clicked on

2023-03-09 12:12:25 - [MESSAGE][PASSED] - Object: 'Object Repository/EBP_Object/Page_Streetlogix/Total cost estimated' is clicked on

2023-03-09 12:12:25 - [TEST_STEP][PASSED] - click(findTestObject("Object Repository/EBP_Object/Page_Streetlogix/Inflation_7")): Object: 'Object Repository/EBP_Object/Page_Streetlogix/Inflation_7' is clicked on

2023-03-09 12:12:25 - [MESSAGE][PASSED] - Object: 'Object Repository/EBP_Object/Page_Streetlogix/Inflation_7' is clicked on

2023-03-09 12:12:25 - [TEST_STEP][PASSED] - click(findTestObject("Object Repository/EBP_Object/Page_Streetlogix/h6_pci  0")): Object: 'Object Repository/EBP_Object/Page_Streetlogix/h6_pci  0' is clicked on

2023-03-09 12:12:26 - [MESSAGE][PASSED] - Object: 'Object Repository/EBP_Object/Page_Streetlogix/h6_pci  0' is clicked on

2023-03-09 12:12:26 - [TEST_STEP][PASSED] - DTused = getText(findTestObject("Object Repository/EBP_Object/Page_Streetlogix/h6_DT with PCI ranges")): Text of object 'Object Repository/EBP_Object/Page_Streetlogix/h6_DT with PCI ranges' is: 'DT with PCI ranges'

2023-03-09 12:12:26 - [MESSAGE][PASSED] - Text of object 'Object Repository/EBP_Object/Page_Streetlogix/h6_DT with PCI ranges' is: 'DT with PCI ranges'

2023-03-09 12:12:26 - [TEST_STEP][PASSED] - InuseDT = database_keywords.test.Database_Keywords.getinuseDT(): database_keywords.test.Database_Keywords.getinuseDT is PASSED

2023-03-09 12:12:31 - [MESSAGE][PASSED] - database_keywords.test.Database_Keywords.getinuseDT is PASSED

2023-03-09 12:12:31 - [TEST_STEP][PASSED] - println(InuseDT): null

2023-03-09 12:12:31 - [TEST_STEP][PASSED] - verifyMatch(InuseDT, DTused, false): Actual text 'DT with PCI ranges' and expected text 'DT with PCI ranges' are matched 

2023-03-09 12:12:31 - [MESSAGE][PASSED] - Actual text 'DT with PCI ranges' and expected text 'DT with PCI ranges' are matched 

2023-03-09 12:12:31 - [TEST_STEP][PASSED] - click(findTestObject("EBP_Object/Page_Streetlogix/View_Graph_dropdown")): Object: 'Object Repository/EBP_Object/Page_Streetlogix/View_Graph_dropdown' is clicked on

2023-03-09 12:12:32 - [MESSAGE][PASSED] - Object: 'Object Repository/EBP_Object/Page_Streetlogix/View_Graph_dropdown' is clicked on

2023-03-09 12:12:32 - [TEST_STEP][PASSED] - click(findTestObject("Object Repository/EBP_Object/Page_Streetlogix/li_Table")): Object: 'Object Repository/EBP_Object/Page_Streetlogix/li_Table' is clicked on

2023-03-09 12:12:32 - [MESSAGE][PASSED] - Object: 'Object Repository/EBP_Object/Page_Streetlogix/li_Table' is clicked on

2023-03-09 12:12:32 - [TEST_STEP][PASSED] - delay(5): Delayed 5 second(s)

2023-03-09 12:12:37 - [MESSAGE][PASSED] - Delayed 5 second(s)

2023-03-09 12:12:37 - [TEST_STEP][PASSED] - click(findTestObject("Object Repository/EBP_Object/Page_Streetlogix/Final_Rating_3")): Object: 'Object Repository/EBP_Object/Page_Streetlogix/Final_Rating_3' is clicked on

2023-03-09 12:12:38 - [MESSAGE][PASSED] - Object: 'Object Repository/EBP_Object/Page_Streetlogix/Final_Rating_3' is clicked on

2023-03-09 12:12:38 - [TEST_STEP][PASSED] - click(findTestObject("Object Repository/EBP_Object/Page_Streetlogix/span_Report")): Object: 'Object Repository/EBP_Object/Page_Streetlogix/span_Report' is clicked on

2023-03-09 12:12:38 - [MESSAGE][PASSED] - Object: 'Object Repository/EBP_Object/Page_Streetlogix/span_Report' is clicked on

2023-03-09 12:12:38 - [TEST_STEP][PASSED] - click(findTestObject("Object Repository/EBP_Object/Page_Streetlogix/span_Export")): Object: 'Object Repository/EBP_Object/Page_Streetlogix/span_Export' is clicked on

2023-03-09 12:12:39 - [MESSAGE][PASSED] - Object: 'Object Repository/EBP_Object/Page_Streetlogix/span_Export' is clicked on

2023-03-09 12:12:39 - [TEST_STEP][PASSED] - delay(20): Delayed 20 second(s)

2023-03-09 12:12:59 - [MESSAGE][PASSED] - Delayed 20 second(s)

2023-03-09 12:12:59 - [TEST_STEP][FAILED] - click(findTestObject("Object Repository/EBP_Object/Page_Streetlogix/span_Report")): Unable to click on object 'Object Repository/EBP_Object/Page_Streetlogix/span_Report' (Root cause: com.kms.katalon.core.exception.StepFailedException: Unable to click on object 'Object Repository/EBP_Object/Page_Streetlogix/span_Report'
	at com.kms.katalon.core.webui.keyword.internal.WebUIKeywordMain.stepFailed(WebUIKeywordMain.groovy:64)
	at com.kms.katalon.core.webui.keyword.internal.WebUIKeywordMain.runKeyword(WebUIKeywordMain.groovy:26)
	at com.kms.katalon.core.webui.keyword.builtin.ClickKeyword.click(ClickKeyword.groovy:74)
	at com.kms.katalon.core.webui.keyword.builtin.ClickKeyword.execute(ClickKeyword.groovy:40)
	at com.kms.katalon.core.keyword.internal.KeywordExecutor.executeKeywordForPlatform(KeywordExecutor.groovy:74)
	at com.kms.katalon.core.webui.keyword.WebUiBuiltInKeywords.click(WebUiBuiltInKeywords.groovy:620)
	at com.kms.katalon.core.webui.keyword.WebUiBuiltInKeywords$click$0.call(Unknown Source)
	at Budget_Estimator_3year.run(Budget_Estimator_3year:130)
	at com.kms.katalon.core.main.ScriptEngine.run(ScriptEngine.java:194)
	at com.kms.katalon.core.main.ScriptEngine.runScriptAsRawText(ScriptEngine.java:119)
	at com.kms.katalon.core.main.TestCaseExecutor.runScript(TestCaseExecutor.java:448)
	at com.kms.katalon.core.main.TestCaseExecutor.doExecute(TestCaseExecutor.java:439)
	at com.kms.katalon.core.main.TestCaseExecutor.processExecutionPhase(TestCaseExecutor.java:418)
	at com.kms.katalon.core.main.TestCaseExecutor.accessMainPhase(TestCaseExecutor.java:410)
	at com.kms.katalon.core.main.TestCaseExecutor.execute(TestCaseExecutor.java:285)
	at com.kms.katalon.core.common.CommonExecutor.accessTestCaseMainPhase(CommonExecutor.java:65)
	at com.kms.katalon.core.main.TestSuiteExecutor.accessTestSuiteMainPhase(TestSuiteExecutor.java:151)
	at com.kms.katalon.core.main.TestSuiteExecutor.execute(TestSuiteExecutor.java:106)
	at com.kms.katalon.core.main.TestCaseMain.startTestSuite(TestCaseMain.java:185)
	at com.kms.katalon.core.main.TestCaseMain$startTestSuite$0.call(Unknown Source)
	at TempTestSuite1678344058063.run(TempTestSuite1678344058063.groovy:36)
Caused by: org.openqa.selenium.ElementClickInterceptedException: element click intercepted: Element <span class="MuiButton-label">...</span> is not clickable at point (230, 812). Other element would receive the click: <span class="">...</span>
  (Session info: chrome=110.0.5481.177)
Build info: version: '3.141.59', revision: 'e82be7d358', time: '2018-11-14T08:25:53'
System info: host: 'Kashifs-MacBook-Pro.local', ip: 'fe80:0:0:0:2a:e350:6cb0:c073%en0', os.name: 'Mac OS X', os.arch: 'x86_64', os.version: '10.16', java.version: '1.8.0_275'
Driver info: com.kms.katalon.selenium.driver.CChromeDriver
Capabilities {acceptInsecureCerts: false, browserName: chrome, browserVersion: 110.0.5481.177, chrome: {chromedriverVersion: 109.0.5414.74 (e7c5703604da..., userDataDir: /var/folders/d5/lp70b0s53sb...}, goog:chromeOptions: {debuggerAddress: localhost:56752}, javascriptEnabled: true, networkConnectionEnabled: false, pageLoadStrategy: normal, platform: MAC, platformName: MAC, proxy: Proxy(), setWindowRect: true, strictFileInteractability: false, timeouts: {implicit: 0, pageLoad: 300000, script: 30000}, unhandledPromptBehavior: dismiss and notify, webauthn:extension:credBlob: true, webauthn:extension:largeBlob: true, webauthn:virtualAuthenticators: true}
Session ID: 8cbf6677b997c9abc45437a421dcef97
	at org.openqa.selenium.remote.http.W3CHttpResponseCodec.createException(W3CHttpResponseCodec.java:187)
	at org.openqa.selenium.remote.http.W3CHttpResponseCodec.decode(W3CHttpResponseCodec.java:122)
	at org.openqa.selenium.remote.http.W3CHttpResponseCodec.decode(W3CHttpResponseCodec.java:49)
	at org.openqa.selenium.remote.HttpCommandExecutor.execute(HttpCommandExecutor.java:158)
	at org.openqa.selenium.remote.service.DriverCommandExecutor.execute(DriverCommandExecutor.java:83)
	at org.openqa.selenium.remote.RemoteWebDriver.execute(RemoteWebDriver.java:552)
	at com.kms.katalon.selenium.driver.CChromeDriver.execute(CChromeDriver.java:19)
	at org.openqa.selenium.remote.RemoteWebElement.execute(RemoteWebElement.java:285)
	at org.openqa.selenium.remote.RemoteWebElement.click(RemoteWebElement.java:84)
	at org.openqa.selenium.support.events.EventFiringWebDriver$EventFiringWebElement.lambda$new$0(EventFiringWebDriver.java:404)
	at com.sun.proxy.$Proxy11.click(Unknown Source)
	at org.openqa.selenium.support.events.EventFiringWebDriver$EventFiringWebElement.click(EventFiringWebDriver.java:417)
	at org.openqa.selenium.WebElement$click.call(Unknown Source)
	at com.kms.katalon.core.webui.keyword.builtin.ClickKeyword.clickUntilSuccessWithTimeout(ClickKeyword.groovy:81)
	at com.kms.katalon.core.webui.keyword.builtin.ClickKeyword.clickUntilSuccessWithTimeout(ClickKeyword.groovy)
	at com.kms.katalon.core.webui.keyword.builtin.ClickKeyword$_click_closure1.doCall(ClickKeyword.groovy:67)
	at com.kms.katalon.core.webui.keyword.builtin.ClickKeyword$_click_closure1.call(ClickKeyword.groovy)
	at com.kms.katalon.core.webui.keyword.internal.WebUIKeywordMain.runKeyword(WebUIKeywordMain.groovy:20)
	at com.kms.katalon.core.webui.keyword.builtin.ClickKeyword.click(ClickKeyword.groovy:74)
	at com.kms.katalon.core.webui.keyword.builtin.ClickKeyword.execute(ClickKeyword.groovy:40)
	at com.kms.katalon.core.keyword.internal.KeywordExecutor.executeKeywordForPlatform(KeywordExecutor.groovy:74)
	at com.kms.katalon.core.webui.keyword.WebUiBuiltInKeywords.click(WebUiBuiltInKeywords.groovy:620)
	at com.kms.katalon.core.webui.keyword.WebUiBuiltInKeywords$click$0.call(Unknown Source)
	at Script1677146475378.run(Script1677146475378.groovy:130)
	... 13 more
)

2023-03-09 12:13:31 - [MESSAGE][FAILED] - Unable to click on object 'Object Repository/EBP_Object/Page_Streetlogix/span_Report' (Root cause: com.kms.katalon.core.exception.StepFailedException: Unable to click on object 'Object Repository/EBP_Object/Page_Streetlogix/span_Report'
	at com.kms.katalon.core.webui.keyword.internal.WebUIKeywordMain.stepFailed(WebUIKeywordMain.groovy:64)
	at com.kms.katalon.core.webui.keyword.internal.WebUIKeywordMain.runKeyword(WebUIKeywordMain.groovy:26)
	at com.kms.katalon.core.webui.keyword.builtin.ClickKeyword.click(ClickKeyword.groovy:74)
	at com.kms.katalon.core.webui.keyword.builtin.ClickKeyword.execute(ClickKeyword.groovy:40)
	at com.kms.katalon.core.keyword.internal.KeywordExecutor.executeKeywordForPlatform(KeywordExecutor.groovy:74)
	at com.kms.katalon.core.webui.keyword.WebUiBuiltInKeywords.click(WebUiBuiltInKeywords.groovy:620)
	at com.kms.katalon.core.webui.keyword.WebUiBuiltInKeywords$click$0.call(Unknown Source)
	at Budget_Estimator_3year.run(Budget_Estimator_3year:130)
	at com.kms.katalon.core.main.ScriptEngine.run(ScriptEngine.java:194)
	at com.kms.katalon.core.main.ScriptEngine.runScriptAsRawText(ScriptEngine.java:119)
	at com.kms.katalon.core.main.TestCaseExecutor.runScript(TestCaseExecutor.java:448)
	at com.kms.katalon.core.main.TestCaseExecutor.doExecute(TestCaseExecutor.java:439)
	at com.kms.katalon.core.main.TestCaseExecutor.processExecutionPhase(TestCaseExecutor.java:418)
	at com.kms.katalon.core.main.TestCaseExecutor.accessMainPhase(TestCaseExecutor.java:410)
	at com.kms.katalon.core.main.TestCaseExecutor.execute(TestCaseExecutor.java:285)
	at com.kms.katalon.core.common.CommonExecutor.accessTestCaseMainPhase(CommonExecutor.java:65)
	at com.kms.katalon.core.main.TestSuiteExecutor.accessTestSuiteMainPhase(TestSuiteExecutor.java:151)
	at com.kms.katalon.core.main.TestSuiteExecutor.execute(TestSuiteExecutor.java:106)
	at com.kms.katalon.core.main.TestCaseMain.startTestSuite(TestCaseMain.java:185)
	at com.kms.katalon.core.main.TestCaseMain$startTestSuite$0.call(Unknown Source)
	at TempTestSuite1678344058063.run(TempTestSuite1678344058063.groovy:36)
Caused by: org.openqa.selenium.ElementClickInterceptedException: element click intercepted: Element <span class="MuiButton-label">...</span> is not clickable at point (230, 812). Other element would receive the click: <span class="">...</span>
  (Session info: chrome=110.0.5481.177)
Build info: version: '3.141.59', revision: 'e82be7d358', time: '2018-11-14T08:25:53'
System info: host: 'Kashifs-MacBook-Pro.local', ip: 'fe80:0:0:0:2a:e350:6cb0:c073%en0', os.name: 'Mac OS X', os.arch: 'x86_64', os.version: '10.16', java.version: '1.8.0_275'
Driver info: com.kms.katalon.selenium.driver.CChromeDriver
Capabilities {acceptInsecureCerts: false, browserName: chrome, browserVersion: 110.0.5481.177, chrome: {chromedriverVersion: 109.0.5414.74 (e7c5703604da..., userDataDir: /var/folders/d5/lp70b0s53sb...}, goog:chromeOptions: {debuggerAddress: localhost:56752}, javascriptEnabled: true, networkConnectionEnabled: false, pageLoadStrategy: normal, platform: MAC, platformName: MAC, proxy: Proxy(), setWindowRect: true, strictFileInteractability: false, timeouts: {implicit: 0, pageLoad: 300000, script: 30000}, unhandledPromptBehavior: dismiss and notify, webauthn:extension:credBlob: true, webauthn:extension:largeBlob: true, webauthn:virtualAuthenticators: true}
Session ID: 8cbf6677b997c9abc45437a421dcef97
	at org.openqa.selenium.remote.http.W3CHttpResponseCodec.createException(W3CHttpResponseCodec.java:187)
	at org.openqa.selenium.remote.http.W3CHttpResponseCodec.decode(W3CHttpResponseCodec.java:122)
	at org.openqa.selenium.remote.http.W3CHttpResponseCodec.decode(W3CHttpResponseCodec.java:49)
	at org.openqa.selenium.remote.HttpCommandExecutor.execute(HttpCommandExecutor.java:158)
	at org.openqa.selenium.remote.service.DriverCommandExecutor.execute(DriverCommandExecutor.java:83)
	at org.openqa.selenium.remote.RemoteWebDriver.execute(RemoteWebDriver.java:552)
	at com.kms.katalon.selenium.driver.CChromeDriver.execute(CChromeDriver.java:19)
	at org.openqa.selenium.remote.RemoteWebElement.execute(RemoteWebElement.java:285)
	at org.openqa.selenium.remote.RemoteWebElement.click(RemoteWebElement.java:84)
	at org.openqa.selenium.support.events.EventFiringWebDriver$EventFiringWebElement.lambda$new$0(EventFiringWebDriver.java:404)
	at com.sun.proxy.$Proxy11.click(Unknown Source)
	at org.openqa.selenium.support.events.EventFiringWebDriver$EventFiringWebElement.click(EventFiringWebDriver.java:417)
	at org.openqa.selenium.WebElement$click.call(Unknown Source)
	at com.kms.katalon.core.webui.keyword.builtin.ClickKeyword.clickUntilSuccessWithTimeout(ClickKeyword.groovy:81)
	at com.kms.katalon.core.webui.keyword.builtin.ClickKeyword.clickUntilSuccessWithTimeout(ClickKeyword.groovy)
	at com.kms.katalon.core.webui.keyword.builtin.ClickKeyword$_click_closure1.doCall(ClickKeyword.groovy:67)
	at com.kms.katalon.core.webui.keyword.builtin.ClickKeyword$_click_closure1.call(ClickKeyword.groovy)
	at com.kms.katalon.core.webui.keyword.internal.WebUIKeywordMain.runKeyword(WebUIKeywordMain.groovy:20)
	at com.kms.katalon.core.webui.keyword.builtin.ClickKeyword.click(ClickKeyword.groovy:74)
	at com.kms.katalon.core.webui.keyword.builtin.ClickKeyword.execute(ClickKeyword.groovy:40)
	at com.kms.katalon.core.keyword.internal.KeywordExecutor.executeKeywordForPlatform(KeywordExecutor.groovy:74)
	at com.kms.katalon.core.webui.keyword.WebUiBuiltInKeywords.click(WebUiBuiltInKeywords.groovy:620)
	at com.kms.katalon.core.webui.keyword.WebUiBuiltInKeywords$click$0.call(Unknown Source)
	at Script1677146475378.run(Script1677146475378.groovy:130)
	... 13 more
)
[[ATTACHMENT|/Users/kashif/git/Streetlogix_4.01/Reports/20230309_114057/GIS/20230309_114058/1678346011367.png]]

2023-03-09 12:13:31 - [TEST_STEP][FAILED] - click(findTestObject("Object Repository/EBP_Object/Page_Streetlogix/span_Word")): Unable to click on object 'Object Repository/EBP_Object/Page_Streetlogix/span_Word' (Root cause: com.kms.katalon.core.exception.StepFailedException: Unable to click on object 'Object Repository/EBP_Object/Page_Streetlogix/span_Word'
	at com.kms.katalon.core.webui.keyword.internal.WebUIKeywordMain.stepFailed(WebUIKeywordMain.groovy:64)
	at com.kms.katalon.core.webui.keyword.internal.WebUIKeywordMain.runKeyword(WebUIKeywordMain.groovy:26)
	at com.kms.katalon.core.webui.keyword.builtin.ClickKeyword.click(ClickKeyword.groovy:74)
	at com.kms.katalon.core.webui.keyword.builtin.ClickKeyword.execute(ClickKeyword.groovy:40)
	at com.kms.katalon.core.keyword.internal.KeywordExecutor.executeKeywordForPlatform(KeywordExecutor.groovy:74)
	at com.kms.katalon.core.webui.keyword.WebUiBuiltInKeywords.click(WebUiBuiltInKeywords.groovy:620)
	at com.kms.katalon.core.webui.keyword.WebUiBuiltInKeywords$click$0.call(Unknown Source)
	at Budget_Estimator_3year.run(Budget_Estimator_3year:132)
	at com.kms.katalon.core.main.ScriptEngine.run(ScriptEngine.java:194)
	at com.kms.katalon.core.main.ScriptEngine.runScriptAsRawText(ScriptEngine.java:119)
	at com.kms.katalon.core.main.TestCaseExecutor.runScript(TestCaseExecutor.java:448)
	at com.kms.katalon.core.main.TestCaseExecutor.doExecute(TestCaseExecutor.java:439)
	at com.kms.katalon.core.main.TestCaseExecutor.processExecutionPhase(TestCaseExecutor.java:418)
	at com.kms.katalon.core.main.TestCaseExecutor.accessMainPhase(TestCaseExecutor.java:410)
	at com.kms.katalon.core.main.TestCaseExecutor.execute(TestCaseExecutor.java:285)
	at com.kms.katalon.core.common.CommonExecutor.accessTestCaseMainPhase(CommonExecutor.java:65)
	at com.kms.katalon.core.main.TestSuiteExecutor.accessTestSuiteMainPhase(TestSuiteExecutor.java:151)
	at com.kms.katalon.core.main.TestSuiteExecutor.execute(TestSuiteExecutor.java:106)
	at com.kms.katalon.core.main.TestCaseMain.startTestSuite(TestCaseMain.java:185)
	at com.kms.katalon.core.main.TestCaseMain$startTestSuite$0.call(Unknown Source)
	at TempTestSuite1678344058063.run(TempTestSuite1678344058063.groovy:36)
Caused by: com.kms.katalon.core.webui.exception.WebElementNotFoundException: Web element with id: 'Object Repository/EBP_Object/Page_Streetlogix/span_Word' located by '/html/body/div[6]/div[3]/div/div[2]/fieldset/div/label[2]/span[1]/span[1]/input[count(. | //*[(text() = 'Word' or . = 'Word')]) = count(//*[(text() = 'Word' or . = 'Word')])]' not found
	at com.kms.katalon.core.webui.common.WebUiCommonHelper.findWebElement(WebUiCommonHelper.java:1370)
	at com.kms.katalon.core.webui.keyword.internal.WebUIAbstractKeyword.findWebElement(WebUIAbstractKeyword.groovy:27)
	at com.kms.katalon.core.webui.keyword.builtin.ClickKeyword$_click_closure1.doCall(ClickKeyword.groovy:65)
	at com.kms.katalon.core.webui.keyword.builtin.ClickKeyword$_click_closure1.call(ClickKeyword.groovy)
	at com.kms.katalon.core.webui.keyword.internal.WebUIKeywordMain.runKeyword(WebUIKeywordMain.groovy:20)
	at com.kms.katalon.core.webui.keyword.builtin.ClickKeyword.click(ClickKeyword.groovy:74)
	at com.kms.katalon.core.webui.keyword.builtin.ClickKeyword.execute(ClickKeyword.groovy:40)
	at com.kms.katalon.core.keyword.internal.KeywordExecutor.executeKeywordForPlatform(KeywordExecutor.groovy:74)
	at com.kms.katalon.core.webui.keyword.WebUiBuiltInKeywords.click(WebUiBuiltInKeywords.groovy:620)
	at com.kms.katalon.core.webui.keyword.WebUiBuiltInKeywords$click$0.call(Unknown Source)
	at Script1677146475378.run(Script1677146475378.groovy:132)
	... 13 more
)

2023-03-09 12:14:03 - [MESSAGE][INFO] - Unable to find the element located by 'By.xpath: /html/body/div[6]/div[3]/div/div[2]/fieldset/div/label[2]/span[1]/span[1]/input[count(. | //*[(text() = 'Word' or . = 'Word')]) = count(//*[(text() = 'Word' or . = 'Word')])]'. Please recheck the objects properties to make sure the desired element is located. 

2023-03-09 12:14:03 - [MESSAGE][FAILED] - Unable to click on object 'Object Repository/EBP_Object/Page_Streetlogix/span_Word' (Root cause: com.kms.katalon.core.exception.StepFailedException: Unable to click on object 'Object Repository/EBP_Object/Page_Streetlogix/span_Word'
	at com.kms.katalon.core.webui.keyword.internal.WebUIKeywordMain.stepFailed(WebUIKeywordMain.groovy:64)
	at com.kms.katalon.core.webui.keyword.internal.WebUIKeywordMain.runKeyword(WebUIKeywordMain.groovy:26)
	at com.kms.katalon.core.webui.keyword.builtin.ClickKeyword.click(ClickKeyword.groovy:74)
	at com.kms.katalon.core.webui.keyword.builtin.ClickKeyword.execute(ClickKeyword.groovy:40)
	at com.kms.katalon.core.keyword.internal.KeywordExecutor.executeKeywordForPlatform(KeywordExecutor.groovy:74)
	at com.kms.katalon.core.webui.keyword.WebUiBuiltInKeywords.click(WebUiBuiltInKeywords.groovy:620)
	at com.kms.katalon.core.webui.keyword.WebUiBuiltInKeywords$click$0.call(Unknown Source)
	at Budget_Estimator_3year.run(Budget_Estimator_3year:132)
	at com.kms.katalon.core.main.ScriptEngine.run(ScriptEngine.java:194)
	at com.kms.katalon.core.main.ScriptEngine.runScriptAsRawText(ScriptEngine.java:119)
	at com.kms.katalon.core.main.TestCaseExecutor.runScript(TestCaseExecutor.java:448)
	at com.kms.katalon.core.main.TestCaseExecutor.doExecute(TestCaseExecutor.java:439)
	at com.kms.katalon.core.main.TestCaseExecutor.processExecutionPhase(TestCaseExecutor.java:418)
	at com.kms.katalon.core.main.TestCaseExecutor.accessMainPhase(TestCaseExecutor.java:410)
	at com.kms.katalon.core.main.TestCaseExecutor.execute(TestCaseExecutor.java:285)
	at com.kms.katalon.core.common.CommonExecutor.accessTestCaseMainPhase(CommonExecutor.java:65)
	at com.kms.katalon.core.main.TestSuiteExecutor.accessTestSuiteMainPhase(TestSuiteExecutor.java:151)
	at com.kms.katalon.core.main.TestSuiteExecutor.execute(TestSuiteExecutor.java:106)
	at com.kms.katalon.core.main.TestCaseMain.startTestSuite(TestCaseMain.java:185)
	at com.kms.katalon.core.main.TestCaseMain$startTestSuite$0.call(Unknown Source)
	at TempTestSuite1678344058063.run(TempTestSuite1678344058063.groovy:36)
Caused by: com.kms.katalon.core.webui.exception.WebElementNotFoundException: Web element with id: 'Object Repository/EBP_Object/Page_Streetlogix/span_Word' located by '/html/body/div[6]/div[3]/div/div[2]/fieldset/div/label[2]/span[1]/span[1]/input[count(. | //*[(text() = 'Word' or . = 'Word')]) = count(//*[(text() = 'Word' or . = 'Word')])]' not found
	at com.kms.katalon.core.webui.common.WebUiCommonHelper.findWebElement(WebUiCommonHelper.java:1370)
	at com.kms.katalon.core.webui.keyword.internal.WebUIAbstractKeyword.findWebElement(WebUIAbstractKeyword.groovy:27)
	at com.kms.katalon.core.webui.keyword.builtin.ClickKeyword$_click_closure1.doCall(ClickKeyword.groovy:65)
	at com.kms.katalon.core.webui.keyword.builtin.ClickKeyword$_click_closure1.call(ClickKeyword.groovy)
	at com.kms.katalon.core.webui.keyword.internal.WebUIKeywordMain.runKeyword(WebUIKeywordMain.groovy:20)
	at com.kms.katalon.core.webui.keyword.builtin.ClickKeyword.click(ClickKeyword.groovy:74)
	at com.kms.katalon.core.webui.keyword.builtin.ClickKeyword.execute(ClickKeyword.groovy:40)
	at com.kms.katalon.core.keyword.internal.KeywordExecutor.executeKeywordForPlatform(KeywordExecutor.groovy:74)
	at com.kms.katalon.core.webui.keyword.WebUiBuiltInKeywords.click(WebUiBuiltInKeywords.groovy:620)
	at com.kms.katalon.core.webui.keyword.WebUiBuiltInKeywords$click$0.call(Unknown Source)
	at Script1677146475378.run(Script1677146475378.groovy:132)
	... 13 more
)
[[ATTACHMENT|/Users/kashif/git/Streetlogix_4.01/Reports/20230309_114057/GIS/20230309_114058/1678346043054.png]]

2023-03-09 12:14:03 - [TEST_STEP][FAILED] - click(findTestObject("Object Repository/EBP_Object/Page_Streetlogix/span_Export")): Unable to click on object 'Object Repository/EBP_Object/Page_Streetlogix/span_Export' (Root cause: com.kms.katalon.core.exception.StepFailedException: Unable to click on object 'Object Repository/EBP_Object/Page_Streetlogix/span_Export'
	at com.kms.katalon.core.webui.keyword.internal.WebUIKeywordMain.stepFailed(WebUIKeywordMain.groovy:64)
	at com.kms.katalon.core.webui.keyword.internal.WebUIKeywordMain.runKeyword(WebUIKeywordMain.groovy:26)
	at com.kms.katalon.core.webui.keyword.builtin.ClickKeyword.click(ClickKeyword.groovy:74)
	at com.kms.katalon.core.webui.keyword.builtin.ClickKeyword.execute(ClickKeyword.groovy:40)
	at com.kms.katalon.core.keyword.internal.KeywordExecutor.executeKeywordForPlatform(KeywordExecutor.groovy:74)
	at com.kms.katalon.core.webui.keyword.WebUiBuiltInKeywords.click(WebUiBuiltInKeywords.groovy:620)
	at com.kms.katalon.core.webui.keyword.WebUiBuiltInKeywords$click$0.call(Unknown Source)
	at Budget_Estimator_3year.run(Budget_Estimator_3year:134)
	at com.kms.katalon.core.main.ScriptEngine.run(ScriptEngine.java:194)
	at com.kms.katalon.core.main.ScriptEngine.runScriptAsRawText(ScriptEngine.java:119)
	at com.kms.katalon.core.main.TestCaseExecutor.runScript(TestCaseExecutor.java:448)
	at com.kms.katalon.core.main.TestCaseExecutor.doExecute(TestCaseExecutor.java:439)
	at com.kms.katalon.core.main.TestCaseExecutor.processExecutionPhase(TestCaseExecutor.java:418)
	at com.kms.katalon.core.main.TestCaseExecutor.accessMainPhase(TestCaseExecutor.java:410)
	at com.kms.katalon.core.main.TestCaseExecutor.execute(TestCaseExecutor.java:285)
	at com.kms.katalon.core.common.CommonExecutor.accessTestCaseMainPhase(CommonExecutor.java:65)
	at com.kms.katalon.core.main.TestSuiteExecutor.accessTestSuiteMainPhase(TestSuiteExecutor.java:151)
	at com.kms.katalon.core.main.TestSuiteExecutor.execute(TestSuiteExecutor.java:106)
	at com.kms.katalon.core.main.TestCaseMain.startTestSuite(TestCaseMain.java:185)
	at com.kms.katalon.core.main.TestCaseMain$startTestSuite$0.call(Unknown Source)
	at TempTestSuite1678344058063.run(TempTestSuite1678344058063.groovy:36)
Caused by: com.kms.katalon.core.webui.exception.WebElementNotFoundException: Web element with id: 'Object Repository/EBP_Object/Page_Streetlogix/span_Export' located by '(.//*[normalize-space(text()) and normalize-space(.)='Cancel'])[3]/following::span[2]' not found
	at com.kms.katalon.core.webui.common.WebUiCommonHelper.findWebElement(WebUiCommonHelper.java:1370)
	at com.kms.katalon.core.webui.keyword.internal.WebUIAbstractKeyword.findWebElement(WebUIAbstractKeyword.groovy:27)
	at com.kms.katalon.core.webui.keyword.builtin.ClickKeyword$_click_closure1.doCall(ClickKeyword.groovy:65)
	at com.kms.katalon.core.webui.keyword.builtin.ClickKeyword$_click_closure1.call(ClickKeyword.groovy)
	at com.kms.katalon.core.webui.keyword.internal.WebUIKeywordMain.runKeyword(WebUIKeywordMain.groovy:20)
	at com.kms.katalon.core.webui.keyword.builtin.ClickKeyword.click(ClickKeyword.groovy:74)
	at com.kms.katalon.core.webui.keyword.builtin.ClickKeyword.execute(ClickKeyword.groovy:40)
	at com.kms.katalon.core.keyword.internal.KeywordExecutor.executeKeywordForPlatform(KeywordExecutor.groovy:74)
	at com.kms.katalon.core.webui.keyword.WebUiBuiltInKeywords.click(WebUiBuiltInKeywords.groovy:620)
	at com.kms.katalon.core.webui.keyword.WebUiBuiltInKeywords$click$0.call(Unknown Source)
	at Script1677146475378.run(Script1677146475378.groovy:134)
	... 13 more
)

2023-03-09 12:14:34 - [MESSAGE][INFO] - Unable to find the element located by 'By.xpath: (.//*[normalize-space(text()) and normalize-space(.)='Cancel'])[3]/following::span[2]'. Please recheck the objects properties to make sure the desired element is located. 

2023-03-09 12:14:35 - [MESSAGE][FAILED] - Unable to click on object 'Object Repository/EBP_Object/Page_Streetlogix/span_Export' (Root cause: com.kms.katalon.core.exception.StepFailedException: Unable to click on object 'Object Repository/EBP_Object/Page_Streetlogix/span_Export'
	at com.kms.katalon.core.webui.keyword.internal.WebUIKeywordMain.stepFailed(WebUIKeywordMain.groovy:64)
	at com.kms.katalon.core.webui.keyword.internal.WebUIKeywordMain.runKeyword(WebUIKeywordMain.groovy:26)
	at com.kms.katalon.core.webui.keyword.builtin.ClickKeyword.click(ClickKeyword.groovy:74)
	at com.kms.katalon.core.webui.keyword.builtin.ClickKeyword.execute(ClickKeyword.groovy:40)
	at com.kms.katalon.core.keyword.internal.KeywordExecutor.executeKeywordForPlatform(KeywordExecutor.groovy:74)
	at com.kms.katalon.core.webui.keyword.WebUiBuiltInKeywords.click(WebUiBuiltInKeywords.groovy:620)
	at com.kms.katalon.core.webui.keyword.WebUiBuiltInKeywords$click$0.call(Unknown Source)
	at Budget_Estimator_3year.run(Budget_Estimator_3year:134)
	at com.kms.katalon.core.main.ScriptEngine.run(ScriptEngine.java:194)
	at com.kms.katalon.core.main.ScriptEngine.runScriptAsRawText(ScriptEngine.java:119)
	at com.kms.katalon.core.main.TestCaseExecutor.runScript(TestCaseExecutor.java:448)
	at com.kms.katalon.core.main.TestCaseExecutor.doExecute(TestCaseExecutor.java:439)
	at com.kms.katalon.core.main.TestCaseExecutor.processExecutionPhase(TestCaseExecutor.java:418)
	at com.kms.katalon.core.main.TestCaseExecutor.accessMainPhase(TestCaseExecutor.java:410)
	at com.kms.katalon.core.main.TestCaseExecutor.execute(TestCaseExecutor.java:285)
	at com.kms.katalon.core.common.CommonExecutor.accessTestCaseMainPhase(CommonExecutor.java:65)
	at com.kms.katalon.core.main.TestSuiteExecutor.accessTestSuiteMainPhase(TestSuiteExecutor.java:151)
	at com.kms.katalon.core.main.TestSuiteExecutor.execute(TestSuiteExecutor.java:106)
	at com.kms.katalon.core.main.TestCaseMain.startTestSuite(TestCaseMain.java:185)
	at com.kms.katalon.core.main.TestCaseMain$startTestSuite$0.call(Unknown Source)
	at TempTestSuite1678344058063.run(TempTestSuite1678344058063.groovy:36)
Caused by: com.kms.katalon.core.webui.exception.WebElementNotFoundException: Web element with id: 'Object Repository/EBP_Object/Page_Streetlogix/span_Export' located by '(.//*[normalize-space(text()) and normalize-space(.)='Cancel'])[3]/following::span[2]' not found
	at com.kms.katalon.core.webui.common.WebUiCommonHelper.findWebElement(WebUiCommonHelper.java:1370)
	at com.kms.katalon.core.webui.keyword.internal.WebUIAbstractKeyword.findWebElement(WebUIAbstractKeyword.groovy:27)
	at com.kms.katalon.core.webui.keyword.builtin.ClickKeyword$_click_closure1.doCall(ClickKeyword.groovy:65)
	at com.kms.katalon.core.webui.keyword.builtin.ClickKeyword$_click_closure1.call(ClickKeyword.groovy)
	at com.kms.katalon.core.webui.keyword.internal.WebUIKeywordMain.runKeyword(WebUIKeywordMain.groovy:20)
	at com.kms.katalon.core.webui.keyword.builtin.ClickKeyword.click(ClickKeyword.groovy:74)
	at com.kms.katalon.core.webui.keyword.builtin.ClickKeyword.execute(ClickKeyword.groovy:40)
	at com.kms.katalon.core.keyword.internal.KeywordExecutor.executeKeywordForPlatform(KeywordExecutor.groovy:74)
	at com.kms.katalon.core.webui.keyword.WebUiBuiltInKeywords.click(WebUiBuiltInKeywords.groovy:620)
	at com.kms.katalon.core.webui.keyword.WebUiBuiltInKeywords$click$0.call(Unknown Source)
	at Script1677146475378.run(Script1677146475378.groovy:134)
	... 13 more
)
[[ATTACHMENT|/Users/kashif/git/Streetlogix_4.01/Reports/20230309_114057/GIS/20230309_114058/1678346074799.png]]

2023-03-09 12:14:35 - [TEST_STEP][PASSED] - delay(20): Delayed 20 second(s)

2023-03-09 12:14:55 - [MESSAGE][PASSED] - Delayed 20 second(s)

2023-03-09 12:14:55 - [TEST_STEP][PASSED] - click(findTestObject("Object Repository/EBP_Object/Page_Streetlogix/span_Close")): Object: 'Object Repository/EBP_Object/Page_Streetlogix/span_Close' is clicked on

2023-03-09 12:14:55 - [MESSAGE][PASSED] - Object: 'Object Repository/EBP_Object/Page_Streetlogix/span_Close' is clicked on

2023-03-09 12:14:55 - [TEST_STEP][PASSED] - isFileDownloaded("Streetlogix-EST-3.pdf"): null

2023-03-09 12:14:55 - [TEST_STEP][PASSED] - downloadPath = "/Users/kashif/Downloads": null

2023-03-09 12:14:55 - [TEST_STEP][PASSED] - dir = new java.io.File(downloadPath): null

2023-03-09 12:14:55 - [TEST_STEP][PASSED] - files = dir.listFiles(): null

2023-03-09 12:14:55 - [TEST_STEP][PASSED] - for (File file : files): null

2023-03-09 12:14:55 - [TEST_STEP][PASSED] - if (getName().equals(fileName)): null

2023-03-09 12:14:55 - [TEST_STEP][PASSED] - if (getName().equals(fileName)): null

2023-03-09 12:14:55 - [TEST_STEP][PASSED] - if (getName().equals(fileName)): null

2023-03-09 12:14:55 - [TEST_STEP][PASSED] - if (getName().equals(fileName)): null

2023-03-09 12:14:55 - [TEST_STEP][PASSED] - if (getName().equals(fileName)): null

2023-03-09 12:14:55 - [TEST_STEP][PASSED] - if (getName().equals(fileName)): null

2023-03-09 12:14:55 - [TEST_STEP][PASSED] - if (getName().equals(fileName)): null

2023-03-09 12:14:55 - [TEST_STEP][PASSED] - if (getName().equals(fileName)): null

2023-03-09 12:14:55 - [TEST_STEP][PASSED] - if (getName().equals(fileName)): null

2023-03-09 12:14:55 - [TEST_STEP][PASSED] - if (getName().equals(fileName)): null

2023-03-09 12:14:55 - [TEST_STEP][PASSED] - if (getName().equals(fileName)): null

2023-03-09 12:14:55 - [TEST_STEP][PASSED] - if (getName().equals(fileName)): null

2023-03-09 12:14:55 - [TEST_STEP][PASSED] - if (getName().equals(fileName)): null

2023-03-09 12:14:55 - [TEST_STEP][PASSED] - if (getName().equals(fileName)): null

2023-03-09 12:14:55 - [TEST_STEP][PASSED] - if (getName().equals(fileName)): null

2023-03-09 12:14:55 - [TEST_STEP][PASSED] - if (getName().equals(fileName)): null

2023-03-09 12:14:55 - [TEST_STEP][PASSED] - if (getName().equals(fileName)): null

2023-03-09 12:14:55 - [TEST_STEP][PASSED] - if (getName().equals(fileName)): null

2023-03-09 12:14:55 - [TEST_STEP][PASSED] - if (getName().equals(fileName)): null

2023-03-09 12:14:55 - [TEST_STEP][PASSED] - if (getName().equals(fileName)): null

2023-03-09 12:14:55 - [TEST_STEP][PASSED] - if (getName().equals(fileName)): null

2023-03-09 12:14:55 - [TEST_STEP][PASSED] - if (getName().equals(fileName)): null

2023-03-09 12:14:55 - [TEST_STEP][PASSED] - if (getName().equals(fileName)): null

2023-03-09 12:14:55 - [TEST_STEP][PASSED] - if (getName().equals(fileName)): null

2023-03-09 12:14:55 - [TEST_STEP][PASSED] - if (getName().equals(fileName)): null

2023-03-09 12:14:55 - [TEST_STEP][PASSED] - if (getName().equals(fileName)): null

2023-03-09 12:14:55 - [TEST_STEP][PASSED] - if (getName().equals(fileName)): null

2023-03-09 12:14:55 - [TEST_STEP][PASSED] - if (getName().equals(fileName)): null

2023-03-09 12:14:55 - [TEST_STEP][PASSED] - if (getName().equals(fileName)): null

2023-03-09 12:14:55 - [TEST_STEP][PASSED] - if (getName().equals(fileName)): null

2023-03-09 12:14:55 - [TEST_STEP][PASSED] - if (getName().equals(fileName)): null

2023-03-09 12:14:55 - [TEST_STEP][PASSED] - if (getName().equals(fileName)): null

2023-03-09 12:14:55 - [TEST_STEP][PASSED] - if (getName().equals(fileName)): null

2023-03-09 12:14:55 - [TEST_STEP][PASSED] - if (getName().equals(fileName)): null

2023-03-09 12:14:55 - [TEST_STEP][PASSED] - if (getName().equals(fileName)): null

2023-03-09 12:14:55 - [TEST_STEP][PASSED] - if (getName().equals(fileName)): null

2023-03-09 12:14:55 - [TEST_STEP][PASSED] - markPassed("File " + fileName + " exists in " + downloadPath): File Streetlogix-EST-3.pdf exists in /Users/kashif/Downloads

2023-03-09 12:14:55 - [MESSAGE][PASSED] - File Streetlogix-EST-3.pdf exists in /Users/kashif/Downloads

2023-03-09 12:14:55 - [TEST_STEP][PASSED] - return true: null

2023-03-09 12:14:55 - [TEST_STEP][PASSED] - isFileDownloaded("Streetlogix-EST-3.docx"): null

2023-03-09 12:14:55 - [TEST_STEP][PASSED] - downloadPath = "/Users/kashif/Downloads": null

2023-03-09 12:14:55 - [TEST_STEP][PASSED] - dir = new java.io.File(downloadPath): null

2023-03-09 12:14:55 - [TEST_STEP][PASSED] - files = dir.listFiles(): null

2023-03-09 12:14:55 - [TEST_STEP][PASSED] - for (File file : files): null

2023-03-09 12:14:55 - [TEST_STEP][PASSED] - if (getName().equals(fileName)): null

2023-03-09 12:14:55 - [TEST_STEP][PASSED] - if (getName().equals(fileName)): null

2023-03-09 12:14:55 - [TEST_STEP][PASSED] - if (getName().equals(fileName)): null

2023-03-09 12:14:55 - [TEST_STEP][PASSED] - if (getName().equals(fileName)): null

2023-03-09 12:14:55 - [TEST_STEP][PASSED] - if (getName().equals(fileName)): null

2023-03-09 12:14:55 - [TEST_STEP][PASSED] - if (getName().equals(fileName)): null

2023-03-09 12:14:55 - [TEST_STEP][PASSED] - if (getName().equals(fileName)): null

2023-03-09 12:14:55 - [TEST_STEP][PASSED] - if (getName().equals(fileName)): null

2023-03-09 12:14:55 - [TEST_STEP][PASSED] - if (getName().equals(fileName)): null

2023-03-09 12:14:55 - [TEST_STEP][PASSED] - if (getName().equals(fileName)): null

2023-03-09 12:14:55 - [TEST_STEP][PASSED] - if (getName().equals(fileName)): null

2023-03-09 12:14:55 - [TEST_STEP][PASSED] - if (getName().equals(fileName)): null

2023-03-09 12:14:55 - [TEST_STEP][PASSED] - if (getName().equals(fileName)): null

2023-03-09 12:14:55 - [TEST_STEP][PASSED] - if (getName().equals(fileName)): null

2023-03-09 12:14:55 - [TEST_STEP][PASSED] - if (getName().equals(fileName)): null

2023-03-09 12:14:55 - [TEST_STEP][PASSED] - if (getName().equals(fileName)): null

2023-03-09 12:14:55 - [TEST_STEP][PASSED] - if (getName().equals(fileName)): null

2023-03-09 12:14:55 - [TEST_STEP][PASSED] - if (getName().equals(fileName)): null

2023-03-09 12:14:55 - [TEST_STEP][PASSED] - if (getName().equals(fileName)): null

2023-03-09 12:14:55 - [TEST_STEP][PASSED] - if (getName().equals(fileName)): null

2023-03-09 12:14:55 - [TEST_STEP][PASSED] - if (getName().equals(fileName)): null

2023-03-09 12:14:55 - [TEST_STEP][PASSED] - markPassed("File " + fileName + " exists in " + downloadPath): File Streetlogix-EST-3.docx exists in /Users/kashif/Downloads

2023-03-09 12:14:55 - [MESSAGE][PASSED] - File Streetlogix-EST-3.docx exists in /Users/kashif/Downloads

2023-03-09 12:14:55 - [TEST_STEP][PASSED] - return true: null

2023-03-09 12:14:55 - [TEST_STEP][PASSED] - closeBrowser(): Browser is closed

2023-03-09 12:14:56 - [MESSAGE][PASSED] - Browser is closed]]></system-out>
         <system-err><![CDATA[2023-03-09 12:11:12 - [TEST_CASE][FAILED] - Test Cases/GiS/Budget Estimator/Budget_Estimator_3year: Test Cases/GiS/Budget Estimator/Budget_Estimator_3year FAILED.
Reason:
com.kms.katalon.core.exception.StepFailedException: Unable to click on object 'Object Repository/EBP_Object/Page_Streetlogix/span_Report' (Root cause: com.kms.katalon.core.exception.StepFailedException: Unable to click on object 'Object Repository/EBP_Object/Page_Streetlogix/span_Report'
	at com.kms.katalon.core.webui.keyword.internal.WebUIKeywordMain.stepFailed(WebUIKeywordMain.groovy:64)
	at com.kms.katalon.core.webui.keyword.internal.WebUIKeywordMain.runKeyword(WebUIKeywordMain.groovy:26)
	at com.kms.katalon.core.webui.keyword.builtin.ClickKeyword.click(ClickKeyword.groovy:74)
	at com.kms.katalon.core.webui.keyword.builtin.ClickKeyword.execute(ClickKeyword.groovy:40)
	at com.kms.katalon.core.keyword.internal.KeywordExecutor.executeKeywordForPlatform(KeywordExecutor.groovy:74)
	at com.kms.katalon.core.webui.keyword.WebUiBuiltInKeywords.click(WebUiBuiltInKeywords.groovy:620)
	at com.kms.katalon.core.webui.keyword.WebUiBuiltInKeywords$click$0.call(Unknown Source)
	at Budget_Estimator_3year.run(Budget_Estimator_3year:130)
	at com.kms.katalon.core.main.ScriptEngine.run(ScriptEngine.java:194)
	at com.kms.katalon.core.main.ScriptEngine.runScriptAsRawText(ScriptEngine.java:119)
	at com.kms.katalon.core.main.TestCaseExecutor.runScript(TestCaseExecutor.java:448)
	at com.kms.katalon.core.main.TestCaseExecutor.doExecute(TestCaseExecutor.java:439)
	at com.kms.katalon.core.main.TestCaseExecutor.processExecutionPhase(TestCaseExecutor.java:418)
	at com.kms.katalon.core.main.TestCaseExecutor.accessMainPhase(TestCaseExecutor.java:410)
	at com.kms.katalon.core.main.TestCaseExecutor.execute(TestCaseExecutor.java:285)
	at com.kms.katalon.core.common.CommonExecutor.accessTestCaseMainPhase(CommonExecutor.java:65)
	at com.kms.katalon.core.main.TestSuiteExecutor.accessTestSuiteMainPhase(TestSuiteExecutor.java:151)
	at com.kms.katalon.core.main.TestSuiteExecutor.execute(TestSuiteExecutor.java:106)
	at com.kms.katalon.core.main.TestCaseMain.startTestSuite(TestCaseMain.java:185)
	at com.kms.katalon.core.main.TestCaseMain$startTestSuite$0.call(Unknown Source)
	at TempTestSuite1678344058063.run(TempTestSuite1678344058063.groovy:36)
Caused by: org.openqa.selenium.ElementClickInterceptedException: element click intercepted: Element <span class="MuiButton-label">...</span> is not clickable at point (230, 812). Other element would receive the click: <span class="">...</span>
  (Session info: chrome=110.0.5481.177)
Build info: version: '3.141.59', revision: 'e82be7d358', time: '2018-11-14T08:25:53'
System info: host: 'Kashifs-MacBook-Pro.local', ip: 'fe80:0:0:0:2a:e350:6cb0:c073%en0', os.name: 'Mac OS X', os.arch: 'x86_64', os.version: '10.16', java.version: '1.8.0_275'
Driver info: com.kms.katalon.selenium.driver.CChromeDriver
Capabilities {acceptInsecureCerts: false, browserName: chrome, browserVersion: 110.0.5481.177, chrome: {chromedriverVersion: 109.0.5414.74 (e7c5703604da..., userDataDir: /var/folders/d5/lp70b0s53sb...}, goog:chromeOptions: {debuggerAddress: localhost:56752}, javascriptEnabled: true, networkConnectionEnabled: false, pageLoadStrategy: normal, platform: MAC, platformName: MAC, proxy: Proxy(), setWindowRect: true, strictFileInteractability: false, timeouts: {implicit: 0, pageLoad: 300000, script: 30000}, unhandledPromptBehavior: dismiss and notify, webauthn:extension:credBlob: true, webauthn:extension:largeBlob: true, webauthn:virtualAuthenticators: true}
Session ID: 8cbf6677b997c9abc45437a421dcef97
	at org.openqa.selenium.remote.http.W3CHttpResponseCodec.createException(W3CHttpResponseCodec.java:187)
	at org.openqa.selenium.remote.http.W3CHttpResponseCodec.decode(W3CHttpResponseCodec.java:122)
	at org.openqa.selenium.remote.http.W3CHttpResponseCodec.decode(W3CHttpResponseCodec.java:49)
	at org.openqa.selenium.remote.HttpCommandExecutor.execute(HttpCommandExecutor.java:158)
	at org.openqa.selenium.remote.service.DriverCommandExecutor.execute(DriverCommandExecutor.java:83)
	at org.openqa.selenium.remote.RemoteWebDriver.execute(RemoteWebDriver.java:552)
	at com.kms.katalon.selenium.driver.CChromeDriver.execute(CChromeDriver.java:19)
	at org.openqa.selenium.remote.RemoteWebElement.execute(RemoteWebElement.java:285)
	at org.openqa.selenium.remote.RemoteWebElement.click(RemoteWebElement.java:84)
	at org.openqa.selenium.support.events.EventFiringWebDriver$EventFiringWebElement.lambda$new$0(EventFiringWebDriver.java:404)
	at com.sun.proxy.$Proxy11.click(Unknown Source)
	at org.openqa.selenium.support.events.EventFiringWebDriver$EventFiringWebElement.click(EventFiringWebDriver.java:417)
	at org.openqa.selenium.WebElement$click.call(Unknown Source)
	at com.kms.katalon.core.webui.keyword.builtin.ClickKeyword.clickUntilSuccessWithTimeout(ClickKeyword.groovy:81)
	at com.kms.katalon.core.webui.keyword.builtin.ClickKeyword.clickUntilSuccessWithTimeout(ClickKeyword.groovy)
	at com.kms.katalon.core.webui.keyword.builtin.ClickKeyword$_click_closure1.doCall(ClickKeyword.groovy:67)
	at com.kms.katalon.core.webui.keyword.builtin.ClickKeyword$_click_closure1.call(ClickKeyword.groovy)
	at com.kms.katalon.core.webui.keyword.internal.WebUIKeywordMain.runKeyword(WebUIKeywordMain.groovy:20)
	at com.kms.katalon.core.webui.keyword.builtin.ClickKeyword.click(ClickKeyword.groovy:74)
	at com.kms.katalon.core.webui.keyword.builtin.ClickKeyword.execute(ClickKeyword.groovy:40)
	at com.kms.katalon.core.keyword.internal.KeywordExecutor.executeKeywordForPlatform(KeywordExecutor.groovy:74)
	at com.kms.katalon.core.webui.keyword.WebUiBuiltInKeywords.click(WebUiBuiltInKeywords.groovy:620)
	at com.kms.katalon.core.webui.keyword.WebUiBuiltInKeywords$click$0.call(Unknown Source)
	at Script1677146475378.run(Script1677146475378.groovy:130)
	... 13 more
)
	at com.kms.katalon.core.keyword.internal.KeywordMain.stepFailed(KeywordMain.groovy:39)
	at com.kms.katalon.core.webui.keyword.internal.WebUIKeywordMain.stepFailed(WebUIKeywordMain.groovy:64)
	at com.kms.katalon.core.webui.keyword.internal.WebUIKeywordMain.runKeyword(WebUIKeywordMain.groovy:26)
	at com.kms.katalon.core.webui.keyword.builtin.ClickKeyword.click(ClickKeyword.groovy:74)
	at com.kms.katalon.core.webui.keyword.builtin.ClickKeyword.execute(ClickKeyword.groovy:40)
	at com.kms.katalon.core.keyword.internal.KeywordExecutor.executeKeywordForPlatform(KeywordExecutor.groovy:74)
	at com.kms.katalon.core.webui.keyword.WebUiBuiltInKeywords.click(WebUiBuiltInKeywords.groovy:620)
	at com.kms.katalon.core.webui.keyword.WebUiBuiltInKeywords$click$0.call(Unknown Source)
	at Budget_Estimator_3year.run(Budget_Estimator_3year:130)
	at com.kms.katalon.core.main.ScriptEngine.run(ScriptEngine.java:194)
	at com.kms.katalon.core.main.ScriptEngine.runScriptAsRawText(ScriptEngine.java:119)
	at com.kms.katalon.core.main.TestCaseExecutor.runScript(TestCaseExecutor.java:448)
	at com.kms.katalon.core.main.TestCaseExecutor.doExecute(TestCaseExecutor.java:439)
	at com.kms.katalon.core.main.TestCaseExecutor.processExecutionPhase(TestCaseExecutor.java:418)
	at com.kms.katalon.core.main.TestCaseExecutor.accessMainPhase(TestCaseExecutor.java:410)
	at com.kms.katalon.core.main.TestCaseExecutor.execute(TestCaseExecutor.java:285)
	at com.kms.katalon.core.common.CommonExecutor.accessTestCaseMainPhase(CommonExecutor.java:65)
	at com.kms.katalon.core.main.TestSuiteExecutor.accessTestSuiteMainPhase(TestSuiteExecutor.java:151)
	at com.kms.katalon.core.main.TestSuiteExecutor.execute(TestSuiteExecutor.java:106)
	at com.kms.katalon.core.main.TestCaseMain.startTestSuite(TestCaseMain.java:185)
	at com.kms.katalon.core.main.TestCaseMain$startTestSuite$0.call(Unknown Source)
	at TempTestSuite1678344058063.run(TempTestSuite1678344058063.groovy:36)
Caused by: com.kms.katalon.core.exception.StepFailedException: Unable to click on object 'Object Repository/EBP_Object/Page_Streetlogix/span_Report'
	... 21 more
Caused by: org.openqa.selenium.ElementClickInterceptedException: element click intercepted: Element <span class="MuiButton-label">...</span> is not clickable at point (230, 812). Other element would receive the click: <span class="">...</span>
  (Session info: chrome=110.0.5481.177)
Build info: version: '3.141.59', revision: 'e82be7d358', time: '2018-11-14T08:25:53'
System info: host: 'Kashifs-MacBook-Pro.local', ip: 'fe80:0:0:0:2a:e350:6cb0:c073%en0', os.name: 'Mac OS X', os.arch: 'x86_64', os.version: '10.16', java.version: '1.8.0_275'
Driver info: com.kms.katalon.selenium.driver.CChromeDriver
Capabilities {acceptInsecureCerts: false, browserName: chrome, browserVersion: 110.0.5481.177, chrome: {chromedriverVersion: 109.0.5414.74 (e7c5703604da..., userDataDir: /var/folders/d5/lp70b0s53sb...}, goog:chromeOptions: {debuggerAddress: localhost:56752}, javascriptEnabled: true, networkConnectionEnabled: false, pageLoadStrategy: normal, platform: MAC, platformName: MAC, proxy: Proxy(), setWindowRect: true, strictFileInteractability: false, timeouts: {implicit: 0, pageLoad: 300000, script: 30000}, unhandledPromptBehavior: dismiss and notify, webauthn:extension:credBlob: true, webauthn:extension:largeBlob: true, webauthn:virtualAuthenticators: true}
Session ID: 8cbf6677b997c9abc45437a421dcef97
	at org.openqa.selenium.remote.http.W3CHttpResponseCodec.createException(W3CHttpResponseCodec.java:187)
	at org.openqa.selenium.remote.http.W3CHttpResponseCodec.decode(W3CHttpResponseCodec.java:122)
	at org.openqa.selenium.remote.http.W3CHttpResponseCodec.decode(W3CHttpResponseCodec.java:49)
	at org.openqa.selenium.remote.HttpCommandExecutor.execute(HttpCommandExecutor.java:158)
	at org.openqa.selenium.remote.service.DriverCommandExecutor.execute(DriverCommandExecutor.java:83)
	at org.openqa.selenium.remote.RemoteWebDriver.execute(RemoteWebDriver.java:552)
	at com.kms.katalon.selenium.driver.CChromeDriver.execute(CChromeDriver.java:19)
	at org.openqa.selenium.remote.RemoteWebElement.execute(RemoteWebElement.java:285)
	at org.openqa.selenium.remote.RemoteWebElement.click(RemoteWebElement.java:84)
	at org.openqa.selenium.support.events.EventFiringWebDriver$EventFiringWebElement.lambda$new$0(EventFiringWebDriver.java:404)
	at com.sun.proxy.$Proxy11.click(Unknown Source)
	at org.openqa.selenium.support.events.EventFiringWebDriver$EventFiringWebElement.click(EventFiringWebDriver.java:417)
	at org.openqa.selenium.WebElement$click.call(Unknown Source)
	at com.kms.katalon.core.webui.keyword.builtin.ClickKeyword.clickUntilSuccessWithTimeout(ClickKeyword.groovy:81)
	at com.kms.katalon.core.webui.keyword.builtin.ClickKeyword.clickUntilSuccessWithTimeout(ClickKeyword.groovy)
	at com.kms.katalon.core.webui.keyword.builtin.ClickKeyword$_click_closure1.doCall(ClickKeyword.groovy:67)
	at com.kms.katalon.core.webui.keyword.builtin.ClickKeyword$_click_closure1.call(ClickKeyword.groovy)
	at com.kms.katalon.core.webui.keyword.internal.WebUIKeywordMain.runKeyword(WebUIKeywordMain.groovy:20)
	... 19 more]]></system-err>
      </testcase>
      <testcase name="Test Cases/GiS/Work order/Non Asset Attached WO/WO-Biweekly-NoAsset" time="56.714" classname="Test Cases/GiS/Work order/Non Asset Attached WO/WO-Biweekly-NoAsset" status="PASSED">
         <system-out><![CDATA[2023-03-09 12:14:56 - [TEST_CASE][PASSED] - Test Cases/GiS/Work order/Non Asset Attached WO/WO-Biweekly-NoAsset: Test Cases/GiS/Work order/Non Asset Attached WO/WO-Biweekly-NoAsset

2023-03-09 12:14:56 - [TEST_STEP][PASSED] - gis_url.test.URL.redirectURL(): gis_url.test.URL.redirectURL is PASSED

2023-03-09 12:14:56 - [MESSAGE][INFO] - Starting 'Chrome' driver

2023-03-09 12:14:56 - [MESSAGE][INFO] - Action delay is set to 0 milliseconds

2023-03-09 12:14:59 - [MESSAGE][PASSED] - Browser is opened with url: 'https://streetlogix-gis-slx4-develop.vercel.app/?config=64077fc938af4bcc9a46a81d8f4e5576&token=eyJhbGciOiJIUzI1NiIsInR5cCI6IkpXVCJ9.eyJpZCI6OTc2LCJuYW1lIjoiU29oYWliIE5laGFsIiwiZXhwIjoxNjgwNjgwOTg3LCJpYXQiOjE2NzgwODg5ODd9.hALLa1SO64ZYI--CeYjMno4uFOCwR9lK0Lzo7eCUaPk'

2023-03-09 12:14:59 - [MESSAGE][PASSED] - gis_url.test.URL.redirectURL is PASSED

2023-03-09 12:14:59 - [TEST_STEP][PASSED] - countBefore = database_keywords.test.Database_Keywords.getWorkOrdersCount(): database_keywords.test.Database_Keywords.getWorkOrdersCount is PASSED

2023-03-09 12:15:06 - [MESSAGE][PASSED] - database_keywords.test.Database_Keywords.getWorkOrdersCount is PASSED

2023-03-09 12:15:06 - [TEST_STEP][PASSED] - println(countBefore): null

2023-03-09 12:15:06 - [TEST_STEP][PASSED] - click(findTestObject("Work order 4.0/Page_Streetlogix/Workorder page objects/Page_Streetlogix/WO icon")): Object: 'Object Repository/Work order 4.0/Page_Streetlogix/Workorder page objects/Page_Streetlogix/WO icon' is clicked on

2023-03-09 12:15:07 - [MESSAGE][PASSED] - Object: 'Object Repository/Work order 4.0/Page_Streetlogix/Workorder page objects/Page_Streetlogix/WO icon' is clicked on

2023-03-09 12:15:07 - [TEST_STEP][PASSED] - click(findTestObject("Work order 4.0/Page_Streetlogix/Workorder page objects/Page_Streetlogix/Group Dropdown")): Object: 'Object Repository/Work order 4.0/Page_Streetlogix/Workorder page objects/Page_Streetlogix/Group Dropdown' is clicked on

2023-03-09 12:15:08 - [MESSAGE][PASSED] - Object: 'Object Repository/Work order 4.0/Page_Streetlogix/Workorder page objects/Page_Streetlogix/Group Dropdown' is clicked on

2023-03-09 12:15:08 - [TEST_STEP][PASSED] - click(findTestObject("Work order 4.0/Page_Streetlogix/Workorder page objects/Page_Streetlogix/li_Bridge Inspection")): Object: 'Object Repository/Work order 4.0/Page_Streetlogix/Workorder page objects/Page_Streetlogix/li_Bridge Inspection' is clicked on

2023-03-09 12:15:09 - [MESSAGE][PASSED] - Object: 'Object Repository/Work order 4.0/Page_Streetlogix/Workorder page objects/Page_Streetlogix/li_Bridge Inspection' is clicked on

2023-03-09 12:15:09 - [TEST_STEP][PASSED] - setText(findTestObject("Work order 4.0/Page_Streetlogix/Workorder page objects/Page_Streetlogix/input_Filter by form name_standard-full-width"), "No Asset form"): Text 'No Asset form' is set on object 'Object Repository/Work order 4.0/Page_Streetlogix/Workorder page objects/Page_Streetlogix/input_Filter by form name_standard-full-width'

2023-03-09 12:15:10 - [MESSAGE][PASSED] - Text 'No Asset form' is set on object 'Object Repository/Work order 4.0/Page_Streetlogix/Workorder page objects/Page_Streetlogix/input_Filter by form name_standard-full-width'

2023-03-09 12:15:10 - [TEST_STEP][PASSED] - click(findTestObject("Work order 4.0/Page_Streetlogix/Workorder page objects/Page_Streetlogix/Page_Streetlogix/Page_Streetlogix/Page_Streetlogix/span_No Asset form")): Object: 'Object Repository/Work order 4.0/Page_Streetlogix/Workorder page objects/Page_Streetlogix/Page_Streetlogix/Page_Streetlogix/Page_Streetlogix/span_No Asset form' is clicked on

2023-03-09 12:15:11 - [MESSAGE][PASSED] - Object: 'Object Repository/Work order 4.0/Page_Streetlogix/Workorder page objects/Page_Streetlogix/Page_Streetlogix/Page_Streetlogix/Page_Streetlogix/span_No Asset form' is clicked on

2023-03-09 12:15:11 - [TEST_STEP][PASSED] - click(findTestObject("Work order 4.0/Page_Streetlogix/Workorder page objects/Page_Streetlogix/input_Select Assignee_assignee-autocomplete")): Object: 'Object Repository/Work order 4.0/Page_Streetlogix/Workorder page objects/Page_Streetlogix/input_Select Assignee_assignee-autocomplete' is clicked on

2023-03-09 12:15:12 - [MESSAGE][PASSED] - Object: 'Object Repository/Work order 4.0/Page_Streetlogix/Workorder page objects/Page_Streetlogix/input_Select Assignee_assignee-autocomplete' is clicked on

2023-03-09 12:15:12 - [TEST_STEP][PASSED] - click(findTestObject("Work order 4.0/Page_Streetlogix/Workorder page objects/Page_Streetlogix/span_ami  admin")): Object: 'Object Repository/Work order 4.0/Page_Streetlogix/Workorder page objects/Page_Streetlogix/span_ami  admin' is clicked on

2023-03-09 12:15:13 - [MESSAGE][PASSED] - Object: 'Object Repository/Work order 4.0/Page_Streetlogix/Workorder page objects/Page_Streetlogix/span_ami  admin' is clicked on

2023-03-09 12:15:13 - [TEST_STEP][PASSED] - click(findTestObject("Work order 4.0/Page_Streetlogix/Workorder page objects/Page_Streetlogix/input_Collaborators_collaborators-autocomplete")): Object: 'Object Repository/Work order 4.0/Page_Streetlogix/Workorder page objects/Page_Streetlogix/input_Collaborators_collaborators-autocomplete' is clicked on

2023-03-09 12:15:14 - [MESSAGE][PASSED] - Object: 'Object Repository/Work order 4.0/Page_Streetlogix/Workorder page objects/Page_Streetlogix/input_Collaborators_collaborators-autocomplete' is clicked on

2023-03-09 12:15:14 - [TEST_STEP][PASSED] - click(findTestObject("Work order 4.0/Page_Streetlogix/Workorder page objects/Page_Streetlogix/span_ami  admin")): Object: 'Object Repository/Work order 4.0/Page_Streetlogix/Workorder page objects/Page_Streetlogix/span_ami  admin' is clicked on

2023-03-09 12:15:14 - [MESSAGE][PASSED] - Object: 'Object Repository/Work order 4.0/Page_Streetlogix/Workorder page objects/Page_Streetlogix/span_ami  admin' is clicked on

2023-03-09 12:15:14 - [TEST_STEP][PASSED] - click(findTestObject("Work order 4.0/Page_Streetlogix/Workorder page objects/Page_Streetlogix/h6_Bridge Maintenance")): Object: 'Object Repository/Work order 4.0/Page_Streetlogix/Workorder page objects/Page_Streetlogix/h6_Bridge Maintenance' is clicked on

2023-03-09 12:15:15 - [MESSAGE][PASSED] - Object: 'Object Repository/Work order 4.0/Page_Streetlogix/Workorder page objects/Page_Streetlogix/h6_Bridge Maintenance' is clicked on

2023-03-09 12:15:15 - [TEST_STEP][PASSED] - setText(findTestObject("Work order 4.0/Page_Streetlogix/Workorder page objects/Page_Streetlogix/Page_Streetlogix/Page_Streetlogix/input_Address_asset-id-address"), "12 vim"): Text '12 vim' is set on object 'Object Repository/Work order 4.0/Page_Streetlogix/Workorder page objects/Page_Streetlogix/Page_Streetlogix/Page_Streetlogix/input_Address_asset-id-address'

2023-03-09 12:15:16 - [MESSAGE][PASSED] - Text '12 vim' is set on object 'Object Repository/Work order 4.0/Page_Streetlogix/Workorder page objects/Page_Streetlogix/Page_Streetlogix/Page_Streetlogix/input_Address_asset-id-address'

2023-03-09 12:15:16 - [TEST_STEP][PASSED] - click(findTestObject("Work order 4.0/Page_Streetlogix/Workorder page objects/Page_Streetlogix/Page_Streetlogix/Page_Streetlogix/Page_Streetlogix/span_Vim Dr, Louisville, Kentucky, 40213")): Object: 'Object Repository/Work order 4.0/Page_Streetlogix/Workorder page objects/Page_Streetlogix/Page_Streetlogix/Page_Streetlogix/Page_Streetlogix/span_Vim Dr, Louisville, Kentucky, 40213' is clicked on

2023-03-09 12:15:18 - [MESSAGE][PASSED] - Object: 'Object Repository/Work order 4.0/Page_Streetlogix/Workorder page objects/Page_Streetlogix/Page_Streetlogix/Page_Streetlogix/Page_Streetlogix/span_Vim Dr, Louisville, Kentucky, 40213' is clicked on

2023-03-09 12:15:18 - [TEST_STEP][PASSED] - setText(findTestObject("Work order 4.0/Page_Streetlogix/Workorder page objects/Page_Streetlogix/textarea_Test"), "Test"): Text 'Test' is set on object 'Object Repository/Work order 4.0/Page_Streetlogix/Workorder page objects/Page_Streetlogix/textarea_Test'

2023-03-09 12:15:19 - [MESSAGE][PASSED] - Text 'Test' is set on object 'Object Repository/Work order 4.0/Page_Streetlogix/Workorder page objects/Page_Streetlogix/textarea_Test'

2023-03-09 12:15:19 - [TEST_STEP][PASSED] - click(findTestObject("Work order 4.0/Page_Streetlogix/Workorder page objects/Page_Streetlogix/Page_Streetlogix/Page_Streetlogix/div_Urgent")): Object: 'Object Repository/Work order 4.0/Page_Streetlogix/Workorder page objects/Page_Streetlogix/Page_Streetlogix/Page_Streetlogix/div_Urgent' is clicked on

2023-03-09 12:15:20 - [MESSAGE][PASSED] - Object: 'Object Repository/Work order 4.0/Page_Streetlogix/Workorder page objects/Page_Streetlogix/Page_Streetlogix/Page_Streetlogix/div_Urgent' is clicked on

2023-03-09 12:15:20 - [TEST_STEP][PASSED] - click(findTestObject("Work order 4.0/Page_Streetlogix/Workorder page objects/Page_Streetlogix/li_High")): Object: 'Object Repository/Work order 4.0/Page_Streetlogix/Workorder page objects/Page_Streetlogix/li_High' is clicked on

2023-03-09 12:15:20 - [MESSAGE][PASSED] - Object: 'Object Repository/Work order 4.0/Page_Streetlogix/Workorder page objects/Page_Streetlogix/li_High' is clicked on

2023-03-09 12:15:20 - [TEST_STEP][PASSED] - click(findTestObject("Work order 4.0/Page_Streetlogix/Workorder page objects/Page_Streetlogix/input_Upload_repeatingWorkOrder")): Object: 'Object Repository/Work order 4.0/Page_Streetlogix/Workorder page objects/Page_Streetlogix/input_Upload_repeatingWorkOrder' is clicked on

2023-03-09 12:15:22 - [MESSAGE][PASSED] - Object: 'Object Repository/Work order 4.0/Page_Streetlogix/Workorder page objects/Page_Streetlogix/input_Upload_repeatingWorkOrder' is clicked on

2023-03-09 12:15:22 - [TEST_STEP][PASSED] - click(findTestObject("Work order 4.0/Page_Streetlogix/Workorder page objects/Page_Streetlogix/div_Daily")): Object: 'Object Repository/Work order 4.0/Page_Streetlogix/Workorder page objects/Page_Streetlogix/div_Daily' is clicked on

2023-03-09 12:15:22 - [MESSAGE][PASSED] - Object: 'Object Repository/Work order 4.0/Page_Streetlogix/Workorder page objects/Page_Streetlogix/div_Daily' is clicked on

2023-03-09 12:15:22 - [TEST_STEP][PASSED] - click(findTestObject("Work order 4.0/Page_Streetlogix/Workorder page objects/Page_Streetlogix/li_Biweekly")): Object: 'Object Repository/Work order 4.0/Page_Streetlogix/Workorder page objects/Page_Streetlogix/li_Biweekly' is clicked on

2023-03-09 12:15:23 - [MESSAGE][PASSED] - Object: 'Object Repository/Work order 4.0/Page_Streetlogix/Workorder page objects/Page_Streetlogix/li_Biweekly' is clicked on

2023-03-09 12:15:23 - [TEST_STEP][PASSED] - click(findTestObject("Work order 4.0/Page_Streetlogix/Workorder page objects/Page_Streetlogix/input_Statement Field Test_equipment")): Object: 'Object Repository/Work order 4.0/Page_Streetlogix/Workorder page objects/Page_Streetlogix/input_Statement Field Test_equipment' is clicked on

2023-03-09 12:15:24 - [MESSAGE][PASSED] - Object: 'Object Repository/Work order 4.0/Page_Streetlogix/Workorder page objects/Page_Streetlogix/input_Statement Field Test_equipment' is clicked on

2023-03-09 12:15:24 - [TEST_STEP][PASSED] - delay(3): Delayed 3 second(s)

2023-03-09 12:15:27 - [MESSAGE][PASSED] - Delayed 3 second(s)

2023-03-09 12:15:27 - [TEST_STEP][PASSED] - click(findTestObject("Work order 4.0/Page_Streetlogix/Workorder page objects/Page_Streetlogix/Page_Streetlogix/Page_Streetlogix/Page_Streetlogix/div_equip")): Object: 'Object Repository/Work order 4.0/Page_Streetlogix/Workorder page objects/Page_Streetlogix/Page_Streetlogix/Page_Streetlogix/Page_Streetlogix/div_equip' is clicked on

2023-03-09 12:15:27 - [MESSAGE][PASSED] - Object: 'Object Repository/Work order 4.0/Page_Streetlogix/Workorder page objects/Page_Streetlogix/Page_Streetlogix/Page_Streetlogix/Page_Streetlogix/div_equip' is clicked on

2023-03-09 12:15:27 - [TEST_STEP][PASSED] - click(findTestObject("Work order 4.0/Page_Streetlogix/Workorder page objects/Page_Streetlogix/li_Snow Plow - 15")): Object: 'Object Repository/Work order 4.0/Page_Streetlogix/Workorder page objects/Page_Streetlogix/li_Snow Plow - 15' is clicked on

2023-03-09 12:15:28 - [MESSAGE][PASSED] - Object: 'Object Repository/Work order 4.0/Page_Streetlogix/Workorder page objects/Page_Streetlogix/li_Snow Plow - 15' is clicked on

2023-03-09 12:15:28 - [TEST_STEP][PASSED] - click(findTestObject("Work order 4.0/Page_Streetlogix/Workorder page objects/Page_Streetlogix/input_Add Item_material")): Object: 'Object Repository/Work order 4.0/Page_Streetlogix/Workorder page objects/Page_Streetlogix/input_Add Item_material' is clicked on

2023-03-09 12:15:29 - [MESSAGE][PASSED] - Object: 'Object Repository/Work order 4.0/Page_Streetlogix/Workorder page objects/Page_Streetlogix/input_Add Item_material' is clicked on

2023-03-09 12:15:29 - [TEST_STEP][PASSED] - delay(3): Delayed 3 second(s)

2023-03-09 12:15:32 - [MESSAGE][PASSED] - Delayed 3 second(s)

2023-03-09 12:15:32 - [TEST_STEP][PASSED] - click(findTestObject("Work order 4.0/Page_Streetlogix/Workorder page objects/Page_Streetlogix/Page_Streetlogix/Page_Streetlogix/Page_Streetlogix/div_material")): Object: 'Object Repository/Work order 4.0/Page_Streetlogix/Workorder page objects/Page_Streetlogix/Page_Streetlogix/Page_Streetlogix/Page_Streetlogix/div_material' is clicked on

2023-03-09 12:15:32 - [MESSAGE][PASSED] - Object: 'Object Repository/Work order 4.0/Page_Streetlogix/Workorder page objects/Page_Streetlogix/Page_Streetlogix/Page_Streetlogix/Page_Streetlogix/div_material' is clicked on

2023-03-09 12:15:32 - [TEST_STEP][PASSED] - click(findTestObject("Work order 4.0/Page_Streetlogix/Workorder page objects/Page_Streetlogix/li_Asphalt - 22")): Object: 'Object Repository/Work order 4.0/Page_Streetlogix/Workorder page objects/Page_Streetlogix/li_Asphalt - 22' is clicked on

2023-03-09 12:15:33 - [MESSAGE][PASSED] - Object: 'Object Repository/Work order 4.0/Page_Streetlogix/Workorder page objects/Page_Streetlogix/li_Asphalt - 22' is clicked on

2023-03-09 12:15:33 - [TEST_STEP][PASSED] - click(findTestObject("Work order 4.0/Page_Streetlogix/Workorder page objects/Page_Streetlogix/input_Add Item_labor")): Object: 'Object Repository/Work order 4.0/Page_Streetlogix/Workorder page objects/Page_Streetlogix/input_Add Item_labor' is clicked on

2023-03-09 12:15:33 - [MESSAGE][PASSED] - Object: 'Object Repository/Work order 4.0/Page_Streetlogix/Workorder page objects/Page_Streetlogix/input_Add Item_labor' is clicked on

2023-03-09 12:15:33 - [TEST_STEP][PASSED] - delay(3): Delayed 3 second(s)

2023-03-09 12:15:36 - [MESSAGE][PASSED] - Delayed 3 second(s)

2023-03-09 12:15:36 - [TEST_STEP][PASSED] - click(findTestObject("Work order 4.0/Page_Streetlogix/Workorder page objects/Page_Streetlogix/Page_Streetlogix/Page_Streetlogix/Page_Streetlogix/div_labor")): Object: 'Object Repository/Work order 4.0/Page_Streetlogix/Workorder page objects/Page_Streetlogix/Page_Streetlogix/Page_Streetlogix/Page_Streetlogix/div_labor' is clicked on

2023-03-09 12:15:37 - [MESSAGE][PASSED] - Object: 'Object Repository/Work order 4.0/Page_Streetlogix/Workorder page objects/Page_Streetlogix/Page_Streetlogix/Page_Streetlogix/Page_Streetlogix/div_labor' is clicked on

2023-03-09 12:15:37 - [TEST_STEP][PASSED] - click(findTestObject("Work order 4.0/Page_Streetlogix/Workorder page objects/Page_Streetlogix/li_Supervisor - 30")): Object: 'Object Repository/Work order 4.0/Page_Streetlogix/Workorder page objects/Page_Streetlogix/li_Supervisor - 30' is clicked on

2023-03-09 12:15:38 - [MESSAGE][PASSED] - Object: 'Object Repository/Work order 4.0/Page_Streetlogix/Workorder page objects/Page_Streetlogix/li_Supervisor - 30' is clicked on

2023-03-09 12:15:38 - [TEST_STEP][PASSED] - click(findTestObject("Work order 4.0/Page_Streetlogix/Workorder page objects/Page_Streetlogix/span_Add Item")): Object: 'Object Repository/Work order 4.0/Page_Streetlogix/Workorder page objects/Page_Streetlogix/span_Add Item' is clicked on

2023-03-09 12:15:38 - [MESSAGE][PASSED] - Object: 'Object Repository/Work order 4.0/Page_Streetlogix/Workorder page objects/Page_Streetlogix/span_Add Item' is clicked on

2023-03-09 12:15:38 - [TEST_STEP][PASSED] - click(findTestObject("Work order 4.0/Page_Streetlogix/Workorder page objects/Page_Streetlogix/span_Save")): Object: 'Object Repository/Work order 4.0/Page_Streetlogix/Workorder page objects/Page_Streetlogix/span_Save' is clicked on

2023-03-09 12:15:39 - [MESSAGE][PASSED] - Object: 'Object Repository/Work order 4.0/Page_Streetlogix/Workorder page objects/Page_Streetlogix/span_Save' is clicked on

2023-03-09 12:15:39 - [TEST_STEP][PASSED] - countAfter = database_keywords.test.Database_Keywords.getWorkOrdersCount(): database_keywords.test.Database_Keywords.getWorkOrdersCount is PASSED

2023-03-09 12:15:52 - [MESSAGE][PASSED] - database_keywords.test.Database_Keywords.getWorkOrdersCount is PASSED

2023-03-09 12:15:52 - [TEST_STEP][PASSED] - println(countAfter): null

2023-03-09 12:15:52 - [TEST_STEP][PASSED] - if (countAfter == countBefore + 1): null

2023-03-09 12:15:52 - [TEST_STEP][PASSED] - println("Work Order Created"): null

2023-03-09 12:15:52 - [TEST_STEP][PASSED] - closeBrowser(): Browser is closed

2023-03-09 12:15:52 - [MESSAGE][PASSED] - Browser is closed]]></system-out>
         <system-err><![CDATA[]]></system-err>
      </testcase>
      <testcase name="Test Cases/GiS/Work order/Non Asset Attached WO/WO-Yearly-NoAsset" time="55.019" classname="Test Cases/GiS/Work order/Non Asset Attached WO/WO-Yearly-NoAsset" status="PASSED">
         <system-out><![CDATA[2023-03-09 12:15:52 - [TEST_CASE][PASSED] - Test Cases/GiS/Work order/Non Asset Attached WO/WO-Yearly-NoAsset: Test Cases/GiS/Work order/Non Asset Attached WO/WO-Yearly-NoAsset

2023-03-09 12:15:52 - [TEST_STEP][PASSED] - gis_url.test.URL.redirectURL(): gis_url.test.URL.redirectURL is PASSED

2023-03-09 12:15:52 - [MESSAGE][INFO] - Starting 'Chrome' driver

2023-03-09 12:15:52 - [MESSAGE][INFO] - Action delay is set to 0 milliseconds

2023-03-09 12:15:56 - [MESSAGE][PASSED] - Browser is opened with url: 'https://streetlogix-gis-slx4-develop.vercel.app/?config=64077fc938af4bcc9a46a81d8f4e5576&token=eyJhbGciOiJIUzI1NiIsInR5cCI6IkpXVCJ9.eyJpZCI6OTc2LCJuYW1lIjoiU29oYWliIE5laGFsIiwiZXhwIjoxNjgwNjgwOTg3LCJpYXQiOjE2NzgwODg5ODd9.hALLa1SO64ZYI--CeYjMno4uFOCwR9lK0Lzo7eCUaPk'

2023-03-09 12:15:56 - [MESSAGE][PASSED] - gis_url.test.URL.redirectURL is PASSED

2023-03-09 12:15:56 - [TEST_STEP][PASSED] - countBefore = database_keywords.test.Database_Keywords.getWorkOrdersCount(): database_keywords.test.Database_Keywords.getWorkOrdersCount is PASSED

2023-03-09 12:16:02 - [MESSAGE][PASSED] - database_keywords.test.Database_Keywords.getWorkOrdersCount is PASSED

2023-03-09 12:16:02 - [TEST_STEP][PASSED] - println(countBefore): null

2023-03-09 12:16:02 - [TEST_STEP][PASSED] - click(findTestObject("Work order 4.0/Page_Streetlogix/Workorder page objects/Page_Streetlogix/WO icon")): Object: 'Object Repository/Work order 4.0/Page_Streetlogix/Workorder page objects/Page_Streetlogix/WO icon' is clicked on

2023-03-09 12:16:03 - [MESSAGE][PASSED] - Object: 'Object Repository/Work order 4.0/Page_Streetlogix/Workorder page objects/Page_Streetlogix/WO icon' is clicked on

2023-03-09 12:16:03 - [TEST_STEP][PASSED] - click(findTestObject("Work order 4.0/Page_Streetlogix/Workorder page objects/Page_Streetlogix/Group Dropdown")): Object: 'Object Repository/Work order 4.0/Page_Streetlogix/Workorder page objects/Page_Streetlogix/Group Dropdown' is clicked on

2023-03-09 12:16:04 - [MESSAGE][PASSED] - Object: 'Object Repository/Work order 4.0/Page_Streetlogix/Workorder page objects/Page_Streetlogix/Group Dropdown' is clicked on

2023-03-09 12:16:04 - [TEST_STEP][PASSED] - click(findTestObject("Work order 4.0/Page_Streetlogix/Workorder page objects/Page_Streetlogix/li_Bridge Inspection")): Object: 'Object Repository/Work order 4.0/Page_Streetlogix/Workorder page objects/Page_Streetlogix/li_Bridge Inspection' is clicked on

2023-03-09 12:16:04 - [MESSAGE][PASSED] - Object: 'Object Repository/Work order 4.0/Page_Streetlogix/Workorder page objects/Page_Streetlogix/li_Bridge Inspection' is clicked on

2023-03-09 12:16:04 - [TEST_STEP][PASSED] - setText(findTestObject("Work order 4.0/Page_Streetlogix/Workorder page objects/Page_Streetlogix/input_Filter by form name_standard-full-width"), "No Asset form"): Text 'No Asset form' is set on object 'Object Repository/Work order 4.0/Page_Streetlogix/Workorder page objects/Page_Streetlogix/input_Filter by form name_standard-full-width'

2023-03-09 12:16:06 - [MESSAGE][PASSED] - Text 'No Asset form' is set on object 'Object Repository/Work order 4.0/Page_Streetlogix/Workorder page objects/Page_Streetlogix/input_Filter by form name_standard-full-width'

2023-03-09 12:16:06 - [TEST_STEP][PASSED] - click(findTestObject("Work order 4.0/Page_Streetlogix/Workorder page objects/Page_Streetlogix/Page_Streetlogix/Page_Streetlogix/Page_Streetlogix/span_No Asset form")): Object: 'Object Repository/Work order 4.0/Page_Streetlogix/Workorder page objects/Page_Streetlogix/Page_Streetlogix/Page_Streetlogix/Page_Streetlogix/span_No Asset form' is clicked on

2023-03-09 12:16:06 - [MESSAGE][PASSED] - Object: 'Object Repository/Work order 4.0/Page_Streetlogix/Workorder page objects/Page_Streetlogix/Page_Streetlogix/Page_Streetlogix/Page_Streetlogix/span_No Asset form' is clicked on

2023-03-09 12:16:06 - [TEST_STEP][PASSED] - click(findTestObject("Work order 4.0/Page_Streetlogix/Workorder page objects/Page_Streetlogix/input_Select Assignee_assignee-autocomplete")): Object: 'Object Repository/Work order 4.0/Page_Streetlogix/Workorder page objects/Page_Streetlogix/input_Select Assignee_assignee-autocomplete' is clicked on

2023-03-09 12:16:17 - [MESSAGE][PASSED] - Object: 'Object Repository/Work order 4.0/Page_Streetlogix/Workorder page objects/Page_Streetlogix/input_Select Assignee_assignee-autocomplete' is clicked on

2023-03-09 12:16:17 - [TEST_STEP][PASSED] - click(findTestObject("Work order 4.0/Page_Streetlogix/Workorder page objects/Page_Streetlogix/span_ami  admin")): Object: 'Object Repository/Work order 4.0/Page_Streetlogix/Workorder page objects/Page_Streetlogix/span_ami  admin' is clicked on

2023-03-09 12:16:17 - [MESSAGE][PASSED] - Object: 'Object Repository/Work order 4.0/Page_Streetlogix/Workorder page objects/Page_Streetlogix/span_ami  admin' is clicked on

2023-03-09 12:16:17 - [TEST_STEP][PASSED] - click(findTestObject("Work order 4.0/Page_Streetlogix/Workorder page objects/Page_Streetlogix/input_Collaborators_collaborators-autocomplete")): Object: 'Object Repository/Work order 4.0/Page_Streetlogix/Workorder page objects/Page_Streetlogix/input_Collaborators_collaborators-autocomplete' is clicked on

2023-03-09 12:16:18 - [MESSAGE][PASSED] - Object: 'Object Repository/Work order 4.0/Page_Streetlogix/Workorder page objects/Page_Streetlogix/input_Collaborators_collaborators-autocomplete' is clicked on

2023-03-09 12:16:18 - [TEST_STEP][PASSED] - click(findTestObject("Work order 4.0/Page_Streetlogix/Workorder page objects/Page_Streetlogix/span_ami  admin")): Object: 'Object Repository/Work order 4.0/Page_Streetlogix/Workorder page objects/Page_Streetlogix/span_ami  admin' is clicked on

2023-03-09 12:16:18 - [MESSAGE][PASSED] - Object: 'Object Repository/Work order 4.0/Page_Streetlogix/Workorder page objects/Page_Streetlogix/span_ami  admin' is clicked on

2023-03-09 12:16:18 - [TEST_STEP][PASSED] - click(findTestObject("Work order 4.0/Page_Streetlogix/Workorder page objects/Page_Streetlogix/h6_Bridge Maintenance")): Object: 'Object Repository/Work order 4.0/Page_Streetlogix/Workorder page objects/Page_Streetlogix/h6_Bridge Maintenance' is clicked on

2023-03-09 12:16:19 - [MESSAGE][PASSED] - Object: 'Object Repository/Work order 4.0/Page_Streetlogix/Workorder page objects/Page_Streetlogix/h6_Bridge Maintenance' is clicked on

2023-03-09 12:16:19 - [TEST_STEP][PASSED] - setText(findTestObject("Work order 4.0/Page_Streetlogix/Workorder page objects/Page_Streetlogix/Page_Streetlogix/Page_Streetlogix/input_Address_asset-id-address"), "12 vim"): Text '12 vim' is set on object 'Object Repository/Work order 4.0/Page_Streetlogix/Workorder page objects/Page_Streetlogix/Page_Streetlogix/Page_Streetlogix/input_Address_asset-id-address'

2023-03-09 12:16:20 - [MESSAGE][PASSED] - Text '12 vim' is set on object 'Object Repository/Work order 4.0/Page_Streetlogix/Workorder page objects/Page_Streetlogix/Page_Streetlogix/Page_Streetlogix/input_Address_asset-id-address'

2023-03-09 12:16:20 - [TEST_STEP][PASSED] - click(findTestObject("Work order 4.0/Page_Streetlogix/Workorder page objects/Page_Streetlogix/Page_Streetlogix/Page_Streetlogix/Page_Streetlogix/span_Vim Dr, Louisville, Kentucky, 40213")): Object: 'Object Repository/Work order 4.0/Page_Streetlogix/Workorder page objects/Page_Streetlogix/Page_Streetlogix/Page_Streetlogix/Page_Streetlogix/span_Vim Dr, Louisville, Kentucky, 40213' is clicked on

2023-03-09 12:16:22 - [MESSAGE][PASSED] - Object: 'Object Repository/Work order 4.0/Page_Streetlogix/Workorder page objects/Page_Streetlogix/Page_Streetlogix/Page_Streetlogix/Page_Streetlogix/span_Vim Dr, Louisville, Kentucky, 40213' is clicked on

2023-03-09 12:16:22 - [TEST_STEP][PASSED] - setText(findTestObject("Work order 4.0/Page_Streetlogix/Workorder page objects/Page_Streetlogix/textarea_Test"), "Test"): Text 'Test' is set on object 'Object Repository/Work order 4.0/Page_Streetlogix/Workorder page objects/Page_Streetlogix/textarea_Test'

2023-03-09 12:16:23 - [MESSAGE][PASSED] - Text 'Test' is set on object 'Object Repository/Work order 4.0/Page_Streetlogix/Workorder page objects/Page_Streetlogix/textarea_Test'

2023-03-09 12:16:23 - [TEST_STEP][PASSED] - click(findTestObject("Work order 4.0/Page_Streetlogix/Workorder page objects/Page_Streetlogix/Page_Streetlogix/Page_Streetlogix/div_Urgent")): Object: 'Object Repository/Work order 4.0/Page_Streetlogix/Workorder page objects/Page_Streetlogix/Page_Streetlogix/Page_Streetlogix/div_Urgent' is clicked on

2023-03-09 12:16:23 - [MESSAGE][PASSED] - Object: 'Object Repository/Work order 4.0/Page_Streetlogix/Workorder page objects/Page_Streetlogix/Page_Streetlogix/Page_Streetlogix/div_Urgent' is clicked on

2023-03-09 12:16:23 - [TEST_STEP][PASSED] - click(findTestObject("Work order 4.0/Page_Streetlogix/Workorder page objects/Page_Streetlogix/li_High")): Object: 'Object Repository/Work order 4.0/Page_Streetlogix/Workorder page objects/Page_Streetlogix/li_High' is clicked on

2023-03-09 12:16:24 - [MESSAGE][PASSED] - Object: 'Object Repository/Work order 4.0/Page_Streetlogix/Workorder page objects/Page_Streetlogix/li_High' is clicked on

2023-03-09 12:16:24 - [TEST_STEP][PASSED] - click(findTestObject("Work order 4.0/Page_Streetlogix/Workorder page objects/Page_Streetlogix/input_Upload_repeatingWorkOrder")): Object: 'Object Repository/Work order 4.0/Page_Streetlogix/Workorder page objects/Page_Streetlogix/input_Upload_repeatingWorkOrder' is clicked on

2023-03-09 12:16:25 - [MESSAGE][PASSED] - Object: 'Object Repository/Work order 4.0/Page_Streetlogix/Workorder page objects/Page_Streetlogix/input_Upload_repeatingWorkOrder' is clicked on

2023-03-09 12:16:25 - [TEST_STEP][PASSED] - click(findTestObject("Work order 4.0/Page_Streetlogix/Workorder page objects/Page_Streetlogix/div_Daily")): Object: 'Object Repository/Work order 4.0/Page_Streetlogix/Workorder page objects/Page_Streetlogix/div_Daily' is clicked on

2023-03-09 12:16:25 - [MESSAGE][PASSED] - Object: 'Object Repository/Work order 4.0/Page_Streetlogix/Workorder page objects/Page_Streetlogix/div_Daily' is clicked on

2023-03-09 12:16:25 - [TEST_STEP][PASSED] - click(findTestObject("Work order 4.0/Page_Streetlogix/Workorder page objects/Page_Streetlogix/li_Yearly")): Object: 'Object Repository/Work order 4.0/Page_Streetlogix/Workorder page objects/Page_Streetlogix/li_Yearly' is clicked on

2023-03-09 12:16:26 - [MESSAGE][PASSED] - Object: 'Object Repository/Work order 4.0/Page_Streetlogix/Workorder page objects/Page_Streetlogix/li_Yearly' is clicked on

2023-03-09 12:16:26 - [TEST_STEP][PASSED] - click(findTestObject("Work order 4.0/Page_Streetlogix/Workorder page objects/Page_Streetlogix/input_Statement Field Test_equipment")): Object: 'Object Repository/Work order 4.0/Page_Streetlogix/Workorder page objects/Page_Streetlogix/input_Statement Field Test_equipment' is clicked on

2023-03-09 12:16:27 - [MESSAGE][PASSED] - Object: 'Object Repository/Work order 4.0/Page_Streetlogix/Workorder page objects/Page_Streetlogix/input_Statement Field Test_equipment' is clicked on

2023-03-09 12:16:27 - [TEST_STEP][PASSED] - delay(3): Delayed 3 second(s)

2023-03-09 12:16:30 - [MESSAGE][PASSED] - Delayed 3 second(s)

2023-03-09 12:16:30 - [TEST_STEP][PASSED] - click(findTestObject("Work order 4.0/Page_Streetlogix/Workorder page objects/Page_Streetlogix/Page_Streetlogix/Page_Streetlogix/Page_Streetlogix/div_equip")): Object: 'Object Repository/Work order 4.0/Page_Streetlogix/Workorder page objects/Page_Streetlogix/Page_Streetlogix/Page_Streetlogix/Page_Streetlogix/div_equip' is clicked on

2023-03-09 12:16:30 - [MESSAGE][PASSED] - Object: 'Object Repository/Work order 4.0/Page_Streetlogix/Workorder page objects/Page_Streetlogix/Page_Streetlogix/Page_Streetlogix/Page_Streetlogix/div_equip' is clicked on

2023-03-09 12:16:30 - [TEST_STEP][PASSED] - click(findTestObject("Work order 4.0/Page_Streetlogix/Workorder page objects/Page_Streetlogix/li_Snow Plow - 15")): Object: 'Object Repository/Work order 4.0/Page_Streetlogix/Workorder page objects/Page_Streetlogix/li_Snow Plow - 15' is clicked on

2023-03-09 12:16:31 - [MESSAGE][PASSED] - Object: 'Object Repository/Work order 4.0/Page_Streetlogix/Workorder page objects/Page_Streetlogix/li_Snow Plow - 15' is clicked on

2023-03-09 12:16:31 - [TEST_STEP][PASSED] - click(findTestObject("Work order 4.0/Page_Streetlogix/Workorder page objects/Page_Streetlogix/input_Add Item_material")): Object: 'Object Repository/Work order 4.0/Page_Streetlogix/Workorder page objects/Page_Streetlogix/input_Add Item_material' is clicked on

2023-03-09 12:16:31 - [MESSAGE][PASSED] - Object: 'Object Repository/Work order 4.0/Page_Streetlogix/Workorder page objects/Page_Streetlogix/input_Add Item_material' is clicked on

2023-03-09 12:16:31 - [TEST_STEP][PASSED] - delay(3): Delayed 3 second(s)

2023-03-09 12:16:34 - [MESSAGE][PASSED] - Delayed 3 second(s)

2023-03-09 12:16:34 - [TEST_STEP][PASSED] - click(findTestObject("Work order 4.0/Page_Streetlogix/Workorder page objects/Page_Streetlogix/Page_Streetlogix/Page_Streetlogix/Page_Streetlogix/div_material")): Object: 'Object Repository/Work order 4.0/Page_Streetlogix/Workorder page objects/Page_Streetlogix/Page_Streetlogix/Page_Streetlogix/Page_Streetlogix/div_material' is clicked on

2023-03-09 12:16:35 - [MESSAGE][PASSED] - Object: 'Object Repository/Work order 4.0/Page_Streetlogix/Workorder page objects/Page_Streetlogix/Page_Streetlogix/Page_Streetlogix/Page_Streetlogix/div_material' is clicked on

2023-03-09 12:16:35 - [TEST_STEP][PASSED] - click(findTestObject("Work order 4.0/Page_Streetlogix/Workorder page objects/Page_Streetlogix/li_Asphalt - 22")): Object: 'Object Repository/Work order 4.0/Page_Streetlogix/Workorder page objects/Page_Streetlogix/li_Asphalt - 22' is clicked on

2023-03-09 12:16:35 - [MESSAGE][PASSED] - Object: 'Object Repository/Work order 4.0/Page_Streetlogix/Workorder page objects/Page_Streetlogix/li_Asphalt - 22' is clicked on

2023-03-09 12:16:35 - [TEST_STEP][PASSED] - click(findTestObject("Work order 4.0/Page_Streetlogix/Workorder page objects/Page_Streetlogix/input_Add Item_labor")): Object: 'Object Repository/Work order 4.0/Page_Streetlogix/Workorder page objects/Page_Streetlogix/input_Add Item_labor' is clicked on

2023-03-09 12:16:36 - [MESSAGE][PASSED] - Object: 'Object Repository/Work order 4.0/Page_Streetlogix/Workorder page objects/Page_Streetlogix/input_Add Item_labor' is clicked on

2023-03-09 12:16:36 - [TEST_STEP][PASSED] - delay(3): Delayed 3 second(s)

2023-03-09 12:16:39 - [MESSAGE][PASSED] - Delayed 3 second(s)

2023-03-09 12:16:39 - [TEST_STEP][PASSED] - click(findTestObject("Work order 4.0/Page_Streetlogix/Workorder page objects/Page_Streetlogix/Page_Streetlogix/Page_Streetlogix/Page_Streetlogix/div_labor")): Object: 'Object Repository/Work order 4.0/Page_Streetlogix/Workorder page objects/Page_Streetlogix/Page_Streetlogix/Page_Streetlogix/Page_Streetlogix/div_labor' is clicked on

2023-03-09 12:16:39 - [MESSAGE][PASSED] - Object: 'Object Repository/Work order 4.0/Page_Streetlogix/Workorder page objects/Page_Streetlogix/Page_Streetlogix/Page_Streetlogix/Page_Streetlogix/div_labor' is clicked on

2023-03-09 12:16:39 - [TEST_STEP][PASSED] - click(findTestObject("Work order 4.0/Page_Streetlogix/Workorder page objects/Page_Streetlogix/li_Supervisor - 30")): Object: 'Object Repository/Work order 4.0/Page_Streetlogix/Workorder page objects/Page_Streetlogix/li_Supervisor - 30' is clicked on

2023-03-09 12:16:40 - [MESSAGE][PASSED] - Object: 'Object Repository/Work order 4.0/Page_Streetlogix/Workorder page objects/Page_Streetlogix/li_Supervisor - 30' is clicked on

2023-03-09 12:16:40 - [TEST_STEP][PASSED] - click(findTestObject("Work order 4.0/Page_Streetlogix/Workorder page objects/Page_Streetlogix/span_Add Item")): Object: 'Object Repository/Work order 4.0/Page_Streetlogix/Workorder page objects/Page_Streetlogix/span_Add Item' is clicked on

2023-03-09 12:16:41 - [MESSAGE][PASSED] - Object: 'Object Repository/Work order 4.0/Page_Streetlogix/Workorder page objects/Page_Streetlogix/span_Add Item' is clicked on

2023-03-09 12:16:41 - [TEST_STEP][PASSED] - click(findTestObject("Work order 4.0/Page_Streetlogix/Workorder page objects/Page_Streetlogix/span_Save")): Object: 'Object Repository/Work order 4.0/Page_Streetlogix/Workorder page objects/Page_Streetlogix/span_Save' is clicked on

2023-03-09 12:16:42 - [MESSAGE][PASSED] - Object: 'Object Repository/Work order 4.0/Page_Streetlogix/Workorder page objects/Page_Streetlogix/span_Save' is clicked on

2023-03-09 12:16:42 - [TEST_STEP][PASSED] - countAfter = database_keywords.test.Database_Keywords.getWorkOrdersCount(): database_keywords.test.Database_Keywords.getWorkOrdersCount is PASSED

2023-03-09 12:16:47 - [MESSAGE][PASSED] - database_keywords.test.Database_Keywords.getWorkOrdersCount is PASSED

2023-03-09 12:16:47 - [TEST_STEP][PASSED] - println(countAfter): null

2023-03-09 12:16:47 - [TEST_STEP][PASSED] - if (countAfter == countBefore + 1): null

2023-03-09 12:16:47 - [TEST_STEP][PASSED] - println("Work Order Created"): null

2023-03-09 12:16:47 - [TEST_STEP][PASSED] - closeBrowser(): Browser is closed

2023-03-09 12:16:47 - [MESSAGE][PASSED] - Browser is closed]]></system-out>
         <system-err><![CDATA[]]></system-err>
      </testcase>
      <testcase name="Test Cases/GiS/Work order/Non Asset Attached WO/WO-weekly-NoAsset" time="72.749" classname="Test Cases/GiS/Work order/Non Asset Attached WO/WO-weekly-NoAsset" status="PASSED">
         <system-out><![CDATA[2023-03-09 12:16:47 - [TEST_CASE][PASSED] - Test Cases/GiS/Work order/Non Asset Attached WO/WO-weekly-NoAsset: Test Cases/GiS/Work order/Non Asset Attached WO/WO-weekly-NoAsset

2023-03-09 12:16:48 - [TEST_STEP][PASSED] - gis_url.test.URL.redirectURL(): gis_url.test.URL.redirectURL is PASSED

2023-03-09 12:16:48 - [MESSAGE][INFO] - Starting 'Chrome' driver

2023-03-09 12:16:48 - [MESSAGE][INFO] - Action delay is set to 0 milliseconds

2023-03-09 12:16:51 - [MESSAGE][PASSED] - Browser is opened with url: 'https://streetlogix-gis-slx4-develop.vercel.app/?config=64077fc938af4bcc9a46a81d8f4e5576&token=eyJhbGciOiJIUzI1NiIsInR5cCI6IkpXVCJ9.eyJpZCI6OTc2LCJuYW1lIjoiU29oYWliIE5laGFsIiwiZXhwIjoxNjgwNjgwOTg3LCJpYXQiOjE2NzgwODg5ODd9.hALLa1SO64ZYI--CeYjMno4uFOCwR9lK0Lzo7eCUaPk'

2023-03-09 12:16:51 - [MESSAGE][PASSED] - gis_url.test.URL.redirectURL is PASSED

2023-03-09 12:16:51 - [TEST_STEP][PASSED] - countBefore = database_keywords.test.Database_Keywords.getWorkOrdersCount(): database_keywords.test.Database_Keywords.getWorkOrdersCount is PASSED

2023-03-09 12:17:07 - [MESSAGE][PASSED] - database_keywords.test.Database_Keywords.getWorkOrdersCount is PASSED

2023-03-09 12:17:07 - [TEST_STEP][PASSED] - println(countBefore): null

2023-03-09 12:17:07 - [TEST_STEP][PASSED] - click(findTestObject("Work order 4.0/Page_Streetlogix/Workorder page objects/Page_Streetlogix/WO icon")): Object: 'Object Repository/Work order 4.0/Page_Streetlogix/Workorder page objects/Page_Streetlogix/WO icon' is clicked on

2023-03-09 12:17:07 - [MESSAGE][PASSED] - Object: 'Object Repository/Work order 4.0/Page_Streetlogix/Workorder page objects/Page_Streetlogix/WO icon' is clicked on

2023-03-09 12:17:07 - [TEST_STEP][PASSED] - click(findTestObject("Work order 4.0/Page_Streetlogix/Workorder page objects/Page_Streetlogix/Group Dropdown")): Object: 'Object Repository/Work order 4.0/Page_Streetlogix/Workorder page objects/Page_Streetlogix/Group Dropdown' is clicked on

2023-03-09 12:17:08 - [MESSAGE][PASSED] - Object: 'Object Repository/Work order 4.0/Page_Streetlogix/Workorder page objects/Page_Streetlogix/Group Dropdown' is clicked on

2023-03-09 12:17:08 - [TEST_STEP][PASSED] - click(findTestObject("Work order 4.0/Page_Streetlogix/Workorder page objects/Page_Streetlogix/li_Bridge Inspection")): Object: 'Object Repository/Work order 4.0/Page_Streetlogix/Workorder page objects/Page_Streetlogix/li_Bridge Inspection' is clicked on

2023-03-09 12:17:09 - [MESSAGE][PASSED] - Object: 'Object Repository/Work order 4.0/Page_Streetlogix/Workorder page objects/Page_Streetlogix/li_Bridge Inspection' is clicked on

2023-03-09 12:17:09 - [TEST_STEP][PASSED] - setText(findTestObject("Work order 4.0/Page_Streetlogix/Workorder page objects/Page_Streetlogix/input_Filter by form name_standard-full-width"), "No Asset form"): Text 'No Asset form' is set on object 'Object Repository/Work order 4.0/Page_Streetlogix/Workorder page objects/Page_Streetlogix/input_Filter by form name_standard-full-width'

2023-03-09 12:17:12 - [MESSAGE][PASSED] - Text 'No Asset form' is set on object 'Object Repository/Work order 4.0/Page_Streetlogix/Workorder page objects/Page_Streetlogix/input_Filter by form name_standard-full-width'

2023-03-09 12:17:12 - [TEST_STEP][PASSED] - click(findTestObject("Work order 4.0/Page_Streetlogix/Workorder page objects/Page_Streetlogix/Page_Streetlogix/Page_Streetlogix/Page_Streetlogix/span_No Asset form")): Object: 'Object Repository/Work order 4.0/Page_Streetlogix/Workorder page objects/Page_Streetlogix/Page_Streetlogix/Page_Streetlogix/Page_Streetlogix/span_No Asset form' is clicked on

2023-03-09 12:17:13 - [MESSAGE][PASSED] - Object: 'Object Repository/Work order 4.0/Page_Streetlogix/Workorder page objects/Page_Streetlogix/Page_Streetlogix/Page_Streetlogix/Page_Streetlogix/span_No Asset form' is clicked on

2023-03-09 12:17:13 - [TEST_STEP][PASSED] - click(findTestObject("Work order 4.0/Page_Streetlogix/Workorder page objects/Page_Streetlogix/input_Select Assignee_assignee-autocomplete")): Object: 'Object Repository/Work order 4.0/Page_Streetlogix/Workorder page objects/Page_Streetlogix/input_Select Assignee_assignee-autocomplete' is clicked on

2023-03-09 12:17:14 - [MESSAGE][PASSED] - Object: 'Object Repository/Work order 4.0/Page_Streetlogix/Workorder page objects/Page_Streetlogix/input_Select Assignee_assignee-autocomplete' is clicked on

2023-03-09 12:17:14 - [TEST_STEP][PASSED] - click(findTestObject("Work order 4.0/Page_Streetlogix/Workorder page objects/Page_Streetlogix/span_ami  admin")): Object: 'Object Repository/Work order 4.0/Page_Streetlogix/Workorder page objects/Page_Streetlogix/span_ami  admin' is clicked on

2023-03-09 12:17:15 - [MESSAGE][PASSED] - Object: 'Object Repository/Work order 4.0/Page_Streetlogix/Workorder page objects/Page_Streetlogix/span_ami  admin' is clicked on

2023-03-09 12:17:15 - [TEST_STEP][PASSED] - click(findTestObject("Work order 4.0/Page_Streetlogix/Workorder page objects/Page_Streetlogix/input_Collaborators_collaborators-autocomplete")): Object: 'Object Repository/Work order 4.0/Page_Streetlogix/Workorder page objects/Page_Streetlogix/input_Collaborators_collaborators-autocomplete' is clicked on

2023-03-09 12:17:16 - [MESSAGE][PASSED] - Object: 'Object Repository/Work order 4.0/Page_Streetlogix/Workorder page objects/Page_Streetlogix/input_Collaborators_collaborators-autocomplete' is clicked on

2023-03-09 12:17:16 - [TEST_STEP][PASSED] - click(findTestObject("Work order 4.0/Page_Streetlogix/Workorder page objects/Page_Streetlogix/span_ami  admin")): Object: 'Object Repository/Work order 4.0/Page_Streetlogix/Workorder page objects/Page_Streetlogix/span_ami  admin' is clicked on

2023-03-09 12:17:16 - [MESSAGE][PASSED] - Object: 'Object Repository/Work order 4.0/Page_Streetlogix/Workorder page objects/Page_Streetlogix/span_ami  admin' is clicked on

2023-03-09 12:17:16 - [TEST_STEP][PASSED] - click(findTestObject("Work order 4.0/Page_Streetlogix/Workorder page objects/Page_Streetlogix/h6_Bridge Maintenance")): Object: 'Object Repository/Work order 4.0/Page_Streetlogix/Workorder page objects/Page_Streetlogix/h6_Bridge Maintenance' is clicked on

2023-03-09 12:17:17 - [MESSAGE][PASSED] - Object: 'Object Repository/Work order 4.0/Page_Streetlogix/Workorder page objects/Page_Streetlogix/h6_Bridge Maintenance' is clicked on

2023-03-09 12:17:17 - [TEST_STEP][PASSED] - setText(findTestObject("Work order 4.0/Page_Streetlogix/Workorder page objects/Page_Streetlogix/Page_Streetlogix/Page_Streetlogix/input_Address_asset-id-address"), "12 vim"): Text '12 vim' is set on object 'Object Repository/Work order 4.0/Page_Streetlogix/Workorder page objects/Page_Streetlogix/Page_Streetlogix/Page_Streetlogix/input_Address_asset-id-address'

2023-03-09 12:17:18 - [MESSAGE][PASSED] - Text '12 vim' is set on object 'Object Repository/Work order 4.0/Page_Streetlogix/Workorder page objects/Page_Streetlogix/Page_Streetlogix/Page_Streetlogix/input_Address_asset-id-address'

2023-03-09 12:17:18 - [TEST_STEP][PASSED] - click(findTestObject("Work order 4.0/Page_Streetlogix/Workorder page objects/Page_Streetlogix/Page_Streetlogix/Page_Streetlogix/Page_Streetlogix/span_Vim Dr, Louisville, Kentucky, 40213")): Object: 'Object Repository/Work order 4.0/Page_Streetlogix/Workorder page objects/Page_Streetlogix/Page_Streetlogix/Page_Streetlogix/Page_Streetlogix/span_Vim Dr, Louisville, Kentucky, 40213' is clicked on

2023-03-09 12:17:20 - [MESSAGE][PASSED] - Object: 'Object Repository/Work order 4.0/Page_Streetlogix/Workorder page objects/Page_Streetlogix/Page_Streetlogix/Page_Streetlogix/Page_Streetlogix/span_Vim Dr, Louisville, Kentucky, 40213' is clicked on

2023-03-09 12:17:20 - [TEST_STEP][PASSED] - setText(findTestObject("Work order 4.0/Page_Streetlogix/Workorder page objects/Page_Streetlogix/textarea_Test"), "Test"): Text 'Test' is set on object 'Object Repository/Work order 4.0/Page_Streetlogix/Workorder page objects/Page_Streetlogix/textarea_Test'

2023-03-09 12:17:21 - [MESSAGE][PASSED] - Text 'Test' is set on object 'Object Repository/Work order 4.0/Page_Streetlogix/Workorder page objects/Page_Streetlogix/textarea_Test'

2023-03-09 12:17:21 - [TEST_STEP][PASSED] - click(findTestObject("Work order 4.0/Page_Streetlogix/Workorder page objects/Page_Streetlogix/Page_Streetlogix/Page_Streetlogix/div_Urgent")): Object: 'Object Repository/Work order 4.0/Page_Streetlogix/Workorder page objects/Page_Streetlogix/Page_Streetlogix/Page_Streetlogix/div_Urgent' is clicked on

2023-03-09 12:17:21 - [MESSAGE][PASSED] - Object: 'Object Repository/Work order 4.0/Page_Streetlogix/Workorder page objects/Page_Streetlogix/Page_Streetlogix/Page_Streetlogix/div_Urgent' is clicked on

2023-03-09 12:17:21 - [TEST_STEP][PASSED] - click(findTestObject("Work order 4.0/Page_Streetlogix/Workorder page objects/Page_Streetlogix/li_High")): Object: 'Object Repository/Work order 4.0/Page_Streetlogix/Workorder page objects/Page_Streetlogix/li_High' is clicked on

2023-03-09 12:17:22 - [MESSAGE][PASSED] - Object: 'Object Repository/Work order 4.0/Page_Streetlogix/Workorder page objects/Page_Streetlogix/li_High' is clicked on

2023-03-09 12:17:22 - [TEST_STEP][PASSED] - click(findTestObject("Work order 4.0/Page_Streetlogix/Workorder page objects/Page_Streetlogix/input_Upload_repeatingWorkOrder")): Object: 'Object Repository/Work order 4.0/Page_Streetlogix/Workorder page objects/Page_Streetlogix/input_Upload_repeatingWorkOrder' is clicked on

2023-03-09 12:17:23 - [MESSAGE][PASSED] - Object: 'Object Repository/Work order 4.0/Page_Streetlogix/Workorder page objects/Page_Streetlogix/input_Upload_repeatingWorkOrder' is clicked on

2023-03-09 12:17:23 - [TEST_STEP][PASSED] - click(findTestObject("Work order 4.0/Page_Streetlogix/Workorder page objects/Page_Streetlogix/div_Daily")): Object: 'Object Repository/Work order 4.0/Page_Streetlogix/Workorder page objects/Page_Streetlogix/div_Daily' is clicked on

2023-03-09 12:17:23 - [MESSAGE][PASSED] - Object: 'Object Repository/Work order 4.0/Page_Streetlogix/Workorder page objects/Page_Streetlogix/div_Daily' is clicked on

2023-03-09 12:17:23 - [TEST_STEP][PASSED] - click(findTestObject("Work order 4.0/Page_Streetlogix/Workorder page objects/Page_Streetlogix/li_Weekly")): Object: 'Object Repository/Work order 4.0/Page_Streetlogix/Workorder page objects/Page_Streetlogix/li_Weekly' is clicked on

2023-03-09 12:17:24 - [MESSAGE][PASSED] - Object: 'Object Repository/Work order 4.0/Page_Streetlogix/Workorder page objects/Page_Streetlogix/li_Weekly' is clicked on

2023-03-09 12:17:24 - [TEST_STEP][PASSED] - click(findTestObject("Work order 4.0/Page_Streetlogix/Workorder page objects/Page_Streetlogix/input_Statement Field Test_equipment")): Object: 'Object Repository/Work order 4.0/Page_Streetlogix/Workorder page objects/Page_Streetlogix/input_Statement Field Test_equipment' is clicked on

2023-03-09 12:17:25 - [MESSAGE][PASSED] - Object: 'Object Repository/Work order 4.0/Page_Streetlogix/Workorder page objects/Page_Streetlogix/input_Statement Field Test_equipment' is clicked on

2023-03-09 12:17:25 - [TEST_STEP][PASSED] - delay(3): Delayed 3 second(s)

2023-03-09 12:17:28 - [MESSAGE][PASSED] - Delayed 3 second(s)

2023-03-09 12:17:28 - [TEST_STEP][PASSED] - click(findTestObject("Work order 4.0/Page_Streetlogix/Workorder page objects/Page_Streetlogix/Page_Streetlogix/Page_Streetlogix/Page_Streetlogix/div_equip")): Object: 'Object Repository/Work order 4.0/Page_Streetlogix/Workorder page objects/Page_Streetlogix/Page_Streetlogix/Page_Streetlogix/Page_Streetlogix/div_equip' is clicked on

2023-03-09 12:17:29 - [MESSAGE][PASSED] - Object: 'Object Repository/Work order 4.0/Page_Streetlogix/Workorder page objects/Page_Streetlogix/Page_Streetlogix/Page_Streetlogix/Page_Streetlogix/div_equip' is clicked on

2023-03-09 12:17:29 - [TEST_STEP][PASSED] - click(findTestObject("Work order 4.0/Page_Streetlogix/Workorder page objects/Page_Streetlogix/li_Snow Plow - 15")): Object: 'Object Repository/Work order 4.0/Page_Streetlogix/Workorder page objects/Page_Streetlogix/li_Snow Plow - 15' is clicked on

2023-03-09 12:17:31 - [MESSAGE][PASSED] - Object: 'Object Repository/Work order 4.0/Page_Streetlogix/Workorder page objects/Page_Streetlogix/li_Snow Plow - 15' is clicked on

2023-03-09 12:17:31 - [TEST_STEP][PASSED] - click(findTestObject("Work order 4.0/Page_Streetlogix/Workorder page objects/Page_Streetlogix/input_Add Item_material")): Object: 'Object Repository/Work order 4.0/Page_Streetlogix/Workorder page objects/Page_Streetlogix/input_Add Item_material' is clicked on

2023-03-09 12:17:33 - [MESSAGE][PASSED] - Object: 'Object Repository/Work order 4.0/Page_Streetlogix/Workorder page objects/Page_Streetlogix/input_Add Item_material' is clicked on

2023-03-09 12:17:33 - [TEST_STEP][PASSED] - delay(3): Delayed 3 second(s)

2023-03-09 12:17:36 - [MESSAGE][PASSED] - Delayed 3 second(s)

2023-03-09 12:17:36 - [TEST_STEP][PASSED] - click(findTestObject("Work order 4.0/Page_Streetlogix/Workorder page objects/Page_Streetlogix/Page_Streetlogix/Page_Streetlogix/Page_Streetlogix/div_material")): Object: 'Object Repository/Work order 4.0/Page_Streetlogix/Workorder page objects/Page_Streetlogix/Page_Streetlogix/Page_Streetlogix/Page_Streetlogix/div_material' is clicked on

2023-03-09 12:17:38 - [MESSAGE][PASSED] - Object: 'Object Repository/Work order 4.0/Page_Streetlogix/Workorder page objects/Page_Streetlogix/Page_Streetlogix/Page_Streetlogix/Page_Streetlogix/div_material' is clicked on

2023-03-09 12:17:38 - [TEST_STEP][PASSED] - click(findTestObject("Work order 4.0/Page_Streetlogix/Workorder page objects/Page_Streetlogix/li_Asphalt - 22")): Object: 'Object Repository/Work order 4.0/Page_Streetlogix/Workorder page objects/Page_Streetlogix/li_Asphalt - 22' is clicked on

2023-03-09 12:17:40 - [MESSAGE][PASSED] - Object: 'Object Repository/Work order 4.0/Page_Streetlogix/Workorder page objects/Page_Streetlogix/li_Asphalt - 22' is clicked on

2023-03-09 12:17:40 - [TEST_STEP][PASSED] - click(findTestObject("Work order 4.0/Page_Streetlogix/Workorder page objects/Page_Streetlogix/input_Add Item_labor")): Object: 'Object Repository/Work order 4.0/Page_Streetlogix/Workorder page objects/Page_Streetlogix/input_Add Item_labor' is clicked on

2023-03-09 12:17:42 - [MESSAGE][PASSED] - Object: 'Object Repository/Work order 4.0/Page_Streetlogix/Workorder page objects/Page_Streetlogix/input_Add Item_labor' is clicked on

2023-03-09 12:17:42 - [TEST_STEP][PASSED] - delay(3): Delayed 3 second(s)

2023-03-09 12:17:45 - [MESSAGE][PASSED] - Delayed 3 second(s)

2023-03-09 12:17:45 - [TEST_STEP][PASSED] - click(findTestObject("Work order 4.0/Page_Streetlogix/Workorder page objects/Page_Streetlogix/Page_Streetlogix/Page_Streetlogix/Page_Streetlogix/div_labor")): Object: 'Object Repository/Work order 4.0/Page_Streetlogix/Workorder page objects/Page_Streetlogix/Page_Streetlogix/Page_Streetlogix/Page_Streetlogix/div_labor' is clicked on

2023-03-09 12:17:47 - [MESSAGE][PASSED] - Object: 'Object Repository/Work order 4.0/Page_Streetlogix/Workorder page objects/Page_Streetlogix/Page_Streetlogix/Page_Streetlogix/Page_Streetlogix/div_labor' is clicked on

2023-03-09 12:17:47 - [TEST_STEP][PASSED] - click(findTestObject("Work order 4.0/Page_Streetlogix/Workorder page objects/Page_Streetlogix/li_Supervisor - 30")): Object: 'Object Repository/Work order 4.0/Page_Streetlogix/Workorder page objects/Page_Streetlogix/li_Supervisor - 30' is clicked on

2023-03-09 12:17:49 - [MESSAGE][PASSED] - Object: 'Object Repository/Work order 4.0/Page_Streetlogix/Workorder page objects/Page_Streetlogix/li_Supervisor - 30' is clicked on

2023-03-09 12:17:49 - [TEST_STEP][PASSED] - click(findTestObject("Work order 4.0/Page_Streetlogix/Workorder page objects/Page_Streetlogix/span_Add Item")): Object: 'Object Repository/Work order 4.0/Page_Streetlogix/Workorder page objects/Page_Streetlogix/span_Add Item' is clicked on

2023-03-09 12:17:51 - [MESSAGE][PASSED] - Object: 'Object Repository/Work order 4.0/Page_Streetlogix/Workorder page objects/Page_Streetlogix/span_Add Item' is clicked on

2023-03-09 12:17:51 - [TEST_STEP][PASSED] - click(findTestObject("Work order 4.0/Page_Streetlogix/Workorder page objects/Page_Streetlogix/span_Save")): Object: 'Object Repository/Work order 4.0/Page_Streetlogix/Workorder page objects/Page_Streetlogix/span_Save' is clicked on

2023-03-09 12:17:53 - [MESSAGE][PASSED] - Object: 'Object Repository/Work order 4.0/Page_Streetlogix/Workorder page objects/Page_Streetlogix/span_Save' is clicked on

2023-03-09 12:17:53 - [TEST_STEP][PASSED] - countAfter = database_keywords.test.Database_Keywords.getWorkOrdersCount(): database_keywords.test.Database_Keywords.getWorkOrdersCount is PASSED

2023-03-09 12:18:00 - [MESSAGE][PASSED] - database_keywords.test.Database_Keywords.getWorkOrdersCount is PASSED

2023-03-09 12:18:00 - [TEST_STEP][PASSED] - println(countAfter): null

2023-03-09 12:18:00 - [TEST_STEP][PASSED] - if (countAfter == countBefore + 1): null

2023-03-09 12:18:00 - [TEST_STEP][PASSED] - println("Work Order Created"): null

2023-03-09 12:18:00 - [TEST_STEP][PASSED] - closeBrowser(): Browser is closed

2023-03-09 12:18:00 - [MESSAGE][PASSED] - Browser is closed]]></system-out>
         <system-err><![CDATA[]]></system-err>
      </testcase>
      <testcase name="Test Cases/GiS/Work order/Non Asset Attached WO/WO-daily-NoAsset" time="47.876" classname="Test Cases/GiS/Work order/Non Asset Attached WO/WO-daily-NoAsset" status="PASSED">
         <system-out><![CDATA[2023-03-09 12:18:00 - [TEST_CASE][PASSED] - Test Cases/GiS/Work order/Non Asset Attached WO/WO-daily-NoAsset: Test Cases/GiS/Work order/Non Asset Attached WO/WO-daily-NoAsset

2023-03-09 12:18:00 - [TEST_STEP][PASSED] - gis_url.test.URL.redirectURL(): gis_url.test.URL.redirectURL is PASSED

2023-03-09 12:18:00 - [MESSAGE][INFO] - Starting 'Chrome' driver

2023-03-09 12:18:00 - [MESSAGE][INFO] - Action delay is set to 0 milliseconds

2023-03-09 12:18:04 - [MESSAGE][PASSED] - Browser is opened with url: 'https://streetlogix-gis-slx4-develop.vercel.app/?config=64077fc938af4bcc9a46a81d8f4e5576&token=eyJhbGciOiJIUzI1NiIsInR5cCI6IkpXVCJ9.eyJpZCI6OTc2LCJuYW1lIjoiU29oYWliIE5laGFsIiwiZXhwIjoxNjgwNjgwOTg3LCJpYXQiOjE2NzgwODg5ODd9.hALLa1SO64ZYI--CeYjMno4uFOCwR9lK0Lzo7eCUaPk'

2023-03-09 12:18:04 - [MESSAGE][PASSED] - gis_url.test.URL.redirectURL is PASSED

2023-03-09 12:18:04 - [TEST_STEP][PASSED] - countBefore = database_keywords.test.Database_Keywords.getWorkOrdersCount(): database_keywords.test.Database_Keywords.getWorkOrdersCount is PASSED

2023-03-09 12:18:10 - [MESSAGE][PASSED] - database_keywords.test.Database_Keywords.getWorkOrdersCount is PASSED

2023-03-09 12:18:10 - [TEST_STEP][PASSED] - println(countBefore): null

2023-03-09 12:18:10 - [TEST_STEP][PASSED] - click(findTestObject("Work order 4.0/Page_Streetlogix/Workorder page objects/Page_Streetlogix/WO icon")): Object: 'Object Repository/Work order 4.0/Page_Streetlogix/Workorder page objects/Page_Streetlogix/WO icon' is clicked on

2023-03-09 12:18:12 - [MESSAGE][PASSED] - Object: 'Object Repository/Work order 4.0/Page_Streetlogix/Workorder page objects/Page_Streetlogix/WO icon' is clicked on

2023-03-09 12:18:12 - [TEST_STEP][PASSED] - click(findTestObject("Work order 4.0/Page_Streetlogix/Workorder page objects/Page_Streetlogix/Group Dropdown")): Object: 'Object Repository/Work order 4.0/Page_Streetlogix/Workorder page objects/Page_Streetlogix/Group Dropdown' is clicked on

2023-03-09 12:18:13 - [MESSAGE][PASSED] - Object: 'Object Repository/Work order 4.0/Page_Streetlogix/Workorder page objects/Page_Streetlogix/Group Dropdown' is clicked on

2023-03-09 12:18:13 - [TEST_STEP][PASSED] - click(findTestObject("Work order 4.0/Page_Streetlogix/Workorder page objects/Page_Streetlogix/li_Bridge Inspection")): Object: 'Object Repository/Work order 4.0/Page_Streetlogix/Workorder page objects/Page_Streetlogix/li_Bridge Inspection' is clicked on

2023-03-09 12:18:14 - [MESSAGE][PASSED] - Object: 'Object Repository/Work order 4.0/Page_Streetlogix/Workorder page objects/Page_Streetlogix/li_Bridge Inspection' is clicked on

2023-03-09 12:18:14 - [TEST_STEP][PASSED] - setText(findTestObject("Work order 4.0/Page_Streetlogix/Workorder page objects/Page_Streetlogix/input_Filter by form name_standard-full-width"), "No Asset form"): Text 'No Asset form' is set on object 'Object Repository/Work order 4.0/Page_Streetlogix/Workorder page objects/Page_Streetlogix/input_Filter by form name_standard-full-width'

2023-03-09 12:18:17 - [MESSAGE][PASSED] - Text 'No Asset form' is set on object 'Object Repository/Work order 4.0/Page_Streetlogix/Workorder page objects/Page_Streetlogix/input_Filter by form name_standard-full-width'

2023-03-09 12:18:17 - [TEST_STEP][PASSED] - click(findTestObject("Work order 4.0/Page_Streetlogix/Workorder page objects/Page_Streetlogix/Page_Streetlogix/Page_Streetlogix/Page_Streetlogix/span_No Asset form")): Object: 'Object Repository/Work order 4.0/Page_Streetlogix/Workorder page objects/Page_Streetlogix/Page_Streetlogix/Page_Streetlogix/Page_Streetlogix/span_No Asset form' is clicked on

2023-03-09 12:18:17 - [MESSAGE][PASSED] - Object: 'Object Repository/Work order 4.0/Page_Streetlogix/Workorder page objects/Page_Streetlogix/Page_Streetlogix/Page_Streetlogix/Page_Streetlogix/span_No Asset form' is clicked on

2023-03-09 12:18:17 - [TEST_STEP][PASSED] - click(findTestObject("Work order 4.0/Page_Streetlogix/Workorder page objects/Page_Streetlogix/input_Select Assignee_assignee-autocomplete")): Object: 'Object Repository/Work order 4.0/Page_Streetlogix/Workorder page objects/Page_Streetlogix/input_Select Assignee_assignee-autocomplete' is clicked on

2023-03-09 12:18:19 - [MESSAGE][PASSED] - Object: 'Object Repository/Work order 4.0/Page_Streetlogix/Workorder page objects/Page_Streetlogix/input_Select Assignee_assignee-autocomplete' is clicked on

2023-03-09 12:18:19 - [TEST_STEP][PASSED] - click(findTestObject("Work order 4.0/Page_Streetlogix/Workorder page objects/Page_Streetlogix/span_ami  admin")): Object: 'Object Repository/Work order 4.0/Page_Streetlogix/Workorder page objects/Page_Streetlogix/span_ami  admin' is clicked on

2023-03-09 12:18:19 - [MESSAGE][PASSED] - Object: 'Object Repository/Work order 4.0/Page_Streetlogix/Workorder page objects/Page_Streetlogix/span_ami  admin' is clicked on

2023-03-09 12:18:19 - [TEST_STEP][PASSED] - click(findTestObject("Work order 4.0/Page_Streetlogix/Workorder page objects/Page_Streetlogix/input_Collaborators_collaborators-autocomplete")): Object: 'Object Repository/Work order 4.0/Page_Streetlogix/Workorder page objects/Page_Streetlogix/input_Collaborators_collaborators-autocomplete' is clicked on

2023-03-09 12:18:20 - [MESSAGE][PASSED] - Object: 'Object Repository/Work order 4.0/Page_Streetlogix/Workorder page objects/Page_Streetlogix/input_Collaborators_collaborators-autocomplete' is clicked on

2023-03-09 12:18:20 - [TEST_STEP][PASSED] - click(findTestObject("Work order 4.0/Page_Streetlogix/Workorder page objects/Page_Streetlogix/span_ami  admin")): Object: 'Object Repository/Work order 4.0/Page_Streetlogix/Workorder page objects/Page_Streetlogix/span_ami  admin' is clicked on

2023-03-09 12:18:20 - [MESSAGE][PASSED] - Object: 'Object Repository/Work order 4.0/Page_Streetlogix/Workorder page objects/Page_Streetlogix/span_ami  admin' is clicked on

2023-03-09 12:18:20 - [TEST_STEP][PASSED] - click(findTestObject("Work order 4.0/Page_Streetlogix/Workorder page objects/Page_Streetlogix/h6_Bridge Maintenance")): Object: 'Object Repository/Work order 4.0/Page_Streetlogix/Workorder page objects/Page_Streetlogix/h6_Bridge Maintenance' is clicked on

2023-03-09 12:18:21 - [MESSAGE][PASSED] - Object: 'Object Repository/Work order 4.0/Page_Streetlogix/Workorder page objects/Page_Streetlogix/h6_Bridge Maintenance' is clicked on

2023-03-09 12:18:21 - [TEST_STEP][PASSED] - setText(findTestObject("Work order 4.0/Page_Streetlogix/Workorder page objects/Page_Streetlogix/Page_Streetlogix/Page_Streetlogix/input_Address_asset-id-address"), "12 vim"): Text '12 vim' is set on object 'Object Repository/Work order 4.0/Page_Streetlogix/Workorder page objects/Page_Streetlogix/Page_Streetlogix/Page_Streetlogix/input_Address_asset-id-address'

2023-03-09 12:18:22 - [MESSAGE][PASSED] - Text '12 vim' is set on object 'Object Repository/Work order 4.0/Page_Streetlogix/Workorder page objects/Page_Streetlogix/Page_Streetlogix/Page_Streetlogix/input_Address_asset-id-address'

2023-03-09 12:18:22 - [TEST_STEP][PASSED] - click(findTestObject("Work order 4.0/Page_Streetlogix/Workorder page objects/Page_Streetlogix/Page_Streetlogix/Page_Streetlogix/Page_Streetlogix/span_Vim Dr, Louisville, Kentucky, 40213")): Object: 'Object Repository/Work order 4.0/Page_Streetlogix/Workorder page objects/Page_Streetlogix/Page_Streetlogix/Page_Streetlogix/Page_Streetlogix/span_Vim Dr, Louisville, Kentucky, 40213' is clicked on

2023-03-09 12:18:24 - [MESSAGE][PASSED] - Object: 'Object Repository/Work order 4.0/Page_Streetlogix/Workorder page objects/Page_Streetlogix/Page_Streetlogix/Page_Streetlogix/Page_Streetlogix/span_Vim Dr, Louisville, Kentucky, 40213' is clicked on

2023-03-09 12:18:24 - [TEST_STEP][PASSED] - setText(findTestObject("Work order 4.0/Page_Streetlogix/Workorder page objects/Page_Streetlogix/textarea_Test"), "Test"): Text 'Test' is set on object 'Object Repository/Work order 4.0/Page_Streetlogix/Workorder page objects/Page_Streetlogix/textarea_Test'

2023-03-09 12:18:25 - [MESSAGE][PASSED] - Text 'Test' is set on object 'Object Repository/Work order 4.0/Page_Streetlogix/Workorder page objects/Page_Streetlogix/textarea_Test'

2023-03-09 12:18:25 - [TEST_STEP][PASSED] - click(findTestObject("Work order 4.0/Page_Streetlogix/Workorder page objects/Page_Streetlogix/Page_Streetlogix/Page_Streetlogix/div_Urgent")): Object: 'Object Repository/Work order 4.0/Page_Streetlogix/Workorder page objects/Page_Streetlogix/Page_Streetlogix/Page_Streetlogix/div_Urgent' is clicked on

2023-03-09 12:18:26 - [MESSAGE][PASSED] - Object: 'Object Repository/Work order 4.0/Page_Streetlogix/Workorder page objects/Page_Streetlogix/Page_Streetlogix/Page_Streetlogix/div_Urgent' is clicked on

2023-03-09 12:18:26 - [TEST_STEP][PASSED] - click(findTestObject("Work order 4.0/Page_Streetlogix/Workorder page objects/Page_Streetlogix/li_High")): Object: 'Object Repository/Work order 4.0/Page_Streetlogix/Workorder page objects/Page_Streetlogix/li_High' is clicked on

2023-03-09 12:18:26 - [MESSAGE][PASSED] - Object: 'Object Repository/Work order 4.0/Page_Streetlogix/Workorder page objects/Page_Streetlogix/li_High' is clicked on

2023-03-09 12:18:26 - [TEST_STEP][PASSED] - click(findTestObject("Work order 4.0/Page_Streetlogix/Workorder page objects/Page_Streetlogix/input_Upload_repeatingWorkOrder")): Object: 'Object Repository/Work order 4.0/Page_Streetlogix/Workorder page objects/Page_Streetlogix/input_Upload_repeatingWorkOrder' is clicked on

2023-03-09 12:18:27 - [MESSAGE][PASSED] - Object: 'Object Repository/Work order 4.0/Page_Streetlogix/Workorder page objects/Page_Streetlogix/input_Upload_repeatingWorkOrder' is clicked on

2023-03-09 12:18:27 - [TEST_STEP][PASSED] - click(findTestObject("Work order 4.0/Page_Streetlogix/Workorder page objects/Page_Streetlogix/input_Statement Field Test_equipment")): Object: 'Object Repository/Work order 4.0/Page_Streetlogix/Workorder page objects/Page_Streetlogix/input_Statement Field Test_equipment' is clicked on

2023-03-09 12:18:28 - [MESSAGE][PASSED] - Object: 'Object Repository/Work order 4.0/Page_Streetlogix/Workorder page objects/Page_Streetlogix/input_Statement Field Test_equipment' is clicked on

2023-03-09 12:18:28 - [TEST_STEP][PASSED] - delay(3): Delayed 3 second(s)

2023-03-09 12:18:31 - [MESSAGE][PASSED] - Delayed 3 second(s)

2023-03-09 12:18:31 - [TEST_STEP][PASSED] - click(findTestObject("Work order 4.0/Page_Streetlogix/Workorder page objects/Page_Streetlogix/Page_Streetlogix/Page_Streetlogix/Page_Streetlogix/div_equip")): Object: 'Object Repository/Work order 4.0/Page_Streetlogix/Workorder page objects/Page_Streetlogix/Page_Streetlogix/Page_Streetlogix/Page_Streetlogix/div_equip' is clicked on

2023-03-09 12:18:31 - [MESSAGE][PASSED] - Object: 'Object Repository/Work order 4.0/Page_Streetlogix/Workorder page objects/Page_Streetlogix/Page_Streetlogix/Page_Streetlogix/Page_Streetlogix/div_equip' is clicked on

2023-03-09 12:18:31 - [TEST_STEP][PASSED] - click(findTestObject("Work order 4.0/Page_Streetlogix/Workorder page objects/Page_Streetlogix/li_Snow Plow - 15")): Object: 'Object Repository/Work order 4.0/Page_Streetlogix/Workorder page objects/Page_Streetlogix/li_Snow Plow - 15' is clicked on

2023-03-09 12:18:32 - [MESSAGE][PASSED] - Object: 'Object Repository/Work order 4.0/Page_Streetlogix/Workorder page objects/Page_Streetlogix/li_Snow Plow - 15' is clicked on

2023-03-09 12:18:32 - [TEST_STEP][PASSED] - click(findTestObject("Work order 4.0/Page_Streetlogix/Workorder page objects/Page_Streetlogix/input_Add Item_material")): Object: 'Object Repository/Work order 4.0/Page_Streetlogix/Workorder page objects/Page_Streetlogix/input_Add Item_material' is clicked on

2023-03-09 12:18:32 - [MESSAGE][PASSED] - Object: 'Object Repository/Work order 4.0/Page_Streetlogix/Workorder page objects/Page_Streetlogix/input_Add Item_material' is clicked on

2023-03-09 12:18:32 - [TEST_STEP][PASSED] - delay(3): Delayed 3 second(s)

2023-03-09 12:18:35 - [MESSAGE][PASSED] - Delayed 3 second(s)

2023-03-09 12:18:35 - [TEST_STEP][PASSED] - click(findTestObject("Work order 4.0/Page_Streetlogix/Workorder page objects/Page_Streetlogix/Page_Streetlogix/Page_Streetlogix/Page_Streetlogix/div_material")): Object: 'Object Repository/Work order 4.0/Page_Streetlogix/Workorder page objects/Page_Streetlogix/Page_Streetlogix/Page_Streetlogix/Page_Streetlogix/div_material' is clicked on

2023-03-09 12:18:36 - [MESSAGE][PASSED] - Object: 'Object Repository/Work order 4.0/Page_Streetlogix/Workorder page objects/Page_Streetlogix/Page_Streetlogix/Page_Streetlogix/Page_Streetlogix/div_material' is clicked on

2023-03-09 12:18:36 - [TEST_STEP][PASSED] - click(findTestObject("Work order 4.0/Page_Streetlogix/Workorder page objects/Page_Streetlogix/li_Asphalt - 22")): Object: 'Object Repository/Work order 4.0/Page_Streetlogix/Workorder page objects/Page_Streetlogix/li_Asphalt - 22' is clicked on

2023-03-09 12:18:36 - [MESSAGE][PASSED] - Object: 'Object Repository/Work order 4.0/Page_Streetlogix/Workorder page objects/Page_Streetlogix/li_Asphalt - 22' is clicked on

2023-03-09 12:18:36 - [TEST_STEP][PASSED] - click(findTestObject("Work order 4.0/Page_Streetlogix/Workorder page objects/Page_Streetlogix/input_Add Item_labor")): Object: 'Object Repository/Work order 4.0/Page_Streetlogix/Workorder page objects/Page_Streetlogix/input_Add Item_labor' is clicked on

2023-03-09 12:18:37 - [MESSAGE][PASSED] - Object: 'Object Repository/Work order 4.0/Page_Streetlogix/Workorder page objects/Page_Streetlogix/input_Add Item_labor' is clicked on

2023-03-09 12:18:37 - [TEST_STEP][PASSED] - delay(3): Delayed 3 second(s)

2023-03-09 12:18:40 - [MESSAGE][PASSED] - Delayed 3 second(s)

2023-03-09 12:18:40 - [TEST_STEP][PASSED] - click(findTestObject("Work order 4.0/Page_Streetlogix/Workorder page objects/Page_Streetlogix/Page_Streetlogix/Page_Streetlogix/Page_Streetlogix/div_labor")): Object: 'Object Repository/Work order 4.0/Page_Streetlogix/Workorder page objects/Page_Streetlogix/Page_Streetlogix/Page_Streetlogix/Page_Streetlogix/div_labor' is clicked on

2023-03-09 12:18:40 - [MESSAGE][PASSED] - Object: 'Object Repository/Work order 4.0/Page_Streetlogix/Workorder page objects/Page_Streetlogix/Page_Streetlogix/Page_Streetlogix/Page_Streetlogix/div_labor' is clicked on

2023-03-09 12:18:40 - [TEST_STEP][PASSED] - click(findTestObject("Work order 4.0/Page_Streetlogix/Workorder page objects/Page_Streetlogix/li_Supervisor - 30")): Object: 'Object Repository/Work order 4.0/Page_Streetlogix/Workorder page objects/Page_Streetlogix/li_Supervisor - 30' is clicked on

2023-03-09 12:18:41 - [MESSAGE][PASSED] - Object: 'Object Repository/Work order 4.0/Page_Streetlogix/Workorder page objects/Page_Streetlogix/li_Supervisor - 30' is clicked on

2023-03-09 12:18:41 - [TEST_STEP][PASSED] - click(findTestObject("Work order 4.0/Page_Streetlogix/Workorder page objects/Page_Streetlogix/span_Save")): Object: 'Object Repository/Work order 4.0/Page_Streetlogix/Workorder page objects/Page_Streetlogix/span_Save' is clicked on

2023-03-09 12:18:42 - [MESSAGE][PASSED] - Object: 'Object Repository/Work order 4.0/Page_Streetlogix/Workorder page objects/Page_Streetlogix/span_Save' is clicked on

2023-03-09 12:18:42 - [TEST_STEP][PASSED] - countAfter = database_keywords.test.Database_Keywords.getWorkOrdersCount(): database_keywords.test.Database_Keywords.getWorkOrdersCount is PASSED

2023-03-09 12:18:48 - [MESSAGE][PASSED] - database_keywords.test.Database_Keywords.getWorkOrdersCount is PASSED

2023-03-09 12:18:48 - [TEST_STEP][PASSED] - println(countAfter): null

2023-03-09 12:18:48 - [TEST_STEP][PASSED] - if (countAfter == countBefore + 6): null

2023-03-09 12:18:48 - [TEST_STEP][PASSED] - println("Work Order Created"): null

2023-03-09 12:18:48 - [TEST_STEP][PASSED] - closeBrowser(): Browser is closed

2023-03-09 12:18:48 - [MESSAGE][PASSED] - Browser is closed]]></system-out>
         <system-err><![CDATA[]]></system-err>
      </testcase>
      <testcase name="Test Cases/GiS/Work order/Non Asset Attached WO/WO-monthly-NoAsset" time="49.976" classname="Test Cases/GiS/Work order/Non Asset Attached WO/WO-monthly-NoAsset" status="PASSED">
         <system-out><![CDATA[2023-03-09 12:18:48 - [TEST_CASE][PASSED] - Test Cases/GiS/Work order/Non Asset Attached WO/WO-monthly-NoAsset: Test Cases/GiS/Work order/Non Asset Attached WO/WO-monthly-NoAsset

2023-03-09 12:18:48 - [TEST_STEP][PASSED] - gis_url.test.URL.redirectURL(): gis_url.test.URL.redirectURL is PASSED

2023-03-09 12:18:48 - [MESSAGE][INFO] - Starting 'Chrome' driver

2023-03-09 12:18:48 - [MESSAGE][INFO] - Action delay is set to 0 milliseconds

2023-03-09 12:18:51 - [MESSAGE][PASSED] - Browser is opened with url: 'https://streetlogix-gis-slx4-develop.vercel.app/?config=64077fc938af4bcc9a46a81d8f4e5576&token=eyJhbGciOiJIUzI1NiIsInR5cCI6IkpXVCJ9.eyJpZCI6OTc2LCJuYW1lIjoiU29oYWliIE5laGFsIiwiZXhwIjoxNjgwNjgwOTg3LCJpYXQiOjE2NzgwODg5ODd9.hALLa1SO64ZYI--CeYjMno4uFOCwR9lK0Lzo7eCUaPk'

2023-03-09 12:18:51 - [MESSAGE][PASSED] - gis_url.test.URL.redirectURL is PASSED

2023-03-09 12:18:51 - [TEST_STEP][PASSED] - countBefore = database_keywords.test.Database_Keywords.getWorkOrdersCount(): database_keywords.test.Database_Keywords.getWorkOrdersCount is PASSED

2023-03-09 12:18:57 - [MESSAGE][PASSED] - database_keywords.test.Database_Keywords.getWorkOrdersCount is PASSED

2023-03-09 12:18:57 - [TEST_STEP][PASSED] - println(countBefore): null

2023-03-09 12:18:57 - [TEST_STEP][PASSED] - click(findTestObject("Work order 4.0/Page_Streetlogix/Workorder page objects/Page_Streetlogix/WO icon")): Object: 'Object Repository/Work order 4.0/Page_Streetlogix/Workorder page objects/Page_Streetlogix/WO icon' is clicked on

2023-03-09 12:19:00 - [MESSAGE][PASSED] - Object: 'Object Repository/Work order 4.0/Page_Streetlogix/Workorder page objects/Page_Streetlogix/WO icon' is clicked on

2023-03-09 12:19:00 - [TEST_STEP][PASSED] - click(findTestObject("Work order 4.0/Page_Streetlogix/Workorder page objects/Page_Streetlogix/Group Dropdown")): Object: 'Object Repository/Work order 4.0/Page_Streetlogix/Workorder page objects/Page_Streetlogix/Group Dropdown' is clicked on

2023-03-09 12:19:01 - [MESSAGE][PASSED] - Object: 'Object Repository/Work order 4.0/Page_Streetlogix/Workorder page objects/Page_Streetlogix/Group Dropdown' is clicked on

2023-03-09 12:19:01 - [TEST_STEP][PASSED] - click(findTestObject("Work order 4.0/Page_Streetlogix/Workorder page objects/Page_Streetlogix/li_Bridge Inspection")): Object: 'Object Repository/Work order 4.0/Page_Streetlogix/Workorder page objects/Page_Streetlogix/li_Bridge Inspection' is clicked on

2023-03-09 12:19:02 - [MESSAGE][PASSED] - Object: 'Object Repository/Work order 4.0/Page_Streetlogix/Workorder page objects/Page_Streetlogix/li_Bridge Inspection' is clicked on

2023-03-09 12:19:02 - [TEST_STEP][PASSED] - setText(findTestObject("Work order 4.0/Page_Streetlogix/Workorder page objects/Page_Streetlogix/input_Filter by form name_standard-full-width"), "No Asset form"): Text 'No Asset form' is set on object 'Object Repository/Work order 4.0/Page_Streetlogix/Workorder page objects/Page_Streetlogix/input_Filter by form name_standard-full-width'

2023-03-09 12:19:05 - [MESSAGE][PASSED] - Text 'No Asset form' is set on object 'Object Repository/Work order 4.0/Page_Streetlogix/Workorder page objects/Page_Streetlogix/input_Filter by form name_standard-full-width'

2023-03-09 12:19:05 - [TEST_STEP][PASSED] - click(findTestObject("Work order 4.0/Page_Streetlogix/Workorder page objects/Page_Streetlogix/Page_Streetlogix/Page_Streetlogix/Page_Streetlogix/span_No Asset form")): Object: 'Object Repository/Work order 4.0/Page_Streetlogix/Workorder page objects/Page_Streetlogix/Page_Streetlogix/Page_Streetlogix/Page_Streetlogix/span_No Asset form' is clicked on

2023-03-09 12:19:05 - [MESSAGE][PASSED] - Object: 'Object Repository/Work order 4.0/Page_Streetlogix/Workorder page objects/Page_Streetlogix/Page_Streetlogix/Page_Streetlogix/Page_Streetlogix/span_No Asset form' is clicked on

2023-03-09 12:19:05 - [TEST_STEP][PASSED] - click(findTestObject("Work order 4.0/Page_Streetlogix/Workorder page objects/Page_Streetlogix/input_Select Assignee_assignee-autocomplete")): Object: 'Object Repository/Work order 4.0/Page_Streetlogix/Workorder page objects/Page_Streetlogix/input_Select Assignee_assignee-autocomplete' is clicked on

2023-03-09 12:19:07 - [MESSAGE][PASSED] - Object: 'Object Repository/Work order 4.0/Page_Streetlogix/Workorder page objects/Page_Streetlogix/input_Select Assignee_assignee-autocomplete' is clicked on

2023-03-09 12:19:07 - [TEST_STEP][PASSED] - click(findTestObject("Work order 4.0/Page_Streetlogix/Workorder page objects/Page_Streetlogix/span_ami  admin")): Object: 'Object Repository/Work order 4.0/Page_Streetlogix/Workorder page objects/Page_Streetlogix/span_ami  admin' is clicked on

2023-03-09 12:19:07 - [MESSAGE][PASSED] - Object: 'Object Repository/Work order 4.0/Page_Streetlogix/Workorder page objects/Page_Streetlogix/span_ami  admin' is clicked on

2023-03-09 12:19:07 - [TEST_STEP][PASSED] - click(findTestObject("Work order 4.0/Page_Streetlogix/Workorder page objects/Page_Streetlogix/input_Collaborators_collaborators-autocomplete")): Object: 'Object Repository/Work order 4.0/Page_Streetlogix/Workorder page objects/Page_Streetlogix/input_Collaborators_collaborators-autocomplete' is clicked on

2023-03-09 12:19:08 - [MESSAGE][PASSED] - Object: 'Object Repository/Work order 4.0/Page_Streetlogix/Workorder page objects/Page_Streetlogix/input_Collaborators_collaborators-autocomplete' is clicked on

2023-03-09 12:19:08 - [TEST_STEP][PASSED] - click(findTestObject("Work order 4.0/Page_Streetlogix/Workorder page objects/Page_Streetlogix/span_ami  admin")): Object: 'Object Repository/Work order 4.0/Page_Streetlogix/Workorder page objects/Page_Streetlogix/span_ami  admin' is clicked on

2023-03-09 12:19:08 - [MESSAGE][PASSED] - Object: 'Object Repository/Work order 4.0/Page_Streetlogix/Workorder page objects/Page_Streetlogix/span_ami  admin' is clicked on

2023-03-09 12:19:08 - [TEST_STEP][PASSED] - click(findTestObject("Work order 4.0/Page_Streetlogix/Workorder page objects/Page_Streetlogix/h6_Bridge Maintenance")): Object: 'Object Repository/Work order 4.0/Page_Streetlogix/Workorder page objects/Page_Streetlogix/h6_Bridge Maintenance' is clicked on

2023-03-09 12:19:09 - [MESSAGE][PASSED] - Object: 'Object Repository/Work order 4.0/Page_Streetlogix/Workorder page objects/Page_Streetlogix/h6_Bridge Maintenance' is clicked on

2023-03-09 12:19:09 - [TEST_STEP][PASSED] - setText(findTestObject("Work order 4.0/Page_Streetlogix/Workorder page objects/Page_Streetlogix/Page_Streetlogix/Page_Streetlogix/input_Address_asset-id-address"), "12 vim"): Text '12 vim' is set on object 'Object Repository/Work order 4.0/Page_Streetlogix/Workorder page objects/Page_Streetlogix/Page_Streetlogix/Page_Streetlogix/input_Address_asset-id-address'

2023-03-09 12:19:10 - [MESSAGE][PASSED] - Text '12 vim' is set on object 'Object Repository/Work order 4.0/Page_Streetlogix/Workorder page objects/Page_Streetlogix/Page_Streetlogix/Page_Streetlogix/input_Address_asset-id-address'

2023-03-09 12:19:10 - [TEST_STEP][PASSED] - click(findTestObject("Work order 4.0/Page_Streetlogix/Workorder page objects/Page_Streetlogix/Page_Streetlogix/Page_Streetlogix/Page_Streetlogix/span_Vim Dr, Louisville, Kentucky, 40213")): Object: 'Object Repository/Work order 4.0/Page_Streetlogix/Workorder page objects/Page_Streetlogix/Page_Streetlogix/Page_Streetlogix/Page_Streetlogix/span_Vim Dr, Louisville, Kentucky, 40213' is clicked on

2023-03-09 12:19:12 - [MESSAGE][PASSED] - Object: 'Object Repository/Work order 4.0/Page_Streetlogix/Workorder page objects/Page_Streetlogix/Page_Streetlogix/Page_Streetlogix/Page_Streetlogix/span_Vim Dr, Louisville, Kentucky, 40213' is clicked on

2023-03-09 12:19:12 - [TEST_STEP][PASSED] - setText(findTestObject("Work order 4.0/Page_Streetlogix/Workorder page objects/Page_Streetlogix/textarea_Test"), "Test"): Text 'Test' is set on object 'Object Repository/Work order 4.0/Page_Streetlogix/Workorder page objects/Page_Streetlogix/textarea_Test'

2023-03-09 12:19:13 - [MESSAGE][PASSED] - Text 'Test' is set on object 'Object Repository/Work order 4.0/Page_Streetlogix/Workorder page objects/Page_Streetlogix/textarea_Test'

2023-03-09 12:19:13 - [TEST_STEP][PASSED] - click(findTestObject("Work order 4.0/Page_Streetlogix/Workorder page objects/Page_Streetlogix/Page_Streetlogix/Page_Streetlogix/div_Urgent")): Object: 'Object Repository/Work order 4.0/Page_Streetlogix/Workorder page objects/Page_Streetlogix/Page_Streetlogix/Page_Streetlogix/div_Urgent' is clicked on

2023-03-09 12:19:14 - [MESSAGE][PASSED] - Object: 'Object Repository/Work order 4.0/Page_Streetlogix/Workorder page objects/Page_Streetlogix/Page_Streetlogix/Page_Streetlogix/div_Urgent' is clicked on

2023-03-09 12:19:14 - [TEST_STEP][PASSED] - click(findTestObject("Work order 4.0/Page_Streetlogix/Workorder page objects/Page_Streetlogix/li_High")): Object: 'Object Repository/Work order 4.0/Page_Streetlogix/Workorder page objects/Page_Streetlogix/li_High' is clicked on

2023-03-09 12:19:14 - [MESSAGE][PASSED] - Object: 'Object Repository/Work order 4.0/Page_Streetlogix/Workorder page objects/Page_Streetlogix/li_High' is clicked on

2023-03-09 12:19:14 - [TEST_STEP][PASSED] - click(findTestObject("Work order 4.0/Page_Streetlogix/Workorder page objects/Page_Streetlogix/input_Upload_repeatingWorkOrder")): Object: 'Object Repository/Work order 4.0/Page_Streetlogix/Workorder page objects/Page_Streetlogix/input_Upload_repeatingWorkOrder' is clicked on

2023-03-09 12:19:15 - [MESSAGE][PASSED] - Object: 'Object Repository/Work order 4.0/Page_Streetlogix/Workorder page objects/Page_Streetlogix/input_Upload_repeatingWorkOrder' is clicked on

2023-03-09 12:19:15 - [TEST_STEP][PASSED] - click(findTestObject("Work order 4.0/Page_Streetlogix/Workorder page objects/Page_Streetlogix/div_Daily")): Object: 'Object Repository/Work order 4.0/Page_Streetlogix/Workorder page objects/Page_Streetlogix/div_Daily' is clicked on

2023-03-09 12:19:16 - [MESSAGE][PASSED] - Object: 'Object Repository/Work order 4.0/Page_Streetlogix/Workorder page objects/Page_Streetlogix/div_Daily' is clicked on

2023-03-09 12:19:16 - [TEST_STEP][PASSED] - click(findTestObject("Work order 4.0/Page_Streetlogix/Workorder page objects/Page_Streetlogix/li_Monthly")): Object: 'Object Repository/Work order 4.0/Page_Streetlogix/Workorder page objects/Page_Streetlogix/li_Monthly' is clicked on

2023-03-09 12:19:16 - [MESSAGE][PASSED] - Object: 'Object Repository/Work order 4.0/Page_Streetlogix/Workorder page objects/Page_Streetlogix/li_Monthly' is clicked on

2023-03-09 12:19:16 - [TEST_STEP][PASSED] - click(findTestObject("Work order 4.0/Page_Streetlogix/Workorder page objects/Page_Streetlogix/input_Statement Field Test_equipment")): Object: 'Object Repository/Work order 4.0/Page_Streetlogix/Workorder page objects/Page_Streetlogix/input_Statement Field Test_equipment' is clicked on

2023-03-09 12:19:17 - [MESSAGE][PASSED] - Object: 'Object Repository/Work order 4.0/Page_Streetlogix/Workorder page objects/Page_Streetlogix/input_Statement Field Test_equipment' is clicked on

2023-03-09 12:19:17 - [TEST_STEP][PASSED] - delay(3): Delayed 3 second(s)

2023-03-09 12:19:20 - [MESSAGE][PASSED] - Delayed 3 second(s)

2023-03-09 12:19:20 - [TEST_STEP][PASSED] - click(findTestObject("Work order 4.0/Page_Streetlogix/Workorder page objects/Page_Streetlogix/Page_Streetlogix/Page_Streetlogix/Page_Streetlogix/div_equip")): Object: 'Object Repository/Work order 4.0/Page_Streetlogix/Workorder page objects/Page_Streetlogix/Page_Streetlogix/Page_Streetlogix/Page_Streetlogix/div_equip' is clicked on

2023-03-09 12:19:21 - [MESSAGE][PASSED] - Object: 'Object Repository/Work order 4.0/Page_Streetlogix/Workorder page objects/Page_Streetlogix/Page_Streetlogix/Page_Streetlogix/Page_Streetlogix/div_equip' is clicked on

2023-03-09 12:19:21 - [TEST_STEP][PASSED] - click(findTestObject("Work order 4.0/Page_Streetlogix/Workorder page objects/Page_Streetlogix/li_Snow Plow - 15")): Object: 'Object Repository/Work order 4.0/Page_Streetlogix/Workorder page objects/Page_Streetlogix/li_Snow Plow - 15' is clicked on

2023-03-09 12:19:21 - [MESSAGE][PASSED] - Object: 'Object Repository/Work order 4.0/Page_Streetlogix/Workorder page objects/Page_Streetlogix/li_Snow Plow - 15' is clicked on

2023-03-09 12:19:21 - [TEST_STEP][PASSED] - click(findTestObject("Work order 4.0/Page_Streetlogix/Workorder page objects/Page_Streetlogix/input_Add Item_material")): Object: 'Object Repository/Work order 4.0/Page_Streetlogix/Workorder page objects/Page_Streetlogix/input_Add Item_material' is clicked on

2023-03-09 12:19:22 - [MESSAGE][PASSED] - Object: 'Object Repository/Work order 4.0/Page_Streetlogix/Workorder page objects/Page_Streetlogix/input_Add Item_material' is clicked on

2023-03-09 12:19:22 - [TEST_STEP][PASSED] - delay(3): Delayed 3 second(s)

2023-03-09 12:19:25 - [MESSAGE][PASSED] - Delayed 3 second(s)

2023-03-09 12:19:25 - [TEST_STEP][PASSED] - click(findTestObject("Work order 4.0/Page_Streetlogix/Workorder page objects/Page_Streetlogix/Page_Streetlogix/Page_Streetlogix/Page_Streetlogix/div_material")): Object: 'Object Repository/Work order 4.0/Page_Streetlogix/Workorder page objects/Page_Streetlogix/Page_Streetlogix/Page_Streetlogix/Page_Streetlogix/div_material' is clicked on

2023-03-09 12:19:26 - [MESSAGE][PASSED] - Object: 'Object Repository/Work order 4.0/Page_Streetlogix/Workorder page objects/Page_Streetlogix/Page_Streetlogix/Page_Streetlogix/Page_Streetlogix/div_material' is clicked on

2023-03-09 12:19:26 - [TEST_STEP][PASSED] - click(findTestObject("Work order 4.0/Page_Streetlogix/Workorder page objects/Page_Streetlogix/li_Asphalt - 22")): Object: 'Object Repository/Work order 4.0/Page_Streetlogix/Workorder page objects/Page_Streetlogix/li_Asphalt - 22' is clicked on

2023-03-09 12:19:26 - [MESSAGE][PASSED] - Object: 'Object Repository/Work order 4.0/Page_Streetlogix/Workorder page objects/Page_Streetlogix/li_Asphalt - 22' is clicked on

2023-03-09 12:19:26 - [TEST_STEP][PASSED] - click(findTestObject("Work order 4.0/Page_Streetlogix/Workorder page objects/Page_Streetlogix/input_Add Item_labor")): Object: 'Object Repository/Work order 4.0/Page_Streetlogix/Workorder page objects/Page_Streetlogix/input_Add Item_labor' is clicked on

2023-03-09 12:19:27 - [MESSAGE][PASSED] - Object: 'Object Repository/Work order 4.0/Page_Streetlogix/Workorder page objects/Page_Streetlogix/input_Add Item_labor' is clicked on

2023-03-09 12:19:27 - [TEST_STEP][PASSED] - delay(3): Delayed 3 second(s)

2023-03-09 12:19:30 - [MESSAGE][PASSED] - Delayed 3 second(s)

2023-03-09 12:19:30 - [TEST_STEP][PASSED] - click(findTestObject("Work order 4.0/Page_Streetlogix/Workorder page objects/Page_Streetlogix/Page_Streetlogix/Page_Streetlogix/Page_Streetlogix/div_labor")): Object: 'Object Repository/Work order 4.0/Page_Streetlogix/Workorder page objects/Page_Streetlogix/Page_Streetlogix/Page_Streetlogix/Page_Streetlogix/div_labor' is clicked on

2023-03-09 12:19:31 - [MESSAGE][PASSED] - Object: 'Object Repository/Work order 4.0/Page_Streetlogix/Workorder page objects/Page_Streetlogix/Page_Streetlogix/Page_Streetlogix/Page_Streetlogix/div_labor' is clicked on

2023-03-09 12:19:31 - [TEST_STEP][PASSED] - click(findTestObject("Work order 4.0/Page_Streetlogix/Workorder page objects/Page_Streetlogix/li_Supervisor - 30")): Object: 'Object Repository/Work order 4.0/Page_Streetlogix/Workorder page objects/Page_Streetlogix/li_Supervisor - 30' is clicked on

2023-03-09 12:19:31 - [MESSAGE][PASSED] - Object: 'Object Repository/Work order 4.0/Page_Streetlogix/Workorder page objects/Page_Streetlogix/li_Supervisor - 30' is clicked on

2023-03-09 12:19:31 - [TEST_STEP][PASSED] - click(findTestObject("Work order 4.0/Page_Streetlogix/Workorder page objects/Page_Streetlogix/span_Save")): Object: 'Object Repository/Work order 4.0/Page_Streetlogix/Workorder page objects/Page_Streetlogix/span_Save' is clicked on

2023-03-09 12:19:32 - [MESSAGE][PASSED] - Object: 'Object Repository/Work order 4.0/Page_Streetlogix/Workorder page objects/Page_Streetlogix/span_Save' is clicked on

2023-03-09 12:19:32 - [TEST_STEP][PASSED] - countAfter = database_keywords.test.Database_Keywords.getWorkOrdersCount(): database_keywords.test.Database_Keywords.getWorkOrdersCount is PASSED

2023-03-09 12:19:38 - [MESSAGE][PASSED] - database_keywords.test.Database_Keywords.getWorkOrdersCount is PASSED

2023-03-09 12:19:38 - [TEST_STEP][PASSED] - println(countAfter): null

2023-03-09 12:19:38 - [TEST_STEP][PASSED] - if (countAfter == countBefore + 1): null

2023-03-09 12:19:38 - [TEST_STEP][PASSED] - println("Work Order Created"): null

2023-03-09 12:19:38 - [TEST_STEP][PASSED] - closeBrowser(): Browser is closed

2023-03-09 12:19:38 - [MESSAGE][PASSED] - Browser is closed]]></system-out>
         <system-err><![CDATA[]]></system-err>
      </testcase>
      <system-out><![CDATA[2023-03-09 11:41:01 - [TEST_SUITE][FAILED] - GIS: Test Cases/GiS/Layers/Statistics on GIS layer FAILED.
Reason:
com.kms.katalon.core.exception.StepFailedException: Unable to verify match between actual text '3125234580' and expected text '-1169732716' (Root cause: com.kms.katalon.core.exception.StepFailedException: Actual text '3125234580' and expected text '-1169732716' are not matched
	at com.kms.katalon.core.keyword.builtin.VerifyMatchKeyword$_verifyMatch_closure1.doCall(VerifyMatchKeyword.groovy:57)
	at com.kms.katalon.core.keyword.builtin.VerifyMatchKeyword$_verifyMatch_closure1.call(VerifyMatchKeyword.groovy)
	at com.kms.katalon.core.keyword.internal.KeywordMain.runKeyword(KeywordMain.groovy:74)
	at com.kms.katalon.core.keyword.builtin.VerifyMatchKeyword.verifyMatch(VerifyMatchKeyword.groovy:60)
	at com.kms.katalon.core.keyword.builtin.VerifyMatchKeyword.execute(VerifyMatchKeyword.groovy:45)
	at com.kms.katalon.core.keyword.internal.KeywordExecutor.executeKeywordForPlatform(KeywordExecutor.groovy:74)
	at com.kms.katalon.core.keyword.BuiltinKeywords.verifyMatch(BuiltinKeywords.groovy:73)
	at Statistics on GIS layer.run(Statistics on GIS layer:53)
	at com.kms.katalon.core.main.ScriptEngine.run(ScriptEngine.java:194)
	at com.kms.katalon.core.main.ScriptEngine.runScriptAsRawText(ScriptEngine.java:119)
	at com.kms.katalon.core.main.TestCaseExecutor.runScript(TestCaseExecutor.java:448)
	at com.kms.katalon.core.main.TestCaseExecutor.doExecute(TestCaseExecutor.java:439)
	at com.kms.katalon.core.main.TestCaseExecutor.processExecutionPhase(TestCaseExecutor.java:418)
	at com.kms.katalon.core.main.TestCaseExecutor.accessMainPhase(TestCaseExecutor.java:410)
	at com.kms.katalon.core.main.TestCaseExecutor.execute(TestCaseExecutor.java:285)
	at com.kms.katalon.core.common.CommonExecutor.accessTestCaseMainPhase(CommonExecutor.java:65)
	at com.kms.katalon.core.main.TestSuiteExecutor.accessTestSuiteMainPhase(TestSuiteExecutor.java:151)
	at com.kms.katalon.core.main.TestSuiteExecutor.execute(TestSuiteExecutor.java:106)
	at com.kms.katalon.core.main.TestCaseMain.startTestSuite(TestCaseMain.java:185)
	at com.kms.katalon.core.main.TestCaseMain$startTestSuite$0.call(Unknown Source)
	at TempTestSuite1678344058063.run(TempTestSuite1678344058063.groovy:36)
)
	at com.kms.katalon.core.keyword.internal.KeywordMain.stepFailed(KeywordMain.groovy:39)
	at com.kms.katalon.core.keyword.internal.KeywordMain.stepFailed(KeywordMain.groovy)
	at com.kms.katalon.core.keyword.internal.KeywordMain.runKeyword(KeywordMain.groovy:76)
	at com.kms.katalon.core.keyword.builtin.VerifyMatchKeyword.verifyMatch(VerifyMatchKeyword.groovy:60)
	at com.kms.katalon.core.keyword.builtin.VerifyMatchKeyword.execute(VerifyMatchKeyword.groovy:45)
	at com.kms.katalon.core.keyword.internal.KeywordExecutor.executeKeywordForPlatform(KeywordExecutor.groovy:74)
	at com.kms.katalon.core.keyword.BuiltinKeywords.verifyMatch(BuiltinKeywords.groovy:73)
	at Statistics on GIS layer.run(Statistics on GIS layer:53)
	at com.kms.katalon.core.main.ScriptEngine.run(ScriptEngine.java:194)
	at com.kms.katalon.core.main.ScriptEngine.runScriptAsRawText(ScriptEngine.java:119)
	at com.kms.katalon.core.main.TestCaseExecutor.runScript(TestCaseExecutor.java:448)
	at com.kms.katalon.core.main.TestCaseExecutor.doExecute(TestCaseExecutor.java:439)
	at com.kms.katalon.core.main.TestCaseExecutor.processExecutionPhase(TestCaseExecutor.java:418)
	at com.kms.katalon.core.main.TestCaseExecutor.accessMainPhase(TestCaseExecutor.java:410)
	at com.kms.katalon.core.main.TestCaseExecutor.execute(TestCaseExecutor.java:285)
	at com.kms.katalon.core.common.CommonExecutor.accessTestCaseMainPhase(CommonExecutor.java:65)
	at com.kms.katalon.core.main.TestSuiteExecutor.accessTestSuiteMainPhase(TestSuiteExecutor.java:151)
	at com.kms.katalon.core.main.TestSuiteExecutor.execute(TestSuiteExecutor.java:106)
	at com.kms.katalon.core.main.TestCaseMain.startTestSuite(TestCaseMain.java:185)
	at com.kms.katalon.core.main.TestCaseMain$startTestSuite$0.call(Unknown Source)
	at TempTestSuite1678344058063.run(TempTestSuite1678344058063.groovy:36)
Caused by: com.kms.katalon.core.exception.StepFailedException: Actual text '3125234580' and expected text '-1169732716' are not matched
	at com.kms.katalon.core.keyword.builtin.VerifyMatchKeyword$_verifyMatch_closure1.doCall(VerifyMatchKeyword.groovy:57)
	at com.kms.katalon.core.keyword.builtin.VerifyMatchKeyword$_verifyMatch_closure1.call(VerifyMatchKeyword.groovy)
	at com.kms.katalon.core.keyword.internal.KeywordMain.runKeyword(KeywordMain.groovy:74)
	... 18 more]]></system-out>
      <system-err><![CDATA[2023-03-09 11:41:01 - [TEST_SUITE][FAILED] - GIS: Test Cases/GiS/Layers/Statistics on GIS layer FAILED.
Reason:
com.kms.katalon.core.exception.StepFailedException: Unable to verify match between actual text '3125234580' and expected text '-1169732716' (Root cause: com.kms.katalon.core.exception.StepFailedException: Actual text '3125234580' and expected text '-1169732716' are not matched
	at com.kms.katalon.core.keyword.builtin.VerifyMatchKeyword$_verifyMatch_closure1.doCall(VerifyMatchKeyword.groovy:57)
	at com.kms.katalon.core.keyword.builtin.VerifyMatchKeyword$_verifyMatch_closure1.call(VerifyMatchKeyword.groovy)
	at com.kms.katalon.core.keyword.internal.KeywordMain.runKeyword(KeywordMain.groovy:74)
	at com.kms.katalon.core.keyword.builtin.VerifyMatchKeyword.verifyMatch(VerifyMatchKeyword.groovy:60)
	at com.kms.katalon.core.keyword.builtin.VerifyMatchKeyword.execute(VerifyMatchKeyword.groovy:45)
	at com.kms.katalon.core.keyword.internal.KeywordExecutor.executeKeywordForPlatform(KeywordExecutor.groovy:74)
	at com.kms.katalon.core.keyword.BuiltinKeywords.verifyMatch(BuiltinKeywords.groovy:73)
	at Statistics on GIS layer.run(Statistics on GIS layer:53)
	at com.kms.katalon.core.main.ScriptEngine.run(ScriptEngine.java:194)
	at com.kms.katalon.core.main.ScriptEngine.runScriptAsRawText(ScriptEngine.java:119)
	at com.kms.katalon.core.main.TestCaseExecutor.runScript(TestCaseExecutor.java:448)
	at com.kms.katalon.core.main.TestCaseExecutor.doExecute(TestCaseExecutor.java:439)
	at com.kms.katalon.core.main.TestCaseExecutor.processExecutionPhase(TestCaseExecutor.java:418)
	at com.kms.katalon.core.main.TestCaseExecutor.accessMainPhase(TestCaseExecutor.java:410)
	at com.kms.katalon.core.main.TestCaseExecutor.execute(TestCaseExecutor.java:285)
	at com.kms.katalon.core.common.CommonExecutor.accessTestCaseMainPhase(CommonExecutor.java:65)
	at com.kms.katalon.core.main.TestSuiteExecutor.accessTestSuiteMainPhase(TestSuiteExecutor.java:151)
	at com.kms.katalon.core.main.TestSuiteExecutor.execute(TestSuiteExecutor.java:106)
	at com.kms.katalon.core.main.TestCaseMain.startTestSuite(TestCaseMain.java:185)
	at com.kms.katalon.core.main.TestCaseMain$startTestSuite$0.call(Unknown Source)
	at TempTestSuite1678344058063.run(TempTestSuite1678344058063.groovy:36)
)
	at com.kms.katalon.core.keyword.internal.KeywordMain.stepFailed(KeywordMain.groovy:39)
	at com.kms.katalon.core.keyword.internal.KeywordMain.stepFailed(KeywordMain.groovy)
	at com.kms.katalon.core.keyword.internal.KeywordMain.runKeyword(KeywordMain.groovy:76)
	at com.kms.katalon.core.keyword.builtin.VerifyMatchKeyword.verifyMatch(VerifyMatchKeyword.groovy:60)
	at com.kms.katalon.core.keyword.builtin.VerifyMatchKeyword.execute(VerifyMatchKeyword.groovy:45)
	at com.kms.katalon.core.keyword.internal.KeywordExecutor.executeKeywordForPlatform(KeywordExecutor.groovy:74)
	at com.kms.katalon.core.keyword.BuiltinKeywords.verifyMatch(BuiltinKeywords.groovy:73)
	at Statistics on GIS layer.run(Statistics on GIS layer:53)
	at com.kms.katalon.core.main.ScriptEngine.run(ScriptEngine.java:194)
	at com.kms.katalon.core.main.ScriptEngine.runScriptAsRawText(ScriptEngine.java:119)
	at com.kms.katalon.core.main.TestCaseExecutor.runScript(TestCaseExecutor.java:448)
	at com.kms.katalon.core.main.TestCaseExecutor.doExecute(TestCaseExecutor.java:439)
	at com.kms.katalon.core.main.TestCaseExecutor.processExecutionPhase(TestCaseExecutor.java:418)
	at com.kms.katalon.core.main.TestCaseExecutor.accessMainPhase(TestCaseExecutor.java:410)
	at com.kms.katalon.core.main.TestCaseExecutor.execute(TestCaseExecutor.java:285)
	at com.kms.katalon.core.common.CommonExecutor.accessTestCaseMainPhase(CommonExecutor.java:65)
	at com.kms.katalon.core.main.TestSuiteExecutor.accessTestSuiteMainPhase(TestSuiteExecutor.java:151)
	at com.kms.katalon.core.main.TestSuiteExecutor.execute(TestSuiteExecutor.java:106)
	at com.kms.katalon.core.main.TestCaseMain.startTestSuite(TestCaseMain.java:185)
	at com.kms.katalon.core.main.TestCaseMain$startTestSuite$0.call(Unknown Source)
	at TempTestSuite1678344058063.run(TempTestSuite1678344058063.groovy:36)
Caused by: com.kms.katalon.core.exception.StepFailedException: Actual text '3125234580' and expected text '-1169732716' are not matched
	at com.kms.katalon.core.keyword.builtin.VerifyMatchKeyword$_verifyMatch_closure1.doCall(VerifyMatchKeyword.groovy:57)
	at com.kms.katalon.core.keyword.builtin.VerifyMatchKeyword$_verifyMatch_closure1.call(VerifyMatchKeyword.groovy)
	at com.kms.katalon.core.keyword.internal.KeywordMain.runKeyword(KeywordMain.groovy:74)
	... 18 more]]></system-err>
   </testsuite>
</testsuites>
