<?xml version="1.0" encoding="UTF-8"?>
<testsuites name="GIS" time="2317.514" tests="15" failures="3" errors="0">
   <testsuite name="GIS" tests="15" failures="3" errors="0" time="2317.514" skipped="0" timestamp="2023-02-23 03:49:18" hostname="kashif - localhost" id="Test Suites/GIS">
      <properties>
         <property name="deviceName" value=""/>
         <property name="devicePlatform" value=""/>
         <property name="logFolder" value="/Users/kashif/Downloads/Kashif/Katalon Studio/4.0_fresh/4.0 Fresh/Reports/20230223_034907/GIS/20230223_034908"/>
         <property name="logFiles" value="/Users/kashif/Downloads/Kashif/Katalon Studio/4.0_fresh/4.0 Fresh/Reports/20230223_034907/GIS/20230223_034908/execution0.log"/>
         <property name="attachments" value="/Users/kashif/Downloads/Kashif/Katalon Studio/4.0_fresh/4.0 Fresh/Reports/20230223_034907/GIS/20230223_034908/1677107628124.png, /Users/kashif/Downloads/Kashif/Katalon Studio/4.0_fresh/4.0 Fresh/Reports/20230223_034907/GIS/20230223_034908/1677107823969.png, /Users/kashif/Downloads/Kashif/Katalon Studio/4.0_fresh/4.0 Fresh/Reports/20230223_034907/GIS/20230223_034908/1677107938051.png, /Users/kashif/Downloads/Kashif/Katalon Studio/4.0_fresh/4.0 Fresh/Reports/20230223_034907/GIS/20230223_034908/1677108044835.png, /Users/kashif/Downloads/Kashif/Katalon Studio/4.0_fresh/4.0 Fresh/Reports/20230223_034907/GIS/20230223_034908/1677108082362.png, /Users/kashif/Downloads/Kashif/Katalon Studio/4.0_fresh/4.0 Fresh/Reports/20230223_034907/GIS/20230223_034908/1677108171587.png, /Users/kashif/Downloads/Kashif/Katalon Studio/4.0_fresh/4.0 Fresh/Reports/20230223_034907/GIS/20230223_034908/1677108317439.png, /Users/kashif/Downloads/Kashif/Katalon Studio/4.0_fresh/4.0 Fresh/Reports/20230223_034907/GIS/20230223_034908/1677108353961.png, /Users/kashif/Downloads/Kashif/Katalon Studio/4.0_fresh/4.0 Fresh/Reports/20230223_034907/GIS/20230223_034908/1677108438545.png, /Users/kashif/Downloads/Kashif/Katalon Studio/4.0_fresh/4.0 Fresh/Reports/20230223_034907/GIS/20230223_034908/1677108475319.png"/>
         <property name="hostName" value="kashif - localhost"/>
         <property name="os" value="Mac OS X 64bit"/>
         <property name="katalonVersion" value="8.5.5.208"/>
         <property name="browser" value="Chrome 110.0.0.0"/>
         <property name="hostAddress" value="127.0.0.1"/>
         <property name="sessionId" value="178d723a45a7943c3836dcbb68424174"/>
         <property name="seleniumVersion" value="3.141.59"/>
         <property name="proxyInformation" value="ProxyInformation { proxyOption=NO_PROXY, proxyServerType=HTTP, username=, password=********, proxyServerAddress=, proxyServerPort=0, executionList=&quot;&quot;, isApplyToDesiredCapabilities=true }"/>
         <property name="platform" value="Mac OS X"/>
      </properties>
      <testcase name="Test Cases/GiS/Work order/Work_order_Yearly" time="316.594" classname="Test Cases/GiS/Work order/Work_order_Yearly" status="PASSED">
         <system-out><![CDATA[2023-02-23 03:49:19 - [TEST_CASE][PASSED] - Test Cases/GiS/Work order/Work_order_Yearly: Test Cases/GiS/Work order/Work_order_Yearly

2023-02-23 03:49:19 - [TEST_STEP][PASSED] - gis_url.test.URL.redirectURL(): gis_url.test.URL.redirectURL is PASSED

2023-02-23 03:49:19 - [MESSAGE][INFO] - Starting 'Chrome' driver

2023-02-23 03:49:19 - [MESSAGE][INFO] - Action delay is set to 0 milliseconds

2023-02-23 03:49:24 - [MESSAGE][PASSED] - Browser is opened with url: 'https://streetlogix-gis-slx4-develop.vercel.app/?config=64077fc938af4bcc9a46a81d8f4e5576&token=eyJhbGciOiJIUzI1NiIsInR5cCI6IkpXVCJ9.eyJpZCI6OTc2LCJuYW1lIjoiU29oYWliIE5laGFsIiwiZXhwIjoxNjc5NTk1OTE0LCJpYXQiOjE2NzcwMDM5MTR9.2xH46-6Ez-I1oUKcoFhQjnTNUOtwKNfZcleU9MbUdCY'

2023-02-23 03:49:24 - [MESSAGE][PASSED] - gis_url.test.URL.redirectURL is PASSED

2023-02-23 03:49:24 - [TEST_STEP][PASSED] - countBefore = database_keywords.test.Database_Keywords.getWorkOrdersCount(): database_keywords.test.Database_Keywords.getWorkOrdersCount is PASSED

2023-02-23 03:49:30 - [MESSAGE][PASSED] - database_keywords.test.Database_Keywords.getWorkOrdersCount is PASSED

2023-02-23 03:49:30 - [TEST_STEP][PASSED] - println(countBefore): null

2023-02-23 03:49:30 - [TEST_STEP][PASSED] - click(findTestObject("Work order 4.0/Page_Streetlogix/Workorder page objects/Page_Streetlogix/WO icon")): Object: 'Object Repository/Work order 4.0/Page_Streetlogix/Workorder page objects/Page_Streetlogix/WO icon' is clicked on

2023-02-23 03:50:00 - [MESSAGE][PASSED] - Object: 'Object Repository/Work order 4.0/Page_Streetlogix/Workorder page objects/Page_Streetlogix/WO icon' is clicked on

2023-02-23 03:50:00 - [TEST_STEP][PASSED] - click(findTestObject("Work order 4.0/Page_Streetlogix/Workorder page objects/Page_Streetlogix/Group Dropdown")): Object: 'Object Repository/Work order 4.0/Page_Streetlogix/Workorder page objects/Page_Streetlogix/Group Dropdown' is clicked on

2023-02-23 03:50:31 - [MESSAGE][PASSED] - Object: 'Object Repository/Work order 4.0/Page_Streetlogix/Workorder page objects/Page_Streetlogix/Group Dropdown' is clicked on

2023-02-23 03:50:31 - [TEST_STEP][PASSED] - click(findTestObject("Work order 4.0/Page_Streetlogix/Workorder page objects/Page_Streetlogix/li_Bridge Inspection")): Object: 'Object Repository/Work order 4.0/Page_Streetlogix/Workorder page objects/Page_Streetlogix/li_Bridge Inspection' is clicked on

2023-02-23 03:51:01 - [MESSAGE][PASSED] - Object: 'Object Repository/Work order 4.0/Page_Streetlogix/Workorder page objects/Page_Streetlogix/li_Bridge Inspection' is clicked on

2023-02-23 03:51:01 - [TEST_STEP][PASSED] - setText(findTestObject("Work order 4.0/Page_Streetlogix/Workorder page objects/Page_Streetlogix/input_Filter by form name_standard-full-width"), "Bridge maintenance"): Text 'Bridge maintenance' is set on object 'Object Repository/Work order 4.0/Page_Streetlogix/Workorder page objects/Page_Streetlogix/input_Filter by form name_standard-full-width'

2023-02-23 03:52:01 - [MESSAGE][PASSED] - Text 'Bridge maintenance' is set on object 'Object Repository/Work order 4.0/Page_Streetlogix/Workorder page objects/Page_Streetlogix/input_Filter by form name_standard-full-width'

2023-02-23 03:52:01 - [TEST_STEP][PASSED] - click(findTestObject("Work order 4.0/Page_Streetlogix/Workorder page objects/Page_Streetlogix/span_Bridge Maintenance")): Object: 'Object Repository/Work order 4.0/Page_Streetlogix/Workorder page objects/Page_Streetlogix/span_Bridge Maintenance' is clicked on

2023-02-23 03:52:32 - [MESSAGE][PASSED] - Object: 'Object Repository/Work order 4.0/Page_Streetlogix/Workorder page objects/Page_Streetlogix/span_Bridge Maintenance' is clicked on

2023-02-23 03:52:32 - [TEST_STEP][PASSED] - click(findTestObject("Work order 4.0/Page_Streetlogix/Workorder page objects/Page_Streetlogix/input_Select Assignee_assignee-autocomplete")): Object: 'Object Repository/Work order 4.0/Page_Streetlogix/Workorder page objects/Page_Streetlogix/input_Select Assignee_assignee-autocomplete' is clicked on

2023-02-23 03:53:02 - [MESSAGE][PASSED] - Object: 'Object Repository/Work order 4.0/Page_Streetlogix/Workorder page objects/Page_Streetlogix/input_Select Assignee_assignee-autocomplete' is clicked on

2023-02-23 03:53:02 - [TEST_STEP][PASSED] - click(findTestObject("Work order 4.0/Page_Streetlogix/Workorder page objects/Page_Streetlogix/span_ami  admin")): Object: 'Object Repository/Work order 4.0/Page_Streetlogix/Workorder page objects/Page_Streetlogix/span_ami  admin' is clicked on

2023-02-23 03:53:32 - [MESSAGE][PASSED] - Object: 'Object Repository/Work order 4.0/Page_Streetlogix/Workorder page objects/Page_Streetlogix/span_ami  admin' is clicked on

2023-02-23 03:53:32 - [TEST_STEP][PASSED] - click(findTestObject("Work order 4.0/Page_Streetlogix/Workorder page objects/Page_Streetlogix/input_Collaborators_collaborators-autocomplete")): Object: 'Object Repository/Work order 4.0/Page_Streetlogix/Workorder page objects/Page_Streetlogix/input_Collaborators_collaborators-autocomplete' is clicked on

2023-02-23 03:54:02 - [MESSAGE][PASSED] - Object: 'Object Repository/Work order 4.0/Page_Streetlogix/Workorder page objects/Page_Streetlogix/input_Collaborators_collaborators-autocomplete' is clicked on

2023-02-23 03:54:02 - [TEST_STEP][PASSED] - click(findTestObject("Work order 4.0/Page_Streetlogix/Workorder page objects/Page_Streetlogix/span_ami  admin")): Object: 'Object Repository/Work order 4.0/Page_Streetlogix/Workorder page objects/Page_Streetlogix/span_ami  admin' is clicked on

2023-02-23 03:54:03 - [MESSAGE][PASSED] - Object: 'Object Repository/Work order 4.0/Page_Streetlogix/Workorder page objects/Page_Streetlogix/span_ami  admin' is clicked on

2023-02-23 03:54:03 - [TEST_STEP][PASSED] - click(findTestObject("Work order 4.0/Page_Streetlogix/Workorder page objects/Page_Streetlogix/h6_Bridge Maintenance")): Object: 'Object Repository/Work order 4.0/Page_Streetlogix/Workorder page objects/Page_Streetlogix/h6_Bridge Maintenance' is clicked on

2023-02-23 03:54:03 - [MESSAGE][PASSED] - Object: 'Object Repository/Work order 4.0/Page_Streetlogix/Workorder page objects/Page_Streetlogix/h6_Bridge Maintenance' is clicked on

2023-02-23 03:54:03 - [TEST_STEP][PASSED] - setText(findTestObject("Work order 4.0/Page_Streetlogix/Workorder page objects/Page_Streetlogix/Page_Streetlogix/Page_Streetlogix/input_Address_asset-id-address"), "12"): Text '12' is set on object 'Object Repository/Work order 4.0/Page_Streetlogix/Workorder page objects/Page_Streetlogix/Page_Streetlogix/Page_Streetlogix/input_Address_asset-id-address'

2023-02-23 03:54:04 - [MESSAGE][PASSED] - Text '12' is set on object 'Object Repository/Work order 4.0/Page_Streetlogix/Workorder page objects/Page_Streetlogix/Page_Streetlogix/Page_Streetlogix/input_Address_asset-id-address'

2023-02-23 03:54:04 - [TEST_STEP][PASSED] - click(findTestObject("Work order 4.0/Page_Streetlogix/Workorder page objects/Page_Streetlogix/li_12TH STREET CONNECTOR From CHESTNUT ST To MAGAZINE ST - 20476")): Object: 'Object Repository/Work order 4.0/Page_Streetlogix/Workorder page objects/Page_Streetlogix/li_12TH STREET CONNECTOR From CHESTNUT ST To MAGAZINE ST - 20476' is clicked on

2023-02-23 03:54:05 - [MESSAGE][PASSED] - Object: 'Object Repository/Work order 4.0/Page_Streetlogix/Workorder page objects/Page_Streetlogix/li_12TH STREET CONNECTOR From CHESTNUT ST To MAGAZINE ST - 20476' is clicked on

2023-02-23 03:54:05 - [TEST_STEP][PASSED] - setText(findTestObject("Work order 4.0/Page_Streetlogix/Workorder page objects/Page_Streetlogix/textarea_Test"), "Test"): Text 'Test' is set on object 'Object Repository/Work order 4.0/Page_Streetlogix/Workorder page objects/Page_Streetlogix/textarea_Test'

2023-02-23 03:54:07 - [MESSAGE][PASSED] - Text 'Test' is set on object 'Object Repository/Work order 4.0/Page_Streetlogix/Workorder page objects/Page_Streetlogix/textarea_Test'

2023-02-23 03:54:07 - [TEST_STEP][PASSED] - click(findTestObject("Work order 4.0/Page_Streetlogix/Workorder page objects/Page_Streetlogix/Page_Streetlogix/Page_Streetlogix/div_Urgent")): Object: 'Object Repository/Work order 4.0/Page_Streetlogix/Workorder page objects/Page_Streetlogix/Page_Streetlogix/Page_Streetlogix/div_Urgent' is clicked on

2023-02-23 03:54:08 - [MESSAGE][PASSED] - Object: 'Object Repository/Work order 4.0/Page_Streetlogix/Workorder page objects/Page_Streetlogix/Page_Streetlogix/Page_Streetlogix/div_Urgent' is clicked on

2023-02-23 03:54:08 - [TEST_STEP][PASSED] - click(findTestObject("Work order 4.0/Page_Streetlogix/Workorder page objects/Page_Streetlogix/li_High")): Object: 'Object Repository/Work order 4.0/Page_Streetlogix/Workorder page objects/Page_Streetlogix/li_High' is clicked on

2023-02-23 03:54:08 - [MESSAGE][PASSED] - Object: 'Object Repository/Work order 4.0/Page_Streetlogix/Workorder page objects/Page_Streetlogix/li_High' is clicked on

2023-02-23 03:54:08 - [TEST_STEP][PASSED] - click(findTestObject("Work order 4.0/Page_Streetlogix/Workorder page objects/Page_Streetlogix/input_Upload_repeatingWorkOrder")): Object: 'Object Repository/Work order 4.0/Page_Streetlogix/Workorder page objects/Page_Streetlogix/input_Upload_repeatingWorkOrder' is clicked on

2023-02-23 03:54:10 - [MESSAGE][PASSED] - Object: 'Object Repository/Work order 4.0/Page_Streetlogix/Workorder page objects/Page_Streetlogix/input_Upload_repeatingWorkOrder' is clicked on

2023-02-23 03:54:10 - [TEST_STEP][PASSED] - click(findTestObject("Work order 4.0/Page_Streetlogix/Workorder page objects/Page_Streetlogix/div_Daily")): Object: 'Object Repository/Work order 4.0/Page_Streetlogix/Workorder page objects/Page_Streetlogix/div_Daily' is clicked on

2023-02-23 03:54:11 - [MESSAGE][PASSED] - Object: 'Object Repository/Work order 4.0/Page_Streetlogix/Workorder page objects/Page_Streetlogix/div_Daily' is clicked on

2023-02-23 03:54:11 - [TEST_STEP][PASSED] - click(findTestObject("Work order 4.0/Page_Streetlogix/Workorder page objects/Page_Streetlogix/li_Weekly")): Object: 'Object Repository/Work order 4.0/Page_Streetlogix/Workorder page objects/Page_Streetlogix/li_Weekly' is clicked on

2023-02-23 03:54:12 - [MESSAGE][PASSED] - Object: 'Object Repository/Work order 4.0/Page_Streetlogix/Workorder page objects/Page_Streetlogix/li_Weekly' is clicked on

2023-02-23 03:54:12 - [TEST_STEP][PASSED] - click(findTestObject("Work order 4.0/Page_Streetlogix/Workorder page objects/Page_Streetlogix/input_Statement Field Test_equipment")): Object: 'Object Repository/Work order 4.0/Page_Streetlogix/Workorder page objects/Page_Streetlogix/input_Statement Field Test_equipment' is clicked on

2023-02-23 03:54:13 - [MESSAGE][PASSED] - Object: 'Object Repository/Work order 4.0/Page_Streetlogix/Workorder page objects/Page_Streetlogix/input_Statement Field Test_equipment' is clicked on

2023-02-23 03:54:13 - [TEST_STEP][PASSED] - delay(3): Delayed 3 second(s)

2023-02-23 03:54:16 - [MESSAGE][PASSED] - Delayed 3 second(s)

2023-02-23 03:54:16 - [TEST_STEP][PASSED] - click(findTestObject("Work order 4.0/Page_Streetlogix/Workorder page objects/Page_Streetlogix/Page_Streetlogix/Page_Streetlogix/Page_Streetlogix/div_equip")): Object: 'Object Repository/Work order 4.0/Page_Streetlogix/Workorder page objects/Page_Streetlogix/Page_Streetlogix/Page_Streetlogix/Page_Streetlogix/div_equip' is clicked on

2023-02-23 03:54:17 - [MESSAGE][PASSED] - Object: 'Object Repository/Work order 4.0/Page_Streetlogix/Workorder page objects/Page_Streetlogix/Page_Streetlogix/Page_Streetlogix/Page_Streetlogix/div_equip' is clicked on

2023-02-23 03:54:17 - [TEST_STEP][PASSED] - click(findTestObject("Work order 4.0/Page_Streetlogix/Workorder page objects/Page_Streetlogix/li_Snow Plow - 15")): Object: 'Object Repository/Work order 4.0/Page_Streetlogix/Workorder page objects/Page_Streetlogix/li_Snow Plow - 15' is clicked on

2023-02-23 03:54:17 - [MESSAGE][PASSED] - Object: 'Object Repository/Work order 4.0/Page_Streetlogix/Workorder page objects/Page_Streetlogix/li_Snow Plow - 15' is clicked on

2023-02-23 03:54:17 - [TEST_STEP][PASSED] - click(findTestObject("Work order 4.0/Page_Streetlogix/Workorder page objects/Page_Streetlogix/input_Add Item_material")): Object: 'Object Repository/Work order 4.0/Page_Streetlogix/Workorder page objects/Page_Streetlogix/input_Add Item_material' is clicked on

2023-02-23 03:54:18 - [MESSAGE][PASSED] - Object: 'Object Repository/Work order 4.0/Page_Streetlogix/Workorder page objects/Page_Streetlogix/input_Add Item_material' is clicked on

2023-02-23 03:54:18 - [TEST_STEP][PASSED] - delay(3): Delayed 3 second(s)

2023-02-23 03:54:21 - [MESSAGE][PASSED] - Delayed 3 second(s)

2023-02-23 03:54:21 - [TEST_STEP][PASSED] - click(findTestObject("Work order 4.0/Page_Streetlogix/Workorder page objects/Page_Streetlogix/Page_Streetlogix/Page_Streetlogix/Page_Streetlogix/div_material")): Object: 'Object Repository/Work order 4.0/Page_Streetlogix/Workorder page objects/Page_Streetlogix/Page_Streetlogix/Page_Streetlogix/Page_Streetlogix/div_material' is clicked on

2023-02-23 03:54:21 - [MESSAGE][PASSED] - Object: 'Object Repository/Work order 4.0/Page_Streetlogix/Workorder page objects/Page_Streetlogix/Page_Streetlogix/Page_Streetlogix/Page_Streetlogix/div_material' is clicked on

2023-02-23 03:54:21 - [TEST_STEP][PASSED] - click(findTestObject("Work order 4.0/Page_Streetlogix/Workorder page objects/Page_Streetlogix/li_Asphalt - 22")): Object: 'Object Repository/Work order 4.0/Page_Streetlogix/Workorder page objects/Page_Streetlogix/li_Asphalt - 22' is clicked on

2023-02-23 03:54:22 - [MESSAGE][PASSED] - Object: 'Object Repository/Work order 4.0/Page_Streetlogix/Workorder page objects/Page_Streetlogix/li_Asphalt - 22' is clicked on

2023-02-23 03:54:22 - [TEST_STEP][PASSED] - click(findTestObject("Work order 4.0/Page_Streetlogix/Workorder page objects/Page_Streetlogix/input_Add Item_labor")): Object: 'Object Repository/Work order 4.0/Page_Streetlogix/Workorder page objects/Page_Streetlogix/input_Add Item_labor' is clicked on

2023-02-23 03:54:23 - [MESSAGE][PASSED] - Object: 'Object Repository/Work order 4.0/Page_Streetlogix/Workorder page objects/Page_Streetlogix/input_Add Item_labor' is clicked on

2023-02-23 03:54:23 - [TEST_STEP][PASSED] - delay(3): Delayed 3 second(s)

2023-02-23 03:54:26 - [MESSAGE][PASSED] - Delayed 3 second(s)

2023-02-23 03:54:26 - [TEST_STEP][PASSED] - click(findTestObject("Work order 4.0/Page_Streetlogix/Workorder page objects/Page_Streetlogix/Page_Streetlogix/Page_Streetlogix/Page_Streetlogix/div_labor")): Object: 'Object Repository/Work order 4.0/Page_Streetlogix/Workorder page objects/Page_Streetlogix/Page_Streetlogix/Page_Streetlogix/Page_Streetlogix/div_labor' is clicked on

2023-02-23 03:54:26 - [MESSAGE][PASSED] - Object: 'Object Repository/Work order 4.0/Page_Streetlogix/Workorder page objects/Page_Streetlogix/Page_Streetlogix/Page_Streetlogix/Page_Streetlogix/div_labor' is clicked on

2023-02-23 03:54:26 - [TEST_STEP][PASSED] - click(findTestObject("Work order 4.0/Page_Streetlogix/Workorder page objects/Page_Streetlogix/li_Supervisor - 30")): Object: 'Object Repository/Work order 4.0/Page_Streetlogix/Workorder page objects/Page_Streetlogix/li_Supervisor - 30' is clicked on

2023-02-23 03:54:27 - [MESSAGE][PASSED] - Object: 'Object Repository/Work order 4.0/Page_Streetlogix/Workorder page objects/Page_Streetlogix/li_Supervisor - 30' is clicked on

2023-02-23 03:54:27 - [TEST_STEP][PASSED] - click(findTestObject("Work order 4.0/Page_Streetlogix/Workorder page objects/Page_Streetlogix/span_Add Item")): Object: 'Object Repository/Work order 4.0/Page_Streetlogix/Workorder page objects/Page_Streetlogix/span_Add Item' is clicked on

2023-02-23 03:54:28 - [MESSAGE][PASSED] - Object: 'Object Repository/Work order 4.0/Page_Streetlogix/Workorder page objects/Page_Streetlogix/span_Add Item' is clicked on

2023-02-23 03:54:28 - [TEST_STEP][PASSED] - click(findTestObject("Work order 4.0/Page_Streetlogix/Workorder page objects/Page_Streetlogix/span_Save")): Object: 'Object Repository/Work order 4.0/Page_Streetlogix/Workorder page objects/Page_Streetlogix/span_Save' is clicked on

2023-02-23 03:54:28 - [MESSAGE][PASSED] - Object: 'Object Repository/Work order 4.0/Page_Streetlogix/Workorder page objects/Page_Streetlogix/span_Save' is clicked on

2023-02-23 03:54:28 - [TEST_STEP][PASSED] - countAfter = database_keywords.test.Database_Keywords.getWorkOrdersCount(): database_keywords.test.Database_Keywords.getWorkOrdersCount is PASSED

2023-02-23 03:54:34 - [MESSAGE][PASSED] - database_keywords.test.Database_Keywords.getWorkOrdersCount is PASSED

2023-02-23 03:54:34 - [TEST_STEP][PASSED] - println(countAfter): null

2023-02-23 03:54:34 - [TEST_STEP][PASSED] - if (countAfter == countBefore + 1): null

2023-02-23 03:54:34 - [TEST_STEP][PASSED] - println("Work Order Created"): null

2023-02-23 03:54:34 - [TEST_STEP][PASSED] - closeBrowser(): Browser is closed

2023-02-23 03:54:35 - [MESSAGE][PASSED] - Browser is closed

2023-02-23 03:54:35 - [TEST_STEP][PASSED] - Video: Video recording for test case 'Test Cases/GiS/Work order/Work_order_Yearly' .

2023-02-23 03:54:35 - [MESSAGE][INFO] - Video recording for test case 'Test Cases/GiS/Work order/Work_order_Yearly' .]]></system-out>
         <system-err><![CDATA[]]></system-err>
      </testcase>
      <testcase name="Test Cases/GiS/Work order/Work_order_dailly_2" time="116.913" classname="Test Cases/GiS/Work order/Work_order_dailly_2" status="PASSED">
         <system-out><![CDATA[2023-02-23 03:54:35 - [TEST_CASE][PASSED] - Test Cases/GiS/Work order/Work_order_dailly_2: Test Cases/GiS/Work order/Work_order_dailly_2

2023-02-23 03:54:35 - [TEST_STEP][PASSED] - gis_url.test.URL.redirectURL(): gis_url.test.URL.redirectURL is PASSED

2023-02-23 03:54:35 - [MESSAGE][INFO] - Starting 'Chrome' driver

2023-02-23 03:54:35 - [MESSAGE][INFO] - Action delay is set to 0 milliseconds

2023-02-23 03:54:39 - [MESSAGE][PASSED] - Browser is opened with url: 'https://streetlogix-gis-slx4-develop.vercel.app/?config=64077fc938af4bcc9a46a81d8f4e5576&token=eyJhbGciOiJIUzI1NiIsInR5cCI6IkpXVCJ9.eyJpZCI6OTc2LCJuYW1lIjoiU29oYWliIE5laGFsIiwiZXhwIjoxNjc5NTk1OTE0LCJpYXQiOjE2NzcwMDM5MTR9.2xH46-6Ez-I1oUKcoFhQjnTNUOtwKNfZcleU9MbUdCY'

2023-02-23 03:54:39 - [MESSAGE][PASSED] - gis_url.test.URL.redirectURL is PASSED

2023-02-23 03:54:39 - [TEST_STEP][PASSED] - countBefore = database_keywords.test.Database_Keywords.getWorkOrdersCount(): database_keywords.test.Database_Keywords.getWorkOrdersCount is PASSED

2023-02-23 03:54:46 - [MESSAGE][PASSED] - database_keywords.test.Database_Keywords.getWorkOrdersCount is PASSED

2023-02-23 03:54:46 - [TEST_STEP][PASSED] - println(countBefore): null

2023-02-23 03:54:46 - [TEST_STEP][PASSED] - click(findTestObject("Work order 4.0/Page_Streetlogix/Workorder page objects/Page_Streetlogix/WO icon")): Object: 'Object Repository/Work order 4.0/Page_Streetlogix/Workorder page objects/Page_Streetlogix/WO icon' is clicked on

2023-02-23 03:54:53 - [MESSAGE][PASSED] - Object: 'Object Repository/Work order 4.0/Page_Streetlogix/Workorder page objects/Page_Streetlogix/WO icon' is clicked on

2023-02-23 03:54:53 - [TEST_STEP][PASSED] - click(findTestObject("Work order 4.0/Page_Streetlogix/Workorder page objects/Page_Streetlogix/Group Dropdown")): Object: 'Object Repository/Work order 4.0/Page_Streetlogix/Workorder page objects/Page_Streetlogix/Group Dropdown' is clicked on

2023-02-23 03:54:54 - [MESSAGE][PASSED] - Object: 'Object Repository/Work order 4.0/Page_Streetlogix/Workorder page objects/Page_Streetlogix/Group Dropdown' is clicked on

2023-02-23 03:54:54 - [TEST_STEP][PASSED] - click(findTestObject("Work order 4.0/Page_Streetlogix/Workorder page objects/Page_Streetlogix/li_Bridge Inspection")): Object: 'Object Repository/Work order 4.0/Page_Streetlogix/Workorder page objects/Page_Streetlogix/li_Bridge Inspection' is clicked on

2023-02-23 03:54:55 - [MESSAGE][PASSED] - Object: 'Object Repository/Work order 4.0/Page_Streetlogix/Workorder page objects/Page_Streetlogix/li_Bridge Inspection' is clicked on

2023-02-23 03:54:55 - [TEST_STEP][PASSED] - setText(findTestObject("Work order 4.0/Page_Streetlogix/Workorder page objects/Page_Streetlogix/input_Filter by form name_standard-full-width"), "Bridge maintenance"): Text 'Bridge maintenance' is set on object 'Object Repository/Work order 4.0/Page_Streetlogix/Workorder page objects/Page_Streetlogix/input_Filter by form name_standard-full-width'

2023-02-23 03:54:58 - [MESSAGE][PASSED] - Text 'Bridge maintenance' is set on object 'Object Repository/Work order 4.0/Page_Streetlogix/Workorder page objects/Page_Streetlogix/input_Filter by form name_standard-full-width'

2023-02-23 03:54:58 - [TEST_STEP][PASSED] - click(findTestObject("Work order 4.0/Page_Streetlogix/Workorder page objects/Page_Streetlogix/span_Bridge Maintenance")): Object: 'Object Repository/Work order 4.0/Page_Streetlogix/Workorder page objects/Page_Streetlogix/span_Bridge Maintenance' is clicked on

2023-02-23 03:54:59 - [MESSAGE][PASSED] - Object: 'Object Repository/Work order 4.0/Page_Streetlogix/Workorder page objects/Page_Streetlogix/span_Bridge Maintenance' is clicked on

2023-02-23 03:54:59 - [TEST_STEP][PASSED] - click(findTestObject("Work order 4.0/Page_Streetlogix/Workorder page objects/Page_Streetlogix/input_Select Assignee_assignee-autocomplete")): Object: 'Object Repository/Work order 4.0/Page_Streetlogix/Workorder page objects/Page_Streetlogix/input_Select Assignee_assignee-autocomplete' is clicked on

2023-02-23 03:55:29 - [MESSAGE][PASSED] - Object: 'Object Repository/Work order 4.0/Page_Streetlogix/Workorder page objects/Page_Streetlogix/input_Select Assignee_assignee-autocomplete' is clicked on

2023-02-23 03:55:29 - [TEST_STEP][PASSED] - click(findTestObject("Work order 4.0/Page_Streetlogix/Workorder page objects/Page_Streetlogix/span_ami  admin")): Object: 'Object Repository/Work order 4.0/Page_Streetlogix/Workorder page objects/Page_Streetlogix/span_ami  admin' is clicked on

2023-02-23 03:56:00 - [MESSAGE][PASSED] - Object: 'Object Repository/Work order 4.0/Page_Streetlogix/Workorder page objects/Page_Streetlogix/span_ami  admin' is clicked on

2023-02-23 03:56:00 - [TEST_STEP][PASSED] - click(findTestObject("Work order 4.0/Page_Streetlogix/Workorder page objects/Page_Streetlogix/input_Collaborators_collaborators-autocomplete")): Object: 'Object Repository/Work order 4.0/Page_Streetlogix/Workorder page objects/Page_Streetlogix/input_Collaborators_collaborators-autocomplete' is clicked on

2023-02-23 03:56:00 - [MESSAGE][PASSED] - Object: 'Object Repository/Work order 4.0/Page_Streetlogix/Workorder page objects/Page_Streetlogix/input_Collaborators_collaborators-autocomplete' is clicked on

2023-02-23 03:56:00 - [TEST_STEP][PASSED] - click(findTestObject("Work order 4.0/Page_Streetlogix/Workorder page objects/Page_Streetlogix/span_ami  admin")): Object: 'Object Repository/Work order 4.0/Page_Streetlogix/Workorder page objects/Page_Streetlogix/span_ami  admin' is clicked on

2023-02-23 03:56:01 - [MESSAGE][PASSED] - Object: 'Object Repository/Work order 4.0/Page_Streetlogix/Workorder page objects/Page_Streetlogix/span_ami  admin' is clicked on

2023-02-23 03:56:01 - [TEST_STEP][PASSED] - click(findTestObject("Work order 4.0/Page_Streetlogix/Workorder page objects/Page_Streetlogix/h6_Bridge Maintenance")): Object: 'Object Repository/Work order 4.0/Page_Streetlogix/Workorder page objects/Page_Streetlogix/h6_Bridge Maintenance' is clicked on

2023-02-23 03:56:02 - [MESSAGE][PASSED] - Object: 'Object Repository/Work order 4.0/Page_Streetlogix/Workorder page objects/Page_Streetlogix/h6_Bridge Maintenance' is clicked on

2023-02-23 03:56:02 - [TEST_STEP][PASSED] - setText(findTestObject("Work order 4.0/Page_Streetlogix/Workorder page objects/Page_Streetlogix/Page_Streetlogix/Page_Streetlogix/input_Address_asset-id-address"), "12"): Text '12' is set on object 'Object Repository/Work order 4.0/Page_Streetlogix/Workorder page objects/Page_Streetlogix/Page_Streetlogix/Page_Streetlogix/input_Address_asset-id-address'

2023-02-23 03:56:03 - [MESSAGE][PASSED] - Text '12' is set on object 'Object Repository/Work order 4.0/Page_Streetlogix/Workorder page objects/Page_Streetlogix/Page_Streetlogix/Page_Streetlogix/input_Address_asset-id-address'

2023-02-23 03:56:03 - [TEST_STEP][PASSED] - click(findTestObject("Work order 4.0/Page_Streetlogix/Workorder page objects/Page_Streetlogix/li_12TH STREET CONNECTOR From CHESTNUT ST To MAGAZINE ST - 20476")): Object: 'Object Repository/Work order 4.0/Page_Streetlogix/Workorder page objects/Page_Streetlogix/li_12TH STREET CONNECTOR From CHESTNUT ST To MAGAZINE ST - 20476' is clicked on

2023-02-23 03:56:03 - [MESSAGE][PASSED] - Object: 'Object Repository/Work order 4.0/Page_Streetlogix/Workorder page objects/Page_Streetlogix/li_12TH STREET CONNECTOR From CHESTNUT ST To MAGAZINE ST - 20476' is clicked on

2023-02-23 03:56:03 - [TEST_STEP][PASSED] - setText(findTestObject("Work order 4.0/Page_Streetlogix/Workorder page objects/Page_Streetlogix/textarea_Test"), "Test"): Text 'Test' is set on object 'Object Repository/Work order 4.0/Page_Streetlogix/Workorder page objects/Page_Streetlogix/textarea_Test'

2023-02-23 03:56:05 - [MESSAGE][PASSED] - Text 'Test' is set on object 'Object Repository/Work order 4.0/Page_Streetlogix/Workorder page objects/Page_Streetlogix/textarea_Test'

2023-02-23 03:56:05 - [TEST_STEP][PASSED] - click(findTestObject("Work order 4.0/Page_Streetlogix/Workorder page objects/Page_Streetlogix/Page_Streetlogix/Page_Streetlogix/div_Urgent")): Object: 'Object Repository/Work order 4.0/Page_Streetlogix/Workorder page objects/Page_Streetlogix/Page_Streetlogix/Page_Streetlogix/div_Urgent' is clicked on

2023-02-23 03:56:06 - [MESSAGE][PASSED] - Object: 'Object Repository/Work order 4.0/Page_Streetlogix/Workorder page objects/Page_Streetlogix/Page_Streetlogix/Page_Streetlogix/div_Urgent' is clicked on

2023-02-23 03:56:06 - [TEST_STEP][PASSED] - click(findTestObject("Work order 4.0/Page_Streetlogix/Workorder page objects/Page_Streetlogix/li_High")): Object: 'Object Repository/Work order 4.0/Page_Streetlogix/Workorder page objects/Page_Streetlogix/li_High' is clicked on

2023-02-23 03:56:07 - [MESSAGE][PASSED] - Object: 'Object Repository/Work order 4.0/Page_Streetlogix/Workorder page objects/Page_Streetlogix/li_High' is clicked on

2023-02-23 03:56:07 - [TEST_STEP][PASSED] - click(findTestObject("Work order 4.0/Page_Streetlogix/Workorder page objects/Page_Streetlogix/input_Upload_repeatingWorkOrder")): Object: 'Object Repository/Work order 4.0/Page_Streetlogix/Workorder page objects/Page_Streetlogix/input_Upload_repeatingWorkOrder' is clicked on

2023-02-23 03:56:07 - [MESSAGE][PASSED] - Object: 'Object Repository/Work order 4.0/Page_Streetlogix/Workorder page objects/Page_Streetlogix/input_Upload_repeatingWorkOrder' is clicked on

2023-02-23 03:56:07 - [TEST_STEP][PASSED] - click(findTestObject("Work order 4.0/Page_Streetlogix/Workorder page objects/Page_Streetlogix/input_Statement Field Test_equipment")): Object: 'Object Repository/Work order 4.0/Page_Streetlogix/Workorder page objects/Page_Streetlogix/input_Statement Field Test_equipment' is clicked on

2023-02-23 03:56:08 - [MESSAGE][PASSED] - Object: 'Object Repository/Work order 4.0/Page_Streetlogix/Workorder page objects/Page_Streetlogix/input_Statement Field Test_equipment' is clicked on

2023-02-23 03:56:08 - [TEST_STEP][PASSED] - delay(3): Delayed 3 second(s)

2023-02-23 03:56:11 - [MESSAGE][PASSED] - Delayed 3 second(s)

2023-02-23 03:56:11 - [TEST_STEP][PASSED] - click(findTestObject("Work order 4.0/Page_Streetlogix/Workorder page objects/Page_Streetlogix/Page_Streetlogix/Page_Streetlogix/Page_Streetlogix/div_equip")): Object: 'Object Repository/Work order 4.0/Page_Streetlogix/Workorder page objects/Page_Streetlogix/Page_Streetlogix/Page_Streetlogix/Page_Streetlogix/div_equip' is clicked on

2023-02-23 03:56:12 - [MESSAGE][PASSED] - Object: 'Object Repository/Work order 4.0/Page_Streetlogix/Workorder page objects/Page_Streetlogix/Page_Streetlogix/Page_Streetlogix/Page_Streetlogix/div_equip' is clicked on

2023-02-23 03:56:12 - [TEST_STEP][PASSED] - click(findTestObject("Work order 4.0/Page_Streetlogix/Workorder page objects/Page_Streetlogix/li_Snow Plow - 15")): Object: 'Object Repository/Work order 4.0/Page_Streetlogix/Workorder page objects/Page_Streetlogix/li_Snow Plow - 15' is clicked on

2023-02-23 03:56:12 - [MESSAGE][PASSED] - Object: 'Object Repository/Work order 4.0/Page_Streetlogix/Workorder page objects/Page_Streetlogix/li_Snow Plow - 15' is clicked on

2023-02-23 03:56:12 - [TEST_STEP][PASSED] - click(findTestObject("Work order 4.0/Page_Streetlogix/Workorder page objects/Page_Streetlogix/input_Add Item_material")): Object: 'Object Repository/Work order 4.0/Page_Streetlogix/Workorder page objects/Page_Streetlogix/input_Add Item_material' is clicked on

2023-02-23 03:56:13 - [MESSAGE][PASSED] - Object: 'Object Repository/Work order 4.0/Page_Streetlogix/Workorder page objects/Page_Streetlogix/input_Add Item_material' is clicked on

2023-02-23 03:56:13 - [TEST_STEP][PASSED] - delay(3): Delayed 3 second(s)

2023-02-23 03:56:16 - [MESSAGE][PASSED] - Delayed 3 second(s)

2023-02-23 03:56:16 - [TEST_STEP][PASSED] - click(findTestObject("Work order 4.0/Page_Streetlogix/Workorder page objects/Page_Streetlogix/Page_Streetlogix/Page_Streetlogix/Page_Streetlogix/div_material")): Object: 'Object Repository/Work order 4.0/Page_Streetlogix/Workorder page objects/Page_Streetlogix/Page_Streetlogix/Page_Streetlogix/Page_Streetlogix/div_material' is clicked on

2023-02-23 03:56:16 - [MESSAGE][PASSED] - Object: 'Object Repository/Work order 4.0/Page_Streetlogix/Workorder page objects/Page_Streetlogix/Page_Streetlogix/Page_Streetlogix/Page_Streetlogix/div_material' is clicked on

2023-02-23 03:56:16 - [TEST_STEP][PASSED] - click(findTestObject("Work order 4.0/Page_Streetlogix/Workorder page objects/Page_Streetlogix/li_Asphalt - 22")): Object: 'Object Repository/Work order 4.0/Page_Streetlogix/Workorder page objects/Page_Streetlogix/li_Asphalt - 22' is clicked on

2023-02-23 03:56:17 - [MESSAGE][PASSED] - Object: 'Object Repository/Work order 4.0/Page_Streetlogix/Workorder page objects/Page_Streetlogix/li_Asphalt - 22' is clicked on

2023-02-23 03:56:17 - [TEST_STEP][PASSED] - click(findTestObject("Work order 4.0/Page_Streetlogix/Workorder page objects/Page_Streetlogix/input_Add Item_labor")): Object: 'Object Repository/Work order 4.0/Page_Streetlogix/Workorder page objects/Page_Streetlogix/input_Add Item_labor' is clicked on

2023-02-23 03:56:18 - [MESSAGE][PASSED] - Object: 'Object Repository/Work order 4.0/Page_Streetlogix/Workorder page objects/Page_Streetlogix/input_Add Item_labor' is clicked on

2023-02-23 03:56:18 - [TEST_STEP][PASSED] - delay(3): Delayed 3 second(s)

2023-02-23 03:56:21 - [MESSAGE][PASSED] - Delayed 3 second(s)

2023-02-23 03:56:21 - [TEST_STEP][PASSED] - click(findTestObject("Work order 4.0/Page_Streetlogix/Workorder page objects/Page_Streetlogix/Page_Streetlogix/Page_Streetlogix/Page_Streetlogix/div_labor")): Object: 'Object Repository/Work order 4.0/Page_Streetlogix/Workorder page objects/Page_Streetlogix/Page_Streetlogix/Page_Streetlogix/Page_Streetlogix/div_labor' is clicked on

2023-02-23 03:56:21 - [MESSAGE][PASSED] - Object: 'Object Repository/Work order 4.0/Page_Streetlogix/Workorder page objects/Page_Streetlogix/Page_Streetlogix/Page_Streetlogix/Page_Streetlogix/div_labor' is clicked on

2023-02-23 03:56:21 - [TEST_STEP][PASSED] - click(findTestObject("Work order 4.0/Page_Streetlogix/Workorder page objects/Page_Streetlogix/li_Supervisor - 30")): Object: 'Object Repository/Work order 4.0/Page_Streetlogix/Workorder page objects/Page_Streetlogix/li_Supervisor - 30' is clicked on

2023-02-23 03:56:22 - [MESSAGE][PASSED] - Object: 'Object Repository/Work order 4.0/Page_Streetlogix/Workorder page objects/Page_Streetlogix/li_Supervisor - 30' is clicked on

2023-02-23 03:56:22 - [TEST_STEP][PASSED] - click(findTestObject("Work order 4.0/Page_Streetlogix/Workorder page objects/Page_Streetlogix/span_Save")): Object: 'Object Repository/Work order 4.0/Page_Streetlogix/Workorder page objects/Page_Streetlogix/span_Save' is clicked on

2023-02-23 03:56:23 - [MESSAGE][PASSED] - Object: 'Object Repository/Work order 4.0/Page_Streetlogix/Workorder page objects/Page_Streetlogix/span_Save' is clicked on

2023-02-23 03:56:23 - [TEST_STEP][PASSED] - countAfter = database_keywords.test.Database_Keywords.getWorkOrdersCount(): database_keywords.test.Database_Keywords.getWorkOrdersCount is PASSED

2023-02-23 03:56:32 - [MESSAGE][PASSED] - database_keywords.test.Database_Keywords.getWorkOrdersCount is PASSED

2023-02-23 03:56:32 - [TEST_STEP][PASSED] - println(countAfter): null

2023-02-23 03:56:32 - [TEST_STEP][PASSED] - if (countAfter == countBefore + 6): null

2023-02-23 03:56:32 - [TEST_STEP][PASSED] - println("Work Order Created"): null

2023-02-23 03:56:32 - [TEST_STEP][PASSED] - closeBrowser(): Browser is closed

2023-02-23 03:56:32 - [MESSAGE][PASSED] - Browser is closed

2023-02-23 03:56:32 - [TEST_STEP][PASSED] - Video: Video recording for test case 'Test Cases/GiS/Work order/Work_order_dailly_2' .

2023-02-23 03:56:32 - [MESSAGE][INFO] - Video recording for test case 'Test Cases/GiS/Work order/Work_order_dailly_2' .]]></system-out>
         <system-err><![CDATA[]]></system-err>
      </testcase>
      <testcase name="Test Cases/GiS/Work order/Work_order_monthly" time="131.722" classname="Test Cases/GiS/Work order/Work_order_monthly" status="PASSED">
         <system-out><![CDATA[2023-02-23 03:56:32 - [TEST_CASE][PASSED] - Test Cases/GiS/Work order/Work_order_monthly: Test Cases/GiS/Work order/Work_order_monthly

2023-02-23 03:56:32 - [TEST_STEP][PASSED] - gis_url.test.URL.redirectURL(): gis_url.test.URL.redirectURL is PASSED

2023-02-23 03:56:32 - [MESSAGE][INFO] - Starting 'Chrome' driver

2023-02-23 03:56:32 - [MESSAGE][INFO] - Action delay is set to 0 milliseconds

2023-02-23 03:56:35 - [MESSAGE][PASSED] - Browser is opened with url: 'https://streetlogix-gis-slx4-develop.vercel.app/?config=64077fc938af4bcc9a46a81d8f4e5576&token=eyJhbGciOiJIUzI1NiIsInR5cCI6IkpXVCJ9.eyJpZCI6OTc2LCJuYW1lIjoiU29oYWliIE5laGFsIiwiZXhwIjoxNjc5NTk1OTE0LCJpYXQiOjE2NzcwMDM5MTR9.2xH46-6Ez-I1oUKcoFhQjnTNUOtwKNfZcleU9MbUdCY'

2023-02-23 03:56:35 - [MESSAGE][PASSED] - gis_url.test.URL.redirectURL is PASSED

2023-02-23 03:56:35 - [TEST_STEP][PASSED] - countBefore = database_keywords.test.Database_Keywords.getWorkOrdersCount(): database_keywords.test.Database_Keywords.getWorkOrdersCount is PASSED

2023-02-23 03:56:41 - [MESSAGE][PASSED] - database_keywords.test.Database_Keywords.getWorkOrdersCount is PASSED

2023-02-23 03:56:41 - [TEST_STEP][PASSED] - println(countBefore): null

2023-02-23 03:56:41 - [TEST_STEP][PASSED] - click(findTestObject("Work order 4.0/Page_Streetlogix/Workorder page objects/Page_Streetlogix/WO icon")): Object: 'Object Repository/Work order 4.0/Page_Streetlogix/Workorder page objects/Page_Streetlogix/WO icon' is clicked on

2023-02-23 03:57:11 - [MESSAGE][PASSED] - Object: 'Object Repository/Work order 4.0/Page_Streetlogix/Workorder page objects/Page_Streetlogix/WO icon' is clicked on

2023-02-23 03:57:11 - [TEST_STEP][PASSED] - click(findTestObject("Work order 4.0/Page_Streetlogix/Workorder page objects/Page_Streetlogix/Group Dropdown")): Object: 'Object Repository/Work order 4.0/Page_Streetlogix/Workorder page objects/Page_Streetlogix/Group Dropdown' is clicked on

2023-02-23 03:57:41 - [MESSAGE][PASSED] - Object: 'Object Repository/Work order 4.0/Page_Streetlogix/Workorder page objects/Page_Streetlogix/Group Dropdown' is clicked on

2023-02-23 03:57:41 - [TEST_STEP][PASSED] - click(findTestObject("Work order 4.0/Page_Streetlogix/Workorder page objects/Page_Streetlogix/li_Bridge Inspection")): Object: 'Object Repository/Work order 4.0/Page_Streetlogix/Workorder page objects/Page_Streetlogix/li_Bridge Inspection' is clicked on

2023-02-23 03:57:43 - [MESSAGE][PASSED] - Object: 'Object Repository/Work order 4.0/Page_Streetlogix/Workorder page objects/Page_Streetlogix/li_Bridge Inspection' is clicked on

2023-02-23 03:57:43 - [TEST_STEP][PASSED] - setText(findTestObject("Work order 4.0/Page_Streetlogix/Workorder page objects/Page_Streetlogix/input_Filter by form name_standard-full-width"), "Bridge maintenance"): Text 'Bridge maintenance' is set on object 'Object Repository/Work order 4.0/Page_Streetlogix/Workorder page objects/Page_Streetlogix/input_Filter by form name_standard-full-width'

2023-02-23 03:57:46 - [MESSAGE][PASSED] - Text 'Bridge maintenance' is set on object 'Object Repository/Work order 4.0/Page_Streetlogix/Workorder page objects/Page_Streetlogix/input_Filter by form name_standard-full-width'

2023-02-23 03:57:46 - [TEST_STEP][PASSED] - click(findTestObject("Work order 4.0/Page_Streetlogix/Workorder page objects/Page_Streetlogix/span_Bridge Maintenance")): Object: 'Object Repository/Work order 4.0/Page_Streetlogix/Workorder page objects/Page_Streetlogix/span_Bridge Maintenance' is clicked on

2023-02-23 03:57:47 - [MESSAGE][PASSED] - Object: 'Object Repository/Work order 4.0/Page_Streetlogix/Workorder page objects/Page_Streetlogix/span_Bridge Maintenance' is clicked on

2023-02-23 03:57:47 - [TEST_STEP][PASSED] - click(findTestObject("Work order 4.0/Page_Streetlogix/Workorder page objects/Page_Streetlogix/input_Select Assignee_assignee-autocomplete")): Object: 'Object Repository/Work order 4.0/Page_Streetlogix/Workorder page objects/Page_Streetlogix/input_Select Assignee_assignee-autocomplete' is clicked on

2023-02-23 03:57:55 - [MESSAGE][PASSED] - Object: 'Object Repository/Work order 4.0/Page_Streetlogix/Workorder page objects/Page_Streetlogix/input_Select Assignee_assignee-autocomplete' is clicked on

2023-02-23 03:57:55 - [TEST_STEP][PASSED] - click(findTestObject("Work order 4.0/Page_Streetlogix/Workorder page objects/Page_Streetlogix/span_ami  admin")): Object: 'Object Repository/Work order 4.0/Page_Streetlogix/Workorder page objects/Page_Streetlogix/span_ami  admin' is clicked on

2023-02-23 03:57:56 - [MESSAGE][PASSED] - Object: 'Object Repository/Work order 4.0/Page_Streetlogix/Workorder page objects/Page_Streetlogix/span_ami  admin' is clicked on

2023-02-23 03:57:56 - [TEST_STEP][PASSED] - click(findTestObject("Work order 4.0/Page_Streetlogix/Workorder page objects/Page_Streetlogix/input_Collaborators_collaborators-autocomplete")): Object: 'Object Repository/Work order 4.0/Page_Streetlogix/Workorder page objects/Page_Streetlogix/input_Collaborators_collaborators-autocomplete' is clicked on

2023-02-23 03:57:56 - [MESSAGE][PASSED] - Object: 'Object Repository/Work order 4.0/Page_Streetlogix/Workorder page objects/Page_Streetlogix/input_Collaborators_collaborators-autocomplete' is clicked on

2023-02-23 03:57:56 - [TEST_STEP][PASSED] - click(findTestObject("Work order 4.0/Page_Streetlogix/Workorder page objects/Page_Streetlogix/span_ami  admin")): Object: 'Object Repository/Work order 4.0/Page_Streetlogix/Workorder page objects/Page_Streetlogix/span_ami  admin' is clicked on

2023-02-23 03:57:57 - [MESSAGE][PASSED] - Object: 'Object Repository/Work order 4.0/Page_Streetlogix/Workorder page objects/Page_Streetlogix/span_ami  admin' is clicked on

2023-02-23 03:57:57 - [TEST_STEP][PASSED] - click(findTestObject("Work order 4.0/Page_Streetlogix/Workorder page objects/Page_Streetlogix/h6_Bridge Maintenance")): Object: 'Object Repository/Work order 4.0/Page_Streetlogix/Workorder page objects/Page_Streetlogix/h6_Bridge Maintenance' is clicked on

2023-02-23 03:57:58 - [MESSAGE][PASSED] - Object: 'Object Repository/Work order 4.0/Page_Streetlogix/Workorder page objects/Page_Streetlogix/h6_Bridge Maintenance' is clicked on

2023-02-23 03:57:58 - [TEST_STEP][PASSED] - setText(findTestObject("Work order 4.0/Page_Streetlogix/Workorder page objects/Page_Streetlogix/Page_Streetlogix/Page_Streetlogix/input_Address_asset-id-address"), "12"): Text '12' is set on object 'Object Repository/Work order 4.0/Page_Streetlogix/Workorder page objects/Page_Streetlogix/Page_Streetlogix/Page_Streetlogix/input_Address_asset-id-address'

2023-02-23 03:57:59 - [MESSAGE][PASSED] - Text '12' is set on object 'Object Repository/Work order 4.0/Page_Streetlogix/Workorder page objects/Page_Streetlogix/Page_Streetlogix/Page_Streetlogix/input_Address_asset-id-address'

2023-02-23 03:57:59 - [TEST_STEP][PASSED] - click(findTestObject("Work order 4.0/Page_Streetlogix/Workorder page objects/Page_Streetlogix/li_12TH STREET CONNECTOR From CHESTNUT ST To MAGAZINE ST - 20476")): Object: 'Object Repository/Work order 4.0/Page_Streetlogix/Workorder page objects/Page_Streetlogix/li_12TH STREET CONNECTOR From CHESTNUT ST To MAGAZINE ST - 20476' is clicked on

2023-02-23 03:57:59 - [MESSAGE][PASSED] - Object: 'Object Repository/Work order 4.0/Page_Streetlogix/Workorder page objects/Page_Streetlogix/li_12TH STREET CONNECTOR From CHESTNUT ST To MAGAZINE ST - 20476' is clicked on

2023-02-23 03:57:59 - [TEST_STEP][PASSED] - setText(findTestObject("Work order 4.0/Page_Streetlogix/Workorder page objects/Page_Streetlogix/textarea_Test"), "Test"): Text 'Test' is set on object 'Object Repository/Work order 4.0/Page_Streetlogix/Workorder page objects/Page_Streetlogix/textarea_Test'

2023-02-23 03:58:01 - [MESSAGE][PASSED] - Text 'Test' is set on object 'Object Repository/Work order 4.0/Page_Streetlogix/Workorder page objects/Page_Streetlogix/textarea_Test'

2023-02-23 03:58:01 - [TEST_STEP][PASSED] - click(findTestObject("Work order 4.0/Page_Streetlogix/Workorder page objects/Page_Streetlogix/Page_Streetlogix/Page_Streetlogix/div_Urgent")): Object: 'Object Repository/Work order 4.0/Page_Streetlogix/Workorder page objects/Page_Streetlogix/Page_Streetlogix/Page_Streetlogix/div_Urgent' is clicked on

2023-02-23 03:58:01 - [MESSAGE][PASSED] - Object: 'Object Repository/Work order 4.0/Page_Streetlogix/Workorder page objects/Page_Streetlogix/Page_Streetlogix/Page_Streetlogix/div_Urgent' is clicked on

2023-02-23 03:58:01 - [TEST_STEP][PASSED] - click(findTestObject("Work order 4.0/Page_Streetlogix/Workorder page objects/Page_Streetlogix/li_High")): Object: 'Object Repository/Work order 4.0/Page_Streetlogix/Workorder page objects/Page_Streetlogix/li_High' is clicked on

2023-02-23 03:58:02 - [MESSAGE][PASSED] - Object: 'Object Repository/Work order 4.0/Page_Streetlogix/Workorder page objects/Page_Streetlogix/li_High' is clicked on

2023-02-23 03:58:02 - [TEST_STEP][PASSED] - click(findTestObject("Work order 4.0/Page_Streetlogix/Workorder page objects/Page_Streetlogix/input_Upload_repeatingWorkOrder")): Object: 'Object Repository/Work order 4.0/Page_Streetlogix/Workorder page objects/Page_Streetlogix/input_Upload_repeatingWorkOrder' is clicked on

2023-02-23 03:58:03 - [MESSAGE][PASSED] - Object: 'Object Repository/Work order 4.0/Page_Streetlogix/Workorder page objects/Page_Streetlogix/input_Upload_repeatingWorkOrder' is clicked on

2023-02-23 03:58:03 - [TEST_STEP][PASSED] - click(findTestObject("Work order 4.0/Page_Streetlogix/Workorder page objects/Page_Streetlogix/div_Daily")): Object: 'Object Repository/Work order 4.0/Page_Streetlogix/Workorder page objects/Page_Streetlogix/div_Daily' is clicked on

2023-02-23 03:58:03 - [MESSAGE][PASSED] - Object: 'Object Repository/Work order 4.0/Page_Streetlogix/Workorder page objects/Page_Streetlogix/div_Daily' is clicked on

2023-02-23 03:58:03 - [TEST_STEP][PASSED] - click(findTestObject("Work order 4.0/Page_Streetlogix/Workorder page objects/Page_Streetlogix/li_Monthly")): Object: 'Object Repository/Work order 4.0/Page_Streetlogix/Workorder page objects/Page_Streetlogix/li_Monthly' is clicked on

2023-02-23 03:58:04 - [MESSAGE][PASSED] - Object: 'Object Repository/Work order 4.0/Page_Streetlogix/Workorder page objects/Page_Streetlogix/li_Monthly' is clicked on

2023-02-23 03:58:04 - [TEST_STEP][PASSED] - click(findTestObject("Work order 4.0/Page_Streetlogix/Workorder page objects/Page_Streetlogix/input_Statement Field Test_equipment")): Object: 'Object Repository/Work order 4.0/Page_Streetlogix/Workorder page objects/Page_Streetlogix/input_Statement Field Test_equipment' is clicked on

2023-02-23 03:58:05 - [MESSAGE][PASSED] - Object: 'Object Repository/Work order 4.0/Page_Streetlogix/Workorder page objects/Page_Streetlogix/input_Statement Field Test_equipment' is clicked on

2023-02-23 03:58:05 - [TEST_STEP][PASSED] - delay(3): Delayed 3 second(s)

2023-02-23 03:58:08 - [MESSAGE][PASSED] - Delayed 3 second(s)

2023-02-23 03:58:08 - [TEST_STEP][PASSED] - click(findTestObject("Work order 4.0/Page_Streetlogix/Workorder page objects/Page_Streetlogix/Page_Streetlogix/Page_Streetlogix/Page_Streetlogix/div_equip")): Object: 'Object Repository/Work order 4.0/Page_Streetlogix/Workorder page objects/Page_Streetlogix/Page_Streetlogix/Page_Streetlogix/Page_Streetlogix/div_equip' is clicked on

2023-02-23 03:58:08 - [MESSAGE][PASSED] - Object: 'Object Repository/Work order 4.0/Page_Streetlogix/Workorder page objects/Page_Streetlogix/Page_Streetlogix/Page_Streetlogix/Page_Streetlogix/div_equip' is clicked on

2023-02-23 03:58:08 - [TEST_STEP][PASSED] - click(findTestObject("Work order 4.0/Page_Streetlogix/Workorder page objects/Page_Streetlogix/li_Snow Plow - 15")): Object: 'Object Repository/Work order 4.0/Page_Streetlogix/Workorder page objects/Page_Streetlogix/li_Snow Plow - 15' is clicked on

2023-02-23 03:58:09 - [MESSAGE][PASSED] - Object: 'Object Repository/Work order 4.0/Page_Streetlogix/Workorder page objects/Page_Streetlogix/li_Snow Plow - 15' is clicked on

2023-02-23 03:58:09 - [TEST_STEP][PASSED] - click(findTestObject("Work order 4.0/Page_Streetlogix/Workorder page objects/Page_Streetlogix/input_Add Item_material")): Object: 'Object Repository/Work order 4.0/Page_Streetlogix/Workorder page objects/Page_Streetlogix/input_Add Item_material' is clicked on

2023-02-23 03:58:09 - [MESSAGE][PASSED] - Object: 'Object Repository/Work order 4.0/Page_Streetlogix/Workorder page objects/Page_Streetlogix/input_Add Item_material' is clicked on

2023-02-23 03:58:09 - [TEST_STEP][PASSED] - delay(3): Delayed 3 second(s)

2023-02-23 03:58:12 - [MESSAGE][PASSED] - Delayed 3 second(s)

2023-02-23 03:58:12 - [TEST_STEP][PASSED] - click(findTestObject("Work order 4.0/Page_Streetlogix/Workorder page objects/Page_Streetlogix/Page_Streetlogix/Page_Streetlogix/Page_Streetlogix/div_material")): Object: 'Object Repository/Work order 4.0/Page_Streetlogix/Workorder page objects/Page_Streetlogix/Page_Streetlogix/Page_Streetlogix/Page_Streetlogix/div_material' is clicked on

2023-02-23 03:58:13 - [MESSAGE][PASSED] - Object: 'Object Repository/Work order 4.0/Page_Streetlogix/Workorder page objects/Page_Streetlogix/Page_Streetlogix/Page_Streetlogix/Page_Streetlogix/div_material' is clicked on

2023-02-23 03:58:13 - [TEST_STEP][PASSED] - click(findTestObject("Work order 4.0/Page_Streetlogix/Workorder page objects/Page_Streetlogix/li_Asphalt - 22")): Object: 'Object Repository/Work order 4.0/Page_Streetlogix/Workorder page objects/Page_Streetlogix/li_Asphalt - 22' is clicked on

2023-02-23 03:58:13 - [MESSAGE][PASSED] - Object: 'Object Repository/Work order 4.0/Page_Streetlogix/Workorder page objects/Page_Streetlogix/li_Asphalt - 22' is clicked on

2023-02-23 03:58:13 - [TEST_STEP][PASSED] - click(findTestObject("Work order 4.0/Page_Streetlogix/Workorder page objects/Page_Streetlogix/input_Add Item_labor")): Object: 'Object Repository/Work order 4.0/Page_Streetlogix/Workorder page objects/Page_Streetlogix/input_Add Item_labor' is clicked on

2023-02-23 03:58:14 - [MESSAGE][PASSED] - Object: 'Object Repository/Work order 4.0/Page_Streetlogix/Workorder page objects/Page_Streetlogix/input_Add Item_labor' is clicked on

2023-02-23 03:58:14 - [TEST_STEP][PASSED] - delay(3): Delayed 3 second(s)

2023-02-23 03:58:17 - [MESSAGE][PASSED] - Delayed 3 second(s)

2023-02-23 03:58:17 - [TEST_STEP][PASSED] - click(findTestObject("Work order 4.0/Page_Streetlogix/Workorder page objects/Page_Streetlogix/Page_Streetlogix/Page_Streetlogix/Page_Streetlogix/div_labor")): Object: 'Object Repository/Work order 4.0/Page_Streetlogix/Workorder page objects/Page_Streetlogix/Page_Streetlogix/Page_Streetlogix/Page_Streetlogix/div_labor' is clicked on

2023-02-23 03:58:18 - [MESSAGE][PASSED] - Object: 'Object Repository/Work order 4.0/Page_Streetlogix/Workorder page objects/Page_Streetlogix/Page_Streetlogix/Page_Streetlogix/Page_Streetlogix/div_labor' is clicked on

2023-02-23 03:58:18 - [TEST_STEP][PASSED] - click(findTestObject("Work order 4.0/Page_Streetlogix/Workorder page objects/Page_Streetlogix/li_Supervisor - 30")): Object: 'Object Repository/Work order 4.0/Page_Streetlogix/Workorder page objects/Page_Streetlogix/li_Supervisor - 30' is clicked on

2023-02-23 03:58:18 - [MESSAGE][PASSED] - Object: 'Object Repository/Work order 4.0/Page_Streetlogix/Workorder page objects/Page_Streetlogix/li_Supervisor - 30' is clicked on

2023-02-23 03:58:18 - [TEST_STEP][PASSED] - click(findTestObject("Work order 4.0/Page_Streetlogix/Workorder page objects/Page_Streetlogix/span_Save")): Object: 'Object Repository/Work order 4.0/Page_Streetlogix/Workorder page objects/Page_Streetlogix/span_Save' is clicked on

2023-02-23 03:58:19 - [MESSAGE][PASSED] - Object: 'Object Repository/Work order 4.0/Page_Streetlogix/Workorder page objects/Page_Streetlogix/span_Save' is clicked on

2023-02-23 03:58:19 - [TEST_STEP][PASSED] - countAfter = database_keywords.test.Database_Keywords.getWorkOrdersCount(): database_keywords.test.Database_Keywords.getWorkOrdersCount is PASSED

2023-02-23 03:58:43 - [MESSAGE][PASSED] - database_keywords.test.Database_Keywords.getWorkOrdersCount is PASSED

2023-02-23 03:58:43 - [TEST_STEP][PASSED] - println(countAfter): null

2023-02-23 03:58:43 - [TEST_STEP][PASSED] - if (countAfter == countBefore + 1): null

2023-02-23 03:58:43 - [TEST_STEP][PASSED] - println("Work Order Created"): null

2023-02-23 03:58:43 - [TEST_STEP][PASSED] - closeBrowser(): Browser is closed

2023-02-23 03:58:44 - [MESSAGE][PASSED] - Browser is closed

2023-02-23 03:58:44 - [TEST_STEP][PASSED] - Video: Video recording for test case 'Test Cases/GiS/Work order/Work_order_monthly' .

2023-02-23 03:58:44 - [MESSAGE][INFO] - Video recording for test case 'Test Cases/GiS/Work order/Work_order_monthly' .]]></system-out>
         <system-err><![CDATA[]]></system-err>
      </testcase>
      <testcase name="Test Cases/GiS/Work order/Work_order_Weekly" time="181.323" classname="Test Cases/GiS/Work order/Work_order_Weekly" status="PASSED">
         <system-out><![CDATA[2023-02-23 03:58:44 - [TEST_CASE][PASSED] - Test Cases/GiS/Work order/Work_order_Weekly: Test Cases/GiS/Work order/Work_order_Weekly

2023-02-23 03:58:44 - [TEST_STEP][PASSED] - gis_url.test.URL.redirectURL(): gis_url.test.URL.redirectURL is PASSED

2023-02-23 03:58:44 - [MESSAGE][INFO] - Starting 'Chrome' driver

2023-02-23 03:58:44 - [MESSAGE][INFO] - Action delay is set to 0 milliseconds

2023-02-23 03:58:47 - [MESSAGE][PASSED] - Browser is opened with url: 'https://streetlogix-gis-slx4-develop.vercel.app/?config=64077fc938af4bcc9a46a81d8f4e5576&token=eyJhbGciOiJIUzI1NiIsInR5cCI6IkpXVCJ9.eyJpZCI6OTc2LCJuYW1lIjoiU29oYWliIE5laGFsIiwiZXhwIjoxNjc5NTk1OTE0LCJpYXQiOjE2NzcwMDM5MTR9.2xH46-6Ez-I1oUKcoFhQjnTNUOtwKNfZcleU9MbUdCY'

2023-02-23 03:58:47 - [MESSAGE][PASSED] - gis_url.test.URL.redirectURL is PASSED

2023-02-23 03:58:47 - [TEST_STEP][PASSED] - countBefore = database_keywords.test.Database_Keywords.getWorkOrdersCount(): database_keywords.test.Database_Keywords.getWorkOrdersCount is PASSED

2023-02-23 03:58:53 - [MESSAGE][PASSED] - database_keywords.test.Database_Keywords.getWorkOrdersCount is PASSED

2023-02-23 03:58:53 - [TEST_STEP][PASSED] - println(countBefore): null

2023-02-23 03:58:53 - [TEST_STEP][PASSED] - click(findTestObject("Work order 4.0/Page_Streetlogix/Workorder page objects/Page_Streetlogix/WO icon")): Object: 'Object Repository/Work order 4.0/Page_Streetlogix/Workorder page objects/Page_Streetlogix/WO icon' is clicked on

2023-02-23 03:58:59 - [MESSAGE][PASSED] - Object: 'Object Repository/Work order 4.0/Page_Streetlogix/Workorder page objects/Page_Streetlogix/WO icon' is clicked on

2023-02-23 03:58:59 - [TEST_STEP][PASSED] - click(findTestObject("Work order 4.0/Page_Streetlogix/Workorder page objects/Page_Streetlogix/Group Dropdown")): Object: 'Object Repository/Work order 4.0/Page_Streetlogix/Workorder page objects/Page_Streetlogix/Group Dropdown' is clicked on

2023-02-23 03:59:01 - [MESSAGE][PASSED] - Object: 'Object Repository/Work order 4.0/Page_Streetlogix/Workorder page objects/Page_Streetlogix/Group Dropdown' is clicked on

2023-02-23 03:59:01 - [TEST_STEP][PASSED] - click(findTestObject("Work order 4.0/Page_Streetlogix/Workorder page objects/Page_Streetlogix/li_Bridge Inspection")): Object: 'Object Repository/Work order 4.0/Page_Streetlogix/Workorder page objects/Page_Streetlogix/li_Bridge Inspection' is clicked on

2023-02-23 03:59:01 - [MESSAGE][PASSED] - Object: 'Object Repository/Work order 4.0/Page_Streetlogix/Workorder page objects/Page_Streetlogix/li_Bridge Inspection' is clicked on

2023-02-23 03:59:01 - [TEST_STEP][PASSED] - setText(findTestObject("Work order 4.0/Page_Streetlogix/Workorder page objects/Page_Streetlogix/input_Filter by form name_standard-full-width"), "Bridge maintenance"): Text 'Bridge maintenance' is set on object 'Object Repository/Work order 4.0/Page_Streetlogix/Workorder page objects/Page_Streetlogix/input_Filter by form name_standard-full-width'

2023-02-23 03:59:05 - [MESSAGE][PASSED] - Text 'Bridge maintenance' is set on object 'Object Repository/Work order 4.0/Page_Streetlogix/Workorder page objects/Page_Streetlogix/input_Filter by form name_standard-full-width'

2023-02-23 03:59:05 - [TEST_STEP][PASSED] - click(findTestObject("Work order 4.0/Page_Streetlogix/Workorder page objects/Page_Streetlogix/span_Bridge Maintenance")): Object: 'Object Repository/Work order 4.0/Page_Streetlogix/Workorder page objects/Page_Streetlogix/span_Bridge Maintenance' is clicked on

2023-02-23 03:59:05 - [MESSAGE][PASSED] - Object: 'Object Repository/Work order 4.0/Page_Streetlogix/Workorder page objects/Page_Streetlogix/span_Bridge Maintenance' is clicked on

2023-02-23 03:59:05 - [TEST_STEP][PASSED] - click(findTestObject("Work order 4.0/Page_Streetlogix/Workorder page objects/Page_Streetlogix/input_Select Assignee_assignee-autocomplete")): Object: 'Object Repository/Work order 4.0/Page_Streetlogix/Workorder page objects/Page_Streetlogix/input_Select Assignee_assignee-autocomplete' is clicked on

2023-02-23 03:59:35 - [MESSAGE][PASSED] - Object: 'Object Repository/Work order 4.0/Page_Streetlogix/Workorder page objects/Page_Streetlogix/input_Select Assignee_assignee-autocomplete' is clicked on

2023-02-23 03:59:35 - [TEST_STEP][PASSED] - click(findTestObject("Work order 4.0/Page_Streetlogix/Workorder page objects/Page_Streetlogix/span_ami  admin")): Object: 'Object Repository/Work order 4.0/Page_Streetlogix/Workorder page objects/Page_Streetlogix/span_ami  admin' is clicked on

2023-02-23 03:59:38 - [MESSAGE][PASSED] - Object: 'Object Repository/Work order 4.0/Page_Streetlogix/Workorder page objects/Page_Streetlogix/span_ami  admin' is clicked on

2023-02-23 03:59:38 - [TEST_STEP][PASSED] - click(findTestObject("Work order 4.0/Page_Streetlogix/Workorder page objects/Page_Streetlogix/input_Collaborators_collaborators-autocomplete")): Object: 'Object Repository/Work order 4.0/Page_Streetlogix/Workorder page objects/Page_Streetlogix/input_Collaborators_collaborators-autocomplete' is clicked on

2023-02-23 03:59:39 - [MESSAGE][PASSED] - Object: 'Object Repository/Work order 4.0/Page_Streetlogix/Workorder page objects/Page_Streetlogix/input_Collaborators_collaborators-autocomplete' is clicked on

2023-02-23 03:59:39 - [TEST_STEP][PASSED] - click(findTestObject("Work order 4.0/Page_Streetlogix/Workorder page objects/Page_Streetlogix/span_ami  admin")): Object: 'Object Repository/Work order 4.0/Page_Streetlogix/Workorder page objects/Page_Streetlogix/span_ami  admin' is clicked on

2023-02-23 03:59:39 - [MESSAGE][PASSED] - Object: 'Object Repository/Work order 4.0/Page_Streetlogix/Workorder page objects/Page_Streetlogix/span_ami  admin' is clicked on

2023-02-23 03:59:39 - [TEST_STEP][PASSED] - click(findTestObject("Work order 4.0/Page_Streetlogix/Workorder page objects/Page_Streetlogix/h6_Bridge Maintenance")): Object: 'Object Repository/Work order 4.0/Page_Streetlogix/Workorder page objects/Page_Streetlogix/h6_Bridge Maintenance' is clicked on

2023-02-23 03:59:40 - [MESSAGE][PASSED] - Object: 'Object Repository/Work order 4.0/Page_Streetlogix/Workorder page objects/Page_Streetlogix/h6_Bridge Maintenance' is clicked on

2023-02-23 03:59:40 - [TEST_STEP][PASSED] - setText(findTestObject("Work order 4.0/Page_Streetlogix/Workorder page objects/Page_Streetlogix/Page_Streetlogix/Page_Streetlogix/input_Address_asset-id-address"), "12"): Text '12' is set on object 'Object Repository/Work order 4.0/Page_Streetlogix/Workorder page objects/Page_Streetlogix/Page_Streetlogix/Page_Streetlogix/input_Address_asset-id-address'

2023-02-23 03:59:41 - [MESSAGE][PASSED] - Text '12' is set on object 'Object Repository/Work order 4.0/Page_Streetlogix/Workorder page objects/Page_Streetlogix/Page_Streetlogix/Page_Streetlogix/input_Address_asset-id-address'

2023-02-23 03:59:41 - [TEST_STEP][PASSED] - click(findTestObject("Work order 4.0/Page_Streetlogix/Workorder page objects/Page_Streetlogix/li_12TH STREET CONNECTOR From CHESTNUT ST To MAGAZINE ST - 20476")): Object: 'Object Repository/Work order 4.0/Page_Streetlogix/Workorder page objects/Page_Streetlogix/li_12TH STREET CONNECTOR From CHESTNUT ST To MAGAZINE ST - 20476' is clicked on

2023-02-23 03:59:41 - [MESSAGE][PASSED] - Object: 'Object Repository/Work order 4.0/Page_Streetlogix/Workorder page objects/Page_Streetlogix/li_12TH STREET CONNECTOR From CHESTNUT ST To MAGAZINE ST - 20476' is clicked on

2023-02-23 03:59:41 - [TEST_STEP][PASSED] - setText(findTestObject("Work order 4.0/Page_Streetlogix/Workorder page objects/Page_Streetlogix/textarea_Test"), "Test"): Text 'Test' is set on object 'Object Repository/Work order 4.0/Page_Streetlogix/Workorder page objects/Page_Streetlogix/textarea_Test'

2023-02-23 03:59:43 - [MESSAGE][PASSED] - Text 'Test' is set on object 'Object Repository/Work order 4.0/Page_Streetlogix/Workorder page objects/Page_Streetlogix/textarea_Test'

2023-02-23 03:59:43 - [TEST_STEP][PASSED] - click(findTestObject("Work order 4.0/Page_Streetlogix/Workorder page objects/Page_Streetlogix/Page_Streetlogix/Page_Streetlogix/div_Urgent")): Object: 'Object Repository/Work order 4.0/Page_Streetlogix/Workorder page objects/Page_Streetlogix/Page_Streetlogix/Page_Streetlogix/div_Urgent' is clicked on

2023-02-23 03:59:44 - [MESSAGE][PASSED] - Object: 'Object Repository/Work order 4.0/Page_Streetlogix/Workorder page objects/Page_Streetlogix/Page_Streetlogix/Page_Streetlogix/div_Urgent' is clicked on

2023-02-23 03:59:44 - [TEST_STEP][PASSED] - click(findTestObject("Work order 4.0/Page_Streetlogix/Workorder page objects/Page_Streetlogix/li_High")): Object: 'Object Repository/Work order 4.0/Page_Streetlogix/Workorder page objects/Page_Streetlogix/li_High' is clicked on

2023-02-23 03:59:44 - [MESSAGE][PASSED] - Object: 'Object Repository/Work order 4.0/Page_Streetlogix/Workorder page objects/Page_Streetlogix/li_High' is clicked on

2023-02-23 03:59:44 - [TEST_STEP][PASSED] - click(findTestObject("Work order 4.0/Page_Streetlogix/Workorder page objects/Page_Streetlogix/input_Upload_repeatingWorkOrder")): Object: 'Object Repository/Work order 4.0/Page_Streetlogix/Workorder page objects/Page_Streetlogix/input_Upload_repeatingWorkOrder' is clicked on

2023-02-23 03:59:45 - [MESSAGE][PASSED] - Object: 'Object Repository/Work order 4.0/Page_Streetlogix/Workorder page objects/Page_Streetlogix/input_Upload_repeatingWorkOrder' is clicked on

2023-02-23 03:59:45 - [TEST_STEP][PASSED] - click(findTestObject("Work order 4.0/Page_Streetlogix/Workorder page objects/Page_Streetlogix/div_Daily")): Object: 'Object Repository/Work order 4.0/Page_Streetlogix/Workorder page objects/Page_Streetlogix/div_Daily' is clicked on

2023-02-23 03:59:46 - [MESSAGE][PASSED] - Object: 'Object Repository/Work order 4.0/Page_Streetlogix/Workorder page objects/Page_Streetlogix/div_Daily' is clicked on

2023-02-23 03:59:46 - [TEST_STEP][PASSED] - click(findTestObject("Work order 4.0/Page_Streetlogix/Workorder page objects/Page_Streetlogix/li_Weekly")): Object: 'Object Repository/Work order 4.0/Page_Streetlogix/Workorder page objects/Page_Streetlogix/li_Weekly' is clicked on

2023-02-23 03:59:47 - [MESSAGE][PASSED] - Object: 'Object Repository/Work order 4.0/Page_Streetlogix/Workorder page objects/Page_Streetlogix/li_Weekly' is clicked on

2023-02-23 03:59:47 - [TEST_STEP][PASSED] - click(findTestObject("Work order 4.0/Page_Streetlogix/Workorder page objects/Page_Streetlogix/input_Statement Field Test_equipment")): Object: 'Object Repository/Work order 4.0/Page_Streetlogix/Workorder page objects/Page_Streetlogix/input_Statement Field Test_equipment' is clicked on

2023-02-23 03:59:47 - [MESSAGE][PASSED] - Object: 'Object Repository/Work order 4.0/Page_Streetlogix/Workorder page objects/Page_Streetlogix/input_Statement Field Test_equipment' is clicked on

2023-02-23 03:59:47 - [TEST_STEP][PASSED] - delay(3): Delayed 3 second(s)

2023-02-23 03:59:50 - [MESSAGE][PASSED] - Delayed 3 second(s)

2023-02-23 03:59:50 - [TEST_STEP][PASSED] - click(findTestObject("Work order 4.0/Page_Streetlogix/Workorder page objects/Page_Streetlogix/Page_Streetlogix/Page_Streetlogix/Page_Streetlogix/div_equip")): Object: 'Object Repository/Work order 4.0/Page_Streetlogix/Workorder page objects/Page_Streetlogix/Page_Streetlogix/Page_Streetlogix/Page_Streetlogix/div_equip' is clicked on

2023-02-23 03:59:51 - [MESSAGE][PASSED] - Object: 'Object Repository/Work order 4.0/Page_Streetlogix/Workorder page objects/Page_Streetlogix/Page_Streetlogix/Page_Streetlogix/Page_Streetlogix/div_equip' is clicked on

2023-02-23 03:59:51 - [TEST_STEP][PASSED] - click(findTestObject("Work order 4.0/Page_Streetlogix/Workorder page objects/Page_Streetlogix/li_Snow Plow - 15")): Object: 'Object Repository/Work order 4.0/Page_Streetlogix/Workorder page objects/Page_Streetlogix/li_Snow Plow - 15' is clicked on

2023-02-23 03:59:51 - [MESSAGE][PASSED] - Object: 'Object Repository/Work order 4.0/Page_Streetlogix/Workorder page objects/Page_Streetlogix/li_Snow Plow - 15' is clicked on

2023-02-23 03:59:51 - [TEST_STEP][PASSED] - click(findTestObject("Work order 4.0/Page_Streetlogix/Workorder page objects/Page_Streetlogix/input_Add Item_material")): Object: 'Object Repository/Work order 4.0/Page_Streetlogix/Workorder page objects/Page_Streetlogix/input_Add Item_material' is clicked on

2023-02-23 03:59:52 - [MESSAGE][PASSED] - Object: 'Object Repository/Work order 4.0/Page_Streetlogix/Workorder page objects/Page_Streetlogix/input_Add Item_material' is clicked on

2023-02-23 03:59:52 - [TEST_STEP][PASSED] - delay(3): Delayed 3 second(s)

2023-02-23 03:59:55 - [MESSAGE][PASSED] - Delayed 3 second(s)

2023-02-23 03:59:55 - [TEST_STEP][PASSED] - click(findTestObject("Work order 4.0/Page_Streetlogix/Workorder page objects/Page_Streetlogix/Page_Streetlogix/Page_Streetlogix/Page_Streetlogix/div_material")): Object: 'Object Repository/Work order 4.0/Page_Streetlogix/Workorder page objects/Page_Streetlogix/Page_Streetlogix/Page_Streetlogix/Page_Streetlogix/div_material' is clicked on

2023-02-23 03:59:56 - [MESSAGE][PASSED] - Object: 'Object Repository/Work order 4.0/Page_Streetlogix/Workorder page objects/Page_Streetlogix/Page_Streetlogix/Page_Streetlogix/Page_Streetlogix/div_material' is clicked on

2023-02-23 03:59:56 - [TEST_STEP][PASSED] - click(findTestObject("Work order 4.0/Page_Streetlogix/Workorder page objects/Page_Streetlogix/li_Asphalt - 22")): Object: 'Object Repository/Work order 4.0/Page_Streetlogix/Workorder page objects/Page_Streetlogix/li_Asphalt - 22' is clicked on

2023-02-23 03:59:56 - [MESSAGE][PASSED] - Object: 'Object Repository/Work order 4.0/Page_Streetlogix/Workorder page objects/Page_Streetlogix/li_Asphalt - 22' is clicked on

2023-02-23 03:59:56 - [TEST_STEP][PASSED] - click(findTestObject("Work order 4.0/Page_Streetlogix/Workorder page objects/Page_Streetlogix/input_Add Item_labor")): Object: 'Object Repository/Work order 4.0/Page_Streetlogix/Workorder page objects/Page_Streetlogix/input_Add Item_labor' is clicked on

2023-02-23 03:59:57 - [MESSAGE][PASSED] - Object: 'Object Repository/Work order 4.0/Page_Streetlogix/Workorder page objects/Page_Streetlogix/input_Add Item_labor' is clicked on

2023-02-23 03:59:57 - [TEST_STEP][PASSED] - delay(3): Delayed 3 second(s)

2023-02-23 04:00:00 - [MESSAGE][PASSED] - Delayed 3 second(s)

2023-02-23 04:00:00 - [TEST_STEP][PASSED] - click(findTestObject("Work order 4.0/Page_Streetlogix/Workorder page objects/Page_Streetlogix/Page_Streetlogix/Page_Streetlogix/Page_Streetlogix/div_labor")): Object: 'Object Repository/Work order 4.0/Page_Streetlogix/Workorder page objects/Page_Streetlogix/Page_Streetlogix/Page_Streetlogix/Page_Streetlogix/div_labor' is clicked on

2023-02-23 04:00:00 - [MESSAGE][PASSED] - Object: 'Object Repository/Work order 4.0/Page_Streetlogix/Workorder page objects/Page_Streetlogix/Page_Streetlogix/Page_Streetlogix/Page_Streetlogix/div_labor' is clicked on

2023-02-23 04:00:00 - [TEST_STEP][PASSED] - click(findTestObject("Work order 4.0/Page_Streetlogix/Workorder page objects/Page_Streetlogix/li_Supervisor - 30")): Object: 'Object Repository/Work order 4.0/Page_Streetlogix/Workorder page objects/Page_Streetlogix/li_Supervisor - 30' is clicked on

2023-02-23 04:00:01 - [MESSAGE][PASSED] - Object: 'Object Repository/Work order 4.0/Page_Streetlogix/Workorder page objects/Page_Streetlogix/li_Supervisor - 30' is clicked on

2023-02-23 04:00:01 - [TEST_STEP][PASSED] - click(findTestObject("Work order 4.0/Page_Streetlogix/Workorder page objects/Page_Streetlogix/span_Add Item")): Object: 'Object Repository/Work order 4.0/Page_Streetlogix/Workorder page objects/Page_Streetlogix/span_Add Item' is clicked on

2023-02-23 04:00:02 - [MESSAGE][PASSED] - Object: 'Object Repository/Work order 4.0/Page_Streetlogix/Workorder page objects/Page_Streetlogix/span_Add Item' is clicked on

2023-02-23 04:00:02 - [TEST_STEP][PASSED] - click(findTestObject("Work order 4.0/Page_Streetlogix/Workorder page objects/Page_Streetlogix/span_Save")): Object: 'Object Repository/Work order 4.0/Page_Streetlogix/Workorder page objects/Page_Streetlogix/span_Save' is clicked on

2023-02-23 04:00:02 - [MESSAGE][PASSED] - Object: 'Object Repository/Work order 4.0/Page_Streetlogix/Workorder page objects/Page_Streetlogix/span_Save' is clicked on

2023-02-23 04:00:02 - [TEST_STEP][PASSED] - countAfter = database_keywords.test.Database_Keywords.getWorkOrdersCount(): database_keywords.test.Database_Keywords.getWorkOrdersCount is PASSED

2023-02-23 04:01:45 - [MESSAGE][PASSED] - database_keywords.test.Database_Keywords.getWorkOrdersCount is PASSED

2023-02-23 04:01:45 - [TEST_STEP][PASSED] - println(countAfter): null

2023-02-23 04:01:45 - [TEST_STEP][PASSED] - if (countAfter == countBefore + 1): null

2023-02-23 04:01:45 - [TEST_STEP][PASSED] - println("Work Order Created"): null

2023-02-23 04:01:45 - [TEST_STEP][PASSED] - closeBrowser(): Browser is closed

2023-02-23 04:01:45 - [MESSAGE][PASSED] - Browser is closed

2023-02-23 04:01:45 - [TEST_STEP][PASSED] - Video: Video recording for test case 'Test Cases/GiS/Work order/Work_order_Weekly' .

2023-02-23 04:01:45 - [MESSAGE][INFO] - Video recording for test case 'Test Cases/GiS/Work order/Work_order_Weekly' .]]></system-out>
         <system-err><![CDATA[]]></system-err>
      </testcase>
      <testcase name="Test Cases/GiS/Work order/Work_order_Biweekly" time="178.776" classname="Test Cases/GiS/Work order/Work_order_Biweekly" status="PASSED">
         <system-out><![CDATA[2023-02-23 04:01:45 - [TEST_CASE][PASSED] - Test Cases/GiS/Work order/Work_order_Biweekly: Test Cases/GiS/Work order/Work_order_Biweekly

2023-02-23 04:01:45 - [TEST_STEP][PASSED] - gis_url.test.URL.redirectURL(): gis_url.test.URL.redirectURL is PASSED

2023-02-23 04:01:45 - [MESSAGE][INFO] - Starting 'Chrome' driver

2023-02-23 04:01:45 - [MESSAGE][INFO] - Action delay is set to 0 milliseconds

2023-02-23 04:01:51 - [MESSAGE][PASSED] - Browser is opened with url: 'https://streetlogix-gis-slx4-develop.vercel.app/?config=64077fc938af4bcc9a46a81d8f4e5576&token=eyJhbGciOiJIUzI1NiIsInR5cCI6IkpXVCJ9.eyJpZCI6OTc2LCJuYW1lIjoiU29oYWliIE5laGFsIiwiZXhwIjoxNjc5NTk1OTE0LCJpYXQiOjE2NzcwMDM5MTR9.2xH46-6Ez-I1oUKcoFhQjnTNUOtwKNfZcleU9MbUdCY'

2023-02-23 04:01:51 - [MESSAGE][PASSED] - gis_url.test.URL.redirectURL is PASSED

2023-02-23 04:01:51 - [TEST_STEP][PASSED] - countBefore = database_keywords.test.Database_Keywords.getWorkOrdersCount(): database_keywords.test.Database_Keywords.getWorkOrdersCount is PASSED

2023-02-23 04:03:31 - [MESSAGE][PASSED] - database_keywords.test.Database_Keywords.getWorkOrdersCount is PASSED

2023-02-23 04:03:31 - [TEST_STEP][PASSED] - println(countBefore): null

2023-02-23 04:03:31 - [TEST_STEP][PASSED] - click(findTestObject("Work order 4.0/Page_Streetlogix/Workorder page objects/Page_Streetlogix/WO icon")): Object: 'Object Repository/Work order 4.0/Page_Streetlogix/Workorder page objects/Page_Streetlogix/WO icon' is clicked on

2023-02-23 04:03:32 - [MESSAGE][PASSED] - Object: 'Object Repository/Work order 4.0/Page_Streetlogix/Workorder page objects/Page_Streetlogix/WO icon' is clicked on

2023-02-23 04:03:32 - [TEST_STEP][PASSED] - click(findTestObject("Work order 4.0/Page_Streetlogix/Workorder page objects/Page_Streetlogix/Group Dropdown")): Object: 'Object Repository/Work order 4.0/Page_Streetlogix/Workorder page objects/Page_Streetlogix/Group Dropdown' is clicked on

2023-02-23 04:03:33 - [MESSAGE][PASSED] - Object: 'Object Repository/Work order 4.0/Page_Streetlogix/Workorder page objects/Page_Streetlogix/Group Dropdown' is clicked on

2023-02-23 04:03:33 - [TEST_STEP][PASSED] - click(findTestObject("Work order 4.0/Page_Streetlogix/Workorder page objects/Page_Streetlogix/li_Bridge Inspection")): Object: 'Object Repository/Work order 4.0/Page_Streetlogix/Workorder page objects/Page_Streetlogix/li_Bridge Inspection' is clicked on

2023-02-23 04:03:34 - [MESSAGE][PASSED] - Object: 'Object Repository/Work order 4.0/Page_Streetlogix/Workorder page objects/Page_Streetlogix/li_Bridge Inspection' is clicked on

2023-02-23 04:03:34 - [TEST_STEP][PASSED] - setText(findTestObject("Work order 4.0/Page_Streetlogix/Workorder page objects/Page_Streetlogix/input_Filter by form name_standard-full-width"), "Bridge maintenance"): Text 'Bridge maintenance' is set on object 'Object Repository/Work order 4.0/Page_Streetlogix/Workorder page objects/Page_Streetlogix/input_Filter by form name_standard-full-width'

2023-02-23 04:03:37 - [MESSAGE][PASSED] - Text 'Bridge maintenance' is set on object 'Object Repository/Work order 4.0/Page_Streetlogix/Workorder page objects/Page_Streetlogix/input_Filter by form name_standard-full-width'

2023-02-23 04:03:37 - [TEST_STEP][PASSED] - click(findTestObject("Work order 4.0/Page_Streetlogix/Workorder page objects/Page_Streetlogix/span_Bridge Maintenance")): Object: 'Object Repository/Work order 4.0/Page_Streetlogix/Workorder page objects/Page_Streetlogix/span_Bridge Maintenance' is clicked on

2023-02-23 04:03:37 - [MESSAGE][PASSED] - Object: 'Object Repository/Work order 4.0/Page_Streetlogix/Workorder page objects/Page_Streetlogix/span_Bridge Maintenance' is clicked on

2023-02-23 04:03:37 - [TEST_STEP][PASSED] - click(findTestObject("Work order 4.0/Page_Streetlogix/Workorder page objects/Page_Streetlogix/input_Select Assignee_assignee-autocomplete")): Object: 'Object Repository/Work order 4.0/Page_Streetlogix/Workorder page objects/Page_Streetlogix/input_Select Assignee_assignee-autocomplete' is clicked on

2023-02-23 04:03:45 - [MESSAGE][PASSED] - Object: 'Object Repository/Work order 4.0/Page_Streetlogix/Workorder page objects/Page_Streetlogix/input_Select Assignee_assignee-autocomplete' is clicked on

2023-02-23 04:03:45 - [TEST_STEP][PASSED] - click(findTestObject("Work order 4.0/Page_Streetlogix/Workorder page objects/Page_Streetlogix/span_ami  admin")): Object: 'Object Repository/Work order 4.0/Page_Streetlogix/Workorder page objects/Page_Streetlogix/span_ami  admin' is clicked on

2023-02-23 04:03:46 - [MESSAGE][PASSED] - Object: 'Object Repository/Work order 4.0/Page_Streetlogix/Workorder page objects/Page_Streetlogix/span_ami  admin' is clicked on

2023-02-23 04:03:46 - [TEST_STEP][PASSED] - click(findTestObject("Work order 4.0/Page_Streetlogix/Workorder page objects/Page_Streetlogix/input_Collaborators_collaborators-autocomplete")): Object: 'Object Repository/Work order 4.0/Page_Streetlogix/Workorder page objects/Page_Streetlogix/input_Collaborators_collaborators-autocomplete' is clicked on

2023-02-23 04:03:46 - [MESSAGE][PASSED] - Object: 'Object Repository/Work order 4.0/Page_Streetlogix/Workorder page objects/Page_Streetlogix/input_Collaborators_collaborators-autocomplete' is clicked on

2023-02-23 04:03:46 - [TEST_STEP][PASSED] - click(findTestObject("Work order 4.0/Page_Streetlogix/Workorder page objects/Page_Streetlogix/span_ami  admin")): Object: 'Object Repository/Work order 4.0/Page_Streetlogix/Workorder page objects/Page_Streetlogix/span_ami  admin' is clicked on

2023-02-23 04:03:47 - [MESSAGE][PASSED] - Object: 'Object Repository/Work order 4.0/Page_Streetlogix/Workorder page objects/Page_Streetlogix/span_ami  admin' is clicked on

2023-02-23 04:03:47 - [TEST_STEP][PASSED] - click(findTestObject("Work order 4.0/Page_Streetlogix/Workorder page objects/Page_Streetlogix/h6_Bridge Maintenance")): Object: 'Object Repository/Work order 4.0/Page_Streetlogix/Workorder page objects/Page_Streetlogix/h6_Bridge Maintenance' is clicked on

2023-02-23 04:03:48 - [MESSAGE][PASSED] - Object: 'Object Repository/Work order 4.0/Page_Streetlogix/Workorder page objects/Page_Streetlogix/h6_Bridge Maintenance' is clicked on

2023-02-23 04:03:48 - [TEST_STEP][PASSED] - setText(findTestObject("Work order 4.0/Page_Streetlogix/Workorder page objects/Page_Streetlogix/Page_Streetlogix/Page_Streetlogix/input_Address_asset-id-address"), "12"): Text '12' is set on object 'Object Repository/Work order 4.0/Page_Streetlogix/Workorder page objects/Page_Streetlogix/Page_Streetlogix/Page_Streetlogix/input_Address_asset-id-address'

2023-02-23 04:03:49 - [MESSAGE][PASSED] - Text '12' is set on object 'Object Repository/Work order 4.0/Page_Streetlogix/Workorder page objects/Page_Streetlogix/Page_Streetlogix/Page_Streetlogix/input_Address_asset-id-address'

2023-02-23 04:03:49 - [TEST_STEP][PASSED] - click(findTestObject("Work order 4.0/Page_Streetlogix/Workorder page objects/Page_Streetlogix/li_12TH STREET CONNECTOR From CHESTNUT ST To MAGAZINE ST - 20476")): Object: 'Object Repository/Work order 4.0/Page_Streetlogix/Workorder page objects/Page_Streetlogix/li_12TH STREET CONNECTOR From CHESTNUT ST To MAGAZINE ST - 20476' is clicked on

2023-02-23 04:03:49 - [MESSAGE][PASSED] - Object: 'Object Repository/Work order 4.0/Page_Streetlogix/Workorder page objects/Page_Streetlogix/li_12TH STREET CONNECTOR From CHESTNUT ST To MAGAZINE ST - 20476' is clicked on

2023-02-23 04:03:49 - [TEST_STEP][PASSED] - setText(findTestObject("Work order 4.0/Page_Streetlogix/Workorder page objects/Page_Streetlogix/textarea_Test"), "Test"): Text 'Test' is set on object 'Object Repository/Work order 4.0/Page_Streetlogix/Workorder page objects/Page_Streetlogix/textarea_Test'

2023-02-23 04:03:51 - [MESSAGE][PASSED] - Text 'Test' is set on object 'Object Repository/Work order 4.0/Page_Streetlogix/Workorder page objects/Page_Streetlogix/textarea_Test'

2023-02-23 04:03:51 - [TEST_STEP][PASSED] - click(findTestObject("Work order 4.0/Page_Streetlogix/Workorder page objects/Page_Streetlogix/Page_Streetlogix/Page_Streetlogix/div_Urgent")): Object: 'Object Repository/Work order 4.0/Page_Streetlogix/Workorder page objects/Page_Streetlogix/Page_Streetlogix/Page_Streetlogix/div_Urgent' is clicked on

2023-02-23 04:03:51 - [MESSAGE][PASSED] - Object: 'Object Repository/Work order 4.0/Page_Streetlogix/Workorder page objects/Page_Streetlogix/Page_Streetlogix/Page_Streetlogix/div_Urgent' is clicked on

2023-02-23 04:03:51 - [TEST_STEP][PASSED] - click(findTestObject("Work order 4.0/Page_Streetlogix/Workorder page objects/Page_Streetlogix/li_High")): Object: 'Object Repository/Work order 4.0/Page_Streetlogix/Workorder page objects/Page_Streetlogix/li_High' is clicked on

2023-02-23 04:03:52 - [MESSAGE][PASSED] - Object: 'Object Repository/Work order 4.0/Page_Streetlogix/Workorder page objects/Page_Streetlogix/li_High' is clicked on

2023-02-23 04:03:52 - [TEST_STEP][PASSED] - click(findTestObject("Work order 4.0/Page_Streetlogix/Workorder page objects/Page_Streetlogix/input_Upload_repeatingWorkOrder")): Object: 'Object Repository/Work order 4.0/Page_Streetlogix/Workorder page objects/Page_Streetlogix/input_Upload_repeatingWorkOrder' is clicked on

2023-02-23 04:03:53 - [MESSAGE][PASSED] - Object: 'Object Repository/Work order 4.0/Page_Streetlogix/Workorder page objects/Page_Streetlogix/input_Upload_repeatingWorkOrder' is clicked on

2023-02-23 04:03:53 - [TEST_STEP][PASSED] - click(findTestObject("Work order 4.0/Page_Streetlogix/Workorder page objects/Page_Streetlogix/div_Daily")): Object: 'Object Repository/Work order 4.0/Page_Streetlogix/Workorder page objects/Page_Streetlogix/div_Daily' is clicked on

2023-02-23 04:03:53 - [MESSAGE][PASSED] - Object: 'Object Repository/Work order 4.0/Page_Streetlogix/Workorder page objects/Page_Streetlogix/div_Daily' is clicked on

2023-02-23 04:03:53 - [TEST_STEP][PASSED] - click(findTestObject("Work order 4.0/Page_Streetlogix/Workorder page objects/Page_Streetlogix/li_Biweekly")): Object: 'Object Repository/Work order 4.0/Page_Streetlogix/Workorder page objects/Page_Streetlogix/li_Biweekly' is clicked on

2023-02-23 04:03:54 - [MESSAGE][PASSED] - Object: 'Object Repository/Work order 4.0/Page_Streetlogix/Workorder page objects/Page_Streetlogix/li_Biweekly' is clicked on

2023-02-23 04:03:54 - [TEST_STEP][PASSED] - click(findTestObject("Work order 4.0/Page_Streetlogix/Workorder page objects/Page_Streetlogix/input_Statement Field Test_equipment")): Object: 'Object Repository/Work order 4.0/Page_Streetlogix/Workorder page objects/Page_Streetlogix/input_Statement Field Test_equipment' is clicked on

2023-02-23 04:03:55 - [MESSAGE][PASSED] - Object: 'Object Repository/Work order 4.0/Page_Streetlogix/Workorder page objects/Page_Streetlogix/input_Statement Field Test_equipment' is clicked on

2023-02-23 04:03:55 - [TEST_STEP][PASSED] - delay(3): Delayed 3 second(s)

2023-02-23 04:03:58 - [MESSAGE][PASSED] - Delayed 3 second(s)

2023-02-23 04:03:58 - [TEST_STEP][PASSED] - click(findTestObject("Work order 4.0/Page_Streetlogix/Workorder page objects/Page_Streetlogix/Page_Streetlogix/Page_Streetlogix/Page_Streetlogix/div_equip")): Object: 'Object Repository/Work order 4.0/Page_Streetlogix/Workorder page objects/Page_Streetlogix/Page_Streetlogix/Page_Streetlogix/Page_Streetlogix/div_equip' is clicked on

2023-02-23 04:03:58 - [MESSAGE][PASSED] - Object: 'Object Repository/Work order 4.0/Page_Streetlogix/Workorder page objects/Page_Streetlogix/Page_Streetlogix/Page_Streetlogix/Page_Streetlogix/div_equip' is clicked on

2023-02-23 04:03:58 - [TEST_STEP][PASSED] - click(findTestObject("Work order 4.0/Page_Streetlogix/Workorder page objects/Page_Streetlogix/li_Snow Plow - 15")): Object: 'Object Repository/Work order 4.0/Page_Streetlogix/Workorder page objects/Page_Streetlogix/li_Snow Plow - 15' is clicked on

2023-02-23 04:03:59 - [MESSAGE][PASSED] - Object: 'Object Repository/Work order 4.0/Page_Streetlogix/Workorder page objects/Page_Streetlogix/li_Snow Plow - 15' is clicked on

2023-02-23 04:03:59 - [TEST_STEP][PASSED] - click(findTestObject("Work order 4.0/Page_Streetlogix/Workorder page objects/Page_Streetlogix/input_Add Item_material")): Object: 'Object Repository/Work order 4.0/Page_Streetlogix/Workorder page objects/Page_Streetlogix/input_Add Item_material' is clicked on

2023-02-23 04:03:59 - [MESSAGE][PASSED] - Object: 'Object Repository/Work order 4.0/Page_Streetlogix/Workorder page objects/Page_Streetlogix/input_Add Item_material' is clicked on

2023-02-23 04:03:59 - [TEST_STEP][PASSED] - delay(3): Delayed 3 second(s)

2023-02-23 04:04:02 - [MESSAGE][PASSED] - Delayed 3 second(s)

2023-02-23 04:04:02 - [TEST_STEP][PASSED] - click(findTestObject("Work order 4.0/Page_Streetlogix/Workorder page objects/Page_Streetlogix/Page_Streetlogix/Page_Streetlogix/Page_Streetlogix/div_material")): Object: 'Object Repository/Work order 4.0/Page_Streetlogix/Workorder page objects/Page_Streetlogix/Page_Streetlogix/Page_Streetlogix/Page_Streetlogix/div_material' is clicked on

2023-02-23 04:04:03 - [MESSAGE][PASSED] - Object: 'Object Repository/Work order 4.0/Page_Streetlogix/Workorder page objects/Page_Streetlogix/Page_Streetlogix/Page_Streetlogix/Page_Streetlogix/div_material' is clicked on

2023-02-23 04:04:03 - [TEST_STEP][PASSED] - click(findTestObject("Work order 4.0/Page_Streetlogix/Workorder page objects/Page_Streetlogix/li_Asphalt - 22")): Object: 'Object Repository/Work order 4.0/Page_Streetlogix/Workorder page objects/Page_Streetlogix/li_Asphalt - 22' is clicked on

2023-02-23 04:04:04 - [MESSAGE][PASSED] - Object: 'Object Repository/Work order 4.0/Page_Streetlogix/Workorder page objects/Page_Streetlogix/li_Asphalt - 22' is clicked on

2023-02-23 04:04:04 - [TEST_STEP][PASSED] - click(findTestObject("Work order 4.0/Page_Streetlogix/Workorder page objects/Page_Streetlogix/input_Add Item_labor")): Object: 'Object Repository/Work order 4.0/Page_Streetlogix/Workorder page objects/Page_Streetlogix/input_Add Item_labor' is clicked on

2023-02-23 04:04:04 - [MESSAGE][PASSED] - Object: 'Object Repository/Work order 4.0/Page_Streetlogix/Workorder page objects/Page_Streetlogix/input_Add Item_labor' is clicked on

2023-02-23 04:04:04 - [TEST_STEP][PASSED] - delay(3): Delayed 3 second(s)

2023-02-23 04:04:07 - [MESSAGE][PASSED] - Delayed 3 second(s)

2023-02-23 04:04:07 - [TEST_STEP][PASSED] - click(findTestObject("Work order 4.0/Page_Streetlogix/Workorder page objects/Page_Streetlogix/Page_Streetlogix/Page_Streetlogix/Page_Streetlogix/div_labor")): Object: 'Object Repository/Work order 4.0/Page_Streetlogix/Workorder page objects/Page_Streetlogix/Page_Streetlogix/Page_Streetlogix/Page_Streetlogix/div_labor' is clicked on

2023-02-23 04:04:08 - [MESSAGE][PASSED] - Object: 'Object Repository/Work order 4.0/Page_Streetlogix/Workorder page objects/Page_Streetlogix/Page_Streetlogix/Page_Streetlogix/Page_Streetlogix/div_labor' is clicked on

2023-02-23 04:04:08 - [TEST_STEP][PASSED] - click(findTestObject("Work order 4.0/Page_Streetlogix/Workorder page objects/Page_Streetlogix/li_Supervisor - 30")): Object: 'Object Repository/Work order 4.0/Page_Streetlogix/Workorder page objects/Page_Streetlogix/li_Supervisor - 30' is clicked on

2023-02-23 04:04:08 - [MESSAGE][PASSED] - Object: 'Object Repository/Work order 4.0/Page_Streetlogix/Workorder page objects/Page_Streetlogix/li_Supervisor - 30' is clicked on

2023-02-23 04:04:08 - [TEST_STEP][PASSED] - click(findTestObject("Work order 4.0/Page_Streetlogix/Workorder page objects/Page_Streetlogix/span_Add Item")): Object: 'Object Repository/Work order 4.0/Page_Streetlogix/Workorder page objects/Page_Streetlogix/span_Add Item' is clicked on

2023-02-23 04:04:09 - [MESSAGE][PASSED] - Object: 'Object Repository/Work order 4.0/Page_Streetlogix/Workorder page objects/Page_Streetlogix/span_Add Item' is clicked on

2023-02-23 04:04:09 - [TEST_STEP][PASSED] - click(findTestObject("Work order 4.0/Page_Streetlogix/Workorder page objects/Page_Streetlogix/span_Save")): Object: 'Object Repository/Work order 4.0/Page_Streetlogix/Workorder page objects/Page_Streetlogix/span_Save' is clicked on

2023-02-23 04:04:10 - [MESSAGE][PASSED] - Object: 'Object Repository/Work order 4.0/Page_Streetlogix/Workorder page objects/Page_Streetlogix/span_Save' is clicked on

2023-02-23 04:04:10 - [TEST_STEP][PASSED] - countAfter = database_keywords.test.Database_Keywords.getWorkOrdersCount(): database_keywords.test.Database_Keywords.getWorkOrdersCount is PASSED

2023-02-23 04:04:43 - [MESSAGE][PASSED] - database_keywords.test.Database_Keywords.getWorkOrdersCount is PASSED

2023-02-23 04:04:43 - [TEST_STEP][PASSED] - println(countAfter): null

2023-02-23 04:04:43 - [TEST_STEP][PASSED] - if (countAfter == countBefore + 1): null

2023-02-23 04:04:43 - [TEST_STEP][PASSED] - println("Work Order Created"): null

2023-02-23 04:04:43 - [TEST_STEP][PASSED] - closeBrowser(): Browser is closed

2023-02-23 04:04:44 - [MESSAGE][PASSED] - Browser is closed

2023-02-23 04:04:44 - [TEST_STEP][PASSED] - Video: Video recording for test case 'Test Cases/GiS/Work order/Work_order_Biweekly' .

2023-02-23 04:04:44 - [MESSAGE][INFO] - Video recording for test case 'Test Cases/GiS/Work order/Work_order_Biweekly' .]]></system-out>
         <system-err><![CDATA[]]></system-err>
      </testcase>
      <testcase name="Test Cases/GiS/Layers/Statistics on GIS layer" time="145.098" classname="Test Cases/GiS/Layers/Statistics on GIS layer" status="PASSED">
         <system-out><![CDATA[2023-02-23 04:04:44 - [TEST_CASE][PASSED] - Test Cases/GiS/Layers/Statistics on GIS layer: Test Cases/GiS/Layers/Statistics on GIS layer

2023-02-23 04:04:44 - [TEST_STEP][PASSED] - gis_url.test.URL.redirectURL(): gis_url.test.URL.redirectURL is PASSED

2023-02-23 04:04:44 - [MESSAGE][INFO] - Starting 'Chrome' driver

2023-02-23 04:04:44 - [MESSAGE][INFO] - Action delay is set to 0 milliseconds

2023-02-23 04:04:49 - [MESSAGE][PASSED] - Browser is opened with url: 'https://streetlogix-gis-slx4-develop.vercel.app/?config=64077fc938af4bcc9a46a81d8f4e5576&token=eyJhbGciOiJIUzI1NiIsInR5cCI6IkpXVCJ9.eyJpZCI6OTc2LCJuYW1lIjoiU29oYWliIE5laGFsIiwiZXhwIjoxNjc5NTk1OTE0LCJpYXQiOjE2NzcwMDM5MTR9.2xH46-6Ez-I1oUKcoFhQjnTNUOtwKNfZcleU9MbUdCY'

2023-02-23 04:04:49 - [MESSAGE][PASSED] - gis_url.test.URL.redirectURL is PASSED

2023-02-23 04:04:49 - [TEST_STEP][PASSED] - click(findTestObject("Page_Streetlogix/img_Search_rail-icon")): Object: 'Object Repository/Page_Streetlogix/img_Search_rail-icon' is clicked on

2023-02-23 04:04:56 - [MESSAGE][PASSED] - Object: 'Object Repository/Page_Streetlogix/img_Search_rail-icon' is clicked on

2023-02-23 04:04:56 - [TEST_STEP][PASSED] - delay(5): Delayed 5 second(s)

2023-02-23 04:05:01 - [MESSAGE][PASSED] - Delayed 5 second(s)

2023-02-23 04:05:01 - [TEST_STEP][PASSED] - pci = getText(findTestObject("Object Repository/Page_Streetlogix/h6_Pavement Average Condition 58")): Text of object 'Object Repository/Page_Streetlogix/h6_Pavement Average Condition 58' is: 'Pavement Average Condition PCI: 11'

2023-02-23 04:05:02 - [MESSAGE][PASSED] - Text of object 'Object Repository/Page_Streetlogix/h6_Pavement Average Condition 58' is: 'Pavement Average Condition PCI: 11'

2023-02-23 04:05:02 - [TEST_STEP][PASSED] - pciAvg = pci.replaceAll("[^0-9]", ""): null

2023-02-23 04:05:02 - [TEST_STEP][PASSED] - avgPCI = database_keywords.test.Database_Keywords.getAveragePCI(): database_keywords.test.Database_Keywords.getAveragePCI is PASSED

2023-02-23 04:05:13 - [MESSAGE][PASSED] - database_keywords.test.Database_Keywords.getAveragePCI is PASSED

2023-02-23 04:05:14 - [TEST_STEP][PASSED] - println(avgPCI): null

2023-02-23 04:05:14 - [TEST_STEP][PASSED] - verifyMatch(pciAvg, avgPCI, false): Actual text '11' and expected text '11' are matched 

2023-02-23 04:05:14 - [MESSAGE][PASSED] - Actual text '11' and expected text '11' are matched 

2023-02-23 04:05:14 - [TEST_STEP][PASSED] - milespci = getText(findTestObject("Object Repository/Page_Streetlogix/p_Total Length 2,148 miles")): Text of object 'Object Repository/Page_Streetlogix/p_Total Length 2,148 miles' is: 'Total Length: 2,317 miles'

2023-02-23 04:05:14 - [MESSAGE][PASSED] - Text of object 'Object Repository/Page_Streetlogix/p_Total Length 2,148 miles' is: 'Total Length: 2,317 miles'

2023-02-23 04:05:14 - [TEST_STEP][PASSED] - pciMiles = milespci.replaceAll("[^0-9]", ""): null

2023-02-23 04:05:14 - [TEST_STEP][PASSED] - totalMilesPCI = database_keywords.test.Database_Keywords.getPavementMiles(): database_keywords.test.Database_Keywords.getPavementMiles is PASSED

2023-02-23 04:05:17 - [MESSAGE][PASSED] - database_keywords.test.Database_Keywords.getPavementMiles is PASSED

2023-02-23 04:05:17 - [TEST_STEP][PASSED] - verifyMatch(pciMiles, totalMilesPCI, false): Actual text '2317' and expected text '2317' are matched 

2023-02-23 04:05:17 - [MESSAGE][PASSED] - Actual text '2317' and expected text '2317' are matched 

2023-02-23 04:05:17 - [TEST_STEP][PASSED] - backlogPCI = getText(findTestObject("Object Repository/Page_Streetlogix/p_Total Backlog  1,189,007,890")): Text of object 'Object Repository/Page_Streetlogix/p_Total Backlog  1,189,007,890' is: 'Total Backlog: $640,107,921'

2023-02-23 04:05:18 - [MESSAGE][PASSED] - Text of object 'Object Repository/Page_Streetlogix/p_Total Backlog  1,189,007,890' is: 'Total Backlog: $640,107,921'

2023-02-23 04:05:18 - [TEST_STEP][PASSED] - pciBacklog = backlogPCI.replaceAll("[^0-9]", ""): null

2023-02-23 04:05:18 - [TEST_STEP][PASSED] - totalBacklogPCI = database_keywords.test.Database_Keywords.getPavementBacklog(): database_keywords.test.Database_Keywords.getPavementBacklog is PASSED

2023-02-23 04:05:21 - [MESSAGE][PASSED] - database_keywords.test.Database_Keywords.getPavementBacklog is PASSED

2023-02-23 04:05:21 - [TEST_STEP][PASSED] - verifyMatch(pciBacklog, totalBacklogPCI, false): Actual text '640107921' and expected text '640107921' are matched 

2023-02-23 04:05:21 - [MESSAGE][PASSED] - Actual text '640107921' and expected text '640107921' are matched 

2023-02-23 04:05:21 - [TEST_STEP][PASSED] - click(findTestObject("Object Repository/Page_Streetlogix/circle")): Object: 'Object Repository/Page_Streetlogix/circle' is clicked on

2023-02-23 04:05:21 - [MESSAGE][PASSED] - Object: 'Object Repository/Page_Streetlogix/circle' is clicked on

2023-02-23 04:05:21 - [TEST_STEP][PASSED] - delay(5): Delayed 5 second(s)

2023-02-23 04:05:26 - [MESSAGE][PASSED] - Delayed 5 second(s)

2023-02-23 04:05:26 - [TEST_STEP][PASSED] - sci = getText(findTestObject("Object Repository/Page_Streetlogix/h6_Sidewalk Average Condition 54")): Text of object 'Object Repository/Page_Streetlogix/h6_Sidewalk Average Condition 54' is: 'Sidewalk Average Condition SCI: 54'

2023-02-23 04:05:27 - [MESSAGE][PASSED] - Text of object 'Object Repository/Page_Streetlogix/h6_Sidewalk Average Condition 54' is: 'Sidewalk Average Condition SCI: 54'

2023-02-23 04:05:27 - [TEST_STEP][PASSED] - sciAvg = sci.replaceAll("[^0-9]", ""): null

2023-02-23 04:05:27 - [TEST_STEP][PASSED] - avgSCI = database_keywords.test.Database_Keywords.getAverageSCI(): database_keywords.test.Database_Keywords.getAverageSCI is PASSED

2023-02-23 04:07:02 - [MESSAGE][PASSED] - database_keywords.test.Database_Keywords.getAverageSCI is PASSED

2023-02-23 04:07:02 - [TEST_STEP][PASSED] - verifyMatch(sciAvg, avgSCI, false): Actual text '54' and expected text '54' are matched 

2023-02-23 04:07:02 - [MESSAGE][PASSED] - Actual text '54' and expected text '54' are matched 

2023-02-23 04:07:02 - [TEST_STEP][PASSED] - milesSCI = getText(findTestObject("Object Repository/Page_Streetlogix/p_Total Length 1,868 miles")): Text of object 'Object Repository/Page_Streetlogix/p_Total Length 1,868 miles' is: 'Total Length: 1,868 miles'

2023-02-23 04:07:02 - [MESSAGE][PASSED] - Text of object 'Object Repository/Page_Streetlogix/p_Total Length 1,868 miles' is: 'Total Length: 1,868 miles'

2023-02-23 04:07:02 - [TEST_STEP][PASSED] - sciMiles = milesSCI.replaceAll("[^0-9]", ""): null

2023-02-23 04:07:02 - [TEST_STEP][PASSED] - totalMilesSCI = database_keywords.test.Database_Keywords.getSidewalkMiles(): database_keywords.test.Database_Keywords.getSidewalkMiles is PASSED

2023-02-23 04:07:05 - [MESSAGE][PASSED] - database_keywords.test.Database_Keywords.getSidewalkMiles is PASSED

2023-02-23 04:07:05 - [TEST_STEP][PASSED] - verifyMatch(sciMiles, totalMilesSCI, false): Actual text '1868' and expected text '1868' are matched 

2023-02-23 04:07:05 - [MESSAGE][PASSED] - Actual text '1868' and expected text '1868' are matched 

2023-02-23 04:07:05 - [TEST_STEP][PASSED] - backlogSCI = getText(findTestObject("Object Repository/Page_Streetlogix/p_Total Backlog  222,017,072")): Text of object 'Object Repository/Page_Streetlogix/p_Total Backlog  222,017,072' is: 'Total Backlog: $119,833'

2023-02-23 04:07:06 - [MESSAGE][PASSED] - Text of object 'Object Repository/Page_Streetlogix/p_Total Backlog  222,017,072' is: 'Total Backlog: $119,833'

2023-02-23 04:07:06 - [TEST_STEP][PASSED] - sciBacklog = backlogSCI.replaceAll("[^0-9]", ""): null

2023-02-23 04:07:06 - [TEST_STEP][PASSED] - totalBacklogSCI = database_keywords.test.Database_Keywords.getSidewalkBacklog(): database_keywords.test.Database_Keywords.getSidewalkBacklog is PASSED

2023-02-23 04:07:09 - [MESSAGE][PASSED] - database_keywords.test.Database_Keywords.getSidewalkBacklog is PASSED

2023-02-23 04:07:09 - [TEST_STEP][PASSED] - verifyMatch(sciBacklog, totalBacklogSCI, false): Actual text '119833' and expected text '119833' are matched 

2023-02-23 04:07:09 - [MESSAGE][PASSED] - Actual text '119833' and expected text '119833' are matched 

2023-02-23 04:07:09 - [TEST_STEP][PASSED] - closeBrowser(): Browser is closed

2023-02-23 04:07:09 - [MESSAGE][PASSED] - Browser is closed

2023-02-23 04:07:09 - [TEST_STEP][PASSED] - Video: Video recording for test case 'Test Cases/GiS/Layers/Statistics on GIS layer' .

2023-02-23 04:07:09 - [MESSAGE][INFO] - Video recording for test case 'Test Cases/GiS/Layers/Statistics on GIS layer' .]]></system-out>
         <system-err><![CDATA[]]></system-err>
      </testcase>
      <testcase name="Test Cases/GiS/EBP_Inflation/EBP_Inflation" time="109.552" classname="Test Cases/GiS/EBP_Inflation/EBP_Inflation" status="PASSED">
         <system-out><![CDATA[2023-02-23 04:07:09 - [TEST_CASE][PASSED] - Test Cases/GiS/EBP_Inflation/EBP_Inflation: Test Cases/GiS/EBP_Inflation/EBP_Inflation

2023-02-23 04:07:09 - [TEST_STEP][PASSED] - gis_url.test.URL.redirectURL(): gis_url.test.URL.redirectURL is PASSED

2023-02-23 04:07:09 - [MESSAGE][INFO] - Starting 'Chrome' driver

2023-02-23 04:07:09 - [MESSAGE][INFO] - Action delay is set to 0 milliseconds

2023-02-23 04:07:13 - [MESSAGE][PASSED] - Browser is opened with url: 'https://streetlogix-gis-slx4-develop.vercel.app/?config=64077fc938af4bcc9a46a81d8f4e5576&token=eyJhbGciOiJIUzI1NiIsInR5cCI6IkpXVCJ9.eyJpZCI6OTc2LCJuYW1lIjoiU29oYWliIE5laGFsIiwiZXhwIjoxNjc5NTk1OTE0LCJpYXQiOjE2NzcwMDM5MTR9.2xH46-6Ez-I1oUKcoFhQjnTNUOtwKNfZcleU9MbUdCY'

2023-02-23 04:07:13 - [MESSAGE][PASSED] - gis_url.test.URL.redirectURL is PASSED

2023-02-23 04:07:13 - [TEST_STEP][PASSED] - click(findTestObject("Object Repository/EBP_Object/Page_Streetlogix/Menubar-icon")): Object: 'Object Repository/EBP_Object/Page_Streetlogix/Menubar-icon' is clicked on

2023-02-23 04:07:17 - [MESSAGE][PASSED] - Object: 'Object Repository/EBP_Object/Page_Streetlogix/Menubar-icon' is clicked on

2023-02-23 04:07:17 - [TEST_STEP][PASSED] - click(findTestObject("Object Repository/EBP_Object/Page_Streetlogix/Budgeting-icon")): Object: 'Object Repository/EBP_Object/Page_Streetlogix/Budgeting-icon' is clicked on

2023-02-23 04:07:21 - [MESSAGE][PASSED] - Object: 'Object Repository/EBP_Object/Page_Streetlogix/Budgeting-icon' is clicked on

2023-02-23 04:07:21 - [TEST_STEP][PASSED] - click(findTestObject("Object Repository/EBP_Object/Page_Streetlogix/EBP_Pavemnet dropdown")): Object: 'Object Repository/EBP_Object/Page_Streetlogix/EBP_Pavemnet dropdown' is clicked on

2023-02-23 04:07:23 - [MESSAGE][PASSED] - Object: 'Object Repository/EBP_Object/Page_Streetlogix/EBP_Pavemnet dropdown' is clicked on

2023-02-23 04:07:23 - [TEST_STEP][PASSED] - click(findTestObject("Object Repository/EBP_Object/Page_Streetlogix/li_Pavement Maintenance")): Object: 'Object Repository/EBP_Object/Page_Streetlogix/li_Pavement Maintenance' is clicked on

2023-02-23 04:07:31 - [MESSAGE][PASSED] - Object: 'Object Repository/EBP_Object/Page_Streetlogix/li_Pavement Maintenance' is clicked on

2023-02-23 04:07:31 - [TEST_STEP][PASSED] - sendKeys(findTestObject("Object Repository/EBP_Object/Page_Streetlogix/input_Scenario Name_scenarioName"), Keys.chord(COMMAND, "a")): Keys 'COMMAND + a' sent to object: 'Object Repository/EBP_Object/Page_Streetlogix/input_Scenario Name_scenarioName'

2023-02-23 04:07:32 - [MESSAGE][PASSED] - Keys 'COMMAND + a' sent to object: 'Object Repository/EBP_Object/Page_Streetlogix/input_Scenario Name_scenarioName'

2023-02-23 04:07:32 - [TEST_STEP][PASSED] - sendKeys(findTestObject("Object Repository/EBP_Object/Page_Streetlogix/input_Scenario Name_scenarioName"), Keys.chord(DELETE)): Keys 'DELETE + ' sent to object: 'Object Repository/EBP_Object/Page_Streetlogix/input_Scenario Name_scenarioName'

2023-02-23 04:07:33 - [MESSAGE][PASSED] - Keys 'DELETE + ' sent to object: 'Object Repository/EBP_Object/Page_Streetlogix/input_Scenario Name_scenarioName'

2023-02-23 04:07:33 - [TEST_STEP][PASSED] - setText(findTestObject("Object Repository/EBP_Object/Page_Streetlogix/input_Scenario Name_scenarioName"), "EBP_Inflation 7.5"): Text 'EBP_Inflation 7.5' is set on object 'Object Repository/EBP_Object/Page_Streetlogix/input_Scenario Name_scenarioName'

2023-02-23 04:07:34 - [MESSAGE][PASSED] - Text 'EBP_Inflation 7.5' is set on object 'Object Repository/EBP_Object/Page_Streetlogix/input_Scenario Name_scenarioName'

2023-02-23 04:07:34 - [TEST_STEP][PASSED] - sendKeys(findTestObject("Object Repository/EBP_Object/Page_Streetlogix/input_Annual Budget_budgets"), Keys.chord(COMMAND, "a")): Keys 'COMMAND + a' sent to object: 'Object Repository/EBP_Object/Page_Streetlogix/input_Annual Budget_budgets'

2023-02-23 04:07:34 - [MESSAGE][PASSED] - Keys 'COMMAND + a' sent to object: 'Object Repository/EBP_Object/Page_Streetlogix/input_Annual Budget_budgets'

2023-02-23 04:07:34 - [TEST_STEP][PASSED] - sendKeys(findTestObject("Object Repository/EBP_Object/Page_Streetlogix/input_Annual Budget_budgets"), Keys.chord(DELETE)): Keys 'DELETE + ' sent to object: 'Object Repository/EBP_Object/Page_Streetlogix/input_Annual Budget_budgets'

2023-02-23 04:07:34 - [MESSAGE][PASSED] - Keys 'DELETE + ' sent to object: 'Object Repository/EBP_Object/Page_Streetlogix/input_Annual Budget_budgets'

2023-02-23 04:07:34 - [TEST_STEP][PASSED] - setText(findTestObject("Object Repository/EBP_Object/Page_Streetlogix/input_Annual Budget_budgets"), "100,000"): Text '100,000' is set on object 'Object Repository/EBP_Object/Page_Streetlogix/input_Annual Budget_budgets'

2023-02-23 04:07:35 - [MESSAGE][PASSED] - Text '100,000' is set on object 'Object Repository/EBP_Object/Page_Streetlogix/input_Annual Budget_budgets'

2023-02-23 04:07:35 - [TEST_STEP][PASSED] - sendKeys(findTestObject("Object Repository/EBP_Object/Page_Streetlogix/input_Program duration_programDuration"), Keys.chord(COMMAND, "a")): Keys 'COMMAND + a' sent to object: 'Object Repository/EBP_Object/Page_Streetlogix/input_Program duration_programDuration'

2023-02-23 04:07:36 - [MESSAGE][PASSED] - Keys 'COMMAND + a' sent to object: 'Object Repository/EBP_Object/Page_Streetlogix/input_Program duration_programDuration'

2023-02-23 04:07:36 - [TEST_STEP][PASSED] - sendKeys(findTestObject("Object Repository/EBP_Object/Page_Streetlogix/input_Program duration_programDuration"), Keys.chord(DELETE)): Keys 'DELETE + ' sent to object: 'Object Repository/EBP_Object/Page_Streetlogix/input_Program duration_programDuration'

2023-02-23 04:07:36 - [MESSAGE][PASSED] - Keys 'DELETE + ' sent to object: 'Object Repository/EBP_Object/Page_Streetlogix/input_Program duration_programDuration'

2023-02-23 04:07:36 - [TEST_STEP][PASSED] - setText(findTestObject("Object Repository/EBP_Object/Page_Streetlogix/input_Program duration_programDuration"), "5"): Text '5' is set on object 'Object Repository/EBP_Object/Page_Streetlogix/input_Program duration_programDuration'

2023-02-23 04:07:37 - [MESSAGE][PASSED] - Text '5' is set on object 'Object Repository/EBP_Object/Page_Streetlogix/input_Program duration_programDuration'

2023-02-23 04:07:37 - [TEST_STEP][PASSED] - sendKeys(findTestObject("Object Repository/EBP_Object/Page_Streetlogix/input_Annual Inflation_annualInflation"), Keys.chord(COMMAND, "a")): Keys 'COMMAND + a' sent to object: 'Object Repository/EBP_Object/Page_Streetlogix/input_Annual Inflation_annualInflation'

2023-02-23 04:07:37 - [MESSAGE][PASSED] - Keys 'COMMAND + a' sent to object: 'Object Repository/EBP_Object/Page_Streetlogix/input_Annual Inflation_annualInflation'

2023-02-23 04:07:37 - [TEST_STEP][PASSED] - sendKeys(findTestObject("Object Repository/EBP_Object/Page_Streetlogix/input_Annual Inflation_annualInflation"), Keys.chord(DELETE)): Keys 'DELETE + ' sent to object: 'Object Repository/EBP_Object/Page_Streetlogix/input_Annual Inflation_annualInflation'

2023-02-23 04:07:38 - [MESSAGE][PASSED] - Keys 'DELETE + ' sent to object: 'Object Repository/EBP_Object/Page_Streetlogix/input_Annual Inflation_annualInflation'

2023-02-23 04:07:38 - [TEST_STEP][PASSED] - setText(findTestObject("Object Repository/EBP_Object/Page_Streetlogix/input_Annual Inflation_annualInflation"), "7.5"): Text '7.5' is set on object 'Object Repository/EBP_Object/Page_Streetlogix/input_Annual Inflation_annualInflation'

2023-02-23 04:07:39 - [MESSAGE][PASSED] - Text '7.5' is set on object 'Object Repository/EBP_Object/Page_Streetlogix/input_Annual Inflation_annualInflation'

2023-02-23 04:07:39 - [TEST_STEP][PASSED] - click(findTestObject("Object Repository/EBP_Object/Page_Streetlogix/Apply_Button")): Object: 'Object Repository/EBP_Object/Page_Streetlogix/Apply_Button' is clicked on

2023-02-23 04:07:39 - [MESSAGE][PASSED] - Object: 'Object Repository/EBP_Object/Page_Streetlogix/Apply_Button' is clicked on

2023-02-23 04:07:39 - [TEST_STEP][PASSED] - delay(50): Delayed 50 second(s)

2023-02-23 04:08:29 - [MESSAGE][PASSED] - Delayed 50 second(s)

2023-02-23 04:08:29 - [TEST_STEP][PASSED] - click(findTestObject("Object Repository/EBP_Object/Page_Streetlogix/span_Load")): Object: 'Object Repository/EBP_Object/Page_Streetlogix/span_Load' is clicked on

2023-02-23 04:08:29 - [MESSAGE][PASSED] - Object: 'Object Repository/EBP_Object/Page_Streetlogix/span_Load' is clicked on

2023-02-23 04:08:29 - [TEST_STEP][PASSED] - click(findTestObject("Object Repository/EBP_Object/Page_Streetlogix/EBP_Inflation_7.5")): Object: 'Object Repository/EBP_Object/Page_Streetlogix/EBP_Inflation_7.5' is clicked on

2023-02-23 04:08:31 - [MESSAGE][PASSED] - Object: 'Object Repository/EBP_Object/Page_Streetlogix/EBP_Inflation_7.5' is clicked on

2023-02-23 04:08:31 - [TEST_STEP][PASSED] - click(findTestObject("Object Repository/EBP_Object/Page_Streetlogix/EBP_Inflation_7.5")): Object: 'Object Repository/EBP_Object/Page_Streetlogix/EBP_Inflation_7.5' is clicked on

2023-02-23 04:08:34 - [MESSAGE][PASSED] - Object: 'Object Repository/EBP_Object/Page_Streetlogix/EBP_Inflation_7.5' is clicked on

2023-02-23 04:08:34 - [TEST_STEP][PASSED] - click(findTestObject("Object Repository/EBP_Object/Page_Streetlogix/h6_5 Year(s)")): Object: 'Object Repository/EBP_Object/Page_Streetlogix/h6_5 Year(s)' is clicked on

2023-02-23 04:08:35 - [MESSAGE][PASSED] - Object: 'Object Repository/EBP_Object/Page_Streetlogix/h6_5 Year(s)' is clicked on

2023-02-23 04:08:35 - [TEST_STEP][PASSED] - click(findTestObject("Object Repository/EBP_Object/Page_Streetlogix/h6_500,000")): Object: 'Object Repository/EBP_Object/Page_Streetlogix/h6_500,000' is clicked on

2023-02-23 04:08:36 - [MESSAGE][PASSED] - Object: 'Object Repository/EBP_Object/Page_Streetlogix/h6_500,000' is clicked on

2023-02-23 04:08:36 - [TEST_STEP][PASSED] - click(findTestObject("Object Repository/EBP_Object/Page_Streetlogix/h6_7.5")): Object: 'Object Repository/EBP_Object/Page_Streetlogix/h6_7.5' is clicked on

2023-02-23 04:08:36 - [MESSAGE][PASSED] - Object: 'Object Repository/EBP_Object/Page_Streetlogix/h6_7.5' is clicked on

2023-02-23 04:08:36 - [TEST_STEP][PASSED] - click(findTestObject("Object Repository/EBP_Object/Page_Streetlogix/h6_pci  0")): Object: 'Object Repository/EBP_Object/Page_Streetlogix/h6_pci  0' is clicked on

2023-02-23 04:08:36 - [MESSAGE][PASSED] - Object: 'Object Repository/EBP_Object/Page_Streetlogix/h6_pci  0' is clicked on

2023-02-23 04:08:36 - [TEST_STEP][PASSED] - click(findTestObject("Object Repository/EBP_Object/Page_Streetlogix/h6_DT for testing")): Object: 'Object Repository/EBP_Object/Page_Streetlogix/h6_DT for testing' is clicked on

2023-02-23 04:08:37 - [MESSAGE][PASSED] - Object: 'Object Repository/EBP_Object/Page_Streetlogix/h6_DT for testing' is clicked on

2023-02-23 04:08:37 - [TEST_STEP][PASSED] - click(findTestObject("Object Repository/EBP_Object/Page_Streetlogix/Total_Repairs")): Object: 'Object Repository/EBP_Object/Page_Streetlogix/Total_Repairs' is clicked on

2023-02-23 04:08:38 - [MESSAGE][PASSED] - Object: 'Object Repository/EBP_Object/Page_Streetlogix/Total_Repairs' is clicked on

2023-02-23 04:08:38 - [TEST_STEP][PASSED] - click(findTestObject("Object Repository/EBP_Object/Page_Streetlogix/Asset_name")): Object: 'Object Repository/EBP_Object/Page_Streetlogix/Asset_name' is clicked on

2023-02-23 04:08:38 - [MESSAGE][PASSED] - Object: 'Object Repository/EBP_Object/Page_Streetlogix/Asset_name' is clicked on

2023-02-23 04:08:38 - [TEST_STEP][PASSED] - click(findTestObject("Object Repository/EBP_Object/Page_Streetlogix/Budget_Criteria_Summary")): Object: 'Object Repository/EBP_Object/Page_Streetlogix/Budget_Criteria_Summary' is clicked on

2023-02-23 04:08:39 - [MESSAGE][PASSED] - Object: 'Object Repository/EBP_Object/Page_Streetlogix/Budget_Criteria_Summary' is clicked on

2023-02-23 04:08:39 - [TEST_STEP][PASSED] - click(findTestObject("EBP_Object/Page_Streetlogix/View_Graph_dropdown")): Object: 'Object Repository/EBP_Object/Page_Streetlogix/View_Graph_dropdown' is clicked on

2023-02-23 04:08:39 - [MESSAGE][PASSED] - Object: 'Object Repository/EBP_Object/Page_Streetlogix/View_Graph_dropdown' is clicked on

2023-02-23 04:08:39 - [TEST_STEP][PASSED] - click(findTestObject("Object Repository/EBP_Object/Page_Streetlogix/li_Table")): Object: 'Object Repository/EBP_Object/Page_Streetlogix/li_Table' is clicked on

2023-02-23 04:08:40 - [MESSAGE][PASSED] - Object: 'Object Repository/EBP_Object/Page_Streetlogix/li_Table' is clicked on

2023-02-23 04:08:40 - [TEST_STEP][PASSED] - delay(5): Delayed 5 second(s)

2023-02-23 04:08:45 - [MESSAGE][PASSED] - Delayed 5 second(s)

2023-02-23 04:08:45 - [TEST_STEP][PASSED] - year1 = getText(findTestObject("Object Repository/EBP_Object/Page_Streetlogix/5_year_budget_year1_total_budget")): Text of object 'Object Repository/EBP_Object/Page_Streetlogix/5_year_budget_year1_total_budget' is: '99,632'

2023-02-23 04:08:45 - [MESSAGE][PASSED] - Text of object 'Object Repository/EBP_Object/Page_Streetlogix/5_year_budget_year1_total_budget' is: '99,632'

2023-02-23 04:08:45 - [TEST_STEP][PASSED] - yr1 = year1.replaceAll(",", ""): null

2023-02-23 04:08:45 - [TEST_STEP][PASSED] - y1 = yr1.toInteger(): null

2023-02-23 04:08:45 - [TEST_STEP][PASSED] - verifyGreaterThan(y1, 98000): Actual number '99,632' is greater than expected number '98,000'

2023-02-23 04:08:45 - [MESSAGE][PASSED] - Actual number '99,632' is greater than expected number '98,000'

2023-02-23 04:08:45 - [TEST_STEP][PASSED] - year2 = getText(findTestObject("Object Repository/EBP_Object/Page_Streetlogix/5_year_budget_year2_total_budget")): Text of object 'Object Repository/EBP_Object/Page_Streetlogix/5_year_budget_year2_total_budget' is: '99,651'

2023-02-23 04:08:46 - [MESSAGE][PASSED] - Text of object 'Object Repository/EBP_Object/Page_Streetlogix/5_year_budget_year2_total_budget' is: '99,651'

2023-02-23 04:08:46 - [TEST_STEP][PASSED] - yr2 = year2.replaceAll(",", ""): null

2023-02-23 04:08:46 - [TEST_STEP][PASSED] - y2 = yr2.toInteger(): null

2023-02-23 04:08:46 - [TEST_STEP][PASSED] - verifyGreaterThan(y2.toInteger(), 98000): Actual number '99,651' is greater than expected number '98,000'

2023-02-23 04:08:46 - [MESSAGE][PASSED] - Actual number '99,651' is greater than expected number '98,000'

2023-02-23 04:08:46 - [TEST_STEP][PASSED] - year3 = getText(findTestObject("Object Repository/EBP_Object/Page_Streetlogix/5_year_budget_year3_total_budget")): Text of object 'Object Repository/EBP_Object/Page_Streetlogix/5_year_budget_year3_total_budget' is: '99,748'

2023-02-23 04:08:46 - [MESSAGE][PASSED] - Text of object 'Object Repository/EBP_Object/Page_Streetlogix/5_year_budget_year3_total_budget' is: '99,748'

2023-02-23 04:08:46 - [TEST_STEP][PASSED] - yr3 = year3.replaceAll(",", ""): null

2023-02-23 04:08:46 - [TEST_STEP][PASSED] - y3 = yr3.toInteger(): null

2023-02-23 04:08:46 - [TEST_STEP][PASSED] - verifyGreaterThan(y3.toInteger(), 98000): Actual number '99,748' is greater than expected number '98,000'

2023-02-23 04:08:46 - [MESSAGE][PASSED] - Actual number '99,748' is greater than expected number '98,000'

2023-02-23 04:08:46 - [TEST_STEP][PASSED] - year4 = getText(findTestObject("Object Repository/EBP_Object/Page_Streetlogix/5_year_budget_year4_total_budget")): Text of object 'Object Repository/EBP_Object/Page_Streetlogix/5_year_budget_year4_total_budget' is: '99,682'

2023-02-23 04:08:47 - [MESSAGE][PASSED] - Text of object 'Object Repository/EBP_Object/Page_Streetlogix/5_year_budget_year4_total_budget' is: '99,682'

2023-02-23 04:08:47 - [TEST_STEP][PASSED] - yr4 = year4.replaceAll(",", ""): null

2023-02-23 04:08:47 - [TEST_STEP][PASSED] - y4 = yr4.toInteger(): null

2023-02-23 04:08:47 - [TEST_STEP][PASSED] - verifyGreaterThan(y4.toInteger(), 98000): Actual number '99,682' is greater than expected number '98,000'

2023-02-23 04:08:47 - [MESSAGE][PASSED] - Actual number '99,682' is greater than expected number '98,000'

2023-02-23 04:08:47 - [TEST_STEP][PASSED] - year5 = getText(findTestObject("Object Repository/EBP_Object/Page_Streetlogix/5_year_budget_year5_total_budget")): Text of object 'Object Repository/EBP_Object/Page_Streetlogix/5_year_budget_year5_total_budget' is: '99,882'

2023-02-23 04:08:47 - [MESSAGE][PASSED] - Text of object 'Object Repository/EBP_Object/Page_Streetlogix/5_year_budget_year5_total_budget' is: '99,882'

2023-02-23 04:08:47 - [TEST_STEP][PASSED] - yr5 = year5.replaceAll(",", ""): null

2023-02-23 04:08:47 - [TEST_STEP][PASSED] - y5 = yr5.toInteger(): null

2023-02-23 04:08:47 - [TEST_STEP][PASSED] - verifyGreaterThan(y5.toInteger(), 98000): Actual number '99,882' is greater than expected number '98,000'

2023-02-23 04:08:47 - [MESSAGE][PASSED] - Actual number '99,882' is greater than expected number '98,000'

2023-02-23 04:08:47 - [TEST_STEP][PASSED] - Totalyears = y1 + y2 + y3 + y4 + y5: null

2023-02-23 04:08:47 - [TEST_STEP][PASSED] - verifyLessThanOrEqual(Totalyears, 500000): Actual number '498,595' is less than or equal to expected number '500,000'

2023-02-23 04:08:47 - [MESSAGE][PASSED] - Actual number '498,595' is less than or equal to expected number '500,000'

2023-02-23 04:08:47 - [TEST_STEP][PASSED] - verifyGreaterThan(Totalyears, 495000): Actual number '498,595' is greater than expected number '495,000'

2023-02-23 04:08:47 - [MESSAGE][PASSED] - Actual number '498,595' is greater than expected number '495,000'

2023-02-23 04:08:47 - [TEST_STEP][PASSED] - click(findTestObject("EBP_Object/Page_Streetlogix/Close_button")): Object: 'Object Repository/EBP_Object/Page_Streetlogix/Close_button' is clicked on

2023-02-23 04:08:48 - [MESSAGE][PASSED] - Object: 'Object Repository/EBP_Object/Page_Streetlogix/Close_button' is clicked on

2023-02-23 04:08:48 - [TEST_STEP][PASSED] - click(findTestObject("EBP_Object/Page_Streetlogix/span_Load")): Object: 'Object Repository/EBP_Object/Page_Streetlogix/span_Load' is clicked on

2023-02-23 04:08:48 - [MESSAGE][PASSED] - Object: 'Object Repository/EBP_Object/Page_Streetlogix/span_Load' is clicked on

2023-02-23 04:08:48 - [TEST_STEP][PASSED] - click(findTestObject("EBP_Object/Page_Streetlogix/Delete_Scenario_1")): Object: 'Object Repository/EBP_Object/Page_Streetlogix/Delete_Scenario_1' is clicked on

2023-02-23 04:08:50 - [MESSAGE][PASSED] - Object: 'Object Repository/EBP_Object/Page_Streetlogix/Delete_Scenario_1' is clicked on

2023-02-23 04:08:50 - [TEST_STEP][PASSED] - click(findTestObject("EBP_Object/Page_Streetlogix/span_Yes")): Object: 'Object Repository/EBP_Object/Page_Streetlogix/span_Yes' is clicked on

2023-02-23 04:08:51 - [MESSAGE][PASSED] - Object: 'Object Repository/EBP_Object/Page_Streetlogix/span_Yes' is clicked on

2023-02-23 04:08:51 - [TEST_STEP][PASSED] - delay(3): Delayed 3 second(s)

2023-02-23 04:08:54 - [MESSAGE][PASSED] - Delayed 3 second(s)

2023-02-23 04:08:54 - [TEST_STEP][PASSED] - database_keywords.test.Database_Keywords.deletebudgets(): database_keywords.test.Database_Keywords.deletebudgets is PASSED

2023-02-23 04:08:58 - [MESSAGE][PASSED] - database_keywords.test.Database_Keywords.deletebudgets is PASSED

2023-02-23 04:08:58 - [TEST_STEP][PASSED] - closeBrowser(): Browser is closed

2023-02-23 04:08:58 - [MESSAGE][PASSED] - Browser is closed

2023-02-23 04:08:59 - [TEST_STEP][PASSED] - Video: Video recording for test case 'Test Cases/GiS/EBP_Inflation/EBP_Inflation' .

2023-02-23 04:08:59 - [MESSAGE][INFO] - Video recording for test case 'Test Cases/GiS/EBP_Inflation/EBP_Inflation' .]]></system-out>
         <system-err><![CDATA[]]></system-err>
      </testcase>
      <testcase name="Test Cases/GiS/EBP_Inflation/EBP_Inflation_default_inflation" time="111.935" classname="Test Cases/GiS/EBP_Inflation/EBP_Inflation_default_inflation" status="PASSED">
         <system-out><![CDATA[2023-02-23 04:08:59 - [TEST_CASE][PASSED] - Test Cases/GiS/EBP_Inflation/EBP_Inflation_default_inflation: Test Cases/GiS/EBP_Inflation/EBP_Inflation_default_inflation

2023-02-23 04:08:59 - [TEST_STEP][PASSED] - gis_url.test.URL.redirectURL(): gis_url.test.URL.redirectURL is PASSED

2023-02-23 04:08:59 - [MESSAGE][INFO] - Starting 'Chrome' driver

2023-02-23 04:08:59 - [MESSAGE][INFO] - Action delay is set to 0 milliseconds

2023-02-23 04:09:06 - [MESSAGE][PASSED] - Browser is opened with url: 'https://streetlogix-gis-slx4-develop.vercel.app/?config=64077fc938af4bcc9a46a81d8f4e5576&token=eyJhbGciOiJIUzI1NiIsInR5cCI6IkpXVCJ9.eyJpZCI6OTc2LCJuYW1lIjoiU29oYWliIE5laGFsIiwiZXhwIjoxNjc5NTk1OTE0LCJpYXQiOjE2NzcwMDM5MTR9.2xH46-6Ez-I1oUKcoFhQjnTNUOtwKNfZcleU9MbUdCY'

2023-02-23 04:09:06 - [MESSAGE][PASSED] - gis_url.test.URL.redirectURL is PASSED

2023-02-23 04:09:06 - [TEST_STEP][PASSED] - click(findTestObject("Object Repository/EBP_Object/Page_Streetlogix/Menubar-icon")): Object: 'Object Repository/EBP_Object/Page_Streetlogix/Menubar-icon' is clicked on

2023-02-23 04:09:16 - [MESSAGE][PASSED] - Object: 'Object Repository/EBP_Object/Page_Streetlogix/Menubar-icon' is clicked on

2023-02-23 04:09:16 - [TEST_STEP][PASSED] - click(findTestObject("Object Repository/EBP_Object/Page_Streetlogix/Budgeting-icon")): Object: 'Object Repository/EBP_Object/Page_Streetlogix/Budgeting-icon' is clicked on

2023-02-23 04:09:16 - [MESSAGE][PASSED] - Object: 'Object Repository/EBP_Object/Page_Streetlogix/Budgeting-icon' is clicked on

2023-02-23 04:09:16 - [TEST_STEP][PASSED] - click(findTestObject("Object Repository/EBP_Object/Page_Streetlogix/EBP_Pavemnet dropdown")): Object: 'Object Repository/EBP_Object/Page_Streetlogix/EBP_Pavemnet dropdown' is clicked on

2023-02-23 04:09:22 - [MESSAGE][PASSED] - Object: 'Object Repository/EBP_Object/Page_Streetlogix/EBP_Pavemnet dropdown' is clicked on

2023-02-23 04:09:22 - [TEST_STEP][PASSED] - click(findTestObject("Object Repository/EBP_Object/Page_Streetlogix/li_Pavement Maintenance")): Object: 'Object Repository/EBP_Object/Page_Streetlogix/li_Pavement Maintenance' is clicked on

2023-02-23 04:09:27 - [MESSAGE][PASSED] - Object: 'Object Repository/EBP_Object/Page_Streetlogix/li_Pavement Maintenance' is clicked on

2023-02-23 04:09:27 - [TEST_STEP][PASSED] - sendKeys(findTestObject("Object Repository/EBP_Object/Page_Streetlogix/input_Scenario Name_scenarioName"), Keys.chord(COMMAND, "a")): Keys 'COMMAND + a' sent to object: 'Object Repository/EBP_Object/Page_Streetlogix/input_Scenario Name_scenarioName'

2023-02-23 04:09:28 - [MESSAGE][PASSED] - Keys 'COMMAND + a' sent to object: 'Object Repository/EBP_Object/Page_Streetlogix/input_Scenario Name_scenarioName'

2023-02-23 04:09:28 - [TEST_STEP][PASSED] - sendKeys(findTestObject("Object Repository/EBP_Object/Page_Streetlogix/input_Scenario Name_scenarioName"), Keys.chord(DELETE)): Keys 'DELETE + ' sent to object: 'Object Repository/EBP_Object/Page_Streetlogix/input_Scenario Name_scenarioName'

2023-02-23 04:09:28 - [MESSAGE][PASSED] - Keys 'DELETE + ' sent to object: 'Object Repository/EBP_Object/Page_Streetlogix/input_Scenario Name_scenarioName'

2023-02-23 04:09:28 - [TEST_STEP][PASSED] - setText(findTestObject("Object Repository/EBP_Object/Page_Streetlogix/input_Scenario Name_scenarioName"), "EBP_Inflation 2"): Text 'EBP_Inflation 2' is set on object 'Object Repository/EBP_Object/Page_Streetlogix/input_Scenario Name_scenarioName'

2023-02-23 04:09:29 - [MESSAGE][PASSED] - Text 'EBP_Inflation 2' is set on object 'Object Repository/EBP_Object/Page_Streetlogix/input_Scenario Name_scenarioName'

2023-02-23 04:09:29 - [TEST_STEP][PASSED] - sendKeys(findTestObject("Object Repository/EBP_Object/Page_Streetlogix/input_Annual Budget_budgets"), Keys.chord(COMMAND, "a")): Keys 'COMMAND + a' sent to object: 'Object Repository/EBP_Object/Page_Streetlogix/input_Annual Budget_budgets'

2023-02-23 04:09:29 - [MESSAGE][PASSED] - Keys 'COMMAND + a' sent to object: 'Object Repository/EBP_Object/Page_Streetlogix/input_Annual Budget_budgets'

2023-02-23 04:09:29 - [TEST_STEP][PASSED] - sendKeys(findTestObject("Object Repository/EBP_Object/Page_Streetlogix/input_Annual Budget_budgets"), Keys.chord(DELETE)): Keys 'DELETE + ' sent to object: 'Object Repository/EBP_Object/Page_Streetlogix/input_Annual Budget_budgets'

2023-02-23 04:09:30 - [MESSAGE][PASSED] - Keys 'DELETE + ' sent to object: 'Object Repository/EBP_Object/Page_Streetlogix/input_Annual Budget_budgets'

2023-02-23 04:09:30 - [TEST_STEP][PASSED] - setText(findTestObject("Object Repository/EBP_Object/Page_Streetlogix/input_Annual Budget_budgets"), "100,000"): Text '100,000' is set on object 'Object Repository/EBP_Object/Page_Streetlogix/input_Annual Budget_budgets'

2023-02-23 04:09:30 - [MESSAGE][PASSED] - Text '100,000' is set on object 'Object Repository/EBP_Object/Page_Streetlogix/input_Annual Budget_budgets'

2023-02-23 04:09:30 - [TEST_STEP][PASSED] - sendKeys(findTestObject("Object Repository/EBP_Object/Page_Streetlogix/input_Program duration_programDuration"), Keys.chord(COMMAND, "a")): Keys 'COMMAND + a' sent to object: 'Object Repository/EBP_Object/Page_Streetlogix/input_Program duration_programDuration'

2023-02-23 04:09:31 - [MESSAGE][PASSED] - Keys 'COMMAND + a' sent to object: 'Object Repository/EBP_Object/Page_Streetlogix/input_Program duration_programDuration'

2023-02-23 04:09:31 - [TEST_STEP][PASSED] - sendKeys(findTestObject("Object Repository/EBP_Object/Page_Streetlogix/input_Program duration_programDuration"), Keys.chord(DELETE)): Keys 'DELETE + ' sent to object: 'Object Repository/EBP_Object/Page_Streetlogix/input_Program duration_programDuration'

2023-02-23 04:09:31 - [MESSAGE][PASSED] - Keys 'DELETE + ' sent to object: 'Object Repository/EBP_Object/Page_Streetlogix/input_Program duration_programDuration'

2023-02-23 04:09:31 - [TEST_STEP][PASSED] - setText(findTestObject("Object Repository/EBP_Object/Page_Streetlogix/input_Program duration_programDuration"), "5"): Text '5' is set on object 'Object Repository/EBP_Object/Page_Streetlogix/input_Program duration_programDuration'

2023-02-23 04:09:32 - [MESSAGE][PASSED] - Text '5' is set on object 'Object Repository/EBP_Object/Page_Streetlogix/input_Program duration_programDuration'

2023-02-23 04:09:32 - [TEST_STEP][PASSED] - click(findTestObject("Object Repository/EBP_Object/Page_Streetlogix/Apply_Button")): Object: 'Object Repository/EBP_Object/Page_Streetlogix/Apply_Button' is clicked on

2023-02-23 04:09:32 - [MESSAGE][PASSED] - Object: 'Object Repository/EBP_Object/Page_Streetlogix/Apply_Button' is clicked on

2023-02-23 04:09:32 - [TEST_STEP][PASSED] - delay(50): Delayed 50 second(s)

2023-02-23 04:10:22 - [MESSAGE][PASSED] - Delayed 50 second(s)

2023-02-23 04:10:22 - [TEST_STEP][PASSED] - click(findTestObject("Object Repository/EBP_Object/Page_Streetlogix/span_Load")): Object: 'Object Repository/EBP_Object/Page_Streetlogix/span_Load' is clicked on

2023-02-23 04:10:23 - [MESSAGE][PASSED] - Object: 'Object Repository/EBP_Object/Page_Streetlogix/span_Load' is clicked on

2023-02-23 04:10:23 - [TEST_STEP][PASSED] - click(findTestObject("EBP_Object/Page_Streetlogix/EBP_Inflation_2")): Object: 'Object Repository/EBP_Object/Page_Streetlogix/EBP_Inflation_2' is clicked on

2023-02-23 04:10:25 - [MESSAGE][PASSED] - Object: 'Object Repository/EBP_Object/Page_Streetlogix/EBP_Inflation_2' is clicked on

2023-02-23 04:10:25 - [TEST_STEP][PASSED] - click(findTestObject("EBP_Object/Page_Streetlogix/EBP_Inflation_2")): Object: 'Object Repository/EBP_Object/Page_Streetlogix/EBP_Inflation_2' is clicked on

2023-02-23 04:10:27 - [MESSAGE][PASSED] - Object: 'Object Repository/EBP_Object/Page_Streetlogix/EBP_Inflation_2' is clicked on

2023-02-23 04:10:27 - [TEST_STEP][PASSED] - click(findTestObject("Object Repository/EBP_Object/Page_Streetlogix/h6_5 Year(s)")): Object: 'Object Repository/EBP_Object/Page_Streetlogix/h6_5 Year(s)' is clicked on

2023-02-23 04:10:27 - [MESSAGE][PASSED] - Object: 'Object Repository/EBP_Object/Page_Streetlogix/h6_5 Year(s)' is clicked on

2023-02-23 04:10:27 - [TEST_STEP][PASSED] - click(findTestObject("Object Repository/EBP_Object/Page_Streetlogix/h6_500,000")): Object: 'Object Repository/EBP_Object/Page_Streetlogix/h6_500,000' is clicked on

2023-02-23 04:10:28 - [MESSAGE][PASSED] - Object: 'Object Repository/EBP_Object/Page_Streetlogix/h6_500,000' is clicked on

2023-02-23 04:10:28 - [TEST_STEP][PASSED] - click(findTestObject("EBP_Object/Page_Streetlogix/Inflation_default")): Object: 'Object Repository/EBP_Object/Page_Streetlogix/Inflation_default' is clicked on

2023-02-23 04:10:28 - [MESSAGE][PASSED] - Object: 'Object Repository/EBP_Object/Page_Streetlogix/Inflation_default' is clicked on

2023-02-23 04:10:28 - [TEST_STEP][PASSED] - click(findTestObject("Object Repository/EBP_Object/Page_Streetlogix/h6_pci  0")): Object: 'Object Repository/EBP_Object/Page_Streetlogix/h6_pci  0' is clicked on

2023-02-23 04:10:29 - [MESSAGE][PASSED] - Object: 'Object Repository/EBP_Object/Page_Streetlogix/h6_pci  0' is clicked on

2023-02-23 04:10:29 - [TEST_STEP][PASSED] - click(findTestObject("Object Repository/EBP_Object/Page_Streetlogix/h6_DT for testing")): Object: 'Object Repository/EBP_Object/Page_Streetlogix/h6_DT for testing' is clicked on

2023-02-23 04:10:29 - [MESSAGE][PASSED] - Object: 'Object Repository/EBP_Object/Page_Streetlogix/h6_DT for testing' is clicked on

2023-02-23 04:10:29 - [TEST_STEP][PASSED] - TRC = getText(findTestObject("Object Repository/EBP_Object/Page_Streetlogix/Total_Repairs")): Text of object 'Object Repository/EBP_Object/Page_Streetlogix/Total_Repairs' is: '24'

2023-02-23 04:10:30 - [MESSAGE][PASSED] - Text of object 'Object Repository/EBP_Object/Page_Streetlogix/Total_Repairs' is: '24'

2023-02-23 04:10:30 - [TEST_STEP][PASSED] - total_repair = TRC.toInteger(): null

2023-02-23 04:10:30 - [TEST_STEP][PASSED] - verifyGreaterThan(total_repair, 20): Actual number '24' is greater than expected number '20'

2023-02-23 04:10:30 - [MESSAGE][PASSED] - Actual number '24' is greater than expected number '20'

2023-02-23 04:10:30 - [TEST_STEP][PASSED] - verifyLessThanOrEqual(total_repair, 30): Actual number '24' is less than or equal to expected number '30'

2023-02-23 04:10:30 - [MESSAGE][PASSED] - Actual number '24' is less than or equal to expected number '30'

2023-02-23 04:10:30 - [TEST_STEP][PASSED] - click(findTestObject("Object Repository/EBP_Object/Page_Streetlogix/Asset_name")): Object: 'Object Repository/EBP_Object/Page_Streetlogix/Asset_name' is clicked on

2023-02-23 04:10:31 - [MESSAGE][PASSED] - Object: 'Object Repository/EBP_Object/Page_Streetlogix/Asset_name' is clicked on

2023-02-23 04:10:31 - [TEST_STEP][PASSED] - click(findTestObject("Object Repository/EBP_Object/Page_Streetlogix/Budget_Criteria_Summary")): Object: 'Object Repository/EBP_Object/Page_Streetlogix/Budget_Criteria_Summary' is clicked on

2023-02-23 04:10:31 - [MESSAGE][PASSED] - Object: 'Object Repository/EBP_Object/Page_Streetlogix/Budget_Criteria_Summary' is clicked on

2023-02-23 04:10:31 - [TEST_STEP][PASSED] - click(findTestObject("EBP_Object/Page_Streetlogix/View_Graph_dropdown")): Object: 'Object Repository/EBP_Object/Page_Streetlogix/View_Graph_dropdown' is clicked on

2023-02-23 04:10:32 - [MESSAGE][PASSED] - Object: 'Object Repository/EBP_Object/Page_Streetlogix/View_Graph_dropdown' is clicked on

2023-02-23 04:10:32 - [TEST_STEP][PASSED] - click(findTestObject("Object Repository/EBP_Object/Page_Streetlogix/li_Table")): Object: 'Object Repository/EBP_Object/Page_Streetlogix/li_Table' is clicked on

2023-02-23 04:10:32 - [MESSAGE][PASSED] - Object: 'Object Repository/EBP_Object/Page_Streetlogix/li_Table' is clicked on

2023-02-23 04:10:32 - [TEST_STEP][PASSED] - delay(5): Delayed 5 second(s)

2023-02-23 04:10:37 - [MESSAGE][PASSED] - Delayed 5 second(s)

2023-02-23 04:10:37 - [TEST_STEP][PASSED] - year1 = getText(findTestObject("Object Repository/EBP_Object/Page_Streetlogix/5_year_budget_year1_total_budget")): Text of object 'Object Repository/EBP_Object/Page_Streetlogix/5_year_budget_year1_total_budget' is: '99,940'

2023-02-23 04:10:38 - [MESSAGE][PASSED] - Text of object 'Object Repository/EBP_Object/Page_Streetlogix/5_year_budget_year1_total_budget' is: '99,940'

2023-02-23 04:10:38 - [TEST_STEP][PASSED] - yr1 = year1.replaceAll(",", ""): null

2023-02-23 04:10:38 - [TEST_STEP][PASSED] - y1 = yr1.toInteger(): null

2023-02-23 04:10:38 - [TEST_STEP][PASSED] - verifyGreaterThan(y1, 98000): Actual number '99,940' is greater than expected number '98,000'

2023-02-23 04:10:38 - [MESSAGE][PASSED] - Actual number '99,940' is greater than expected number '98,000'

2023-02-23 04:10:38 - [TEST_STEP][PASSED] - year2 = getText(findTestObject("Object Repository/EBP_Object/Page_Streetlogix/5_year_budget_year2_total_budget")): Text of object 'Object Repository/EBP_Object/Page_Streetlogix/5_year_budget_year2_total_budget' is: '99,950'

2023-02-23 04:10:38 - [MESSAGE][PASSED] - Text of object 'Object Repository/EBP_Object/Page_Streetlogix/5_year_budget_year2_total_budget' is: '99,950'

2023-02-23 04:10:38 - [TEST_STEP][PASSED] - yr2 = year2.replaceAll(",", ""): null

2023-02-23 04:10:38 - [TEST_STEP][PASSED] - y2 = yr2.toInteger(): null

2023-02-23 04:10:38 - [TEST_STEP][PASSED] - verifyGreaterThan(y2.toInteger(), 98000): Actual number '99,950' is greater than expected number '98,000'

2023-02-23 04:10:38 - [MESSAGE][PASSED] - Actual number '99,950' is greater than expected number '98,000'

2023-02-23 04:10:38 - [TEST_STEP][PASSED] - year3 = getText(findTestObject("Object Repository/EBP_Object/Page_Streetlogix/5_year_budget_year3_total_budget")): Text of object 'Object Repository/EBP_Object/Page_Streetlogix/5_year_budget_year3_total_budget' is: '99,521'

2023-02-23 04:10:39 - [MESSAGE][PASSED] - Text of object 'Object Repository/EBP_Object/Page_Streetlogix/5_year_budget_year3_total_budget' is: '99,521'

2023-02-23 04:10:39 - [TEST_STEP][PASSED] - yr3 = year3.replaceAll(",", ""): null

2023-02-23 04:10:39 - [TEST_STEP][PASSED] - y3 = yr3.toInteger(): null

2023-02-23 04:10:39 - [TEST_STEP][PASSED] - verifyGreaterThan(y3.toInteger(), 98000): Actual number '99,521' is greater than expected number '98,000'

2023-02-23 04:10:39 - [MESSAGE][PASSED] - Actual number '99,521' is greater than expected number '98,000'

2023-02-23 04:10:39 - [TEST_STEP][PASSED] - year4 = getText(findTestObject("Object Repository/EBP_Object/Page_Streetlogix/5_year_budget_year4_total_budget")): Text of object 'Object Repository/EBP_Object/Page_Streetlogix/5_year_budget_year4_total_budget' is: '99,796'

2023-02-23 04:10:39 - [MESSAGE][PASSED] - Text of object 'Object Repository/EBP_Object/Page_Streetlogix/5_year_budget_year4_total_budget' is: '99,796'

2023-02-23 04:10:39 - [TEST_STEP][PASSED] - yr4 = year4.replaceAll(",", ""): null

2023-02-23 04:10:39 - [TEST_STEP][PASSED] - y4 = yr4.toInteger(): null

2023-02-23 04:10:39 - [TEST_STEP][PASSED] - verifyGreaterThan(y4.toInteger(), 98000): Actual number '99,796' is greater than expected number '98,000'

2023-02-23 04:10:39 - [MESSAGE][PASSED] - Actual number '99,796' is greater than expected number '98,000'

2023-02-23 04:10:39 - [TEST_STEP][PASSED] - year5 = getText(findTestObject("Object Repository/EBP_Object/Page_Streetlogix/5_year_budget_year5_total_budget")): Text of object 'Object Repository/EBP_Object/Page_Streetlogix/5_year_budget_year5_total_budget' is: '99,669'

2023-02-23 04:10:39 - [MESSAGE][PASSED] - Text of object 'Object Repository/EBP_Object/Page_Streetlogix/5_year_budget_year5_total_budget' is: '99,669'

2023-02-23 04:10:39 - [TEST_STEP][PASSED] - yr5 = year5.replaceAll(",", ""): null

2023-02-23 04:10:39 - [TEST_STEP][PASSED] - y5 = yr5.toInteger(): null

2023-02-23 04:10:39 - [TEST_STEP][PASSED] - verifyGreaterThan(y5.toInteger(), 98000): Actual number '99,669' is greater than expected number '98,000'

2023-02-23 04:10:39 - [MESSAGE][PASSED] - Actual number '99,669' is greater than expected number '98,000'

2023-02-23 04:10:39 - [TEST_STEP][PASSED] - Totalyears = y1 + y2 + y3 + y4 + y5: null

2023-02-23 04:10:39 - [TEST_STEP][PASSED] - verifyLessThanOrEqual(Totalyears, 500000): Actual number '498,876' is less than or equal to expected number '500,000'

2023-02-23 04:10:39 - [MESSAGE][PASSED] - Actual number '498,876' is less than or equal to expected number '500,000'

2023-02-23 04:10:39 - [TEST_STEP][PASSED] - verifyGreaterThan(Totalyears, 495000): Actual number '498,876' is greater than expected number '495,000'

2023-02-23 04:10:39 - [MESSAGE][PASSED] - Actual number '498,876' is greater than expected number '495,000'

2023-02-23 04:10:39 - [TEST_STEP][PASSED] - click(findTestObject("EBP_Object/Page_Streetlogix/Close_button")): Object: 'Object Repository/EBP_Object/Page_Streetlogix/Close_button' is clicked on

2023-02-23 04:10:40 - [MESSAGE][PASSED] - Object: 'Object Repository/EBP_Object/Page_Streetlogix/Close_button' is clicked on

2023-02-23 04:10:40 - [TEST_STEP][PASSED] - click(findTestObject("EBP_Object/Page_Streetlogix/span_Load")): Object: 'Object Repository/EBP_Object/Page_Streetlogix/span_Load' is clicked on

2023-02-23 04:10:41 - [MESSAGE][PASSED] - Object: 'Object Repository/EBP_Object/Page_Streetlogix/span_Load' is clicked on

2023-02-23 04:10:41 - [TEST_STEP][PASSED] - click(findTestObject("EBP_Object/Page_Streetlogix/Delete_Scenario_1")): Object: 'Object Repository/EBP_Object/Page_Streetlogix/Delete_Scenario_1' is clicked on

2023-02-23 04:10:43 - [MESSAGE][PASSED] - Object: 'Object Repository/EBP_Object/Page_Streetlogix/Delete_Scenario_1' is clicked on

2023-02-23 04:10:43 - [TEST_STEP][PASSED] - click(findTestObject("EBP_Object/Page_Streetlogix/span_Yes")): Object: 'Object Repository/EBP_Object/Page_Streetlogix/span_Yes' is clicked on

2023-02-23 04:10:43 - [MESSAGE][PASSED] - Object: 'Object Repository/EBP_Object/Page_Streetlogix/span_Yes' is clicked on

2023-02-23 04:10:43 - [TEST_STEP][PASSED] - delay(3): Delayed 3 second(s)

2023-02-23 04:10:46 - [MESSAGE][PASSED] - Delayed 3 second(s)

2023-02-23 04:10:46 - [TEST_STEP][PASSED] - database_keywords.test.Database_Keywords.deletebudgets(): database_keywords.test.Database_Keywords.deletebudgets is PASSED

2023-02-23 04:10:50 - [MESSAGE][PASSED] - database_keywords.test.Database_Keywords.deletebudgets is PASSED

2023-02-23 04:10:50 - [TEST_STEP][PASSED] - closeBrowser(): Browser is closed

2023-02-23 04:10:50 - [MESSAGE][PASSED] - Browser is closed

2023-02-23 04:10:50 - [TEST_STEP][PASSED] - Video: Video recording for test case 'Test Cases/GiS/EBP_Inflation/EBP_Inflation_default_inflation' .

2023-02-23 04:10:50 - [MESSAGE][INFO] - Video recording for test case 'Test Cases/GiS/EBP_Inflation/EBP_Inflation_default_inflation' .]]></system-out>
         <system-err><![CDATA[]]></system-err>
      </testcase>
      <testcase name="Test Cases/GiS/Compare Scenarios/CS_Single_Budget - Sidewalk" time="204.939" classname="Test Cases/GiS/Compare Scenarios/CS_Single_Budget - Sidewalk" status="PASSED">
         <system-out><![CDATA[2023-02-23 04:10:50 - [TEST_CASE][PASSED] - Test Cases/GiS/Compare Scenarios/CS_Single_Budget - Sidewalk: Test Cases/GiS/Compare Scenarios/CS_Single_Budget - Sidewalk

2023-02-23 04:10:51 - [TEST_STEP][PASSED] - gis_url.test.URL.redirectURL(): gis_url.test.URL.redirectURL is PASSED

2023-02-23 04:10:51 - [MESSAGE][INFO] - Starting 'Chrome' driver

2023-02-23 04:10:51 - [MESSAGE][INFO] - Action delay is set to 0 milliseconds

2023-02-23 04:11:07 - [MESSAGE][PASSED] - Browser is opened with url: 'https://streetlogix-gis-slx4-develop.vercel.app/?config=64077fc938af4bcc9a46a81d8f4e5576&token=eyJhbGciOiJIUzI1NiIsInR5cCI6IkpXVCJ9.eyJpZCI6OTc2LCJuYW1lIjoiU29oYWliIE5laGFsIiwiZXhwIjoxNjc5NTk1OTE0LCJpYXQiOjE2NzcwMDM5MTR9.2xH46-6Ez-I1oUKcoFhQjnTNUOtwKNfZcleU9MbUdCY'

2023-02-23 04:11:07 - [MESSAGE][PASSED] - gis_url.test.URL.redirectURL is PASSED

2023-02-23 04:11:07 - [TEST_STEP][PASSED] - delay(15): Delayed 15 second(s)

2023-02-23 04:11:22 - [MESSAGE][PASSED] - Delayed 15 second(s)

2023-02-23 04:11:22 - [TEST_STEP][PASSED] - click(findTestObject("Object Repository/Compare Scenarios/Menubar-icon")): Object: 'Object Repository/Compare Scenarios/Menubar-icon' is clicked on

2023-02-23 04:11:23 - [MESSAGE][PASSED] - Object: 'Object Repository/Compare Scenarios/Menubar-icon' is clicked on

2023-02-23 04:11:23 - [TEST_STEP][PASSED] - click(findTestObject("Object Repository/Compare Scenarios/img_Compare_Scenario_rail-icon")): Object: 'Object Repository/Compare Scenarios/img_Compare_Scenario_rail-icon' is clicked on

2023-02-23 04:11:23 - [MESSAGE][PASSED] - Object: 'Object Repository/Compare Scenarios/img_Compare_Scenario_rail-icon' is clicked on

2023-02-23 04:11:23 - [TEST_STEP][PASSED] - click(findTestObject("Compare Scenarios/div_Pavement Maintenance")): Object: 'Object Repository/Compare Scenarios/div_Pavement Maintenance' is clicked on

2023-02-23 04:11:25 - [MESSAGE][PASSED] - Object: 'Object Repository/Compare Scenarios/div_Pavement Maintenance' is clicked on

2023-02-23 04:11:25 - [TEST_STEP][PASSED] - click(findTestObject("Compare Scenarios/li_Sidewalk Maintenance")): Object: 'Object Repository/Compare Scenarios/li_Sidewalk Maintenance' is clicked on

2023-02-23 04:11:26 - [MESSAGE][PASSED] - Object: 'Object Repository/Compare Scenarios/li_Sidewalk Maintenance' is clicked on

2023-02-23 04:11:26 - [TEST_STEP][PASSED] - sendKeys(findTestObject("Compare Scenarios/input_Program duration_duration"), Keys.chord(COMMAND, "a")): Keys 'COMMAND + a' sent to object: 'Object Repository/Compare Scenarios/input_Program duration_duration'

2023-02-23 04:11:29 - [MESSAGE][PASSED] - Keys 'COMMAND + a' sent to object: 'Object Repository/Compare Scenarios/input_Program duration_duration'

2023-02-23 04:11:29 - [TEST_STEP][PASSED] - sendKeys(findTestObject("Compare Scenarios/input_Program duration_duration"), Keys.chord(DELETE)): Keys 'DELETE + ' sent to object: 'Object Repository/Compare Scenarios/input_Program duration_duration'

2023-02-23 04:11:29 - [MESSAGE][PASSED] - Keys 'DELETE + ' sent to object: 'Object Repository/Compare Scenarios/input_Program duration_duration'

2023-02-23 04:11:29 - [TEST_STEP][PASSED] - setText(findTestObject("Compare Scenarios/input_Program duration_duration"), "3"): Text '3' is set on object 'Object Repository/Compare Scenarios/input_Program duration_duration'

2023-02-23 04:11:30 - [MESSAGE][PASSED] - Text '3' is set on object 'Object Repository/Compare Scenarios/input_Program duration_duration'

2023-02-23 04:11:30 - [TEST_STEP][PASSED] - sendKeys(findTestObject("Object Repository/Compare Scenarios/input_Scenario Name_scenario_name"), Keys.chord(COMMAND, "a")): Keys 'COMMAND + a' sent to object: 'Object Repository/Compare Scenarios/input_Scenario Name_scenario_name'

2023-02-23 04:11:30 - [MESSAGE][PASSED] - Keys 'COMMAND + a' sent to object: 'Object Repository/Compare Scenarios/input_Scenario Name_scenario_name'

2023-02-23 04:11:30 - [TEST_STEP][PASSED] - sendKeys(findTestObject("Object Repository/Compare Scenarios/input_Scenario Name_scenario_name"), Keys.chord(DELETE)): Keys 'DELETE + ' sent to object: 'Object Repository/Compare Scenarios/input_Scenario Name_scenario_name'

2023-02-23 04:11:31 - [MESSAGE][PASSED] - Keys 'DELETE + ' sent to object: 'Object Repository/Compare Scenarios/input_Scenario Name_scenario_name'

2023-02-23 04:11:31 - [TEST_STEP][PASSED] - setText(findTestObject("Object Repository/Compare Scenarios/input_Scenario Name_scenario_name"), "Compare Scenario 1"): Text 'Compare Scenario 1' is set on object 'Object Repository/Compare Scenarios/input_Scenario Name_scenario_name'

2023-02-23 04:11:32 - [MESSAGE][PASSED] - Text 'Compare Scenario 1' is set on object 'Object Repository/Compare Scenarios/input_Scenario Name_scenario_name'

2023-02-23 04:11:32 - [TEST_STEP][PASSED] - setText(findTestObject("Object Repository/Compare Scenarios/input_Annual Budget_budget"), "30,000"): Text '30,000' is set on object 'Object Repository/Compare Scenarios/input_Annual Budget_budget'

2023-02-23 04:11:33 - [MESSAGE][PASSED] - Text '30,000' is set on object 'Object Repository/Compare Scenarios/input_Annual Budget_budget'

2023-02-23 04:11:33 - [TEST_STEP][PASSED] - sendKeys(findTestObject("Object Repository/Compare Scenarios/Input_Inflation"), Keys.chord(COMMAND, "a")): Keys 'COMMAND + a' sent to object: 'Object Repository/Compare Scenarios/Input_Inflation'

2023-02-23 04:11:33 - [MESSAGE][PASSED] - Keys 'COMMAND + a' sent to object: 'Object Repository/Compare Scenarios/Input_Inflation'

2023-02-23 04:11:33 - [TEST_STEP][PASSED] - sendKeys(findTestObject("Object Repository/Compare Scenarios/Input_Inflation"), Keys.chord(DELETE)): Keys 'DELETE + ' sent to object: 'Object Repository/Compare Scenarios/Input_Inflation'

2023-02-23 04:11:34 - [MESSAGE][PASSED] - Keys 'DELETE + ' sent to object: 'Object Repository/Compare Scenarios/Input_Inflation'

2023-02-23 04:11:34 - [TEST_STEP][PASSED] - setText(findTestObject("Object Repository/Compare Scenarios/Input_Inflation"), "5"): Text '5' is set on object 'Object Repository/Compare Scenarios/Input_Inflation'

2023-02-23 04:11:35 - [MESSAGE][PASSED] - Text '5' is set on object 'Object Repository/Compare Scenarios/Input_Inflation'

2023-02-23 04:11:35 - [TEST_STEP][PASSED] - click(findTestObject("Object Repository/Compare Scenarios/div_Select layerPavement MaintenanceFilter _a98a8c")): Object: 'Object Repository/Compare Scenarios/div_Select layerPavement MaintenanceFilter _a98a8c' is clicked on

2023-02-23 04:11:35 - [MESSAGE][PASSED] - Object: 'Object Repository/Compare Scenarios/div_Select layerPavement MaintenanceFilter _a98a8c' is clicked on

2023-02-23 04:11:35 - [TEST_STEP][PASSED] - click(findTestObject("Object Repository/Compare Scenarios/Apply_button")): Object: 'Object Repository/Compare Scenarios/Apply_button' is clicked on

2023-02-23 04:11:35 - [MESSAGE][PASSED] - Object: 'Object Repository/Compare Scenarios/Apply_button' is clicked on

2023-02-23 04:11:35 - [TEST_STEP][PASSED] - sendKeys(findTestObject("Compare Scenarios/input_Program duration_duration"), Keys.chord(COMMAND, "a")): Keys 'COMMAND + a' sent to object: 'Object Repository/Compare Scenarios/input_Program duration_duration'

2023-02-23 04:11:37 - [MESSAGE][PASSED] - Keys 'COMMAND + a' sent to object: 'Object Repository/Compare Scenarios/input_Program duration_duration'

2023-02-23 04:11:37 - [TEST_STEP][PASSED] - sendKeys(findTestObject("Compare Scenarios/input_Program duration_duration"), Keys.chord(DELETE)): Keys 'DELETE + ' sent to object: 'Object Repository/Compare Scenarios/input_Program duration_duration'

2023-02-23 04:11:37 - [MESSAGE][PASSED] - Keys 'DELETE + ' sent to object: 'Object Repository/Compare Scenarios/input_Program duration_duration'

2023-02-23 04:11:37 - [TEST_STEP][PASSED] - setText(findTestObject("Compare Scenarios/input_Program duration_duration"), "3"): Text '3' is set on object 'Object Repository/Compare Scenarios/input_Program duration_duration'

2023-02-23 04:11:38 - [MESSAGE][PASSED] - Text '3' is set on object 'Object Repository/Compare Scenarios/input_Program duration_duration'

2023-02-23 04:11:38 - [TEST_STEP][PASSED] - sendKeys(findTestObject("Object Repository/Compare Scenarios/input_Scenario Name_scenario_name"), Keys.chord(COMMAND, "a")): Keys 'COMMAND + a' sent to object: 'Object Repository/Compare Scenarios/input_Scenario Name_scenario_name'

2023-02-23 04:11:39 - [MESSAGE][PASSED] - Keys 'COMMAND + a' sent to object: 'Object Repository/Compare Scenarios/input_Scenario Name_scenario_name'

2023-02-23 04:11:39 - [TEST_STEP][PASSED] - sendKeys(findTestObject("Object Repository/Compare Scenarios/input_Scenario Name_scenario_name"), Keys.chord(DELETE)): Keys 'DELETE + ' sent to object: 'Object Repository/Compare Scenarios/input_Scenario Name_scenario_name'

2023-02-23 04:11:39 - [MESSAGE][PASSED] - Keys 'DELETE + ' sent to object: 'Object Repository/Compare Scenarios/input_Scenario Name_scenario_name'

2023-02-23 04:11:39 - [TEST_STEP][PASSED] - setText(findTestObject("Object Repository/Compare Scenarios/input_Scenario Name_scenario_name"), "Compare Scenario 2"): Text 'Compare Scenario 2' is set on object 'Object Repository/Compare Scenarios/input_Scenario Name_scenario_name'

2023-02-23 04:11:40 - [MESSAGE][PASSED] - Text 'Compare Scenario 2' is set on object 'Object Repository/Compare Scenarios/input_Scenario Name_scenario_name'

2023-02-23 04:11:40 - [TEST_STEP][PASSED] - setText(findTestObject("Object Repository/Compare Scenarios/input_Annual Budget_budget"), "10,000"): Text '10,000' is set on object 'Object Repository/Compare Scenarios/input_Annual Budget_budget'

2023-02-23 04:11:41 - [MESSAGE][PASSED] - Text '10,000' is set on object 'Object Repository/Compare Scenarios/input_Annual Budget_budget'

2023-02-23 04:11:41 - [TEST_STEP][PASSED] - sendKeys(findTestObject("Object Repository/Compare Scenarios/Input_Inflation"), Keys.chord(COMMAND, "a")): Keys 'COMMAND + a' sent to object: 'Object Repository/Compare Scenarios/Input_Inflation'

2023-02-23 04:11:41 - [MESSAGE][PASSED] - Keys 'COMMAND + a' sent to object: 'Object Repository/Compare Scenarios/Input_Inflation'

2023-02-23 04:11:41 - [TEST_STEP][PASSED] - sendKeys(findTestObject("Object Repository/Compare Scenarios/Input_Inflation"), Keys.chord(DELETE)): Keys 'DELETE + ' sent to object: 'Object Repository/Compare Scenarios/Input_Inflation'

2023-02-23 04:11:42 - [MESSAGE][PASSED] - Keys 'DELETE + ' sent to object: 'Object Repository/Compare Scenarios/Input_Inflation'

2023-02-23 04:11:42 - [TEST_STEP][PASSED] - setText(findTestObject("Object Repository/Compare Scenarios/Input_Inflation"), "7"): Text '7' is set on object 'Object Repository/Compare Scenarios/Input_Inflation'

2023-02-23 04:11:43 - [MESSAGE][PASSED] - Text '7' is set on object 'Object Repository/Compare Scenarios/Input_Inflation'

2023-02-23 04:11:43 - [TEST_STEP][PASSED] - click(findTestObject("Object Repository/Compare Scenarios/div_Select layerPavement MaintenanceFilter _a98a8c")): Object: 'Object Repository/Compare Scenarios/div_Select layerPavement MaintenanceFilter _a98a8c' is clicked on

2023-02-23 04:11:43 - [MESSAGE][PASSED] - Object: 'Object Repository/Compare Scenarios/div_Select layerPavement MaintenanceFilter _a98a8c' is clicked on

2023-02-23 04:11:43 - [TEST_STEP][PASSED] - click(findTestObject("Object Repository/Compare Scenarios/Apply_button")): Object: 'Object Repository/Compare Scenarios/Apply_button' is clicked on

2023-02-23 04:11:44 - [MESSAGE][PASSED] - Object: 'Object Repository/Compare Scenarios/Apply_button' is clicked on

2023-02-23 04:11:44 - [TEST_STEP][PASSED] - delay(120): Delayed 120 second(s)

2023-02-23 04:13:44 - [MESSAGE][PASSED] - Delayed 120 second(s)

2023-02-23 04:13:44 - [TEST_STEP][PASSED] - click(findTestObject("Object Repository/Compare Scenarios/span_Compare")): Object: 'Object Repository/Compare Scenarios/span_Compare' is clicked on

2023-02-23 04:13:44 - [MESSAGE][PASSED] - Object: 'Object Repository/Compare Scenarios/span_Compare' is clicked on

2023-02-23 04:13:44 - [TEST_STEP][PASSED] - click(findTestObject("Compare Scenarios/div_Compare Scenario 1")): Object: 'Object Repository/Compare Scenarios/div_Compare Scenario 1' is clicked on

2023-02-23 04:13:46 - [MESSAGE][PASSED] - Object: 'Object Repository/Compare Scenarios/div_Compare Scenario 1' is clicked on

2023-02-23 04:13:46 - [TEST_STEP][PASSED] - click(findTestObject("Compare Scenarios/div_Compare Scenario 2")): Object: 'Object Repository/Compare Scenarios/div_Compare Scenario 2' is clicked on

2023-02-23 04:13:47 - [MESSAGE][PASSED] - Object: 'Object Repository/Compare Scenarios/div_Compare Scenario 2' is clicked on

2023-02-23 04:13:47 - [TEST_STEP][PASSED] - click(findTestObject("Compare Scenarios/span_Compare_loadscreen")): Object: 'Object Repository/Compare Scenarios/span_Compare_loadscreen' is clicked on

2023-02-23 04:13:48 - [MESSAGE][PASSED] - Object: 'Object Repository/Compare Scenarios/span_Compare_loadscreen' is clicked on

2023-02-23 04:13:48 - [TEST_STEP][PASSED] - takeFullPageScreenshot(): Taking screenshot successfully

2023-02-23 04:13:49 - [MESSAGE][INFO] - 0 hidden object(s)

2023-02-23 04:13:50 - [MESSAGE][PASSED] - Taking screenshot successfully
[[ATTACHMENT|/Users/kashif/Downloads/Kashif/Katalon Studio/4.0_fresh/4.0 Fresh/Reports/20230223_034907/GIS/20230223_034908/1677107628124.png]]

2023-02-23 04:13:50 - [TEST_STEP][PASSED] - click(findTestObject("Object Repository/Compare Scenarios/button")): Object: 'Object Repository/Compare Scenarios/button' is clicked on

2023-02-23 04:13:59 - [MESSAGE][PASSED] - Object: 'Object Repository/Compare Scenarios/button' is clicked on

2023-02-23 04:13:59 - [TEST_STEP][PASSED] - click(findTestObject("Object Repository/Compare Scenarios/div_Save as JPEG")): Object: 'Object Repository/Compare Scenarios/div_Save as JPEG' is clicked on

2023-02-23 04:13:59 - [MESSAGE][PASSED] - Object: 'Object Repository/Compare Scenarios/div_Save as JPEG' is clicked on

2023-02-23 04:13:59 - [TEST_STEP][PASSED] - click(findTestObject("Compare Scenarios/span_Close")): Object: 'Object Repository/Compare Scenarios/span_Close' is clicked on

2023-02-23 04:14:00 - [MESSAGE][PASSED] - Object: 'Object Repository/Compare Scenarios/span_Close' is clicked on

2023-02-23 04:14:00 - [TEST_STEP][PASSED] - click(findTestObject("Object Repository/Compare Scenarios/span_Compare")): Object: 'Object Repository/Compare Scenarios/span_Compare' is clicked on

2023-02-23 04:14:01 - [MESSAGE][PASSED] - Object: 'Object Repository/Compare Scenarios/span_Compare' is clicked on

2023-02-23 04:14:01 - [TEST_STEP][PASSED] - click(findTestObject("Compare Scenarios/Delete_Scenario_1")): Object: 'Object Repository/Compare Scenarios/Delete_Scenario_1' is clicked on

2023-02-23 04:14:03 - [MESSAGE][PASSED] - Object: 'Object Repository/Compare Scenarios/Delete_Scenario_1' is clicked on

2023-02-23 04:14:03 - [TEST_STEP][PASSED] - click(findTestObject("Compare Scenarios/span_Yes")): Object: 'Object Repository/Compare Scenarios/span_Yes' is clicked on

2023-02-23 04:14:03 - [MESSAGE][PASSED] - Object: 'Object Repository/Compare Scenarios/span_Yes' is clicked on

2023-02-23 04:14:03 - [TEST_STEP][PASSED] - delay(3): Delayed 3 second(s)

2023-02-23 04:14:06 - [MESSAGE][PASSED] - Delayed 3 second(s)

2023-02-23 04:14:06 - [TEST_STEP][PASSED] - click(findTestObject("Compare Scenarios/Delete_Scenario_1")): Object: 'Object Repository/Compare Scenarios/Delete_Scenario_1' is clicked on

2023-02-23 04:14:07 - [MESSAGE][PASSED] - Object: 'Object Repository/Compare Scenarios/Delete_Scenario_1' is clicked on

2023-02-23 04:14:07 - [TEST_STEP][PASSED] - click(findTestObject("Compare Scenarios/span_Yes")): Object: 'Object Repository/Compare Scenarios/span_Yes' is clicked on

2023-02-23 04:14:07 - [MESSAGE][PASSED] - Object: 'Object Repository/Compare Scenarios/span_Yes' is clicked on

2023-02-23 04:14:07 - [TEST_STEP][PASSED] - delay(3): Delayed 3 second(s)

2023-02-23 04:14:10 - [MESSAGE][PASSED] - Delayed 3 second(s)

2023-02-23 04:14:10 - [TEST_STEP][PASSED] - database_keywords.test.Database_Keywords.deletebudgets(): database_keywords.test.Database_Keywords.deletebudgets is PASSED

2023-02-23 04:14:15 - [MESSAGE][PASSED] - database_keywords.test.Database_Keywords.deletebudgets is PASSED

2023-02-23 04:14:15 - [TEST_STEP][PASSED] - closeBrowser(): Browser is closed

2023-02-23 04:14:15 - [MESSAGE][PASSED] - Browser is closed

2023-02-23 04:14:15 - [TEST_STEP][PASSED] - Video: Video recording for test case 'Test Cases/GiS/Compare Scenarios/CS_Single_Budget - Sidewalk' .

2023-02-23 04:14:15 - [MESSAGE][INFO] - Video recording for test case 'Test Cases/GiS/Compare Scenarios/CS_Single_Budget - Sidewalk' .]]></system-out>
         <system-err><![CDATA[]]></system-err>
      </testcase>
      <testcase name="Test Cases/GiS/Compare Scenarios/CS_Three_Budgets_Sidewalk" time="187.493" classname="Test Cases/GiS/Compare Scenarios/CS_Three_Budgets_Sidewalk" status="PASSED">
         <system-out><![CDATA[2023-02-23 04:14:15 - [TEST_CASE][PASSED] - Test Cases/GiS/Compare Scenarios/CS_Three_Budgets_Sidewalk: Test Cases/GiS/Compare Scenarios/CS_Three_Budgets_Sidewalk

2023-02-23 04:14:16 - [TEST_STEP][PASSED] - gis_url.test.URL.redirectURL(): gis_url.test.URL.redirectURL is PASSED

2023-02-23 04:14:16 - [MESSAGE][INFO] - Starting 'Chrome' driver

2023-02-23 04:14:16 - [MESSAGE][INFO] - Action delay is set to 0 milliseconds

2023-02-23 04:14:19 - [MESSAGE][PASSED] - Browser is opened with url: 'https://streetlogix-gis-slx4-develop.vercel.app/?config=64077fc938af4bcc9a46a81d8f4e5576&token=eyJhbGciOiJIUzI1NiIsInR5cCI6IkpXVCJ9.eyJpZCI6OTc2LCJuYW1lIjoiU29oYWliIE5laGFsIiwiZXhwIjoxNjc5NTk1OTE0LCJpYXQiOjE2NzcwMDM5MTR9.2xH46-6Ez-I1oUKcoFhQjnTNUOtwKNfZcleU9MbUdCY'

2023-02-23 04:14:19 - [MESSAGE][PASSED] - gis_url.test.URL.redirectURL is PASSED

2023-02-23 04:14:19 - [TEST_STEP][PASSED] - delay(15): Delayed 15 second(s)

2023-02-23 04:14:34 - [MESSAGE][PASSED] - Delayed 15 second(s)

2023-02-23 04:14:34 - [TEST_STEP][PASSED] - click(findTestObject("Object Repository/Compare Scenarios/Menubar-icon")): Object: 'Object Repository/Compare Scenarios/Menubar-icon' is clicked on

2023-02-23 04:14:35 - [MESSAGE][PASSED] - Object: 'Object Repository/Compare Scenarios/Menubar-icon' is clicked on

2023-02-23 04:14:35 - [TEST_STEP][PASSED] - click(findTestObject("Object Repository/Compare Scenarios/img_Compare_Scenario_rail-icon")): Object: 'Object Repository/Compare Scenarios/img_Compare_Scenario_rail-icon' is clicked on

2023-02-23 04:14:35 - [MESSAGE][PASSED] - Object: 'Object Repository/Compare Scenarios/img_Compare_Scenario_rail-icon' is clicked on

2023-02-23 04:14:35 - [TEST_STEP][PASSED] - click(findTestObject("Compare Scenarios/div_Pavement Maintenance")): Object: 'Object Repository/Compare Scenarios/div_Pavement Maintenance' is clicked on

2023-02-23 04:14:36 - [MESSAGE][PASSED] - Object: 'Object Repository/Compare Scenarios/div_Pavement Maintenance' is clicked on

2023-02-23 04:14:36 - [TEST_STEP][PASSED] - click(findTestObject("Compare Scenarios/li_Sidewalk Maintenance")): Object: 'Object Repository/Compare Scenarios/li_Sidewalk Maintenance' is clicked on

2023-02-23 04:14:38 - [MESSAGE][PASSED] - Object: 'Object Repository/Compare Scenarios/li_Sidewalk Maintenance' is clicked on

2023-02-23 04:14:38 - [TEST_STEP][PASSED] - sendKeys(findTestObject("Compare Scenarios/input_Program duration_duration"), Keys.chord(COMMAND, "a")): Keys 'COMMAND + a' sent to object: 'Object Repository/Compare Scenarios/input_Program duration_duration'

2023-02-23 04:14:42 - [MESSAGE][PASSED] - Keys 'COMMAND + a' sent to object: 'Object Repository/Compare Scenarios/input_Program duration_duration'

2023-02-23 04:14:42 - [TEST_STEP][PASSED] - sendKeys(findTestObject("Compare Scenarios/input_Program duration_duration"), Keys.chord(DELETE)): Keys 'DELETE + ' sent to object: 'Object Repository/Compare Scenarios/input_Program duration_duration'

2023-02-23 04:14:43 - [MESSAGE][PASSED] - Keys 'DELETE + ' sent to object: 'Object Repository/Compare Scenarios/input_Program duration_duration'

2023-02-23 04:14:43 - [TEST_STEP][PASSED] - setText(findTestObject("Compare Scenarios/input_Program duration_duration"), "3"): Text '3' is set on object 'Object Repository/Compare Scenarios/input_Program duration_duration'

2023-02-23 04:14:43 - [MESSAGE][PASSED] - Text '3' is set on object 'Object Repository/Compare Scenarios/input_Program duration_duration'

2023-02-23 04:14:43 - [TEST_STEP][PASSED] - sendKeys(findTestObject("Object Repository/Compare Scenarios/input_Scenario Name_scenario_name"), Keys.chord(COMMAND, "a")): Keys 'COMMAND + a' sent to object: 'Object Repository/Compare Scenarios/input_Scenario Name_scenario_name'

2023-02-23 04:14:44 - [MESSAGE][PASSED] - Keys 'COMMAND + a' sent to object: 'Object Repository/Compare Scenarios/input_Scenario Name_scenario_name'

2023-02-23 04:14:44 - [TEST_STEP][PASSED] - sendKeys(findTestObject("Object Repository/Compare Scenarios/input_Scenario Name_scenario_name"), Keys.chord(DELETE)): Keys 'DELETE + ' sent to object: 'Object Repository/Compare Scenarios/input_Scenario Name_scenario_name'

2023-02-23 04:14:44 - [MESSAGE][PASSED] - Keys 'DELETE + ' sent to object: 'Object Repository/Compare Scenarios/input_Scenario Name_scenario_name'

2023-02-23 04:14:44 - [TEST_STEP][PASSED] - setText(findTestObject("Object Repository/Compare Scenarios/input_Scenario Name_scenario_name"), "Compare Scenario 1"): Text 'Compare Scenario 1' is set on object 'Object Repository/Compare Scenarios/input_Scenario Name_scenario_name'

2023-02-23 04:14:45 - [MESSAGE][PASSED] - Text 'Compare Scenario 1' is set on object 'Object Repository/Compare Scenarios/input_Scenario Name_scenario_name'

2023-02-23 04:14:45 - [TEST_STEP][PASSED] - click(findTestObject("Object Repository/Compare Scenarios/span_Add Scenario")): Object: 'Object Repository/Compare Scenarios/span_Add Scenario' is clicked on

2023-02-23 04:14:46 - [MESSAGE][PASSED] - Object: 'Object Repository/Compare Scenarios/span_Add Scenario' is clicked on

2023-02-23 04:14:46 - [TEST_STEP][PASSED] - click(findTestObject("Object Repository/Compare Scenarios/span_Add Scenario")): Object: 'Object Repository/Compare Scenarios/span_Add Scenario' is clicked on

2023-02-23 04:14:46 - [MESSAGE][PASSED] - Object: 'Object Repository/Compare Scenarios/span_Add Scenario' is clicked on

2023-02-23 04:14:46 - [TEST_STEP][PASSED] - sendKeys(findTestObject("Object Repository/Compare Scenarios/input_Scenario Name_scenario_name_2"), Keys.chord(COMMAND, "a")): Keys 'COMMAND + a' sent to object: 'Object Repository/Compare Scenarios/input_Scenario Name_scenario_name_2'

2023-02-23 04:14:47 - [MESSAGE][PASSED] - Keys 'COMMAND + a' sent to object: 'Object Repository/Compare Scenarios/input_Scenario Name_scenario_name_2'

2023-02-23 04:14:47 - [TEST_STEP][PASSED] - sendKeys(findTestObject("Object Repository/Compare Scenarios/input_Scenario Name_scenario_name_2"), Keys.chord(DELETE)): Keys 'DELETE + ' sent to object: 'Object Repository/Compare Scenarios/input_Scenario Name_scenario_name_2'

2023-02-23 04:14:47 - [MESSAGE][PASSED] - Keys 'DELETE + ' sent to object: 'Object Repository/Compare Scenarios/input_Scenario Name_scenario_name_2'

2023-02-23 04:14:47 - [TEST_STEP][PASSED] - setText(findTestObject("Object Repository/Compare Scenarios/input_Scenario Name_scenario_name_2"), "Compare Scenario 2"): Text 'Compare Scenario 2' is set on object 'Object Repository/Compare Scenarios/input_Scenario Name_scenario_name_2'

2023-02-23 04:14:48 - [MESSAGE][PASSED] - Text 'Compare Scenario 2' is set on object 'Object Repository/Compare Scenarios/input_Scenario Name_scenario_name_2'

2023-02-23 04:14:48 - [TEST_STEP][PASSED] - sendKeys(findTestObject("Object Repository/Compare Scenarios/input_Scenario Name_scenario_name_3"), Keys.chord(COMMAND, "a")): Keys 'COMMAND + a' sent to object: 'Object Repository/Compare Scenarios/input_Scenario Name_scenario_name_3'

2023-02-23 04:14:49 - [MESSAGE][PASSED] - Keys 'COMMAND + a' sent to object: 'Object Repository/Compare Scenarios/input_Scenario Name_scenario_name_3'

2023-02-23 04:14:49 - [TEST_STEP][PASSED] - sendKeys(findTestObject("Object Repository/Compare Scenarios/input_Scenario Name_scenario_name_3"), Keys.chord(DELETE)): Keys 'DELETE + ' sent to object: 'Object Repository/Compare Scenarios/input_Scenario Name_scenario_name_3'

2023-02-23 04:14:49 - [MESSAGE][PASSED] - Keys 'DELETE + ' sent to object: 'Object Repository/Compare Scenarios/input_Scenario Name_scenario_name_3'

2023-02-23 04:14:49 - [TEST_STEP][PASSED] - setText(findTestObject("Object Repository/Compare Scenarios/input_Scenario Name_scenario_name_3"), "Compare Scenario 3"): Text 'Compare Scenario 3' is set on object 'Object Repository/Compare Scenarios/input_Scenario Name_scenario_name_3'

2023-02-23 04:14:50 - [MESSAGE][PASSED] - Text 'Compare Scenario 3' is set on object 'Object Repository/Compare Scenarios/input_Scenario Name_scenario_name_3'

2023-02-23 04:14:50 - [TEST_STEP][PASSED] - setText(findTestObject("Object Repository/Compare Scenarios/input_Annual Budget_budget"), "3000"): Text '3000' is set on object 'Object Repository/Compare Scenarios/input_Annual Budget_budget'

2023-02-23 04:14:51 - [MESSAGE][PASSED] - Text '3000' is set on object 'Object Repository/Compare Scenarios/input_Annual Budget_budget'

2023-02-23 04:14:51 - [TEST_STEP][PASSED] - setText(findTestObject("Compare Scenarios/input_Annual Budget_budget_2"), "2000"): Text '2000' is set on object 'Object Repository/Compare Scenarios/input_Annual Budget_budget_2'

2023-02-23 04:14:52 - [MESSAGE][PASSED] - Text '2000' is set on object 'Object Repository/Compare Scenarios/input_Annual Budget_budget_2'

2023-02-23 04:14:52 - [TEST_STEP][PASSED] - setText(findTestObject("Compare Scenarios/input_Annual Budget_budget_3"), "1000"): Text '1000' is set on object 'Object Repository/Compare Scenarios/input_Annual Budget_budget_3'

2023-02-23 04:14:53 - [MESSAGE][PASSED] - Text '1000' is set on object 'Object Repository/Compare Scenarios/input_Annual Budget_budget_3'

2023-02-23 04:14:53 - [TEST_STEP][PASSED] - sendKeys(findTestObject("Object Repository/Compare Scenarios/Input_Inflation"), Keys.chord(COMMAND, "a")): Keys 'COMMAND + a' sent to object: 'Object Repository/Compare Scenarios/Input_Inflation'

2023-02-23 04:14:53 - [MESSAGE][PASSED] - Keys 'COMMAND + a' sent to object: 'Object Repository/Compare Scenarios/Input_Inflation'

2023-02-23 04:14:53 - [TEST_STEP][PASSED] - sendKeys(findTestObject("Object Repository/Compare Scenarios/Input_Inflation"), Keys.chord(DELETE)): Keys 'DELETE + ' sent to object: 'Object Repository/Compare Scenarios/Input_Inflation'

2023-02-23 04:14:53 - [MESSAGE][PASSED] - Keys 'DELETE + ' sent to object: 'Object Repository/Compare Scenarios/Input_Inflation'

2023-02-23 04:14:53 - [TEST_STEP][PASSED] - setText(findTestObject("Object Repository/Compare Scenarios/Input_Inflation"), "5"): Text '5' is set on object 'Object Repository/Compare Scenarios/Input_Inflation'

2023-02-23 04:14:54 - [MESSAGE][PASSED] - Text '5' is set on object 'Object Repository/Compare Scenarios/Input_Inflation'

2023-02-23 04:14:54 - [TEST_STEP][PASSED] - sendKeys(findTestObject("Object Repository/Compare Scenarios/Input_Inflation_2"), Keys.chord(COMMAND, "a")): Keys 'COMMAND + a' sent to object: 'Object Repository/Compare Scenarios/Input_Inflation_2'

2023-02-23 04:14:55 - [MESSAGE][PASSED] - Keys 'COMMAND + a' sent to object: 'Object Repository/Compare Scenarios/Input_Inflation_2'

2023-02-23 04:14:55 - [TEST_STEP][PASSED] - sendKeys(findTestObject("Object Repository/Compare Scenarios/Input_Inflation_2"), Keys.chord(DELETE)): Keys 'DELETE + ' sent to object: 'Object Repository/Compare Scenarios/Input_Inflation_2'

2023-02-23 04:14:55 - [MESSAGE][PASSED] - Keys 'DELETE + ' sent to object: 'Object Repository/Compare Scenarios/Input_Inflation_2'

2023-02-23 04:14:55 - [TEST_STEP][PASSED] - setText(findTestObject("Object Repository/Compare Scenarios/Input_Inflation_2"), "7"): Text '7' is set on object 'Object Repository/Compare Scenarios/Input_Inflation_2'

2023-02-23 04:14:56 - [MESSAGE][PASSED] - Text '7' is set on object 'Object Repository/Compare Scenarios/Input_Inflation_2'

2023-02-23 04:14:56 - [TEST_STEP][PASSED] - sendKeys(findTestObject("Object Repository/Compare Scenarios/Input_Inflation_3"), Keys.chord(COMMAND, "a")): Keys 'COMMAND + a' sent to object: 'Object Repository/Compare Scenarios/Input_Inflation_3'

2023-02-23 04:14:56 - [MESSAGE][PASSED] - Keys 'COMMAND + a' sent to object: 'Object Repository/Compare Scenarios/Input_Inflation_3'

2023-02-23 04:14:56 - [TEST_STEP][PASSED] - sendKeys(findTestObject("Object Repository/Compare Scenarios/Input_Inflation_3"), Keys.chord(DELETE)): Keys 'DELETE + ' sent to object: 'Object Repository/Compare Scenarios/Input_Inflation_3'

2023-02-23 04:14:57 - [MESSAGE][PASSED] - Keys 'DELETE + ' sent to object: 'Object Repository/Compare Scenarios/Input_Inflation_3'

2023-02-23 04:14:57 - [TEST_STEP][PASSED] - setText(findTestObject("Object Repository/Compare Scenarios/Input_Inflation_3"), "0"): Text '0' is set on object 'Object Repository/Compare Scenarios/Input_Inflation_3'

2023-02-23 04:14:58 - [MESSAGE][PASSED] - Text '0' is set on object 'Object Repository/Compare Scenarios/Input_Inflation_3'

2023-02-23 04:14:58 - [TEST_STEP][PASSED] - click(findTestObject("Object Repository/Compare Scenarios/div_Select layerPavement MaintenanceFilter _a98a8c")): Object: 'Object Repository/Compare Scenarios/div_Select layerPavement MaintenanceFilter _a98a8c' is clicked on

2023-02-23 04:14:58 - [MESSAGE][PASSED] - Object: 'Object Repository/Compare Scenarios/div_Select layerPavement MaintenanceFilter _a98a8c' is clicked on

2023-02-23 04:14:58 - [TEST_STEP][PASSED] - click(findTestObject("Object Repository/Compare Scenarios/Apply_button")): Object: 'Object Repository/Compare Scenarios/Apply_button' is clicked on

2023-02-23 04:14:59 - [MESSAGE][PASSED] - Object: 'Object Repository/Compare Scenarios/Apply_button' is clicked on

2023-02-23 04:14:59 - [TEST_STEP][PASSED] - delay(120): Delayed 120 second(s)

2023-02-23 04:16:59 - [MESSAGE][PASSED] - Delayed 120 second(s)

2023-02-23 04:16:59 - [TEST_STEP][PASSED] - click(findTestObject("Object Repository/Compare Scenarios/span_Compare")): Object: 'Object Repository/Compare Scenarios/span_Compare' is clicked on

2023-02-23 04:16:59 - [MESSAGE][PASSED] - Object: 'Object Repository/Compare Scenarios/span_Compare' is clicked on

2023-02-23 04:16:59 - [TEST_STEP][PASSED] - click(findTestObject("Compare Scenarios/div_Compare Scenario 1")): Object: 'Object Repository/Compare Scenarios/div_Compare Scenario 1' is clicked on

2023-02-23 04:17:02 - [MESSAGE][PASSED] - Object: 'Object Repository/Compare Scenarios/div_Compare Scenario 1' is clicked on

2023-02-23 04:17:02 - [TEST_STEP][PASSED] - click(findTestObject("Compare Scenarios/div_Compare Scenario 2")): Object: 'Object Repository/Compare Scenarios/div_Compare Scenario 2' is clicked on

2023-02-23 04:17:02 - [MESSAGE][PASSED] - Object: 'Object Repository/Compare Scenarios/div_Compare Scenario 2' is clicked on

2023-02-23 04:17:02 - [TEST_STEP][PASSED] - click(findTestObject("Compare Scenarios/div_Compare Scenario 3")): Object: 'Object Repository/Compare Scenarios/div_Compare Scenario 3' is clicked on

2023-02-23 04:17:03 - [MESSAGE][PASSED] - Object: 'Object Repository/Compare Scenarios/div_Compare Scenario 3' is clicked on

2023-02-23 04:17:03 - [TEST_STEP][PASSED] - click(findTestObject("Compare Scenarios/span_Compare_loadscreen")): Object: 'Object Repository/Compare Scenarios/span_Compare_loadscreen' is clicked on

2023-02-23 04:17:03 - [MESSAGE][PASSED] - Object: 'Object Repository/Compare Scenarios/span_Compare_loadscreen' is clicked on

2023-02-23 04:17:03 - [TEST_STEP][PASSED] - takeFullPageScreenshot(): Taking screenshot successfully

2023-02-23 04:17:04 - [MESSAGE][INFO] - 0 hidden object(s)

2023-02-23 04:17:05 - [MESSAGE][PASSED] - Taking screenshot successfully
[[ATTACHMENT|/Users/kashif/Downloads/Kashif/Katalon Studio/4.0_fresh/4.0 Fresh/Reports/20230223_034907/GIS/20230223_034908/1677107823969.png]]

2023-02-23 04:17:05 - [TEST_STEP][PASSED] - click(findTestObject("Object Repository/Compare Scenarios/button")): Object: 'Object Repository/Compare Scenarios/button' is clicked on

2023-02-23 04:17:07 - [MESSAGE][PASSED] - Object: 'Object Repository/Compare Scenarios/button' is clicked on

2023-02-23 04:17:07 - [TEST_STEP][PASSED] - click(findTestObject("Object Repository/Compare Scenarios/div_Save as JPEG")): Object: 'Object Repository/Compare Scenarios/div_Save as JPEG' is clicked on

2023-02-23 04:17:07 - [MESSAGE][PASSED] - Object: 'Object Repository/Compare Scenarios/div_Save as JPEG' is clicked on

2023-02-23 04:17:07 - [TEST_STEP][PASSED] - click(findTestObject("Compare Scenarios/span_Close")): Object: 'Object Repository/Compare Scenarios/span_Close' is clicked on

2023-02-23 04:17:08 - [MESSAGE][PASSED] - Object: 'Object Repository/Compare Scenarios/span_Close' is clicked on

2023-02-23 04:17:08 - [TEST_STEP][PASSED] - click(findTestObject("Object Repository/Compare Scenarios/span_Compare")): Object: 'Object Repository/Compare Scenarios/span_Compare' is clicked on

2023-02-23 04:17:08 - [MESSAGE][PASSED] - Object: 'Object Repository/Compare Scenarios/span_Compare' is clicked on

2023-02-23 04:17:08 - [TEST_STEP][PASSED] - click(findTestObject("Compare Scenarios/Delete_Scenario_1")): Object: 'Object Repository/Compare Scenarios/Delete_Scenario_1' is clicked on

2023-02-23 04:17:10 - [MESSAGE][PASSED] - Object: 'Object Repository/Compare Scenarios/Delete_Scenario_1' is clicked on

2023-02-23 04:17:10 - [TEST_STEP][PASSED] - click(findTestObject("Compare Scenarios/span_Yes")): Object: 'Object Repository/Compare Scenarios/span_Yes' is clicked on

2023-02-23 04:17:11 - [MESSAGE][PASSED] - Object: 'Object Repository/Compare Scenarios/span_Yes' is clicked on

2023-02-23 04:17:11 - [TEST_STEP][PASSED] - delay(3): Delayed 3 second(s)

2023-02-23 04:17:14 - [MESSAGE][PASSED] - Delayed 3 second(s)

2023-02-23 04:17:14 - [TEST_STEP][PASSED] - click(findTestObject("Compare Scenarios/Delete_Scenario_1")): Object: 'Object Repository/Compare Scenarios/Delete_Scenario_1' is clicked on

2023-02-23 04:17:14 - [MESSAGE][PASSED] - Object: 'Object Repository/Compare Scenarios/Delete_Scenario_1' is clicked on

2023-02-23 04:17:14 - [TEST_STEP][PASSED] - click(findTestObject("Compare Scenarios/span_Yes")): Object: 'Object Repository/Compare Scenarios/span_Yes' is clicked on

2023-02-23 04:17:15 - [MESSAGE][PASSED] - Object: 'Object Repository/Compare Scenarios/span_Yes' is clicked on

2023-02-23 04:17:15 - [TEST_STEP][PASSED] - delay(3): Delayed 3 second(s)

2023-02-23 04:17:18 - [MESSAGE][PASSED] - Delayed 3 second(s)

2023-02-23 04:17:18 - [TEST_STEP][PASSED] - click(findTestObject("Compare Scenarios/Delete_Scenario_1")): Object: 'Object Repository/Compare Scenarios/Delete_Scenario_1' is clicked on

2023-02-23 04:17:18 - [MESSAGE][PASSED] - Object: 'Object Repository/Compare Scenarios/Delete_Scenario_1' is clicked on

2023-02-23 04:17:18 - [TEST_STEP][PASSED] - click(findTestObject("Compare Scenarios/span_Yes")): Object: 'Object Repository/Compare Scenarios/span_Yes' is clicked on

2023-02-23 04:17:19 - [MESSAGE][PASSED] - Object: 'Object Repository/Compare Scenarios/span_Yes' is clicked on

2023-02-23 04:17:19 - [TEST_STEP][PASSED] - database_keywords.test.Database_Keywords.deletebudgets(): database_keywords.test.Database_Keywords.deletebudgets is PASSED

2023-02-23 04:17:23 - [MESSAGE][PASSED] - database_keywords.test.Database_Keywords.deletebudgets is PASSED

2023-02-23 04:17:23 - [TEST_STEP][PASSED] - closeBrowser(): Browser is closed

2023-02-23 04:17:23 - [MESSAGE][PASSED] - Browser is closed

2023-02-23 04:17:23 - [TEST_STEP][PASSED] - Video: Video recording for test case 'Test Cases/GiS/Compare Scenarios/CS_Three_Budgets_Sidewalk' .

2023-02-23 04:17:23 - [MESSAGE][INFO] - Video recording for test case 'Test Cases/GiS/Compare Scenarios/CS_Three_Budgets_Sidewalk' .]]></system-out>
         <system-err><![CDATA[]]></system-err>
      </testcase>
      <testcase name="Test Cases/GiS/Compare Scenarios/CS_Single_Budget" time="109.043" classname="Test Cases/GiS/Compare Scenarios/CS_Single_Budget" status="PASSED">
         <system-out><![CDATA[2023-02-23 04:17:23 - [TEST_CASE][PASSED] - Test Cases/GiS/Compare Scenarios/CS_Single_Budget: Test Cases/GiS/Compare Scenarios/CS_Single_Budget

2023-02-23 04:17:23 - [TEST_STEP][PASSED] - gis_url.test.URL.redirectURL(): gis_url.test.URL.redirectURL is PASSED

2023-02-23 04:17:23 - [MESSAGE][INFO] - Starting 'Chrome' driver

2023-02-23 04:17:23 - [MESSAGE][INFO] - Action delay is set to 0 milliseconds

2023-02-23 04:17:30 - [MESSAGE][PASSED] - Browser is opened with url: 'https://streetlogix-gis-slx4-develop.vercel.app/?config=64077fc938af4bcc9a46a81d8f4e5576&token=eyJhbGciOiJIUzI1NiIsInR5cCI6IkpXVCJ9.eyJpZCI6OTc2LCJuYW1lIjoiU29oYWliIE5laGFsIiwiZXhwIjoxNjc5NTk1OTE0LCJpYXQiOjE2NzcwMDM5MTR9.2xH46-6Ez-I1oUKcoFhQjnTNUOtwKNfZcleU9MbUdCY'

2023-02-23 04:17:30 - [MESSAGE][PASSED] - gis_url.test.URL.redirectURL is PASSED

2023-02-23 04:17:30 - [TEST_STEP][PASSED] - delay(15): Delayed 15 second(s)

2023-02-23 04:17:45 - [MESSAGE][PASSED] - Delayed 15 second(s)

2023-02-23 04:17:45 - [TEST_STEP][PASSED] - click(findTestObject("Object Repository/Compare Scenarios/Menubar-icon")): Object: 'Object Repository/Compare Scenarios/Menubar-icon' is clicked on

2023-02-23 04:17:46 - [MESSAGE][PASSED] - Object: 'Object Repository/Compare Scenarios/Menubar-icon' is clicked on

2023-02-23 04:17:46 - [TEST_STEP][PASSED] - click(findTestObject("Object Repository/Compare Scenarios/img_Compare_Scenario_rail-icon")): Object: 'Object Repository/Compare Scenarios/img_Compare_Scenario_rail-icon' is clicked on

2023-02-23 04:17:46 - [MESSAGE][PASSED] - Object: 'Object Repository/Compare Scenarios/img_Compare_Scenario_rail-icon' is clicked on

2023-02-23 04:17:46 - [TEST_STEP][PASSED] - sendKeys(findTestObject("Compare Scenarios/input_Program duration_duration"), Keys.chord(COMMAND, "a")): Keys 'COMMAND + a' sent to object: 'Object Repository/Compare Scenarios/input_Program duration_duration'

2023-02-23 04:17:48 - [MESSAGE][PASSED] - Keys 'COMMAND + a' sent to object: 'Object Repository/Compare Scenarios/input_Program duration_duration'

2023-02-23 04:17:48 - [TEST_STEP][PASSED] - sendKeys(findTestObject("Compare Scenarios/input_Program duration_duration"), Keys.chord(DELETE)): Keys 'DELETE + ' sent to object: 'Object Repository/Compare Scenarios/input_Program duration_duration'

2023-02-23 04:17:48 - [MESSAGE][PASSED] - Keys 'DELETE + ' sent to object: 'Object Repository/Compare Scenarios/input_Program duration_duration'

2023-02-23 04:17:49 - [TEST_STEP][PASSED] - setText(findTestObject("Compare Scenarios/input_Program duration_duration"), "3"): Text '3' is set on object 'Object Repository/Compare Scenarios/input_Program duration_duration'

2023-02-23 04:17:50 - [MESSAGE][PASSED] - Text '3' is set on object 'Object Repository/Compare Scenarios/input_Program duration_duration'

2023-02-23 04:17:50 - [TEST_STEP][PASSED] - sendKeys(findTestObject("Object Repository/Compare Scenarios/input_Scenario Name_scenario_name"), Keys.chord(COMMAND, "a")): Keys 'COMMAND + a' sent to object: 'Object Repository/Compare Scenarios/input_Scenario Name_scenario_name'

2023-02-23 04:17:50 - [MESSAGE][PASSED] - Keys 'COMMAND + a' sent to object: 'Object Repository/Compare Scenarios/input_Scenario Name_scenario_name'

2023-02-23 04:17:50 - [TEST_STEP][PASSED] - sendKeys(findTestObject("Object Repository/Compare Scenarios/input_Scenario Name_scenario_name"), Keys.chord(DELETE)): Keys 'DELETE + ' sent to object: 'Object Repository/Compare Scenarios/input_Scenario Name_scenario_name'

2023-02-23 04:17:51 - [MESSAGE][PASSED] - Keys 'DELETE + ' sent to object: 'Object Repository/Compare Scenarios/input_Scenario Name_scenario_name'

2023-02-23 04:17:51 - [TEST_STEP][PASSED] - setText(findTestObject("Object Repository/Compare Scenarios/input_Scenario Name_scenario_name"), "Compare Scenario 1"): Text 'Compare Scenario 1' is set on object 'Object Repository/Compare Scenarios/input_Scenario Name_scenario_name'

2023-02-23 04:17:52 - [MESSAGE][PASSED] - Text 'Compare Scenario 1' is set on object 'Object Repository/Compare Scenarios/input_Scenario Name_scenario_name'

2023-02-23 04:17:52 - [TEST_STEP][PASSED] - setText(findTestObject("Object Repository/Compare Scenarios/input_Annual Budget_budget"), "30,000"): Text '30,000' is set on object 'Object Repository/Compare Scenarios/input_Annual Budget_budget'

2023-02-23 04:17:53 - [MESSAGE][PASSED] - Text '30,000' is set on object 'Object Repository/Compare Scenarios/input_Annual Budget_budget'

2023-02-23 04:17:53 - [TEST_STEP][PASSED] - sendKeys(findTestObject("Object Repository/Compare Scenarios/Input_Inflation"), Keys.chord(COMMAND, "a")): Keys 'COMMAND + a' sent to object: 'Object Repository/Compare Scenarios/Input_Inflation'

2023-02-23 04:17:53 - [MESSAGE][PASSED] - Keys 'COMMAND + a' sent to object: 'Object Repository/Compare Scenarios/Input_Inflation'

2023-02-23 04:17:53 - [TEST_STEP][PASSED] - sendKeys(findTestObject("Object Repository/Compare Scenarios/Input_Inflation"), Keys.chord(DELETE)): Keys 'DELETE + ' sent to object: 'Object Repository/Compare Scenarios/Input_Inflation'

2023-02-23 04:17:53 - [MESSAGE][PASSED] - Keys 'DELETE + ' sent to object: 'Object Repository/Compare Scenarios/Input_Inflation'

2023-02-23 04:17:53 - [TEST_STEP][PASSED] - setText(findTestObject("Object Repository/Compare Scenarios/Input_Inflation"), "5"): Text '5' is set on object 'Object Repository/Compare Scenarios/Input_Inflation'

2023-02-23 04:17:54 - [MESSAGE][PASSED] - Text '5' is set on object 'Object Repository/Compare Scenarios/Input_Inflation'

2023-02-23 04:17:54 - [TEST_STEP][PASSED] - click(findTestObject("Object Repository/Compare Scenarios/div_Select layerPavement MaintenanceFilter _a98a8c")): Object: 'Object Repository/Compare Scenarios/div_Select layerPavement MaintenanceFilter _a98a8c' is clicked on

2023-02-23 04:17:55 - [MESSAGE][PASSED] - Object: 'Object Repository/Compare Scenarios/div_Select layerPavement MaintenanceFilter _a98a8c' is clicked on

2023-02-23 04:17:55 - [TEST_STEP][PASSED] - click(findTestObject("Object Repository/Compare Scenarios/Apply_button")): Object: 'Object Repository/Compare Scenarios/Apply_button' is clicked on

2023-02-23 04:17:55 - [MESSAGE][PASSED] - Object: 'Object Repository/Compare Scenarios/Apply_button' is clicked on

2023-02-23 04:17:55 - [TEST_STEP][PASSED] - sendKeys(findTestObject("Compare Scenarios/input_Program duration_duration"), Keys.chord(COMMAND, "a")): Keys 'COMMAND + a' sent to object: 'Object Repository/Compare Scenarios/input_Program duration_duration'

2023-02-23 04:17:57 - [MESSAGE][PASSED] - Keys 'COMMAND + a' sent to object: 'Object Repository/Compare Scenarios/input_Program duration_duration'

2023-02-23 04:17:57 - [TEST_STEP][PASSED] - sendKeys(findTestObject("Compare Scenarios/input_Program duration_duration"), Keys.chord(DELETE)): Keys 'DELETE + ' sent to object: 'Object Repository/Compare Scenarios/input_Program duration_duration'

2023-02-23 04:17:57 - [MESSAGE][PASSED] - Keys 'DELETE + ' sent to object: 'Object Repository/Compare Scenarios/input_Program duration_duration'

2023-02-23 04:17:57 - [TEST_STEP][PASSED] - setText(findTestObject("Compare Scenarios/input_Program duration_duration"), "3"): Text '3' is set on object 'Object Repository/Compare Scenarios/input_Program duration_duration'

2023-02-23 04:17:58 - [MESSAGE][PASSED] - Text '3' is set on object 'Object Repository/Compare Scenarios/input_Program duration_duration'

2023-02-23 04:17:58 - [TEST_STEP][PASSED] - sendKeys(findTestObject("Object Repository/Compare Scenarios/input_Scenario Name_scenario_name"), Keys.chord(COMMAND, "a")): Keys 'COMMAND + a' sent to object: 'Object Repository/Compare Scenarios/input_Scenario Name_scenario_name'

2023-02-23 04:17:58 - [MESSAGE][PASSED] - Keys 'COMMAND + a' sent to object: 'Object Repository/Compare Scenarios/input_Scenario Name_scenario_name'

2023-02-23 04:17:58 - [TEST_STEP][PASSED] - sendKeys(findTestObject("Object Repository/Compare Scenarios/input_Scenario Name_scenario_name"), Keys.chord(DELETE)): Keys 'DELETE + ' sent to object: 'Object Repository/Compare Scenarios/input_Scenario Name_scenario_name'

2023-02-23 04:17:59 - [MESSAGE][PASSED] - Keys 'DELETE + ' sent to object: 'Object Repository/Compare Scenarios/input_Scenario Name_scenario_name'

2023-02-23 04:17:59 - [TEST_STEP][PASSED] - setText(findTestObject("Object Repository/Compare Scenarios/input_Scenario Name_scenario_name"), "Compare Scenario 2"): Text 'Compare Scenario 2' is set on object 'Object Repository/Compare Scenarios/input_Scenario Name_scenario_name'

2023-02-23 04:18:00 - [MESSAGE][PASSED] - Text 'Compare Scenario 2' is set on object 'Object Repository/Compare Scenarios/input_Scenario Name_scenario_name'

2023-02-23 04:18:00 - [TEST_STEP][PASSED] - setText(findTestObject("Object Repository/Compare Scenarios/input_Annual Budget_budget"), "10,000"): Text '10,000' is set on object 'Object Repository/Compare Scenarios/input_Annual Budget_budget'

2023-02-23 04:18:01 - [MESSAGE][PASSED] - Text '10,000' is set on object 'Object Repository/Compare Scenarios/input_Annual Budget_budget'

2023-02-23 04:18:01 - [TEST_STEP][PASSED] - sendKeys(findTestObject("Object Repository/Compare Scenarios/Input_Inflation"), Keys.chord(COMMAND, "a")): Keys 'COMMAND + a' sent to object: 'Object Repository/Compare Scenarios/Input_Inflation'

2023-02-23 04:18:02 - [MESSAGE][PASSED] - Keys 'COMMAND + a' sent to object: 'Object Repository/Compare Scenarios/Input_Inflation'

2023-02-23 04:18:02 - [TEST_STEP][PASSED] - sendKeys(findTestObject("Object Repository/Compare Scenarios/Input_Inflation"), Keys.chord(DELETE)): Keys 'DELETE + ' sent to object: 'Object Repository/Compare Scenarios/Input_Inflation'

2023-02-23 04:18:02 - [MESSAGE][PASSED] - Keys 'DELETE + ' sent to object: 'Object Repository/Compare Scenarios/Input_Inflation'

2023-02-23 04:18:02 - [TEST_STEP][PASSED] - setText(findTestObject("Object Repository/Compare Scenarios/Input_Inflation"), "7"): Text '7' is set on object 'Object Repository/Compare Scenarios/Input_Inflation'

2023-02-23 04:18:03 - [MESSAGE][PASSED] - Text '7' is set on object 'Object Repository/Compare Scenarios/Input_Inflation'

2023-02-23 04:18:03 - [TEST_STEP][PASSED] - click(findTestObject("Object Repository/Compare Scenarios/div_Select layerPavement MaintenanceFilter _a98a8c")): Object: 'Object Repository/Compare Scenarios/div_Select layerPavement MaintenanceFilter _a98a8c' is clicked on

2023-02-23 04:18:04 - [MESSAGE][PASSED] - Object: 'Object Repository/Compare Scenarios/div_Select layerPavement MaintenanceFilter _a98a8c' is clicked on

2023-02-23 04:18:04 - [TEST_STEP][PASSED] - click(findTestObject("Object Repository/Compare Scenarios/Apply_button")): Object: 'Object Repository/Compare Scenarios/Apply_button' is clicked on

2023-02-23 04:18:04 - [MESSAGE][PASSED] - Object: 'Object Repository/Compare Scenarios/Apply_button' is clicked on

2023-02-23 04:18:04 - [TEST_STEP][PASSED] - delay(50): Delayed 50 second(s)

2023-02-23 04:18:54 - [MESSAGE][PASSED] - Delayed 50 second(s)

2023-02-23 04:18:54 - [TEST_STEP][PASSED] - click(findTestObject("Object Repository/Compare Scenarios/span_Compare")): Object: 'Object Repository/Compare Scenarios/span_Compare' is clicked on

2023-02-23 04:18:54 - [MESSAGE][PASSED] - Object: 'Object Repository/Compare Scenarios/span_Compare' is clicked on

2023-02-23 04:18:54 - [TEST_STEP][PASSED] - click(findTestObject("Compare Scenarios/div_Compare Scenario 1")): Object: 'Object Repository/Compare Scenarios/div_Compare Scenario 1' is clicked on

2023-02-23 04:18:56 - [MESSAGE][PASSED] - Object: 'Object Repository/Compare Scenarios/div_Compare Scenario 1' is clicked on

2023-02-23 04:18:56 - [TEST_STEP][PASSED] - click(findTestObject("Compare Scenarios/div_Compare Scenario 2")): Object: 'Object Repository/Compare Scenarios/div_Compare Scenario 2' is clicked on

2023-02-23 04:18:57 - [MESSAGE][PASSED] - Object: 'Object Repository/Compare Scenarios/div_Compare Scenario 2' is clicked on

2023-02-23 04:18:57 - [TEST_STEP][PASSED] - click(findTestObject("Compare Scenarios/span_Compare_loadscreen")): Object: 'Object Repository/Compare Scenarios/span_Compare_loadscreen' is clicked on

2023-02-23 04:18:58 - [MESSAGE][PASSED] - Object: 'Object Repository/Compare Scenarios/span_Compare_loadscreen' is clicked on

2023-02-23 04:18:58 - [TEST_STEP][PASSED] - takeFullPageScreenshot(): Taking screenshot successfully

2023-02-23 04:18:59 - [MESSAGE][INFO] - 0 hidden object(s)

2023-02-23 04:18:59 - [MESSAGE][PASSED] - Taking screenshot successfully
[[ATTACHMENT|/Users/kashif/Downloads/Kashif/Katalon Studio/4.0_fresh/4.0 Fresh/Reports/20230223_034907/GIS/20230223_034908/1677107938051.png]]

2023-02-23 04:18:59 - [TEST_STEP][PASSED] - click(findTestObject("Object Repository/Compare Scenarios/button")): Object: 'Object Repository/Compare Scenarios/button' is clicked on

2023-02-23 04:19:00 - [MESSAGE][PASSED] - Object: 'Object Repository/Compare Scenarios/button' is clicked on

2023-02-23 04:19:00 - [TEST_STEP][PASSED] - click(findTestObject("Object Repository/Compare Scenarios/div_Save as JPEG")): Object: 'Object Repository/Compare Scenarios/div_Save as JPEG' is clicked on

2023-02-23 04:19:00 - [MESSAGE][PASSED] - Object: 'Object Repository/Compare Scenarios/div_Save as JPEG' is clicked on

2023-02-23 04:19:00 - [TEST_STEP][PASSED] - click(findTestObject("Compare Scenarios/span_Close")): Object: 'Object Repository/Compare Scenarios/span_Close' is clicked on

2023-02-23 04:19:01 - [MESSAGE][PASSED] - Object: 'Object Repository/Compare Scenarios/span_Close' is clicked on

2023-02-23 04:19:01 - [TEST_STEP][PASSED] - click(findTestObject("Object Repository/Compare Scenarios/span_Compare")): Object: 'Object Repository/Compare Scenarios/span_Compare' is clicked on

2023-02-23 04:19:01 - [MESSAGE][PASSED] - Object: 'Object Repository/Compare Scenarios/span_Compare' is clicked on

2023-02-23 04:19:01 - [TEST_STEP][PASSED] - click(findTestObject("Compare Scenarios/Delete_Scenario_1")): Object: 'Object Repository/Compare Scenarios/Delete_Scenario_1' is clicked on

2023-02-23 04:19:03 - [MESSAGE][PASSED] - Object: 'Object Repository/Compare Scenarios/Delete_Scenario_1' is clicked on

2023-02-23 04:19:03 - [TEST_STEP][PASSED] - click(findTestObject("Compare Scenarios/span_Yes")): Object: 'Object Repository/Compare Scenarios/span_Yes' is clicked on

2023-02-23 04:19:04 - [MESSAGE][PASSED] - Object: 'Object Repository/Compare Scenarios/span_Yes' is clicked on

2023-02-23 04:19:04 - [TEST_STEP][PASSED] - delay(3): Delayed 3 second(s)

2023-02-23 04:19:07 - [MESSAGE][PASSED] - Delayed 3 second(s)

2023-02-23 04:19:07 - [TEST_STEP][PASSED] - database_keywords.test.Database_Keywords.deletebudgets(): database_keywords.test.Database_Keywords.deletebudgets is PASSED

2023-02-23 04:19:12 - [MESSAGE][PASSED] - database_keywords.test.Database_Keywords.deletebudgets is PASSED

2023-02-23 04:19:12 - [TEST_STEP][PASSED] - closeBrowser(): Browser is closed

2023-02-23 04:19:12 - [MESSAGE][PASSED] - Browser is closed

2023-02-23 04:19:12 - [TEST_STEP][PASSED] - Video: Video recording for test case 'Test Cases/GiS/Compare Scenarios/CS_Single_Budget' .

2023-02-23 04:19:12 - [MESSAGE][INFO] - Video recording for test case 'Test Cases/GiS/Compare Scenarios/CS_Single_Budget' .]]></system-out>
         <system-err><![CDATA[]]></system-err>
      </testcase>
      <testcase name="Test Cases/GiS/Compare Scenarios/CS_Three_Budgets" time="110.638" classname="Test Cases/GiS/Compare Scenarios/CS_Three_Budgets" status="PASSED">
         <system-out><![CDATA[2023-02-23 04:19:12 - [TEST_CASE][PASSED] - Test Cases/GiS/Compare Scenarios/CS_Three_Budgets: Test Cases/GiS/Compare Scenarios/CS_Three_Budgets

2023-02-23 04:19:12 - [TEST_STEP][PASSED] - gis_url.test.URL.redirectURL(): gis_url.test.URL.redirectURL is PASSED

2023-02-23 04:19:12 - [MESSAGE][INFO] - Starting 'Chrome' driver

2023-02-23 04:19:12 - [MESSAGE][INFO] - Action delay is set to 0 milliseconds

2023-02-23 04:19:16 - [MESSAGE][PASSED] - Browser is opened with url: 'https://streetlogix-gis-slx4-develop.vercel.app/?config=64077fc938af4bcc9a46a81d8f4e5576&token=eyJhbGciOiJIUzI1NiIsInR5cCI6IkpXVCJ9.eyJpZCI6OTc2LCJuYW1lIjoiU29oYWliIE5laGFsIiwiZXhwIjoxNjc5NTk1OTE0LCJpYXQiOjE2NzcwMDM5MTR9.2xH46-6Ez-I1oUKcoFhQjnTNUOtwKNfZcleU9MbUdCY'

2023-02-23 04:19:16 - [MESSAGE][PASSED] - gis_url.test.URL.redirectURL is PASSED

2023-02-23 04:19:16 - [TEST_STEP][PASSED] - delay(15): Delayed 15 second(s)

2023-02-23 04:19:31 - [MESSAGE][PASSED] - Delayed 15 second(s)

2023-02-23 04:19:31 - [TEST_STEP][PASSED] - click(findTestObject("Object Repository/Compare Scenarios/Menubar-icon")): Object: 'Object Repository/Compare Scenarios/Menubar-icon' is clicked on

2023-02-23 04:19:31 - [MESSAGE][PASSED] - Object: 'Object Repository/Compare Scenarios/Menubar-icon' is clicked on

2023-02-23 04:19:31 - [TEST_STEP][PASSED] - click(findTestObject("Object Repository/Compare Scenarios/img_Compare_Scenario_rail-icon")): Object: 'Object Repository/Compare Scenarios/img_Compare_Scenario_rail-icon' is clicked on

2023-02-23 04:19:32 - [MESSAGE][PASSED] - Object: 'Object Repository/Compare Scenarios/img_Compare_Scenario_rail-icon' is clicked on

2023-02-23 04:19:32 - [TEST_STEP][PASSED] - sendKeys(findTestObject("Compare Scenarios/input_Program duration_duration"), Keys.chord(COMMAND, "a")): Keys 'COMMAND + a' sent to object: 'Object Repository/Compare Scenarios/input_Program duration_duration'

2023-02-23 04:19:33 - [MESSAGE][PASSED] - Keys 'COMMAND + a' sent to object: 'Object Repository/Compare Scenarios/input_Program duration_duration'

2023-02-23 04:19:33 - [TEST_STEP][PASSED] - sendKeys(findTestObject("Compare Scenarios/input_Program duration_duration"), Keys.chord(DELETE)): Keys 'DELETE + ' sent to object: 'Object Repository/Compare Scenarios/input_Program duration_duration'

2023-02-23 04:19:34 - [MESSAGE][PASSED] - Keys 'DELETE + ' sent to object: 'Object Repository/Compare Scenarios/input_Program duration_duration'

2023-02-23 04:19:34 - [TEST_STEP][PASSED] - setText(findTestObject("Compare Scenarios/input_Program duration_duration"), "3"): Text '3' is set on object 'Object Repository/Compare Scenarios/input_Program duration_duration'

2023-02-23 04:19:35 - [MESSAGE][PASSED] - Text '3' is set on object 'Object Repository/Compare Scenarios/input_Program duration_duration'

2023-02-23 04:19:35 - [TEST_STEP][PASSED] - sendKeys(findTestObject("Object Repository/Compare Scenarios/input_Scenario Name_scenario_name"), Keys.chord(COMMAND, "a")): Keys 'COMMAND + a' sent to object: 'Object Repository/Compare Scenarios/input_Scenario Name_scenario_name'

2023-02-23 04:19:35 - [MESSAGE][PASSED] - Keys 'COMMAND + a' sent to object: 'Object Repository/Compare Scenarios/input_Scenario Name_scenario_name'

2023-02-23 04:19:35 - [TEST_STEP][PASSED] - sendKeys(findTestObject("Object Repository/Compare Scenarios/input_Scenario Name_scenario_name"), Keys.chord(DELETE)): Keys 'DELETE + ' sent to object: 'Object Repository/Compare Scenarios/input_Scenario Name_scenario_name'

2023-02-23 04:19:36 - [MESSAGE][PASSED] - Keys 'DELETE + ' sent to object: 'Object Repository/Compare Scenarios/input_Scenario Name_scenario_name'

2023-02-23 04:19:36 - [TEST_STEP][PASSED] - setText(findTestObject("Object Repository/Compare Scenarios/input_Scenario Name_scenario_name"), "Compare Scenario 1"): Text 'Compare Scenario 1' is set on object 'Object Repository/Compare Scenarios/input_Scenario Name_scenario_name'

2023-02-23 04:19:36 - [MESSAGE][PASSED] - Text 'Compare Scenario 1' is set on object 'Object Repository/Compare Scenarios/input_Scenario Name_scenario_name'

2023-02-23 04:19:36 - [TEST_STEP][PASSED] - click(findTestObject("Object Repository/Compare Scenarios/span_Add Scenario")): Object: 'Object Repository/Compare Scenarios/span_Add Scenario' is clicked on

2023-02-23 04:19:37 - [MESSAGE][PASSED] - Object: 'Object Repository/Compare Scenarios/span_Add Scenario' is clicked on

2023-02-23 04:19:37 - [TEST_STEP][PASSED] - click(findTestObject("Object Repository/Compare Scenarios/span_Add Scenario")): Object: 'Object Repository/Compare Scenarios/span_Add Scenario' is clicked on

2023-02-23 04:19:37 - [MESSAGE][PASSED] - Object: 'Object Repository/Compare Scenarios/span_Add Scenario' is clicked on

2023-02-23 04:19:37 - [TEST_STEP][PASSED] - sendKeys(findTestObject("Object Repository/Compare Scenarios/input_Scenario Name_scenario_name_2"), Keys.chord(COMMAND, "a")): Keys 'COMMAND + a' sent to object: 'Object Repository/Compare Scenarios/input_Scenario Name_scenario_name_2'

2023-02-23 04:19:38 - [MESSAGE][PASSED] - Keys 'COMMAND + a' sent to object: 'Object Repository/Compare Scenarios/input_Scenario Name_scenario_name_2'

2023-02-23 04:19:38 - [TEST_STEP][PASSED] - sendKeys(findTestObject("Object Repository/Compare Scenarios/input_Scenario Name_scenario_name_2"), Keys.chord(DELETE)): Keys 'DELETE + ' sent to object: 'Object Repository/Compare Scenarios/input_Scenario Name_scenario_name_2'

2023-02-23 04:19:39 - [MESSAGE][PASSED] - Keys 'DELETE + ' sent to object: 'Object Repository/Compare Scenarios/input_Scenario Name_scenario_name_2'

2023-02-23 04:19:39 - [TEST_STEP][PASSED] - setText(findTestObject("Object Repository/Compare Scenarios/input_Scenario Name_scenario_name_2"), "Compare Scenario 2"): Text 'Compare Scenario 2' is set on object 'Object Repository/Compare Scenarios/input_Scenario Name_scenario_name_2'

2023-02-23 04:19:40 - [MESSAGE][PASSED] - Text 'Compare Scenario 2' is set on object 'Object Repository/Compare Scenarios/input_Scenario Name_scenario_name_2'

2023-02-23 04:19:40 - [TEST_STEP][PASSED] - sendKeys(findTestObject("Object Repository/Compare Scenarios/input_Scenario Name_scenario_name_3"), Keys.chord(COMMAND, "a")): Keys 'COMMAND + a' sent to object: 'Object Repository/Compare Scenarios/input_Scenario Name_scenario_name_3'

2023-02-23 04:19:40 - [MESSAGE][PASSED] - Keys 'COMMAND + a' sent to object: 'Object Repository/Compare Scenarios/input_Scenario Name_scenario_name_3'

2023-02-23 04:19:40 - [TEST_STEP][PASSED] - sendKeys(findTestObject("Object Repository/Compare Scenarios/input_Scenario Name_scenario_name_3"), Keys.chord(DELETE)): Keys 'DELETE + ' sent to object: 'Object Repository/Compare Scenarios/input_Scenario Name_scenario_name_3'

2023-02-23 04:19:40 - [MESSAGE][PASSED] - Keys 'DELETE + ' sent to object: 'Object Repository/Compare Scenarios/input_Scenario Name_scenario_name_3'

2023-02-23 04:19:40 - [TEST_STEP][PASSED] - setText(findTestObject("Object Repository/Compare Scenarios/input_Scenario Name_scenario_name_3"), "Compare Scenario 3"): Text 'Compare Scenario 3' is set on object 'Object Repository/Compare Scenarios/input_Scenario Name_scenario_name_3'

2023-02-23 04:19:41 - [MESSAGE][PASSED] - Text 'Compare Scenario 3' is set on object 'Object Repository/Compare Scenarios/input_Scenario Name_scenario_name_3'

2023-02-23 04:19:41 - [TEST_STEP][PASSED] - setText(findTestObject("Object Repository/Compare Scenarios/input_Annual Budget_budget"), "30,000"): Text '30,000' is set on object 'Object Repository/Compare Scenarios/input_Annual Budget_budget'

2023-02-23 04:19:42 - [MESSAGE][PASSED] - Text '30,000' is set on object 'Object Repository/Compare Scenarios/input_Annual Budget_budget'

2023-02-23 04:19:42 - [TEST_STEP][PASSED] - setText(findTestObject("Compare Scenarios/input_Annual Budget_budget_2"), "20000"): Text '20000' is set on object 'Object Repository/Compare Scenarios/input_Annual Budget_budget_2'

2023-02-23 04:19:43 - [MESSAGE][PASSED] - Text '20000' is set on object 'Object Repository/Compare Scenarios/input_Annual Budget_budget_2'

2023-02-23 04:19:43 - [TEST_STEP][PASSED] - setText(findTestObject("Compare Scenarios/input_Annual Budget_budget_3"), "10000"): Text '10000' is set on object 'Object Repository/Compare Scenarios/input_Annual Budget_budget_3'

2023-02-23 04:19:44 - [MESSAGE][PASSED] - Text '10000' is set on object 'Object Repository/Compare Scenarios/input_Annual Budget_budget_3'

2023-02-23 04:19:44 - [TEST_STEP][PASSED] - sendKeys(findTestObject("Object Repository/Compare Scenarios/Input_Inflation"), Keys.chord(COMMAND, "a")): Keys 'COMMAND + a' sent to object: 'Object Repository/Compare Scenarios/Input_Inflation'

2023-02-23 04:19:45 - [MESSAGE][PASSED] - Keys 'COMMAND + a' sent to object: 'Object Repository/Compare Scenarios/Input_Inflation'

2023-02-23 04:19:45 - [TEST_STEP][PASSED] - sendKeys(findTestObject("Object Repository/Compare Scenarios/Input_Inflation"), Keys.chord(DELETE)): Keys 'DELETE + ' sent to object: 'Object Repository/Compare Scenarios/Input_Inflation'

2023-02-23 04:19:45 - [MESSAGE][PASSED] - Keys 'DELETE + ' sent to object: 'Object Repository/Compare Scenarios/Input_Inflation'

2023-02-23 04:19:45 - [TEST_STEP][PASSED] - setText(findTestObject("Object Repository/Compare Scenarios/Input_Inflation"), "5"): Text '5' is set on object 'Object Repository/Compare Scenarios/Input_Inflation'

2023-02-23 04:19:46 - [MESSAGE][PASSED] - Text '5' is set on object 'Object Repository/Compare Scenarios/Input_Inflation'

2023-02-23 04:19:46 - [TEST_STEP][PASSED] - sendKeys(findTestObject("Object Repository/Compare Scenarios/Input_Inflation_2"), Keys.chord(COMMAND, "a")): Keys 'COMMAND + a' sent to object: 'Object Repository/Compare Scenarios/Input_Inflation_2'

2023-02-23 04:19:46 - [MESSAGE][PASSED] - Keys 'COMMAND + a' sent to object: 'Object Repository/Compare Scenarios/Input_Inflation_2'

2023-02-23 04:19:46 - [TEST_STEP][PASSED] - sendKeys(findTestObject("Object Repository/Compare Scenarios/Input_Inflation_2"), Keys.chord(DELETE)): Keys 'DELETE + ' sent to object: 'Object Repository/Compare Scenarios/Input_Inflation_2'

2023-02-23 04:19:47 - [MESSAGE][PASSED] - Keys 'DELETE + ' sent to object: 'Object Repository/Compare Scenarios/Input_Inflation_2'

2023-02-23 04:19:47 - [TEST_STEP][PASSED] - setText(findTestObject("Object Repository/Compare Scenarios/Input_Inflation_2"), "7"): Text '7' is set on object 'Object Repository/Compare Scenarios/Input_Inflation_2'

2023-02-23 04:19:47 - [MESSAGE][PASSED] - Text '7' is set on object 'Object Repository/Compare Scenarios/Input_Inflation_2'

2023-02-23 04:19:47 - [TEST_STEP][PASSED] - sendKeys(findTestObject("Object Repository/Compare Scenarios/Input_Inflation_3"), Keys.chord(COMMAND, "a")): Keys 'COMMAND + a' sent to object: 'Object Repository/Compare Scenarios/Input_Inflation_3'

2023-02-23 04:19:48 - [MESSAGE][PASSED] - Keys 'COMMAND + a' sent to object: 'Object Repository/Compare Scenarios/Input_Inflation_3'

2023-02-23 04:19:48 - [TEST_STEP][PASSED] - sendKeys(findTestObject("Object Repository/Compare Scenarios/Input_Inflation_3"), Keys.chord(DELETE)): Keys 'DELETE + ' sent to object: 'Object Repository/Compare Scenarios/Input_Inflation_3'

2023-02-23 04:19:48 - [MESSAGE][PASSED] - Keys 'DELETE + ' sent to object: 'Object Repository/Compare Scenarios/Input_Inflation_3'

2023-02-23 04:19:48 - [TEST_STEP][PASSED] - setText(findTestObject("Object Repository/Compare Scenarios/Input_Inflation_3"), "0"): Text '0' is set on object 'Object Repository/Compare Scenarios/Input_Inflation_3'

2023-02-23 04:19:49 - [MESSAGE][PASSED] - Text '0' is set on object 'Object Repository/Compare Scenarios/Input_Inflation_3'

2023-02-23 04:19:49 - [TEST_STEP][PASSED] - click(findTestObject("Object Repository/Compare Scenarios/div_Select layerPavement MaintenanceFilter _a98a8c")): Object: 'Object Repository/Compare Scenarios/div_Select layerPavement MaintenanceFilter _a98a8c' is clicked on

2023-02-23 04:19:50 - [MESSAGE][PASSED] - Object: 'Object Repository/Compare Scenarios/div_Select layerPavement MaintenanceFilter _a98a8c' is clicked on

2023-02-23 04:19:50 - [TEST_STEP][PASSED] - click(findTestObject("Object Repository/Compare Scenarios/Apply_button")): Object: 'Object Repository/Compare Scenarios/Apply_button' is clicked on

2023-02-23 04:19:50 - [MESSAGE][PASSED] - Object: 'Object Repository/Compare Scenarios/Apply_button' is clicked on

2023-02-23 04:19:50 - [TEST_STEP][PASSED] - delay(50): Delayed 50 second(s)

2023-02-23 04:20:40 - [MESSAGE][PASSED] - Delayed 50 second(s)

2023-02-23 04:20:40 - [TEST_STEP][PASSED] - click(findTestObject("Object Repository/Compare Scenarios/span_Compare")): Object: 'Object Repository/Compare Scenarios/span_Compare' is clicked on

2023-02-23 04:20:41 - [MESSAGE][PASSED] - Object: 'Object Repository/Compare Scenarios/span_Compare' is clicked on

2023-02-23 04:20:41 - [TEST_STEP][PASSED] - click(findTestObject("Compare Scenarios/div_Compare Scenario 1")): Object: 'Object Repository/Compare Scenarios/div_Compare Scenario 1' is clicked on

2023-02-23 04:20:43 - [MESSAGE][PASSED] - Object: 'Object Repository/Compare Scenarios/div_Compare Scenario 1' is clicked on

2023-02-23 04:20:43 - [TEST_STEP][PASSED] - click(findTestObject("Compare Scenarios/div_Compare Scenario 2")): Object: 'Object Repository/Compare Scenarios/div_Compare Scenario 2' is clicked on

2023-02-23 04:20:43 - [MESSAGE][PASSED] - Object: 'Object Repository/Compare Scenarios/div_Compare Scenario 2' is clicked on

2023-02-23 04:20:43 - [TEST_STEP][PASSED] - click(findTestObject("Compare Scenarios/div_Compare Scenario 3")): Object: 'Object Repository/Compare Scenarios/div_Compare Scenario 3' is clicked on

2023-02-23 04:20:44 - [MESSAGE][PASSED] - Object: 'Object Repository/Compare Scenarios/div_Compare Scenario 3' is clicked on

2023-02-23 04:20:44 - [TEST_STEP][PASSED] - click(findTestObject("Compare Scenarios/span_Compare_loadscreen")): Object: 'Object Repository/Compare Scenarios/span_Compare_loadscreen' is clicked on

2023-02-23 04:20:44 - [MESSAGE][PASSED] - Object: 'Object Repository/Compare Scenarios/span_Compare_loadscreen' is clicked on

2023-02-23 04:20:44 - [TEST_STEP][PASSED] - takeFullPageScreenshot(): Taking screenshot successfully

2023-02-23 04:20:45 - [MESSAGE][INFO] - 0 hidden object(s)

2023-02-23 04:20:46 - [MESSAGE][PASSED] - Taking screenshot successfully
[[ATTACHMENT|/Users/kashif/Downloads/Kashif/Katalon Studio/4.0_fresh/4.0 Fresh/Reports/20230223_034907/GIS/20230223_034908/1677108044835.png]]

2023-02-23 04:20:46 - [TEST_STEP][PASSED] - click(findTestObject("Object Repository/Compare Scenarios/button")): Object: 'Object Repository/Compare Scenarios/button' is clicked on

2023-02-23 04:20:46 - [MESSAGE][PASSED] - Object: 'Object Repository/Compare Scenarios/button' is clicked on

2023-02-23 04:20:46 - [TEST_STEP][PASSED] - click(findTestObject("Object Repository/Compare Scenarios/div_Save as JPEG")): Object: 'Object Repository/Compare Scenarios/div_Save as JPEG' is clicked on

2023-02-23 04:20:47 - [MESSAGE][PASSED] - Object: 'Object Repository/Compare Scenarios/div_Save as JPEG' is clicked on

2023-02-23 04:20:47 - [TEST_STEP][PASSED] - click(findTestObject("Compare Scenarios/span_Close")): Object: 'Object Repository/Compare Scenarios/span_Close' is clicked on

2023-02-23 04:20:47 - [MESSAGE][PASSED] - Object: 'Object Repository/Compare Scenarios/span_Close' is clicked on

2023-02-23 04:20:47 - [TEST_STEP][PASSED] - click(findTestObject("Object Repository/Compare Scenarios/span_Compare")): Object: 'Object Repository/Compare Scenarios/span_Compare' is clicked on

2023-02-23 04:20:48 - [MESSAGE][PASSED] - Object: 'Object Repository/Compare Scenarios/span_Compare' is clicked on

2023-02-23 04:20:48 - [TEST_STEP][PASSED] - click(findTestObject("Compare Scenarios/Delete_Scenario_1")): Object: 'Object Repository/Compare Scenarios/Delete_Scenario_1' is clicked on

2023-02-23 04:20:50 - [MESSAGE][PASSED] - Object: 'Object Repository/Compare Scenarios/Delete_Scenario_1' is clicked on

2023-02-23 04:20:50 - [TEST_STEP][PASSED] - click(findTestObject("Compare Scenarios/span_Yes")): Object: 'Object Repository/Compare Scenarios/span_Yes' is clicked on

2023-02-23 04:20:50 - [MESSAGE][PASSED] - Object: 'Object Repository/Compare Scenarios/span_Yes' is clicked on

2023-02-23 04:20:50 - [TEST_STEP][PASSED] - delay(3): Delayed 3 second(s)

2023-02-23 04:20:53 - [MESSAGE][PASSED] - Delayed 3 second(s)

2023-02-23 04:20:53 - [TEST_STEP][PASSED] - click(findTestObject("Compare Scenarios/Delete_Scenario_1")): Object: 'Object Repository/Compare Scenarios/Delete_Scenario_1' is clicked on

2023-02-23 04:20:54 - [MESSAGE][PASSED] - Object: 'Object Repository/Compare Scenarios/Delete_Scenario_1' is clicked on

2023-02-23 04:20:54 - [TEST_STEP][PASSED] - click(findTestObject("Compare Scenarios/span_Yes")): Object: 'Object Repository/Compare Scenarios/span_Yes' is clicked on

2023-02-23 04:20:54 - [MESSAGE][PASSED] - Object: 'Object Repository/Compare Scenarios/span_Yes' is clicked on

2023-02-23 04:20:54 - [TEST_STEP][PASSED] - delay(3): Delayed 3 second(s)

2023-02-23 04:20:57 - [MESSAGE][PASSED] - Delayed 3 second(s)

2023-02-23 04:20:57 - [TEST_STEP][PASSED] - click(findTestObject("Compare Scenarios/Delete_Scenario_1")): Object: 'Object Repository/Compare Scenarios/Delete_Scenario_1' is clicked on

2023-02-23 04:20:58 - [MESSAGE][PASSED] - Object: 'Object Repository/Compare Scenarios/Delete_Scenario_1' is clicked on

2023-02-23 04:20:58 - [TEST_STEP][PASSED] - click(findTestObject("Compare Scenarios/span_Yes")): Object: 'Object Repository/Compare Scenarios/span_Yes' is clicked on

2023-02-23 04:20:58 - [MESSAGE][PASSED] - Object: 'Object Repository/Compare Scenarios/span_Yes' is clicked on

2023-02-23 04:20:58 - [TEST_STEP][PASSED] - database_keywords.test.Database_Keywords.deletebudgets(): database_keywords.test.Database_Keywords.deletebudgets is PASSED

2023-02-23 04:21:02 - [MESSAGE][PASSED] - database_keywords.test.Database_Keywords.deletebudgets is PASSED

2023-02-23 04:21:02 - [TEST_STEP][PASSED] - closeBrowser(): Browser is closed

2023-02-23 04:21:02 - [MESSAGE][PASSED] - Browser is closed

2023-02-23 04:21:03 - [TEST_STEP][PASSED] - Video: Video recording for test case 'Test Cases/GiS/Compare Scenarios/CS_Three_Budgets' .

2023-02-23 04:21:03 - [MESSAGE][INFO] - Video recording for test case 'Test Cases/GiS/Compare Scenarios/CS_Three_Budgets' .]]></system-out>
         <system-err><![CDATA[]]></system-err>
      </testcase>
      <testcase name="Test Cases/Dashboard/Work Orders/Create_WO_System_Forms_Basic" time="93.32" classname="Test Cases/Dashboard/Work Orders/Create_WO_System_Forms_Basic" status="FAILED">
         <failure type="FAILED" message="Test Cases/Dashboard/Work Orders/Create_WO_System_Forms_Basic FAILED.
Reason:
com.kms.katalon.core.exception.StepFailedException: Unable to click on object 'Object Repository/WO_Dashboard/Page_Streetlogix  Dashboard/input_Select Group_mui-33912' (Root cause: com.kms.katalon.core.exception.StepFailedException: Unable to click on object 'Object Repository/WO_Dashboard/Page_Streetlogix  Dashboard/input_Select Group_mui-33912'
	at com.kms.katalon.core.webui.keyword.internal.WebUIKeywordMain.stepFailed(WebUIKeywordMain.groovy:64)
	at com.kms.katalon.core.webui.keyword.internal.WebUIKeywordMain.runKeyword(WebUIKeywordMain.groovy:26)
	at com.kms.katalon.core.webui.keyword.builtin.ClickKeyword.click(ClickKeyword.groovy:74)
	at com.kms.katalon.core.webui.keyword.builtin.ClickKeyword.execute(ClickKeyword.groovy:40)
	at com.kms.katalon.core.keyword.internal.KeywordExecutor.executeKeywordForPlatform(KeywordExecutor.groovy:74)
	at com.kms.katalon.core.webui.keyword.WebUiBuiltInKeywords.click(WebUiBuiltInKeywords.groovy:620)
	at com.kms.katalon.core.webui.keyword.WebUiBuiltInKeywords$click$0.call(Unknown Source)
	at Create_WO_System_Forms_Basic.run(Create_WO_System_Forms_Basic:28)
	at com.kms.katalon.core.main.ScriptEngine.run(ScriptEngine.java:194)
	at com.kms.katalon.core.main.ScriptEngine.runScriptAsRawText(ScriptEngine.java:119)
	at com.kms.katalon.core.main.TestCaseExecutor.runScript(TestCaseExecutor.java:448)
	at com.kms.katalon.core.main.TestCaseExecutor.doExecute(TestCaseExecutor.java:439)
	at com.kms.katalon.core.main.TestCaseExecutor.processExecutionPhase(TestCaseExecutor.java:418)
	at com.kms.katalon.core.main.TestCaseExecutor.accessMainPhase(TestCaseExecutor.java:410)
	at com.kms.katalon.core.main.TestCaseExecutor.execute(TestCaseExecutor.java:285)
	at com.kms.katalon.core.common.CommonExecutor.accessTestCaseMainPhase(CommonExecutor.java:65)
	at com.kms.katalon.core.main.TestSuiteExecutor.accessTestSuiteMainPhase(TestSuiteExecutor.java:151)
	at com.kms.katalon.core.main.TestSuiteExecutor.execute(TestSuiteExecutor.java:106)
	at com.kms.katalon.core.main.TestCaseMain.startTestSuite(TestCaseMain.java:185)
	at com.kms.katalon.core.main.TestCaseMain$startTestSuite$0.call(Unknown Source)
	at TempTestSuite1677106148180.run(TempTestSuite1677106148180.groovy:36)
Caused by: org.openqa.selenium.ElementNotInteractableException: element not interactable
  (Session info: chrome=110.0.5481.100)
Build info: version: '3.141.59', revision: 'e82be7d358', time: '2018-11-14T08:25:53'
System info: host: 'Kashifs-MacBook-Pro.local', ip: 'fe80:0:0:0:2a:e350:6cb0:c073%en0', os.name: 'Mac OS X', os.arch: 'x86_64', os.version: '10.16', java.version: '1.8.0_275'
Driver info: com.kms.katalon.selenium.driver.CChromeDriver
Capabilities {acceptInsecureCerts: false, browserName: chrome, browserVersion: 110.0.5481.100, chrome: {chromedriverVersion: 109.0.5414.74 (e7c5703604da..., userDataDir: /var/folders/d5/lp70b0s53sb...}, goog:chromeOptions: {debuggerAddress: localhost:64802}, javascriptEnabled: true, networkConnectionEnabled: false, pageLoadStrategy: normal, platform: MAC, platformName: MAC, proxy: Proxy(), setWindowRect: true, strictFileInteractability: false, timeouts: {implicit: 0, pageLoad: 300000, script: 30000}, unhandledPromptBehavior: dismiss and notify, webauthn:extension:credBlob: true, webauthn:extension:largeBlob: true, webauthn:virtualAuthenticators: true}
Session ID: e9faa82761f8f27c495c5d806a5809d5
	at org.openqa.selenium.remote.http.W3CHttpResponseCodec.createException(W3CHttpResponseCodec.java:187)
	at org.openqa.selenium.remote.http.W3CHttpResponseCodec.decode(W3CHttpResponseCodec.java:122)
	at org.openqa.selenium.remote.http.W3CHttpResponseCodec.decode(W3CHttpResponseCodec.java:49)
	at org.openqa.selenium.remote.HttpCommandExecutor.execute(HttpCommandExecutor.java:158)
	at org.openqa.selenium.remote.service.DriverCommandExecutor.execute(DriverCommandExecutor.java:83)
	at org.openqa.selenium.remote.RemoteWebDriver.execute(RemoteWebDriver.java:552)
	at com.kms.katalon.selenium.driver.CChromeDriver.execute(CChromeDriver.java:19)
	at org.openqa.selenium.remote.RemoteWebElement.execute(RemoteWebElement.java:285)
	at org.openqa.selenium.remote.RemoteWebElement.click(RemoteWebElement.java:84)
	at org.openqa.selenium.support.events.EventFiringWebDriver$EventFiringWebElement.lambda$new$0(EventFiringWebDriver.java:404)
	at com.sun.proxy.$Proxy20.click(Unknown Source)
	at org.openqa.selenium.support.events.EventFiringWebDriver$EventFiringWebElement.click(EventFiringWebDriver.java:417)
	at org.openqa.selenium.WebElement$click.call(Unknown Source)
	at com.kms.katalon.core.webui.keyword.builtin.ClickKeyword.clickUntilSuccessWithTimeout(ClickKeyword.groovy:81)
	at com.kms.katalon.core.webui.keyword.builtin.ClickKeyword.clickUntilSuccessWithTimeout(ClickKeyword.groovy)
	at com.kms.katalon.core.webui.keyword.builtin.ClickKeyword$_click_closure1.doCall(ClickKeyword.groovy:67)
	at com.kms.katalon.core.webui.keyword.builtin.ClickKeyword$_click_closure1.call(ClickKeyword.groovy)
	at com.kms.katalon.core.webui.keyword.internal.WebUIKeywordMain.runKeyword(WebUIKeywordMain.groovy:20)
	at com.kms.katalon.core.webui.keyword.builtin.ClickKeyword.click(ClickKeyword.groovy:74)
	at com.kms.katalon.core.webui.keyword.builtin.ClickKeyword.execute(ClickKeyword.groovy:40)
	at com.kms.katalon.core.keyword.internal.KeywordExecutor.executeKeywordForPlatform(KeywordExecutor.groovy:74)
	at com.kms.katalon.core.webui.keyword.WebUiBuiltInKeywords.click(WebUiBuiltInKeywords.groovy:620)
	at com.kms.katalon.core.webui.keyword.WebUiBuiltInKeywords$click$0.call(Unknown Source)
	at Script1676460691936.run(Script1676460691936.groovy:28)
	... 13 more
)
	at com.kms.katalon.core.keyword.internal.KeywordMain.stepFailed(KeywordMain.groovy:39)
	at com.kms.katalon.core.webui.keyword.internal.WebUIKeywordMain.stepFailed(WebUIKeywordMain.groovy:64)
	at com.kms.katalon.core.webui.keyword.internal.WebUIKeywordMain.runKeyword(WebUIKeywordMain.groovy:26)
	at com.kms.katalon.core.webui.keyword.builtin.ClickKeyword.click(ClickKeyword.groovy:74)
	at com.kms.katalon.core.webui.keyword.builtin.ClickKeyword.execute(ClickKeyword.groovy:40)
	at com.kms.katalon.core.keyword.internal.KeywordExecutor.executeKeywordForPlatform(KeywordExecutor.groovy:74)
	at com.kms.katalon.core.webui.keyword.WebUiBuiltInKeywords.click(WebUiBuiltInKeywords.groovy:620)
	at com.kms.katalon.core.webui.keyword.WebUiBuiltInKeywords$click$0.call(Unknown Source)
	at Create_WO_System_Forms_Basic.run(Create_WO_System_Forms_Basic:28)
	at com.kms.katalon.core.main.ScriptEngine.run(ScriptEngine.java:194)
	at com.kms.katalon.core.main.ScriptEngine.runScriptAsRawText(ScriptEngine.java:119)
	at com.kms.katalon.core.main.TestCaseExecutor.runScript(TestCaseExecutor.java:448)
	at com.kms.katalon.core.main.TestCaseExecutor.doExecute(TestCaseExecutor.java:439)
	at com.kms.katalon.core.main.TestCaseExecutor.processExecutionPhase(TestCaseExecutor.java:418)
	at com.kms.katalon.core.main.TestCaseExecutor.accessMainPhase(TestCaseExecutor.java:410)
	at com.kms.katalon.core.main.TestCaseExecutor.execute(TestCaseExecutor.java:285)
	at com.kms.katalon.core.common.CommonExecutor.accessTestCaseMainPhase(CommonExecutor.java:65)
	at com.kms.katalon.core.main.TestSuiteExecutor.accessTestSuiteMainPhase(TestSuiteExecutor.java:151)
	at com.kms.katalon.core.main.TestSuiteExecutor.execute(TestSuiteExecutor.java:106)
	at com.kms.katalon.core.main.TestCaseMain.startTestSuite(TestCaseMain.java:185)
	at com.kms.katalon.core.main.TestCaseMain$startTestSuite$0.call(Unknown Source)
	at TempTestSuite1677106148180.run(TempTestSuite1677106148180.groovy:36)
Caused by: com.kms.katalon.core.exception.StepFailedException: Unable to click on object 'Object Repository/WO_Dashboard/Page_Streetlogix  Dashboard/input_Select Group_mui-33912'
	... 21 more
Caused by: org.openqa.selenium.ElementNotInteractableException: element not interactable
  (Session info: chrome=110.0.5481.100)
Build info: version: '3.141.59', revision: 'e82be7d358', time: '2018-11-14T08:25:53'
System info: host: 'Kashifs-MacBook-Pro.local', ip: 'fe80:0:0:0:2a:e350:6cb0:c073%en0', os.name: 'Mac OS X', os.arch: 'x86_64', os.version: '10.16', java.version: '1.8.0_275'
Driver info: com.kms.katalon.selenium.driver.CChromeDriver
Capabilities {acceptInsecureCerts: false, browserName: chrome, browserVersion: 110.0.5481.100, chrome: {chromedriverVersion: 109.0.5414.74 (e7c5703604da..., userDataDir: /var/folders/d5/lp70b0s53sb...}, goog:chromeOptions: {debuggerAddress: localhost:64802}, javascriptEnabled: true, networkConnectionEnabled: false, pageLoadStrategy: normal, platform: MAC, platformName: MAC, proxy: Proxy(), setWindowRect: true, strictFileInteractability: false, timeouts: {implicit: 0, pageLoad: 300000, script: 30000}, unhandledPromptBehavior: dismiss and notify, webauthn:extension:credBlob: true, webauthn:extension:largeBlob: true, webauthn:virtualAuthenticators: true}
Session ID: e9faa82761f8f27c495c5d806a5809d5
	at org.openqa.selenium.remote.http.W3CHttpResponseCodec.createException(W3CHttpResponseCodec.java:187)
	at org.openqa.selenium.remote.http.W3CHttpResponseCodec.decode(W3CHttpResponseCodec.java:122)
	at org.openqa.selenium.remote.http.W3CHttpResponseCodec.decode(W3CHttpResponseCodec.java:49)
	at org.openqa.selenium.remote.HttpCommandExecutor.execute(HttpCommandExecutor.java:158)
	at org.openqa.selenium.remote.service.DriverCommandExecutor.execute(DriverCommandExecutor.java:83)
	at org.openqa.selenium.remote.RemoteWebDriver.execute(RemoteWebDriver.java:552)
	at com.kms.katalon.selenium.driver.CChromeDriver.execute(CChromeDriver.java:19)
	at org.openqa.selenium.remote.RemoteWebElement.execute(RemoteWebElement.java:285)
	at org.openqa.selenium.remote.RemoteWebElement.click(RemoteWebElement.java:84)
	at org.openqa.selenium.support.events.EventFiringWebDriver$EventFiringWebElement.lambda$new$0(EventFiringWebDriver.java:404)
	at com.sun.proxy.$Proxy20.click(Unknown Source)
	at org.openqa.selenium.support.events.EventFiringWebDriver$EventFiringWebElement.click(EventFiringWebDriver.java:417)
	at org.openqa.selenium.WebElement$click.call(Unknown Source)
	at com.kms.katalon.core.webui.keyword.builtin.ClickKeyword.clickUntilSuccessWithTimeout(ClickKeyword.groovy:81)
	at com.kms.katalon.core.webui.keyword.builtin.ClickKeyword.clickUntilSuccessWithTimeout(ClickKeyword.groovy)
	at com.kms.katalon.core.webui.keyword.builtin.ClickKeyword$_click_closure1.doCall(ClickKeyword.groovy:67)
	at com.kms.katalon.core.webui.keyword.builtin.ClickKeyword$_click_closure1.call(ClickKeyword.groovy)
	at com.kms.katalon.core.webui.keyword.internal.WebUIKeywordMain.runKeyword(WebUIKeywordMain.groovy:20)
	... 19 more
"/>
         <system-out><![CDATA[2023-02-23 04:21:03 - [TEST_CASE][FAILED] - Test Cases/Dashboard/Work Orders/Create_WO_System_Forms_Basic: Test Cases/Dashboard/Work Orders/Create_WO_System_Forms_Basic FAILED.
Reason:
com.kms.katalon.core.exception.StepFailedException: Unable to click on object 'Object Repository/WO_Dashboard/Page_Streetlogix  Dashboard/input_Select Group_mui-33912' (Root cause: com.kms.katalon.core.exception.StepFailedException: Unable to click on object 'Object Repository/WO_Dashboard/Page_Streetlogix  Dashboard/input_Select Group_mui-33912'
	at com.kms.katalon.core.webui.keyword.internal.WebUIKeywordMain.stepFailed(WebUIKeywordMain.groovy:64)
	at com.kms.katalon.core.webui.keyword.internal.WebUIKeywordMain.runKeyword(WebUIKeywordMain.groovy:26)
	at com.kms.katalon.core.webui.keyword.builtin.ClickKeyword.click(ClickKeyword.groovy:74)
	at com.kms.katalon.core.webui.keyword.builtin.ClickKeyword.execute(ClickKeyword.groovy:40)
	at com.kms.katalon.core.keyword.internal.KeywordExecutor.executeKeywordForPlatform(KeywordExecutor.groovy:74)
	at com.kms.katalon.core.webui.keyword.WebUiBuiltInKeywords.click(WebUiBuiltInKeywords.groovy:620)
	at com.kms.katalon.core.webui.keyword.WebUiBuiltInKeywords$click$0.call(Unknown Source)
	at Create_WO_System_Forms_Basic.run(Create_WO_System_Forms_Basic:28)
	at com.kms.katalon.core.main.ScriptEngine.run(ScriptEngine.java:194)
	at com.kms.katalon.core.main.ScriptEngine.runScriptAsRawText(ScriptEngine.java:119)
	at com.kms.katalon.core.main.TestCaseExecutor.runScript(TestCaseExecutor.java:448)
	at com.kms.katalon.core.main.TestCaseExecutor.doExecute(TestCaseExecutor.java:439)
	at com.kms.katalon.core.main.TestCaseExecutor.processExecutionPhase(TestCaseExecutor.java:418)
	at com.kms.katalon.core.main.TestCaseExecutor.accessMainPhase(TestCaseExecutor.java:410)
	at com.kms.katalon.core.main.TestCaseExecutor.execute(TestCaseExecutor.java:285)
	at com.kms.katalon.core.common.CommonExecutor.accessTestCaseMainPhase(CommonExecutor.java:65)
	at com.kms.katalon.core.main.TestSuiteExecutor.accessTestSuiteMainPhase(TestSuiteExecutor.java:151)
	at com.kms.katalon.core.main.TestSuiteExecutor.execute(TestSuiteExecutor.java:106)
	at com.kms.katalon.core.main.TestCaseMain.startTestSuite(TestCaseMain.java:185)
	at com.kms.katalon.core.main.TestCaseMain$startTestSuite$0.call(Unknown Source)
	at TempTestSuite1677106148180.run(TempTestSuite1677106148180.groovy:36)
Caused by: org.openqa.selenium.ElementNotInteractableException: element not interactable
  (Session info: chrome=110.0.5481.100)
Build info: version: '3.141.59', revision: 'e82be7d358', time: '2018-11-14T08:25:53'
System info: host: 'Kashifs-MacBook-Pro.local', ip: 'fe80:0:0:0:2a:e350:6cb0:c073%en0', os.name: 'Mac OS X', os.arch: 'x86_64', os.version: '10.16', java.version: '1.8.0_275'
Driver info: com.kms.katalon.selenium.driver.CChromeDriver
Capabilities {acceptInsecureCerts: false, browserName: chrome, browserVersion: 110.0.5481.100, chrome: {chromedriverVersion: 109.0.5414.74 (e7c5703604da..., userDataDir: /var/folders/d5/lp70b0s53sb...}, goog:chromeOptions: {debuggerAddress: localhost:64802}, javascriptEnabled: true, networkConnectionEnabled: false, pageLoadStrategy: normal, platform: MAC, platformName: MAC, proxy: Proxy(), setWindowRect: true, strictFileInteractability: false, timeouts: {implicit: 0, pageLoad: 300000, script: 30000}, unhandledPromptBehavior: dismiss and notify, webauthn:extension:credBlob: true, webauthn:extension:largeBlob: true, webauthn:virtualAuthenticators: true}
Session ID: e9faa82761f8f27c495c5d806a5809d5
	at org.openqa.selenium.remote.http.W3CHttpResponseCodec.createException(W3CHttpResponseCodec.java:187)
	at org.openqa.selenium.remote.http.W3CHttpResponseCodec.decode(W3CHttpResponseCodec.java:122)
	at org.openqa.selenium.remote.http.W3CHttpResponseCodec.decode(W3CHttpResponseCodec.java:49)
	at org.openqa.selenium.remote.HttpCommandExecutor.execute(HttpCommandExecutor.java:158)
	at org.openqa.selenium.remote.service.DriverCommandExecutor.execute(DriverCommandExecutor.java:83)
	at org.openqa.selenium.remote.RemoteWebDriver.execute(RemoteWebDriver.java:552)
	at com.kms.katalon.selenium.driver.CChromeDriver.execute(CChromeDriver.java:19)
	at org.openqa.selenium.remote.RemoteWebElement.execute(RemoteWebElement.java:285)
	at org.openqa.selenium.remote.RemoteWebElement.click(RemoteWebElement.java:84)
	at org.openqa.selenium.support.events.EventFiringWebDriver$EventFiringWebElement.lambda$new$0(EventFiringWebDriver.java:404)
	at com.sun.proxy.$Proxy20.click(Unknown Source)
	at org.openqa.selenium.support.events.EventFiringWebDriver$EventFiringWebElement.click(EventFiringWebDriver.java:417)
	at org.openqa.selenium.WebElement$click.call(Unknown Source)
	at com.kms.katalon.core.webui.keyword.builtin.ClickKeyword.clickUntilSuccessWithTimeout(ClickKeyword.groovy:81)
	at com.kms.katalon.core.webui.keyword.builtin.ClickKeyword.clickUntilSuccessWithTimeout(ClickKeyword.groovy)
	at com.kms.katalon.core.webui.keyword.builtin.ClickKeyword$_click_closure1.doCall(ClickKeyword.groovy:67)
	at com.kms.katalon.core.webui.keyword.builtin.ClickKeyword$_click_closure1.call(ClickKeyword.groovy)
	at com.kms.katalon.core.webui.keyword.internal.WebUIKeywordMain.runKeyword(WebUIKeywordMain.groovy:20)
	at com.kms.katalon.core.webui.keyword.builtin.ClickKeyword.click(ClickKeyword.groovy:74)
	at com.kms.katalon.core.webui.keyword.builtin.ClickKeyword.execute(ClickKeyword.groovy:40)
	at com.kms.katalon.core.keyword.internal.KeywordExecutor.executeKeywordForPlatform(KeywordExecutor.groovy:74)
	at com.kms.katalon.core.webui.keyword.WebUiBuiltInKeywords.click(WebUiBuiltInKeywords.groovy:620)
	at com.kms.katalon.core.webui.keyword.WebUiBuiltInKeywords$click$0.call(Unknown Source)
	at Script1676460691936.run(Script1676460691936.groovy:28)
	... 13 more
)
	at com.kms.katalon.core.keyword.internal.KeywordMain.stepFailed(KeywordMain.groovy:39)
	at com.kms.katalon.core.webui.keyword.internal.WebUIKeywordMain.stepFailed(WebUIKeywordMain.groovy:64)
	at com.kms.katalon.core.webui.keyword.internal.WebUIKeywordMain.runKeyword(WebUIKeywordMain.groovy:26)
	at com.kms.katalon.core.webui.keyword.builtin.ClickKeyword.click(ClickKeyword.groovy:74)
	at com.kms.katalon.core.webui.keyword.builtin.ClickKeyword.execute(ClickKeyword.groovy:40)
	at com.kms.katalon.core.keyword.internal.KeywordExecutor.executeKeywordForPlatform(KeywordExecutor.groovy:74)
	at com.kms.katalon.core.webui.keyword.WebUiBuiltInKeywords.click(WebUiBuiltInKeywords.groovy:620)
	at com.kms.katalon.core.webui.keyword.WebUiBuiltInKeywords$click$0.call(Unknown Source)
	at Create_WO_System_Forms_Basic.run(Create_WO_System_Forms_Basic:28)
	at com.kms.katalon.core.main.ScriptEngine.run(ScriptEngine.java:194)
	at com.kms.katalon.core.main.ScriptEngine.runScriptAsRawText(ScriptEngine.java:119)
	at com.kms.katalon.core.main.TestCaseExecutor.runScript(TestCaseExecutor.java:448)
	at com.kms.katalon.core.main.TestCaseExecutor.doExecute(TestCaseExecutor.java:439)
	at com.kms.katalon.core.main.TestCaseExecutor.processExecutionPhase(TestCaseExecutor.java:418)
	at com.kms.katalon.core.main.TestCaseExecutor.accessMainPhase(TestCaseExecutor.java:410)
	at com.kms.katalon.core.main.TestCaseExecutor.execute(TestCaseExecutor.java:285)
	at com.kms.katalon.core.common.CommonExecutor.accessTestCaseMainPhase(CommonExecutor.java:65)
	at com.kms.katalon.core.main.TestSuiteExecutor.accessTestSuiteMainPhase(TestSuiteExecutor.java:151)
	at com.kms.katalon.core.main.TestSuiteExecutor.execute(TestSuiteExecutor.java:106)
	at com.kms.katalon.core.main.TestCaseMain.startTestSuite(TestCaseMain.java:185)
	at com.kms.katalon.core.main.TestCaseMain$startTestSuite$0.call(Unknown Source)
	at TempTestSuite1677106148180.run(TempTestSuite1677106148180.groovy:36)
Caused by: com.kms.katalon.core.exception.StepFailedException: Unable to click on object 'Object Repository/WO_Dashboard/Page_Streetlogix  Dashboard/input_Select Group_mui-33912'
	... 21 more
Caused by: org.openqa.selenium.ElementNotInteractableException: element not interactable
  (Session info: chrome=110.0.5481.100)
Build info: version: '3.141.59', revision: 'e82be7d358', time: '2018-11-14T08:25:53'
System info: host: 'Kashifs-MacBook-Pro.local', ip: 'fe80:0:0:0:2a:e350:6cb0:c073%en0', os.name: 'Mac OS X', os.arch: 'x86_64', os.version: '10.16', java.version: '1.8.0_275'
Driver info: com.kms.katalon.selenium.driver.CChromeDriver
Capabilities {acceptInsecureCerts: false, browserName: chrome, browserVersion: 110.0.5481.100, chrome: {chromedriverVersion: 109.0.5414.74 (e7c5703604da..., userDataDir: /var/folders/d5/lp70b0s53sb...}, goog:chromeOptions: {debuggerAddress: localhost:64802}, javascriptEnabled: true, networkConnectionEnabled: false, pageLoadStrategy: normal, platform: MAC, platformName: MAC, proxy: Proxy(), setWindowRect: true, strictFileInteractability: false, timeouts: {implicit: 0, pageLoad: 300000, script: 30000}, unhandledPromptBehavior: dismiss and notify, webauthn:extension:credBlob: true, webauthn:extension:largeBlob: true, webauthn:virtualAuthenticators: true}
Session ID: e9faa82761f8f27c495c5d806a5809d5
	at org.openqa.selenium.remote.http.W3CHttpResponseCodec.createException(W3CHttpResponseCodec.java:187)
	at org.openqa.selenium.remote.http.W3CHttpResponseCodec.decode(W3CHttpResponseCodec.java:122)
	at org.openqa.selenium.remote.http.W3CHttpResponseCodec.decode(W3CHttpResponseCodec.java:49)
	at org.openqa.selenium.remote.HttpCommandExecutor.execute(HttpCommandExecutor.java:158)
	at org.openqa.selenium.remote.service.DriverCommandExecutor.execute(DriverCommandExecutor.java:83)
	at org.openqa.selenium.remote.RemoteWebDriver.execute(RemoteWebDriver.java:552)
	at com.kms.katalon.selenium.driver.CChromeDriver.execute(CChromeDriver.java:19)
	at org.openqa.selenium.remote.RemoteWebElement.execute(RemoteWebElement.java:285)
	at org.openqa.selenium.remote.RemoteWebElement.click(RemoteWebElement.java:84)
	at org.openqa.selenium.support.events.EventFiringWebDriver$EventFiringWebElement.lambda$new$0(EventFiringWebDriver.java:404)
	at com.sun.proxy.$Proxy20.click(Unknown Source)
	at org.openqa.selenium.support.events.EventFiringWebDriver$EventFiringWebElement.click(EventFiringWebDriver.java:417)
	at org.openqa.selenium.WebElement$click.call(Unknown Source)
	at com.kms.katalon.core.webui.keyword.builtin.ClickKeyword.clickUntilSuccessWithTimeout(ClickKeyword.groovy:81)
	at com.kms.katalon.core.webui.keyword.builtin.ClickKeyword.clickUntilSuccessWithTimeout(ClickKeyword.groovy)
	at com.kms.katalon.core.webui.keyword.builtin.ClickKeyword$_click_closure1.doCall(ClickKeyword.groovy:67)
	at com.kms.katalon.core.webui.keyword.builtin.ClickKeyword$_click_closure1.call(ClickKeyword.groovy)
	at com.kms.katalon.core.webui.keyword.internal.WebUIKeywordMain.runKeyword(WebUIKeywordMain.groovy:20)
	... 19 more


2023-02-23 04:21:03 - [TEST_STEP][PASSED] - gis_url.test.URL.redirectURLWO(): gis_url.test.URL.redirectURLWO is PASSED

2023-02-23 04:21:03 - [MESSAGE][INFO] - Starting 'Chrome' driver

2023-02-23 04:21:03 - [MESSAGE][INFO] - Action delay is set to 0 milliseconds

2023-02-23 04:21:06 - [MESSAGE][PASSED] - Browser is opened with url: 'https://streetlogix-dashboard-slx4-develop.vercel.app/workorder?config=64077fc938af4bcc9a46a81d8f4e5576&token=eyJhbGciOiJIUzI1NiIsInR5cCI6IkpXVCJ9.eyJpZCI6OTc2LCJuYW1lIjoiU29oYWliIE5laGFsIiwiZXhwIjoxNjc5NTk1OTE0LCJpYXQiOjE2NzcwMDM5MTR9.2xH46-6Ez-I1oUKcoFhQjnTNUOtwKNfZcleU9MbUdCY'

2023-02-23 04:21:06 - [MESSAGE][PASSED] - gis_url.test.URL.redirectURLWO is PASSED

2023-02-23 04:21:06 - [TEST_STEP][PASSED] - countBefore = database_keywords.test.Database_Keywords.getWorkOrdersCount(): database_keywords.test.Database_Keywords.getWorkOrdersCount is PASSED

2023-02-23 04:21:21 - [MESSAGE][PASSED] - database_keywords.test.Database_Keywords.getWorkOrdersCount is PASSED

2023-02-23 04:21:21 - [TEST_STEP][PASSED] - println(countBefore): null

2023-02-23 04:21:21 - [TEST_STEP][PASSED] - click(findTestObject("Object Repository/WO_Dashboard/Page_Streetlogix  Dashboard/span_Create")): Object: 'Object Repository/WO_Dashboard/Page_Streetlogix  Dashboard/span_Create' is clicked on

2023-02-23 04:21:21 - [MESSAGE][PASSED] - Object: 'Object Repository/WO_Dashboard/Page_Streetlogix  Dashboard/span_Create' is clicked on

2023-02-23 04:21:21 - [TEST_STEP][FAILED] - click(findTestObject("Object Repository/WO_Dashboard/Page_Streetlogix  Dashboard/input_Select Group_mui-33912")): Unable to click on object 'Object Repository/WO_Dashboard/Page_Streetlogix  Dashboard/input_Select Group_mui-33912' (Root cause: com.kms.katalon.core.exception.StepFailedException: Unable to click on object 'Object Repository/WO_Dashboard/Page_Streetlogix  Dashboard/input_Select Group_mui-33912'
	at com.kms.katalon.core.webui.keyword.internal.WebUIKeywordMain.stepFailed(WebUIKeywordMain.groovy:64)
	at com.kms.katalon.core.webui.keyword.internal.WebUIKeywordMain.runKeyword(WebUIKeywordMain.groovy:26)
	at com.kms.katalon.core.webui.keyword.builtin.ClickKeyword.click(ClickKeyword.groovy:74)
	at com.kms.katalon.core.webui.keyword.builtin.ClickKeyword.execute(ClickKeyword.groovy:40)
	at com.kms.katalon.core.keyword.internal.KeywordExecutor.executeKeywordForPlatform(KeywordExecutor.groovy:74)
	at com.kms.katalon.core.webui.keyword.WebUiBuiltInKeywords.click(WebUiBuiltInKeywords.groovy:620)
	at com.kms.katalon.core.webui.keyword.WebUiBuiltInKeywords$click$0.call(Unknown Source)
	at Create_WO_System_Forms_Basic.run(Create_WO_System_Forms_Basic:28)
	at com.kms.katalon.core.main.ScriptEngine.run(ScriptEngine.java:194)
	at com.kms.katalon.core.main.ScriptEngine.runScriptAsRawText(ScriptEngine.java:119)
	at com.kms.katalon.core.main.TestCaseExecutor.runScript(TestCaseExecutor.java:448)
	at com.kms.katalon.core.main.TestCaseExecutor.doExecute(TestCaseExecutor.java:439)
	at com.kms.katalon.core.main.TestCaseExecutor.processExecutionPhase(TestCaseExecutor.java:418)
	at com.kms.katalon.core.main.TestCaseExecutor.accessMainPhase(TestCaseExecutor.java:410)
	at com.kms.katalon.core.main.TestCaseExecutor.execute(TestCaseExecutor.java:285)
	at com.kms.katalon.core.common.CommonExecutor.accessTestCaseMainPhase(CommonExecutor.java:65)
	at com.kms.katalon.core.main.TestSuiteExecutor.accessTestSuiteMainPhase(TestSuiteExecutor.java:151)
	at com.kms.katalon.core.main.TestSuiteExecutor.execute(TestSuiteExecutor.java:106)
	at com.kms.katalon.core.main.TestCaseMain.startTestSuite(TestCaseMain.java:185)
	at com.kms.katalon.core.main.TestCaseMain$startTestSuite$0.call(Unknown Source)
	at TempTestSuite1677106148180.run(TempTestSuite1677106148180.groovy:36)
Caused by: org.openqa.selenium.ElementNotInteractableException: element not interactable
  (Session info: chrome=110.0.5481.100)
Build info: version: '3.141.59', revision: 'e82be7d358', time: '2018-11-14T08:25:53'
System info: host: 'Kashifs-MacBook-Pro.local', ip: 'fe80:0:0:0:2a:e350:6cb0:c073%en0', os.name: 'Mac OS X', os.arch: 'x86_64', os.version: '10.16', java.version: '1.8.0_275'
Driver info: com.kms.katalon.selenium.driver.CChromeDriver
Capabilities {acceptInsecureCerts: false, browserName: chrome, browserVersion: 110.0.5481.100, chrome: {chromedriverVersion: 109.0.5414.74 (e7c5703604da..., userDataDir: /var/folders/d5/lp70b0s53sb...}, goog:chromeOptions: {debuggerAddress: localhost:64802}, javascriptEnabled: true, networkConnectionEnabled: false, pageLoadStrategy: normal, platform: MAC, platformName: MAC, proxy: Proxy(), setWindowRect: true, strictFileInteractability: false, timeouts: {implicit: 0, pageLoad: 300000, script: 30000}, unhandledPromptBehavior: dismiss and notify, webauthn:extension:credBlob: true, webauthn:extension:largeBlob: true, webauthn:virtualAuthenticators: true}
Session ID: e9faa82761f8f27c495c5d806a5809d5
	at org.openqa.selenium.remote.http.W3CHttpResponseCodec.createException(W3CHttpResponseCodec.java:187)
	at org.openqa.selenium.remote.http.W3CHttpResponseCodec.decode(W3CHttpResponseCodec.java:122)
	at org.openqa.selenium.remote.http.W3CHttpResponseCodec.decode(W3CHttpResponseCodec.java:49)
	at org.openqa.selenium.remote.HttpCommandExecutor.execute(HttpCommandExecutor.java:158)
	at org.openqa.selenium.remote.service.DriverCommandExecutor.execute(DriverCommandExecutor.java:83)
	at org.openqa.selenium.remote.RemoteWebDriver.execute(RemoteWebDriver.java:552)
	at com.kms.katalon.selenium.driver.CChromeDriver.execute(CChromeDriver.java:19)
	at org.openqa.selenium.remote.RemoteWebElement.execute(RemoteWebElement.java:285)
	at org.openqa.selenium.remote.RemoteWebElement.click(RemoteWebElement.java:84)
	at org.openqa.selenium.support.events.EventFiringWebDriver$EventFiringWebElement.lambda$new$0(EventFiringWebDriver.java:404)
	at com.sun.proxy.$Proxy20.click(Unknown Source)
	at org.openqa.selenium.support.events.EventFiringWebDriver$EventFiringWebElement.click(EventFiringWebDriver.java:417)
	at org.openqa.selenium.WebElement$click.call(Unknown Source)
	at com.kms.katalon.core.webui.keyword.builtin.ClickKeyword.clickUntilSuccessWithTimeout(ClickKeyword.groovy:81)
	at com.kms.katalon.core.webui.keyword.builtin.ClickKeyword.clickUntilSuccessWithTimeout(ClickKeyword.groovy)
	at com.kms.katalon.core.webui.keyword.builtin.ClickKeyword$_click_closure1.doCall(ClickKeyword.groovy:67)
	at com.kms.katalon.core.webui.keyword.builtin.ClickKeyword$_click_closure1.call(ClickKeyword.groovy)
	at com.kms.katalon.core.webui.keyword.internal.WebUIKeywordMain.runKeyword(WebUIKeywordMain.groovy:20)
	at com.kms.katalon.core.webui.keyword.builtin.ClickKeyword.click(ClickKeyword.groovy:74)
	at com.kms.katalon.core.webui.keyword.builtin.ClickKeyword.execute(ClickKeyword.groovy:40)
	at com.kms.katalon.core.keyword.internal.KeywordExecutor.executeKeywordForPlatform(KeywordExecutor.groovy:74)
	at com.kms.katalon.core.webui.keyword.WebUiBuiltInKeywords.click(WebUiBuiltInKeywords.groovy:620)
	at com.kms.katalon.core.webui.keyword.WebUiBuiltInKeywords$click$0.call(Unknown Source)
	at Script1676460691936.run(Script1676460691936.groovy:28)
	... 13 more
)

2023-02-23 04:21:22 - [MESSAGE][FAILED] - Unable to click on object 'Object Repository/WO_Dashboard/Page_Streetlogix  Dashboard/input_Select Group_mui-33912' (Root cause: com.kms.katalon.core.exception.StepFailedException: Unable to click on object 'Object Repository/WO_Dashboard/Page_Streetlogix  Dashboard/input_Select Group_mui-33912'
	at com.kms.katalon.core.webui.keyword.internal.WebUIKeywordMain.stepFailed(WebUIKeywordMain.groovy:64)
	at com.kms.katalon.core.webui.keyword.internal.WebUIKeywordMain.runKeyword(WebUIKeywordMain.groovy:26)
	at com.kms.katalon.core.webui.keyword.builtin.ClickKeyword.click(ClickKeyword.groovy:74)
	at com.kms.katalon.core.webui.keyword.builtin.ClickKeyword.execute(ClickKeyword.groovy:40)
	at com.kms.katalon.core.keyword.internal.KeywordExecutor.executeKeywordForPlatform(KeywordExecutor.groovy:74)
	at com.kms.katalon.core.webui.keyword.WebUiBuiltInKeywords.click(WebUiBuiltInKeywords.groovy:620)
	at com.kms.katalon.core.webui.keyword.WebUiBuiltInKeywords$click$0.call(Unknown Source)
	at Create_WO_System_Forms_Basic.run(Create_WO_System_Forms_Basic:28)
	at com.kms.katalon.core.main.ScriptEngine.run(ScriptEngine.java:194)
	at com.kms.katalon.core.main.ScriptEngine.runScriptAsRawText(ScriptEngine.java:119)
	at com.kms.katalon.core.main.TestCaseExecutor.runScript(TestCaseExecutor.java:448)
	at com.kms.katalon.core.main.TestCaseExecutor.doExecute(TestCaseExecutor.java:439)
	at com.kms.katalon.core.main.TestCaseExecutor.processExecutionPhase(TestCaseExecutor.java:418)
	at com.kms.katalon.core.main.TestCaseExecutor.accessMainPhase(TestCaseExecutor.java:410)
	at com.kms.katalon.core.main.TestCaseExecutor.execute(TestCaseExecutor.java:285)
	at com.kms.katalon.core.common.CommonExecutor.accessTestCaseMainPhase(CommonExecutor.java:65)
	at com.kms.katalon.core.main.TestSuiteExecutor.accessTestSuiteMainPhase(TestSuiteExecutor.java:151)
	at com.kms.katalon.core.main.TestSuiteExecutor.execute(TestSuiteExecutor.java:106)
	at com.kms.katalon.core.main.TestCaseMain.startTestSuite(TestCaseMain.java:185)
	at com.kms.katalon.core.main.TestCaseMain$startTestSuite$0.call(Unknown Source)
	at TempTestSuite1677106148180.run(TempTestSuite1677106148180.groovy:36)
Caused by: org.openqa.selenium.ElementNotInteractableException: element not interactable
  (Session info: chrome=110.0.5481.100)
Build info: version: '3.141.59', revision: 'e82be7d358', time: '2018-11-14T08:25:53'
System info: host: 'Kashifs-MacBook-Pro.local', ip: 'fe80:0:0:0:2a:e350:6cb0:c073%en0', os.name: 'Mac OS X', os.arch: 'x86_64', os.version: '10.16', java.version: '1.8.0_275'
Driver info: com.kms.katalon.selenium.driver.CChromeDriver
Capabilities {acceptInsecureCerts: false, browserName: chrome, browserVersion: 110.0.5481.100, chrome: {chromedriverVersion: 109.0.5414.74 (e7c5703604da..., userDataDir: /var/folders/d5/lp70b0s53sb...}, goog:chromeOptions: {debuggerAddress: localhost:64802}, javascriptEnabled: true, networkConnectionEnabled: false, pageLoadStrategy: normal, platform: MAC, platformName: MAC, proxy: Proxy(), setWindowRect: true, strictFileInteractability: false, timeouts: {implicit: 0, pageLoad: 300000, script: 30000}, unhandledPromptBehavior: dismiss and notify, webauthn:extension:credBlob: true, webauthn:extension:largeBlob: true, webauthn:virtualAuthenticators: true}
Session ID: e9faa82761f8f27c495c5d806a5809d5
	at org.openqa.selenium.remote.http.W3CHttpResponseCodec.createException(W3CHttpResponseCodec.java:187)
	at org.openqa.selenium.remote.http.W3CHttpResponseCodec.decode(W3CHttpResponseCodec.java:122)
	at org.openqa.selenium.remote.http.W3CHttpResponseCodec.decode(W3CHttpResponseCodec.java:49)
	at org.openqa.selenium.remote.HttpCommandExecutor.execute(HttpCommandExecutor.java:158)
	at org.openqa.selenium.remote.service.DriverCommandExecutor.execute(DriverCommandExecutor.java:83)
	at org.openqa.selenium.remote.RemoteWebDriver.execute(RemoteWebDriver.java:552)
	at com.kms.katalon.selenium.driver.CChromeDriver.execute(CChromeDriver.java:19)
	at org.openqa.selenium.remote.RemoteWebElement.execute(RemoteWebElement.java:285)
	at org.openqa.selenium.remote.RemoteWebElement.click(RemoteWebElement.java:84)
	at org.openqa.selenium.support.events.EventFiringWebDriver$EventFiringWebElement.lambda$new$0(EventFiringWebDriver.java:404)
	at com.sun.proxy.$Proxy20.click(Unknown Source)
	at org.openqa.selenium.support.events.EventFiringWebDriver$EventFiringWebElement.click(EventFiringWebDriver.java:417)
	at org.openqa.selenium.WebElement$click.call(Unknown Source)
	at com.kms.katalon.core.webui.keyword.builtin.ClickKeyword.clickUntilSuccessWithTimeout(ClickKeyword.groovy:81)
	at com.kms.katalon.core.webui.keyword.builtin.ClickKeyword.clickUntilSuccessWithTimeout(ClickKeyword.groovy)
	at com.kms.katalon.core.webui.keyword.builtin.ClickKeyword$_click_closure1.doCall(ClickKeyword.groovy:67)
	at com.kms.katalon.core.webui.keyword.builtin.ClickKeyword$_click_closure1.call(ClickKeyword.groovy)
	at com.kms.katalon.core.webui.keyword.internal.WebUIKeywordMain.runKeyword(WebUIKeywordMain.groovy:20)
	at com.kms.katalon.core.webui.keyword.builtin.ClickKeyword.click(ClickKeyword.groovy:74)
	at com.kms.katalon.core.webui.keyword.builtin.ClickKeyword.execute(ClickKeyword.groovy:40)
	at com.kms.katalon.core.keyword.internal.KeywordExecutor.executeKeywordForPlatform(KeywordExecutor.groovy:74)
	at com.kms.katalon.core.webui.keyword.WebUiBuiltInKeywords.click(WebUiBuiltInKeywords.groovy:620)
	at com.kms.katalon.core.webui.keyword.WebUiBuiltInKeywords$click$0.call(Unknown Source)
	at Script1676460691936.run(Script1676460691936.groovy:28)
	... 13 more
)
[[ATTACHMENT|/Users/kashif/Downloads/Kashif/Katalon Studio/4.0_fresh/4.0 Fresh/Reports/20230223_034907/GIS/20230223_034908/1677108082362.png]]

2023-02-23 04:21:22 - [TEST_STEP][PASSED] - click(findTestObject("Object Repository/WO_Dashboard/Page_Streetlogix  Dashboard/li_Bridge Inspection")): Object: 'Object Repository/WO_Dashboard/Page_Streetlogix  Dashboard/li_Bridge Inspection' is clicked on

2023-02-23 04:21:38 - [MESSAGE][PASSED] - Object: 'Object Repository/WO_Dashboard/Page_Streetlogix  Dashboard/li_Bridge Inspection' is clicked on

2023-02-23 04:21:38 - [TEST_STEP][PASSED] - click(findTestObject("Object Repository/WO_Dashboard/Page_Streetlogix  Dashboard/input_Select Form_mui-83086")): Object: 'Object Repository/WO_Dashboard/Page_Streetlogix  Dashboard/input_Select Form_mui-83086' is clicked on

2023-02-23 04:21:39 - [MESSAGE][PASSED] - Object: 'Object Repository/WO_Dashboard/Page_Streetlogix  Dashboard/input_Select Form_mui-83086' is clicked on

2023-02-23 04:21:39 - [TEST_STEP][PASSED] - click(findTestObject("Object Repository/WO_Dashboard/Page_Streetlogix  Dashboard/span_Bridge Maintenance")): Object: 'Object Repository/WO_Dashboard/Page_Streetlogix  Dashboard/span_Bridge Maintenance' is clicked on

2023-02-23 04:21:40 - [MESSAGE][PASSED] - Object: 'Object Repository/WO_Dashboard/Page_Streetlogix  Dashboard/span_Bridge Maintenance' is clicked on

2023-02-23 04:21:40 - [TEST_STEP][PASSED] - click(findTestObject("Object Repository/WO_Dashboard/Page_Streetlogix  Dashboard/span_Next")): Object: 'Object Repository/WO_Dashboard/Page_Streetlogix  Dashboard/span_Next' is clicked on

2023-02-23 04:21:41 - [MESSAGE][PASSED] - Object: 'Object Repository/WO_Dashboard/Page_Streetlogix  Dashboard/span_Next' is clicked on

2023-02-23 04:21:41 - [TEST_STEP][PASSED] - click(findTestObject("Object Repository/WO_Dashboard/Page_Streetlogix  Dashboard/input_Select Assignee_combo-box-demo")): Object: 'Object Repository/WO_Dashboard/Page_Streetlogix  Dashboard/input_Select Assignee_combo-box-demo' is clicked on

2023-02-23 04:21:43 - [MESSAGE][PASSED] - Object: 'Object Repository/WO_Dashboard/Page_Streetlogix  Dashboard/input_Select Assignee_combo-box-demo' is clicked on

2023-02-23 04:21:43 - [TEST_STEP][PASSED] - click(findTestObject("Object Repository/WO_Dashboard/Page_Streetlogix  Dashboard/span_Dev Admin")): Object: 'Object Repository/WO_Dashboard/Page_Streetlogix  Dashboard/span_Dev Admin' is clicked on

2023-02-23 04:21:44 - [MESSAGE][PASSED] - Object: 'Object Repository/WO_Dashboard/Page_Streetlogix  Dashboard/span_Dev Admin' is clicked on

2023-02-23 04:21:44 - [TEST_STEP][PASSED] - click(findTestObject("Object Repository/WO_Dashboard/Page_Streetlogix  Dashboard/input_Collaborators_checkboxes-tags-demo")): Object: 'Object Repository/WO_Dashboard/Page_Streetlogix  Dashboard/input_Collaborators_checkboxes-tags-demo' is clicked on

2023-02-23 04:21:44 - [MESSAGE][PASSED] - Object: 'Object Repository/WO_Dashboard/Page_Streetlogix  Dashboard/input_Collaborators_checkboxes-tags-demo' is clicked on

2023-02-23 04:21:44 - [TEST_STEP][PASSED] - click(findTestObject("Object Repository/WO_Dashboard/Page_Streetlogix  Dashboard/div_Aami  admin")): Object: 'Object Repository/WO_Dashboard/Page_Streetlogix  Dashboard/div_Aami  admin' is clicked on

2023-02-23 04:21:46 - [MESSAGE][PASSED] - Object: 'Object Repository/WO_Dashboard/Page_Streetlogix  Dashboard/div_Aami  admin' is clicked on

2023-02-23 04:21:46 - [TEST_STEP][PASSED] - setText(findTestObject("Object Repository/WO_Dashboard/Page_Streetlogix  Dashboard/input_Due Date_due_date"), "22/01/2024"): Text '22/01/2024' is set on object 'Object Repository/WO_Dashboard/Page_Streetlogix  Dashboard/input_Due Date_due_date'

2023-02-23 04:21:50 - [MESSAGE][PASSED] - Text '22/01/2024' is set on object 'Object Repository/WO_Dashboard/Page_Streetlogix  Dashboard/input_Due Date_due_date'

2023-02-23 04:21:50 - [TEST_STEP][PASSED] - click(findTestObject("Object Repository/WO_Dashboard/Page_Streetlogix  Dashboard/Priority_field")): Object: 'Object Repository/WO_Dashboard/Page_Streetlogix  Dashboard/Priority_field' is clicked on

2023-02-23 04:21:52 - [MESSAGE][PASSED] - Object: 'Object Repository/WO_Dashboard/Page_Streetlogix  Dashboard/Priority_field' is clicked on

2023-02-23 04:21:52 - [TEST_STEP][PASSED] - click(findTestObject("Object Repository/WO_Dashboard/Page_Streetlogix  Dashboard/span_Medium")): Object: 'Object Repository/WO_Dashboard/Page_Streetlogix  Dashboard/span_Medium' is clicked on

2023-02-23 04:21:54 - [MESSAGE][PASSED] - Object: 'Object Repository/WO_Dashboard/Page_Streetlogix  Dashboard/span_Medium' is clicked on

2023-02-23 04:21:54 - [TEST_STEP][PASSED] - click(findTestObject("WO_Dashboard/Page_Streetlogix  Dashboard/input_Search by Asset ID_mui-40471"), STOP_ON_FAILURE): Object: 'Object Repository/WO_Dashboard/Page_Streetlogix  Dashboard/input_Search by Asset ID_mui-40471' is clicked on

2023-02-23 04:21:56 - [MESSAGE][PASSED] - Object: 'Object Repository/WO_Dashboard/Page_Streetlogix  Dashboard/input_Search by Asset ID_mui-40471' is clicked on

2023-02-23 04:21:56 - [TEST_STEP][PASSED] - setText(findTestObject("WO_Dashboard/Page_Streetlogix  Dashboard/asse_field"), "12"): Text '12' is set on object 'Object Repository/WO_Dashboard/Page_Streetlogix  Dashboard/asse_field'

2023-02-23 04:22:00 - [MESSAGE][PASSED] - Text '12' is set on object 'Object Repository/WO_Dashboard/Page_Streetlogix  Dashboard/asse_field'

2023-02-23 04:22:00 - [TEST_STEP][PASSED] - focus(findTestObject("WO_Dashboard/Page_Streetlogix  Dashboard/asse_field"), STOP_ON_FAILURE): Object: 'Object Repository/WO_Dashboard/Page_Streetlogix  Dashboard/asse_field' is focused

2023-02-23 04:22:03 - [MESSAGE][PASSED] - Object: 'Object Repository/WO_Dashboard/Page_Streetlogix  Dashboard/asse_field' is focused

2023-02-23 04:22:03 - [TEST_STEP][PASSED] - click(findTestObject("WO_Dashboard/Page_Streetlogix  Dashboard/asse_field"), STOP_ON_FAILURE): Object: 'Object Repository/WO_Dashboard/Page_Streetlogix  Dashboard/asse_field' is clicked on

2023-02-23 04:22:05 - [MESSAGE][PASSED] - Object: 'Object Repository/WO_Dashboard/Page_Streetlogix  Dashboard/asse_field' is clicked on

2023-02-23 04:22:05 - [TEST_STEP][PASSED] - click(findTestObject("WO_Dashboard/Page_Streetlogix  Dashboard/asse_field"), STOP_ON_FAILURE): Object: 'Object Repository/WO_Dashboard/Page_Streetlogix  Dashboard/asse_field' is clicked on

2023-02-23 04:22:07 - [MESSAGE][PASSED] - Object: 'Object Repository/WO_Dashboard/Page_Streetlogix  Dashboard/asse_field' is clicked on

2023-02-23 04:22:07 - [TEST_STEP][PASSED] - click(findTestObject("WO_Dashboard/Page_Streetlogix  Dashboard/li_12")): Object: 'Object Repository/WO_Dashboard/Page_Streetlogix  Dashboard/li_12' is clicked on

2023-02-23 04:22:09 - [MESSAGE][PASSED] - Object: 'Object Repository/WO_Dashboard/Page_Streetlogix  Dashboard/li_12' is clicked on

2023-02-23 04:22:09 - [TEST_STEP][PASSED] - address = getAttribute(findTestObject("WO_Dashboard/Page_Streetlogix  Dashboard/address_field2"), "value"): Attribute 'value' of object 'Object Repository/WO_Dashboard/Page_Streetlogix  Dashboard/address_field2' is: 'TYLER AVE From 31ST ST To 32ND ST - 12'

2023-02-23 04:22:11 - [MESSAGE][PASSED] - Attribute 'value' of object 'Object Repository/WO_Dashboard/Page_Streetlogix  Dashboard/address_field2' is: 'TYLER AVE From 31ST ST To 32ND ST - 12'

2023-02-23 04:22:11 - [TEST_STEP][PASSED] - Searchedtext = "TYLER AVE From 31ST ST To 32ND ST - 12": null

2023-02-23 04:22:11 - [TEST_STEP][PASSED] - println(address): null

2023-02-23 04:22:11 - [TEST_STEP][PASSED] - verifyMatch(address, Searchedtext, false): Actual text 'TYLER AVE From 31ST ST To 32ND ST - 12' and expected text 'TYLER AVE From 31ST ST To 32ND ST - 12' are matched 

2023-02-23 04:22:11 - [MESSAGE][PASSED] - Actual text 'TYLER AVE From 31ST ST To 32ND ST - 12' and expected text 'TYLER AVE From 31ST ST To 32ND ST - 12' are matched 

2023-02-23 04:22:11 - [TEST_STEP][PASSED] - setText(findTestObject("Object Repository/WO_Dashboard/Page_Streetlogix  Dashboard/textarea_New"), "New"): Text 'New' is set on object 'Object Repository/WO_Dashboard/Page_Streetlogix  Dashboard/textarea_New'

2023-02-23 04:22:15 - [MESSAGE][PASSED] - Text 'New' is set on object 'Object Repository/WO_Dashboard/Page_Streetlogix  Dashboard/textarea_New'

2023-02-23 04:22:15 - [TEST_STEP][PASSED] - click(findTestObject("WO_Dashboard/Page_Streetlogix  Dashboard/Toggle_Equipment")): Object: 'Object Repository/WO_Dashboard/Page_Streetlogix  Dashboard/Toggle_Equipment' is clicked on

2023-02-23 04:22:17 - [MESSAGE][PASSED] - Object: 'Object Repository/WO_Dashboard/Page_Streetlogix  Dashboard/Toggle_Equipment' is clicked on

2023-02-23 04:22:17 - [TEST_STEP][PASSED] - click(findTestObject("Object Repository/WO_Dashboard/Page_Streetlogix  Dashboard/svg_Equipment_MuiSvgIcon-root")): Object: 'Object Repository/WO_Dashboard/Page_Streetlogix  Dashboard/svg_Equipment_MuiSvgIcon-root' is clicked on

2023-02-23 04:22:19 - [MESSAGE][PASSED] - Object: 'Object Repository/WO_Dashboard/Page_Streetlogix  Dashboard/svg_Equipment_MuiSvgIcon-root' is clicked on

2023-02-23 04:22:19 - [TEST_STEP][PASSED] - click(findTestObject("Object Repository/WO_Dashboard/Page_Streetlogix  Dashboard/li_Axe-Ton-20")): Object: 'Object Repository/WO_Dashboard/Page_Streetlogix  Dashboard/li_Axe-Ton-20' is clicked on

2023-02-23 04:22:21 - [MESSAGE][PASSED] - Object: 'Object Repository/WO_Dashboard/Page_Streetlogix  Dashboard/li_Axe-Ton-20' is clicked on

2023-02-23 04:22:21 - [TEST_STEP][PASSED] - setText(findTestObject("Object Repository/WO_Dashboard/Page_Streetlogix  Dashboard/input__MuiInputBase-input MuiOutlinedInput-_2734f2"), "10"): Text '10' is set on object 'Object Repository/WO_Dashboard/Page_Streetlogix  Dashboard/input__MuiInputBase-input MuiOutlinedInput-_2734f2'

2023-02-23 04:22:25 - [MESSAGE][PASSED] - Text '10' is set on object 'Object Repository/WO_Dashboard/Page_Streetlogix  Dashboard/input__MuiInputBase-input MuiOutlinedInput-_2734f2'

2023-02-23 04:22:25 - [TEST_STEP][PASSED] - click(findTestObject("Object Repository/WO_Dashboard/Page_Streetlogix  Dashboard/div_Add Item")): Object: 'Object Repository/WO_Dashboard/Page_Streetlogix  Dashboard/div_Add Item' is clicked on

2023-02-23 04:22:27 - [MESSAGE][PASSED] - Object: 'Object Repository/WO_Dashboard/Page_Streetlogix  Dashboard/div_Add Item' is clicked on

2023-02-23 04:22:27 - [TEST_STEP][PASSED] - click(findTestObject("WO_Dashboard/Page_Streetlogix  Dashboard/btn_workorder_create")): Object: 'Object Repository/WO_Dashboard/Page_Streetlogix  Dashboard/btn_workorder_create' is clicked on

2023-02-23 04:22:29 - [MESSAGE][PASSED] - Object: 'Object Repository/WO_Dashboard/Page_Streetlogix  Dashboard/btn_workorder_create' is clicked on

2023-02-23 04:22:29 - [TEST_STEP][PASSED] - countAfter = database_keywords.test.Database_Keywords.getWorkOrdersCount(): database_keywords.test.Database_Keywords.getWorkOrdersCount is PASSED

2023-02-23 04:22:36 - [MESSAGE][PASSED] - database_keywords.test.Database_Keywords.getWorkOrdersCount is PASSED

2023-02-23 04:22:36 - [TEST_STEP][PASSED] - println(countAfter): null

2023-02-23 04:22:36 - [TEST_STEP][PASSED] - if (countAfter == countBefore + 1): null

2023-02-23 04:22:36 - [TEST_STEP][PASSED] - println("Work Order Created"): null

2023-02-23 04:22:36 - [TEST_STEP][PASSED] - closeBrowser(): Browser is closed

2023-02-23 04:22:36 - [MESSAGE][PASSED] - Browser is closed

2023-02-23 04:22:36 - [TEST_STEP][PASSED] - Video: Video recording for test case 'Test Cases/Dashboard/Work Orders/Create_WO_System_Forms_Basic' .

2023-02-23 04:22:36 - [MESSAGE][INFO] - Video recording for test case 'Test Cases/Dashboard/Work Orders/Create_WO_System_Forms_Basic' .]]></system-out>
         <system-err><![CDATA[2023-02-23 04:21:03 - [TEST_CASE][FAILED] - Test Cases/Dashboard/Work Orders/Create_WO_System_Forms_Basic: Test Cases/Dashboard/Work Orders/Create_WO_System_Forms_Basic FAILED.
Reason:
com.kms.katalon.core.exception.StepFailedException: Unable to click on object 'Object Repository/WO_Dashboard/Page_Streetlogix  Dashboard/input_Select Group_mui-33912' (Root cause: com.kms.katalon.core.exception.StepFailedException: Unable to click on object 'Object Repository/WO_Dashboard/Page_Streetlogix  Dashboard/input_Select Group_mui-33912'
	at com.kms.katalon.core.webui.keyword.internal.WebUIKeywordMain.stepFailed(WebUIKeywordMain.groovy:64)
	at com.kms.katalon.core.webui.keyword.internal.WebUIKeywordMain.runKeyword(WebUIKeywordMain.groovy:26)
	at com.kms.katalon.core.webui.keyword.builtin.ClickKeyword.click(ClickKeyword.groovy:74)
	at com.kms.katalon.core.webui.keyword.builtin.ClickKeyword.execute(ClickKeyword.groovy:40)
	at com.kms.katalon.core.keyword.internal.KeywordExecutor.executeKeywordForPlatform(KeywordExecutor.groovy:74)
	at com.kms.katalon.core.webui.keyword.WebUiBuiltInKeywords.click(WebUiBuiltInKeywords.groovy:620)
	at com.kms.katalon.core.webui.keyword.WebUiBuiltInKeywords$click$0.call(Unknown Source)
	at Create_WO_System_Forms_Basic.run(Create_WO_System_Forms_Basic:28)
	at com.kms.katalon.core.main.ScriptEngine.run(ScriptEngine.java:194)
	at com.kms.katalon.core.main.ScriptEngine.runScriptAsRawText(ScriptEngine.java:119)
	at com.kms.katalon.core.main.TestCaseExecutor.runScript(TestCaseExecutor.java:448)
	at com.kms.katalon.core.main.TestCaseExecutor.doExecute(TestCaseExecutor.java:439)
	at com.kms.katalon.core.main.TestCaseExecutor.processExecutionPhase(TestCaseExecutor.java:418)
	at com.kms.katalon.core.main.TestCaseExecutor.accessMainPhase(TestCaseExecutor.java:410)
	at com.kms.katalon.core.main.TestCaseExecutor.execute(TestCaseExecutor.java:285)
	at com.kms.katalon.core.common.CommonExecutor.accessTestCaseMainPhase(CommonExecutor.java:65)
	at com.kms.katalon.core.main.TestSuiteExecutor.accessTestSuiteMainPhase(TestSuiteExecutor.java:151)
	at com.kms.katalon.core.main.TestSuiteExecutor.execute(TestSuiteExecutor.java:106)
	at com.kms.katalon.core.main.TestCaseMain.startTestSuite(TestCaseMain.java:185)
	at com.kms.katalon.core.main.TestCaseMain$startTestSuite$0.call(Unknown Source)
	at TempTestSuite1677106148180.run(TempTestSuite1677106148180.groovy:36)
Caused by: org.openqa.selenium.ElementNotInteractableException: element not interactable
  (Session info: chrome=110.0.5481.100)
Build info: version: '3.141.59', revision: 'e82be7d358', time: '2018-11-14T08:25:53'
System info: host: 'Kashifs-MacBook-Pro.local', ip: 'fe80:0:0:0:2a:e350:6cb0:c073%en0', os.name: 'Mac OS X', os.arch: 'x86_64', os.version: '10.16', java.version: '1.8.0_275'
Driver info: com.kms.katalon.selenium.driver.CChromeDriver
Capabilities {acceptInsecureCerts: false, browserName: chrome, browserVersion: 110.0.5481.100, chrome: {chromedriverVersion: 109.0.5414.74 (e7c5703604da..., userDataDir: /var/folders/d5/lp70b0s53sb...}, goog:chromeOptions: {debuggerAddress: localhost:64802}, javascriptEnabled: true, networkConnectionEnabled: false, pageLoadStrategy: normal, platform: MAC, platformName: MAC, proxy: Proxy(), setWindowRect: true, strictFileInteractability: false, timeouts: {implicit: 0, pageLoad: 300000, script: 30000}, unhandledPromptBehavior: dismiss and notify, webauthn:extension:credBlob: true, webauthn:extension:largeBlob: true, webauthn:virtualAuthenticators: true}
Session ID: e9faa82761f8f27c495c5d806a5809d5
	at org.openqa.selenium.remote.http.W3CHttpResponseCodec.createException(W3CHttpResponseCodec.java:187)
	at org.openqa.selenium.remote.http.W3CHttpResponseCodec.decode(W3CHttpResponseCodec.java:122)
	at org.openqa.selenium.remote.http.W3CHttpResponseCodec.decode(W3CHttpResponseCodec.java:49)
	at org.openqa.selenium.remote.HttpCommandExecutor.execute(HttpCommandExecutor.java:158)
	at org.openqa.selenium.remote.service.DriverCommandExecutor.execute(DriverCommandExecutor.java:83)
	at org.openqa.selenium.remote.RemoteWebDriver.execute(RemoteWebDriver.java:552)
	at com.kms.katalon.selenium.driver.CChromeDriver.execute(CChromeDriver.java:19)
	at org.openqa.selenium.remote.RemoteWebElement.execute(RemoteWebElement.java:285)
	at org.openqa.selenium.remote.RemoteWebElement.click(RemoteWebElement.java:84)
	at org.openqa.selenium.support.events.EventFiringWebDriver$EventFiringWebElement.lambda$new$0(EventFiringWebDriver.java:404)
	at com.sun.proxy.$Proxy20.click(Unknown Source)
	at org.openqa.selenium.support.events.EventFiringWebDriver$EventFiringWebElement.click(EventFiringWebDriver.java:417)
	at org.openqa.selenium.WebElement$click.call(Unknown Source)
	at com.kms.katalon.core.webui.keyword.builtin.ClickKeyword.clickUntilSuccessWithTimeout(ClickKeyword.groovy:81)
	at com.kms.katalon.core.webui.keyword.builtin.ClickKeyword.clickUntilSuccessWithTimeout(ClickKeyword.groovy)
	at com.kms.katalon.core.webui.keyword.builtin.ClickKeyword$_click_closure1.doCall(ClickKeyword.groovy:67)
	at com.kms.katalon.core.webui.keyword.builtin.ClickKeyword$_click_closure1.call(ClickKeyword.groovy)
	at com.kms.katalon.core.webui.keyword.internal.WebUIKeywordMain.runKeyword(WebUIKeywordMain.groovy:20)
	at com.kms.katalon.core.webui.keyword.builtin.ClickKeyword.click(ClickKeyword.groovy:74)
	at com.kms.katalon.core.webui.keyword.builtin.ClickKeyword.execute(ClickKeyword.groovy:40)
	at com.kms.katalon.core.keyword.internal.KeywordExecutor.executeKeywordForPlatform(KeywordExecutor.groovy:74)
	at com.kms.katalon.core.webui.keyword.WebUiBuiltInKeywords.click(WebUiBuiltInKeywords.groovy:620)
	at com.kms.katalon.core.webui.keyword.WebUiBuiltInKeywords$click$0.call(Unknown Source)
	at Script1676460691936.run(Script1676460691936.groovy:28)
	... 13 more
)
	at com.kms.katalon.core.keyword.internal.KeywordMain.stepFailed(KeywordMain.groovy:39)
	at com.kms.katalon.core.webui.keyword.internal.WebUIKeywordMain.stepFailed(WebUIKeywordMain.groovy:64)
	at com.kms.katalon.core.webui.keyword.internal.WebUIKeywordMain.runKeyword(WebUIKeywordMain.groovy:26)
	at com.kms.katalon.core.webui.keyword.builtin.ClickKeyword.click(ClickKeyword.groovy:74)
	at com.kms.katalon.core.webui.keyword.builtin.ClickKeyword.execute(ClickKeyword.groovy:40)
	at com.kms.katalon.core.keyword.internal.KeywordExecutor.executeKeywordForPlatform(KeywordExecutor.groovy:74)
	at com.kms.katalon.core.webui.keyword.WebUiBuiltInKeywords.click(WebUiBuiltInKeywords.groovy:620)
	at com.kms.katalon.core.webui.keyword.WebUiBuiltInKeywords$click$0.call(Unknown Source)
	at Create_WO_System_Forms_Basic.run(Create_WO_System_Forms_Basic:28)
	at com.kms.katalon.core.main.ScriptEngine.run(ScriptEngine.java:194)
	at com.kms.katalon.core.main.ScriptEngine.runScriptAsRawText(ScriptEngine.java:119)
	at com.kms.katalon.core.main.TestCaseExecutor.runScript(TestCaseExecutor.java:448)
	at com.kms.katalon.core.main.TestCaseExecutor.doExecute(TestCaseExecutor.java:439)
	at com.kms.katalon.core.main.TestCaseExecutor.processExecutionPhase(TestCaseExecutor.java:418)
	at com.kms.katalon.core.main.TestCaseExecutor.accessMainPhase(TestCaseExecutor.java:410)
	at com.kms.katalon.core.main.TestCaseExecutor.execute(TestCaseExecutor.java:285)
	at com.kms.katalon.core.common.CommonExecutor.accessTestCaseMainPhase(CommonExecutor.java:65)
	at com.kms.katalon.core.main.TestSuiteExecutor.accessTestSuiteMainPhase(TestSuiteExecutor.java:151)
	at com.kms.katalon.core.main.TestSuiteExecutor.execute(TestSuiteExecutor.java:106)
	at com.kms.katalon.core.main.TestCaseMain.startTestSuite(TestCaseMain.java:185)
	at com.kms.katalon.core.main.TestCaseMain$startTestSuite$0.call(Unknown Source)
	at TempTestSuite1677106148180.run(TempTestSuite1677106148180.groovy:36)
Caused by: com.kms.katalon.core.exception.StepFailedException: Unable to click on object 'Object Repository/WO_Dashboard/Page_Streetlogix  Dashboard/input_Select Group_mui-33912'
	... 21 more
Caused by: org.openqa.selenium.ElementNotInteractableException: element not interactable
  (Session info: chrome=110.0.5481.100)
Build info: version: '3.141.59', revision: 'e82be7d358', time: '2018-11-14T08:25:53'
System info: host: 'Kashifs-MacBook-Pro.local', ip: 'fe80:0:0:0:2a:e350:6cb0:c073%en0', os.name: 'Mac OS X', os.arch: 'x86_64', os.version: '10.16', java.version: '1.8.0_275'
Driver info: com.kms.katalon.selenium.driver.CChromeDriver
Capabilities {acceptInsecureCerts: false, browserName: chrome, browserVersion: 110.0.5481.100, chrome: {chromedriverVersion: 109.0.5414.74 (e7c5703604da..., userDataDir: /var/folders/d5/lp70b0s53sb...}, goog:chromeOptions: {debuggerAddress: localhost:64802}, javascriptEnabled: true, networkConnectionEnabled: false, pageLoadStrategy: normal, platform: MAC, platformName: MAC, proxy: Proxy(), setWindowRect: true, strictFileInteractability: false, timeouts: {implicit: 0, pageLoad: 300000, script: 30000}, unhandledPromptBehavior: dismiss and notify, webauthn:extension:credBlob: true, webauthn:extension:largeBlob: true, webauthn:virtualAuthenticators: true}
Session ID: e9faa82761f8f27c495c5d806a5809d5
	at org.openqa.selenium.remote.http.W3CHttpResponseCodec.createException(W3CHttpResponseCodec.java:187)
	at org.openqa.selenium.remote.http.W3CHttpResponseCodec.decode(W3CHttpResponseCodec.java:122)
	at org.openqa.selenium.remote.http.W3CHttpResponseCodec.decode(W3CHttpResponseCodec.java:49)
	at org.openqa.selenium.remote.HttpCommandExecutor.execute(HttpCommandExecutor.java:158)
	at org.openqa.selenium.remote.service.DriverCommandExecutor.execute(DriverCommandExecutor.java:83)
	at org.openqa.selenium.remote.RemoteWebDriver.execute(RemoteWebDriver.java:552)
	at com.kms.katalon.selenium.driver.CChromeDriver.execute(CChromeDriver.java:19)
	at org.openqa.selenium.remote.RemoteWebElement.execute(RemoteWebElement.java:285)
	at org.openqa.selenium.remote.RemoteWebElement.click(RemoteWebElement.java:84)
	at org.openqa.selenium.support.events.EventFiringWebDriver$EventFiringWebElement.lambda$new$0(EventFiringWebDriver.java:404)
	at com.sun.proxy.$Proxy20.click(Unknown Source)
	at org.openqa.selenium.support.events.EventFiringWebDriver$EventFiringWebElement.click(EventFiringWebDriver.java:417)
	at org.openqa.selenium.WebElement$click.call(Unknown Source)
	at com.kms.katalon.core.webui.keyword.builtin.ClickKeyword.clickUntilSuccessWithTimeout(ClickKeyword.groovy:81)
	at com.kms.katalon.core.webui.keyword.builtin.ClickKeyword.clickUntilSuccessWithTimeout(ClickKeyword.groovy)
	at com.kms.katalon.core.webui.keyword.builtin.ClickKeyword$_click_closure1.doCall(ClickKeyword.groovy:67)
	at com.kms.katalon.core.webui.keyword.builtin.ClickKeyword$_click_closure1.call(ClickKeyword.groovy)
	at com.kms.katalon.core.webui.keyword.internal.WebUIKeywordMain.runKeyword(WebUIKeywordMain.groovy:20)
	... 19 more]]></system-err>
      </testcase>
      <testcase name="Test Cases/Dashboard/Work Orders/Create_WO_System_Forms_With_Equipements" time="71.344" classname="Test Cases/Dashboard/Work Orders/Create_WO_System_Forms_With_Equipements" status="FAILED">
         <failure type="FAILED" message="Test Cases/Dashboard/Work Orders/Create_WO_System_Forms_With_Equipements FAILED.
Reason:
com.kms.katalon.core.exception.StepFailedException: Unable to click on object 'Object Repository/WO_Dashboard/Page_Streetlogix  Dashboard/input_Select Group_mui-33912' (Root cause: com.kms.katalon.core.exception.StepFailedException: Unable to click on object 'Object Repository/WO_Dashboard/Page_Streetlogix  Dashboard/input_Select Group_mui-33912'
	at com.kms.katalon.core.webui.keyword.internal.WebUIKeywordMain.stepFailed(WebUIKeywordMain.groovy:64)
	at com.kms.katalon.core.webui.keyword.internal.WebUIKeywordMain.runKeyword(WebUIKeywordMain.groovy:26)
	at com.kms.katalon.core.webui.keyword.builtin.ClickKeyword.click(ClickKeyword.groovy:74)
	at com.kms.katalon.core.webui.keyword.builtin.ClickKeyword.execute(ClickKeyword.groovy:40)
	at com.kms.katalon.core.keyword.internal.KeywordExecutor.executeKeywordForPlatform(KeywordExecutor.groovy:74)
	at com.kms.katalon.core.webui.keyword.WebUiBuiltInKeywords.click(WebUiBuiltInKeywords.groovy:620)
	at com.kms.katalon.core.webui.keyword.WebUiBuiltInKeywords$click$0.call(Unknown Source)
	at Create_WO_System_Forms_With_Equipements.run(Create_WO_System_Forms_With_Equipements:28)
	at com.kms.katalon.core.main.ScriptEngine.run(ScriptEngine.java:194)
	at com.kms.katalon.core.main.ScriptEngine.runScriptAsRawText(ScriptEngine.java:119)
	at com.kms.katalon.core.main.TestCaseExecutor.runScript(TestCaseExecutor.java:448)
	at com.kms.katalon.core.main.TestCaseExecutor.doExecute(TestCaseExecutor.java:439)
	at com.kms.katalon.core.main.TestCaseExecutor.processExecutionPhase(TestCaseExecutor.java:418)
	at com.kms.katalon.core.main.TestCaseExecutor.accessMainPhase(TestCaseExecutor.java:410)
	at com.kms.katalon.core.main.TestCaseExecutor.execute(TestCaseExecutor.java:285)
	at com.kms.katalon.core.common.CommonExecutor.accessTestCaseMainPhase(CommonExecutor.java:65)
	at com.kms.katalon.core.main.TestSuiteExecutor.accessTestSuiteMainPhase(TestSuiteExecutor.java:151)
	at com.kms.katalon.core.main.TestSuiteExecutor.execute(TestSuiteExecutor.java:106)
	at com.kms.katalon.core.main.TestCaseMain.startTestSuite(TestCaseMain.java:185)
	at com.kms.katalon.core.main.TestCaseMain$startTestSuite$0.call(Unknown Source)
	at TempTestSuite1677106148180.run(TempTestSuite1677106148180.groovy:36)
Caused by: org.openqa.selenium.ElementNotInteractableException: element not interactable
  (Session info: chrome=110.0.5481.100)
Build info: version: '3.141.59', revision: 'e82be7d358', time: '2018-11-14T08:25:53'
System info: host: 'Kashifs-MacBook-Pro.local', ip: 'fe80:0:0:0:2a:e350:6cb0:c073%en0', os.name: 'Mac OS X', os.arch: 'x86_64', os.version: '10.16', java.version: '1.8.0_275'
Driver info: com.kms.katalon.selenium.driver.CChromeDriver
Capabilities {acceptInsecureCerts: false, browserName: chrome, browserVersion: 110.0.5481.100, chrome: {chromedriverVersion: 109.0.5414.74 (e7c5703604da..., userDataDir: /var/folders/d5/lp70b0s53sb...}, goog:chromeOptions: {debuggerAddress: localhost:65243}, javascriptEnabled: true, networkConnectionEnabled: false, pageLoadStrategy: normal, platform: MAC, platformName: MAC, proxy: Proxy(), setWindowRect: true, strictFileInteractability: false, timeouts: {implicit: 0, pageLoad: 300000, script: 30000}, unhandledPromptBehavior: dismiss and notify, webauthn:extension:credBlob: true, webauthn:extension:largeBlob: true, webauthn:virtualAuthenticators: true}
Session ID: 04f9d4fa5312079c9062d7c5e7f864b7
	at org.openqa.selenium.remote.http.W3CHttpResponseCodec.createException(W3CHttpResponseCodec.java:187)
	at org.openqa.selenium.remote.http.W3CHttpResponseCodec.decode(W3CHttpResponseCodec.java:122)
	at org.openqa.selenium.remote.http.W3CHttpResponseCodec.decode(W3CHttpResponseCodec.java:49)
	at org.openqa.selenium.remote.HttpCommandExecutor.execute(HttpCommandExecutor.java:158)
	at org.openqa.selenium.remote.service.DriverCommandExecutor.execute(DriverCommandExecutor.java:83)
	at org.openqa.selenium.remote.RemoteWebDriver.execute(RemoteWebDriver.java:552)
	at com.kms.katalon.selenium.driver.CChromeDriver.execute(CChromeDriver.java:19)
	at org.openqa.selenium.remote.RemoteWebElement.execute(RemoteWebElement.java:285)
	at org.openqa.selenium.remote.RemoteWebElement.click(RemoteWebElement.java:84)
	at org.openqa.selenium.support.events.EventFiringWebDriver$EventFiringWebElement.lambda$new$0(EventFiringWebDriver.java:404)
	at com.sun.proxy.$Proxy20.click(Unknown Source)
	at org.openqa.selenium.support.events.EventFiringWebDriver$EventFiringWebElement.click(EventFiringWebDriver.java:417)
	at org.openqa.selenium.WebElement$click.call(Unknown Source)
	at com.kms.katalon.core.webui.keyword.builtin.ClickKeyword.clickUntilSuccessWithTimeout(ClickKeyword.groovy:81)
	at com.kms.katalon.core.webui.keyword.builtin.ClickKeyword.clickUntilSuccessWithTimeout(ClickKeyword.groovy)
	at com.kms.katalon.core.webui.keyword.builtin.ClickKeyword$_click_closure1.doCall(ClickKeyword.groovy:67)
	at com.kms.katalon.core.webui.keyword.builtin.ClickKeyword$_click_closure1.call(ClickKeyword.groovy)
	at com.kms.katalon.core.webui.keyword.internal.WebUIKeywordMain.runKeyword(WebUIKeywordMain.groovy:20)
	at com.kms.katalon.core.webui.keyword.builtin.ClickKeyword.click(ClickKeyword.groovy:74)
	at com.kms.katalon.core.webui.keyword.builtin.ClickKeyword.execute(ClickKeyword.groovy:40)
	at com.kms.katalon.core.keyword.internal.KeywordExecutor.executeKeywordForPlatform(KeywordExecutor.groovy:74)
	at com.kms.katalon.core.webui.keyword.WebUiBuiltInKeywords.click(WebUiBuiltInKeywords.groovy:620)
	at com.kms.katalon.core.webui.keyword.WebUiBuiltInKeywords$click$0.call(Unknown Source)
	at Script1676460650298.run(Script1676460650298.groovy:28)
	... 13 more
)
	at com.kms.katalon.core.keyword.internal.KeywordMain.stepFailed(KeywordMain.groovy:39)
	at com.kms.katalon.core.webui.keyword.internal.WebUIKeywordMain.stepFailed(WebUIKeywordMain.groovy:64)
	at com.kms.katalon.core.webui.keyword.internal.WebUIKeywordMain.runKeyword(WebUIKeywordMain.groovy:26)
	at com.kms.katalon.core.webui.keyword.builtin.ClickKeyword.click(ClickKeyword.groovy:74)
	at com.kms.katalon.core.webui.keyword.builtin.ClickKeyword.execute(ClickKeyword.groovy:40)
	at com.kms.katalon.core.keyword.internal.KeywordExecutor.executeKeywordForPlatform(KeywordExecutor.groovy:74)
	at com.kms.katalon.core.webui.keyword.WebUiBuiltInKeywords.click(WebUiBuiltInKeywords.groovy:620)
	at com.kms.katalon.core.webui.keyword.WebUiBuiltInKeywords$click$0.call(Unknown Source)
	at Create_WO_System_Forms_With_Equipements.run(Create_WO_System_Forms_With_Equipements:28)
	at com.kms.katalon.core.main.ScriptEngine.run(ScriptEngine.java:194)
	at com.kms.katalon.core.main.ScriptEngine.runScriptAsRawText(ScriptEngine.java:119)
	at com.kms.katalon.core.main.TestCaseExecutor.runScript(TestCaseExecutor.java:448)
	at com.kms.katalon.core.main.TestCaseExecutor.doExecute(TestCaseExecutor.java:439)
	at com.kms.katalon.core.main.TestCaseExecutor.processExecutionPhase(TestCaseExecutor.java:418)
	at com.kms.katalon.core.main.TestCaseExecutor.accessMainPhase(TestCaseExecutor.java:410)
	at com.kms.katalon.core.main.TestCaseExecutor.execute(TestCaseExecutor.java:285)
	at com.kms.katalon.core.common.CommonExecutor.accessTestCaseMainPhase(CommonExecutor.java:65)
	at com.kms.katalon.core.main.TestSuiteExecutor.accessTestSuiteMainPhase(TestSuiteExecutor.java:151)
	at com.kms.katalon.core.main.TestSuiteExecutor.execute(TestSuiteExecutor.java:106)
	at com.kms.katalon.core.main.TestCaseMain.startTestSuite(TestCaseMain.java:185)
	at com.kms.katalon.core.main.TestCaseMain$startTestSuite$0.call(Unknown Source)
	at TempTestSuite1677106148180.run(TempTestSuite1677106148180.groovy:36)
Caused by: com.kms.katalon.core.exception.StepFailedException: Unable to click on object 'Object Repository/WO_Dashboard/Page_Streetlogix  Dashboard/input_Select Group_mui-33912'
	... 21 more
Caused by: org.openqa.selenium.ElementNotInteractableException: element not interactable
  (Session info: chrome=110.0.5481.100)
Build info: version: '3.141.59', revision: 'e82be7d358', time: '2018-11-14T08:25:53'
System info: host: 'Kashifs-MacBook-Pro.local', ip: 'fe80:0:0:0:2a:e350:6cb0:c073%en0', os.name: 'Mac OS X', os.arch: 'x86_64', os.version: '10.16', java.version: '1.8.0_275'
Driver info: com.kms.katalon.selenium.driver.CChromeDriver
Capabilities {acceptInsecureCerts: false, browserName: chrome, browserVersion: 110.0.5481.100, chrome: {chromedriverVersion: 109.0.5414.74 (e7c5703604da..., userDataDir: /var/folders/d5/lp70b0s53sb...}, goog:chromeOptions: {debuggerAddress: localhost:65243}, javascriptEnabled: true, networkConnectionEnabled: false, pageLoadStrategy: normal, platform: MAC, platformName: MAC, proxy: Proxy(), setWindowRect: true, strictFileInteractability: false, timeouts: {implicit: 0, pageLoad: 300000, script: 30000}, unhandledPromptBehavior: dismiss and notify, webauthn:extension:credBlob: true, webauthn:extension:largeBlob: true, webauthn:virtualAuthenticators: true}
Session ID: 04f9d4fa5312079c9062d7c5e7f864b7
	at org.openqa.selenium.remote.http.W3CHttpResponseCodec.createException(W3CHttpResponseCodec.java:187)
	at org.openqa.selenium.remote.http.W3CHttpResponseCodec.decode(W3CHttpResponseCodec.java:122)
	at org.openqa.selenium.remote.http.W3CHttpResponseCodec.decode(W3CHttpResponseCodec.java:49)
	at org.openqa.selenium.remote.HttpCommandExecutor.execute(HttpCommandExecutor.java:158)
	at org.openqa.selenium.remote.service.DriverCommandExecutor.execute(DriverCommandExecutor.java:83)
	at org.openqa.selenium.remote.RemoteWebDriver.execute(RemoteWebDriver.java:552)
	at com.kms.katalon.selenium.driver.CChromeDriver.execute(CChromeDriver.java:19)
	at org.openqa.selenium.remote.RemoteWebElement.execute(RemoteWebElement.java:285)
	at org.openqa.selenium.remote.RemoteWebElement.click(RemoteWebElement.java:84)
	at org.openqa.selenium.support.events.EventFiringWebDriver$EventFiringWebElement.lambda$new$0(EventFiringWebDriver.java:404)
	at com.sun.proxy.$Proxy20.click(Unknown Source)
	at org.openqa.selenium.support.events.EventFiringWebDriver$EventFiringWebElement.click(EventFiringWebDriver.java:417)
	at org.openqa.selenium.WebElement$click.call(Unknown Source)
	at com.kms.katalon.core.webui.keyword.builtin.ClickKeyword.clickUntilSuccessWithTimeout(ClickKeyword.groovy:81)
	at com.kms.katalon.core.webui.keyword.builtin.ClickKeyword.clickUntilSuccessWithTimeout(ClickKeyword.groovy)
	at com.kms.katalon.core.webui.keyword.builtin.ClickKeyword$_click_closure1.doCall(ClickKeyword.groovy:67)
	at com.kms.katalon.core.webui.keyword.builtin.ClickKeyword$_click_closure1.call(ClickKeyword.groovy)
	at com.kms.katalon.core.webui.keyword.internal.WebUIKeywordMain.runKeyword(WebUIKeywordMain.groovy:20)
	... 19 more
"/>
         <system-out><![CDATA[2023-02-23 04:22:36 - [TEST_CASE][FAILED] - Test Cases/Dashboard/Work Orders/Create_WO_System_Forms_With_Equipements: Test Cases/Dashboard/Work Orders/Create_WO_System_Forms_With_Equipements FAILED.
Reason:
com.kms.katalon.core.exception.StepFailedException: Unable to click on object 'Object Repository/WO_Dashboard/Page_Streetlogix  Dashboard/input_Select Group_mui-33912' (Root cause: com.kms.katalon.core.exception.StepFailedException: Unable to click on object 'Object Repository/WO_Dashboard/Page_Streetlogix  Dashboard/input_Select Group_mui-33912'
	at com.kms.katalon.core.webui.keyword.internal.WebUIKeywordMain.stepFailed(WebUIKeywordMain.groovy:64)
	at com.kms.katalon.core.webui.keyword.internal.WebUIKeywordMain.runKeyword(WebUIKeywordMain.groovy:26)
	at com.kms.katalon.core.webui.keyword.builtin.ClickKeyword.click(ClickKeyword.groovy:74)
	at com.kms.katalon.core.webui.keyword.builtin.ClickKeyword.execute(ClickKeyword.groovy:40)
	at com.kms.katalon.core.keyword.internal.KeywordExecutor.executeKeywordForPlatform(KeywordExecutor.groovy:74)
	at com.kms.katalon.core.webui.keyword.WebUiBuiltInKeywords.click(WebUiBuiltInKeywords.groovy:620)
	at com.kms.katalon.core.webui.keyword.WebUiBuiltInKeywords$click$0.call(Unknown Source)
	at Create_WO_System_Forms_With_Equipements.run(Create_WO_System_Forms_With_Equipements:28)
	at com.kms.katalon.core.main.ScriptEngine.run(ScriptEngine.java:194)
	at com.kms.katalon.core.main.ScriptEngine.runScriptAsRawText(ScriptEngine.java:119)
	at com.kms.katalon.core.main.TestCaseExecutor.runScript(TestCaseExecutor.java:448)
	at com.kms.katalon.core.main.TestCaseExecutor.doExecute(TestCaseExecutor.java:439)
	at com.kms.katalon.core.main.TestCaseExecutor.processExecutionPhase(TestCaseExecutor.java:418)
	at com.kms.katalon.core.main.TestCaseExecutor.accessMainPhase(TestCaseExecutor.java:410)
	at com.kms.katalon.core.main.TestCaseExecutor.execute(TestCaseExecutor.java:285)
	at com.kms.katalon.core.common.CommonExecutor.accessTestCaseMainPhase(CommonExecutor.java:65)
	at com.kms.katalon.core.main.TestSuiteExecutor.accessTestSuiteMainPhase(TestSuiteExecutor.java:151)
	at com.kms.katalon.core.main.TestSuiteExecutor.execute(TestSuiteExecutor.java:106)
	at com.kms.katalon.core.main.TestCaseMain.startTestSuite(TestCaseMain.java:185)
	at com.kms.katalon.core.main.TestCaseMain$startTestSuite$0.call(Unknown Source)
	at TempTestSuite1677106148180.run(TempTestSuite1677106148180.groovy:36)
Caused by: org.openqa.selenium.ElementNotInteractableException: element not interactable
  (Session info: chrome=110.0.5481.100)
Build info: version: '3.141.59', revision: 'e82be7d358', time: '2018-11-14T08:25:53'
System info: host: 'Kashifs-MacBook-Pro.local', ip: 'fe80:0:0:0:2a:e350:6cb0:c073%en0', os.name: 'Mac OS X', os.arch: 'x86_64', os.version: '10.16', java.version: '1.8.0_275'
Driver info: com.kms.katalon.selenium.driver.CChromeDriver
Capabilities {acceptInsecureCerts: false, browserName: chrome, browserVersion: 110.0.5481.100, chrome: {chromedriverVersion: 109.0.5414.74 (e7c5703604da..., userDataDir: /var/folders/d5/lp70b0s53sb...}, goog:chromeOptions: {debuggerAddress: localhost:65243}, javascriptEnabled: true, networkConnectionEnabled: false, pageLoadStrategy: normal, platform: MAC, platformName: MAC, proxy: Proxy(), setWindowRect: true, strictFileInteractability: false, timeouts: {implicit: 0, pageLoad: 300000, script: 30000}, unhandledPromptBehavior: dismiss and notify, webauthn:extension:credBlob: true, webauthn:extension:largeBlob: true, webauthn:virtualAuthenticators: true}
Session ID: 04f9d4fa5312079c9062d7c5e7f864b7
	at org.openqa.selenium.remote.http.W3CHttpResponseCodec.createException(W3CHttpResponseCodec.java:187)
	at org.openqa.selenium.remote.http.W3CHttpResponseCodec.decode(W3CHttpResponseCodec.java:122)
	at org.openqa.selenium.remote.http.W3CHttpResponseCodec.decode(W3CHttpResponseCodec.java:49)
	at org.openqa.selenium.remote.HttpCommandExecutor.execute(HttpCommandExecutor.java:158)
	at org.openqa.selenium.remote.service.DriverCommandExecutor.execute(DriverCommandExecutor.java:83)
	at org.openqa.selenium.remote.RemoteWebDriver.execute(RemoteWebDriver.java:552)
	at com.kms.katalon.selenium.driver.CChromeDriver.execute(CChromeDriver.java:19)
	at org.openqa.selenium.remote.RemoteWebElement.execute(RemoteWebElement.java:285)
	at org.openqa.selenium.remote.RemoteWebElement.click(RemoteWebElement.java:84)
	at org.openqa.selenium.support.events.EventFiringWebDriver$EventFiringWebElement.lambda$new$0(EventFiringWebDriver.java:404)
	at com.sun.proxy.$Proxy20.click(Unknown Source)
	at org.openqa.selenium.support.events.EventFiringWebDriver$EventFiringWebElement.click(EventFiringWebDriver.java:417)
	at org.openqa.selenium.WebElement$click.call(Unknown Source)
	at com.kms.katalon.core.webui.keyword.builtin.ClickKeyword.clickUntilSuccessWithTimeout(ClickKeyword.groovy:81)
	at com.kms.katalon.core.webui.keyword.builtin.ClickKeyword.clickUntilSuccessWithTimeout(ClickKeyword.groovy)
	at com.kms.katalon.core.webui.keyword.builtin.ClickKeyword$_click_closure1.doCall(ClickKeyword.groovy:67)
	at com.kms.katalon.core.webui.keyword.builtin.ClickKeyword$_click_closure1.call(ClickKeyword.groovy)
	at com.kms.katalon.core.webui.keyword.internal.WebUIKeywordMain.runKeyword(WebUIKeywordMain.groovy:20)
	at com.kms.katalon.core.webui.keyword.builtin.ClickKeyword.click(ClickKeyword.groovy:74)
	at com.kms.katalon.core.webui.keyword.builtin.ClickKeyword.execute(ClickKeyword.groovy:40)
	at com.kms.katalon.core.keyword.internal.KeywordExecutor.executeKeywordForPlatform(KeywordExecutor.groovy:74)
	at com.kms.katalon.core.webui.keyword.WebUiBuiltInKeywords.click(WebUiBuiltInKeywords.groovy:620)
	at com.kms.katalon.core.webui.keyword.WebUiBuiltInKeywords$click$0.call(Unknown Source)
	at Script1676460650298.run(Script1676460650298.groovy:28)
	... 13 more
)
	at com.kms.katalon.core.keyword.internal.KeywordMain.stepFailed(KeywordMain.groovy:39)
	at com.kms.katalon.core.webui.keyword.internal.WebUIKeywordMain.stepFailed(WebUIKeywordMain.groovy:64)
	at com.kms.katalon.core.webui.keyword.internal.WebUIKeywordMain.runKeyword(WebUIKeywordMain.groovy:26)
	at com.kms.katalon.core.webui.keyword.builtin.ClickKeyword.click(ClickKeyword.groovy:74)
	at com.kms.katalon.core.webui.keyword.builtin.ClickKeyword.execute(ClickKeyword.groovy:40)
	at com.kms.katalon.core.keyword.internal.KeywordExecutor.executeKeywordForPlatform(KeywordExecutor.groovy:74)
	at com.kms.katalon.core.webui.keyword.WebUiBuiltInKeywords.click(WebUiBuiltInKeywords.groovy:620)
	at com.kms.katalon.core.webui.keyword.WebUiBuiltInKeywords$click$0.call(Unknown Source)
	at Create_WO_System_Forms_With_Equipements.run(Create_WO_System_Forms_With_Equipements:28)
	at com.kms.katalon.core.main.ScriptEngine.run(ScriptEngine.java:194)
	at com.kms.katalon.core.main.ScriptEngine.runScriptAsRawText(ScriptEngine.java:119)
	at com.kms.katalon.core.main.TestCaseExecutor.runScript(TestCaseExecutor.java:448)
	at com.kms.katalon.core.main.TestCaseExecutor.doExecute(TestCaseExecutor.java:439)
	at com.kms.katalon.core.main.TestCaseExecutor.processExecutionPhase(TestCaseExecutor.java:418)
	at com.kms.katalon.core.main.TestCaseExecutor.accessMainPhase(TestCaseExecutor.java:410)
	at com.kms.katalon.core.main.TestCaseExecutor.execute(TestCaseExecutor.java:285)
	at com.kms.katalon.core.common.CommonExecutor.accessTestCaseMainPhase(CommonExecutor.java:65)
	at com.kms.katalon.core.main.TestSuiteExecutor.accessTestSuiteMainPhase(TestSuiteExecutor.java:151)
	at com.kms.katalon.core.main.TestSuiteExecutor.execute(TestSuiteExecutor.java:106)
	at com.kms.katalon.core.main.TestCaseMain.startTestSuite(TestCaseMain.java:185)
	at com.kms.katalon.core.main.TestCaseMain$startTestSuite$0.call(Unknown Source)
	at TempTestSuite1677106148180.run(TempTestSuite1677106148180.groovy:36)
Caused by: com.kms.katalon.core.exception.StepFailedException: Unable to click on object 'Object Repository/WO_Dashboard/Page_Streetlogix  Dashboard/input_Select Group_mui-33912'
	... 21 more
Caused by: org.openqa.selenium.ElementNotInteractableException: element not interactable
  (Session info: chrome=110.0.5481.100)
Build info: version: '3.141.59', revision: 'e82be7d358', time: '2018-11-14T08:25:53'
System info: host: 'Kashifs-MacBook-Pro.local', ip: 'fe80:0:0:0:2a:e350:6cb0:c073%en0', os.name: 'Mac OS X', os.arch: 'x86_64', os.version: '10.16', java.version: '1.8.0_275'
Driver info: com.kms.katalon.selenium.driver.CChromeDriver
Capabilities {acceptInsecureCerts: false, browserName: chrome, browserVersion: 110.0.5481.100, chrome: {chromedriverVersion: 109.0.5414.74 (e7c5703604da..., userDataDir: /var/folders/d5/lp70b0s53sb...}, goog:chromeOptions: {debuggerAddress: localhost:65243}, javascriptEnabled: true, networkConnectionEnabled: false, pageLoadStrategy: normal, platform: MAC, platformName: MAC, proxy: Proxy(), setWindowRect: true, strictFileInteractability: false, timeouts: {implicit: 0, pageLoad: 300000, script: 30000}, unhandledPromptBehavior: dismiss and notify, webauthn:extension:credBlob: true, webauthn:extension:largeBlob: true, webauthn:virtualAuthenticators: true}
Session ID: 04f9d4fa5312079c9062d7c5e7f864b7
	at org.openqa.selenium.remote.http.W3CHttpResponseCodec.createException(W3CHttpResponseCodec.java:187)
	at org.openqa.selenium.remote.http.W3CHttpResponseCodec.decode(W3CHttpResponseCodec.java:122)
	at org.openqa.selenium.remote.http.W3CHttpResponseCodec.decode(W3CHttpResponseCodec.java:49)
	at org.openqa.selenium.remote.HttpCommandExecutor.execute(HttpCommandExecutor.java:158)
	at org.openqa.selenium.remote.service.DriverCommandExecutor.execute(DriverCommandExecutor.java:83)
	at org.openqa.selenium.remote.RemoteWebDriver.execute(RemoteWebDriver.java:552)
	at com.kms.katalon.selenium.driver.CChromeDriver.execute(CChromeDriver.java:19)
	at org.openqa.selenium.remote.RemoteWebElement.execute(RemoteWebElement.java:285)
	at org.openqa.selenium.remote.RemoteWebElement.click(RemoteWebElement.java:84)
	at org.openqa.selenium.support.events.EventFiringWebDriver$EventFiringWebElement.lambda$new$0(EventFiringWebDriver.java:404)
	at com.sun.proxy.$Proxy20.click(Unknown Source)
	at org.openqa.selenium.support.events.EventFiringWebDriver$EventFiringWebElement.click(EventFiringWebDriver.java:417)
	at org.openqa.selenium.WebElement$click.call(Unknown Source)
	at com.kms.katalon.core.webui.keyword.builtin.ClickKeyword.clickUntilSuccessWithTimeout(ClickKeyword.groovy:81)
	at com.kms.katalon.core.webui.keyword.builtin.ClickKeyword.clickUntilSuccessWithTimeout(ClickKeyword.groovy)
	at com.kms.katalon.core.webui.keyword.builtin.ClickKeyword$_click_closure1.doCall(ClickKeyword.groovy:67)
	at com.kms.katalon.core.webui.keyword.builtin.ClickKeyword$_click_closure1.call(ClickKeyword.groovy)
	at com.kms.katalon.core.webui.keyword.internal.WebUIKeywordMain.runKeyword(WebUIKeywordMain.groovy:20)
	... 19 more


2023-02-23 04:22:36 - [TEST_STEP][PASSED] - gis_url.test.URL.redirectURLWO(): gis_url.test.URL.redirectURLWO is PASSED

2023-02-23 04:22:36 - [MESSAGE][INFO] - Starting 'Chrome' driver

2023-02-23 04:22:36 - [MESSAGE][INFO] - Action delay is set to 0 milliseconds

2023-02-23 04:22:39 - [MESSAGE][PASSED] - Browser is opened with url: 'https://streetlogix-dashboard-slx4-develop.vercel.app/workorder?config=64077fc938af4bcc9a46a81d8f4e5576&token=eyJhbGciOiJIUzI1NiIsInR5cCI6IkpXVCJ9.eyJpZCI6OTc2LCJuYW1lIjoiU29oYWliIE5laGFsIiwiZXhwIjoxNjc5NTk1OTE0LCJpYXQiOjE2NzcwMDM5MTR9.2xH46-6Ez-I1oUKcoFhQjnTNUOtwKNfZcleU9MbUdCY'

2023-02-23 04:22:39 - [MESSAGE][PASSED] - gis_url.test.URL.redirectURLWO is PASSED

2023-02-23 04:22:39 - [TEST_STEP][PASSED] - countBefore = database_keywords.test.Database_Keywords.getWorkOrdersCount(): database_keywords.test.Database_Keywords.getWorkOrdersCount is PASSED

2023-02-23 04:22:47 - [MESSAGE][PASSED] - database_keywords.test.Database_Keywords.getWorkOrdersCount is PASSED

2023-02-23 04:22:47 - [TEST_STEP][PASSED] - println(countBefore): null

2023-02-23 04:22:47 - [TEST_STEP][PASSED] - click(findTestObject("Object Repository/WO_Dashboard/Page_Streetlogix  Dashboard/span_Create")): Object: 'Object Repository/WO_Dashboard/Page_Streetlogix  Dashboard/span_Create' is clicked on

2023-02-23 04:22:49 - [MESSAGE][PASSED] - Object: 'Object Repository/WO_Dashboard/Page_Streetlogix  Dashboard/span_Create' is clicked on

2023-02-23 04:22:49 - [TEST_STEP][FAILED] - click(findTestObject("Object Repository/WO_Dashboard/Page_Streetlogix  Dashboard/input_Select Group_mui-33912")): Unable to click on object 'Object Repository/WO_Dashboard/Page_Streetlogix  Dashboard/input_Select Group_mui-33912' (Root cause: com.kms.katalon.core.exception.StepFailedException: Unable to click on object 'Object Repository/WO_Dashboard/Page_Streetlogix  Dashboard/input_Select Group_mui-33912'
	at com.kms.katalon.core.webui.keyword.internal.WebUIKeywordMain.stepFailed(WebUIKeywordMain.groovy:64)
	at com.kms.katalon.core.webui.keyword.internal.WebUIKeywordMain.runKeyword(WebUIKeywordMain.groovy:26)
	at com.kms.katalon.core.webui.keyword.builtin.ClickKeyword.click(ClickKeyword.groovy:74)
	at com.kms.katalon.core.webui.keyword.builtin.ClickKeyword.execute(ClickKeyword.groovy:40)
	at com.kms.katalon.core.keyword.internal.KeywordExecutor.executeKeywordForPlatform(KeywordExecutor.groovy:74)
	at com.kms.katalon.core.webui.keyword.WebUiBuiltInKeywords.click(WebUiBuiltInKeywords.groovy:620)
	at com.kms.katalon.core.webui.keyword.WebUiBuiltInKeywords$click$0.call(Unknown Source)
	at Create_WO_System_Forms_With_Equipements.run(Create_WO_System_Forms_With_Equipements:28)
	at com.kms.katalon.core.main.ScriptEngine.run(ScriptEngine.java:194)
	at com.kms.katalon.core.main.ScriptEngine.runScriptAsRawText(ScriptEngine.java:119)
	at com.kms.katalon.core.main.TestCaseExecutor.runScript(TestCaseExecutor.java:448)
	at com.kms.katalon.core.main.TestCaseExecutor.doExecute(TestCaseExecutor.java:439)
	at com.kms.katalon.core.main.TestCaseExecutor.processExecutionPhase(TestCaseExecutor.java:418)
	at com.kms.katalon.core.main.TestCaseExecutor.accessMainPhase(TestCaseExecutor.java:410)
	at com.kms.katalon.core.main.TestCaseExecutor.execute(TestCaseExecutor.java:285)
	at com.kms.katalon.core.common.CommonExecutor.accessTestCaseMainPhase(CommonExecutor.java:65)
	at com.kms.katalon.core.main.TestSuiteExecutor.accessTestSuiteMainPhase(TestSuiteExecutor.java:151)
	at com.kms.katalon.core.main.TestSuiteExecutor.execute(TestSuiteExecutor.java:106)
	at com.kms.katalon.core.main.TestCaseMain.startTestSuite(TestCaseMain.java:185)
	at com.kms.katalon.core.main.TestCaseMain$startTestSuite$0.call(Unknown Source)
	at TempTestSuite1677106148180.run(TempTestSuite1677106148180.groovy:36)
Caused by: org.openqa.selenium.ElementNotInteractableException: element not interactable
  (Session info: chrome=110.0.5481.100)
Build info: version: '3.141.59', revision: 'e82be7d358', time: '2018-11-14T08:25:53'
System info: host: 'Kashifs-MacBook-Pro.local', ip: 'fe80:0:0:0:2a:e350:6cb0:c073%en0', os.name: 'Mac OS X', os.arch: 'x86_64', os.version: '10.16', java.version: '1.8.0_275'
Driver info: com.kms.katalon.selenium.driver.CChromeDriver
Capabilities {acceptInsecureCerts: false, browserName: chrome, browserVersion: 110.0.5481.100, chrome: {chromedriverVersion: 109.0.5414.74 (e7c5703604da..., userDataDir: /var/folders/d5/lp70b0s53sb...}, goog:chromeOptions: {debuggerAddress: localhost:65243}, javascriptEnabled: true, networkConnectionEnabled: false, pageLoadStrategy: normal, platform: MAC, platformName: MAC, proxy: Proxy(), setWindowRect: true, strictFileInteractability: false, timeouts: {implicit: 0, pageLoad: 300000, script: 30000}, unhandledPromptBehavior: dismiss and notify, webauthn:extension:credBlob: true, webauthn:extension:largeBlob: true, webauthn:virtualAuthenticators: true}
Session ID: 04f9d4fa5312079c9062d7c5e7f864b7
	at org.openqa.selenium.remote.http.W3CHttpResponseCodec.createException(W3CHttpResponseCodec.java:187)
	at org.openqa.selenium.remote.http.W3CHttpResponseCodec.decode(W3CHttpResponseCodec.java:122)
	at org.openqa.selenium.remote.http.W3CHttpResponseCodec.decode(W3CHttpResponseCodec.java:49)
	at org.openqa.selenium.remote.HttpCommandExecutor.execute(HttpCommandExecutor.java:158)
	at org.openqa.selenium.remote.service.DriverCommandExecutor.execute(DriverCommandExecutor.java:83)
	at org.openqa.selenium.remote.RemoteWebDriver.execute(RemoteWebDriver.java:552)
	at com.kms.katalon.selenium.driver.CChromeDriver.execute(CChromeDriver.java:19)
	at org.openqa.selenium.remote.RemoteWebElement.execute(RemoteWebElement.java:285)
	at org.openqa.selenium.remote.RemoteWebElement.click(RemoteWebElement.java:84)
	at org.openqa.selenium.support.events.EventFiringWebDriver$EventFiringWebElement.lambda$new$0(EventFiringWebDriver.java:404)
	at com.sun.proxy.$Proxy20.click(Unknown Source)
	at org.openqa.selenium.support.events.EventFiringWebDriver$EventFiringWebElement.click(EventFiringWebDriver.java:417)
	at org.openqa.selenium.WebElement$click.call(Unknown Source)
	at com.kms.katalon.core.webui.keyword.builtin.ClickKeyword.clickUntilSuccessWithTimeout(ClickKeyword.groovy:81)
	at com.kms.katalon.core.webui.keyword.builtin.ClickKeyword.clickUntilSuccessWithTimeout(ClickKeyword.groovy)
	at com.kms.katalon.core.webui.keyword.builtin.ClickKeyword$_click_closure1.doCall(ClickKeyword.groovy:67)
	at com.kms.katalon.core.webui.keyword.builtin.ClickKeyword$_click_closure1.call(ClickKeyword.groovy)
	at com.kms.katalon.core.webui.keyword.internal.WebUIKeywordMain.runKeyword(WebUIKeywordMain.groovy:20)
	at com.kms.katalon.core.webui.keyword.builtin.ClickKeyword.click(ClickKeyword.groovy:74)
	at com.kms.katalon.core.webui.keyword.builtin.ClickKeyword.execute(ClickKeyword.groovy:40)
	at com.kms.katalon.core.keyword.internal.KeywordExecutor.executeKeywordForPlatform(KeywordExecutor.groovy:74)
	at com.kms.katalon.core.webui.keyword.WebUiBuiltInKeywords.click(WebUiBuiltInKeywords.groovy:620)
	at com.kms.katalon.core.webui.keyword.WebUiBuiltInKeywords$click$0.call(Unknown Source)
	at Script1676460650298.run(Script1676460650298.groovy:28)
	... 13 more
)

2023-02-23 04:22:52 - [MESSAGE][FAILED] - Unable to click on object 'Object Repository/WO_Dashboard/Page_Streetlogix  Dashboard/input_Select Group_mui-33912' (Root cause: com.kms.katalon.core.exception.StepFailedException: Unable to click on object 'Object Repository/WO_Dashboard/Page_Streetlogix  Dashboard/input_Select Group_mui-33912'
	at com.kms.katalon.core.webui.keyword.internal.WebUIKeywordMain.stepFailed(WebUIKeywordMain.groovy:64)
	at com.kms.katalon.core.webui.keyword.internal.WebUIKeywordMain.runKeyword(WebUIKeywordMain.groovy:26)
	at com.kms.katalon.core.webui.keyword.builtin.ClickKeyword.click(ClickKeyword.groovy:74)
	at com.kms.katalon.core.webui.keyword.builtin.ClickKeyword.execute(ClickKeyword.groovy:40)
	at com.kms.katalon.core.keyword.internal.KeywordExecutor.executeKeywordForPlatform(KeywordExecutor.groovy:74)
	at com.kms.katalon.core.webui.keyword.WebUiBuiltInKeywords.click(WebUiBuiltInKeywords.groovy:620)
	at com.kms.katalon.core.webui.keyword.WebUiBuiltInKeywords$click$0.call(Unknown Source)
	at Create_WO_System_Forms_With_Equipements.run(Create_WO_System_Forms_With_Equipements:28)
	at com.kms.katalon.core.main.ScriptEngine.run(ScriptEngine.java:194)
	at com.kms.katalon.core.main.ScriptEngine.runScriptAsRawText(ScriptEngine.java:119)
	at com.kms.katalon.core.main.TestCaseExecutor.runScript(TestCaseExecutor.java:448)
	at com.kms.katalon.core.main.TestCaseExecutor.doExecute(TestCaseExecutor.java:439)
	at com.kms.katalon.core.main.TestCaseExecutor.processExecutionPhase(TestCaseExecutor.java:418)
	at com.kms.katalon.core.main.TestCaseExecutor.accessMainPhase(TestCaseExecutor.java:410)
	at com.kms.katalon.core.main.TestCaseExecutor.execute(TestCaseExecutor.java:285)
	at com.kms.katalon.core.common.CommonExecutor.accessTestCaseMainPhase(CommonExecutor.java:65)
	at com.kms.katalon.core.main.TestSuiteExecutor.accessTestSuiteMainPhase(TestSuiteExecutor.java:151)
	at com.kms.katalon.core.main.TestSuiteExecutor.execute(TestSuiteExecutor.java:106)
	at com.kms.katalon.core.main.TestCaseMain.startTestSuite(TestCaseMain.java:185)
	at com.kms.katalon.core.main.TestCaseMain$startTestSuite$0.call(Unknown Source)
	at TempTestSuite1677106148180.run(TempTestSuite1677106148180.groovy:36)
Caused by: org.openqa.selenium.ElementNotInteractableException: element not interactable
  (Session info: chrome=110.0.5481.100)
Build info: version: '3.141.59', revision: 'e82be7d358', time: '2018-11-14T08:25:53'
System info: host: 'Kashifs-MacBook-Pro.local', ip: 'fe80:0:0:0:2a:e350:6cb0:c073%en0', os.name: 'Mac OS X', os.arch: 'x86_64', os.version: '10.16', java.version: '1.8.0_275'
Driver info: com.kms.katalon.selenium.driver.CChromeDriver
Capabilities {acceptInsecureCerts: false, browserName: chrome, browserVersion: 110.0.5481.100, chrome: {chromedriverVersion: 109.0.5414.74 (e7c5703604da..., userDataDir: /var/folders/d5/lp70b0s53sb...}, goog:chromeOptions: {debuggerAddress: localhost:65243}, javascriptEnabled: true, networkConnectionEnabled: false, pageLoadStrategy: normal, platform: MAC, platformName: MAC, proxy: Proxy(), setWindowRect: true, strictFileInteractability: false, timeouts: {implicit: 0, pageLoad: 300000, script: 30000}, unhandledPromptBehavior: dismiss and notify, webauthn:extension:credBlob: true, webauthn:extension:largeBlob: true, webauthn:virtualAuthenticators: true}
Session ID: 04f9d4fa5312079c9062d7c5e7f864b7
	at org.openqa.selenium.remote.http.W3CHttpResponseCodec.createException(W3CHttpResponseCodec.java:187)
	at org.openqa.selenium.remote.http.W3CHttpResponseCodec.decode(W3CHttpResponseCodec.java:122)
	at org.openqa.selenium.remote.http.W3CHttpResponseCodec.decode(W3CHttpResponseCodec.java:49)
	at org.openqa.selenium.remote.HttpCommandExecutor.execute(HttpCommandExecutor.java:158)
	at org.openqa.selenium.remote.service.DriverCommandExecutor.execute(DriverCommandExecutor.java:83)
	at org.openqa.selenium.remote.RemoteWebDriver.execute(RemoteWebDriver.java:552)
	at com.kms.katalon.selenium.driver.CChromeDriver.execute(CChromeDriver.java:19)
	at org.openqa.selenium.remote.RemoteWebElement.execute(RemoteWebElement.java:285)
	at org.openqa.selenium.remote.RemoteWebElement.click(RemoteWebElement.java:84)
	at org.openqa.selenium.support.events.EventFiringWebDriver$EventFiringWebElement.lambda$new$0(EventFiringWebDriver.java:404)
	at com.sun.proxy.$Proxy20.click(Unknown Source)
	at org.openqa.selenium.support.events.EventFiringWebDriver$EventFiringWebElement.click(EventFiringWebDriver.java:417)
	at org.openqa.selenium.WebElement$click.call(Unknown Source)
	at com.kms.katalon.core.webui.keyword.builtin.ClickKeyword.clickUntilSuccessWithTimeout(ClickKeyword.groovy:81)
	at com.kms.katalon.core.webui.keyword.builtin.ClickKeyword.clickUntilSuccessWithTimeout(ClickKeyword.groovy)
	at com.kms.katalon.core.webui.keyword.builtin.ClickKeyword$_click_closure1.doCall(ClickKeyword.groovy:67)
	at com.kms.katalon.core.webui.keyword.builtin.ClickKeyword$_click_closure1.call(ClickKeyword.groovy)
	at com.kms.katalon.core.webui.keyword.internal.WebUIKeywordMain.runKeyword(WebUIKeywordMain.groovy:20)
	at com.kms.katalon.core.webui.keyword.builtin.ClickKeyword.click(ClickKeyword.groovy:74)
	at com.kms.katalon.core.webui.keyword.builtin.ClickKeyword.execute(ClickKeyword.groovy:40)
	at com.kms.katalon.core.keyword.internal.KeywordExecutor.executeKeywordForPlatform(KeywordExecutor.groovy:74)
	at com.kms.katalon.core.webui.keyword.WebUiBuiltInKeywords.click(WebUiBuiltInKeywords.groovy:620)
	at com.kms.katalon.core.webui.keyword.WebUiBuiltInKeywords$click$0.call(Unknown Source)
	at Script1676460650298.run(Script1676460650298.groovy:28)
	... 13 more
)
[[ATTACHMENT|/Users/kashif/Downloads/Kashif/Katalon Studio/4.0_fresh/4.0 Fresh/Reports/20230223_034907/GIS/20230223_034908/1677108171587.png]]

2023-02-23 04:22:52 - [TEST_STEP][PASSED] - click(findTestObject("Object Repository/WO_Dashboard/Page_Streetlogix  Dashboard/li_Bridge Inspection")): Object: 'Object Repository/WO_Dashboard/Page_Streetlogix  Dashboard/li_Bridge Inspection' is clicked on

2023-02-23 04:22:57 - [MESSAGE][PASSED] - Object: 'Object Repository/WO_Dashboard/Page_Streetlogix  Dashboard/li_Bridge Inspection' is clicked on

2023-02-23 04:22:57 - [TEST_STEP][PASSED] - click(findTestObject("Object Repository/WO_Dashboard/Page_Streetlogix  Dashboard/input_Select Form_mui-83086")): Object: 'Object Repository/WO_Dashboard/Page_Streetlogix  Dashboard/input_Select Form_mui-83086' is clicked on

2023-02-23 04:22:57 - [MESSAGE][PASSED] - Object: 'Object Repository/WO_Dashboard/Page_Streetlogix  Dashboard/input_Select Form_mui-83086' is clicked on

2023-02-23 04:22:57 - [TEST_STEP][PASSED] - click(findTestObject("Object Repository/WO_Dashboard/Page_Streetlogix  Dashboard/span_Bridge Maintenance")): Object: 'Object Repository/WO_Dashboard/Page_Streetlogix  Dashboard/span_Bridge Maintenance' is clicked on

2023-02-23 04:22:58 - [MESSAGE][PASSED] - Object: 'Object Repository/WO_Dashboard/Page_Streetlogix  Dashboard/span_Bridge Maintenance' is clicked on

2023-02-23 04:22:58 - [TEST_STEP][PASSED] - click(findTestObject("Object Repository/WO_Dashboard/Page_Streetlogix  Dashboard/span_Next")): Object: 'Object Repository/WO_Dashboard/Page_Streetlogix  Dashboard/span_Next' is clicked on

2023-02-23 04:23:00 - [MESSAGE][PASSED] - Object: 'Object Repository/WO_Dashboard/Page_Streetlogix  Dashboard/span_Next' is clicked on

2023-02-23 04:23:00 - [TEST_STEP][PASSED] - click(findTestObject("Object Repository/WO_Dashboard/Page_Streetlogix  Dashboard/input_Select Assignee_combo-box-demo")): Object: 'Object Repository/WO_Dashboard/Page_Streetlogix  Dashboard/input_Select Assignee_combo-box-demo' is clicked on

2023-02-23 04:23:03 - [MESSAGE][PASSED] - Object: 'Object Repository/WO_Dashboard/Page_Streetlogix  Dashboard/input_Select Assignee_combo-box-demo' is clicked on

2023-02-23 04:23:03 - [TEST_STEP][PASSED] - click(findTestObject("Object Repository/WO_Dashboard/Page_Streetlogix  Dashboard/span_Dev Admin")): Object: 'Object Repository/WO_Dashboard/Page_Streetlogix  Dashboard/span_Dev Admin' is clicked on

2023-02-23 04:23:05 - [MESSAGE][PASSED] - Object: 'Object Repository/WO_Dashboard/Page_Streetlogix  Dashboard/span_Dev Admin' is clicked on

2023-02-23 04:23:05 - [TEST_STEP][PASSED] - click(findTestObject("Object Repository/WO_Dashboard/Page_Streetlogix  Dashboard/input_Collaborators_checkboxes-tags-demo")): Object: 'Object Repository/WO_Dashboard/Page_Streetlogix  Dashboard/input_Collaborators_checkboxes-tags-demo' is clicked on

2023-02-23 04:23:07 - [MESSAGE][PASSED] - Object: 'Object Repository/WO_Dashboard/Page_Streetlogix  Dashboard/input_Collaborators_checkboxes-tags-demo' is clicked on

2023-02-23 04:23:07 - [TEST_STEP][PASSED] - click(findTestObject("Object Repository/WO_Dashboard/Page_Streetlogix  Dashboard/div_Aami  admin")): Object: 'Object Repository/WO_Dashboard/Page_Streetlogix  Dashboard/div_Aami  admin' is clicked on

2023-02-23 04:23:09 - [MESSAGE][PASSED] - Object: 'Object Repository/WO_Dashboard/Page_Streetlogix  Dashboard/div_Aami  admin' is clicked on

2023-02-23 04:23:09 - [TEST_STEP][PASSED] - setText(findTestObject("Object Repository/WO_Dashboard/Page_Streetlogix  Dashboard/input_Due Date_due_date"), "22/01/2024"): Text '22/01/2024' is set on object 'Object Repository/WO_Dashboard/Page_Streetlogix  Dashboard/input_Due Date_due_date'

2023-02-23 04:23:13 - [MESSAGE][PASSED] - Text '22/01/2024' is set on object 'Object Repository/WO_Dashboard/Page_Streetlogix  Dashboard/input_Due Date_due_date'

2023-02-23 04:23:13 - [TEST_STEP][PASSED] - click(findTestObject("Object Repository/WO_Dashboard/Page_Streetlogix  Dashboard/Priority_field")): Object: 'Object Repository/WO_Dashboard/Page_Streetlogix  Dashboard/Priority_field' is clicked on

2023-02-23 04:23:15 - [MESSAGE][PASSED] - Object: 'Object Repository/WO_Dashboard/Page_Streetlogix  Dashboard/Priority_field' is clicked on

2023-02-23 04:23:15 - [TEST_STEP][PASSED] - click(findTestObject("Object Repository/WO_Dashboard/Page_Streetlogix  Dashboard/span_Medium")): Object: 'Object Repository/WO_Dashboard/Page_Streetlogix  Dashboard/span_Medium' is clicked on

2023-02-23 04:23:17 - [MESSAGE][PASSED] - Object: 'Object Repository/WO_Dashboard/Page_Streetlogix  Dashboard/span_Medium' is clicked on

2023-02-23 04:23:17 - [TEST_STEP][PASSED] - click(findTestObject("WO_Dashboard/Page_Streetlogix  Dashboard/input_Search by Asset ID_mui-40471"), STOP_ON_FAILURE): Object: 'Object Repository/WO_Dashboard/Page_Streetlogix  Dashboard/input_Search by Asset ID_mui-40471' is clicked on

2023-02-23 04:23:19 - [MESSAGE][PASSED] - Object: 'Object Repository/WO_Dashboard/Page_Streetlogix  Dashboard/input_Search by Asset ID_mui-40471' is clicked on

2023-02-23 04:23:19 - [TEST_STEP][PASSED] - setText(findTestObject("WO_Dashboard/Page_Streetlogix  Dashboard/asse_field"), "12"): Text '12' is set on object 'Object Repository/WO_Dashboard/Page_Streetlogix  Dashboard/asse_field'

2023-02-23 04:23:23 - [MESSAGE][PASSED] - Text '12' is set on object 'Object Repository/WO_Dashboard/Page_Streetlogix  Dashboard/asse_field'

2023-02-23 04:23:23 - [TEST_STEP][PASSED] - focus(findTestObject("WO_Dashboard/Page_Streetlogix  Dashboard/asse_field"), STOP_ON_FAILURE): Object: 'Object Repository/WO_Dashboard/Page_Streetlogix  Dashboard/asse_field' is focused

2023-02-23 04:23:26 - [MESSAGE][PASSED] - Object: 'Object Repository/WO_Dashboard/Page_Streetlogix  Dashboard/asse_field' is focused

2023-02-23 04:23:26 - [TEST_STEP][PASSED] - click(findTestObject("WO_Dashboard/Page_Streetlogix  Dashboard/asse_field"), STOP_ON_FAILURE): Object: 'Object Repository/WO_Dashboard/Page_Streetlogix  Dashboard/asse_field' is clicked on

2023-02-23 04:23:29 - [MESSAGE][PASSED] - Object: 'Object Repository/WO_Dashboard/Page_Streetlogix  Dashboard/asse_field' is clicked on

2023-02-23 04:23:29 - [TEST_STEP][PASSED] - click(findTestObject("WO_Dashboard/Page_Streetlogix  Dashboard/asse_field"), STOP_ON_FAILURE): Object: 'Object Repository/WO_Dashboard/Page_Streetlogix  Dashboard/asse_field' is clicked on

2023-02-23 04:23:31 - [MESSAGE][PASSED] - Object: 'Object Repository/WO_Dashboard/Page_Streetlogix  Dashboard/asse_field' is clicked on

2023-02-23 04:23:31 - [TEST_STEP][PASSED] - click(findTestObject("WO_Dashboard/Page_Streetlogix  Dashboard/li_12")): Object: 'Object Repository/WO_Dashboard/Page_Streetlogix  Dashboard/li_12' is clicked on

2023-02-23 04:23:33 - [MESSAGE][PASSED] - Object: 'Object Repository/WO_Dashboard/Page_Streetlogix  Dashboard/li_12' is clicked on

2023-02-23 04:23:33 - [TEST_STEP][PASSED] - address = getAttribute(findTestObject("WO_Dashboard/Page_Streetlogix  Dashboard/address_field2"), "value"): Attribute 'value' of object 'Object Repository/WO_Dashboard/Page_Streetlogix  Dashboard/address_field2' is: 'TYLER AVE From 31ST ST To 32ND ST - 12'

2023-02-23 04:23:35 - [MESSAGE][PASSED] - Attribute 'value' of object 'Object Repository/WO_Dashboard/Page_Streetlogix  Dashboard/address_field2' is: 'TYLER AVE From 31ST ST To 32ND ST - 12'

2023-02-23 04:23:35 - [TEST_STEP][PASSED] - Searchedtext = "TYLER AVE From 31ST ST To 32ND ST - 12": null

2023-02-23 04:23:35 - [TEST_STEP][PASSED] - println(address): null

2023-02-23 04:23:35 - [TEST_STEP][PASSED] - verifyMatch(address, Searchedtext, false): Actual text 'TYLER AVE From 31ST ST To 32ND ST - 12' and expected text 'TYLER AVE From 31ST ST To 32ND ST - 12' are matched 

2023-02-23 04:23:35 - [MESSAGE][PASSED] - Actual text 'TYLER AVE From 31ST ST To 32ND ST - 12' and expected text 'TYLER AVE From 31ST ST To 32ND ST - 12' are matched 

2023-02-23 04:23:35 - [TEST_STEP][PASSED] - setText(findTestObject("Object Repository/WO_Dashboard/Page_Streetlogix  Dashboard/textarea_New"), "New"): Text 'New' is set on object 'Object Repository/WO_Dashboard/Page_Streetlogix  Dashboard/textarea_New'

2023-02-23 04:23:39 - [MESSAGE][PASSED] - Text 'New' is set on object 'Object Repository/WO_Dashboard/Page_Streetlogix  Dashboard/textarea_New'

2023-02-23 04:23:39 - [TEST_STEP][PASSED] - click(findTestObject("WO_Dashboard/Page_Streetlogix  Dashboard/btn_workorder_create")): Object: 'Object Repository/WO_Dashboard/Page_Streetlogix  Dashboard/btn_workorder_create' is clicked on

2023-02-23 04:23:41 - [MESSAGE][PASSED] - Object: 'Object Repository/WO_Dashboard/Page_Streetlogix  Dashboard/btn_workorder_create' is clicked on

2023-02-23 04:23:41 - [TEST_STEP][PASSED] - countAfter = database_keywords.test.Database_Keywords.getWorkOrdersCount(): database_keywords.test.Database_Keywords.getWorkOrdersCount is PASSED

2023-02-23 04:23:47 - [MESSAGE][PASSED] - database_keywords.test.Database_Keywords.getWorkOrdersCount is PASSED

2023-02-23 04:23:47 - [TEST_STEP][PASSED] - println(countAfter): null

2023-02-23 04:23:47 - [TEST_STEP][PASSED] - if (countAfter == countBefore + 1): null

2023-02-23 04:23:47 - [TEST_STEP][PASSED] - println("Work Order Created"): null

2023-02-23 04:23:47 - [TEST_STEP][PASSED] - closeBrowser(): Browser is closed

2023-02-23 04:23:47 - [MESSAGE][PASSED] - Browser is closed

2023-02-23 04:23:47 - [TEST_STEP][PASSED] - Video: Video recording for test case 'Test Cases/Dashboard/Work Orders/Create_WO_System_Forms_With_Equipements' .

2023-02-23 04:23:47 - [MESSAGE][INFO] - Video recording for test case 'Test Cases/Dashboard/Work Orders/Create_WO_System_Forms_With_Equipements' .]]></system-out>
         <system-err><![CDATA[2023-02-23 04:22:36 - [TEST_CASE][FAILED] - Test Cases/Dashboard/Work Orders/Create_WO_System_Forms_With_Equipements: Test Cases/Dashboard/Work Orders/Create_WO_System_Forms_With_Equipements FAILED.
Reason:
com.kms.katalon.core.exception.StepFailedException: Unable to click on object 'Object Repository/WO_Dashboard/Page_Streetlogix  Dashboard/input_Select Group_mui-33912' (Root cause: com.kms.katalon.core.exception.StepFailedException: Unable to click on object 'Object Repository/WO_Dashboard/Page_Streetlogix  Dashboard/input_Select Group_mui-33912'
	at com.kms.katalon.core.webui.keyword.internal.WebUIKeywordMain.stepFailed(WebUIKeywordMain.groovy:64)
	at com.kms.katalon.core.webui.keyword.internal.WebUIKeywordMain.runKeyword(WebUIKeywordMain.groovy:26)
	at com.kms.katalon.core.webui.keyword.builtin.ClickKeyword.click(ClickKeyword.groovy:74)
	at com.kms.katalon.core.webui.keyword.builtin.ClickKeyword.execute(ClickKeyword.groovy:40)
	at com.kms.katalon.core.keyword.internal.KeywordExecutor.executeKeywordForPlatform(KeywordExecutor.groovy:74)
	at com.kms.katalon.core.webui.keyword.WebUiBuiltInKeywords.click(WebUiBuiltInKeywords.groovy:620)
	at com.kms.katalon.core.webui.keyword.WebUiBuiltInKeywords$click$0.call(Unknown Source)
	at Create_WO_System_Forms_With_Equipements.run(Create_WO_System_Forms_With_Equipements:28)
	at com.kms.katalon.core.main.ScriptEngine.run(ScriptEngine.java:194)
	at com.kms.katalon.core.main.ScriptEngine.runScriptAsRawText(ScriptEngine.java:119)
	at com.kms.katalon.core.main.TestCaseExecutor.runScript(TestCaseExecutor.java:448)
	at com.kms.katalon.core.main.TestCaseExecutor.doExecute(TestCaseExecutor.java:439)
	at com.kms.katalon.core.main.TestCaseExecutor.processExecutionPhase(TestCaseExecutor.java:418)
	at com.kms.katalon.core.main.TestCaseExecutor.accessMainPhase(TestCaseExecutor.java:410)
	at com.kms.katalon.core.main.TestCaseExecutor.execute(TestCaseExecutor.java:285)
	at com.kms.katalon.core.common.CommonExecutor.accessTestCaseMainPhase(CommonExecutor.java:65)
	at com.kms.katalon.core.main.TestSuiteExecutor.accessTestSuiteMainPhase(TestSuiteExecutor.java:151)
	at com.kms.katalon.core.main.TestSuiteExecutor.execute(TestSuiteExecutor.java:106)
	at com.kms.katalon.core.main.TestCaseMain.startTestSuite(TestCaseMain.java:185)
	at com.kms.katalon.core.main.TestCaseMain$startTestSuite$0.call(Unknown Source)
	at TempTestSuite1677106148180.run(TempTestSuite1677106148180.groovy:36)
Caused by: org.openqa.selenium.ElementNotInteractableException: element not interactable
  (Session info: chrome=110.0.5481.100)
Build info: version: '3.141.59', revision: 'e82be7d358', time: '2018-11-14T08:25:53'
System info: host: 'Kashifs-MacBook-Pro.local', ip: 'fe80:0:0:0:2a:e350:6cb0:c073%en0', os.name: 'Mac OS X', os.arch: 'x86_64', os.version: '10.16', java.version: '1.8.0_275'
Driver info: com.kms.katalon.selenium.driver.CChromeDriver
Capabilities {acceptInsecureCerts: false, browserName: chrome, browserVersion: 110.0.5481.100, chrome: {chromedriverVersion: 109.0.5414.74 (e7c5703604da..., userDataDir: /var/folders/d5/lp70b0s53sb...}, goog:chromeOptions: {debuggerAddress: localhost:65243}, javascriptEnabled: true, networkConnectionEnabled: false, pageLoadStrategy: normal, platform: MAC, platformName: MAC, proxy: Proxy(), setWindowRect: true, strictFileInteractability: false, timeouts: {implicit: 0, pageLoad: 300000, script: 30000}, unhandledPromptBehavior: dismiss and notify, webauthn:extension:credBlob: true, webauthn:extension:largeBlob: true, webauthn:virtualAuthenticators: true}
Session ID: 04f9d4fa5312079c9062d7c5e7f864b7
	at org.openqa.selenium.remote.http.W3CHttpResponseCodec.createException(W3CHttpResponseCodec.java:187)
	at org.openqa.selenium.remote.http.W3CHttpResponseCodec.decode(W3CHttpResponseCodec.java:122)
	at org.openqa.selenium.remote.http.W3CHttpResponseCodec.decode(W3CHttpResponseCodec.java:49)
	at org.openqa.selenium.remote.HttpCommandExecutor.execute(HttpCommandExecutor.java:158)
	at org.openqa.selenium.remote.service.DriverCommandExecutor.execute(DriverCommandExecutor.java:83)
	at org.openqa.selenium.remote.RemoteWebDriver.execute(RemoteWebDriver.java:552)
	at com.kms.katalon.selenium.driver.CChromeDriver.execute(CChromeDriver.java:19)
	at org.openqa.selenium.remote.RemoteWebElement.execute(RemoteWebElement.java:285)
	at org.openqa.selenium.remote.RemoteWebElement.click(RemoteWebElement.java:84)
	at org.openqa.selenium.support.events.EventFiringWebDriver$EventFiringWebElement.lambda$new$0(EventFiringWebDriver.java:404)
	at com.sun.proxy.$Proxy20.click(Unknown Source)
	at org.openqa.selenium.support.events.EventFiringWebDriver$EventFiringWebElement.click(EventFiringWebDriver.java:417)
	at org.openqa.selenium.WebElement$click.call(Unknown Source)
	at com.kms.katalon.core.webui.keyword.builtin.ClickKeyword.clickUntilSuccessWithTimeout(ClickKeyword.groovy:81)
	at com.kms.katalon.core.webui.keyword.builtin.ClickKeyword.clickUntilSuccessWithTimeout(ClickKeyword.groovy)
	at com.kms.katalon.core.webui.keyword.builtin.ClickKeyword$_click_closure1.doCall(ClickKeyword.groovy:67)
	at com.kms.katalon.core.webui.keyword.builtin.ClickKeyword$_click_closure1.call(ClickKeyword.groovy)
	at com.kms.katalon.core.webui.keyword.internal.WebUIKeywordMain.runKeyword(WebUIKeywordMain.groovy:20)
	at com.kms.katalon.core.webui.keyword.builtin.ClickKeyword.click(ClickKeyword.groovy:74)
	at com.kms.katalon.core.webui.keyword.builtin.ClickKeyword.execute(ClickKeyword.groovy:40)
	at com.kms.katalon.core.keyword.internal.KeywordExecutor.executeKeywordForPlatform(KeywordExecutor.groovy:74)
	at com.kms.katalon.core.webui.keyword.WebUiBuiltInKeywords.click(WebUiBuiltInKeywords.groovy:620)
	at com.kms.katalon.core.webui.keyword.WebUiBuiltInKeywords$click$0.call(Unknown Source)
	at Script1676460650298.run(Script1676460650298.groovy:28)
	... 13 more
)
	at com.kms.katalon.core.keyword.internal.KeywordMain.stepFailed(KeywordMain.groovy:39)
	at com.kms.katalon.core.webui.keyword.internal.WebUIKeywordMain.stepFailed(WebUIKeywordMain.groovy:64)
	at com.kms.katalon.core.webui.keyword.internal.WebUIKeywordMain.runKeyword(WebUIKeywordMain.groovy:26)
	at com.kms.katalon.core.webui.keyword.builtin.ClickKeyword.click(ClickKeyword.groovy:74)
	at com.kms.katalon.core.webui.keyword.builtin.ClickKeyword.execute(ClickKeyword.groovy:40)
	at com.kms.katalon.core.keyword.internal.KeywordExecutor.executeKeywordForPlatform(KeywordExecutor.groovy:74)
	at com.kms.katalon.core.webui.keyword.WebUiBuiltInKeywords.click(WebUiBuiltInKeywords.groovy:620)
	at com.kms.katalon.core.webui.keyword.WebUiBuiltInKeywords$click$0.call(Unknown Source)
	at Create_WO_System_Forms_With_Equipements.run(Create_WO_System_Forms_With_Equipements:28)
	at com.kms.katalon.core.main.ScriptEngine.run(ScriptEngine.java:194)
	at com.kms.katalon.core.main.ScriptEngine.runScriptAsRawText(ScriptEngine.java:119)
	at com.kms.katalon.core.main.TestCaseExecutor.runScript(TestCaseExecutor.java:448)
	at com.kms.katalon.core.main.TestCaseExecutor.doExecute(TestCaseExecutor.java:439)
	at com.kms.katalon.core.main.TestCaseExecutor.processExecutionPhase(TestCaseExecutor.java:418)
	at com.kms.katalon.core.main.TestCaseExecutor.accessMainPhase(TestCaseExecutor.java:410)
	at com.kms.katalon.core.main.TestCaseExecutor.execute(TestCaseExecutor.java:285)
	at com.kms.katalon.core.common.CommonExecutor.accessTestCaseMainPhase(CommonExecutor.java:65)
	at com.kms.katalon.core.main.TestSuiteExecutor.accessTestSuiteMainPhase(TestSuiteExecutor.java:151)
	at com.kms.katalon.core.main.TestSuiteExecutor.execute(TestSuiteExecutor.java:106)
	at com.kms.katalon.core.main.TestCaseMain.startTestSuite(TestCaseMain.java:185)
	at com.kms.katalon.core.main.TestCaseMain$startTestSuite$0.call(Unknown Source)
	at TempTestSuite1677106148180.run(TempTestSuite1677106148180.groovy:36)
Caused by: com.kms.katalon.core.exception.StepFailedException: Unable to click on object 'Object Repository/WO_Dashboard/Page_Streetlogix  Dashboard/input_Select Group_mui-33912'
	... 21 more
Caused by: org.openqa.selenium.ElementNotInteractableException: element not interactable
  (Session info: chrome=110.0.5481.100)
Build info: version: '3.141.59', revision: 'e82be7d358', time: '2018-11-14T08:25:53'
System info: host: 'Kashifs-MacBook-Pro.local', ip: 'fe80:0:0:0:2a:e350:6cb0:c073%en0', os.name: 'Mac OS X', os.arch: 'x86_64', os.version: '10.16', java.version: '1.8.0_275'
Driver info: com.kms.katalon.selenium.driver.CChromeDriver
Capabilities {acceptInsecureCerts: false, browserName: chrome, browserVersion: 110.0.5481.100, chrome: {chromedriverVersion: 109.0.5414.74 (e7c5703604da..., userDataDir: /var/folders/d5/lp70b0s53sb...}, goog:chromeOptions: {debuggerAddress: localhost:65243}, javascriptEnabled: true, networkConnectionEnabled: false, pageLoadStrategy: normal, platform: MAC, platformName: MAC, proxy: Proxy(), setWindowRect: true, strictFileInteractability: false, timeouts: {implicit: 0, pageLoad: 300000, script: 30000}, unhandledPromptBehavior: dismiss and notify, webauthn:extension:credBlob: true, webauthn:extension:largeBlob: true, webauthn:virtualAuthenticators: true}
Session ID: 04f9d4fa5312079c9062d7c5e7f864b7
	at org.openqa.selenium.remote.http.W3CHttpResponseCodec.createException(W3CHttpResponseCodec.java:187)
	at org.openqa.selenium.remote.http.W3CHttpResponseCodec.decode(W3CHttpResponseCodec.java:122)
	at org.openqa.selenium.remote.http.W3CHttpResponseCodec.decode(W3CHttpResponseCodec.java:49)
	at org.openqa.selenium.remote.HttpCommandExecutor.execute(HttpCommandExecutor.java:158)
	at org.openqa.selenium.remote.service.DriverCommandExecutor.execute(DriverCommandExecutor.java:83)
	at org.openqa.selenium.remote.RemoteWebDriver.execute(RemoteWebDriver.java:552)
	at com.kms.katalon.selenium.driver.CChromeDriver.execute(CChromeDriver.java:19)
	at org.openqa.selenium.remote.RemoteWebElement.execute(RemoteWebElement.java:285)
	at org.openqa.selenium.remote.RemoteWebElement.click(RemoteWebElement.java:84)
	at org.openqa.selenium.support.events.EventFiringWebDriver$EventFiringWebElement.lambda$new$0(EventFiringWebDriver.java:404)
	at com.sun.proxy.$Proxy20.click(Unknown Source)
	at org.openqa.selenium.support.events.EventFiringWebDriver$EventFiringWebElement.click(EventFiringWebDriver.java:417)
	at org.openqa.selenium.WebElement$click.call(Unknown Source)
	at com.kms.katalon.core.webui.keyword.builtin.ClickKeyword.clickUntilSuccessWithTimeout(ClickKeyword.groovy:81)
	at com.kms.katalon.core.webui.keyword.builtin.ClickKeyword.clickUntilSuccessWithTimeout(ClickKeyword.groovy)
	at com.kms.katalon.core.webui.keyword.builtin.ClickKeyword$_click_closure1.doCall(ClickKeyword.groovy:67)
	at com.kms.katalon.core.webui.keyword.builtin.ClickKeyword$_click_closure1.call(ClickKeyword.groovy)
	at com.kms.katalon.core.webui.keyword.internal.WebUIKeywordMain.runKeyword(WebUIKeywordMain.groovy:20)
	... 19 more]]></system-err>
      </testcase>
      <testcase name="Test Cases/GiS/Budget Estimator/Budget_Estimator_1year" time="248.596" classname="Test Cases/GiS/Budget Estimator/Budget_Estimator_1year" status="FAILED">
         <failure type="FAILED" message="Test Cases/GiS/Budget Estimator/Budget_Estimator_1year FAILED.
Reason:
com.kms.katalon.core.exception.StepFailedException: Unable to click on object 'Object Repository/EBP_Object/Page_Streetlogix/Estimator_summary' (Root cause: com.kms.katalon.core.exception.StepFailedException: Unable to click on object 'Object Repository/EBP_Object/Page_Streetlogix/Estimator_summary'
	at com.kms.katalon.core.webui.keyword.internal.WebUIKeywordMain.stepFailed(WebUIKeywordMain.groovy:64)
	at com.kms.katalon.core.webui.keyword.internal.WebUIKeywordMain.runKeyword(WebUIKeywordMain.groovy:26)
	at com.kms.katalon.core.webui.keyword.builtin.ClickKeyword.click(ClickKeyword.groovy:74)
	at com.kms.katalon.core.webui.keyword.builtin.ClickKeyword.execute(ClickKeyword.groovy:40)
	at com.kms.katalon.core.keyword.internal.KeywordExecutor.executeKeywordForPlatform(KeywordExecutor.groovy:74)
	at com.kms.katalon.core.webui.keyword.WebUiBuiltInKeywords.click(WebUiBuiltInKeywords.groovy:620)
	at com.kms.katalon.core.webui.keyword.WebUiBuiltInKeywords$click$0.call(Unknown Source)
	at Budget_Estimator_1year.run(Budget_Estimator_1year:71)
	at com.kms.katalon.core.main.ScriptEngine.run(ScriptEngine.java:194)
	at com.kms.katalon.core.main.ScriptEngine.runScriptAsRawText(ScriptEngine.java:119)
	at com.kms.katalon.core.main.TestCaseExecutor.runScript(TestCaseExecutor.java:448)
	at com.kms.katalon.core.main.TestCaseExecutor.doExecute(TestCaseExecutor.java:439)
	at com.kms.katalon.core.main.TestCaseExecutor.processExecutionPhase(TestCaseExecutor.java:418)
	at com.kms.katalon.core.main.TestCaseExecutor.accessMainPhase(TestCaseExecutor.java:410)
	at com.kms.katalon.core.main.TestCaseExecutor.execute(TestCaseExecutor.java:285)
	at com.kms.katalon.core.common.CommonExecutor.accessTestCaseMainPhase(CommonExecutor.java:65)
	at com.kms.katalon.core.main.TestSuiteExecutor.accessTestSuiteMainPhase(TestSuiteExecutor.java:151)
	at com.kms.katalon.core.main.TestSuiteExecutor.execute(TestSuiteExecutor.java:106)
	at com.kms.katalon.core.main.TestCaseMain.startTestSuite(TestCaseMain.java:185)
	at com.kms.katalon.core.main.TestCaseMain$startTestSuite$0.call(Unknown Source)
	at TempTestSuite1677106148180.run(TempTestSuite1677106148180.groovy:36)
Caused by: com.kms.katalon.core.webui.exception.WebElementNotFoundException: Web element with id: 'Object Repository/EBP_Object/Page_Streetlogix/Estimator_summary' located by '//*[(text() = '1 Years, Target rating 28.92' or . = '1 Years, Target rating 28.92')]' not found
	at com.kms.katalon.core.webui.common.WebUiCommonHelper.findWebElement(WebUiCommonHelper.java:1370)
	at com.kms.katalon.core.webui.keyword.internal.WebUIAbstractKeyword.findWebElement(WebUIAbstractKeyword.groovy:27)
	at com.kms.katalon.core.webui.keyword.builtin.ClickKeyword$_click_closure1.doCall(ClickKeyword.groovy:65)
	at com.kms.katalon.core.webui.keyword.builtin.ClickKeyword$_click_closure1.call(ClickKeyword.groovy)
	at com.kms.katalon.core.webui.keyword.internal.WebUIKeywordMain.runKeyword(WebUIKeywordMain.groovy:20)
	at com.kms.katalon.core.webui.keyword.builtin.ClickKeyword.click(ClickKeyword.groovy:74)
	at com.kms.katalon.core.webui.keyword.builtin.ClickKeyword.execute(ClickKeyword.groovy:40)
	at com.kms.katalon.core.keyword.internal.KeywordExecutor.executeKeywordForPlatform(KeywordExecutor.groovy:74)
	at com.kms.katalon.core.webui.keyword.WebUiBuiltInKeywords.click(WebUiBuiltInKeywords.groovy:620)
	at com.kms.katalon.core.webui.keyword.WebUiBuiltInKeywords$click$0.call(Unknown Source)
	at Script1677046879141.run(Script1677046879141.groovy:71)
	... 13 more
)
	at com.kms.katalon.core.keyword.internal.KeywordMain.stepFailed(KeywordMain.groovy:39)
	at com.kms.katalon.core.webui.keyword.internal.WebUIKeywordMain.stepFailed(WebUIKeywordMain.groovy:64)
	at com.kms.katalon.core.webui.keyword.internal.WebUIKeywordMain.runKeyword(WebUIKeywordMain.groovy:26)
	at com.kms.katalon.core.webui.keyword.builtin.ClickKeyword.click(ClickKeyword.groovy:74)
	at com.kms.katalon.core.webui.keyword.builtin.ClickKeyword.execute(ClickKeyword.groovy:40)
	at com.kms.katalon.core.keyword.internal.KeywordExecutor.executeKeywordForPlatform(KeywordExecutor.groovy:74)
	at com.kms.katalon.core.webui.keyword.WebUiBuiltInKeywords.click(WebUiBuiltInKeywords.groovy:620)
	at com.kms.katalon.core.webui.keyword.WebUiBuiltInKeywords$click$0.call(Unknown Source)
	at Budget_Estimator_1year.run(Budget_Estimator_1year:71)
	at com.kms.katalon.core.main.ScriptEngine.run(ScriptEngine.java:194)
	at com.kms.katalon.core.main.ScriptEngine.runScriptAsRawText(ScriptEngine.java:119)
	at com.kms.katalon.core.main.TestCaseExecutor.runScript(TestCaseExecutor.java:448)
	at com.kms.katalon.core.main.TestCaseExecutor.doExecute(TestCaseExecutor.java:439)
	at com.kms.katalon.core.main.TestCaseExecutor.processExecutionPhase(TestCaseExecutor.java:418)
	at com.kms.katalon.core.main.TestCaseExecutor.accessMainPhase(TestCaseExecutor.java:410)
	at com.kms.katalon.core.main.TestCaseExecutor.execute(TestCaseExecutor.java:285)
	at com.kms.katalon.core.common.CommonExecutor.accessTestCaseMainPhase(CommonExecutor.java:65)
	at com.kms.katalon.core.main.TestSuiteExecutor.accessTestSuiteMainPhase(TestSuiteExecutor.java:151)
	at com.kms.katalon.core.main.TestSuiteExecutor.execute(TestSuiteExecutor.java:106)
	at com.kms.katalon.core.main.TestCaseMain.startTestSuite(TestCaseMain.java:185)
	at com.kms.katalon.core.main.TestCaseMain$startTestSuite$0.call(Unknown Source)
	at TempTestSuite1677106148180.run(TempTestSuite1677106148180.groovy:36)
Caused by: com.kms.katalon.core.exception.StepFailedException: Unable to click on object 'Object Repository/EBP_Object/Page_Streetlogix/Estimator_summary'
	... 21 more
Caused by: com.kms.katalon.core.webui.exception.WebElementNotFoundException: Web element with id: 'Object Repository/EBP_Object/Page_Streetlogix/Estimator_summary' located by '//*[(text() = '1 Years, Target rating 28.92' or . = '1 Years, Target rating 28.92')]' not found
	at com.kms.katalon.core.webui.common.WebUiCommonHelper.findWebElement(WebUiCommonHelper.java:1370)
	at com.kms.katalon.core.webui.keyword.internal.WebUIAbstractKeyword.findWebElement(WebUIAbstractKeyword.groovy:27)
	at com.kms.katalon.core.webui.keyword.builtin.ClickKeyword$_click_closure1.doCall(ClickKeyword.groovy:65)
	at com.kms.katalon.core.webui.keyword.builtin.ClickKeyword$_click_closure1.call(ClickKeyword.groovy)
	at com.kms.katalon.core.webui.keyword.internal.WebUIKeywordMain.runKeyword(WebUIKeywordMain.groovy:20)
	... 19 more
"/>
         <system-out><![CDATA[2023-02-23 04:23:47 - [TEST_CASE][FAILED] - Test Cases/GiS/Budget Estimator/Budget_Estimator_1year: Test Cases/GiS/Budget Estimator/Budget_Estimator_1year FAILED.
Reason:
com.kms.katalon.core.exception.StepFailedException: Unable to click on object 'Object Repository/EBP_Object/Page_Streetlogix/Estimator_summary' (Root cause: com.kms.katalon.core.exception.StepFailedException: Unable to click on object 'Object Repository/EBP_Object/Page_Streetlogix/Estimator_summary'
	at com.kms.katalon.core.webui.keyword.internal.WebUIKeywordMain.stepFailed(WebUIKeywordMain.groovy:64)
	at com.kms.katalon.core.webui.keyword.internal.WebUIKeywordMain.runKeyword(WebUIKeywordMain.groovy:26)
	at com.kms.katalon.core.webui.keyword.builtin.ClickKeyword.click(ClickKeyword.groovy:74)
	at com.kms.katalon.core.webui.keyword.builtin.ClickKeyword.execute(ClickKeyword.groovy:40)
	at com.kms.katalon.core.keyword.internal.KeywordExecutor.executeKeywordForPlatform(KeywordExecutor.groovy:74)
	at com.kms.katalon.core.webui.keyword.WebUiBuiltInKeywords.click(WebUiBuiltInKeywords.groovy:620)
	at com.kms.katalon.core.webui.keyword.WebUiBuiltInKeywords$click$0.call(Unknown Source)
	at Budget_Estimator_1year.run(Budget_Estimator_1year:71)
	at com.kms.katalon.core.main.ScriptEngine.run(ScriptEngine.java:194)
	at com.kms.katalon.core.main.ScriptEngine.runScriptAsRawText(ScriptEngine.java:119)
	at com.kms.katalon.core.main.TestCaseExecutor.runScript(TestCaseExecutor.java:448)
	at com.kms.katalon.core.main.TestCaseExecutor.doExecute(TestCaseExecutor.java:439)
	at com.kms.katalon.core.main.TestCaseExecutor.processExecutionPhase(TestCaseExecutor.java:418)
	at com.kms.katalon.core.main.TestCaseExecutor.accessMainPhase(TestCaseExecutor.java:410)
	at com.kms.katalon.core.main.TestCaseExecutor.execute(TestCaseExecutor.java:285)
	at com.kms.katalon.core.common.CommonExecutor.accessTestCaseMainPhase(CommonExecutor.java:65)
	at com.kms.katalon.core.main.TestSuiteExecutor.accessTestSuiteMainPhase(TestSuiteExecutor.java:151)
	at com.kms.katalon.core.main.TestSuiteExecutor.execute(TestSuiteExecutor.java:106)
	at com.kms.katalon.core.main.TestCaseMain.startTestSuite(TestCaseMain.java:185)
	at com.kms.katalon.core.main.TestCaseMain$startTestSuite$0.call(Unknown Source)
	at TempTestSuite1677106148180.run(TempTestSuite1677106148180.groovy:36)
Caused by: com.kms.katalon.core.webui.exception.WebElementNotFoundException: Web element with id: 'Object Repository/EBP_Object/Page_Streetlogix/Estimator_summary' located by '//*[(text() = '1 Years, Target rating 28.92' or . = '1 Years, Target rating 28.92')]' not found
	at com.kms.katalon.core.webui.common.WebUiCommonHelper.findWebElement(WebUiCommonHelper.java:1370)
	at com.kms.katalon.core.webui.keyword.internal.WebUIAbstractKeyword.findWebElement(WebUIAbstractKeyword.groovy:27)
	at com.kms.katalon.core.webui.keyword.builtin.ClickKeyword$_click_closure1.doCall(ClickKeyword.groovy:65)
	at com.kms.katalon.core.webui.keyword.builtin.ClickKeyword$_click_closure1.call(ClickKeyword.groovy)
	at com.kms.katalon.core.webui.keyword.internal.WebUIKeywordMain.runKeyword(WebUIKeywordMain.groovy:20)
	at com.kms.katalon.core.webui.keyword.builtin.ClickKeyword.click(ClickKeyword.groovy:74)
	at com.kms.katalon.core.webui.keyword.builtin.ClickKeyword.execute(ClickKeyword.groovy:40)
	at com.kms.katalon.core.keyword.internal.KeywordExecutor.executeKeywordForPlatform(KeywordExecutor.groovy:74)
	at com.kms.katalon.core.webui.keyword.WebUiBuiltInKeywords.click(WebUiBuiltInKeywords.groovy:620)
	at com.kms.katalon.core.webui.keyword.WebUiBuiltInKeywords$click$0.call(Unknown Source)
	at Script1677046879141.run(Script1677046879141.groovy:71)
	... 13 more
)
	at com.kms.katalon.core.keyword.internal.KeywordMain.stepFailed(KeywordMain.groovy:39)
	at com.kms.katalon.core.webui.keyword.internal.WebUIKeywordMain.stepFailed(WebUIKeywordMain.groovy:64)
	at com.kms.katalon.core.webui.keyword.internal.WebUIKeywordMain.runKeyword(WebUIKeywordMain.groovy:26)
	at com.kms.katalon.core.webui.keyword.builtin.ClickKeyword.click(ClickKeyword.groovy:74)
	at com.kms.katalon.core.webui.keyword.builtin.ClickKeyword.execute(ClickKeyword.groovy:40)
	at com.kms.katalon.core.keyword.internal.KeywordExecutor.executeKeywordForPlatform(KeywordExecutor.groovy:74)
	at com.kms.katalon.core.webui.keyword.WebUiBuiltInKeywords.click(WebUiBuiltInKeywords.groovy:620)
	at com.kms.katalon.core.webui.keyword.WebUiBuiltInKeywords$click$0.call(Unknown Source)
	at Budget_Estimator_1year.run(Budget_Estimator_1year:71)
	at com.kms.katalon.core.main.ScriptEngine.run(ScriptEngine.java:194)
	at com.kms.katalon.core.main.ScriptEngine.runScriptAsRawText(ScriptEngine.java:119)
	at com.kms.katalon.core.main.TestCaseExecutor.runScript(TestCaseExecutor.java:448)
	at com.kms.katalon.core.main.TestCaseExecutor.doExecute(TestCaseExecutor.java:439)
	at com.kms.katalon.core.main.TestCaseExecutor.processExecutionPhase(TestCaseExecutor.java:418)
	at com.kms.katalon.core.main.TestCaseExecutor.accessMainPhase(TestCaseExecutor.java:410)
	at com.kms.katalon.core.main.TestCaseExecutor.execute(TestCaseExecutor.java:285)
	at com.kms.katalon.core.common.CommonExecutor.accessTestCaseMainPhase(CommonExecutor.java:65)
	at com.kms.katalon.core.main.TestSuiteExecutor.accessTestSuiteMainPhase(TestSuiteExecutor.java:151)
	at com.kms.katalon.core.main.TestSuiteExecutor.execute(TestSuiteExecutor.java:106)
	at com.kms.katalon.core.main.TestCaseMain.startTestSuite(TestCaseMain.java:185)
	at com.kms.katalon.core.main.TestCaseMain$startTestSuite$0.call(Unknown Source)
	at TempTestSuite1677106148180.run(TempTestSuite1677106148180.groovy:36)
Caused by: com.kms.katalon.core.exception.StepFailedException: Unable to click on object 'Object Repository/EBP_Object/Page_Streetlogix/Estimator_summary'
	... 21 more
Caused by: com.kms.katalon.core.webui.exception.WebElementNotFoundException: Web element with id: 'Object Repository/EBP_Object/Page_Streetlogix/Estimator_summary' located by '//*[(text() = '1 Years, Target rating 28.92' or . = '1 Years, Target rating 28.92')]' not found
	at com.kms.katalon.core.webui.common.WebUiCommonHelper.findWebElement(WebUiCommonHelper.java:1370)
	at com.kms.katalon.core.webui.keyword.internal.WebUIAbstractKeyword.findWebElement(WebUIAbstractKeyword.groovy:27)
	at com.kms.katalon.core.webui.keyword.builtin.ClickKeyword$_click_closure1.doCall(ClickKeyword.groovy:65)
	at com.kms.katalon.core.webui.keyword.builtin.ClickKeyword$_click_closure1.call(ClickKeyword.groovy)
	at com.kms.katalon.core.webui.keyword.internal.WebUIKeywordMain.runKeyword(WebUIKeywordMain.groovy:20)
	... 19 more


2023-02-23 04:23:47 - [TEST_STEP][PASSED] - gis_url.test.URL.redirectURL(): gis_url.test.URL.redirectURL is PASSED

2023-02-23 04:23:47 - [MESSAGE][INFO] - Starting 'Chrome' driver

2023-02-23 04:23:47 - [MESSAGE][INFO] - Action delay is set to 0 milliseconds

2023-02-23 04:23:51 - [MESSAGE][PASSED] - Browser is opened with url: 'https://streetlogix-gis-slx4-develop.vercel.app/?config=64077fc938af4bcc9a46a81d8f4e5576&token=eyJhbGciOiJIUzI1NiIsInR5cCI6IkpXVCJ9.eyJpZCI6OTc2LCJuYW1lIjoiU29oYWliIE5laGFsIiwiZXhwIjoxNjc5NTk1OTE0LCJpYXQiOjE2NzcwMDM5MTR9.2xH46-6Ez-I1oUKcoFhQjnTNUOtwKNfZcleU9MbUdCY'

2023-02-23 04:23:51 - [MESSAGE][PASSED] - gis_url.test.URL.redirectURL is PASSED

2023-02-23 04:23:51 - [TEST_STEP][PASSED] - delay(15): Delayed 15 second(s)

2023-02-23 04:24:06 - [MESSAGE][PASSED] - Delayed 15 second(s)

2023-02-23 04:24:06 - [TEST_STEP][PASSED] - click(findTestObject("EBP_Object/Page_Streetlogix/Menubar-icon")): Object: 'Object Repository/EBP_Object/Page_Streetlogix/Menubar-icon' is clicked on

2023-02-23 04:24:06 - [MESSAGE][PASSED] - Object: 'Object Repository/EBP_Object/Page_Streetlogix/Menubar-icon' is clicked on

2023-02-23 04:24:06 - [TEST_STEP][PASSED] - click(findTestObject("Object Repository/EBP_Object/Page_Streetlogix/div_Budget Estimator")): Object: 'Object Repository/EBP_Object/Page_Streetlogix/div_Budget Estimator' is clicked on

2023-02-23 04:24:07 - [MESSAGE][PASSED] - Object: 'Object Repository/EBP_Object/Page_Streetlogix/div_Budget Estimator' is clicked on

2023-02-23 04:24:07 - [TEST_STEP][PASSED] - Scenarioname = "EST 1": null

2023-02-23 04:24:07 - [TEST_STEP][PASSED] - sendKeys(findTestObject("Object Repository/EBP_Object/Page_Streetlogix/input_Scenario Name_scenarioName"), Keys.chord(COMMAND, "a")): Keys 'COMMAND + a' sent to object: 'Object Repository/EBP_Object/Page_Streetlogix/input_Scenario Name_scenarioName'

2023-02-23 04:24:09 - [MESSAGE][PASSED] - Keys 'COMMAND + a' sent to object: 'Object Repository/EBP_Object/Page_Streetlogix/input_Scenario Name_scenarioName'

2023-02-23 04:24:09 - [TEST_STEP][PASSED] - sendKeys(findTestObject("Object Repository/EBP_Object/Page_Streetlogix/input_Scenario Name_scenarioName"), Keys.chord(DELETE)): Keys 'DELETE + ' sent to object: 'Object Repository/EBP_Object/Page_Streetlogix/input_Scenario Name_scenarioName'

2023-02-23 04:24:13 - [MESSAGE][PASSED] - Keys 'DELETE + ' sent to object: 'Object Repository/EBP_Object/Page_Streetlogix/input_Scenario Name_scenarioName'

2023-02-23 04:24:13 - [TEST_STEP][PASSED] - setText(findTestObject("Object Repository/EBP_Object/Page_Streetlogix/input_Scenario Name_scenarioName"), Scenarioname): Text 'EST 1' is set on object 'Object Repository/EBP_Object/Page_Streetlogix/input_Scenario Name_scenarioName'

2023-02-23 04:24:14 - [MESSAGE][PASSED] - Text 'EST 1' is set on object 'Object Repository/EBP_Object/Page_Streetlogix/input_Scenario Name_scenarioName'

2023-02-23 04:24:14 - [TEST_STEP][PASSED] - sendKeys(findTestObject("Object Repository/EBP_Object/Page_Streetlogix/input_Program duration_programDuration"), Keys.chord(COMMAND, "a")): Keys 'COMMAND + a' sent to object: 'Object Repository/EBP_Object/Page_Streetlogix/input_Program duration_programDuration'

2023-02-23 04:24:15 - [MESSAGE][PASSED] - Keys 'COMMAND + a' sent to object: 'Object Repository/EBP_Object/Page_Streetlogix/input_Program duration_programDuration'

2023-02-23 04:24:15 - [TEST_STEP][PASSED] - sendKeys(findTestObject("Object Repository/EBP_Object/Page_Streetlogix/input_Program duration_programDuration"), Keys.chord(DELETE)): Keys 'DELETE + ' sent to object: 'Object Repository/EBP_Object/Page_Streetlogix/input_Program duration_programDuration'

2023-02-23 04:24:15 - [MESSAGE][PASSED] - Keys 'DELETE + ' sent to object: 'Object Repository/EBP_Object/Page_Streetlogix/input_Program duration_programDuration'

2023-02-23 04:24:15 - [TEST_STEP][PASSED] - setText(findTestObject("Object Repository/EBP_Object/Page_Streetlogix/input_Program duration_programDuration"), "1"): Text '1' is set on object 'Object Repository/EBP_Object/Page_Streetlogix/input_Program duration_programDuration'

2023-02-23 04:24:16 - [MESSAGE][PASSED] - Text '1' is set on object 'Object Repository/EBP_Object/Page_Streetlogix/input_Program duration_programDuration'

2023-02-23 04:24:16 - [TEST_STEP][PASSED] - AvgCI = getText(findTestObject("EBP_Object/Page_Streetlogix/Average_condition_index")): Text of object 'Object Repository/EBP_Object/Page_Streetlogix/Average_condition_index' is: '27.92'

2023-02-23 04:24:16 - [MESSAGE][PASSED] - Text of object 'Object Repository/EBP_Object/Page_Streetlogix/Average_condition_index' is: '27.92'

2023-02-23 04:24:16 - [TEST_STEP][PASSED] - TargetCI = AvgCI.toFloat() + 1.00: null

2023-02-23 04:24:16 - [TEST_STEP][PASSED] - setText(findTestObject("Object Repository/EBP_Object/Page_Streetlogix/input_Target Condition Index_target_rating"), $TargetCI): Text '28.920000076293945' is set on object 'Object Repository/EBP_Object/Page_Streetlogix/input_Target Condition Index_target_rating'

2023-02-23 04:24:17 - [MESSAGE][PASSED] - Text '28.920000076293945' is set on object 'Object Repository/EBP_Object/Page_Streetlogix/input_Target Condition Index_target_rating'

2023-02-23 04:24:17 - [TEST_STEP][PASSED] - sendKeys(findTestObject("Object Repository/EBP_Object/Page_Streetlogix/input_Annual Inflation_annualInflation"), Keys.chord(COMMAND, "a")): Keys 'COMMAND + a' sent to object: 'Object Repository/EBP_Object/Page_Streetlogix/input_Annual Inflation_annualInflation'

2023-02-23 04:24:18 - [MESSAGE][PASSED] - Keys 'COMMAND + a' sent to object: 'Object Repository/EBP_Object/Page_Streetlogix/input_Annual Inflation_annualInflation'

2023-02-23 04:24:18 - [TEST_STEP][PASSED] - sendKeys(findTestObject("Object Repository/EBP_Object/Page_Streetlogix/input_Annual Inflation_annualInflation"), Keys.chord(DELETE)): Keys 'DELETE + ' sent to object: 'Object Repository/EBP_Object/Page_Streetlogix/input_Annual Inflation_annualInflation'

2023-02-23 04:24:18 - [MESSAGE][PASSED] - Keys 'DELETE + ' sent to object: 'Object Repository/EBP_Object/Page_Streetlogix/input_Annual Inflation_annualInflation'

2023-02-23 04:24:18 - [TEST_STEP][PASSED] - setText(findTestObject("Object Repository/EBP_Object/Page_Streetlogix/input_Annual Inflation_annualInflation"), "5"): Text '5' is set on object 'Object Repository/EBP_Object/Page_Streetlogix/input_Annual Inflation_annualInflation'

2023-02-23 04:24:19 - [MESSAGE][PASSED] - Text '5' is set on object 'Object Repository/EBP_Object/Page_Streetlogix/input_Annual Inflation_annualInflation'

2023-02-23 04:24:19 - [TEST_STEP][PASSED] - click(findTestObject("Object Repository/EBP_Object/Page_Streetlogix/span_Calculate")): Object: 'Object Repository/EBP_Object/Page_Streetlogix/span_Calculate' is clicked on

2023-02-23 04:24:19 - [MESSAGE][PASSED] - Object: 'Object Repository/EBP_Object/Page_Streetlogix/span_Calculate' is clicked on

2023-02-23 04:24:19 - [TEST_STEP][PASSED] - delay(20): Delayed 20 second(s)

2023-02-23 04:24:39 - [MESSAGE][PASSED] - Delayed 20 second(s)

2023-02-23 04:24:39 - [TEST_STEP][PASSED] - click(findTestObject("Object Repository/EBP_Object/Page_Streetlogix/span_Load")): Object: 'Object Repository/EBP_Object/Page_Streetlogix/span_Load' is clicked on

2023-02-23 04:24:40 - [MESSAGE][PASSED] - Object: 'Object Repository/EBP_Object/Page_Streetlogix/span_Load' is clicked on

2023-02-23 04:24:40 - [TEST_STEP][PASSED] - click(findTestObject("EBP_Object/Page_Streetlogix/Load_Scenarioname")): Object: 'Object Repository/EBP_Object/Page_Streetlogix/Load_Scenarioname' is clicked on

2023-02-23 04:24:42 - [MESSAGE][PASSED] - Object: 'Object Repository/EBP_Object/Page_Streetlogix/Load_Scenarioname' is clicked on

2023-02-23 04:24:42 - [TEST_STEP][PASSED] - click(findTestObject("Object Repository/EBP_Object/Page_Streetlogix/h6_default scenario")): Object: 'Object Repository/EBP_Object/Page_Streetlogix/h6_default scenario' is clicked on

2023-02-23 04:24:46 - [MESSAGE][PASSED] - Object: 'Object Repository/EBP_Object/Page_Streetlogix/h6_default scenario' is clicked on

2023-02-23 04:24:46 - [TEST_STEP][FAILED] - click(findTestObject("Object Repository/EBP_Object/Page_Streetlogix/Estimator_summary")): Unable to click on object 'Object Repository/EBP_Object/Page_Streetlogix/Estimator_summary' (Root cause: com.kms.katalon.core.exception.StepFailedException: Unable to click on object 'Object Repository/EBP_Object/Page_Streetlogix/Estimator_summary'
	at com.kms.katalon.core.webui.keyword.internal.WebUIKeywordMain.stepFailed(WebUIKeywordMain.groovy:64)
	at com.kms.katalon.core.webui.keyword.internal.WebUIKeywordMain.runKeyword(WebUIKeywordMain.groovy:26)
	at com.kms.katalon.core.webui.keyword.builtin.ClickKeyword.click(ClickKeyword.groovy:74)
	at com.kms.katalon.core.webui.keyword.builtin.ClickKeyword.execute(ClickKeyword.groovy:40)
	at com.kms.katalon.core.keyword.internal.KeywordExecutor.executeKeywordForPlatform(KeywordExecutor.groovy:74)
	at com.kms.katalon.core.webui.keyword.WebUiBuiltInKeywords.click(WebUiBuiltInKeywords.groovy:620)
	at com.kms.katalon.core.webui.keyword.WebUiBuiltInKeywords$click$0.call(Unknown Source)
	at Budget_Estimator_1year.run(Budget_Estimator_1year:71)
	at com.kms.katalon.core.main.ScriptEngine.run(ScriptEngine.java:194)
	at com.kms.katalon.core.main.ScriptEngine.runScriptAsRawText(ScriptEngine.java:119)
	at com.kms.katalon.core.main.TestCaseExecutor.runScript(TestCaseExecutor.java:448)
	at com.kms.katalon.core.main.TestCaseExecutor.doExecute(TestCaseExecutor.java:439)
	at com.kms.katalon.core.main.TestCaseExecutor.processExecutionPhase(TestCaseExecutor.java:418)
	at com.kms.katalon.core.main.TestCaseExecutor.accessMainPhase(TestCaseExecutor.java:410)
	at com.kms.katalon.core.main.TestCaseExecutor.execute(TestCaseExecutor.java:285)
	at com.kms.katalon.core.common.CommonExecutor.accessTestCaseMainPhase(CommonExecutor.java:65)
	at com.kms.katalon.core.main.TestSuiteExecutor.accessTestSuiteMainPhase(TestSuiteExecutor.java:151)
	at com.kms.katalon.core.main.TestSuiteExecutor.execute(TestSuiteExecutor.java:106)
	at com.kms.katalon.core.main.TestCaseMain.startTestSuite(TestCaseMain.java:185)
	at com.kms.katalon.core.main.TestCaseMain$startTestSuite$0.call(Unknown Source)
	at TempTestSuite1677106148180.run(TempTestSuite1677106148180.groovy:36)
Caused by: com.kms.katalon.core.webui.exception.WebElementNotFoundException: Web element with id: 'Object Repository/EBP_Object/Page_Streetlogix/Estimator_summary' located by '//*[(text() = '1 Years, Target rating 28.92' or . = '1 Years, Target rating 28.92')]' not found
	at com.kms.katalon.core.webui.common.WebUiCommonHelper.findWebElement(WebUiCommonHelper.java:1370)
	at com.kms.katalon.core.webui.keyword.internal.WebUIAbstractKeyword.findWebElement(WebUIAbstractKeyword.groovy:27)
	at com.kms.katalon.core.webui.keyword.builtin.ClickKeyword$_click_closure1.doCall(ClickKeyword.groovy:65)
	at com.kms.katalon.core.webui.keyword.builtin.ClickKeyword$_click_closure1.call(ClickKeyword.groovy)
	at com.kms.katalon.core.webui.keyword.internal.WebUIKeywordMain.runKeyword(WebUIKeywordMain.groovy:20)
	at com.kms.katalon.core.webui.keyword.builtin.ClickKeyword.click(ClickKeyword.groovy:74)
	at com.kms.katalon.core.webui.keyword.builtin.ClickKeyword.execute(ClickKeyword.groovy:40)
	at com.kms.katalon.core.keyword.internal.KeywordExecutor.executeKeywordForPlatform(KeywordExecutor.groovy:74)
	at com.kms.katalon.core.webui.keyword.WebUiBuiltInKeywords.click(WebUiBuiltInKeywords.groovy:620)
	at com.kms.katalon.core.webui.keyword.WebUiBuiltInKeywords$click$0.call(Unknown Source)
	at Script1677046879141.run(Script1677046879141.groovy:71)
	... 13 more
)

2023-02-23 04:25:17 - [MESSAGE][INFO] - Unable to find the element located by 'By.xpath: //*[(text() = '1 Years, Target rating 28.92' or . = '1 Years, Target rating 28.92')]'. Please recheck the objects properties to make sure the desired element is located. 

2023-02-23 04:25:17 - [MESSAGE][FAILED] - Unable to click on object 'Object Repository/EBP_Object/Page_Streetlogix/Estimator_summary' (Root cause: com.kms.katalon.core.exception.StepFailedException: Unable to click on object 'Object Repository/EBP_Object/Page_Streetlogix/Estimator_summary'
	at com.kms.katalon.core.webui.keyword.internal.WebUIKeywordMain.stepFailed(WebUIKeywordMain.groovy:64)
	at com.kms.katalon.core.webui.keyword.internal.WebUIKeywordMain.runKeyword(WebUIKeywordMain.groovy:26)
	at com.kms.katalon.core.webui.keyword.builtin.ClickKeyword.click(ClickKeyword.groovy:74)
	at com.kms.katalon.core.webui.keyword.builtin.ClickKeyword.execute(ClickKeyword.groovy:40)
	at com.kms.katalon.core.keyword.internal.KeywordExecutor.executeKeywordForPlatform(KeywordExecutor.groovy:74)
	at com.kms.katalon.core.webui.keyword.WebUiBuiltInKeywords.click(WebUiBuiltInKeywords.groovy:620)
	at com.kms.katalon.core.webui.keyword.WebUiBuiltInKeywords$click$0.call(Unknown Source)
	at Budget_Estimator_1year.run(Budget_Estimator_1year:71)
	at com.kms.katalon.core.main.ScriptEngine.run(ScriptEngine.java:194)
	at com.kms.katalon.core.main.ScriptEngine.runScriptAsRawText(ScriptEngine.java:119)
	at com.kms.katalon.core.main.TestCaseExecutor.runScript(TestCaseExecutor.java:448)
	at com.kms.katalon.core.main.TestCaseExecutor.doExecute(TestCaseExecutor.java:439)
	at com.kms.katalon.core.main.TestCaseExecutor.processExecutionPhase(TestCaseExecutor.java:418)
	at com.kms.katalon.core.main.TestCaseExecutor.accessMainPhase(TestCaseExecutor.java:410)
	at com.kms.katalon.core.main.TestCaseExecutor.execute(TestCaseExecutor.java:285)
	at com.kms.katalon.core.common.CommonExecutor.accessTestCaseMainPhase(CommonExecutor.java:65)
	at com.kms.katalon.core.main.TestSuiteExecutor.accessTestSuiteMainPhase(TestSuiteExecutor.java:151)
	at com.kms.katalon.core.main.TestSuiteExecutor.execute(TestSuiteExecutor.java:106)
	at com.kms.katalon.core.main.TestCaseMain.startTestSuite(TestCaseMain.java:185)
	at com.kms.katalon.core.main.TestCaseMain$startTestSuite$0.call(Unknown Source)
	at TempTestSuite1677106148180.run(TempTestSuite1677106148180.groovy:36)
Caused by: com.kms.katalon.core.webui.exception.WebElementNotFoundException: Web element with id: 'Object Repository/EBP_Object/Page_Streetlogix/Estimator_summary' located by '//*[(text() = '1 Years, Target rating 28.92' or . = '1 Years, Target rating 28.92')]' not found
	at com.kms.katalon.core.webui.common.WebUiCommonHelper.findWebElement(WebUiCommonHelper.java:1370)
	at com.kms.katalon.core.webui.keyword.internal.WebUIAbstractKeyword.findWebElement(WebUIAbstractKeyword.groovy:27)
	at com.kms.katalon.core.webui.keyword.builtin.ClickKeyword$_click_closure1.doCall(ClickKeyword.groovy:65)
	at com.kms.katalon.core.webui.keyword.builtin.ClickKeyword$_click_closure1.call(ClickKeyword.groovy)
	at com.kms.katalon.core.webui.keyword.internal.WebUIKeywordMain.runKeyword(WebUIKeywordMain.groovy:20)
	at com.kms.katalon.core.webui.keyword.builtin.ClickKeyword.click(ClickKeyword.groovy:74)
	at com.kms.katalon.core.webui.keyword.builtin.ClickKeyword.execute(ClickKeyword.groovy:40)
	at com.kms.katalon.core.keyword.internal.KeywordExecutor.executeKeywordForPlatform(KeywordExecutor.groovy:74)
	at com.kms.katalon.core.webui.keyword.WebUiBuiltInKeywords.click(WebUiBuiltInKeywords.groovy:620)
	at com.kms.katalon.core.webui.keyword.WebUiBuiltInKeywords$click$0.call(Unknown Source)
	at Script1677046879141.run(Script1677046879141.groovy:71)
	... 13 more
)
[[ATTACHMENT|/Users/kashif/Downloads/Kashif/Katalon Studio/4.0_fresh/4.0 Fresh/Reports/20230223_034907/GIS/20230223_034908/1677108317439.png]]

2023-02-23 04:25:17 - [TEST_STEP][PASSED] - click(findTestObject("EBP_Object/Page_Streetlogix/Asset_name")): Object: 'Object Repository/EBP_Object/Page_Streetlogix/Asset_name' is clicked on

2023-02-23 04:25:18 - [MESSAGE][PASSED] - Object: 'Object Repository/EBP_Object/Page_Streetlogix/Asset_name' is clicked on

2023-02-23 04:25:18 - [TEST_STEP][PASSED] - click(findTestObject("Object Repository/EBP_Object/Page_Streetlogix/Program_duration_1year")): Object: 'Object Repository/EBP_Object/Page_Streetlogix/Program_duration_1year' is clicked on

2023-02-23 04:25:18 - [MESSAGE][PASSED] - Object: 'Object Repository/EBP_Object/Page_Streetlogix/Program_duration_1year' is clicked on

2023-02-23 04:25:18 - [TEST_STEP][PASSED] - click(findTestObject("Object Repository/EBP_Object/Page_Streetlogix/Total cost estimated")): Object: 'Object Repository/EBP_Object/Page_Streetlogix/Total cost estimated' is clicked on

2023-02-23 04:25:19 - [MESSAGE][PASSED] - Object: 'Object Repository/EBP_Object/Page_Streetlogix/Total cost estimated' is clicked on

2023-02-23 04:25:19 - [TEST_STEP][PASSED] - click(findTestObject("Object Repository/EBP_Object/Page_Streetlogix/Inflation_5")): Object: 'Object Repository/EBP_Object/Page_Streetlogix/Inflation_5' is clicked on

2023-02-23 04:25:20 - [MESSAGE][PASSED] - Object: 'Object Repository/EBP_Object/Page_Streetlogix/Inflation_5' is clicked on

2023-02-23 04:25:20 - [TEST_STEP][PASSED] - click(findTestObject("Object Repository/EBP_Object/Page_Streetlogix/h6_pci  0")): Object: 'Object Repository/EBP_Object/Page_Streetlogix/h6_pci  0' is clicked on

2023-02-23 04:25:20 - [MESSAGE][PASSED] - Object: 'Object Repository/EBP_Object/Page_Streetlogix/h6_pci  0' is clicked on

2023-02-23 04:25:20 - [TEST_STEP][PASSED] - click(findTestObject("Object Repository/EBP_Object/Page_Streetlogix/h6_DT with PCI ranges")): Object: 'Object Repository/EBP_Object/Page_Streetlogix/h6_DT with PCI ranges' is clicked on

2023-02-23 04:25:21 - [MESSAGE][PASSED] - Object: 'Object Repository/EBP_Object/Page_Streetlogix/h6_DT with PCI ranges' is clicked on

2023-02-23 04:25:21 - [TEST_STEP][PASSED] - click(findTestObject("EBP_Object/Page_Streetlogix/View_Graph_dropdown")): Object: 'Object Repository/EBP_Object/Page_Streetlogix/View_Graph_dropdown' is clicked on

2023-02-23 04:25:22 - [MESSAGE][PASSED] - Object: 'Object Repository/EBP_Object/Page_Streetlogix/View_Graph_dropdown' is clicked on

2023-02-23 04:25:22 - [TEST_STEP][PASSED] - click(findTestObject("Object Repository/EBP_Object/Page_Streetlogix/li_Table")): Object: 'Object Repository/EBP_Object/Page_Streetlogix/li_Table' is clicked on

2023-02-23 04:25:22 - [MESSAGE][PASSED] - Object: 'Object Repository/EBP_Object/Page_Streetlogix/li_Table' is clicked on

2023-02-23 04:25:22 - [TEST_STEP][FAILED] - click(findTestObject("Object Repository/EBP_Object/Page_Streetlogix/Final_Rating")): Unable to click on object 'Object Repository/EBP_Object/Page_Streetlogix/Final_Rating' (Root cause: com.kms.katalon.core.exception.StepFailedException: Unable to click on object 'Object Repository/EBP_Object/Page_Streetlogix/Final_Rating'
	at com.kms.katalon.core.webui.keyword.internal.WebUIKeywordMain.stepFailed(WebUIKeywordMain.groovy:64)
	at com.kms.katalon.core.webui.keyword.internal.WebUIKeywordMain.runKeyword(WebUIKeywordMain.groovy:26)
	at com.kms.katalon.core.webui.keyword.builtin.ClickKeyword.click(ClickKeyword.groovy:74)
	at com.kms.katalon.core.webui.keyword.builtin.ClickKeyword.execute(ClickKeyword.groovy:40)
	at com.kms.katalon.core.keyword.internal.KeywordExecutor.executeKeywordForPlatform(KeywordExecutor.groovy:74)
	at com.kms.katalon.core.webui.keyword.WebUiBuiltInKeywords.click(WebUiBuiltInKeywords.groovy:620)
	at com.kms.katalon.core.webui.keyword.WebUiBuiltInKeywords$click$0.call(Unknown Source)
	at Budget_Estimator_1year.run(Budget_Estimator_1year:89)
	at com.kms.katalon.core.main.ScriptEngine.run(ScriptEngine.java:194)
	at com.kms.katalon.core.main.ScriptEngine.runScriptAsRawText(ScriptEngine.java:119)
	at com.kms.katalon.core.main.TestCaseExecutor.runScript(TestCaseExecutor.java:448)
	at com.kms.katalon.core.main.TestCaseExecutor.doExecute(TestCaseExecutor.java:439)
	at com.kms.katalon.core.main.TestCaseExecutor.processExecutionPhase(TestCaseExecutor.java:418)
	at com.kms.katalon.core.main.TestCaseExecutor.accessMainPhase(TestCaseExecutor.java:410)
	at com.kms.katalon.core.main.TestCaseExecutor.execute(TestCaseExecutor.java:285)
	at com.kms.katalon.core.common.CommonExecutor.accessTestCaseMainPhase(CommonExecutor.java:65)
	at com.kms.katalon.core.main.TestSuiteExecutor.accessTestSuiteMainPhase(TestSuiteExecutor.java:151)
	at com.kms.katalon.core.main.TestSuiteExecutor.execute(TestSuiteExecutor.java:106)
	at com.kms.katalon.core.main.TestCaseMain.startTestSuite(TestCaseMain.java:185)
	at com.kms.katalon.core.main.TestCaseMain$startTestSuite$0.call(Unknown Source)
	at TempTestSuite1677106148180.run(TempTestSuite1677106148180.groovy:36)
Caused by: com.kms.katalon.core.webui.exception.WebElementNotFoundException: Web element with id: 'Object Repository/EBP_Object/Page_Streetlogix/Final_Rating' located by '//*[(text() = '28.92' or . = '28.92')]' not found
	at com.kms.katalon.core.webui.common.WebUiCommonHelper.findWebElement(WebUiCommonHelper.java:1370)
	at com.kms.katalon.core.webui.keyword.internal.WebUIAbstractKeyword.findWebElement(WebUIAbstractKeyword.groovy:27)
	at com.kms.katalon.core.webui.keyword.builtin.ClickKeyword$_click_closure1.doCall(ClickKeyword.groovy:65)
	at com.kms.katalon.core.webui.keyword.builtin.ClickKeyword$_click_closure1.call(ClickKeyword.groovy)
	at com.kms.katalon.core.webui.keyword.internal.WebUIKeywordMain.runKeyword(WebUIKeywordMain.groovy:20)
	at com.kms.katalon.core.webui.keyword.builtin.ClickKeyword.click(ClickKeyword.groovy:74)
	at com.kms.katalon.core.webui.keyword.builtin.ClickKeyword.execute(ClickKeyword.groovy:40)
	at com.kms.katalon.core.keyword.internal.KeywordExecutor.executeKeywordForPlatform(KeywordExecutor.groovy:74)
	at com.kms.katalon.core.webui.keyword.WebUiBuiltInKeywords.click(WebUiBuiltInKeywords.groovy:620)
	at com.kms.katalon.core.webui.keyword.WebUiBuiltInKeywords$click$0.call(Unknown Source)
	at Script1677046879141.run(Script1677046879141.groovy:89)
	... 13 more
)

2023-02-23 04:25:53 - [MESSAGE][INFO] - Unable to find the element located by 'By.xpath: //*[(text() = '28.92' or . = '28.92')]'. Please recheck the objects properties to make sure the desired element is located. 

2023-02-23 04:25:54 - [MESSAGE][FAILED] - Unable to click on object 'Object Repository/EBP_Object/Page_Streetlogix/Final_Rating' (Root cause: com.kms.katalon.core.exception.StepFailedException: Unable to click on object 'Object Repository/EBP_Object/Page_Streetlogix/Final_Rating'
	at com.kms.katalon.core.webui.keyword.internal.WebUIKeywordMain.stepFailed(WebUIKeywordMain.groovy:64)
	at com.kms.katalon.core.webui.keyword.internal.WebUIKeywordMain.runKeyword(WebUIKeywordMain.groovy:26)
	at com.kms.katalon.core.webui.keyword.builtin.ClickKeyword.click(ClickKeyword.groovy:74)
	at com.kms.katalon.core.webui.keyword.builtin.ClickKeyword.execute(ClickKeyword.groovy:40)
	at com.kms.katalon.core.keyword.internal.KeywordExecutor.executeKeywordForPlatform(KeywordExecutor.groovy:74)
	at com.kms.katalon.core.webui.keyword.WebUiBuiltInKeywords.click(WebUiBuiltInKeywords.groovy:620)
	at com.kms.katalon.core.webui.keyword.WebUiBuiltInKeywords$click$0.call(Unknown Source)
	at Budget_Estimator_1year.run(Budget_Estimator_1year:89)
	at com.kms.katalon.core.main.ScriptEngine.run(ScriptEngine.java:194)
	at com.kms.katalon.core.main.ScriptEngine.runScriptAsRawText(ScriptEngine.java:119)
	at com.kms.katalon.core.main.TestCaseExecutor.runScript(TestCaseExecutor.java:448)
	at com.kms.katalon.core.main.TestCaseExecutor.doExecute(TestCaseExecutor.java:439)
	at com.kms.katalon.core.main.TestCaseExecutor.processExecutionPhase(TestCaseExecutor.java:418)
	at com.kms.katalon.core.main.TestCaseExecutor.accessMainPhase(TestCaseExecutor.java:410)
	at com.kms.katalon.core.main.TestCaseExecutor.execute(TestCaseExecutor.java:285)
	at com.kms.katalon.core.common.CommonExecutor.accessTestCaseMainPhase(CommonExecutor.java:65)
	at com.kms.katalon.core.main.TestSuiteExecutor.accessTestSuiteMainPhase(TestSuiteExecutor.java:151)
	at com.kms.katalon.core.main.TestSuiteExecutor.execute(TestSuiteExecutor.java:106)
	at com.kms.katalon.core.main.TestCaseMain.startTestSuite(TestCaseMain.java:185)
	at com.kms.katalon.core.main.TestCaseMain$startTestSuite$0.call(Unknown Source)
	at TempTestSuite1677106148180.run(TempTestSuite1677106148180.groovy:36)
Caused by: com.kms.katalon.core.webui.exception.WebElementNotFoundException: Web element with id: 'Object Repository/EBP_Object/Page_Streetlogix/Final_Rating' located by '//*[(text() = '28.92' or . = '28.92')]' not found
	at com.kms.katalon.core.webui.common.WebUiCommonHelper.findWebElement(WebUiCommonHelper.java:1370)
	at com.kms.katalon.core.webui.keyword.internal.WebUIAbstractKeyword.findWebElement(WebUIAbstractKeyword.groovy:27)
	at com.kms.katalon.core.webui.keyword.builtin.ClickKeyword$_click_closure1.doCall(ClickKeyword.groovy:65)
	at com.kms.katalon.core.webui.keyword.builtin.ClickKeyword$_click_closure1.call(ClickKeyword.groovy)
	at com.kms.katalon.core.webui.keyword.internal.WebUIKeywordMain.runKeyword(WebUIKeywordMain.groovy:20)
	at com.kms.katalon.core.webui.keyword.builtin.ClickKeyword.click(ClickKeyword.groovy:74)
	at com.kms.katalon.core.webui.keyword.builtin.ClickKeyword.execute(ClickKeyword.groovy:40)
	at com.kms.katalon.core.keyword.internal.KeywordExecutor.executeKeywordForPlatform(KeywordExecutor.groovy:74)
	at com.kms.katalon.core.webui.keyword.WebUiBuiltInKeywords.click(WebUiBuiltInKeywords.groovy:620)
	at com.kms.katalon.core.webui.keyword.WebUiBuiltInKeywords$click$0.call(Unknown Source)
	at Script1677046879141.run(Script1677046879141.groovy:89)
	... 13 more
)
[[ATTACHMENT|/Users/kashif/Downloads/Kashif/Katalon Studio/4.0_fresh/4.0 Fresh/Reports/20230223_034907/GIS/20230223_034908/1677108353961.png]]

2023-02-23 04:25:54 - [TEST_STEP][PASSED] - click(findTestObject("Object Repository/EBP_Object/Page_Streetlogix/span_Report")): Object: 'Object Repository/EBP_Object/Page_Streetlogix/span_Report' is clicked on

2023-02-23 04:25:54 - [MESSAGE][PASSED] - Object: 'Object Repository/EBP_Object/Page_Streetlogix/span_Report' is clicked on

2023-02-23 04:25:54 - [TEST_STEP][PASSED] - click(findTestObject("Object Repository/EBP_Object/Page_Streetlogix/span_Export")): Object: 'Object Repository/EBP_Object/Page_Streetlogix/span_Export' is clicked on

2023-02-23 04:25:55 - [MESSAGE][PASSED] - Object: 'Object Repository/EBP_Object/Page_Streetlogix/span_Export' is clicked on

2023-02-23 04:25:55 - [TEST_STEP][PASSED] - delay(50): Delayed 50 second(s)

2023-02-23 04:26:45 - [MESSAGE][PASSED] - Delayed 50 second(s)

2023-02-23 04:26:45 - [TEST_STEP][FAILED] - click(findTestObject("Object Repository/EBP_Object/Page_Streetlogix/div_Report downloaded successfully")): Unable to click on object 'Object Repository/EBP_Object/Page_Streetlogix/div_Report downloaded successfully' (Root cause: com.kms.katalon.core.exception.StepFailedException: Unable to click on object 'Object Repository/EBP_Object/Page_Streetlogix/div_Report downloaded successfully'
	at com.kms.katalon.core.webui.keyword.internal.WebUIKeywordMain.stepFailed(WebUIKeywordMain.groovy:64)
	at com.kms.katalon.core.webui.keyword.internal.WebUIKeywordMain.runKeyword(WebUIKeywordMain.groovy:26)
	at com.kms.katalon.core.webui.keyword.builtin.ClickKeyword.click(ClickKeyword.groovy:74)
	at com.kms.katalon.core.webui.keyword.builtin.ClickKeyword.execute(ClickKeyword.groovy:40)
	at com.kms.katalon.core.keyword.internal.KeywordExecutor.executeKeywordForPlatform(KeywordExecutor.groovy:74)
	at com.kms.katalon.core.webui.keyword.WebUiBuiltInKeywords.click(WebUiBuiltInKeywords.groovy:620)
	at com.kms.katalon.core.webui.keyword.WebUiBuiltInKeywords$click$0.call(Unknown Source)
	at Budget_Estimator_1year.run(Budget_Estimator_1year:97)
	at com.kms.katalon.core.main.ScriptEngine.run(ScriptEngine.java:194)
	at com.kms.katalon.core.main.ScriptEngine.runScriptAsRawText(ScriptEngine.java:119)
	at com.kms.katalon.core.main.TestCaseExecutor.runScript(TestCaseExecutor.java:448)
	at com.kms.katalon.core.main.TestCaseExecutor.doExecute(TestCaseExecutor.java:439)
	at com.kms.katalon.core.main.TestCaseExecutor.processExecutionPhase(TestCaseExecutor.java:418)
	at com.kms.katalon.core.main.TestCaseExecutor.accessMainPhase(TestCaseExecutor.java:410)
	at com.kms.katalon.core.main.TestCaseExecutor.execute(TestCaseExecutor.java:285)
	at com.kms.katalon.core.common.CommonExecutor.accessTestCaseMainPhase(CommonExecutor.java:65)
	at com.kms.katalon.core.main.TestSuiteExecutor.accessTestSuiteMainPhase(TestSuiteExecutor.java:151)
	at com.kms.katalon.core.main.TestSuiteExecutor.execute(TestSuiteExecutor.java:106)
	at com.kms.katalon.core.main.TestCaseMain.startTestSuite(TestCaseMain.java:185)
	at com.kms.katalon.core.main.TestCaseMain$startTestSuite$0.call(Unknown Source)
	at TempTestSuite1677106148180.run(TempTestSuite1677106148180.groovy:36)
Caused by: com.kms.katalon.core.webui.exception.WebElementNotFoundException: Web element with id: 'Object Repository/EBP_Object/Page_Streetlogix/div_Report downloaded successfully' located by '//div[@id='46rp6656h']/div/div[2]' not found
	at com.kms.katalon.core.webui.common.WebUiCommonHelper.findWebElement(WebUiCommonHelper.java:1370)
	at com.kms.katalon.core.webui.keyword.internal.WebUIAbstractKeyword.findWebElement(WebUIAbstractKeyword.groovy:27)
	at com.kms.katalon.core.webui.keyword.builtin.ClickKeyword$_click_closure1.doCall(ClickKeyword.groovy:65)
	at com.kms.katalon.core.webui.keyword.builtin.ClickKeyword$_click_closure1.call(ClickKeyword.groovy)
	at com.kms.katalon.core.webui.keyword.internal.WebUIKeywordMain.runKeyword(WebUIKeywordMain.groovy:20)
	at com.kms.katalon.core.webui.keyword.builtin.ClickKeyword.click(ClickKeyword.groovy:74)
	at com.kms.katalon.core.webui.keyword.builtin.ClickKeyword.execute(ClickKeyword.groovy:40)
	at com.kms.katalon.core.keyword.internal.KeywordExecutor.executeKeywordForPlatform(KeywordExecutor.groovy:74)
	at com.kms.katalon.core.webui.keyword.WebUiBuiltInKeywords.click(WebUiBuiltInKeywords.groovy:620)
	at com.kms.katalon.core.webui.keyword.WebUiBuiltInKeywords$click$0.call(Unknown Source)
	at Script1677046879141.run(Script1677046879141.groovy:97)
	... 13 more
)

2023-02-23 04:27:18 - [MESSAGE][INFO] - Unable to find the element located by 'By.xpath: //div[@id='46rp6656h']/div/div[2]'. Please recheck the objects properties to make sure the desired element is located. 

2023-02-23 04:27:19 - [MESSAGE][FAILED] - Unable to click on object 'Object Repository/EBP_Object/Page_Streetlogix/div_Report downloaded successfully' (Root cause: com.kms.katalon.core.exception.StepFailedException: Unable to click on object 'Object Repository/EBP_Object/Page_Streetlogix/div_Report downloaded successfully'
	at com.kms.katalon.core.webui.keyword.internal.WebUIKeywordMain.stepFailed(WebUIKeywordMain.groovy:64)
	at com.kms.katalon.core.webui.keyword.internal.WebUIKeywordMain.runKeyword(WebUIKeywordMain.groovy:26)
	at com.kms.katalon.core.webui.keyword.builtin.ClickKeyword.click(ClickKeyword.groovy:74)
	at com.kms.katalon.core.webui.keyword.builtin.ClickKeyword.execute(ClickKeyword.groovy:40)
	at com.kms.katalon.core.keyword.internal.KeywordExecutor.executeKeywordForPlatform(KeywordExecutor.groovy:74)
	at com.kms.katalon.core.webui.keyword.WebUiBuiltInKeywords.click(WebUiBuiltInKeywords.groovy:620)
	at com.kms.katalon.core.webui.keyword.WebUiBuiltInKeywords$click$0.call(Unknown Source)
	at Budget_Estimator_1year.run(Budget_Estimator_1year:97)
	at com.kms.katalon.core.main.ScriptEngine.run(ScriptEngine.java:194)
	at com.kms.katalon.core.main.ScriptEngine.runScriptAsRawText(ScriptEngine.java:119)
	at com.kms.katalon.core.main.TestCaseExecutor.runScript(TestCaseExecutor.java:448)
	at com.kms.katalon.core.main.TestCaseExecutor.doExecute(TestCaseExecutor.java:439)
	at com.kms.katalon.core.main.TestCaseExecutor.processExecutionPhase(TestCaseExecutor.java:418)
	at com.kms.katalon.core.main.TestCaseExecutor.accessMainPhase(TestCaseExecutor.java:410)
	at com.kms.katalon.core.main.TestCaseExecutor.execute(TestCaseExecutor.java:285)
	at com.kms.katalon.core.common.CommonExecutor.accessTestCaseMainPhase(CommonExecutor.java:65)
	at com.kms.katalon.core.main.TestSuiteExecutor.accessTestSuiteMainPhase(TestSuiteExecutor.java:151)
	at com.kms.katalon.core.main.TestSuiteExecutor.execute(TestSuiteExecutor.java:106)
	at com.kms.katalon.core.main.TestCaseMain.startTestSuite(TestCaseMain.java:185)
	at com.kms.katalon.core.main.TestCaseMain$startTestSuite$0.call(Unknown Source)
	at TempTestSuite1677106148180.run(TempTestSuite1677106148180.groovy:36)
Caused by: com.kms.katalon.core.webui.exception.WebElementNotFoundException: Web element with id: 'Object Repository/EBP_Object/Page_Streetlogix/div_Report downloaded successfully' located by '//div[@id='46rp6656h']/div/div[2]' not found
	at com.kms.katalon.core.webui.common.WebUiCommonHelper.findWebElement(WebUiCommonHelper.java:1370)
	at com.kms.katalon.core.webui.keyword.internal.WebUIAbstractKeyword.findWebElement(WebUIAbstractKeyword.groovy:27)
	at com.kms.katalon.core.webui.keyword.builtin.ClickKeyword$_click_closure1.doCall(ClickKeyword.groovy:65)
	at com.kms.katalon.core.webui.keyword.builtin.ClickKeyword$_click_closure1.call(ClickKeyword.groovy)
	at com.kms.katalon.core.webui.keyword.internal.WebUIKeywordMain.runKeyword(WebUIKeywordMain.groovy:20)
	at com.kms.katalon.core.webui.keyword.builtin.ClickKeyword.click(ClickKeyword.groovy:74)
	at com.kms.katalon.core.webui.keyword.builtin.ClickKeyword.execute(ClickKeyword.groovy:40)
	at com.kms.katalon.core.keyword.internal.KeywordExecutor.executeKeywordForPlatform(KeywordExecutor.groovy:74)
	at com.kms.katalon.core.webui.keyword.WebUiBuiltInKeywords.click(WebUiBuiltInKeywords.groovy:620)
	at com.kms.katalon.core.webui.keyword.WebUiBuiltInKeywords$click$0.call(Unknown Source)
	at Script1677046879141.run(Script1677046879141.groovy:97)
	... 13 more
)
[[ATTACHMENT|/Users/kashif/Downloads/Kashif/Katalon Studio/4.0_fresh/4.0 Fresh/Reports/20230223_034907/GIS/20230223_034908/1677108438545.png]]

2023-02-23 04:27:19 - [TEST_STEP][PASSED] - click(findTestObject("Object Repository/EBP_Object/Page_Streetlogix/span_Report")): Object: 'Object Repository/EBP_Object/Page_Streetlogix/span_Report' is clicked on

2023-02-23 04:27:19 - [MESSAGE][PASSED] - Object: 'Object Repository/EBP_Object/Page_Streetlogix/span_Report' is clicked on

2023-02-23 04:27:19 - [TEST_STEP][PASSED] - click(findTestObject("Object Repository/EBP_Object/Page_Streetlogix/span_Word")): Object: 'Object Repository/EBP_Object/Page_Streetlogix/span_Word' is clicked on

2023-02-23 04:27:20 - [MESSAGE][PASSED] - Object: 'Object Repository/EBP_Object/Page_Streetlogix/span_Word' is clicked on

2023-02-23 04:27:20 - [TEST_STEP][PASSED] - click(findTestObject("Object Repository/EBP_Object/Page_Streetlogix/span_Export")): Object: 'Object Repository/EBP_Object/Page_Streetlogix/span_Export' is clicked on

2023-02-23 04:27:20 - [MESSAGE][PASSED] - Object: 'Object Repository/EBP_Object/Page_Streetlogix/span_Export' is clicked on

2023-02-23 04:27:20 - [TEST_STEP][PASSED] - click(findTestObject("Object Repository/EBP_Object/Page_Streetlogix/span_Close")): Object: 'Object Repository/EBP_Object/Page_Streetlogix/span_Close' is clicked on

2023-02-23 04:27:22 - [MESSAGE][PASSED] - Object: 'Object Repository/EBP_Object/Page_Streetlogix/span_Close' is clicked on

2023-02-23 04:27:22 - [TEST_STEP][PASSED] - click(findTestObject("Object Repository/EBP_Object/Page_Streetlogix/span_Load")): Object: 'Object Repository/EBP_Object/Page_Streetlogix/span_Load' is clicked on

2023-02-23 04:27:24 - [MESSAGE][PASSED] - Object: 'Object Repository/EBP_Object/Page_Streetlogix/span_Load' is clicked on

2023-02-23 04:27:24 - [TEST_STEP][FAILED] - click(findTestObject("EBP_Object/Page_Streetlogix/Delete_Scenario_1")): Unable to click on object 'Object Repository/EBP_Object/Page_Streetlogix/Delete_Scenario_1' (Root cause: com.kms.katalon.core.exception.StepFailedException: Unable to click on object 'Object Repository/EBP_Object/Page_Streetlogix/Delete_Scenario_1'
	at com.kms.katalon.core.webui.keyword.internal.WebUIKeywordMain.stepFailed(WebUIKeywordMain.groovy:64)
	at com.kms.katalon.core.webui.keyword.internal.WebUIKeywordMain.runKeyword(WebUIKeywordMain.groovy:26)
	at com.kms.katalon.core.webui.keyword.builtin.ClickKeyword.click(ClickKeyword.groovy:74)
	at com.kms.katalon.core.webui.keyword.builtin.ClickKeyword.execute(ClickKeyword.groovy:40)
	at com.kms.katalon.core.keyword.internal.KeywordExecutor.executeKeywordForPlatform(KeywordExecutor.groovy:74)
	at com.kms.katalon.core.webui.keyword.WebUiBuiltInKeywords.click(WebUiBuiltInKeywords.groovy:620)
	at com.kms.katalon.core.webui.keyword.WebUiBuiltInKeywords$click$0.call(Unknown Source)
	at Budget_Estimator_1year.run(Budget_Estimator_1year:109)
	at com.kms.katalon.core.main.ScriptEngine.run(ScriptEngine.java:194)
	at com.kms.katalon.core.main.ScriptEngine.runScriptAsRawText(ScriptEngine.java:119)
	at com.kms.katalon.core.main.TestCaseExecutor.runScript(TestCaseExecutor.java:448)
	at com.kms.katalon.core.main.TestCaseExecutor.doExecute(TestCaseExecutor.java:439)
	at com.kms.katalon.core.main.TestCaseExecutor.processExecutionPhase(TestCaseExecutor.java:418)
	at com.kms.katalon.core.main.TestCaseExecutor.accessMainPhase(TestCaseExecutor.java:410)
	at com.kms.katalon.core.main.TestCaseExecutor.execute(TestCaseExecutor.java:285)
	at com.kms.katalon.core.common.CommonExecutor.accessTestCaseMainPhase(CommonExecutor.java:65)
	at com.kms.katalon.core.main.TestSuiteExecutor.accessTestSuiteMainPhase(TestSuiteExecutor.java:151)
	at com.kms.katalon.core.main.TestSuiteExecutor.execute(TestSuiteExecutor.java:106)
	at com.kms.katalon.core.main.TestCaseMain.startTestSuite(TestCaseMain.java:185)
	at com.kms.katalon.core.main.TestCaseMain$startTestSuite$0.call(Unknown Source)
	at TempTestSuite1677106148180.run(TempTestSuite1677106148180.groovy:36)
Caused by: com.kms.katalon.core.webui.exception.WebElementNotFoundException: Web element with id: 'Object Repository/EBP_Object/Page_Streetlogix/Delete_Scenario_1' located by '/html/body/div[6]/div[3]/div/div[2]/div/div[2]/div[2]/div/div/div/div/div/div[1]/div[11]/div/span/button' not found
	at com.kms.katalon.core.webui.common.WebUiCommonHelper.findWebElement(WebUiCommonHelper.java:1370)
	at com.kms.katalon.core.webui.keyword.internal.WebUIAbstractKeyword.findWebElement(WebUIAbstractKeyword.groovy:27)
	at com.kms.katalon.core.webui.keyword.builtin.ClickKeyword$_click_closure1.doCall(ClickKeyword.groovy:65)
	at com.kms.katalon.core.webui.keyword.builtin.ClickKeyword$_click_closure1.call(ClickKeyword.groovy)
	at com.kms.katalon.core.webui.keyword.internal.WebUIKeywordMain.runKeyword(WebUIKeywordMain.groovy:20)
	at com.kms.katalon.core.webui.keyword.builtin.ClickKeyword.click(ClickKeyword.groovy:74)
	at com.kms.katalon.core.webui.keyword.builtin.ClickKeyword.execute(ClickKeyword.groovy:40)
	at com.kms.katalon.core.keyword.internal.KeywordExecutor.executeKeywordForPlatform(KeywordExecutor.groovy:74)
	at com.kms.katalon.core.webui.keyword.WebUiBuiltInKeywords.click(WebUiBuiltInKeywords.groovy:620)
	at com.kms.katalon.core.webui.keyword.WebUiBuiltInKeywords$click$0.call(Unknown Source)
	at Script1677046879141.run(Script1677046879141.groovy:109)
	... 13 more
)

2023-02-23 04:27:55 - [MESSAGE][INFO] - Unable to find the element located by 'By.xpath: /html/body/div[6]/div[3]/div/div[2]/div/div[2]/div[2]/div/div/div/div/div/div[1]/div[11]/div/span/button'. Please recheck the objects properties to make sure the desired element is located. 

2023-02-23 04:27:55 - [MESSAGE][FAILED] - Unable to click on object 'Object Repository/EBP_Object/Page_Streetlogix/Delete_Scenario_1' (Root cause: com.kms.katalon.core.exception.StepFailedException: Unable to click on object 'Object Repository/EBP_Object/Page_Streetlogix/Delete_Scenario_1'
	at com.kms.katalon.core.webui.keyword.internal.WebUIKeywordMain.stepFailed(WebUIKeywordMain.groovy:64)
	at com.kms.katalon.core.webui.keyword.internal.WebUIKeywordMain.runKeyword(WebUIKeywordMain.groovy:26)
	at com.kms.katalon.core.webui.keyword.builtin.ClickKeyword.click(ClickKeyword.groovy:74)
	at com.kms.katalon.core.webui.keyword.builtin.ClickKeyword.execute(ClickKeyword.groovy:40)
	at com.kms.katalon.core.keyword.internal.KeywordExecutor.executeKeywordForPlatform(KeywordExecutor.groovy:74)
	at com.kms.katalon.core.webui.keyword.WebUiBuiltInKeywords.click(WebUiBuiltInKeywords.groovy:620)
	at com.kms.katalon.core.webui.keyword.WebUiBuiltInKeywords$click$0.call(Unknown Source)
	at Budget_Estimator_1year.run(Budget_Estimator_1year:109)
	at com.kms.katalon.core.main.ScriptEngine.run(ScriptEngine.java:194)
	at com.kms.katalon.core.main.ScriptEngine.runScriptAsRawText(ScriptEngine.java:119)
	at com.kms.katalon.core.main.TestCaseExecutor.runScript(TestCaseExecutor.java:448)
	at com.kms.katalon.core.main.TestCaseExecutor.doExecute(TestCaseExecutor.java:439)
	at com.kms.katalon.core.main.TestCaseExecutor.processExecutionPhase(TestCaseExecutor.java:418)
	at com.kms.katalon.core.main.TestCaseExecutor.accessMainPhase(TestCaseExecutor.java:410)
	at com.kms.katalon.core.main.TestCaseExecutor.execute(TestCaseExecutor.java:285)
	at com.kms.katalon.core.common.CommonExecutor.accessTestCaseMainPhase(CommonExecutor.java:65)
	at com.kms.katalon.core.main.TestSuiteExecutor.accessTestSuiteMainPhase(TestSuiteExecutor.java:151)
	at com.kms.katalon.core.main.TestSuiteExecutor.execute(TestSuiteExecutor.java:106)
	at com.kms.katalon.core.main.TestCaseMain.startTestSuite(TestCaseMain.java:185)
	at com.kms.katalon.core.main.TestCaseMain$startTestSuite$0.call(Unknown Source)
	at TempTestSuite1677106148180.run(TempTestSuite1677106148180.groovy:36)
Caused by: com.kms.katalon.core.webui.exception.WebElementNotFoundException: Web element with id: 'Object Repository/EBP_Object/Page_Streetlogix/Delete_Scenario_1' located by '/html/body/div[6]/div[3]/div/div[2]/div/div[2]/div[2]/div/div/div/div/div/div[1]/div[11]/div/span/button' not found
	at com.kms.katalon.core.webui.common.WebUiCommonHelper.findWebElement(WebUiCommonHelper.java:1370)
	at com.kms.katalon.core.webui.keyword.internal.WebUIAbstractKeyword.findWebElement(WebUIAbstractKeyword.groovy:27)
	at com.kms.katalon.core.webui.keyword.builtin.ClickKeyword$_click_closure1.doCall(ClickKeyword.groovy:65)
	at com.kms.katalon.core.webui.keyword.builtin.ClickKeyword$_click_closure1.call(ClickKeyword.groovy)
	at com.kms.katalon.core.webui.keyword.internal.WebUIKeywordMain.runKeyword(WebUIKeywordMain.groovy:20)
	at com.kms.katalon.core.webui.keyword.builtin.ClickKeyword.click(ClickKeyword.groovy:74)
	at com.kms.katalon.core.webui.keyword.builtin.ClickKeyword.execute(ClickKeyword.groovy:40)
	at com.kms.katalon.core.keyword.internal.KeywordExecutor.executeKeywordForPlatform(KeywordExecutor.groovy:74)
	at com.kms.katalon.core.webui.keyword.WebUiBuiltInKeywords.click(WebUiBuiltInKeywords.groovy:620)
	at com.kms.katalon.core.webui.keyword.WebUiBuiltInKeywords$click$0.call(Unknown Source)
	at Script1677046879141.run(Script1677046879141.groovy:109)
	... 13 more
)
[[ATTACHMENT|/Users/kashif/Downloads/Kashif/Katalon Studio/4.0_fresh/4.0 Fresh/Reports/20230223_034907/GIS/20230223_034908/1677108475319.png]]

2023-02-23 04:27:55 - [TEST_STEP][PASSED] - click(findTestObject("Object Repository/EBP_Object/Page_Streetlogix/span_Yes")): Object: 'Object Repository/EBP_Object/Page_Streetlogix/span_Yes' is clicked on

2023-02-23 04:27:56 - [MESSAGE][PASSED] - Object: 'Object Repository/EBP_Object/Page_Streetlogix/span_Yes' is clicked on

2023-02-23 04:27:56 - [TEST_STEP][PASSED] - isFileDownloaded("Streetlogix-EST-1.pdf"): null

2023-02-23 04:27:56 - [TEST_STEP][PASSED] - downloadPath = "/Users/kashif/Downloads": null

2023-02-23 04:27:56 - [TEST_STEP][PASSED] - dir = new java.io.File(downloadPath): null

2023-02-23 04:27:56 - [TEST_STEP][PASSED] - files = dir.listFiles(): null

2023-02-23 04:27:56 - [TEST_STEP][ERROR] - for (File file : files): Test Cases/GiS/Budget Estimator/Budget_Estimator_1year FAILED.
Reason:
groovy.lang.MissingPropertyException: No such property: KeywordUtil for class: Script1677046879141
	at Budget_Estimator_1year.isFileDownloaded(Budget_Estimator_1year:129)
	at Budget_Estimator_1year.run(Budget_Estimator_1year:114)
	at com.kms.katalon.core.main.ScriptEngine.run(ScriptEngine.java:194)
	at com.kms.katalon.core.main.ScriptEngine.runScriptAsRawText(ScriptEngine.java:119)
	at com.kms.katalon.core.main.TestCaseExecutor.runScript(TestCaseExecutor.java:448)
	at com.kms.katalon.core.main.TestCaseExecutor.doExecute(TestCaseExecutor.java:439)
	at com.kms.katalon.core.main.TestCaseExecutor.processExecutionPhase(TestCaseExecutor.java:418)
	at com.kms.katalon.core.main.TestCaseExecutor.accessMainPhase(TestCaseExecutor.java:410)
	at com.kms.katalon.core.main.TestCaseExecutor.execute(TestCaseExecutor.java:285)
	at com.kms.katalon.core.common.CommonExecutor.accessTestCaseMainPhase(CommonExecutor.java:65)
	at com.kms.katalon.core.main.TestSuiteExecutor.accessTestSuiteMainPhase(TestSuiteExecutor.java:151)
	at com.kms.katalon.core.main.TestSuiteExecutor.execute(TestSuiteExecutor.java:106)
	at com.kms.katalon.core.main.TestCaseMain.startTestSuite(TestCaseMain.java:185)
	at com.kms.katalon.core.main.TestCaseMain$startTestSuite$0.call(Unknown Source)
	at TempTestSuite1677106148180.run(TempTestSuite1677106148180.groovy:36)


2023-02-23 04:27:56 - [TEST_STEP][PASSED] - if (getName().equals(fileName)): null

2023-02-23 04:27:56 - [TEST_STEP][PASSED] - if (getName().equals(fileName)): null

2023-02-23 04:27:56 - [TEST_STEP][PASSED] - if (getName().equals(fileName)): null

2023-02-23 04:27:56 - [TEST_STEP][PASSED] - if (getName().equals(fileName)): null

2023-02-23 04:27:56 - [TEST_STEP][PASSED] - if (getName().equals(fileName)): null

2023-02-23 04:27:56 - [TEST_STEP][PASSED] - if (getName().equals(fileName)): null

2023-02-23 04:27:56 - [TEST_STEP][PASSED] - if (getName().equals(fileName)): null

2023-02-23 04:27:56 - [TEST_STEP][PASSED] - if (getName().equals(fileName)): null

2023-02-23 04:27:56 - [TEST_STEP][PASSED] - if (getName().equals(fileName)): null

2023-02-23 04:27:56 - [TEST_STEP][PASSED] - if (getName().equals(fileName)): null

2023-02-23 04:27:56 - [TEST_STEP][PASSED] - if (getName().equals(fileName)): null

2023-02-23 04:27:56 - [TEST_STEP][PASSED] - if (getName().equals(fileName)): null

2023-02-23 04:27:56 - [TEST_STEP][PASSED] - if (getName().equals(fileName)): null

2023-02-23 04:27:56 - [TEST_STEP][PASSED] - if (getName().equals(fileName)): null

2023-02-23 04:27:56 - [TEST_STEP][PASSED] - if (getName().equals(fileName)): null

2023-02-23 04:27:56 - [TEST_STEP][PASSED] - if (getName().equals(fileName)): null

2023-02-23 04:27:56 - [TEST_STEP][PASSED] - if (getName().equals(fileName)): null

2023-02-23 04:27:56 - [TEST_STEP][PASSED] - if (getName().equals(fileName)): null

2023-02-23 04:27:56 - [TEST_STEP][PASSED] - if (getName().equals(fileName)): null

2023-02-23 04:27:56 - [TEST_STEP][PASSED] - if (getName().equals(fileName)): null

2023-02-23 04:27:56 - [TEST_STEP][PASSED] - if (getName().equals(fileName)): null

2023-02-23 04:27:56 - [TEST_STEP][PASSED] - if (getName().equals(fileName)): null

2023-02-23 04:27:56 - [TEST_STEP][PASSED] - if (getName().equals(fileName)): null

2023-02-23 04:27:56 - [TEST_STEP][PASSED] - if (getName().equals(fileName)): null

2023-02-23 04:27:56 - [TEST_STEP][PASSED] - if (getName().equals(fileName)): null

2023-02-23 04:27:56 - [TEST_STEP][PASSED] - if (getName().equals(fileName)): null

2023-02-23 04:27:56 - [TEST_STEP][PASSED] - if (getName().equals(fileName)): null

2023-02-23 04:27:56 - [TEST_STEP][PASSED] - if (getName().equals(fileName)): null

2023-02-23 04:27:56 - [TEST_STEP][PASSED] - if (getName().equals(fileName)): null

2023-02-23 04:27:56 - [TEST_STEP][PASSED] - if (getName().equals(fileName)): null

2023-02-23 04:27:56 - [TEST_STEP][PASSED] - if (getName().equals(fileName)): null

2023-02-23 04:27:56 - [TEST_STEP][PASSED] - if (getName().equals(fileName)): null

2023-02-23 04:27:56 - [TEST_STEP][PASSED] - if (getName().equals(fileName)): null

2023-02-23 04:27:56 - [TEST_STEP][PASSED] - if (getName().equals(fileName)): null

2023-02-23 04:27:56 - [TEST_STEP][PASSED] - if (getName().equals(fileName)): null

2023-02-23 04:27:56 - [TEST_STEP][PASSED] - if (getName().equals(fileName)): null

2023-02-23 04:27:56 - [TEST_STEP][PASSED] - if (getName().equals(fileName)): null

2023-02-23 04:27:56 - [TEST_STEP][PASSED] - if (getName().equals(fileName)): null

2023-02-23 04:27:56 - [TEST_STEP][PASSED] - if (getName().equals(fileName)): null

2023-02-23 04:27:56 - [TEST_STEP][PASSED] - if (getName().equals(fileName)): null

2023-02-23 04:27:56 - [TEST_STEP][PASSED] - if (getName().equals(fileName)): null

2023-02-23 04:27:56 - [TEST_STEP][PASSED] - if (getName().equals(fileName)): null

2023-02-23 04:27:56 - [TEST_STEP][PASSED] - if (getName().equals(fileName)): null

2023-02-23 04:27:56 - [TEST_STEP][PASSED] - if (getName().equals(fileName)): null

2023-02-23 04:27:56 - [TEST_STEP][PASSED] - if (getName().equals(fileName)): null

2023-02-23 04:27:56 - [TEST_STEP][PASSED] - if (getName().equals(fileName)): null

2023-02-23 04:27:56 - [TEST_STEP][PASSED] - if (getName().equals(fileName)): null

2023-02-23 04:27:56 - [TEST_STEP][PASSED] - if (getName().equals(fileName)): null

2023-02-23 04:27:56 - [TEST_STEP][PASSED] - if (getName().equals(fileName)): null

2023-02-23 04:27:56 - [TEST_STEP][PASSED] - if (getName().equals(fileName)): null

2023-02-23 04:27:56 - [TEST_STEP][PASSED] - if (getName().equals(fileName)): null

2023-02-23 04:27:56 - [TEST_STEP][PASSED] - if (getName().equals(fileName)): null

2023-02-23 04:27:56 - [TEST_STEP][PASSED] - if (getName().equals(fileName)): null

2023-02-23 04:27:56 - [TEST_STEP][PASSED] - if (getName().equals(fileName)): null

2023-02-23 04:27:56 - [TEST_STEP][PASSED] - if (getName().equals(fileName)): null

2023-02-23 04:27:56 - [TEST_STEP][PASSED] - if (getName().equals(fileName)): null

2023-02-23 04:27:56 - [TEST_STEP][PASSED] - if (getName().equals(fileName)): null

2023-02-23 04:27:56 - [TEST_STEP][PASSED] - if (getName().equals(fileName)): null

2023-02-23 04:27:56 - [TEST_STEP][PASSED] - if (getName().equals(fileName)): null

2023-02-23 04:27:56 - [TEST_STEP][ERROR] - if (getName().equals(fileName)): Test Cases/GiS/Budget Estimator/Budget_Estimator_1year FAILED.
Reason:
groovy.lang.MissingPropertyException: No such property: KeywordUtil for class: Script1677046879141
	at Budget_Estimator_1year.isFileDownloaded(Budget_Estimator_1year:129)
	at Budget_Estimator_1year.run(Budget_Estimator_1year:114)
	at com.kms.katalon.core.main.ScriptEngine.run(ScriptEngine.java:194)
	at com.kms.katalon.core.main.ScriptEngine.runScriptAsRawText(ScriptEngine.java:119)
	at com.kms.katalon.core.main.TestCaseExecutor.runScript(TestCaseExecutor.java:448)
	at com.kms.katalon.core.main.TestCaseExecutor.doExecute(TestCaseExecutor.java:439)
	at com.kms.katalon.core.main.TestCaseExecutor.processExecutionPhase(TestCaseExecutor.java:418)
	at com.kms.katalon.core.main.TestCaseExecutor.accessMainPhase(TestCaseExecutor.java:410)
	at com.kms.katalon.core.main.TestCaseExecutor.execute(TestCaseExecutor.java:285)
	at com.kms.katalon.core.common.CommonExecutor.accessTestCaseMainPhase(CommonExecutor.java:65)
	at com.kms.katalon.core.main.TestSuiteExecutor.accessTestSuiteMainPhase(TestSuiteExecutor.java:151)
	at com.kms.katalon.core.main.TestSuiteExecutor.execute(TestSuiteExecutor.java:106)
	at com.kms.katalon.core.main.TestCaseMain.startTestSuite(TestCaseMain.java:185)
	at com.kms.katalon.core.main.TestCaseMain$startTestSuite$0.call(Unknown Source)
	at TempTestSuite1677106148180.run(TempTestSuite1677106148180.groovy:36)


2023-02-23 04:27:56 - [TEST_STEP][ERROR] - KeywordUtil.markPassed("File " + fileName + " exists in " + downloadPath): Test Cases/GiS/Budget Estimator/Budget_Estimator_1year FAILED.
Reason:
groovy.lang.MissingPropertyException: No such property: KeywordUtil for class: Script1677046879141
	at Budget_Estimator_1year.isFileDownloaded(Budget_Estimator_1year:129)
	at Budget_Estimator_1year.run(Budget_Estimator_1year:114)
	at com.kms.katalon.core.main.ScriptEngine.run(ScriptEngine.java:194)
	at com.kms.katalon.core.main.ScriptEngine.runScriptAsRawText(ScriptEngine.java:119)
	at com.kms.katalon.core.main.TestCaseExecutor.runScript(TestCaseExecutor.java:448)
	at com.kms.katalon.core.main.TestCaseExecutor.doExecute(TestCaseExecutor.java:439)
	at com.kms.katalon.core.main.TestCaseExecutor.processExecutionPhase(TestCaseExecutor.java:418)
	at com.kms.katalon.core.main.TestCaseExecutor.accessMainPhase(TestCaseExecutor.java:410)
	at com.kms.katalon.core.main.TestCaseExecutor.execute(TestCaseExecutor.java:285)
	at com.kms.katalon.core.common.CommonExecutor.accessTestCaseMainPhase(CommonExecutor.java:65)
	at com.kms.katalon.core.main.TestSuiteExecutor.accessTestSuiteMainPhase(TestSuiteExecutor.java:151)
	at com.kms.katalon.core.main.TestSuiteExecutor.execute(TestSuiteExecutor.java:106)
	at com.kms.katalon.core.main.TestCaseMain.startTestSuite(TestCaseMain.java:185)
	at com.kms.katalon.core.main.TestCaseMain$startTestSuite$0.call(Unknown Source)
	at TempTestSuite1677106148180.run(TempTestSuite1677106148180.groovy:36)


2023-02-23 04:27:56 - [MESSAGE][ERROR] - Test Cases/GiS/Budget Estimator/Budget_Estimator_1year FAILED.
Reason:
groovy.lang.MissingPropertyException: No such property: KeywordUtil for class: Script1677046879141
	at Budget_Estimator_1year.isFileDownloaded(Budget_Estimator_1year:129)
	at Budget_Estimator_1year.run(Budget_Estimator_1year:114)
	at com.kms.katalon.core.main.ScriptEngine.run(ScriptEngine.java:194)
	at com.kms.katalon.core.main.ScriptEngine.runScriptAsRawText(ScriptEngine.java:119)
	at com.kms.katalon.core.main.TestCaseExecutor.runScript(TestCaseExecutor.java:448)
	at com.kms.katalon.core.main.TestCaseExecutor.doExecute(TestCaseExecutor.java:439)
	at com.kms.katalon.core.main.TestCaseExecutor.processExecutionPhase(TestCaseExecutor.java:418)
	at com.kms.katalon.core.main.TestCaseExecutor.accessMainPhase(TestCaseExecutor.java:410)
	at com.kms.katalon.core.main.TestCaseExecutor.execute(TestCaseExecutor.java:285)
	at com.kms.katalon.core.common.CommonExecutor.accessTestCaseMainPhase(CommonExecutor.java:65)
	at com.kms.katalon.core.main.TestSuiteExecutor.accessTestSuiteMainPhase(TestSuiteExecutor.java:151)
	at com.kms.katalon.core.main.TestSuiteExecutor.execute(TestSuiteExecutor.java:106)
	at com.kms.katalon.core.main.TestCaseMain.startTestSuite(TestCaseMain.java:185)
	at com.kms.katalon.core.main.TestCaseMain$startTestSuite$0.call(Unknown Source)
	at TempTestSuite1677106148180.run(TempTestSuite1677106148180.groovy:36)


2023-02-23 04:27:56 - [TEST_STEP][PASSED] - Video: Video recording for test case 'Test Cases/GiS/Budget Estimator/Budget_Estimator_1year' .

2023-02-23 04:27:56 - [MESSAGE][INFO] - Video recording for test case 'Test Cases/GiS/Budget Estimator/Budget_Estimator_1year' .]]></system-out>
         <system-err><![CDATA[2023-02-23 04:23:47 - [TEST_CASE][FAILED] - Test Cases/GiS/Budget Estimator/Budget_Estimator_1year: Test Cases/GiS/Budget Estimator/Budget_Estimator_1year FAILED.
Reason:
com.kms.katalon.core.exception.StepFailedException: Unable to click on object 'Object Repository/EBP_Object/Page_Streetlogix/Estimator_summary' (Root cause: com.kms.katalon.core.exception.StepFailedException: Unable to click on object 'Object Repository/EBP_Object/Page_Streetlogix/Estimator_summary'
	at com.kms.katalon.core.webui.keyword.internal.WebUIKeywordMain.stepFailed(WebUIKeywordMain.groovy:64)
	at com.kms.katalon.core.webui.keyword.internal.WebUIKeywordMain.runKeyword(WebUIKeywordMain.groovy:26)
	at com.kms.katalon.core.webui.keyword.builtin.ClickKeyword.click(ClickKeyword.groovy:74)
	at com.kms.katalon.core.webui.keyword.builtin.ClickKeyword.execute(ClickKeyword.groovy:40)
	at com.kms.katalon.core.keyword.internal.KeywordExecutor.executeKeywordForPlatform(KeywordExecutor.groovy:74)
	at com.kms.katalon.core.webui.keyword.WebUiBuiltInKeywords.click(WebUiBuiltInKeywords.groovy:620)
	at com.kms.katalon.core.webui.keyword.WebUiBuiltInKeywords$click$0.call(Unknown Source)
	at Budget_Estimator_1year.run(Budget_Estimator_1year:71)
	at com.kms.katalon.core.main.ScriptEngine.run(ScriptEngine.java:194)
	at com.kms.katalon.core.main.ScriptEngine.runScriptAsRawText(ScriptEngine.java:119)
	at com.kms.katalon.core.main.TestCaseExecutor.runScript(TestCaseExecutor.java:448)
	at com.kms.katalon.core.main.TestCaseExecutor.doExecute(TestCaseExecutor.java:439)
	at com.kms.katalon.core.main.TestCaseExecutor.processExecutionPhase(TestCaseExecutor.java:418)
	at com.kms.katalon.core.main.TestCaseExecutor.accessMainPhase(TestCaseExecutor.java:410)
	at com.kms.katalon.core.main.TestCaseExecutor.execute(TestCaseExecutor.java:285)
	at com.kms.katalon.core.common.CommonExecutor.accessTestCaseMainPhase(CommonExecutor.java:65)
	at com.kms.katalon.core.main.TestSuiteExecutor.accessTestSuiteMainPhase(TestSuiteExecutor.java:151)
	at com.kms.katalon.core.main.TestSuiteExecutor.execute(TestSuiteExecutor.java:106)
	at com.kms.katalon.core.main.TestCaseMain.startTestSuite(TestCaseMain.java:185)
	at com.kms.katalon.core.main.TestCaseMain$startTestSuite$0.call(Unknown Source)
	at TempTestSuite1677106148180.run(TempTestSuite1677106148180.groovy:36)
Caused by: com.kms.katalon.core.webui.exception.WebElementNotFoundException: Web element with id: 'Object Repository/EBP_Object/Page_Streetlogix/Estimator_summary' located by '//*[(text() = '1 Years, Target rating 28.92' or . = '1 Years, Target rating 28.92')]' not found
	at com.kms.katalon.core.webui.common.WebUiCommonHelper.findWebElement(WebUiCommonHelper.java:1370)
	at com.kms.katalon.core.webui.keyword.internal.WebUIAbstractKeyword.findWebElement(WebUIAbstractKeyword.groovy:27)
	at com.kms.katalon.core.webui.keyword.builtin.ClickKeyword$_click_closure1.doCall(ClickKeyword.groovy:65)
	at com.kms.katalon.core.webui.keyword.builtin.ClickKeyword$_click_closure1.call(ClickKeyword.groovy)
	at com.kms.katalon.core.webui.keyword.internal.WebUIKeywordMain.runKeyword(WebUIKeywordMain.groovy:20)
	at com.kms.katalon.core.webui.keyword.builtin.ClickKeyword.click(ClickKeyword.groovy:74)
	at com.kms.katalon.core.webui.keyword.builtin.ClickKeyword.execute(ClickKeyword.groovy:40)
	at com.kms.katalon.core.keyword.internal.KeywordExecutor.executeKeywordForPlatform(KeywordExecutor.groovy:74)
	at com.kms.katalon.core.webui.keyword.WebUiBuiltInKeywords.click(WebUiBuiltInKeywords.groovy:620)
	at com.kms.katalon.core.webui.keyword.WebUiBuiltInKeywords$click$0.call(Unknown Source)
	at Script1677046879141.run(Script1677046879141.groovy:71)
	... 13 more
)
	at com.kms.katalon.core.keyword.internal.KeywordMain.stepFailed(KeywordMain.groovy:39)
	at com.kms.katalon.core.webui.keyword.internal.WebUIKeywordMain.stepFailed(WebUIKeywordMain.groovy:64)
	at com.kms.katalon.core.webui.keyword.internal.WebUIKeywordMain.runKeyword(WebUIKeywordMain.groovy:26)
	at com.kms.katalon.core.webui.keyword.builtin.ClickKeyword.click(ClickKeyword.groovy:74)
	at com.kms.katalon.core.webui.keyword.builtin.ClickKeyword.execute(ClickKeyword.groovy:40)
	at com.kms.katalon.core.keyword.internal.KeywordExecutor.executeKeywordForPlatform(KeywordExecutor.groovy:74)
	at com.kms.katalon.core.webui.keyword.WebUiBuiltInKeywords.click(WebUiBuiltInKeywords.groovy:620)
	at com.kms.katalon.core.webui.keyword.WebUiBuiltInKeywords$click$0.call(Unknown Source)
	at Budget_Estimator_1year.run(Budget_Estimator_1year:71)
	at com.kms.katalon.core.main.ScriptEngine.run(ScriptEngine.java:194)
	at com.kms.katalon.core.main.ScriptEngine.runScriptAsRawText(ScriptEngine.java:119)
	at com.kms.katalon.core.main.TestCaseExecutor.runScript(TestCaseExecutor.java:448)
	at com.kms.katalon.core.main.TestCaseExecutor.doExecute(TestCaseExecutor.java:439)
	at com.kms.katalon.core.main.TestCaseExecutor.processExecutionPhase(TestCaseExecutor.java:418)
	at com.kms.katalon.core.main.TestCaseExecutor.accessMainPhase(TestCaseExecutor.java:410)
	at com.kms.katalon.core.main.TestCaseExecutor.execute(TestCaseExecutor.java:285)
	at com.kms.katalon.core.common.CommonExecutor.accessTestCaseMainPhase(CommonExecutor.java:65)
	at com.kms.katalon.core.main.TestSuiteExecutor.accessTestSuiteMainPhase(TestSuiteExecutor.java:151)
	at com.kms.katalon.core.main.TestSuiteExecutor.execute(TestSuiteExecutor.java:106)
	at com.kms.katalon.core.main.TestCaseMain.startTestSuite(TestCaseMain.java:185)
	at com.kms.katalon.core.main.TestCaseMain$startTestSuite$0.call(Unknown Source)
	at TempTestSuite1677106148180.run(TempTestSuite1677106148180.groovy:36)
Caused by: com.kms.katalon.core.exception.StepFailedException: Unable to click on object 'Object Repository/EBP_Object/Page_Streetlogix/Estimator_summary'
	... 21 more
Caused by: com.kms.katalon.core.webui.exception.WebElementNotFoundException: Web element with id: 'Object Repository/EBP_Object/Page_Streetlogix/Estimator_summary' located by '//*[(text() = '1 Years, Target rating 28.92' or . = '1 Years, Target rating 28.92')]' not found
	at com.kms.katalon.core.webui.common.WebUiCommonHelper.findWebElement(WebUiCommonHelper.java:1370)
	at com.kms.katalon.core.webui.keyword.internal.WebUIAbstractKeyword.findWebElement(WebUIAbstractKeyword.groovy:27)
	at com.kms.katalon.core.webui.keyword.builtin.ClickKeyword$_click_closure1.doCall(ClickKeyword.groovy:65)
	at com.kms.katalon.core.webui.keyword.builtin.ClickKeyword$_click_closure1.call(ClickKeyword.groovy)
	at com.kms.katalon.core.webui.keyword.internal.WebUIKeywordMain.runKeyword(WebUIKeywordMain.groovy:20)
	... 19 more]]></system-err>
      </testcase>
      <system-out><![CDATA[2023-02-23 03:49:18 - [TEST_SUITE][FAILED] - GIS: Test Cases/Dashboard/Work Orders/Create_WO_System_Forms_Basic FAILED.
Reason:
com.kms.katalon.core.exception.StepFailedException: Unable to click on object 'Object Repository/WO_Dashboard/Page_Streetlogix  Dashboard/input_Select Group_mui-33912' (Root cause: com.kms.katalon.core.exception.StepFailedException: Unable to click on object 'Object Repository/WO_Dashboard/Page_Streetlogix  Dashboard/input_Select Group_mui-33912'
	at com.kms.katalon.core.webui.keyword.internal.WebUIKeywordMain.stepFailed(WebUIKeywordMain.groovy:64)
	at com.kms.katalon.core.webui.keyword.internal.WebUIKeywordMain.runKeyword(WebUIKeywordMain.groovy:26)
	at com.kms.katalon.core.webui.keyword.builtin.ClickKeyword.click(ClickKeyword.groovy:74)
	at com.kms.katalon.core.webui.keyword.builtin.ClickKeyword.execute(ClickKeyword.groovy:40)
	at com.kms.katalon.core.keyword.internal.KeywordExecutor.executeKeywordForPlatform(KeywordExecutor.groovy:74)
	at com.kms.katalon.core.webui.keyword.WebUiBuiltInKeywords.click(WebUiBuiltInKeywords.groovy:620)
	at com.kms.katalon.core.webui.keyword.WebUiBuiltInKeywords$click$0.call(Unknown Source)
	at Create_WO_System_Forms_Basic.run(Create_WO_System_Forms_Basic:28)
	at com.kms.katalon.core.main.ScriptEngine.run(ScriptEngine.java:194)
	at com.kms.katalon.core.main.ScriptEngine.runScriptAsRawText(ScriptEngine.java:119)
	at com.kms.katalon.core.main.TestCaseExecutor.runScript(TestCaseExecutor.java:448)
	at com.kms.katalon.core.main.TestCaseExecutor.doExecute(TestCaseExecutor.java:439)
	at com.kms.katalon.core.main.TestCaseExecutor.processExecutionPhase(TestCaseExecutor.java:418)
	at com.kms.katalon.core.main.TestCaseExecutor.accessMainPhase(TestCaseExecutor.java:410)
	at com.kms.katalon.core.main.TestCaseExecutor.execute(TestCaseExecutor.java:285)
	at com.kms.katalon.core.common.CommonExecutor.accessTestCaseMainPhase(CommonExecutor.java:65)
	at com.kms.katalon.core.main.TestSuiteExecutor.accessTestSuiteMainPhase(TestSuiteExecutor.java:151)
	at com.kms.katalon.core.main.TestSuiteExecutor.execute(TestSuiteExecutor.java:106)
	at com.kms.katalon.core.main.TestCaseMain.startTestSuite(TestCaseMain.java:185)
	at com.kms.katalon.core.main.TestCaseMain$startTestSuite$0.call(Unknown Source)
	at TempTestSuite1677106148180.run(TempTestSuite1677106148180.groovy:36)
Caused by: org.openqa.selenium.ElementNotInteractableException: element not interactable
  (Session info: chrome=110.0.5481.100)
Build info: version: '3.141.59', revision: 'e82be7d358', time: '2018-11-14T08:25:53'
System info: host: 'Kashifs-MacBook-Pro.local', ip: 'fe80:0:0:0:2a:e350:6cb0:c073%en0', os.name: 'Mac OS X', os.arch: 'x86_64', os.version: '10.16', java.version: '1.8.0_275'
Driver info: com.kms.katalon.selenium.driver.CChromeDriver
Capabilities {acceptInsecureCerts: false, browserName: chrome, browserVersion: 110.0.5481.100, chrome: {chromedriverVersion: 109.0.5414.74 (e7c5703604da..., userDataDir: /var/folders/d5/lp70b0s53sb...}, goog:chromeOptions: {debuggerAddress: localhost:64802}, javascriptEnabled: true, networkConnectionEnabled: false, pageLoadStrategy: normal, platform: MAC, platformName: MAC, proxy: Proxy(), setWindowRect: true, strictFileInteractability: false, timeouts: {implicit: 0, pageLoad: 300000, script: 30000}, unhandledPromptBehavior: dismiss and notify, webauthn:extension:credBlob: true, webauthn:extension:largeBlob: true, webauthn:virtualAuthenticators: true}
Session ID: e9faa82761f8f27c495c5d806a5809d5
	at org.openqa.selenium.remote.http.W3CHttpResponseCodec.createException(W3CHttpResponseCodec.java:187)
	at org.openqa.selenium.remote.http.W3CHttpResponseCodec.decode(W3CHttpResponseCodec.java:122)
	at org.openqa.selenium.remote.http.W3CHttpResponseCodec.decode(W3CHttpResponseCodec.java:49)
	at org.openqa.selenium.remote.HttpCommandExecutor.execute(HttpCommandExecutor.java:158)
	at org.openqa.selenium.remote.service.DriverCommandExecutor.execute(DriverCommandExecutor.java:83)
	at org.openqa.selenium.remote.RemoteWebDriver.execute(RemoteWebDriver.java:552)
	at com.kms.katalon.selenium.driver.CChromeDriver.execute(CChromeDriver.java:19)
	at org.openqa.selenium.remote.RemoteWebElement.execute(RemoteWebElement.java:285)
	at org.openqa.selenium.remote.RemoteWebElement.click(RemoteWebElement.java:84)
	at org.openqa.selenium.support.events.EventFiringWebDriver$EventFiringWebElement.lambda$new$0(EventFiringWebDriver.java:404)
	at com.sun.proxy.$Proxy20.click(Unknown Source)
	at org.openqa.selenium.support.events.EventFiringWebDriver$EventFiringWebElement.click(EventFiringWebDriver.java:417)
	at org.openqa.selenium.WebElement$click.call(Unknown Source)
	at com.kms.katalon.core.webui.keyword.builtin.ClickKeyword.clickUntilSuccessWithTimeout(ClickKeyword.groovy:81)
	at com.kms.katalon.core.webui.keyword.builtin.ClickKeyword.clickUntilSuccessWithTimeout(ClickKeyword.groovy)
	at com.kms.katalon.core.webui.keyword.builtin.ClickKeyword$_click_closure1.doCall(ClickKeyword.groovy:67)
	at com.kms.katalon.core.webui.keyword.builtin.ClickKeyword$_click_closure1.call(ClickKeyword.groovy)
	at com.kms.katalon.core.webui.keyword.internal.WebUIKeywordMain.runKeyword(WebUIKeywordMain.groovy:20)
	at com.kms.katalon.core.webui.keyword.builtin.ClickKeyword.click(ClickKeyword.groovy:74)
	at com.kms.katalon.core.webui.keyword.builtin.ClickKeyword.execute(ClickKeyword.groovy:40)
	at com.kms.katalon.core.keyword.internal.KeywordExecutor.executeKeywordForPlatform(KeywordExecutor.groovy:74)
	at com.kms.katalon.core.webui.keyword.WebUiBuiltInKeywords.click(WebUiBuiltInKeywords.groovy:620)
	at com.kms.katalon.core.webui.keyword.WebUiBuiltInKeywords$click$0.call(Unknown Source)
	at Script1676460691936.run(Script1676460691936.groovy:28)
	... 13 more
)
	at com.kms.katalon.core.keyword.internal.KeywordMain.stepFailed(KeywordMain.groovy:39)
	at com.kms.katalon.core.webui.keyword.internal.WebUIKeywordMain.stepFailed(WebUIKeywordMain.groovy:64)
	at com.kms.katalon.core.webui.keyword.internal.WebUIKeywordMain.runKeyword(WebUIKeywordMain.groovy:26)
	at com.kms.katalon.core.webui.keyword.builtin.ClickKeyword.click(ClickKeyword.groovy:74)
	at com.kms.katalon.core.webui.keyword.builtin.ClickKeyword.execute(ClickKeyword.groovy:40)
	at com.kms.katalon.core.keyword.internal.KeywordExecutor.executeKeywordForPlatform(KeywordExecutor.groovy:74)
	at com.kms.katalon.core.webui.keyword.WebUiBuiltInKeywords.click(WebUiBuiltInKeywords.groovy:620)
	at com.kms.katalon.core.webui.keyword.WebUiBuiltInKeywords$click$0.call(Unknown Source)
	at Create_WO_System_Forms_Basic.run(Create_WO_System_Forms_Basic:28)
	at com.kms.katalon.core.main.ScriptEngine.run(ScriptEngine.java:194)
	at com.kms.katalon.core.main.ScriptEngine.runScriptAsRawText(ScriptEngine.java:119)
	at com.kms.katalon.core.main.TestCaseExecutor.runScript(TestCaseExecutor.java:448)
	at com.kms.katalon.core.main.TestCaseExecutor.doExecute(TestCaseExecutor.java:439)
	at com.kms.katalon.core.main.TestCaseExecutor.processExecutionPhase(TestCaseExecutor.java:418)
	at com.kms.katalon.core.main.TestCaseExecutor.accessMainPhase(TestCaseExecutor.java:410)
	at com.kms.katalon.core.main.TestCaseExecutor.execute(TestCaseExecutor.java:285)
	at com.kms.katalon.core.common.CommonExecutor.accessTestCaseMainPhase(CommonExecutor.java:65)
	at com.kms.katalon.core.main.TestSuiteExecutor.accessTestSuiteMainPhase(TestSuiteExecutor.java:151)
	at com.kms.katalon.core.main.TestSuiteExecutor.execute(TestSuiteExecutor.java:106)
	at com.kms.katalon.core.main.TestCaseMain.startTestSuite(TestCaseMain.java:185)
	at com.kms.katalon.core.main.TestCaseMain$startTestSuite$0.call(Unknown Source)
	at TempTestSuite1677106148180.run(TempTestSuite1677106148180.groovy:36)
Caused by: com.kms.katalon.core.exception.StepFailedException: Unable to click on object 'Object Repository/WO_Dashboard/Page_Streetlogix  Dashboard/input_Select Group_mui-33912'
	... 21 more
Caused by: org.openqa.selenium.ElementNotInteractableException: element not interactable
  (Session info: chrome=110.0.5481.100)
Build info: version: '3.141.59', revision: 'e82be7d358', time: '2018-11-14T08:25:53'
System info: host: 'Kashifs-MacBook-Pro.local', ip: 'fe80:0:0:0:2a:e350:6cb0:c073%en0', os.name: 'Mac OS X', os.arch: 'x86_64', os.version: '10.16', java.version: '1.8.0_275'
Driver info: com.kms.katalon.selenium.driver.CChromeDriver
Capabilities {acceptInsecureCerts: false, browserName: chrome, browserVersion: 110.0.5481.100, chrome: {chromedriverVersion: 109.0.5414.74 (e7c5703604da..., userDataDir: /var/folders/d5/lp70b0s53sb...}, goog:chromeOptions: {debuggerAddress: localhost:64802}, javascriptEnabled: true, networkConnectionEnabled: false, pageLoadStrategy: normal, platform: MAC, platformName: MAC, proxy: Proxy(), setWindowRect: true, strictFileInteractability: false, timeouts: {implicit: 0, pageLoad: 300000, script: 30000}, unhandledPromptBehavior: dismiss and notify, webauthn:extension:credBlob: true, webauthn:extension:largeBlob: true, webauthn:virtualAuthenticators: true}
Session ID: e9faa82761f8f27c495c5d806a5809d5
	at org.openqa.selenium.remote.http.W3CHttpResponseCodec.createException(W3CHttpResponseCodec.java:187)
	at org.openqa.selenium.remote.http.W3CHttpResponseCodec.decode(W3CHttpResponseCodec.java:122)
	at org.openqa.selenium.remote.http.W3CHttpResponseCodec.decode(W3CHttpResponseCodec.java:49)
	at org.openqa.selenium.remote.HttpCommandExecutor.execute(HttpCommandExecutor.java:158)
	at org.openqa.selenium.remote.service.DriverCommandExecutor.execute(DriverCommandExecutor.java:83)
	at org.openqa.selenium.remote.RemoteWebDriver.execute(RemoteWebDriver.java:552)
	at com.kms.katalon.selenium.driver.CChromeDriver.execute(CChromeDriver.java:19)
	at org.openqa.selenium.remote.RemoteWebElement.execute(RemoteWebElement.java:285)
	at org.openqa.selenium.remote.RemoteWebElement.click(RemoteWebElement.java:84)
	at org.openqa.selenium.support.events.EventFiringWebDriver$EventFiringWebElement.lambda$new$0(EventFiringWebDriver.java:404)
	at com.sun.proxy.$Proxy20.click(Unknown Source)
	at org.openqa.selenium.support.events.EventFiringWebDriver$EventFiringWebElement.click(EventFiringWebDriver.java:417)
	at org.openqa.selenium.WebElement$click.call(Unknown Source)
	at com.kms.katalon.core.webui.keyword.builtin.ClickKeyword.clickUntilSuccessWithTimeout(ClickKeyword.groovy:81)
	at com.kms.katalon.core.webui.keyword.builtin.ClickKeyword.clickUntilSuccessWithTimeout(ClickKeyword.groovy)
	at com.kms.katalon.core.webui.keyword.builtin.ClickKeyword$_click_closure1.doCall(ClickKeyword.groovy:67)
	at com.kms.katalon.core.webui.keyword.builtin.ClickKeyword$_click_closure1.call(ClickKeyword.groovy)
	at com.kms.katalon.core.webui.keyword.internal.WebUIKeywordMain.runKeyword(WebUIKeywordMain.groovy:20)
	... 19 more]]></system-out>
      <system-err><![CDATA[2023-02-23 03:49:18 - [TEST_SUITE][FAILED] - GIS: Test Cases/Dashboard/Work Orders/Create_WO_System_Forms_Basic FAILED.
Reason:
com.kms.katalon.core.exception.StepFailedException: Unable to click on object 'Object Repository/WO_Dashboard/Page_Streetlogix  Dashboard/input_Select Group_mui-33912' (Root cause: com.kms.katalon.core.exception.StepFailedException: Unable to click on object 'Object Repository/WO_Dashboard/Page_Streetlogix  Dashboard/input_Select Group_mui-33912'
	at com.kms.katalon.core.webui.keyword.internal.WebUIKeywordMain.stepFailed(WebUIKeywordMain.groovy:64)
	at com.kms.katalon.core.webui.keyword.internal.WebUIKeywordMain.runKeyword(WebUIKeywordMain.groovy:26)
	at com.kms.katalon.core.webui.keyword.builtin.ClickKeyword.click(ClickKeyword.groovy:74)
	at com.kms.katalon.core.webui.keyword.builtin.ClickKeyword.execute(ClickKeyword.groovy:40)
	at com.kms.katalon.core.keyword.internal.KeywordExecutor.executeKeywordForPlatform(KeywordExecutor.groovy:74)
	at com.kms.katalon.core.webui.keyword.WebUiBuiltInKeywords.click(WebUiBuiltInKeywords.groovy:620)
	at com.kms.katalon.core.webui.keyword.WebUiBuiltInKeywords$click$0.call(Unknown Source)
	at Create_WO_System_Forms_Basic.run(Create_WO_System_Forms_Basic:28)
	at com.kms.katalon.core.main.ScriptEngine.run(ScriptEngine.java:194)
	at com.kms.katalon.core.main.ScriptEngine.runScriptAsRawText(ScriptEngine.java:119)
	at com.kms.katalon.core.main.TestCaseExecutor.runScript(TestCaseExecutor.java:448)
	at com.kms.katalon.core.main.TestCaseExecutor.doExecute(TestCaseExecutor.java:439)
	at com.kms.katalon.core.main.TestCaseExecutor.processExecutionPhase(TestCaseExecutor.java:418)
	at com.kms.katalon.core.main.TestCaseExecutor.accessMainPhase(TestCaseExecutor.java:410)
	at com.kms.katalon.core.main.TestCaseExecutor.execute(TestCaseExecutor.java:285)
	at com.kms.katalon.core.common.CommonExecutor.accessTestCaseMainPhase(CommonExecutor.java:65)
	at com.kms.katalon.core.main.TestSuiteExecutor.accessTestSuiteMainPhase(TestSuiteExecutor.java:151)
	at com.kms.katalon.core.main.TestSuiteExecutor.execute(TestSuiteExecutor.java:106)
	at com.kms.katalon.core.main.TestCaseMain.startTestSuite(TestCaseMain.java:185)
	at com.kms.katalon.core.main.TestCaseMain$startTestSuite$0.call(Unknown Source)
	at TempTestSuite1677106148180.run(TempTestSuite1677106148180.groovy:36)
Caused by: org.openqa.selenium.ElementNotInteractableException: element not interactable
  (Session info: chrome=110.0.5481.100)
Build info: version: '3.141.59', revision: 'e82be7d358', time: '2018-11-14T08:25:53'
System info: host: 'Kashifs-MacBook-Pro.local', ip: 'fe80:0:0:0:2a:e350:6cb0:c073%en0', os.name: 'Mac OS X', os.arch: 'x86_64', os.version: '10.16', java.version: '1.8.0_275'
Driver info: com.kms.katalon.selenium.driver.CChromeDriver
Capabilities {acceptInsecureCerts: false, browserName: chrome, browserVersion: 110.0.5481.100, chrome: {chromedriverVersion: 109.0.5414.74 (e7c5703604da..., userDataDir: /var/folders/d5/lp70b0s53sb...}, goog:chromeOptions: {debuggerAddress: localhost:64802}, javascriptEnabled: true, networkConnectionEnabled: false, pageLoadStrategy: normal, platform: MAC, platformName: MAC, proxy: Proxy(), setWindowRect: true, strictFileInteractability: false, timeouts: {implicit: 0, pageLoad: 300000, script: 30000}, unhandledPromptBehavior: dismiss and notify, webauthn:extension:credBlob: true, webauthn:extension:largeBlob: true, webauthn:virtualAuthenticators: true}
Session ID: e9faa82761f8f27c495c5d806a5809d5
	at org.openqa.selenium.remote.http.W3CHttpResponseCodec.createException(W3CHttpResponseCodec.java:187)
	at org.openqa.selenium.remote.http.W3CHttpResponseCodec.decode(W3CHttpResponseCodec.java:122)
	at org.openqa.selenium.remote.http.W3CHttpResponseCodec.decode(W3CHttpResponseCodec.java:49)
	at org.openqa.selenium.remote.HttpCommandExecutor.execute(HttpCommandExecutor.java:158)
	at org.openqa.selenium.remote.service.DriverCommandExecutor.execute(DriverCommandExecutor.java:83)
	at org.openqa.selenium.remote.RemoteWebDriver.execute(RemoteWebDriver.java:552)
	at com.kms.katalon.selenium.driver.CChromeDriver.execute(CChromeDriver.java:19)
	at org.openqa.selenium.remote.RemoteWebElement.execute(RemoteWebElement.java:285)
	at org.openqa.selenium.remote.RemoteWebElement.click(RemoteWebElement.java:84)
	at org.openqa.selenium.support.events.EventFiringWebDriver$EventFiringWebElement.lambda$new$0(EventFiringWebDriver.java:404)
	at com.sun.proxy.$Proxy20.click(Unknown Source)
	at org.openqa.selenium.support.events.EventFiringWebDriver$EventFiringWebElement.click(EventFiringWebDriver.java:417)
	at org.openqa.selenium.WebElement$click.call(Unknown Source)
	at com.kms.katalon.core.webui.keyword.builtin.ClickKeyword.clickUntilSuccessWithTimeout(ClickKeyword.groovy:81)
	at com.kms.katalon.core.webui.keyword.builtin.ClickKeyword.clickUntilSuccessWithTimeout(ClickKeyword.groovy)
	at com.kms.katalon.core.webui.keyword.builtin.ClickKeyword$_click_closure1.doCall(ClickKeyword.groovy:67)
	at com.kms.katalon.core.webui.keyword.builtin.ClickKeyword$_click_closure1.call(ClickKeyword.groovy)
	at com.kms.katalon.core.webui.keyword.internal.WebUIKeywordMain.runKeyword(WebUIKeywordMain.groovy:20)
	at com.kms.katalon.core.webui.keyword.builtin.ClickKeyword.click(ClickKeyword.groovy:74)
	at com.kms.katalon.core.webui.keyword.builtin.ClickKeyword.execute(ClickKeyword.groovy:40)
	at com.kms.katalon.core.keyword.internal.KeywordExecutor.executeKeywordForPlatform(KeywordExecutor.groovy:74)
	at com.kms.katalon.core.webui.keyword.WebUiBuiltInKeywords.click(WebUiBuiltInKeywords.groovy:620)
	at com.kms.katalon.core.webui.keyword.WebUiBuiltInKeywords$click$0.call(Unknown Source)
	at Script1676460691936.run(Script1676460691936.groovy:28)
	... 13 more
)
	at com.kms.katalon.core.keyword.internal.KeywordMain.stepFailed(KeywordMain.groovy:39)
	at com.kms.katalon.core.webui.keyword.internal.WebUIKeywordMain.stepFailed(WebUIKeywordMain.groovy:64)
	at com.kms.katalon.core.webui.keyword.internal.WebUIKeywordMain.runKeyword(WebUIKeywordMain.groovy:26)
	at com.kms.katalon.core.webui.keyword.builtin.ClickKeyword.click(ClickKeyword.groovy:74)
	at com.kms.katalon.core.webui.keyword.builtin.ClickKeyword.execute(ClickKeyword.groovy:40)
	at com.kms.katalon.core.keyword.internal.KeywordExecutor.executeKeywordForPlatform(KeywordExecutor.groovy:74)
	at com.kms.katalon.core.webui.keyword.WebUiBuiltInKeywords.click(WebUiBuiltInKeywords.groovy:620)
	at com.kms.katalon.core.webui.keyword.WebUiBuiltInKeywords$click$0.call(Unknown Source)
	at Create_WO_System_Forms_Basic.run(Create_WO_System_Forms_Basic:28)
	at com.kms.katalon.core.main.ScriptEngine.run(ScriptEngine.java:194)
	at com.kms.katalon.core.main.ScriptEngine.runScriptAsRawText(ScriptEngine.java:119)
	at com.kms.katalon.core.main.TestCaseExecutor.runScript(TestCaseExecutor.java:448)
	at com.kms.katalon.core.main.TestCaseExecutor.doExecute(TestCaseExecutor.java:439)
	at com.kms.katalon.core.main.TestCaseExecutor.processExecutionPhase(TestCaseExecutor.java:418)
	at com.kms.katalon.core.main.TestCaseExecutor.accessMainPhase(TestCaseExecutor.java:410)
	at com.kms.katalon.core.main.TestCaseExecutor.execute(TestCaseExecutor.java:285)
	at com.kms.katalon.core.common.CommonExecutor.accessTestCaseMainPhase(CommonExecutor.java:65)
	at com.kms.katalon.core.main.TestSuiteExecutor.accessTestSuiteMainPhase(TestSuiteExecutor.java:151)
	at com.kms.katalon.core.main.TestSuiteExecutor.execute(TestSuiteExecutor.java:106)
	at com.kms.katalon.core.main.TestCaseMain.startTestSuite(TestCaseMain.java:185)
	at com.kms.katalon.core.main.TestCaseMain$startTestSuite$0.call(Unknown Source)
	at TempTestSuite1677106148180.run(TempTestSuite1677106148180.groovy:36)
Caused by: com.kms.katalon.core.exception.StepFailedException: Unable to click on object 'Object Repository/WO_Dashboard/Page_Streetlogix  Dashboard/input_Select Group_mui-33912'
	... 21 more
Caused by: org.openqa.selenium.ElementNotInteractableException: element not interactable
  (Session info: chrome=110.0.5481.100)
Build info: version: '3.141.59', revision: 'e82be7d358', time: '2018-11-14T08:25:53'
System info: host: 'Kashifs-MacBook-Pro.local', ip: 'fe80:0:0:0:2a:e350:6cb0:c073%en0', os.name: 'Mac OS X', os.arch: 'x86_64', os.version: '10.16', java.version: '1.8.0_275'
Driver info: com.kms.katalon.selenium.driver.CChromeDriver
Capabilities {acceptInsecureCerts: false, browserName: chrome, browserVersion: 110.0.5481.100, chrome: {chromedriverVersion: 109.0.5414.74 (e7c5703604da..., userDataDir: /var/folders/d5/lp70b0s53sb...}, goog:chromeOptions: {debuggerAddress: localhost:64802}, javascriptEnabled: true, networkConnectionEnabled: false, pageLoadStrategy: normal, platform: MAC, platformName: MAC, proxy: Proxy(), setWindowRect: true, strictFileInteractability: false, timeouts: {implicit: 0, pageLoad: 300000, script: 30000}, unhandledPromptBehavior: dismiss and notify, webauthn:extension:credBlob: true, webauthn:extension:largeBlob: true, webauthn:virtualAuthenticators: true}
Session ID: e9faa82761f8f27c495c5d806a5809d5
	at org.openqa.selenium.remote.http.W3CHttpResponseCodec.createException(W3CHttpResponseCodec.java:187)
	at org.openqa.selenium.remote.http.W3CHttpResponseCodec.decode(W3CHttpResponseCodec.java:122)
	at org.openqa.selenium.remote.http.W3CHttpResponseCodec.decode(W3CHttpResponseCodec.java:49)
	at org.openqa.selenium.remote.HttpCommandExecutor.execute(HttpCommandExecutor.java:158)
	at org.openqa.selenium.remote.service.DriverCommandExecutor.execute(DriverCommandExecutor.java:83)
	at org.openqa.selenium.remote.RemoteWebDriver.execute(RemoteWebDriver.java:552)
	at com.kms.katalon.selenium.driver.CChromeDriver.execute(CChromeDriver.java:19)
	at org.openqa.selenium.remote.RemoteWebElement.execute(RemoteWebElement.java:285)
	at org.openqa.selenium.remote.RemoteWebElement.click(RemoteWebElement.java:84)
	at org.openqa.selenium.support.events.EventFiringWebDriver$EventFiringWebElement.lambda$new$0(EventFiringWebDriver.java:404)
	at com.sun.proxy.$Proxy20.click(Unknown Source)
	at org.openqa.selenium.support.events.EventFiringWebDriver$EventFiringWebElement.click(EventFiringWebDriver.java:417)
	at org.openqa.selenium.WebElement$click.call(Unknown Source)
	at com.kms.katalon.core.webui.keyword.builtin.ClickKeyword.clickUntilSuccessWithTimeout(ClickKeyword.groovy:81)
	at com.kms.katalon.core.webui.keyword.builtin.ClickKeyword.clickUntilSuccessWithTimeout(ClickKeyword.groovy)
	at com.kms.katalon.core.webui.keyword.builtin.ClickKeyword$_click_closure1.doCall(ClickKeyword.groovy:67)
	at com.kms.katalon.core.webui.keyword.builtin.ClickKeyword$_click_closure1.call(ClickKeyword.groovy)
	at com.kms.katalon.core.webui.keyword.internal.WebUIKeywordMain.runKeyword(WebUIKeywordMain.groovy:20)
	... 19 more]]></system-err>
   </testsuite>
</testsuites>
